Array
(
    [CplexRunTime] => Total (root+branch&cut) =    0,08 sec
    [status] => OPTIMAL
    [termination_reason] => OPTIMAL
    [mip_gap] => 0
    [Result] => Array
        (
            [Objective] => 60396
            [TotalCost] => 60373
            [LeadTime] => 23
            [Emissions] => 1503000
        )

    [TS] => 60372.725
    [CS] => 60260
    [TaxCost] => 112.725
    [A] => Array
        (
            [0] => 0
            [1] => 2
            [2] => 5
            [3] => 6
            [4] => 4
            [5] => 6
        )

    [X] => Array
        (
            [0] => 0
            [1] => 1
            [2] => 1
            [3] => 1
            [4] => 1
            [5] => 1
        )

    [Z] => Array
        (
            [0] => 0
            [1] => 0
            [2] => 0
            [3] => 0
            [4] => 0
            [5] => 0
            [6] => 0
            [7] => 0
            [8] => 0
            [9] => 0
            [10] => 0
            [11] => 0
            [12] => 0
            [13] => 0
            [14] => 0
            [15] => 0
            [16] => 0
            [17] => 0
            [18] => 0
            [19] => 0
            [20] => 0
            [21] => 0
            [22] => 0
            [23] => 0
            [24] => 0
            [25] => 0
            [26] => 0
            [27] => 0
            [28] => 0
            [29] => 1
            [30] => 0
            [31] => 0
            [32] => 0
            [33] => 0
            [34] => 0
            [35] => 0
            [36] => 0
            [37] => 0
            [38] => 0
            [39] => 0
            [40] => 0
            [41] => 0
            [42] => 1
            [43] => 1
            [44] => 0
            [45] => 0
            [46] => 0
            [47] => 0
            [48] => 0
            [49] => 0
            [50] => 0
            [51] => 0
            [52] => 0
            [53] => 1
            [54] => 0
            [55] => 0
            [56] => 0
            [57] => 0
            [58] => 0
            [59] => 0
        )

    [Q] => Array
        (
            [0] => 0
            [1] => 0
            [2] => 0
            [3] => 0
            [4] => 0
            [5] => 0
            [6] => 0
            [7] => 0
            [8] => 0
            [9] => 0
            [10] => 0
            [11] => 0
            [12] => 0
            [13] => 0
            [14] => 0
            [15] => 0
            [16] => 0
            [17] => 0
            [18] => 0
            [19] => 0
            [20] => 0
            [21] => 0
            [22] => 0
            [23] => 0
            [24] => 0
            [25] => 0
            [26] => 0
            [27] => 0
            [28] => 0
            [29] => 20
            [30] => 0
            [31] => 0
            [32] => 0
            [33] => 0
            [34] => 0
            [35] => 0
            [36] => 0
            [37] => 0
            [38] => 0
            [39] => 0
            [40] => 0
            [41] => 0
            [42] => 40
            [43] => 80
            [44] => 0
            [45] => 0
            [46] => 0
            [47] => 0
            [48] => 0
            [49] => 0
            [50] => 0
            [51] => 0
            [52] => 0
            [53] => 40
            [54] => 0
            [55] => 0
            [56] => 0
            [57] => 0
            [58] => 0
            [59] => 0
        )

    [E] => 1503000
    [Cap] => 2199150
    [Tax] => 75
    [DELIVER] => Array
        (
            [0] => S10=>P2
            [1] => S3=>P4
            [2] => S4=>P4
            [3] => S4=>P5
        )

    [_raw_output] => 
<<< setup

0 0 -1 0 0 0.25 0.5 0.8 1 0 0 0 0  14
1 2 0 700 1 0.25 0.5 0.8 1 0 7000 700 1500  14
2 4 1 165 1 0.25 0.5 0.8 1 0 5000 500 1500  14
3 6 1 100 2 0.25 0.5 0.8 1 0 3500 350 1500  14
4 3 3 25 6 0.25 0.5 0.8 1 0 3000 300 1500  14
5 5 3 30 2 0.25 0.5 0.8 1 0 2500 250 1500  14
Node nums: [0 1 2 3 4 5]
xx-Data uploaded-xx
	**** start init su array ...
0 [0 0 0 0 0 0 0 0 0 0]
1 [0 0 0 0 0 0 0 0 0 0]
2 [1 1 1 1 1 1 1 1 1 1]
3 [0 0 0 0 0 0 0 0 0 0]
4 [1 1 1 1 1 1 1 1 1 1]
5 [1 1 1 1 1 1 1 1 1 1]
	**** end init su array ...
1 2 1 100 80 0.85 0.92 0.8 (9)9
2 2 0.9 60 75 0.82 0.90 0.9 (9)9
3 1 1.1 80 90 0.88 0.95 0.5 (9)9
4 1 1 80 100 0.86 0.93 0.6 (9)9
5 5 0.6 50 40 0.72 0.78 1.5 (9)9
6 6 0.5 60 45 0.70 0.75 2.0 (9)9
7 7 0.5 80 40 0.68 0.72 2.5 (9)9
8 5 0.3 25 30 0.65 0.70 1.8 (9)9
9 9 0.2 250 15 0.60 0.65 3.5 (9)9
10 1 0.8 30 40 0.80 0.88 0.7 (9)9

<<< generate

Version identifier: 20.1.0.0 | 2020-11-10 | 9bedb6d68
CPXPARAM_TimeLimit                               300
Tried aggregator 2 times.
MIP Presolve eliminated 419 rows and 93 columns.
MIP Presolve modified 119 coefficients.
Aggregator did 5 substitutions.
Reduced MIP has 200 rows, 100 columns, and 542 nonzeros.
Reduced MIP has 34 binaries, 66 generals, 0 SOSs, and 0 indicators.
Presolve time = 0,00 sec. (1,24 ticks)
Probing time = 0,00 sec. (0,07 ticks)
Cover probing fixed 0 vars, tightened 3 bounds.
Tried aggregator 1 time.
Detecting symmetries...
MIP Presolve eliminated 9 rows and 0 columns.
MIP Presolve modified 108 coefficients.
Reduced MIP has 191 rows, 100 columns, and 524 nonzeros.
Reduced MIP has 34 binaries, 66 generals, 0 SOSs, and 0 indicators.
Presolve time = 0,00 sec. (0,50 ticks)
Probing time = 0,00 sec. (0,07 ticks)
Clique table members: 2.
MIP emphasis: balance optimality and feasibility.
MIP search method: dynamic search.
Parallel mode: deterministic, using up to 20 threads.
Root relaxation solution time = 0,00 sec. (0,70 ticks)

        Nodes                                         Cuts/
   Node  Left     Objective  IInf  Best Integer    Best Bound    ItCnt     Gap

      0     0    41576,6545    53                  41576,6545       62         
      0     0    41974,0485    55                    Cuts: 41       94         
      0     0    42445,6501    62                    Cuts: 32      125         
      0     0    42677,9224    60                    Cuts: 17      145         
      0     0    42713,6311    62                    Cuts: 20      155         
      0     0    42843,2971    58                    Cuts: 12      169         
Detecting symmetries...
      0     0    43018,4728    44                    Cuts: 16      186         
      0     0    43340,3045    58                    Cuts: 15      199         
      0     0    43509,8460    44                    Cuts: 14      209         
      0     0    43593,2330    45                    Cuts: 11      216         
      0     0    43647,6322    47                     Cuts: 8      228         
      0     0    43790,1427    40                    Cuts: 16      245         
      0     0    43814,4166    40                    Cuts: 19      258         
      0     0    43821,5840    54                     Cuts: 8      267         
      0     0    43847,0806    54                     Cuts: 7      276         
      0     0    43861,3313    40                    Cuts: 14      280         
      0     0    43879,8406    54                     Cuts: 6      288         
      0     0    43905,1238    58                     Cuts: 7      300         
      0     0    43917,5006    56                     Cuts: 3      306         
      0     0    43918,8339    58                     Cuts: 5      309         
      0     0    43923,6726    58                 ZeroHalf: 1      312         
*     0+    0                        99176,9563    43923,6726            55,71%
*     0+    0                        60395,7250    43923,6726            27,27%
      0     0        cutoff          60395,7250    60395,7250      312    0,00%
Elapsed time = 0,06 sec. (30,04 ticks, tree = 0,01 MB, solutions = 2)

Implied bound cuts applied:  9
Flow cuts applied:  1
Mixed integer rounding cuts applied:  7
Zero-half cuts applied:  15
Gomory fractional cuts applied:  5

Root node processing (before b&c):
  Real time             =    0,08 sec. (30,05 ticks)
Parallel b&c, 20 threads:
  Real time             =    0,00 sec. (0,00 ticks)
  Sync time (average)   =    0,00 sec.
  Wait time (average)   =    0,00 sec.
                          ------------
Total (root+branch&cut) =    0,08 sec. (30,05 ticks)

<<< solve


OBJECTIVE: 60395.73
xxxx
#Result <fct_obj, tot_cst, tot_ldt, Emiss>: <60396 60373 23 1.503e+6>#TS:60372.725#CS:60260#TaxCost:112.725#A:[0,2,5,6,4,6]#X:[0,1,1,1,1,1]#Z:[0,0,0,0,0,0,0,0,0,0,0,0,0,0,0,0,0,0,0,0,0,0,0,0,0,0,0,0,0,1,0,0,0,0,0,0,0,0,0,0,0,0,1,1,0,0,0,0,0,0,0,0,0,1,0,0,0,0,0,0]#Q:[0,0,0,0,0,0,0,0,0,0,0,0,0,0,0,0,0,0,0,0,0,0,0,0,0,0,0,0,0,20,0,0,0,0,0,0,0,0,0,0,0,0,40,80,0,0,0,0,0,0,0,0,0,40,0,0,0,0,0,0]#E: 1503000#Cap: 2199150#Tax: 75#DELIVER:
S10=>P2
S3=>P4
S4=>P4
S4=>P5
xxxx

<<< post process


<<< done


)
