Array
(
    [CplexRunTime] => 0.7 sec
    [status] => OPTIMAL
    [termination_reason] => OPTIMAL
    [mip_gap] => 0
    [Result] => Array
        (
            [Objective] => 42620
            [TotalCost] => 42620
            [DIO] => 29
            [WIP] => 95000
            [Emissions] => 2682000
            [RawMCost] => 4620
            [InventCost] => 38000
            [EmisCost] => 0
        )

    [CS] => 42620
    [DIO] => 29
    [WIP] => 95000
    [E] => 2681960
    [A] => Array
        (
            [0] => 1
            [1] => 2
            [2] => 10
            [3] => 3
            [4] => 6
            [5] => 7
        )

    [X] => Array
        (
            [0] => 0
            [1] => 1
            [2] => 1
            [3] => 1
            [4] => 0
            [5] => 1
        )

    [DELIVER] => Array
        (
            [0] => S3=>P4
            [1] => S4=>P4
            [2] => S10=>P4
            [3] => S4=>P5
        )

    [_raw_output] => 
<<< setup

0 0 -1 0 0 0.25 0.5 0.8 1 0 0 0 0  14
1 2 0 720 1 0.25 0.5 0.8 1 0 7200 720 1500  14
2 4 1 170 1 0.25 0.5 0.8 1 0 5200 520 1500  14
3 3 1 105 2 0.25 0.5 0.8 1 0 3700 370 1500  14
4 5 2 28 6 0.25 0.5 0.8 1 0 3200 320 1500  14
5 6 3 35 2 0.25 0.5 0.8 1 0 2800 280 1500  14
Node nums: [0 1 2 3 4 5]
xx-Data uploaded-xx
	**** start init su array ...
0 [0 0 0 0 0 0 0 0 0 0]
1 [0 0 0 0 0 0 0 0 0 0]
2 [1 1 1 1 1 1 1 1 1 1]
3 [0 0 0 0 0 0 0 0 0 0]
4 [1 1 1 1 1 1 1 1 1 1]
5 [1 1 1 1 1 1 1 1 1 1]
	**** end init su array ...
1 2 1 100 80 0.85 0.92 0.8 (9)9
2 2 0.9 60 75 0.82 0.90 0.9 (9)9
3 1 1.1 80 90 0.88 0.95 0.5 (9)9
4 1 1 80 100 0.86 0.93 0.6 (9)9
5 5 0.6 50 40 0.72 0.78 1.5 (9)9
6 6 0.5 60 45 0.70 0.75 2.0 (9)9
7 7 0.5 80 40 0.68 0.72 2.5 (9)9
8 5 0.3 25 30 0.65 0.70 1.8 (9)9
9 9 0.2 250 15 0.60 0.65 3.5 (9)9
10 1 0.8 30 40 0.80 0.88 0.7 (9)9

<<< generate

Version identifier: 20.1.0.0 | 2020-11-10 | 9bedb6d68
CPXPARAM_TimeLimit                               300

Multi-objective solve log . . .

Index  Priority  Blend          Objective      Nodes  Time (sec.)  DetTime (ticks)
    1         1      1   4,2620000000e+04          0         0,64            10,44
    2         0      1   2,6819600000e+06          0         0,06            13,16

<<< solve


OBJECTIVE: 42620; 2681960
xxxx
#Result <fct_obj, tot_cost, DIO, WIP, Emiss>: <42620 42620 29 95000 2.682e+6 4620 38000 0>#CS:42620#DIO:29#WIP:95000#E: 2681960#A:[1,2,10,3,6,7]#X:[0,1,1,1,0,1]#DELIVER:
S3=>P4
S4=>P4
S10=>P4
S4=>P5
xxxx

<<< post process


<<< done


)
