Array
(
    [CplexRunTime] => 1.66 sec
    [status] => OPTIMAL
    [termination_reason] => OPTIMAL
    [mip_gap] => 0
    [Result] => Array
        (
            [Objective] => 275520
            [TotalCost] => 275520
            [DIO] => 152
            [WIP] => 524760
            [Emissions] => 18894000
            [RawMCost] => 65616
            [InventCost] => 209900
            [EmisCost] => 0
        )

    [CS] => 275520
    [DIO] => 152
    [WIP] => 524760
    [E] => 18894145
    [A] => Array
        (
            [0] => 1
            [1] => 5
            [2] => 3
            [3] => 3
            [4] => 3
            [5] => 3
            [6] => 3
            [7] => 3
            [8] => 3
            [9] => 2
            [10] => 20
            [11] => 3
            [12] => 16
            [13] => 6
            [14] => 15
            [15] => 12
            [16] => 11
            [17] => 5
            [18] => 11
            [19] => 7
            [20] => 5
            [21] => 3
            [22] => 3
            [23] => 3
            [24] => 3
        )

    [X] => Array
        (
            [0] => 0
            [1] => 1
            [2] => 0
            [3] => 0
            [4] => 0
            [5] => 0
            [6] => 0
            [7] => 0
            [8] => 0
            [9] => 1
            [10] => 1
            [11] => 1
            [12] => 0
            [13] => 1
            [14] => 0
            [15] => 1
            [16] => 0
            [17] => 1
            [18] => 0
            [19] => 0
            [20] => 0
            [21] => 1
            [22] => 1
            [23] => 1
            [24] => 1
        )

    [DELIVER] => Array
        (
            [0] => S10=>P2
            [1] => S10=>P3
            [2] => S10=>P4
            [3] => S10=>P5
            [4] => S10=>P6
            [5] => S10=>P7
            [6] => S10=>P8
            [7] => S4=>P17
            [8] => S6=>P18
            [9] => S8=>P18
            [10] => S4=>P19
            [11] => S10=>P19
            [12] => S3=>P20
            [13] => S4=>P20
            [14] => S10=>P20
            [15] => S10=>P21
            [16] => S10=>P22
            [17] => S10=>P23
            [18] => S10=>P24
        )

    [_raw_output] => 
<<< setup

0 0 -1 0 0 0.25 0.5 0.8 1 0 0 0 0  14
1 2 0 850 1 0.25 0.5 0.8 1 0 8500 850 1500  14
2 2 1 210 1 0.25 0.5 0.8 1 0 6300 630 1500  14
3 2 1 200 1 0.25 0.5 0.8 1 0 6200 620 1500  14
4 2 1 190 1 0.25 0.5 0.8 1 0 6100 610 1500  14
5 2 1 180 1 0.25 0.5 0.8 1 0 6000 600 1500  14
6 2 1 170 1 0.25 0.5 0.8 1 0 5900 590 1500  14
7 2 1 160 1 0.25 0.5 0.8 1 0 5800 580 1500  14
8 2 1 150 1 0.25 0.5 0.8 1 0 5700 570 1500  14
9 2 0 750 1 0.25 0.5 0.8 1 0 7500 750 1500  14
10 4 9 190 1 0.25 0.5 0.8 1 0 6000 600 1500  14
11 3 9 130 2 0.25 0.5 0.8 1 0 4200 420 1500  14
12 5 10 40 6 0.25 0.5 0.8 1 0 3800 380 1500  14
13 6 11 50 2 0.25 0.5 0.8 1 0 3400 340 1500  14
14 4 10 30 4 0.25 0.5 0.8 1 0 3300 330 1500  14
15 5 11 38 3 0.25 0.5 0.8 1 0 3100 310 1500  14
16 6 12 25 5 0.25 0.5 0.8 1 0 2800 280 1500  14
17 4 13 22 2 0.25 0.5 0.8 1 0 2600 260 1500  14
18 5 14 28 4 0.25 0.5 0.8 1 0 2700 270 1500  14
19 6 15 24 3 0.25 0.5 0.8 1 0 2400 240 1500  14
20 4 16 20 6 0.25 0.5 0.8 1 0 2300 230 1500  14
21 2 0 700 1 0.25 0.5 0.8 1 0 7000 700 1500  14
22 2 0 650 1 0.25 0.5 0.8 1 0 6500 650 1500  14
23 2 0 600 1 0.25 0.5 0.8 1 0 6000 600 1500  14
24 2 0 550 1 0.25 0.5 0.8 1 0 5500 550 1500  14
Node nums: [0 1 2 3 4 5 6 7 8 9 10 11 12 13 14 15 16 17 18 19 20 21 22 23 24]
xx-Data uploaded-xx
	**** start init su array ...
0 [0 0 0 0 0 0 0 0 0 0]
1 [0 0 0 0 0 0 0 0 0 0]
2 [1 1 1 1 1 1 1 1 1 1]
3 [1 1 1 1 1 1 1 1 1 1]
4 [1 1 1 1 1 1 1 1 1 1]
5 [1 1 1 1 1 1 1 1 1 1]
6 [1 1 1 1 1 1 1 1 1 1]
7 [1 1 1 1 1 1 1 1 1 1]
8 [1 1 1 1 1 1 1 1 1 1]
9 [0 0 0 0 0 0 0 0 0 0]
10 [0 0 0 0 0 0 0 0 0 0]
11 [0 0 0 0 0 0 0 0 0 0]
12 [1 1 1 1 1 1 1 1 1 1]
13 [1 1 1 1 1 1 1 1 1 1]
14 [1 1 1 1 1 1 1 1 1 1]
15 [1 1 1 1 1 1 1 1 1 1]
16 [1 1 1 1 1 1 1 1 1 1]
17 [1 1 1 1 1 1 1 1 1 1]
18 [1 1 1 1 1 1 1 1 1 1]
19 [1 1 1 1 1 1 1 1 1 1]
20 [1 1 1 1 1 1 1 1 1 1]
21 [1 1 1 1 1 1 1 1 1 1]
22 [1 1 1 1 1 1 1 1 1 1]
23 [1 1 1 1 1 1 1 1 1 1]
24 [1 1 1 1 1 1 1 1 1 1]
	**** end init su array ...
1 2 1 100 80 0.85 0.92 0.8 (9)9
2 2 0.9 60 75 0.82 0.90 0.9 (9)9
3 1 1.1 80 90 0.88 0.95 0.5 (9)9
4 1 1 80 100 0.86 0.93 0.6 (9)9
5 5 0.6 50 40 0.72 0.78 1.5 (9)9
6 6 0.5 60 45 0.70 0.75 2.0 (9)9
7 7 0.5 80 40 0.68 0.72 2.5 (9)9
8 5 0.3 25 30 0.65 0.70 1.8 (9)9
9 9 0.2 250 15 0.60 0.65 3.5 (9)9
10 1 0.8 30 40 0.80 0.88 0.7 (9)9

<<< generate

Version identifier: 20.1.0.0 | 2020-11-10 | 9bedb6d68
CPXPARAM_TimeLimit                               300

Multi-objective solve log . . .

Index  Priority  Blend          Objective      Nodes  Time (sec.)  DetTime (ticks)
    1         1      1   2,7552000000e+05          0         1,25            49,84
    2         0      1   1,8894145000e+07       2647         0,41           283,44

<<< solve


OBJECTIVE: 275520; 1.889415e+7
xxxx
#Result <fct_obj, tot_cost, DIO, WIP, Emiss>: <2.7552e+5 2.7552e+5 152 5.2476e+5 1.8894e+7 65616 2.099e+5 0>#CS:275520#DIO:152#WIP:524760#E: 18894145#A:[1,5,3,3,3,3,3,3,3,2,20,3,16,6,15,12,11,5,11,7,5,3,3,3,3]#X:[0,1,0,0,0,0,0,0,0,1,1,1,0,1,0,1,0,1,0,0,0,1,1,1,1]#DELIVER:
S10=>P2
S10=>P3
S10=>P4
S10=>P5
S10=>P6
S10=>P7
S10=>P8
S4=>P17
S6=>P18
S8=>P18
S4=>P19
S10=>P19
S3=>P20
S4=>P20
S10=>P20
S10=>P21
S10=>P22
S10=>P23
S10=>P24
xxxx

<<< post process


<<< done


)
