Array
(
    [CplexRunTime] => 0,35 sec
    [Result] => Array
        (
            [Objective] => 50291
            [TotalCost] => 50264
            [LeadTime] => 27
            [Emissions] => 2246000
        )

    [CS] => 50264
    [A] => Array
        (
            [0] => 0
            [1] => 2
            [2] => 5
            [3] => 10
            [4] => 4
            [5] => 6
        )

    [X] => Array
        (
            [0] => 0
            [1] => 1
            [2] => 1
            [3] => 1
            [4] => 0
            [5] => 1
        )

    [E] => 2246000
    [RT] => 0.341
    [DELIVER] => Array
        (
            [0] => S10=>P2
            [1] => S10=>P4
            [2] => S10=>P5
        )

    [_raw_output] => 
<<< setup

0 0 -1 0 0 0.25 0.5 0.8 1 0 0 0 0  14
1 2 0 700 1 0.25 0.5 0.8 1 0 7000 700 1500  14
2 4 1 165 1 0.25 0.5 0.8 1 0 5000 500 1500  14
3 6 1 100 2 0.25 0.5 0.8 1 0 3500 350 1500  14
4 3 3 25 6 0.25 0.5 0.8 1 0 3000 300 1500  14
5 5 3 30 2 0.25 0.5 0.8 1 0 2500 250 1500  14
Node nums: [0 1 2 3 4 5]
xx-Data uploaded-xx
	**** start init su array ...
0 [0 0 0 0 0 0 0 0 0 0]
1 [0 0 0 0 0 0 0 0 0 0]
2 [1 1 1 1 1 1 1 1 1 1]
3 [0 0 0 0 0 0 0 0 0 0]
4 [1 1 1 1 1 1 1 1 1 1]
5 [1 1 1 1 1 1 1 1 1 1]
	**** end init su array ...
1 2 1 700 80 0.85 0.92 0.8 (9)9
2 2 0.9 800 75 0.82 0.90 0.9 (9)9
3 1 1.1 680 90 0.88 0.95 0.5 (9)9
4 1 1 480 100 0.86 0.93 0.6 (9)9
5 5 0.6 550 40 0.72 0.78 1.5 (9)9
6 6 0.5 650 45 0.70 0.75 2.0 (9)9
7 7 0.5 1100 40 0.68 0.72 2.5 (9)9
8 5 0.3 700 30 0.65 0.70 1.8 (9)9
9 9 0.2 1700 15 0.60 0.65 3.5 (9)9
10 1 0.8 5800 40 0.80 0.88 0.7 (9)9

<<< generate

 ! --------------------------------------------------- CP Optimizer 20.1.0.0 --
 ! Minimization problem - 132 variables, 188 constraints
 ! Presolve      : 3 extractables eliminated
 ! TimeLimit            = 1 800
 ! Initial process time : 0,01s (0,01s extraction + 0,00s propagation)
 !  . Log search space  : 216,2 (before), 216,2 (after)
 !  . Memory usage      : 508,5 kB (before), 508,5 kB (after)
 ! Using parallel search with 20 workers.
 ! ----------------------------------------------------------------------------
 !          Best Branches  Non-fixed    W       Branch decision
                        0        132                 -
 + New bound is 11 220
                        0         69    1            -
 + New bound is 33297.23
 *        73 434       30  0,05s        1      (gap is 54,66%)
 *      73033.50      102  0,06s        1      (gap is 54,41%)
 *        58 042      601  0,06s        1      (gap is 42,63%)
 *      54395.00      847  0,06s        1      (gap is 38,79%)
        54395.00    1 000          1    1         1 != z(2)(10)
        54395.00    1 000          1    2   F     0  = q(4)(10)
        54395.00    1 000          1    3   F     0 != z(2)(8)
 *      53987.00      171  0,06s        4      (gap is 38,32%)
 *      53452.00      864  0,06s        4      (gap is 37,71%)
 *      52968.00      910  0,06s        4      (gap is 37,14%)
        52968.00    1 000          1    4        73 != q(4)(3)
        52968.00    1 000          1    5   F     0 != z(2)(8)
        52968.00    1 000          1    6         0  = a(0)
        52968.00    1 000          1    7   F    17  = q(2)(5)
        52968.00    1 000          1    8        13 != q(5)(8)
        52968.00    1 000          1    9         1 != z(5)(6)
        52968.00    1 000          1   10   F     1 != z(4)(1)
        52968.00    1 000          1   11         0  = q(2)(1)
 ! Time = 0,06s, Average fail depth = 19, Memory usage = 10,7 MB
 ! Current bound is 33297.23 (gap is 37,14%)
 !          Best Branches  Non-fixed    W       Branch decision
        52968.00    1 000          1   12         0  = z(5)(6)
        52968.00    1 000          1   13   F     0 != q(4)(10)
        52968.00    1 000          1   14        83 != q(4)(2)
        52968.00    1 000          1   15   F    33  = q(4)(3)
        52968.00    1 000          1   16         1 != z(4)(7)
        52968.00    1 000          1   17         1  = z(2)(3)
        52968.00    1 000          1   18        14 != q(2)(1)
        52968.00    1 000          1   19   F    46  = q(4)(3)
        52968.00    1 000          1   20         0  = z(5)(9)
        52968.00    2 000         12    3         0  = z(2)(1)
        52968.00    2 000         12    5         0  = z(2)(1)
        52968.00    2 000          9    8         0  = z(2)(6)
        52968.00    2 000         15   10   F     0 != z(5)(1)
        52968.00    2 000          3   16         0  = z(2)(5)
        52968.00    2 000         12   20        40  = q(5)(4)
        52968.00    2 000          1    9   F    12  = q(2)(10)
        52968.00    2 000          3   15   F     0 != z(4)(1)
 *      52415.00    1 701  0,09s       17      (gap is 36,47%)
        52415.00    2 000          1   19         3 != q(4)(3)
        52415.00    3 000         24   20         0 != q(4)(10)
 ! Time = 0,12s, Average fail depth = 19, Memory usage = 18,3 MB
 ! Current bound is 33297.23 (gap is 36,47%)
 !          Best Branches  Non-fixed    W       Branch decision
        52415.00    2 000          1    1         6 != q(2)(3)
        52415.00    2 000          1    2         0  = z(5)(1)
        52415.00    2 000          1    4   F    20  = a(2)
        52415.00    2 000          5    6         0  = z(2)(6)
        52415.00    2 000         12   12         1 != q(5)(4)
        52415.00    2 000          2   14        12 != a(3)
        52415.00    2 000          1   17         0  = q(5)(10)
        52415.00    2 000         17   18         0  = q(4)(4)
 *      51612.00    2 634  0,12s        1      (gap is 35,49%)
 *      50291.00    2 531  0,12s       10      (gap is 33,79%)
        50291.00    2 000          1   11         4 != a(2)
        50291.00    2 000          1   13   F     1 != z(4)(10)
        50291.00    2 438         18   15   F     1 != z(2)(2)
 + New bound is 43234.11 (gap is 14,03%)
        50291.00    3 000          1   19         4 != a(2)
        50291.00    4 000         15   20         0  = z(2)(2)
        50291.00    3 000          1    2   F    27  = a(2)
        50291.00    3 000         18    3        79 != q(4)(5)
        50291.00    3 000         18    5        79 != q(4)(5)
        50291.00    3 000         16    6         0  = q(4)(5)
        50291.00    3 000         10    8   F     7  = q(5)(6)
 ! Time = 0,15s, Average fail depth = 19, Memory usage = 18,6 MB
 ! Current bound is 43234.11 (gap is 14,03%)
 !          Best Branches  Non-fixed    W       Branch decision
        50291.00    3 000          1   10   F     0 != q(2)(3)
        50291.00    3 000         25   12            -
        50291.00    3 000          9   14   F     0 != z(4)(8)
        50291.00    3 000         10   15        37 != q(4)(7)
        50291.00    3 000          3   16   F     6  = a(3)
        50291.00    3 000          1   17   F     0 != q(2)(6)
        50291.00    3 000         15   18        22 != a(2)
        50291.00    3 000          1   11   F   102  = q(4)(7)
        50291.00    3 000          1   13   F    13  = a(2)
        50291.00    3 000          1    1        15 != q(2)(4)
        50291.00    4 000          1    2         0  = z(2)(6)
        50291.00    4 000         16    3   F     0 != q(2)(2)
        50291.00    3 000          1    4         0 != q(2)(4)
        50291.00    4 000         16    5   F     0 != q(2)(2)
        50291.00    4 000         17    6        21 != a(2)
        50291.00    2 000          1    7        58 != q(4)(4)
        50291.00    4 000         12    8   F     0 != z(2)(6)
        50291.00    4 000          6   10         8 != a(2)
        50291.00    4 000         14   12   F   115  = q(4)(3)
        50291.00    4 000          8   15         6 != a(2)
 ! Time = 0,19s, Average fail depth = 19, Memory usage = 19,2 MB
 ! Current bound is 43234.11 (gap is 14,03%)
 !          Best Branches  Non-fixed    W       Branch decision
        50291.00    4 000         11   16         0  = z(2)(7)
        50291.00    4 000          1   17   F     1 != z(2)(3)
        50291.00    4 000          7   18            -
        50291.00    4 000          1   19   F    40  = q(5)(2)
        50291.00    3 000          1    9         0  = q(2)(6)
        50291.00    4 000          1   11         9 != a(3)
        50291.00    4 000          1   13   F     0  = z(2)(3)
        50291.00    5 000          8   20         4 != q(5)(5)
        50291.00    5 000          1    2   F     3  = q(2)(1)
        50291.00    5 000         14    3         0  = z(4)(4)
        50291.00    5 000         14    5         0  = z(4)(4)
        50291.00    5 000         17    6   F     0  = q(2)(4)
        50291.00    3 000          1    7        75 != q(4)(3)
        50291.00    5 000         11    8            -
        50291.00    5 000         12   10            -
        50291.00    5 000          8   12         0 != z(4)(3)
        50291.00    4 000          8   14        14  = q(5)(4)
        50291.00    5 000          9   15         0 != z(2)(8)
        50291.00    5 000         14   16   F     0 != q(4)(2)
        50291.00    5 000          4   18         0  = z(2)(4)
 ! Time = 0,22s, Average fail depth = 19, Memory usage = 20,5 MB
 ! Current bound is 43234.11 (gap is 14,03%)
 !          Best Branches  Non-fixed    W       Branch decision
        50291.00    4 000          1    9   F     0 != z(5)(8)
        50291.00    5 054         34   15   F     0 != z(4)(1)
 + New bound is 48202.55 (gap is 4,15%)
        50291.00    5 000          1   17   F    10  = q(2)(2)
        50291.00    6 000          4   20   F     0 != q(5)(5)
        50291.00    6 000          3    3            -
        50291.00    6 000          3    5            -
        50291.00    6 000         12    6         1 != z(2)(5)
        50291.00    6 000         13    8        19 != q(2)(6)
        50291.00    6 000         14   10         0  = q(4)(2)
        50291.00    6 000          7   12   F     1 != x(5)
        50291.00    5 000          7   14        40 != q(5)(5)
        50291.00    6 000          1   15   F     5 != a(2)
        50291.00    6 000         17   16   F    28 != q(4)(10)
        50291.00    6 000          5   18         0  = z(4)(7)
        50291.00    4 000          1    1   F    10  = a(5)
        50291.00    6 000          1    2   F     0 != q(5)(4)
        50291.00    4 000          1    4         0  = q(5)(3)
        50291.00    5 000          1   11         6 != a(2)
        50291.00    5 000          1   13         0  = q(5)(2)
        50291.00    5 000          1   19   F     0 != z(2)(10)
 ! Time = 0,24s, Average fail depth = 19, Memory usage = 22,2 MB
 ! Current bound is 48202.55 (gap is 4,15%)
 !          Best Branches  Non-fixed    W       Branch decision
        50291.00    7 000         14   20            -
        50291.00    7 000          7    3   F     0 != x(2)
        50291.00    5 000          1    4         0  = q(2)(3)
        50291.00    7 000          7    5   F     0 != x(2)
        50291.00    7 000          5    6         0  = q(5)(6)
        50291.00    5 000          1    9   F     8  = q(4)(4)
        50291.00    7 000         17   10         5 != a(2)
        50291.00    7 000         41   12   F    19  = q(2)(10)
        50291.00    6 000         16   14        68 != q(4)(2)
        50291.00    7 000          6   16         0  = z(4)(4)
        50291.00    7 000         12   18        16 != q(5)(5)
        50291.00    6 000          1   19         9 != q(4)(3)
        50291.00    5 000          1    1   F     0 != z(2)(10)
        50291.00    7 000          1    2        39 != q(5)(10)
        50291.00    4 000          1    7   F     1  = z(2)(8)
        50291.00    6 000          1   11   F    60  = q(4)(4)
        50291.00    6 000          1   13       120  = q(4)(3)
        50291.00    6 549          8   15   F     1 != z(2)(4)
 + New bound is 49246.77 (gap is 2,08%)
        50291.00    7 000          3   15   F     1  = z(2)(1)
        50291.00    6 000          1   17   F    10  = q(2)(2)
 ! Time = 0,28s, Average fail depth = 19, Memory usage = 22,5 MB
 ! Current bound is 49246.77 (gap is 2,08%)
 !          Best Branches  Non-fixed    W       Branch decision
        50291.00    8 000          7   18         1 != z(2)(7)
        50291.00    7 000          3   19        62 != q(4)(3)
        50291.00    8 000          8   20         9 != q(2)(8)
        50291.00    8 000          6    3        12  = q(2)(2)
        50291.00    6 000         10    4   F    20  = q(2)(7)
        50291.00    8 000          6    5        12  = q(2)(2)
        50291.00    8 000          3    6   F    55  = q(4)(4)
        50291.00    5 000          2    7        11 != a(2)
        50291.00    7 000         32    8   F     0  = x(4)
        50291.00    6 000          3    9   F     1  = z(5)(4)
        50291.00    8 000         15   10   F     1  = x(2)
        50291.00    8 000         11   12         0  = z(4)(1)
        50291.00    7 000         22   14            -
        50291.00    8 000          5   15        10  = a(5)
        50291.00    8 000         12   16   F    95  = q(4)(10)
 ! ----------------------------------------------------------------------------
 ! Search completed, 10 solutions found.
 ! Best objective         : 50291.00 (optimal - effective tol. is 5,0291)
 ! Best bound             : 49246.77
 ! ----------------------------------------------------------------------------
 ! Number of branches     : 167 905
 ! Number of fails        : 80 282
 ! Total memory usage     : 23,1 MB (22,4 MB CP Optimizer + 0,6 MB Concert)
 ! Time spent in solve    : 0,35s (0,34s engine + 0,01s extraction)
 ! Search speed (br. / s) : 505 738,0
 ! ----------------------------------------------------------------------------

<<< solve


OBJECTIVE: 50291
xxxx
#Result <fct_obj, tot_cst, tot_ldt, Emiss>: <50291 50264 27 2.246e+6>#CS:50264#A:[0,2,5,10,4,6]#X:[0,1,1,1,0,1]#E: 2246000#RT:0.341
#DELIVER:
S10=>P2
S10=>P4
S10=>P5
xxxx

<<< post process


<<< done


)
