Array
(
    [CplexRunTime] => Total (root+branch&cut) =    0,05 sec
    [status] => OPTIMAL
    [termination_reason] => OPTIMAL
    [mip_gap] => 0
    [Result] => Array
        (
            [Objective] => 6319600
            [TotalCost] => 496850
            [DIO] => 113
            [WIP] => 1484600
            [Emissions] => 0
        )

    [CS] => 496851
    [DIO] => 113
    [WIP] => 1484560
    [E] => 6319620
    [A] => Array
        (
            [0] => 1
            [1] => 9
            [2] => 4
            [3] => 8
            [4] => 5
            [5] => 2
            [6] => 8
            [7] => 3
            [8] => 6
            [9] => 5
            [10] => 9
            [11] => 3
            [12] => 2
            [13] => 4
            [14] => 2
            [15] => 10
            [16] => 10
            [17] => 4
            [18] => 8
            [19] => 3
            [20] => 7
        )

    [X] => Array
        (
            [0] => 0
            [1] => 1
            [2] => 1
            [3] => 1
            [4] => 1
            [5] => 1
            [6] => 1
            [7] => 1
            [8] => 1
            [9] => 1
            [10] => 1
            [11] => 1
            [12] => 1
            [13] => 1
            [14] => 1
            [15] => 1
            [16] => 1
            [17] => 1
            [18] => 1
            [19] => 1
            [20] => 1
        )

    [DELIVER] => Array
        (
            [0] => S3=>P11
            [1] => S10=>P11
            [2] => S3=>P12
            [3] => S10=>P12
            [4] => S3=>P13
            [5] => S4=>P13
            [6] => S10=>P13
            [7] => S3=>P14
            [8] => S4=>P14
            [9] => S10=>P14
            [10] => S3=>P15
            [11] => S10=>P15
            [12] => S3=>P16
            [13] => S4=>P16
            [14] => S10=>P16
            [15] => S3=>P17
            [16] => S4=>P17
            [17] => S10=>P17
            [18] => S3=>P18
            [19] => S10=>P18
            [20] => S10=>P19
            [21] => S3=>P20
            [22] => S10=>P20
        )

    [_raw_output] => 
<<< setup

0 0 -1 0 1 0,25 0,5 0,8 1 0 0 0 0  14
1 9 0 1200 1 0,25 0,5 0,8 1 0 8000 800 1500  14
2 4 1 140 1 0,25 0,5 0,8 1 0 4000 500 1500  14
3 8 1 290 1 0,25 0,5 0,8 1 0 6000 600 1500  14
4 5 1 120 3 0,25 0,5 0,8 1 0 3200 320 1500  14
5 2 1 95 2 0,25 0,5 0,8 1 0 2600 260 1500  14
6 8 2 90 3 0,25 0,5 0,8 1 0 2800 280 1500  14
7 3 2 85 2 0,25 0,5 0,8 1 0 3100 310 1500  14
8 6 2 80 1 0,25 0,5 0,8 1 0 1800 180 1500  14
9 5 3 82 2 0,25 0,5 0,8 1 0 1450 145 1500  14
10 9 3 78 3 0,25 0,5 0,8 1 0 1300 130 1500  14
11 2 4 72 2 0,25 0,5 0,8 1 0 1350 135 1500  14
12 1 4 68 3 0,25 0,5 0,8 1 0 1150 115 1500  14
13 3 5 62 8 0,25 0,5 0,5 1 0 1200 120 1500  14
14 1 5 66 6 0,25 0,5 0,5 1 0 1200 120 1500  14
15 9 5 70 2 0,25 0,5 0,5 1 0 1200 120 1500  14
16 9 6 64 9 0,25 0,5 0,5 1 0 2200 220 1500  14
17 3 7 58 6 0,25 0,5 0,5 1 0 2100 210 1500  14
18 7 8 55 2 0,25 0,5 0,5 1 0 2400 240 1500  14
19 2 9 56 1 0,25 0,5 0,5 1 0 1300 130 1500  14
20 6 10 52 4 0,25 0,5 0,5 1 0 1250 125 1500  14
Node nums: [0 1 2 3 4 5 6 7 8 9 10 11 12 13 14 15 16 17 18 19 20]
xx-Data uploaded-xx
	**** start init su array ...
0 [0 0 0 0 0 0 0 0 0 0]
1 [0 0 0 0 0 0 0 0 0 0]
2 [0 0 0 0 0 0 0 0 0 0]
3 [0 0 0 0 0 0 0 0 0 0]
4 [0 0 0 0 0 0 0 0 0 0]
5 [0 0 0 0 0 0 0 0 0 0]
6 [0 0 0 0 0 0 0 0 0 0]
7 [0 0 0 0 0 0 0 0 0 0]
8 [0 0 0 0 0 0 0 0 0 0]
9 [0 0 0 0 0 0 0 0 0 0]
10 [0 0 0 0 0 0 0 0 0 0]
11 [1 1 1 1 1 1 1 1 1 1]
12 [1 1 1 1 1 1 1 1 1 1]
13 [1 1 1 1 1 1 1 1 1 1]
14 [1 1 1 1 1 1 1 1 1 1]
15 [1 1 1 1 1 1 1 1 1 1]
16 [1 1 1 1 1 1 1 1 1 1]
17 [1 1 1 1 1 1 1 1 1 1]
18 [1 1 1 1 1 1 1 1 1 1]
19 [1 1 1 1 1 1 1 1 1 1]
20 [1 1 1 1 1 1 1 1 1 1]
	**** end init su array ...
1 2 1 100 80 0.85 0.92 0.8 (9)9
2 2 0.9 60 75 0.82 0.90 0.9 (9)9
3 1 1.1 80 90 0.88 0.95 0.5 (9)9
4 1 1 80 100 0.86 0.93 0.6 (9)9
5 5 0.6 50 40 0.72 0.78 1.5 (9)9
6 6 0.5 60 45 0.70 0.75 2.0 (9)9
7 7 0.5 80 40 0.68 0.72 2.5 (9)9
8 5 0.3 25 30 0.65 0.70 1.8 (9)9
9 9 0.2 250 15 0.60 0.65 3.5 (9)9
10 1 0.8 30 40 0.80 0.88 0.7 (9)9

<<< generate

Version identifier: 20.1.0.0 | 2020-11-10 | 9bedb6d68
CPXPARAM_TimeLimit                               300
Tried aggregator 2 times.
MIP Presolve eliminated 3040 rows and 333 columns.
MIP Presolve modified 48 coefficients.
Aggregator did 12 substitutions.
Reduced MIP has 686 rows, 348 columns, and 1750 nonzeros.
Reduced MIP has 119 binaries, 229 generals, 0 SOSs, and 0 indicators.
Presolve time = 0,01 sec. (3,14 ticks)
Found incumbent of value 1,2126653e+08 after 0,01 sec. (3,65 ticks)
Probing time = 0,00 sec. (0,20 ticks)
Cover probing fixed 0 vars, tightened 10 bounds.
Tried aggregator 1 time.
Detecting symmetries...
MIP Presolve eliminated 30 rows and 0 columns.
MIP Presolve modified 140 coefficients.
Reduced MIP has 656 rows, 348 columns, and 1690 nonzeros.
Reduced MIP has 119 binaries, 229 generals, 0 SOSs, and 0 indicators.
Presolve time = 0,00 sec. (1,20 ticks)
Probing time = 0,00 sec. (0,18 ticks)
MIP emphasis: balance optimality and feasibility.
MIP search method: dynamic search.
Parallel mode: deterministic, using up to 20 threads.
Root relaxation solution time = 0,00 sec. (2,06 ticks)

        Nodes                                         Cuts/
   Node  Left     Objective  IInf  Best Integer    Best Bound    ItCnt     Gap

*     0+    0                       1,21267e+08  -1,19919e+08           198,89%
*     0+    0                       1,19391e+08  -1,19919e+08           200,44%
*     0+    0                       1,15649e+08  -1,19919e+08           203,69%
*     0+    0                       1,14314e+08  -1,19919e+08           204,90%
*     0+    0                       1,12979e+08  -1,19919e+08           206,14%
      0     0  6280132,1622    28   1,12979e+08  6280132,1622      220   94,44%
*     0     0      integral     0  6319620,0000      Cuts: 66      262    0,00%
      0     0        cutoff        6319620,0000  6319620,0000      262    0,00%
Elapsed time = 0,03 sec. (11,62 ticks, tree = 0,01 MB, solutions = 6)

Cover cuts applied:  9
Implied bound cuts applied:  29
Flow cuts applied:  8
Mixed integer rounding cuts applied:  11
Gomory fractional cuts applied:  9

Root node processing (before b&c):
  Real time             =    0,05 sec. (11,67 ticks)
Parallel b&c, 20 threads:
  Real time             =    0,00 sec. (0,00 ticks)
  Sync time (average)   =    0,00 sec.
  Wait time (average)   =    0,00 sec.
                          ------------
Total (root+branch&cut) =    0,05 sec. (11,67 ticks)

<<< solve


OBJECTIVE: 6319620
xxxx
#Result <fct_obj, tot_cost, DIO, WIP, Emiss>: <6.3196e+6 4.9685e+5 113 1.4846e+6 6.3196e+6 52595 4.4426e+5 0>#CS:496851#DIO:113#WIP:1484560#E: 6319620#A:[1,9,4,8,5,2,8,3,6,5,9,3,2,4,2,10,10,4,8,3,7]#X:[0,1,1,1,1,1,1,1,1,1,1,1,1,1,1,1,1,1,1,1,1]#DELIVER:
S3=>P11
S10=>P11
S3=>P12
S10=>P12
S3=>P13
S4=>P13
S10=>P13
S3=>P14
S4=>P14
S10=>P14
S3=>P15
S10=>P15
S3=>P16
S4=>P16
S10=>P16
S3=>P17
S4=>P17
S10=>P17
S3=>P18
S10=>P18
S10=>P19
S3=>P20
S10=>P20
xxxx

<<< post process


<<< done


)
