Array
(
    [CplexRunTime] => Total (root+branch&cut) =    1,17 sec
    [status] => OPTIMAL
    [termination_reason] => OPTIMAL
    [mip_gap] => 0
    [Result] => Array
        (
            [Objective] => 17280000
            [TotalCost] => 249990
            [DIO] => 182
            [WIP] => 550010
            [Emissions] => 0
        )

    [CS] => 249993.8
    [DIO] => 182
    [WIP] => 550008
    [E] => 17280275
    [A] => Array
        (
            [0] => 1
            [1] => 9
            [2] => 22
            [3] => 8
            [4] => 8
            [5] => 12
            [6] => 18
            [7] => 8
            [8] => 14
            [9] => 5
            [10] => 9
            [11] => 3
            [12] => 2
            [13] => 10
            [14] => 10
            [15] => 10
            [16] => 10
            [17] => 5
            [18] => 8
            [19] => 3
            [20] => 7
        )

    [X] => Array
        (
            [0] => 0
            [1] => 1
            [2] => 1
            [3] => 1
            [4] => 1
            [5] => 1
            [6] => 0
            [7] => 0
            [8] => 0
            [9] => 1
            [10] => 1
            [11] => 0
            [12] => 0
            [13] => 0
            [14] => 0
            [15] => 0
            [16] => 0
            [17] => 0
            [18] => 0
            [19] => 1
            [20] => 1
        )

    [DELIVER] => Array
        (
            [0] => S4=>P11
            [1] => S10=>P11
            [2] => S3=>P12
            [3] => S4=>P12
            [4] => S10=>P12
            [5] => S6=>P13
            [6] => S7=>P13
            [7] => S8=>P13
            [8] => S9=>P14
            [9] => S4=>P15
            [10] => S10=>P15
            [11] => S3=>P16
            [12] => S4=>P16
            [13] => S10=>P16
            [14] => S1=>P17
            [15] => S2=>P17
            [16] => S10=>P17
            [17] => S3=>P18
            [18] => S10=>P18
            [19] => S10=>P19
            [20] => S4=>P20
        )

    [_raw_output] => 
<<< setup

0 0 -1 0 1 0,25 0,5 0,8 1 0 0 0 0  14
1 9 0 1200 1 0,25 0,5 0,8 1 0 8000 800 1500  14
2 4 1 140 1 0,25 0,5 0,8 1 0 4000 500 1500  14
3 8 1 290 1 0,25 0,5 0,8 1 0 6000 600 1500  14
4 5 1 120 3 0,25 0,5 0,8 1 0 3200 320 1500  14
5 2 1 95 2 0,25 0,5 0,8 1 0 2600 260 1500  14
6 8 2 90 3 0,25 0,5 0,8 1 0 2800 280 1500  14
7 3 2 85 2 0,25 0,5 0,8 1 0 3100 310 1500  14
8 6 2 80 1 0,25 0,5 0,8 1 0 1800 180 1500  14
9 5 3 82 2 0,25 0,5 0,8 1 0 1450 145 1500  14
10 9 3 78 3 0,25 0,5 0,8 1 0 1300 130 1500  14
11 2 4 72 2 0,25 0,5 0,8 1 0 1350 135 1500  14
12 1 4 68 3 0,25 0,5 0,8 1 0 1150 115 1500  14
13 3 5 62 8 0,25 0,5 0,5 1 0 1200 120 1500  14
14 1 5 66 6 0,25 0,5 0,5 1 0 1200 120 1500  14
15 9 5 70 2 0,25 0,5 0,5 1 0 1200 120 1500  14
16 9 6 64 9 0,25 0,5 0,5 1 0 2200 220 1500  14
17 3 7 58 6 0,25 0,5 0,5 1 0 2100 210 1500  14
18 7 8 55 2 0,25 0,5 0,5 1 0 2400 240 1500  14
19 2 9 56 1 0,25 0,5 0,5 1 0 1300 130 1500  14
20 6 10 52 4 0,25 0,5 0,5 1 0 1250 125 1500  14
Node nums: [0 1 2 3 4 5 6 7 8 9 10 11 12 13 14 15 16 17 18 19 20]
xx-Data uploaded-xx
	**** start init su array ...
0 [0 0 0 0 0 0 0 0 0 0]
1 [0 0 0 0 0 0 0 0 0 0]
2 [0 0 0 0 0 0 0 0 0 0]
3 [0 0 0 0 0 0 0 0 0 0]
4 [0 0 0 0 0 0 0 0 0 0]
5 [0 0 0 0 0 0 0 0 0 0]
6 [0 0 0 0 0 0 0 0 0 0]
7 [0 0 0 0 0 0 0 0 0 0]
8 [0 0 0 0 0 0 0 0 0 0]
9 [0 0 0 0 0 0 0 0 0 0]
10 [0 0 0 0 0 0 0 0 0 0]
11 [1 1 1 1 1 1 1 1 1 1]
12 [1 1 1 1 1 1 1 1 1 1]
13 [1 1 1 1 1 1 1 1 1 1]
14 [1 1 1 1 1 1 1 1 1 1]
15 [1 1 1 1 1 1 1 1 1 1]
16 [1 1 1 1 1 1 1 1 1 1]
17 [1 1 1 1 1 1 1 1 1 1]
18 [1 1 1 1 1 1 1 1 1 1]
19 [1 1 1 1 1 1 1 1 1 1]
20 [1 1 1 1 1 1 1 1 1 1]
	**** end init su array ...
1 2 1 100 80 0.85 0.92 0.8 (9)9
2 2 0.9 60 75 0.82 0.90 0.9 (9)9
3 1 1.1 80 90 0.88 0.95 0.5 (9)9
4 1 1 80 100 0.86 0.93 0.6 (9)9
5 5 0.6 50 40 0.72 0.78 1.5 (9)9
6 6 0.5 60 45 0.70 0.75 2.0 (9)9
7 7 0.5 80 40 0.68 0.72 2.5 (9)9
8 5 0.3 25 30 0.65 0.70 1.8 (9)9
9 9 0.2 250 15 0.60 0.65 3.5 (9)9
10 1 0.8 30 40 0.80 0.88 0.7 (9)9

<<< generate

Version identifier: 20.1.0.0 | 2020-11-10 | 9bedb6d68
CPXPARAM_TimeLimit                               300
Tried aggregator 2 times.
MIP Presolve eliminated 3038 rows and 333 columns.
MIP Presolve modified 372 coefficients.
Aggregator did 2 substitutions.
Reduced MIP has 697 rows, 358 columns, and 1910 nonzeros.
Reduced MIP has 119 binaries, 239 generals, 0 SOSs, and 0 indicators.
Presolve time = 0,00 sec. (3,53 ticks)
Probing fixed 0 vars, tightened 139 bounds.
Probing time = 0,00 sec. (0,58 ticks)
Cover probing fixed 0 vars, tightened 10 bounds.
Tried aggregator 1 time.
Detecting symmetries...
MIP Presolve eliminated 30 rows and 0 columns.
MIP Presolve modified 322 coefficients.
Reduced MIP has 667 rows, 358 columns, and 1850 nonzeros.
Reduced MIP has 119 binaries, 239 generals, 0 SOSs, and 0 indicators.
Presolve time = 0,00 sec. (1,27 ticks)
Probing fixed 0 vars, tightened 7 bounds.
Probing time = 0,00 sec. (0,30 ticks)
MIP emphasis: balance optimality and feasibility.
MIP search method: dynamic search.
Parallel mode: deterministic, using up to 20 threads.
Root relaxation solution time = 0,00 sec. (3,31 ticks)

        Nodes                                         Cuts/
   Node  Left     Objective  IInf  Best Integer    Best Bound    ItCnt     Gap

      0     0   1,16944e+07   155                 1,16944e+07      185         
      0     0   1,21997e+07   155                   Cuts: 137      316         
      0     0   1,24968e+07   153                    Cuts: 81      399         
      0     0   1,25754e+07   125                    Cuts: 37      432         
      0     0   1,26030e+07   128                    Cuts: 10      441         
      0     0   1,26099e+07   128                     Cuts: 8      449         
Detecting symmetries...
      0     0   1,26159e+07   129                     Cuts: 7      454         
      0     0   1,26161e+07   132                     Cuts: 5      457         
      0     0   1,26161e+07   132                 ZeroHalf: 2      460         
*     0+    0                       1,92795e+07   1,26161e+07            34,56%
*     0+    0                       1,92795e+07   1,26161e+07            34,56%
*     0+    0                       1,92794e+07   1,29812e+07            32,67%
      0     0  -1,00000e+75     0   1,92794e+07   1,29812e+07      460   32,67%
Detecting symmetries...
      0     2   1,26161e+07   132   1,92794e+07   1,29812e+07      460   32,67%
Elapsed time = 0,27 sec. (167,55 ticks, tree = 0,02 MB, solutions = 3)
*     9+    1                       1,92793e+07   1,29812e+07            32,67%
*    32+    3                       1,92793e+07   1,29812e+07            32,67%
*    46+   12                       1,92781e+07   1,29812e+07            32,66%
*    46+    4                       1,89567e+07   1,29812e+07            31,52%
*  1519+  850                       1,88883e+07   1,30516e+07            30,90%
*  2740+ 1575                       1,82395e+07   1,34731e+07            26,13%
*  2829  1459      integral     0   1,82377e+07   1,34731e+07    33726   26,12%
*  3437+ 1489                       1,82056e+07   1,36196e+07            25,19%
*  3450+ 1707                       1,81434e+07   1,36491e+07            24,77%
*  3494+ 1707                       1,79021e+07   1,36491e+07            23,76%

Performing restart 1

Repeating presolve.
Tried aggregator 1 time.
MIP Presolve eliminated 4 rows and 2 columns.
MIP Presolve modified 145 coefficients.
Reduced MIP has 663 rows, 356 columns, and 1838 nonzeros.
Reduced MIP has 119 binaries, 237 generals, 0 SOSs, and 0 indicators.
Presolve time = 0,00 sec. (0,95 ticks)
Tried aggregator 1 time.
MIP Presolve modified 54 coefficients.
Reduced MIP has 663 rows, 356 columns, and 1838 nonzeros.
Reduced MIP has 119 binaries, 237 generals, 0 SOSs, and 0 indicators.
Presolve time = 0,00 sec. (1,25 ticks)
Represolve time = 0,02 sec. (5,10 ticks)
*  4769+    0                       1,79021e+07   1,51231e+07            15,52%
   4769     0   1,34150e+07   172   1,79021e+07     Cuts: 146    72108   15,52%
   4769     0   1,36950e+07   133   1,79021e+07     Cuts: 122    72175   15,52%
   4769     0   1,39146e+07   137   1,79021e+07      Cuts: 97    72243   15,52%
   4769     0   1,40953e+07   130   1,79021e+07      Cuts: 70    72306   15,52%
   4769     0   1,41856e+07   119   1,79021e+07      Cuts: 71    72351   15,52%
   4769     0   1,42047e+07   132   1,79021e+07      Cuts: 49    72379   15,52%
   4769     0   1,42313e+07   130   1,79021e+07      Cuts: 28    72408   15,52%
   4769     0   1,42956e+07   118   1,79021e+07      Cuts: 48    72439   15,52%
   4769     0   1,43161e+07   129   1,79021e+07      Cuts: 40    72463   15,52%
   4769     0   1,43218e+07   134   1,79021e+07      Cuts: 32    72484   15,52%
   4769     2   1,43218e+07   134   1,79021e+07   1,51231e+07    72484   15,52%
*  5040+   51                       1,78692e+07   1,57880e+07            11,65%
*  5186+  149                       1,76755e+07   1,57880e+07            10,68%
*  5390+  127                       1,72805e+07   1,63413e+07             5,43%
*  5520+   47                       1,72803e+07   1,65132e+07             4,44%

Cover cuts applied:  4
Implied bound cuts applied:  18
Flow cuts applied:  33
Mixed integer rounding cuts applied:  97
Zero-half cuts applied:  20
Lift and project cuts applied:  12
Gomory fractional cuts applied:  21

Root node processing (before b&c):
  Real time             =    0,25 sec. (167,33 ticks)
Parallel b&c, 20 threads:
  Real time             =    0,92 sec. (540,29 ticks)
  Sync time (average)   =    0,31 sec.
  Wait time (average)   =    0,00 sec.
                          ------------
Total (root+branch&cut) =    1,17 sec. (707,62 ticks)

<<< solve


OBJECTIVE: 1.728028e+7
xxxx
#Result <fct_obj, tot_cost, DIO, WIP, Emiss>: <1.728e+7 2.4999e+5 182 5.5001e+5 1.728e+7 39634 2.1036e+5 0>#CS:249993.8#DIO:182#WIP:550008#E: 17280275#A:[1,9,22,8,8,12,18,8,14,5,9,3,2,10,10,10,10,5,8,3,7]#X:[0,1,1,1,1,1,0,0,0,1,1,0,0,0,0,0,0,0,0,1,1]#DELIVER:
S4=>P11
S10=>P11
S3=>P12
S4=>P12
S10=>P12
S6=>P13
S7=>P13
S8=>P13
S9=>P14
S4=>P15
S10=>P15
S3=>P16
S4=>P16
S10=>P16
S1=>P17
S2=>P17
S10=>P17
S3=>P18
S10=>P18
S10=>P19
S4=>P20
xxxx

<<< post process


<<< done


)
