Array
(
    [CplexRunTime] => Total (root+branch&cut) =    0,56 sec
    [status] => OPTIMAL
    [termination_reason] => OPTIMAL
    [mip_gap] => 0
    [Result] => Array
        (
            [Objective] => 46154
            [TotalCost] => 46120
            [LeadTime] => 34
            [Emissions] => 3853600
        )

    [TS] => 46120
    [A] => Array
        (
            [0] => 0
            [1] => 2
            [2] => 10
            [3] => 3
            [4] => 6
            [5] => 7
            [6] => 6
        )

    [X] => Array
        (
            [0] => 0
            [1] => 1
            [2] => 1
            [3] => 1
            [4] => 0
            [5] => 1
            [6] => 0
        )

    [Z] => Array
        (
            [0] => 0
            [1] => 0
            [2] => 0
            [3] => 0
            [4] => 0
            [5] => 0
            [6] => 0
            [7] => 0
            [8] => 0
            [9] => 0
            [10] => 0
            [11] => 0
            [12] => 0
            [13] => 0
            [14] => 0
            [15] => 0
            [16] => 0
            [17] => 0
            [18] => 0
            [19] => 0
            [20] => 0
            [21] => 0
            [22] => 0
            [23] => 0
            [24] => 0
            [25] => 0
            [26] => 0
            [27] => 0
            [28] => 0
            [29] => 0
            [30] => 0
            [31] => 0
            [32] => 0
            [33] => 0
            [34] => 0
            [35] => 0
            [36] => 0
            [37] => 0
            [38] => 0
            [39] => 0
            [40] => 0
            [41] => 0
            [42] => 1
            [43] => 1
            [44] => 0
            [45] => 0
            [46] => 0
            [47] => 0
            [48] => 0
            [49] => 1
            [50] => 0
            [51] => 0
            [52] => 0
            [53] => 1
            [54] => 0
            [55] => 0
            [56] => 0
            [57] => 0
            [58] => 0
            [59] => 0
            [60] => 0
            [61] => 1
            [62] => 0
            [63] => 0
            [64] => 0
            [65] => 0
            [66] => 0
            [67] => 0
            [68] => 0
            [69] => 1
        )

    [Q] => Array
        (
            [0] => 0
            [1] => 0
            [2] => 0
            [3] => 0
            [4] => 0
            [5] => 0
            [6] => 0
            [7] => 0
            [8] => 0
            [9] => 0
            [10] => 0
            [11] => 0
            [12] => 0
            [13] => 0
            [14] => 0
            [15] => 0
            [16] => 0
            [17] => 0
            [18] => 0
            [19] => 0
            [20] => 0
            [21] => 0
            [22] => 0
            [23] => 0
            [24] => 0
            [25] => 0
            [26] => 0
            [27] => 0
            [28] => 0
            [29] => 0
            [30] => 0
            [31] => 0
            [32] => 0
            [33] => 0
            [34] => 0
            [35] => 0
            [36] => 0
            [37] => 0
            [38] => 0
            [39] => 0
            [40] => 0
            [41] => 0
            [42] => 10
            [43] => 80
            [44] => 0
            [45] => 0
            [46] => 0
            [47] => 0
            [48] => 0
            [49] => 30
            [50] => 0
            [51] => 0
            [52] => 0
            [53] => 40
            [54] => 0
            [55] => 0
            [56] => 0
            [57] => 0
            [58] => 0
            [59] => 0
            [60] => 0
            [61] => 50
            [62] => 0
            [63] => 0
            [64] => 0
            [65] => 0
            [66] => 0
            [67] => 0
            [68] => 0
            [69] => 30
        )

    [E] => 3853590
    [DELIVER] => Array
        (
            [0] => S3=>P4
            [1] => S4=>P4
            [2] => S10=>P4
            [3] => S4=>P5
            [4] => S2=>P6
            [5] => S10=>P6
        )

    [_raw_output] => 
<<< setup

0 0 -1 0 0 0.25 0.5 0.8 1 0 0 0 0  14
1 2 0 740 1 0.25 0.5 0.8 1 0 7400 740 1500  14
2 4 1 175 1 0.25 0.5 0.8 1 0 5400 540 1500  14
3 3 1 110 2 0.25 0.5 0.8 1 0 3800 380 1500  14
4 5 2 30 6 0.25 0.5 0.8 1 0 3300 330 1500  14
5 6 3 38 2 0.25 0.5 0.8 1 0 2900 290 1500  14
6 4 2 22 4 0.25 0.5 0.8 1 0 2800 280 1500  14
Node nums: [0 1 2 3 4 5 6]
xx-Data uploaded-xx
	**** start init su array ...
0 [0 0 0 0 0 0 0 0 0 0]
1 [0 0 0 0 0 0 0 0 0 0]
2 [1 1 1 1 1 1 1 1 1 1]
3 [0 0 0 0 0 0 0 0 0 0]
4 [1 1 1 1 1 1 1 1 1 1]
5 [1 1 1 1 1 1 1 1 1 1]
6 [1 1 1 1 1 1 1 1 1 1]
	**** end init su array ...
1 2 1 100 80 0.85 0.92 0.8 (9)9
2 2 0.9 60 75 0.82 0.90 0.9 (9)9
3 1 1.1 80 90 0.88 0.95 0.5 (9)9
4 1 1 80 100 0.86 0.93 0.6 (9)9
5 5 0.6 50 40 0.72 0.78 1.5 (9)9
6 6 0.5 60 45 0.70 0.75 2.0 (9)9
7 7 0.5 80 40 0.68 0.72 2.5 (9)9
8 5 0.3 25 30 0.65 0.70 1.8 (9)9
9 9 0.2 250 15 0.60 0.65 3.5 (9)9
10 1 0.8 30 40 0.80 0.88 0.7 (9)9

<<< generate

Version identifier: 20.1.0.0 | 2020-11-10 | 9bedb6d68
CPXPARAM_TimeLimit                               300
Tried aggregator 2 times.
MIP Presolve eliminated 552 rows and 123 columns.
MIP Presolve modified 14 coefficients.
Aggregator did 5 substitutions.
Reduced MIP has 203 rows, 103 columns, and 518 nonzeros.
Reduced MIP has 35 binaries, 68 generals, 0 SOSs, and 0 indicators.
Presolve time = 0,00 sec. (0,78 ticks)
Found incumbent of value 1014910,400000 after 0,00 sec. (1,36 ticks)
Probing time = 0,00 sec. (0,06 ticks)
Cover probing fixed 0 vars, tightened 3 bounds.
Tried aggregator 1 time.
Detecting symmetries...
MIP Presolve eliminated 9 rows and 0 columns.
MIP Presolve modified 42 coefficients.
Reduced MIP has 194 rows, 103 columns, and 500 nonzeros.
Reduced MIP has 35 binaries, 68 generals, 0 SOSs, and 0 indicators.
Presolve time = 0,00 sec. (0,35 ticks)
Probing time = 0,00 sec. (0,05 ticks)
MIP emphasis: balance optimality and feasibility.
MIP search method: dynamic search.
Parallel mode: deterministic, using up to 20 threads.
Root relaxation solution time = 0,00 sec. (0,59 ticks)

        Nodes                                         Cuts/
   Node  Left     Objective  IInf  Best Integer    Best Bound    ItCnt     Gap

*     0+    0                      1014910,4000     3856,0000            99,62%
*     0+    0                       927578,4000     3856,0000            99,58%
*     0+    0                       827333,4000     3856,0000            99,53%
*     0+    0                       817550,4000     3856,0000            99,53%
*     0+    0                       807767,4000     3856,0000            99,52%
      0     0    40987,2377    44   807767,4000    40987,2377       54   94,93%
      0     0    41445,4111    47   807767,4000      Cuts: 37       93   94,87%
      0     0    41593,4517    24   807767,4000      Cuts: 24      108   94,85%
      0     0    41709,4201    26   807767,4000      Cuts: 17      119   94,84%
      0     0    41891,1121    59   807767,4000      Cuts: 11      139   94,81%
      0     0    41952,6905    36   807767,4000      Cuts: 16      156   94,81%
Detecting symmetries...
      0     0    41952,6905    36   807767,4000   ZeroHalf: 1      157   94,81%
      0     0    41961,4927    58   807767,4000   ZeroHalf: 1      167   94,81%
      0     0    41964,3760    58   807767,4000       Cuts: 3      171   94,80%
*     0+    0                        47378,0000    41964,3760            11,43%
*     0+    0                        46154,0000    41964,3760             9,08%
      0     0        cutoff          46154,0000    46154,0000      171    0,00%
Elapsed time = 0,56 sec. (14,46 ticks, tree = 0,01 MB, solutions = 7)

Cover cuts applied:  1
Implied bound cuts applied:  12
Flow cuts applied:  1
Mixed integer rounding cuts applied:  5
Zero-half cuts applied:  7
Lift and project cuts applied:  1
Gomory fractional cuts applied:  6

Root node processing (before b&c):
  Real time             =    0,56 sec. (14,48 ticks)
Parallel b&c, 20 threads:
  Real time             =    0,00 sec. (0,00 ticks)
  Sync time (average)   =    0,00 sec.
  Wait time (average)   =    0,00 sec.
                          ------------
Total (root+branch&cut) =    0,56 sec. (14,48 ticks)

<<< solve


OBJECTIVE: 46154
xxxx
#Result <fct_obj, tot_cst, tot_ldt, Emiss>: <46154 46120 34 3.8536e+6>#TS:46120#A:[0,2,10,3,6,7,6]#X:[0,1,1,1,0,1,0]#Z:[0,0,0,0,0,0,0,0,0,0,0,0,0,0,0,0,0,0,0,0,0,0,0,0,0,0,0,0,0,0,0,0,0,0,0,0,0,0,0,0,0,0,1,1,0,0,0,0,0,1,0,0,0,1,0,0,0,0,0,0,0,1,0,0,0,0,0,0,0,1]#Q:[0,0,0,0,0,0,0,0,0,0,0,0,0,0,0,0,0,0,0,0,0,0,0,0,0,0,0,0,0,0,0,0,0,0,0,0,0,0,0,0,0,0,10,80,0,0,0,0,0,30,0,0,0,40,0,0,0,0,0,0,0,50,0,0,0,0,0,0,0,30]#E: 3853590#DELIVER:
S3=>P4
S4=>P4
S10=>P4
S4=>P5
S2=>P6
S10=>P6
xxxx

<<< post process


<<< done


)
