Array
(
    [CplexRunTime] => Total (root+branch&cut) =    0,19 sec
    [status] => OPTIMAL
    [termination_reason] => OPTIMAL
    [mip_gap] => 0
    [Result] => Array
        (
            [Objective] => 35523
            [TotalCost] => 35520
            [LeadTime] => 3
            [Emissions] => 112400
        )

    [TS] => 35520
    [A] => Array
        (
            [0] => 0
            [1] => 3
        )

    [X] => Array
        (
            [0] => 0
            [1] => 1
        )

    [Z] => Array
        (
            [0] => 0
            [1] => 0
            [2] => 0
            [3] => 0
            [4] => 0
            [5] => 0
            [6] => 0
            [7] => 0
            [8] => 0
            [9] => 0
            [10] => 0
            [11] => 0
            [12] => 0
            [13] => 0
            [14] => 0
            [15] => 0
            [16] => 0
            [17] => 0
            [18] => 0
            [19] => 1
        )

    [Q] => Array
        (
            [0] => 0
            [1] => 0
            [2] => 0
            [3] => 0
            [4] => 0
            [5] => 0
            [6] => 0
            [7] => 0
            [8] => 0
            [9] => 0
            [10] => 0
            [11] => 0
            [12] => 0
            [13] => 0
            [14] => 0
            [15] => 0
            [16] => 0
            [17] => 0
            [18] => 0
            [19] => 20
        )

    [E] => 112400
    [DELIVER] => Array
        (
            [0] => S10=>P1
        )

    [_raw_output] => 
<<< setup

0 0 -1 0 0 0.25 0.5 0.8 1 0 0 0 0  14
1 2 0 600 1 0.25 0.5 0.8 1 0 6000 600 1500  14
Node nums: [0 1]
xx-Data uploaded-xx
	**** start init su array ...
0 [0 0 0 0 0 0 0 0 0 0]
1 [1 1 1 1 1 1 1 1 1 1]
	**** end init su array ...
1 2 1 100 80 0.85 0.92 0.8 (9)9
2 2 0.9 60 75 0.82 0.90 0.9 (9)9
3 1 1.1 80 90 0.88 0.95 0.5 (9)9
4 1 1 80 100 0.86 0.93 0.6 (9)9
5 5 0.6 50 40 0.72 0.78 1.5 (9)9
6 6 0.5 60 45 0.70 0.75 2.0 (9)9
7 7 0.5 80 40 0.68 0.72 2.5 (9)9
8 5 0.3 25 30 0.65 0.70 1.8 (9)9
9 9 0.2 250 15 0.60 0.65 3.5 (9)9
10 1 0.8 30 40 0.80 0.88 0.7 (9)9

<<< generate

Version identifier: 20.1.0.0 | 2020-11-10 | 9bedb6d68
CPXPARAM_TimeLimit                               300
Found incumbent of value 117611,000000 after 0,00 sec. (0,01 ticks)
Tried aggregator 2 times.
MIP Presolve eliminated 111 rows and 33 columns.
MIP Presolve modified 13 coefficients.
Aggregator did 3 substitutions.
Reduced MIP has 61 rows, 30 columns, and 156 nonzeros.
Reduced MIP has 10 binaries, 20 generals, 0 SOSs, and 0 indicators.
Presolve time = 0,00 sec. (0,24 ticks)
Probing time = 0,00 sec. (0,03 ticks)
Cover probing fixed 0 vars, tightened 1 bounds.
Tried aggregator 1 time.
Detecting symmetries...
MIP Presolve eliminated 6 rows and 1 columns.
MIP Presolve modified 16 coefficients.
Reduced MIP has 55 rows, 29 columns, and 143 nonzeros.
Reduced MIP has 10 binaries, 19 generals, 0 SOSs, and 0 indicators.
Presolve time = 0,00 sec. (0,15 ticks)
Probing time = 0,00 sec. (0,02 ticks)
MIP emphasis: balance optimality and feasibility.
MIP search method: dynamic search.
Parallel mode: deterministic, using up to 20 threads.
Root relaxation solution time = 0,00 sec. (0,09 ticks)

        Nodes                                         Cuts/
   Node  Left     Objective  IInf  Best Integer    Best Bound    ItCnt     Gap

*     0+    0                       117611,0000   -11997,0000           110,20%
*     0+    0                        88808,0000   -11997,0000           113,51%
*     0+    0                        50404,0000   -11997,0000           123,80%
      0     0    24399,3993    13    50404,0000    24399,3993       17   51,59%
      0     0    27070,1111     6    50404,0000       Cuts: 4       28   46,29%
      0     0    29763,0000     5    50404,0000       Cuts: 9       36   40,95%
*     0+    0                        35523,0000    29763,0000            16,21%
      0     0        cutoff          35523,0000    35523,0000       36    0,00%
Elapsed time = 0,19 sec. (1,14 ticks, tree = 0,01 MB, solutions = 3)

Implied bound cuts applied:  7
Zero-half cuts applied:  1
Gomory fractional cuts applied:  2

Root node processing (before b&c):
  Real time             =    0,19 sec. (1,15 ticks)
Parallel b&c, 20 threads:
  Real time             =    0,00 sec. (0,00 ticks)
  Sync time (average)   =    0,00 sec.
  Wait time (average)   =    0,00 sec.
                          ------------
Total (root+branch&cut) =    0,19 sec. (1,15 ticks)

<<< solve


OBJECTIVE: 35523
xxxx
#Result <fct_obj, tot_cst, tot_ldt, Emiss>: <35523 35520 3 1.124e+5>#TS:35520#A:[0,3]#X:[0,1]#Z:[0,0,0,0,0,0,0,0,0,0,0,0,0,0,0,0,0,0,0,1]#Q:[0,0,0,0,0,0,0,0,0,0,0,0,0,0,0,0,0,0,0,20]#E: 112400#DELIVER:
S10=>P1
xxxx

<<< post process


<<< done


)
