Array
(
    [CplexRunTime] => Total (root+branch&cut) =    0,19 sec
    [status] => OPTIMAL
    [termination_reason] => OPTIMAL
    [mip_gap] => 0
    [Result] => Array
        (
            [Objective] => 53132
            [TotalCost] => 53084
            [LeadTime] => 48
            [Emissions] => 5587200
        )

    [TS] => 53084
    [A] => Array
        (
            [0] => 0
            [1] => 2
            [2] => 10
            [3] => 10
            [4] => 6
            [5] => 7
            [6] => 6
            [7] => 7
        )

    [X] => Array
        (
            [0] => 0
            [1] => 1
            [2] => 1
            [3] => 1
            [4] => 0
            [5] => 0
            [6] => 0
            [7] => 0
        )

    [Z] => Array
        (
            [0] => 0
            [1] => 0
            [2] => 0
            [3] => 0
            [4] => 0
            [5] => 0
            [6] => 0
            [7] => 0
            [8] => 0
            [9] => 0
            [10] => 0
            [11] => 0
            [12] => 0
            [13] => 0
            [14] => 0
            [15] => 0
            [16] => 0
            [17] => 0
            [18] => 0
            [19] => 0
            [20] => 0
            [21] => 0
            [22] => 0
            [23] => 0
            [24] => 0
            [25] => 0
            [26] => 0
            [27] => 0
            [28] => 0
            [29] => 0
            [30] => 0
            [31] => 0
            [32] => 0
            [33] => 0
            [34] => 0
            [35] => 0
            [36] => 0
            [37] => 0
            [38] => 0
            [39] => 0
            [40] => 0
            [41] => 0
            [42] => 1
            [43] => 1
            [44] => 0
            [45] => 0
            [46] => 0
            [47] => 0
            [48] => 0
            [49] => 1
            [50] => 0
            [51] => 0
            [52] => 0
            [53] => 1
            [54] => 0
            [55] => 0
            [56] => 0
            [57] => 0
            [58] => 0
            [59] => 1
            [60] => 0
            [61] => 1
            [62] => 0
            [63] => 0
            [64] => 0
            [65] => 0
            [66] => 0
            [67] => 0
            [68] => 0
            [69] => 1
            [70] => 0
            [71] => 1
            [72] => 0
            [73] => 0
            [74] => 0
            [75] => 0
            [76] => 0
            [77] => 0
            [78] => 0
            [79] => 1
        )

    [Q] => Array
        (
            [0] => 0
            [1] => 0
            [2] => 0
            [3] => 0
            [4] => 0
            [5] => 0
            [6] => 0
            [7] => 0
            [8] => 0
            [9] => 0
            [10] => 0
            [11] => 0
            [12] => 0
            [13] => 0
            [14] => 0
            [15] => 0
            [16] => 0
            [17] => 0
            [18] => 0
            [19] => 0
            [20] => 0
            [21] => 0
            [22] => 0
            [23] => 0
            [24] => 0
            [25] => 0
            [26] => 0
            [27] => 0
            [28] => 0
            [29] => 0
            [30] => 0
            [31] => 0
            [32] => 0
            [33] => 0
            [34] => 0
            [35] => 0
            [36] => 0
            [37] => 0
            [38] => 0
            [39] => 0
            [40] => 0
            [41] => 0
            [42] => 10
            [43] => 80
            [44] => 0
            [45] => 0
            [46] => 0
            [47] => 0
            [48] => 0
            [49] => 30
            [50] => 0
            [51] => 0
            [52] => 0
            [53] => 10
            [54] => 0
            [55] => 0
            [56] => 0
            [57] => 0
            [58] => 0
            [59] => 30
            [60] => 0
            [61] => 50
            [62] => 0
            [63] => 0
            [64] => 0
            [65] => 0
            [66] => 0
            [67] => 0
            [68] => 0
            [69] => 30
            [70] => 0
            [71] => 30
            [72] => 0
            [73] => 0
            [74] => 0
            [75] => 0
            [76] => 0
            [77] => 0
            [78] => 0
            [79] => 30
        )

    [E] => 5587240
    [DELIVER] => Array
        (
            [0] => S3=>P4
            [1] => S4=>P4
            [2] => S10=>P4
            [3] => S4=>P5
            [4] => S10=>P5
            [5] => S2=>P6
            [6] => S10=>P6
            [7] => S2=>P7
            [8] => S10=>P7
        )

    [_raw_output] => 
<<< setup

0 0 -1 0 0 0.25 0.5 0.8 1 0 0 0 0  14
1 2 0 760 1 0.25 0.5 0.8 1 0 7600 760 1500  14
2 4 1 180 1 0.25 0.5 0.8 1 0 5600 560 1500  14
3 3 1 115 2 0.25 0.5 0.8 1 0 3900 390 1500  14
4 5 2 32 6 0.25 0.5 0.8 1 0 3400 340 1500  14
5 6 3 40 2 0.25 0.5 0.8 1 0 3000 300 1500  14
6 4 2 24 4 0.25 0.5 0.8 1 0 2900 290 1500  14
7 5 3 28 3 0.25 0.5 0.8 1 0 2700 270 1500  14
Node nums: [0 1 2 3 4 5 6 7]
xx-Data uploaded-xx
	**** start init su array ...
0 [0 0 0 0 0 0 0 0 0 0]
1 [0 0 0 0 0 0 0 0 0 0]
2 [1 1 1 1 1 1 1 1 1 1]
3 [0 0 0 0 0 0 0 0 0 0]
4 [1 1 1 1 1 1 1 1 1 1]
5 [1 1 1 1 1 1 1 1 1 1]
6 [1 1 1 1 1 1 1 1 1 1]
7 [1 1 1 1 1 1 1 1 1 1]
	**** end init su array ...
1 2 1 100 80 0.85 0.92 0.8 (9)9
2 2 0.9 60 75 0.82 0.90 0.9 (9)9
3 1 1.1 80 90 0.88 0.95 0.5 (9)9
4 1 1 80 100 0.86 0.93 0.6 (9)9
5 5 0.6 50 40 0.72 0.78 1.5 (9)9
6 6 0.5 60 45 0.70 0.75 2.0 (9)9
7 7 0.5 80 40 0.68 0.72 2.5 (9)9
8 5 0.3 25 30 0.65 0.70 1.8 (9)9
9 9 0.2 250 15 0.60 0.65 3.5 (9)9
10 1 0.8 30 40 0.80 0.88 0.7 (9)9

<<< generate

Version identifier: 20.1.0.0 | 2020-11-10 | 9bedb6d68
CPXPARAM_TimeLimit                               300
Tried aggregator 2 times.
MIP Presolve eliminated 633 rows and 123 columns.
MIP Presolve modified 19 coefficients.
Aggregator did 6 substitutions.
Reduced MIP has 268 rows, 135 columns, and 684 nonzeros.
Reduced MIP has 46 binaries, 89 generals, 0 SOSs, and 0 indicators.
Presolve time = 0,00 sec. (0,97 ticks)
Found incumbent of value 1450364,000000 after 0,00 sec. (1,71 ticks)
Probing time = 0,00 sec. (0,08 ticks)
Cover probing fixed 0 vars, tightened 4 bounds.
Tried aggregator 1 time.
Detecting symmetries...
MIP Presolve eliminated 12 rows and 0 columns.
MIP Presolve modified 56 coefficients.
Reduced MIP has 256 rows, 135 columns, and 660 nonzeros.
Reduced MIP has 46 binaries, 89 generals, 0 SOSs, and 0 indicators.
Presolve time = 0,00 sec. (0,46 ticks)
Probing time = 0,00 sec. (0,07 ticks)
MIP emphasis: balance optimality and feasibility.
MIP search method: dynamic search.
Parallel mode: deterministic, using up to 20 threads.
Root relaxation solution time = 0,00 sec. (0,84 ticks)

        Nodes                                         Cuts/
   Node  Left     Objective  IInf  Best Integer    Best Bound    ItCnt     Gap

*     0+    0                      1450364,0000      903,0000            99,94%
*     0+    0                      1360705,4000      903,0000            99,93%
*     0+    0                      1216871,2000      903,0000            99,93%
*     0+    0                      1206616,0000      903,0000            99,93%
*     0+    0                      1196360,8000      903,0000            99,92%
      0     0    48006,2247    57  1196360,8000    48006,2247       71   95,99%
      0     0    48674,9171    63  1196360,8000      Cuts: 52      139   95,93%
      0     0    49164,9071    64  1196360,8000      Cuts: 39      179   95,89%
      0     0    49320,9484    57  1196360,8000      Cuts: 27      206   95,88%
      0     0    49362,0972    75  1196360,8000      Cuts: 15      227   95,87%
      0     0    49413,3819    77  1196360,8000      Cuts: 18      239   95,87%
Detecting symmetries...
      0     0    49460,5082    73  1196360,8000      Cuts: 21      261   95,87%
      0     0    49476,7969    77  1196360,8000      Cuts: 12      275   95,86%
      0     0    49533,2784    77  1196360,8000      Cuts: 12      290   95,86%
      0     0    49544,9028    75  1196360,8000       Cuts: 5      295   95,86%
      0     0    49583,9846    36  1196360,8000   ZeroHalf: 8      306   95,86%
      0     0    49661,8974    30  1196360,8000      Cuts: 10      318   95,85%
      0     0    49704,6325    46  1196360,8000      Cuts: 10      328   95,85%
      0     0    49746,0841    44  1196360,8000       Cuts: 7      337   95,84%
*     0+    0                        64454,4000    49746,0841            22,82%
      0     0    49750,5580    46    64454,4000       Cuts: 3      340   22,81%
      0     0    49825,2717    42    64454,4000       Cuts: 4      347   22,70%
      0     0    49847,8493    46    64454,4000      Cuts: 14      358   22,66%
      0     0    49880,6784    44    64454,4000       Cuts: 9      366   22,61%
      0     0    49880,6784    44    64454,4000   ZeroHalf: 2      367   22,61%
*     0+    0                        53132,0000    49880,6784             6,12%
      0     0        cutoff          53132,0000    53132,0000      367    0,00%
Elapsed time = 0,19 sec. (31,77 ticks, tree = 0,01 MB, solutions = 8)

Cover cuts applied:  1
Implied bound cuts applied:  11
Flow cuts applied:  3
Mixed integer rounding cuts applied:  13
Zero-half cuts applied:  21
Lift and project cuts applied:  2
Gomory fractional cuts applied:  6

Root node processing (before b&c):
  Real time             =    0,19 sec. (31,80 ticks)
Parallel b&c, 20 threads:
  Real time             =    0,00 sec. (0,00 ticks)
  Sync time (average)   =    0,00 sec.
  Wait time (average)   =    0,00 sec.
                          ------------
Total (root+branch&cut) =    0,19 sec. (31,80 ticks)

<<< solve


OBJECTIVE: 53132
xxxx
#Result <fct_obj, tot_cst, tot_ldt, Emiss>: <53132 53084 48 5.5872e+6>#TS:53084#A:[0,2,10,10,6,7,6,7]#X:[0,1,1,1,0,0,0,0]#Z:[0,0,0,0,0,0,0,0,0,0,0,0,0,0,0,0,0,0,0,0,0,0,0,0,0,0,0,0,0,0,0,0,0,0,0,0,0,0,0,0,0,0,1,1,0,0,0,0,0,1,0,0,0,1,0,0,0,0,0,1,0,1,0,0,0,0,0,0,0,1,0,1,0,0,0,0,0,0,0,1]#Q:[0,0,0,0,0,0,0,0,0,0,0,0,0,0,0,0,0,0,0,0,0,0,0,0,0,0,0,0,0,0,0,0,0,0,0,0,0,0,0,0,0,0,10,80,0,0,0,0,0,30,0,0,0,10,0,0,0,0,0,30,0,50,0,0,0,0,0,0,0,30,0,30,0,0,0,0,0,0,0,30]#E: 5587240#DELIVER:
S3=>P4
S4=>P4
S10=>P4
S4=>P5
S10=>P5
S2=>P6
S10=>P6
S2=>P7
S10=>P7
xxxx

<<< post process


<<< done


)
