Array
(
    [CplexRunTime] => Total (root+branch&cut) =    0,27 sec
    [status] => OPTIMAL
    [termination_reason] => OPTIMAL
    [mip_gap] => 0
    [Result] => Array
        (
            [Objective] => 2682000
            [TotalCost] => 42620
            [DIO] => 29
            [WIP] => 95000
            [Emissions] => 0
        )

    [CS] => 42620
    [DIO] => 29
    [WIP] => 95000
    [E] => 2681960
    [A] => Array
        (
            [0] => 1
            [1] => 2
            [2] => 10
            [3] => 3
            [4] => 6
            [5] => 7
        )

    [X] => Array
        (
            [0] => 0
            [1] => 1
            [2] => 1
            [3] => 1
            [4] => 0
            [5] => 1
        )

    [DELIVER] => Array
        (
            [0] => S3=>P4
            [1] => S4=>P4
            [2] => S10=>P4
            [3] => S4=>P5
        )

    [_raw_output] => 
<<< setup

0 0 -1 0 0 0.25 0.5 0.8 1 0 0 0 0  14
1 2 0 720 1 0.25 0.5 0.8 1 0 7200 720 1500  14
2 4 1 170 1 0.25 0.5 0.8 1 0 5200 520 1500  14
3 3 1 105 2 0.25 0.5 0.8 1 0 3700 370 1500  14
4 5 2 28 6 0.25 0.5 0.8 1 0 3200 320 1500  14
5 6 3 35 2 0.25 0.5 0.8 1 0 2800 280 1500  14
Node nums: [0 1 2 3 4 5]
xx-Data uploaded-xx
	**** start init su array ...
0 [0 0 0 0 0 0 0 0 0 0]
1 [0 0 0 0 0 0 0 0 0 0]
2 [1 1 1 1 1 1 1 1 1 1]
3 [0 0 0 0 0 0 0 0 0 0]
4 [1 1 1 1 1 1 1 1 1 1]
5 [1 1 1 1 1 1 1 1 1 1]
	**** end init su array ...
1 2 1 100 80 0.85 0.92 0.8 (9)9
2 2 0.9 60 75 0.82 0.90 0.9 (9)9
3 1 1.1 80 90 0.88 0.95 0.5 (9)9
4 1 1 80 100 0.86 0.93 0.6 (9)9
5 5 0.6 50 40 0.72 0.78 1.5 (9)9
6 6 0.5 60 45 0.70 0.75 2.0 (9)9
7 7 0.5 80 40 0.68 0.72 2.5 (9)9
8 5 0.3 25 30 0.65 0.70 1.8 (9)9
9 9 0.2 250 15 0.60 0.65 3.5 (9)9
10 1 0.8 30 40 0.80 0.88 0.7 (9)9

<<< generate

Version identifier: 20.1.0.0 | 2020-11-10 | 9bedb6d68
CPXPARAM_TimeLimit                               300
Tried aggregator 2 times.
MIP Presolve eliminated 489 rows and 123 columns.
MIP Presolve modified 84 coefficients.
Aggregator did 2 substitutions.
Reduced MIP has 141 rows, 73 columns, and 385 nonzeros.
Reduced MIP has 24 binaries, 49 generals, 0 SOSs, and 0 indicators.
Presolve time = 0,00 sec. (0,77 ticks)
Probing fixed 3 vars, tightened 69 bounds.
Probing time = 0,00 sec. (0,08 ticks)
Cover probing fixed 0 vars, tightened 2 bounds.
Tried aggregator 2 times.
MIP Presolve eliminated 18 rows and 6 columns.
MIP Presolve modified 87 coefficients.
Aggregator did 2 substitutions.
Reduced MIP has 121 rows, 65 columns, and 335 nonzeros.
Reduced MIP has 21 binaries, 44 generals, 0 SOSs, and 0 indicators.
Presolve time = 0,00 sec. (0,27 ticks)
Probing fixed 0 vars, tightened 18 bounds.
Probing time = 0,00 sec. (0,07 ticks)
Tried aggregator 1 time.
Detecting symmetries...
MIP Presolve modified 38 coefficients.
Reduced MIP has 121 rows, 65 columns, and 335 nonzeros.
Reduced MIP has 21 binaries, 44 generals, 0 SOSs, and 0 indicators.
Presolve time = 0,00 sec. (0,22 ticks)
Probing time = 0,00 sec. (0,07 ticks)
Clique table members: 7.
MIP emphasis: balance optimality and feasibility.
MIP search method: dynamic search.
Parallel mode: deterministic, using up to 20 threads.
Root relaxation solution time = 0,00 sec. (0,46 ticks)

        Nodes                                         Cuts/
   Node  Left     Objective  IInf  Best Integer    Best Bound    ItCnt     Gap

      0     0  1706080,2642    27                1706080,2642       57         
      0     0  1761382,5315    42                    Cuts: 22       74         
      0     0  1819393,6750    37                    Cuts: 34      105         
      0     0  2022573,4859    44                    Cuts: 13      117         
      0     0  2168408,5836    40                     Cuts: 8      123         
      0     0  2173096,6314    40                     Cuts: 5      125         
Detecting symmetries...
      0     0  2190938,4023    40                 ZeroHalf: 1      127         
      0     0  2214774,3868    40                     Cuts: 6      128         
      0     0  2338065,8273    44                     Cuts: 7      133         
      0     0  2401140,7530    43                     Cuts: 6      140         
      0     0  2454964,0369    40                     Cuts: 5      147         
      0     0  2469880,7229    44                     Cuts: 3      151         
      0     0  2475086,2545    40                     Cuts: 6      156         
      0     0  2478796,9165    44                     Cuts: 4      161         
      0     0  2506897,2287    38                     Cuts: 8      168         
      0     0  2507865,2333    40                     Cuts: 4      171         
      0     0  2508747,1405    41                 ZeroHalf: 1      173         
      0     0  2509042,0447    41                     Cuts: 2      175         
      0     0  2510401,5195    41                 ZeroHalf: 1      178         
      0     0  2510472,2098    41                 Impl Bds: 1      179         
*     0+    0                      2681960,0000  2510472,2098             6,39%
      0     0        cutoff        2681960,0000  2681960,0000      179    0,00%
Elapsed time = 0,27 sec. (19,72 ticks, tree = 0,01 MB, solutions = 1)

Cover cuts applied:  1
Implied bound cuts applied:  14
Flow cuts applied:  1
Mixed integer rounding cuts applied:  5
Zero-half cuts applied:  10
Gomory fractional cuts applied:  3

Root node processing (before b&c):
  Real time             =    0,27 sec. (19,73 ticks)
Parallel b&c, 20 threads:
  Real time             =    0,00 sec. (0,00 ticks)
  Sync time (average)   =    0,00 sec.
  Wait time (average)   =    0,00 sec.
                          ------------
Total (root+branch&cut) =    0,27 sec. (19,73 ticks)

<<< solve


OBJECTIVE: 2681960
xxxx
#Result <fct_obj, tot_cost, DIO, WIP, Emiss>: <2.682e+6 42620 29 95000 2.682e+6 4620 38000 0>#CS:42620#DIO:29#WIP:95000#E: 2681960#A:[1,2,10,3,6,7]#X:[0,1,1,1,0,1]#DELIVER:
S3=>P4
S4=>P4
S10=>P4
S4=>P5
xxxx

<<< post process


<<< done


)
