Array
(
    [CplexRunTime] => Total (root+branch&cut) =    0,33 sec
    [status] => OPTIMAL
    [termination_reason] => OPTIMAL
    [mip_gap] => 0
    [Result] => Array
        (
            [Objective] => 461840
            [TotalCost] => 40920
            [DIO] => 12
            [WIP] => 86400
            [Emissions] => 0
        )

    [CS] => 40920
    [DIO] => 12
    [WIP] => 86400
    [E] => 461840
    [A] => Array
        (
            [0] => 1
            [1] => 2
            [2] => 5
            [3] => 4
        )

    [X] => Array
        (
            [0] => 0
            [1] => 1
            [2] => 1
            [3] => 1
        )

    [DELIVER] => Array
        (
            [0] => S10=>P2
            [1] => S4=>P3
        )

    [_raw_output] => 
<<< setup

0 0 -1 0 0 0.25 0.5 0.8 1 0 0 0 0  14
1 2 0 680 1 0.25 0.5 0.8 1 0 6800 680 1500  14
2 4 1 160 1 0.25 0.5 0.8 1 0 4800 480 1500  14
3 3 1 95 2 0.25 0.5 0.8 1 0 3200 320 1500  14
Node nums: [0 1 2 3]
xx-Data uploaded-xx
	**** start init su array ...
0 [0 0 0 0 0 0 0 0 0 0]
1 [0 0 0 0 0 0 0 0 0 0]
2 [1 1 1 1 1 1 1 1 1 1]
3 [1 1 1 1 1 1 1 1 1 1]
	**** end init su array ...
1 2 1 100 80 0.85 0.92 0.8 (9)9
2 2 0.9 60 75 0.82 0.90 0.9 (9)9
3 1 1.1 80 90 0.88 0.95 0.5 (9)9
4 1 1 80 100 0.86 0.93 0.6 (9)9
5 5 0.6 50 40 0.72 0.78 1.5 (9)9
6 6 0.5 60 45 0.70 0.75 2.0 (9)9
7 7 0.5 80 40 0.68 0.72 2.5 (9)9
8 5 0.3 25 30 0.65 0.70 1.8 (9)9
9 9 0.2 250 15 0.60 0.65 3.5 (9)9
10 1 0.8 30 40 0.80 0.88 0.7 (9)9

<<< generate

Version identifier: 20.1.0.0 | 2020-11-10 | 9bedb6d68
CPXPARAM_TimeLimit                               300
Tried aggregator 2 times.
MIP Presolve eliminated 251 rows and 62 columns.
MIP Presolve modified 27 coefficients.
Aggregator did 1 substitutions.
Reduced MIP has 136 rows, 69 columns, and 370 nonzeros.
Reduced MIP has 23 binaries, 46 generals, 0 SOSs, and 0 indicators.
Presolve time = 0,00 sec. (0,54 ticks)
Probing fixed 1 vars, tightened 0 bounds.
Probing time = 0,00 sec. (0,19 ticks)
Cover probing fixed 0 vars, tightened 2 bounds.
Tried aggregator 2 times.
Detecting symmetries...
MIP Presolve eliminated 8 rows and 1 columns.
MIP Presolve modified 28 coefficients.
Aggregator did 1 substitutions.
Reduced MIP has 127 rows, 67 columns, and 351 nonzeros.
Reduced MIP has 22 binaries, 45 generals, 0 SOSs, and 0 indicators.
Presolve time = 0,00 sec. (0,33 ticks)
Probing fixed 0 vars, tightened 3 bounds.
Probing time = 0,00 sec. (0,14 ticks)
Clique table members: 37.
MIP emphasis: balance optimality and feasibility.
MIP search method: dynamic search.
Parallel mode: deterministic, using up to 20 threads.
Root relaxation solution time = 0,00 sec. (0,30 ticks)

        Nodes                                         Cuts/
   Node  Left     Objective  IInf  Best Integer    Best Bound    ItCnt     Gap

      0     0   453984,4444     3                 453984,4444       33         
      0     0   460013,6695     5                     Cuts: 8       45         
      0     0   460071,2304    11                    Fract: 2       60         
      0     0   460071,2304    11                 ZeroHalf: 2       62         
      0     0   460071,2304    11                 ZeroHalf: 1       63         
*     0+    0                       461840,0000   460071,2304             0,38%
      0     0        cutoff         461840,0000   461840,0000       63    0,00%
Elapsed time = 0,33 sec. (8,39 ticks, tree = 0,01 MB, solutions = 1)

GUB cover cuts applied:  1
Implied bound cuts applied:  2
Flow cuts applied:  1
Zero-half cuts applied:  1
Gomory fractional cuts applied:  3

Root node processing (before b&c):
  Real time             =    0,33 sec. (8,39 ticks)
Parallel b&c, 20 threads:
  Real time             =    0,00 sec. (0,00 ticks)
  Sync time (average)   =    0,00 sec.
  Wait time (average)   =    0,00 sec.
                          ------------
Total (root+branch&cut) =    0,33 sec. (8,39 ticks)

<<< solve


OBJECTIVE: 461840
xxxx
#Result <fct_obj, tot_cost, DIO, WIP, Emiss>: <4.6184e+5 40920 12 86400 4.6184e+5 6360 34560 0>#CS:40920#DIO:12#WIP:86400#E: 461840#A:[1,2,5,4]#X:[0,1,1,1]#DELIVER:
S10=>P2
S4=>P3
xxxx

<<< post process


<<< done


)
