Array
(
    [CplexRunTime] => Total (root+branch&cut) =    1,70 sec
    [status] => OPTIMAL
    [termination_reason] => OPTIMAL
    [mip_gap] => 0
    [Result] => Array
        (
            [Objective] => 40931
            [TotalCost] => 40920
            [LeadTime] => 11
            [Emissions] => 461840
        )

    [TS] => 40920
    [A] => Array
        (
            [0] => 0
            [1] => 2
            [2] => 5
            [3] => 4
        )

    [X] => Array
        (
            [0] => 0
            [1] => 1
            [2] => 1
            [3] => 1
        )

    [Z] => Array
        (
            [0] => 0
            [1] => 0
            [2] => 0
            [3] => 0
            [4] => 0
            [5] => 0
            [6] => 0
            [7] => 0
            [8] => 0
            [9] => 0
            [10] => 0
            [11] => 0
            [12] => 0
            [13] => 0
            [14] => 0
            [15] => 0
            [16] => 0
            [17] => 0
            [18] => 0
            [19] => 0
            [20] => 0
            [21] => 0
            [22] => 0
            [23] => 0
            [24] => 0
            [25] => 0
            [26] => 0
            [27] => 0
            [28] => 0
            [29] => 1
            [30] => 0
            [31] => 0
            [32] => 0
            [33] => 1
            [34] => 0
            [35] => 0
            [36] => 0
            [37] => 0
            [38] => 0
            [39] => 0
        )

    [Q] => Array
        (
            [0] => 0
            [1] => 0
            [2] => 0
            [3] => 0
            [4] => 0
            [5] => 0
            [6] => 0
            [7] => 0
            [8] => 0
            [9] => 0
            [10] => 0
            [11] => 0
            [12] => 0
            [13] => 0
            [14] => 0
            [15] => 0
            [16] => 0
            [17] => 0
            [18] => 0
            [19] => 0
            [20] => 0
            [21] => 0
            [22] => 0
            [23] => 0
            [24] => 0
            [25] => 0
            [26] => 0
            [27] => 0
            [28] => 0
            [29] => 20
            [30] => 0
            [31] => 0
            [32] => 0
            [33] => 40
            [34] => 0
            [35] => 0
            [36] => 0
            [37] => 0
            [38] => 0
            [39] => 0
        )

    [E] => 461840
    [DELIVER] => Array
        (
            [0] => S10=>P2
            [1] => S4=>P3
        )

    [_raw_output] => 
<<< setup

0 0 -1 0 0 0.25 0.5 0.8 1 0 0 0 0  14
1 2 0 680 1 0.25 0.5 0.8 1 0 6800 680 1500  14
2 4 1 160 1 0.25 0.5 0.8 1 0 4800 480 1500  14
3 3 1 95 2 0.25 0.5 0.8 1 0 3200 320 1500  14
Node nums: [0 1 2 3]
xx-Data uploaded-xx
	**** start init su array ...
0 [0 0 0 0 0 0 0 0 0 0]
1 [0 0 0 0 0 0 0 0 0 0]
2 [1 1 1 1 1 1 1 1 1 1]
3 [1 1 1 1 1 1 1 1 1 1]
	**** end init su array ...
1 2 1 100 80 0.85 0.92 0.8 (9)9
2 2 0.9 60 75 0.82 0.90 0.9 (9)9
3 1 1.1 80 90 0.88 0.95 0.5 (9)9
4 1 1 80 100 0.86 0.93 0.6 (9)9
5 5 0.6 50 40 0.72 0.78 1.5 (9)9
6 6 0.5 60 45 0.70 0.75 2.0 (9)9
7 7 0.5 80 40 0.68 0.72 2.5 (9)9
8 5 0.3 25 30 0.65 0.70 1.8 (9)9
9 9 0.2 250 15 0.60 0.65 3.5 (9)9
10 1 0.8 30 40 0.80 0.88 0.7 (9)9

<<< generate

Version identifier: 20.1.0.0 | 2020-11-10 | 9bedb6d68
CPXPARAM_TimeLimit                               300
Tried aggregator 2 times.
MIP Presolve eliminated 242 rows and 61 columns.
MIP Presolve modified 21 coefficients.
Aggregator did 3 substitutions.
Reduced MIP has 134 rows, 68 columns, and 342 nonzeros.
Reduced MIP has 24 binaries, 44 generals, 0 SOSs, and 0 indicators.
Presolve time = 0,00 sec. (0,42 ticks)
Found incumbent of value 502344,500000 after 0,00 sec. (0,79 ticks)
Probing fixed 1 vars, tightened 0 bounds.
Probing time = 0,00 sec. (0,07 ticks)
Cover probing fixed 0 vars, tightened 2 bounds.
Tried aggregator 2 times.
Detecting symmetries...
MIP Presolve eliminated 9 rows and 2 columns.
MIP Presolve modified 28 coefficients.
Aggregator did 1 substitutions.
Reduced MIP has 124 rows, 65 columns, and 320 nonzeros.
Reduced MIP has 22 binaries, 43 generals, 0 SOSs, and 0 indicators.
Presolve time = 0,00 sec. (0,30 ticks)
Probing time = 0,00 sec. (0,04 ticks)
Clique table members: 2.
MIP emphasis: balance optimality and feasibility.
MIP search method: dynamic search.
Parallel mode: deterministic, using up to 20 threads.
Root relaxation solution time = 0,00 sec. (0,40 ticks)

        Nodes                                         Cuts/
   Node  Left     Objective  IInf  Best Integer    Best Bound    ItCnt     Gap

*     0+    0                       502343,5000   -14203,5000           102,83%
*     0+    0                       430998,5000   -14203,5000           103,30%
*     0+    0                        50309,5000   -14203,5000           128,23%
*     0+    0                        49571,0000   -14203,5000           128,65%
*     0+    0                        49390,0000   -14203,5000           128,76%
*     0+    0                        49313,5000   -14203,5000           128,80%
      0     0    29168,9029    31    49313,5000    29168,9029       39   40,85%
      0     0    29782,7676    36    49313,5000      Cuts: 24       61   39,61%
      0     0    30350,1350    36    49313,5000      Cuts: 28       83   38,45%
      0     0    30493,3566    37    49313,5000       Cuts: 8       92   38,16%
      0     0    30529,9327    37    49313,5000       Cuts: 6       95   38,09%
      0     0    30554,1503    37    49313,5000       Cuts: 2       98   38,04%
Detecting symmetries...
      0     0    30568,9116    33    49313,5000    MIRcuts: 1      101   38,01%
      0     0    30578,8150    33    49313,5000       Cuts: 6      109   37,99%
      0     0    30581,9475    33    49313,5000   Impl Bds: 1      110   37,98%
*     0+    0                        45312,0000    30581,9475            32,51%
*     0+    0                        40931,0000    30581,9475            25,28%
      0     0        cutoff          40931,0000    40931,0000      110    0,00%
Elapsed time = 1,70 sec. (8,36 ticks, tree = 0,01 MB, solutions = 9)

Implied bound cuts applied:  11
Mixed integer rounding cuts applied:  3
Zero-half cuts applied:  4
Lift and project cuts applied:  1
Gomory fractional cuts applied:  2

Root node processing (before b&c):
  Real time             =    1,70 sec. (8,37 ticks)
Parallel b&c, 20 threads:
  Real time             =    0,00 sec. (0,00 ticks)
  Sync time (average)   =    0,00 sec.
  Wait time (average)   =    0,00 sec.
                          ------------
Total (root+branch&cut) =    1,70 sec. (8,37 ticks)

<<< solve


OBJECTIVE: 40931
xxxx
#Result <fct_obj, tot_cst, tot_ldt, Emiss>: <40931 40920 11 4.6184e+5>#TS:40920#A:[0,2,5,4]#X:[0,1,1,1]#Z:[0,0,0,0,0,0,0,0,0,0,0,0,0,0,0,0,0,0,0,0,0,0,0,0,0,0,0,0,0,1,0,0,0,1,0,0,0,0,0,0]#Q:[0,0,0,0,0,0,0,0,0,0,0,0,0,0,0,0,0,0,0,0,0,0,0,0,0,0,0,0,0,20,0,0,0,40,0,0,0,0,0,0]#E: 461840#DELIVER:
S10=>P2
S4=>P3
xxxx

<<< post process


<<< done


)
