Array
(
    [CplexRunTime] => Total (root+branch&cut) =    0,00 sec
    [status] => OPTIMAL
    [termination_reason] => OPTIMAL
    [mip_gap] => 0
    [Result] => Array
        (
            [Objective] => 237400
            [TotalCost] => 23600
            [DIO] => 8
            [WIP] => 53000
            [Emissions] => 0
        )

    [CS] => 23600
    [DIO] => 8
    [WIP] => 53000
    [E] => 237400
    [A] => Array
        (
            [0] => 1
            [1] => 2
            [2] => 5
        )

    [X] => Array
        (
            [0] => 0
            [1] => 1
            [2] => 1
        )

    [DELIVER] => Array
        (
            [0] => S10=>P2
        )

    [_raw_output] => 
<<< setup

0 0 -1 0 0 0.25 0.5 0.8 1 0 0 0 0  14
1 2 0 650 1 0.25 0.5 0.8 1 0 6500 650 1500  14
2 4 1 150 1 0.25 0.5 0.8 1 0 4500 450 1500  14
Node nums: [0 1 2]
xx-Data uploaded-xx
	**** start init su array ...
0 [0 0 0 0 0 0 0 0 0 0]
1 [0 0 0 0 0 0 0 0 0 0]
2 [1 1 1 1 1 1 1 1 1 1]
	**** end init su array ...
1 2 1 100 80 0.85 0.92 0.8 (9)9
2 2 0.9 60 75 0.82 0.90 0.9 (9)9
3 1 1.1 80 90 0.88 0.95 0.5 (9)9
4 1 1 80 100 0.86 0.93 0.6 (9)9
5 5 0.6 50 40 0.72 0.78 1.5 (9)9
6 6 0.5 60 45 0.70 0.75 2.0 (9)9
7 7 0.5 80 40 0.68 0.72 2.5 (9)9
8 5 0.3 25 30 0.65 0.70 1.8 (9)9
9 9 0.2 250 15 0.60 0.65 3.5 (9)9
10 1 0.8 30 40 0.80 0.88 0.7 (9)9

<<< generate

Version identifier: 20.1.0.0 | 2020-11-10 | 9bedb6d68
CPXPARAM_TimeLimit                               300
Tried aggregator 3 times.
MIP Presolve eliminated 227 rows and 71 columns.
MIP Presolve modified 89 coefficients.
Aggregator did 4 substitutions.
Reduced MIP has 50 rows, 24 columns, and 140 nonzeros.
Reduced MIP has 8 binaries, 16 generals, 0 SOSs, and 0 indicators.
Presolve time = 0,00 sec. (0,47 ticks)
Probing fixed 8 vars, tightened 21 bounds.
Probing time = 0,00 sec. (0,02 ticks)
Tried aggregator 1 time.
MIP Presolve eliminated 50 rows and 24 columns.
All rows and columns eliminated.
Presolve time = 0,00 sec. (0,02 ticks)

Root node processing (before b&c):
  Real time             =    0,00 sec. (0,84 ticks)
Parallel b&c, 20 threads:
  Real time             =    0,00 sec. (0,00 ticks)
  Sync time (average)   =    0,00 sec.
  Wait time (average)   =    0,00 sec.
                          ------------
Total (root+branch&cut) =    0,00 sec. (0,84 ticks)

<<< solve


OBJECTIVE: 237400
xxxx
#Result <fct_obj, tot_cost, DIO, WIP, Emiss>: <2.374e+5 23600 8 53000 2.374e+5 2400 21200 0>#CS:23600#DIO:8#WIP:53000#E: 237400#A:[1,2,5]#X:[0,1,1]#DELIVER:
S10=>P2
xxxx

<<< post process


<<< done


)
