Array
(
    [CplexRunTime] => Total (root+branch&cut) =    0,22 sec
    [status] => OPTIMAL
    [termination_reason] => OPTIMAL
    [mip_gap] => 0
    [Result] => Array
        (
            [Objective] => 63346
            [TotalCost] => 63273
            [LeadTime] => 73
            [Emissions] => 9949300
        )

    [TS] => 63273
    [A] => Array
        (
            [0] => 0
            [1] => 2
            [2] => 16
            [3] => 9
            [4] => 12
            [5] => 6
            [6] => 10
            [7] => 6
            [8] => 7
            [9] => 5
        )

    [X] => Array
        (
            [0] => 0
            [1] => 1
            [2] => 1
            [3] => 1
            [4] => 0
            [5] => 0
            [6] => 0
            [7] => 0
            [8] => 0
            [9] => 1
        )

    [Z] => Array
        (
            [0] => 0
            [1] => 0
            [2] => 0
            [3] => 0
            [4] => 0
            [5] => 0
            [6] => 0
            [7] => 0
            [8] => 0
            [9] => 0
            [10] => 0
            [11] => 0
            [12] => 0
            [13] => 0
            [14] => 0
            [15] => 0
            [16] => 0
            [17] => 0
            [18] => 0
            [19] => 0
            [20] => 0
            [21] => 0
            [22] => 0
            [23] => 0
            [24] => 0
            [25] => 0
            [26] => 0
            [27] => 0
            [28] => 0
            [29] => 0
            [30] => 0
            [31] => 0
            [32] => 0
            [33] => 0
            [34] => 0
            [35] => 0
            [36] => 0
            [37] => 0
            [38] => 0
            [39] => 0
            [40] => 0
            [41] => 0
            [42] => 0
            [43] => 0
            [44] => 0
            [45] => 0
            [46] => 0
            [47] => 0
            [48] => 0
            [49] => 0
            [50] => 0
            [51] => 0
            [52] => 0
            [53] => 0
            [54] => 0
            [55] => 0
            [56] => 0
            [57] => 0
            [58] => 0
            [59] => 0
            [60] => 0
            [61] => 0
            [62] => 0
            [63] => 0
            [64] => 0
            [65] => 1
            [66] => 0
            [67] => 1
            [68] => 0
            [69] => 0
            [70] => 0
            [71] => 0
            [72] => 0
            [73] => 1
            [74] => 0
            [75] => 0
            [76] => 0
            [77] => 0
            [78] => 0
            [79] => 1
            [80] => 0
            [81] => 0
            [82] => 0
            [83] => 1
            [84] => 0
            [85] => 0
            [86] => 0
            [87] => 0
            [88] => 0
            [89] => 1
            [90] => 0
            [91] => 0
            [92] => 0
            [93] => 1
            [94] => 0
            [95] => 0
            [96] => 0
            [97] => 0
            [98] => 0
            [99] => 0
        )

    [Q] => Array
        (
            [0] => 0
            [1] => 0
            [2] => 0
            [3] => 0
            [4] => 0
            [5] => 0
            [6] => 0
            [7] => 0
            [8] => 0
            [9] => 0
            [10] => 0
            [11] => 0
            [12] => 0
            [13] => 0
            [14] => 0
            [15] => 0
            [16] => 0
            [17] => 0
            [18] => 0
            [19] => 0
            [20] => 0
            [21] => 0
            [22] => 0
            [23] => 0
            [24] => 0
            [25] => 0
            [26] => 0
            [27] => 0
            [28] => 0
            [29] => 0
            [30] => 0
            [31] => 0
            [32] => 0
            [33] => 0
            [34] => 0
            [35] => 0
            [36] => 0
            [37] => 0
            [38] => 0
            [39] => 0
            [40] => 0
            [41] => 0
            [42] => 0
            [43] => 0
            [44] => 0
            [45] => 0
            [46] => 0
            [47] => 0
            [48] => 0
            [49] => 0
            [50] => 0
            [51] => 0
            [52] => 0
            [53] => 0
            [54] => 0
            [55] => 0
            [56] => 0
            [57] => 0
            [58] => 0
            [59] => 0
            [60] => 0
            [61] => 0
            [62] => 0
            [63] => 0
            [64] => 0
            [65] => 55
            [66] => 0
            [67] => 25
            [68] => 0
            [69] => 0
            [70] => 0
            [71] => 0
            [72] => 0
            [73] => 30
            [74] => 0
            [75] => 0
            [76] => 0
            [77] => 0
            [78] => 0
            [79] => 30
            [80] => 0
            [81] => 0
            [82] => 0
            [83] => 70
            [84] => 0
            [85] => 0
            [86] => 0
            [87] => 0
            [88] => 0
            [89] => 30
            [90] => 0
            [91] => 0
            [92] => 0
            [93] => 40
            [94] => 0
            [95] => 0
            [96] => 0
            [97] => 0
            [98] => 0
            [99] => 0
        )

    [E] => 9949345
    [DELIVER] => Array
        (
            [0] => S6=>P6
            [1] => S8=>P6
            [2] => S4=>P7
            [3] => S10=>P7
            [4] => S4=>P8
            [5] => S10=>P8
            [6] => S4=>P9
        )

    [_raw_output] => 
<<< setup

0 0 -1 0 0 0.25 0.5 0.8 1 0 0 0 0  14
1 2 0 800 1 0.25 0.5 0.8 1 0 8000 800 1500  14
2 4 1 190 1 0.25 0.5 0.8 1 0 6000 600 1500  14
3 3 1 125 2 0.25 0.5 0.8 1 0 4200 420 1500  14
4 5 2 35 6 0.25 0.5 0.8 1 0 3600 360 1500  14
5 6 3 45 2 0.25 0.5 0.8 1 0 3200 320 1500  14
6 4 2 27 4 0.25 0.5 0.8 1 0 3100 310 1500  14
7 5 3 32 3 0.25 0.5 0.8 1 0 2900 290 1500  14
8 6 4 20 5 0.25 0.5 0.8 1 0 2600 260 1500  14
9 4 5 18 2 0.25 0.5 0.8 1 0 2400 240 1500  14
Node nums: [0 1 2 3 4 5 6 7 8 9]
xx-Data uploaded-xx
	**** start init su array ...
0 [0 0 0 0 0 0 0 0 0 0]
1 [0 0 0 0 0 0 0 0 0 0]
2 [1 1 1 1 1 1 1 1 1 1]
3 [0 0 0 0 0 0 0 0 0 0]
4 [1 1 1 1 1 1 1 1 1 1]
5 [1 1 1 1 1 1 1 1 1 1]
6 [1 1 1 1 1 1 1 1 1 1]
7 [1 1 1 1 1 1 1 1 1 1]
8 [1 1 1 1 1 1 1 1 1 1]
9 [1 1 1 1 1 1 1 1 1 1]
	**** end init su array ...
1 2 1 100 80 0.85 0.92 0.8 (9)9
2 2 0.9 60 75 0.82 0.90 0.9 (9)9
3 1 1.1 80 90 0.88 0.95 0.5 (9)9
4 1 1 80 100 0.86 0.93 0.6 (9)9
5 5 0.6 50 40 0.72 0.78 1.5 (9)9
6 6 0.5 60 45 0.70 0.75 2.0 (9)9
7 7 0.5 80 40 0.68 0.72 2.5 (9)9
8 5 0.3 25 30 0.65 0.70 1.8 (9)9
9 9 0.2 250 15 0.60 0.65 3.5 (9)9
10 1 0.8 30 40 0.80 0.88 0.7 (9)9

<<< generate

Version identifier: 20.1.0.0 | 2020-11-10 | 9bedb6d68
CPXPARAM_TimeLimit                               300
Tried aggregator 2 times.
MIP Presolve eliminated 949 rows and 183 columns.
MIP Presolve modified 19 coefficients.
Aggregator did 6 substitutions.
Reduced MIP has 276 rows, 141 columns, and 704 nonzeros.
Reduced MIP has 48 binaries, 93 generals, 0 SOSs, and 0 indicators.
Presolve time = 0,00 sec. (1,15 ticks)
Found incumbent of value 1630087,300000 after 0,00 sec. (1,93 ticks)
Probing time = 0,00 sec. (0,08 ticks)
Cover probing fixed 0 vars, tightened 4 bounds.
Tried aggregator 1 time.
Detecting symmetries...
MIP Presolve eliminated 12 rows and 0 columns.
MIP Presolve modified 56 coefficients.
Reduced MIP has 264 rows, 141 columns, and 680 nonzeros.
Reduced MIP has 48 binaries, 93 generals, 0 SOSs, and 0 indicators.
Presolve time = 0,00 sec. (0,47 ticks)
Probing time = 0,00 sec. (0,07 ticks)
MIP emphasis: balance optimality and feasibility.
MIP search method: dynamic search.
Parallel mode: deterministic, using up to 20 threads.
Root relaxation solution time = 0,00 sec. (0,94 ticks)

        Nodes                                         Cuts/
   Node  Left     Objective  IInf  Best Integer    Best Bound    ItCnt     Gap

*     0+    0                      1630087,3000     3579,5000            99,78%
*     0+    0                      1528330,5000     3579,5000            99,77%
*     0+    0                      1314201,0000     3579,5000            99,73%
*     0+    0                      1296108,9000     3579,5000            99,72%
*     0+    0                      1278016,8000     3579,5000            99,72%
*     0+    0                      1259924,7000     3579,5000            99,72%
      0     0    54550,9389    68  1259924,7000    54550,9389       78   95,67%
      0     0    54976,4220    55  1259924,7000      Cuts: 46      119   95,64%
      0     0    55175,5836    56  1259924,7000      Cuts: 26      150   95,62%
      0     0    55315,9839    51  1259924,7000      Cuts: 22      170   95,61%
      0     0    55499,3429    71  1259924,7000      Cuts: 21      193   95,60%
      0     0    55658,8030    55  1259924,7000      Cuts: 22      213   95,58%
Detecting symmetries...
      0     0    55691,8915    55  1259924,7000      Cuts: 12      221   95,58%
      0     0    55726,2695    79  1259924,7000      Cuts: 15      236   95,58%
      0     0    55774,4067    75  1259924,7000      Cuts: 15      247   95,57%
      0     0    55787,1773    76  1259924,7000       Cuts: 5      254   95,57%
      0     0    55788,9312    76  1259924,7000       Cuts: 4      260   95,57%
      0     0    55833,3647    77  1259924,7000       Cuts: 3      269   95,57%
      0     0    55844,8014    81  1259924,7000      Cuts: 10      275   95,57%
      0     0    55845,5274    81  1259924,7000       Cuts: 5      281   95,57%
*     0+    0                        69727,7000    55845,5274            19,91%
*     0+    0                        63346,0000    55845,5274            11,84%

Implied bound cuts applied:  20
Flow cuts applied:  2
Mixed integer rounding cuts applied:  10
Zero-half cuts applied:  17
Gomory fractional cuts applied:  2

Root node processing (before b&c):
  Real time             =    0,22 sec. (28,41 ticks)
Parallel b&c, 20 threads:
  Real time             =    0,00 sec. (0,00 ticks)
  Sync time (average)   =    0,00 sec.
  Wait time (average)   =    0,00 sec.
                          ------------
Total (root+branch&cut) =    0,22 sec. (28,41 ticks)

<<< solve


OBJECTIVE: 63346
xxxx
#Result <fct_obj, tot_cst, tot_ldt, Emiss>: <63346 63273 73 9.9493e+6>#TS:63273#A:[0,2,16,9,12,6,10,6,7,5]#X:[0,1,1,1,0,0,0,0,0,1]#Z:[0,0,0,0,0,0,0,0,0,0,0,0,0,0,0,0,0,0,0,0,0,0,0,0,0,0,0,0,0,0,0,0,0,0,0,0,0,0,0,0,0,0,0,0,0,0,0,0,0,0,0,0,0,0,0,0,0,0,0,0,0,0,0,0,0,1,0,1,0,0,0,0,0,1,0,0,0,0,0,1,0,0,0,1,0,0,0,0,0,1,0,0,0,1,0,0,0,0,0,0]#Q:[0,0,0,0,0,0,0,0,0,0,0,0,0,0,0,0,0,0,0,0,0,0,0,0,0,0,0,0,0,0,0,0,0,0,0,0,0,0,0,0,0,0,0,0,0,0,0,0,0,0,0,0,0,0,0,0,0,0,0,0,0,0,0,0,0,55,0,25,0,0,0,0,0,30,0,0,0,0,0,30,0,0,0,70,0,0,0,0,0,30,0,0,0,40,0,0,0,0,0,0]#E: 9949345#DELIVER:
S6=>P6
S8=>P6
S4=>P7
S10=>P7
S4=>P8
S10=>P8
S4=>P9
xxxx

<<< post process


<<< done


)
