Array
(
    [CplexRunTime] => Total (root+branch&cut) =    0,63 sec
    [status] => OPTIMAL
    [termination_reason] => OPTIMAL
    [mip_gap] => 0
    [Result] => Array
        (
            [Objective] => 42648
            [TotalCost] => 42620
            [LeadTime] => 28
            [Emissions] => 2682000
        )

    [TS] => 42620
    [A] => Array
        (
            [0] => 0
            [1] => 2
            [2] => 10
            [3] => 3
            [4] => 6
            [5] => 7
        )

    [X] => Array
        (
            [0] => 0
            [1] => 1
            [2] => 1
            [3] => 1
            [4] => 0
            [5] => 1
        )

    [Z] => Array
        (
            [0] => 0
            [1] => 0
            [2] => 0
            [3] => 0
            [4] => 0
            [5] => 0
            [6] => 0
            [7] => 0
            [8] => 0
            [9] => 0
            [10] => 0
            [11] => 0
            [12] => 0
            [13] => 0
            [14] => 0
            [15] => 0
            [16] => 0
            [17] => 0
            [18] => 0
            [19] => 0
            [20] => 0
            [21] => 0
            [22] => 0
            [23] => 0
            [24] => 0
            [25] => 0
            [26] => 0
            [27] => 0
            [28] => 0
            [29] => 0
            [30] => 0
            [31] => 0
            [32] => 0
            [33] => 0
            [34] => 0
            [35] => 0
            [36] => 0
            [37] => 0
            [38] => 0
            [39] => 0
            [40] => 0
            [41] => 0
            [42] => 1
            [43] => 1
            [44] => 0
            [45] => 0
            [46] => 0
            [47] => 0
            [48] => 0
            [49] => 1
            [50] => 0
            [51] => 0
            [52] => 0
            [53] => 1
            [54] => 0
            [55] => 0
            [56] => 0
            [57] => 0
            [58] => 0
            [59] => 0
        )

    [Q] => Array
        (
            [0] => 0
            [1] => 0
            [2] => 0
            [3] => 0
            [4] => 0
            [5] => 0
            [6] => 0
            [7] => 0
            [8] => 0
            [9] => 0
            [10] => 0
            [11] => 0
            [12] => 0
            [13] => 0
            [14] => 0
            [15] => 0
            [16] => 0
            [17] => 0
            [18] => 0
            [19] => 0
            [20] => 0
            [21] => 0
            [22] => 0
            [23] => 0
            [24] => 0
            [25] => 0
            [26] => 0
            [27] => 0
            [28] => 0
            [29] => 0
            [30] => 0
            [31] => 0
            [32] => 0
            [33] => 0
            [34] => 0
            [35] => 0
            [36] => 0
            [37] => 0
            [38] => 0
            [39] => 0
            [40] => 0
            [41] => 0
            [42] => 10
            [43] => 80
            [44] => 0
            [45] => 0
            [46] => 0
            [47] => 0
            [48] => 0
            [49] => 30
            [50] => 0
            [51] => 0
            [52] => 0
            [53] => 40
            [54] => 0
            [55] => 0
            [56] => 0
            [57] => 0
            [58] => 0
            [59] => 0
        )

    [E] => 2681960
    [DELIVER] => Array
        (
            [0] => S3=>P4
            [1] => S4=>P4
            [2] => S10=>P4
            [3] => S4=>P5
        )

    [_raw_output] => 
<<< setup

0 0 -1 0 0 0.25 0.5 0.8 1 0 0 0 0  14
1 2 0 720 1 0.25 0.5 0.8 1 0 7200 720 1500  14
2 4 1 170 1 0.25 0.5 0.8 1 0 5200 520 1500  14
3 3 1 105 2 0.25 0.5 0.8 1 0 3700 370 1500  14
4 5 2 28 6 0.25 0.5 0.8 1 0 3200 320 1500  14
5 6 3 35 2 0.25 0.5 0.8 1 0 2800 280 1500  14
Node nums: [0 1 2 3 4 5]
xx-Data uploaded-xx
	**** start init su array ...
0 [0 0 0 0 0 0 0 0 0 0]
1 [0 0 0 0 0 0 0 0 0 0]
2 [1 1 1 1 1 1 1 1 1 1]
3 [0 0 0 0 0 0 0 0 0 0]
4 [1 1 1 1 1 1 1 1 1 1]
5 [1 1 1 1 1 1 1 1 1 1]
	**** end init su array ...
1 2 1 100 80 0.85 0.92 0.8 (9)9
2 2 0.9 60 75 0.82 0.90 0.9 (9)9
3 1 1.1 80 90 0.88 0.95 0.5 (9)9
4 1 1 80 100 0.86 0.93 0.6 (9)9
5 5 0.6 50 40 0.72 0.78 1.5 (9)9
6 6 0.5 60 45 0.70 0.75 2.0 (9)9
7 7 0.5 80 40 0.68 0.72 2.5 (9)9
8 5 0.3 25 30 0.65 0.70 1.8 (9)9
9 9 0.2 250 15 0.60 0.65 3.5 (9)9
10 1 0.8 30 40 0.80 0.88 0.7 (9)9

<<< generate

Version identifier: 20.1.0.0 | 2020-11-10 | 9bedb6d68
CPXPARAM_TimeLimit                               300
Tried aggregator 2 times.
MIP Presolve eliminated 481 rows and 123 columns.
MIP Presolve modified 12 coefficients.
Aggregator did 4 substitutions.
Reduced MIP has 138 rows, 71 columns, and 352 nonzeros.
Reduced MIP has 24 binaries, 47 generals, 0 SOSs, and 0 indicators.
Presolve time = 0,00 sec. (0,57 ticks)
Found incumbent of value 696202,900000 after 0,00 sec. (0,97 ticks)
Probing time = 0,00 sec. (0,04 ticks)
Cover probing fixed 0 vars, tightened 2 bounds.
Tried aggregator 1 time.
Detecting symmetries...
MIP Presolve eliminated 6 rows and 0 columns.
MIP Presolve modified 28 coefficients.
Reduced MIP has 132 rows, 71 columns, and 340 nonzeros.
Reduced MIP has 24 binaries, 47 generals, 0 SOSs, and 0 indicators.
Presolve time = 0,00 sec. (0,23 ticks)
Probing time = 0,00 sec. (0,04 ticks)
MIP emphasis: balance optimality and feasibility.
MIP search method: dynamic search.
Parallel mode: deterministic, using up to 20 threads.
Root relaxation solution time = 0,00 sec. (0,45 ticks)

        Nodes                                         Cuts/
   Node  Left     Objective  IInf  Best Integer    Best Bound    ItCnt     Gap

*     0+    0                       696202,9000     6225,5000            99,11%
*     0+    0                       611817,1000     6225,5000            98,98%
*     0+    0                       529027,4000     6225,5000            98,82%
*     0+    0                       519693,5000     6225,5000            98,80%
*     0+    0                       510359,6000     6225,5000            98,78%
      0     0    38448,1672    36   510359,6000    38448,1672       44   92,47%
      0     0    38578,2306    17   510359,6000      Cuts: 30       63   92,44%
      0     0    38730,9158    17   510359,6000      Cuts: 15       73   92,41%
      0     0    38757,7950    17   510359,6000       Cuts: 6       79   92,41%
*     0+    0                        47664,5000    38757,7950            18,69%
      0     0    38762,6275    17    47664,5000       Cuts: 4       82   18,68%
*     0+    0                        43769,0000    38762,6275            11,44%
      0     0    40732,1860    17    43769,0000      Cuts: 11       99    6,94%
Detecting symmetries...
      0     0    41142,4783    14    43769,0000       Cuts: 4      102    6,00%
      0     0    41264,7500    10    43769,0000   ZeroHalf: 2      104    5,72%
      0     0    41354,7000     8    43769,0000   ZeroHalf: 1      107    5,52%
      0     0    41458,6667    11    43769,0000       Cuts: 2      111    5,28%
      0     0    41484,9412    11    43769,0000       Cuts: 4      112    5,22%
*     0+    0                        42648,0000    41484,9412             2,73%
      0     0        cutoff          42648,0000    42648,0000      112    0,00%
Elapsed time = 0,63 sec. (8,65 ticks, tree = 0,01 MB, solutions = 9)

Cover cuts applied:  2
Implied bound cuts applied:  8
Mixed integer rounding cuts applied:  9
Zero-half cuts applied:  5
Lift and project cuts applied:  1
Gomory fractional cuts applied:  4

Root node processing (before b&c):
  Real time             =    0,63 sec. (8,66 ticks)
Parallel b&c, 20 threads:
  Real time             =    0,00 sec. (0,00 ticks)
  Sync time (average)   =    0,00 sec.
  Wait time (average)   =    0,00 sec.
                          ------------
Total (root+branch&cut) =    0,63 sec. (8,66 ticks)

<<< solve


OBJECTIVE: 42648
xxxx
#Result <fct_obj, tot_cst, tot_ldt, Emiss>: <42648 42620 28 2.682e+6>#TS:42620#A:[0,2,10,3,6,7]#X:[0,1,1,1,0,1]#Z:[0,0,0,0,0,0,0,0,0,0,0,0,0,0,0,0,0,0,0,0,0,0,0,0,0,0,0,0,0,0,0,0,0,0,0,0,0,0,0,0,0,0,1,1,0,0,0,0,0,1,0,0,0,1,0,0,0,0,0,0]#Q:[0,0,0,0,0,0,0,0,0,0,0,0,0,0,0,0,0,0,0,0,0,0,0,0,0,0,0,0,0,0,0,0,0,0,0,0,0,0,0,0,0,0,10,80,0,0,0,0,0,30,0,0,0,40,0,0,0,0,0,0]#E: 2681960#DELIVER:
S3=>P4
S4=>P4
S10=>P4
S4=>P5
xxxx

<<< post process


<<< done


)
