Array
(
    [CplexRunTime] => Total (root+branch&cut) =    0,22 sec
    [status] => OPTIMAL
    [termination_reason] => OPTIMAL
    [mip_gap] => 0
    [Result] => Array
        (
            [Objective] => 29496000
            [TotalCost] => 116450
            [DIO] => 135
            [WIP] => 250360
            [Emissions] => 0
        )

    [CS] => 116448
    [DIO] => 135
    [WIP] => 250360
    [E] => 29495946
    [A] => Array
        (
            [0] => 1
            [1] => 2
            [2] => 9
            [3] => 23
            [4] => 6
            [5] => 4
            [6] => 16
            [7] => 12
            [8] => 4
            [9] => 4
            [10] => 17
            [11] => 12
            [12] => 12
            [13] => 13
        )

    [X] => Array
        (
            [0] => 0
            [1] => 1
            [2] => 1
            [3] => 1
            [4] => 1
            [5] => 0
            [6] => 0
            [7] => 0
            [8] => 1
            [9] => 1
            [10] => 1
            [11] => 0
            [12] => 0
            [13] => 0
        )

    [DELIVER] => Array
        (
            [0] => S9=>P7
            [1] => S4=>P8
            [2] => S4=>P9
            [3] => S9=>P11
            [4] => S1=>P12
            [5] => S2=>P12
            [6] => S3=>P12
            [7] => S4=>P12
            [8] => S5=>P12
            [9] => S8=>P12
            [10] => S10=>P12
            [11] => S1=>P13
            [12] => S2=>P13
            [13] => S4=>P13
            [14] => S10=>P13
        )

    [_raw_output] => 
<<< setup

0 0 -1 0 1 0,25 0,5 0,8 1 0 0 0 0  14
1 2 0 1000 1 0,25 0,5 0,8 1 0 7000 700 1500  14
2 5 1 120 1 0,25 0,5 0,8 1 0 3500 450 1500  14
3 7 1 250 1 0,25 0,5 0,8 1 0 5500 550 1500  14
4 6 1 100 3 0,25 0,5 0,8 1 0 2800 280 1500  14
5 4 2 65 2 0,25 0,5 0,8 1 0 2350 235 1500  14
6 4 3 80 5 0,25 0,5 0,8 1 0 2600 260 1500  14
7 3 3 110 1 0,25 0,5 0,8 1 0 2900 290 1500  14
8 3 4 40 3 0,25 0,5 0,8 1 0 1600 160 1500  14
9 3 5 24 2 0,25 0,5 0,8 1 0 1250 125 1500  14
10 4 5 16 2 0,25 0,5 0,8 1 0 1120 112 1500  14
11 3 6 21 10 0,25 0,5 0,8 1 0 1200 120 1500  14
12 7 6 27 20 0,25 0,5 0,8 1 0 1000 100 1500  14
13 11 10 9 12 0,25 0,5 0,5 1 0 1100 110 1500  14
Node nums: [0 1 2 3 4 5 6 7 8 9 10 11 12 13]
xx-Data uploaded-xx
	**** start init su array ...
0 [0 0 0 0 0 0 0 0 0 0]
1 [0 0 0 0 0 0 0 0 0 0]
2 [0 0 0 0 0 0 0 0 0 0]
3 [0 0 0 0 0 0 0 0 0 0]
4 [0 0 0 0 0 0 0 0 0 0]
5 [0 0 0 0 0 0 0 0 0 0]
6 [0 0 0 0 0 0 0 0 0 0]
7 [1 1 1 1 1 1 1 1 1 1]
8 [1 1 1 1 1 1 1 1 1 1]
9 [1 1 1 1 1 1 1 1 1 1]
10 [0 0 0 0 0 0 0 0 0 0]
11 [1 1 1 1 1 1 1 1 1 1]
12 [1 1 1 1 1 1 1 1 1 1]
13 [1 1 1 1 1 1 1 1 1 1]
	**** end init su array ...
1 2 1 100 80 0.85 0.92 0.8 (9)9
2 2 0.9 60 75 0.82 0.90 0.9 (9)9
3 1 1.1 80 90 0.88 0.95 0.5 (9)9
4 1 1 80 100 0.86 0.93 0.6 (9)9
5 5 0.6 50 40 0.72 0.78 1.5 (9)9
6 6 0.5 60 45 0.70 0.75 2.0 (9)9
7 7 0.5 80 40 0.68 0.72 2.5 (9)9
8 5 0.3 25 30 0.65 0.70 1.8 (9)9
9 9 0.2 250 15 0.60 0.65 3.5 (9)9
10 1 0.8 30 40 0.80 0.88 0.7 (9)9

<<< generate

Version identifier: 20.1.0.0 | 2020-11-10 | 9bedb6d68
CPXPARAM_TimeLimit                               300
Tried aggregator 2 times.
MIP Presolve eliminated 1585 rows and 243 columns.
MIP Presolve modified 174 coefficients.
Aggregator did 3 substitutions.
Reduced MIP has 420 rows, 216 columns, and 1158 nonzeros.
Reduced MIP has 72 binaries, 144 generals, 0 SOSs, and 0 indicators.
Presolve time = 0,00 sec. (2,29 ticks)
Probing fixed 0 vars, tightened 42 bounds.
Probing time = 0,00 sec. (0,24 ticks)
Cover probing fixed 0 vars, tightened 19 bounds.
Tried aggregator 1 time.
Detecting symmetries...
MIP Presolve eliminated 26 rows and 0 columns.
MIP Presolve modified 143 coefficients.
Reduced MIP has 394 rows, 216 columns, and 1106 nonzeros.
Reduced MIP has 72 binaries, 144 generals, 0 SOSs, and 0 indicators.
Presolve time = 0,00 sec. (0,75 ticks)
Probing fixed 4 vars, tightened 60 bounds.
Probing time = 0,00 sec. (0,22 ticks)
MIP emphasis: balance optimality and feasibility.
MIP search method: dynamic search.
Parallel mode: deterministic, using up to 20 threads.
Root relaxation solution time = 0,00 sec. (1,50 ticks)

        Nodes                                         Cuts/
   Node  Left     Objective  IInf  Best Integer    Best Bound    ItCnt     Gap

      0     0   2,29512e+07    64                 2,29512e+07      108         
      0     0   2,37450e+07    45                    Cuts: 67      154         
      0     0   2,43587e+07    54                    Cuts: 36      190         
      0     0   2,44791e+07    60                    Cuts: 21      215         
      0     0   2,45043e+07    62                    Cuts: 13      228         
      0     0   2,45065e+07    62                     Cuts: 6      232         
Detecting symmetries...
      0     0   2,45070e+07    62                     Cuts: 3      233         
      0     0   2,45077e+07    62                     Cuts: 2      235         
*     0+    0                       2,94959e+07   2,45077e+07            16,91%

Implied bound cuts applied:  31
Flow cuts applied:  1
Mixed integer rounding cuts applied:  2
Zero-half cuts applied:  11
Lift and project cuts applied:  1
Gomory fractional cuts applied:  9

Root node processing (before b&c):
  Real time             =    0,22 sec. (39,92 ticks)
Parallel b&c, 20 threads:
  Real time             =    0,00 sec. (0,00 ticks)
  Sync time (average)   =    0,00 sec.
  Wait time (average)   =    0,00 sec.
                          ------------
Total (root+branch&cut) =    0,22 sec. (39,92 ticks)

<<< solve


OBJECTIVE: 2.949595e+7
xxxx
#Result <fct_obj, tot_cost, DIO, WIP, Emiss>: <2.9496e+7 1.1645e+5 135 2.5036e+5 2.9496e+7 16304 1.0014e+5 0>#CS:116448#DIO:135#WIP:250360#E: 29495946#A:[1,2,9,23,6,4,16,12,4,4,17,12,12,13]#X:[0,1,1,1,1,0,0,0,1,1,1,0,0,0]#DELIVER:
S9=>P7
S4=>P8
S4=>P9
S9=>P11
S1=>P12
S2=>P12
S3=>P12
S4=>P12
S5=>P12
S8=>P12
S10=>P12
S1=>P13
S2=>P13
S4=>P13
S10=>P13
xxxx

<<< post process


<<< done


)
