Array
(
    [CplexRunTime] => Total (root+branch&cut) =    0,28 sec
    [status] => OPTIMAL
    [termination_reason] => OPTIMAL
    [mip_gap] => 0
    [Result] => Array
        (
            [Objective] => 5587200
            [TotalCost] => 53084
            [DIO] => 49
            [WIP] => 112400
            [Emissions] => 0
        )

    [CS] => 53084
    [DIO] => 49
    [WIP] => 112400
    [E] => 5587240
    [A] => Array
        (
            [0] => 1
            [1] => 2
            [2] => 10
            [3] => 10
            [4] => 6
            [5] => 7
            [6] => 6
            [7] => 7
        )

    [X] => Array
        (
            [0] => 0
            [1] => 1
            [2] => 1
            [3] => 1
            [4] => 0
            [5] => 0
            [6] => 0
            [7] => 0
        )

    [DELIVER] => Array
        (
            [0] => S3=>P4
            [1] => S4=>P4
            [2] => S10=>P4
            [3] => S4=>P5
            [4] => S10=>P5
            [5] => S2=>P6
            [6] => S10=>P6
            [7] => S2=>P7
            [8] => S10=>P7
        )

    [_raw_output] => 
<<< setup

0 0 -1 0 0 0.25 0.5 0.8 1 0 0 0 0  14
1 2 0 760 1 0.25 0.5 0.8 1 0 7600 760 1500  14
2 4 1 180 1 0.25 0.5 0.8 1 0 5600 560 1500  14
3 3 1 115 2 0.25 0.5 0.8 1 0 3900 390 1500  14
4 5 2 32 6 0.25 0.5 0.8 1 0 3400 340 1500  14
5 6 3 40 2 0.25 0.5 0.8 1 0 3000 300 1500  14
6 4 2 24 4 0.25 0.5 0.8 1 0 2900 290 1500  14
7 5 3 28 3 0.25 0.5 0.8 1 0 2700 270 1500  14
Node nums: [0 1 2 3 4 5 6 7]
xx-Data uploaded-xx
	**** start init su array ...
0 [0 0 0 0 0 0 0 0 0 0]
1 [0 0 0 0 0 0 0 0 0 0]
2 [1 1 1 1 1 1 1 1 1 1]
3 [0 0 0 0 0 0 0 0 0 0]
4 [1 1 1 1 1 1 1 1 1 1]
5 [1 1 1 1 1 1 1 1 1 1]
6 [1 1 1 1 1 1 1 1 1 1]
7 [1 1 1 1 1 1 1 1 1 1]
	**** end init su array ...
1 2 1 100 80 0.85 0.92 0.8 (9)9
2 2 0.9 60 75 0.82 0.90 0.9 (9)9
3 1 1.1 80 90 0.88 0.95 0.5 (9)9
4 1 1 80 100 0.86 0.93 0.6 (9)9
5 5 0.6 50 40 0.72 0.78 1.5 (9)9
6 6 0.5 60 45 0.70 0.75 2.0 (9)9
7 7 0.5 80 40 0.68 0.72 2.5 (9)9
8 5 0.3 25 30 0.65 0.70 1.8 (9)9
9 9 0.2 250 15 0.60 0.65 3.5 (9)9
10 1 0.8 30 40 0.80 0.88 0.7 (9)9

<<< generate

Version identifier: 20.1.0.0 | 2020-11-10 | 9bedb6d68
CPXPARAM_TimeLimit                               300
Tried aggregator 2 times.
MIP Presolve eliminated 641 rows and 123 columns.
MIP Presolve modified 158 coefficients.
Aggregator did 5 substitutions.
Reduced MIP has 270 rows, 136 columns, and 762 nonzeros.
Reduced MIP has 46 binaries, 90 generals, 0 SOSs, and 0 indicators.
Presolve time = 0,00 sec. (1,38 ticks)
Probing fixed 1 vars, tightened 59 bounds.
Probing time = 0,00 sec. (0,17 ticks)
Cover probing fixed 0 vars, tightened 4 bounds.
Tried aggregator 2 times.
Detecting symmetries...
MIP Presolve eliminated 15 rows and 1 columns.
MIP Presolve modified 93 coefficients.
Aggregator did 1 substitutions.
Reduced MIP has 254 rows, 134 columns, and 728 nonzeros.
Reduced MIP has 45 binaries, 89 generals, 0 SOSs, and 0 indicators.
Presolve time = 0,00 sec. (0,67 ticks)
Probing fixed 1 vars, tightened 41 bounds.
Probing time = 0,00 sec. (0,16 ticks)
Clique table members: 8.
MIP emphasis: balance optimality and feasibility.
MIP search method: dynamic search.
Parallel mode: deterministic, using up to 20 threads.
Root relaxation solution time = 0,02 sec. (1,07 ticks)

        Nodes                                         Cuts/
   Node  Left     Objective  IInf  Best Integer    Best Bound    ItCnt     Gap

      0     0  2842020,5811    37                2842020,5811       91         
      0     0  2947394,5725    69                    Cuts: 56      118         
      0     0  3320135,3017    60                    Cuts: 39      144         
      0     0  3501921,0917    48                    Cuts: 34      172         
      0     0  3565625,5609    40                    Cuts: 18      188         
      0     0  3570290,2662    50                     Cuts: 7      194         
Detecting symmetries...
      0     0  3574859,2664    50                     Cuts: 6      199         
      0     0  3575702,1083    49                     Cuts: 5      201         
      0     0  3595816,6740    48                     Cuts: 5      209         
      0     0  3595816,6740    48                 ZeroHalf: 1      210         
      0     0  3595816,6740    48                 ZeroHalf: 1      211         
*     0+    0                      5587240,0000  3595816,6740            35,64%
      0     0        cutoff        5587240,0000  5587240,0000      211    0,00%
Elapsed time = 0,28 sec. (35,47 ticks, tree = 0,01 MB, solutions = 1)

Cover cuts applied:  1
Implied bound cuts applied:  21
Flow cuts applied:  1
Mixed integer rounding cuts applied:  5
Zero-half cuts applied:  14
Lift and project cuts applied:  2
Gomory fractional cuts applied:  8

Root node processing (before b&c):
  Real time             =    0,28 sec. (35,48 ticks)
Parallel b&c, 20 threads:
  Real time             =    0,00 sec. (0,00 ticks)
  Sync time (average)   =    0,00 sec.
  Wait time (average)   =    0,00 sec.
                          ------------
Total (root+branch&cut) =    0,28 sec. (35,48 ticks)

<<< solve


OBJECTIVE: 5587240
xxxx
#Result <fct_obj, tot_cost, DIO, WIP, Emiss>: <5.5872e+6 53084 49 1.124e+5 5.5872e+6 8124 44960 0>#CS:53084#DIO:49#WIP:112400#E: 5587240#A:[1,2,10,10,6,7,6,7]#X:[0,1,1,1,0,0,0,0]#DELIVER:
S3=>P4
S4=>P4
S10=>P4
S4=>P5
S10=>P5
S2=>P6
S10=>P6
S2=>P7
S10=>P7
xxxx

<<< post process


<<< done


)
