Array
(
    [CplexRunTime] => Total (root+branch&cut) =    0,11 sec
    [status] => OPTIMAL
    [termination_reason] => OPTIMAL
    [mip_gap] => 0
    [Result] => Array
        (
            [Objective] => 3853600
            [TotalCost] => 46120
            [DIO] => 35
            [WIP] => 99080
            [Emissions] => 0
        )

    [CS] => 46120
    [DIO] => 35
    [WIP] => 99080
    [E] => 3853590
    [A] => Array
        (
            [0] => 1
            [1] => 2
            [2] => 10
            [3] => 3
            [4] => 6
            [5] => 7
            [6] => 6
        )

    [X] => Array
        (
            [0] => 0
            [1] => 1
            [2] => 1
            [3] => 1
            [4] => 0
            [5] => 1
            [6] => 0
        )

    [DELIVER] => Array
        (
            [0] => S3=>P4
            [1] => S4=>P4
            [2] => S10=>P4
            [3] => S4=>P5
            [4] => S2=>P6
            [5] => S10=>P6
        )

    [_raw_output] => 
<<< setup

0 0 -1 0 0 0.25 0.5 0.8 1 0 0 0 0  14
1 2 0 740 1 0.25 0.5 0.8 1 0 7400 740 1500  14
2 4 1 175 1 0.25 0.5 0.8 1 0 5400 540 1500  14
3 3 1 110 2 0.25 0.5 0.8 1 0 3800 380 1500  14
4 5 2 30 6 0.25 0.5 0.8 1 0 3300 330 1500  14
5 6 3 38 2 0.25 0.5 0.8 1 0 2900 290 1500  14
6 4 2 22 4 0.25 0.5 0.8 1 0 2800 280 1500  14
Node nums: [0 1 2 3 4 5 6]
xx-Data uploaded-xx
	**** start init su array ...
0 [0 0 0 0 0 0 0 0 0 0]
1 [0 0 0 0 0 0 0 0 0 0]
2 [1 1 1 1 1 1 1 1 1 1]
3 [0 0 0 0 0 0 0 0 0 0]
4 [1 1 1 1 1 1 1 1 1 1]
5 [1 1 1 1 1 1 1 1 1 1]
6 [1 1 1 1 1 1 1 1 1 1]
	**** end init su array ...
1 2 1 100 80 0.85 0.92 0.8 (9)9
2 2 0.9 60 75 0.82 0.90 0.9 (9)9
3 1 1.1 80 90 0.88 0.95 0.5 (9)9
4 1 1 80 100 0.86 0.93 0.6 (9)9
5 5 0.6 50 40 0.72 0.78 1.5 (9)9
6 6 0.5 60 45 0.70 0.75 2.0 (9)9
7 7 0.5 80 40 0.68 0.72 2.5 (9)9
8 5 0.3 25 30 0.65 0.70 1.8 (9)9
9 9 0.2 250 15 0.60 0.65 3.5 (9)9
10 1 0.8 30 40 0.80 0.88 0.7 (9)9

<<< generate

Version identifier: 20.1.0.0 | 2020-11-10 | 9bedb6d68
CPXPARAM_TimeLimit                               300
Tried aggregator 2 times.
MIP Presolve eliminated 560 rows and 123 columns.
MIP Presolve modified 86 coefficients.
Aggregator did 2 substitutions.
Reduced MIP has 207 rows, 106 columns, and 566 nonzeros.
Reduced MIP has 35 binaries, 71 generals, 0 SOSs, and 0 indicators.
Presolve time = 0,00 sec. (1,01 ticks)
Probing fixed 1 vars, tightened 41 bounds.
Probing time = 0,00 sec. (0,11 ticks)
Cover probing fixed 0 vars, tightened 3 bounds.
Tried aggregator 2 times.
Detecting symmetries...
MIP Presolve eliminated 12 rows and 1 columns.
MIP Presolve modified 79 coefficients.
Aggregator did 1 substitutions.
Reduced MIP has 194 rows, 104 columns, and 538 nonzeros.
Reduced MIP has 34 binaries, 70 generals, 0 SOSs, and 0 indicators.
Presolve time = 0,00 sec. (0,50 ticks)
Probing fixed 1 vars, tightened 43 bounds.
Probing time = 0,00 sec. (0,14 ticks)
Clique table members: 12.
MIP emphasis: balance optimality and feasibility.
MIP search method: dynamic search.
Parallel mode: deterministic, using up to 20 threads.
Root relaxation solution time = 0,00 sec. (0,71 ticks)

        Nodes                                         Cuts/
   Node  Left     Objective  IInf  Best Integer    Best Bound    ItCnt     Gap

      0     0  2228788,9299    34                2228788,9299       63         
      0     0  2337092,3232    34                    Cuts: 40       88         
      0     0  2689498,0082    41                    Cuts: 44      110         
      0     0  2743505,0368    30                    Cuts: 23      126         
      0     0  2868278,0249    33                    Cuts: 14      144         
      0     0  2892423,4201    35                    Cuts: 12      154         
Detecting symmetries...
      0     0  2944106,1336    43                    Cuts: 10      164         
      0     0  3050293,3839    49                    Cuts: 14      171         
      0     0  3096982,3488    54                    Cuts: 11      188         
      0     0  3107590,8267    36                     Cuts: 8      197         
      0     0  3120323,4354    38                 ZeroHalf: 2      200         
      0     0  3146694,1541    37                 ZeroHalf: 3      206         
      0     0  3151097,1225    39                     Cuts: 5      210         
      0     0  3156140,0765    43                     Cuts: 3      214         
      0     0  3164213,3586    45                     Cuts: 9      223         
      0     0  3165387,3941    48                     Cuts: 5      226         
      0     0  3173030,6731    45                 ZeroHalf: 6      232         
      0     0  3180375,8947    44                     Cuts: 4      236         
      0     0  3180845,5158    45                 ZeroHalf: 1      239         
      0     0  3196663,5291    43                 ZeroHalf: 2      244         
      0     0  3198999,5335    40                     Cuts: 5      250         
      0     0  3210512,5864    40                 ZeroHalf: 3      256         
      0     0  3217566,6426    41                     Cuts: 6      259         
      0     0  3233487,3157    49                 ZeroHalf: 2      269         
      0     0  3241216,0787    39                     Cuts: 8      273         
      0     0  3243428,4102    39                     Cuts: 2      274         
      0     0  3243781,2842    39                 ZeroHalf: 1      275         
*     0+    0                      3853590,0000  3243781,2842            15,82%

Cover cuts applied:  1
Implied bound cuts applied:  20
Flow cuts applied:  1
Mixed integer rounding cuts applied:  4
Zero-half cuts applied:  16
Gomory fractional cuts applied:  4

Root node processing (before b&c):
  Real time             =    0,11 sec. (31,82 ticks)
Parallel b&c, 20 threads:
  Real time             =    0,00 sec. (0,00 ticks)
  Sync time (average)   =    0,00 sec.
  Wait time (average)   =    0,00 sec.
                          ------------
Total (root+branch&cut) =    0,11 sec. (31,82 ticks)

<<< solve


OBJECTIVE: 3853590
xxxx
#Result <fct_obj, tot_cost, DIO, WIP, Emiss>: <3.8536e+6 46120 35 99080 3.8536e+6 6488 39632 0>#CS:46120#DIO:35#WIP:99080#E: 3853590#A:[1,2,10,3,6,7,6]#X:[0,1,1,1,0,1,0]#DELIVER:
S3=>P4
S4=>P4
S10=>P4
S4=>P5
S2=>P6
S10=>P6
xxxx

<<< post process


<<< done


)
