Array
(
    [CplexRunTime] => 1,27 sec
    [Result] => Array
        (
            [Objective] => 82403
            [TotalCost] => 82380
            [LeadTime] => 23
            [Emissions] => 1493800
        )

    [TS] => 82380
    [A] => Array
        (
            [0] => 0
            [1] => 2
            [2] => 5
            [3] => 6
            [4] => 4
            [5] => 6
        )

    [X] => Array
        (
            [0] => 0
            [1] => 1
            [2] => 1
            [3] => 1
            [4] => 1
            [5] => 1
        )

    [E] => 1493800
    [RT] => 1.261
    [DELIVER] => Array
        (
            [0] => S10=>P2
            [1] => S10=>P4
            [2] => S10=>P5
        )

    [_raw_output] => 
<<< setup

0 0 -1 0 0 0.25 0.5 0.8 1 0 0 0 0  14
1 2 0 700 1 0.25 0.5 0.8 1 0 7000 700 1500  14
2 4 1 165 1 0.25 0.5 0.8 1 0 5000 500 1500  14
3 6 1 100 2 0.25 0.5 0.8 1 0 3500 350 1500  14
4 3 3 25 6 0.25 0.5 0.8 1 0 3000 300 1500  14
5 5 3 30 2 0.25 0.5 0.8 1 0 2500 250 1500  14
Node nums: [0 1 2 3 4 5]
xx-Data uploaded-xx
	**** start init su array ...
0 [0 0 0 0 0 0 0 0 0 0]
1 [0 0 0 0 0 0 0 0 0 0]
2 [1 1 1 1 1 1 1 1 1 1]
3 [0 0 0 0 0 0 0 0 0 0]
4 [1 1 1 1 1 1 1 1 1 1]
5 [1 1 1 1 1 1 1 1 1 1]
	**** end init su array ...
1 2 1 700 80 0.85 0.92 0.8 (9)9
2 2 0.9 800 75 0.82 0.90 0.9 (9)9
3 1 1.1 680 90 0.88 0.95 0.5 (9)9
4 1 1 480 100 0.86 0.93 0.6 (9)9
5 5 0.6 550 40 0.72 0.78 1.5 (9)9
6 6 0.5 650 45 0.70 0.75 2.0 (9)9
7 7 0.5 1100 40 0.68 0.72 2.5 (9)9
8 5 0.3 700 30 0.65 0.70 1.8 (9)9
9 9 0.2 1700 15 0.60 0.65 3.5 (9)9
10 1 0.8 5800 40 0.80 0.88 0.7 (9)9

<<< generate

 ! --------------------------------------------------- CP Optimizer 20.1.0.0 --
 ! Minimization problem - 132 variables, 187 constraints
 ! Presolve      : 3 extractables eliminated
 ! TimeLimit            = 300
 ! Initial process time : 0,01s (0,01s extraction + 0,00s propagation)
 !  . Log search space  : 419,0 (before), 419,0 (after)
 !  . Memory usage      : 509,9 kB (before), 509,9 kB (after)
 ! Using parallel search with 20 workers.
 ! ----------------------------------------------------------------------------
 !          Best Branches  Non-fixed    W       Branch decision
                        0        132                 -
 + New bound is 24659.99
                        0         71                 -
 + New bound is 35999.99
                        0         71    1            -
 + New bound is 59113.75
 *      262104.0       36  0,08s        1      (gap is 77,45%)
 *      262047.6       89  0,08s        1      (gap is 77,44%)
 *      256644.8      157  0,08s        1      (gap is 76,97%)
 *      209260.0      485  0,08s        1      (gap is 71,75%)
        209260.0    1 000          1    2            -
 *      203569.8       65  0,08s        3      (gap is 70,96%)
 *      202796.6      109  0,09s        3      (gap is 70,85%)
 *      183694.4      164  0,09s        3      (gap is 67,82%)
 *      141419.3      671  0,09s        3      (gap is 58,20%)
 *      137332.9      716  0,09s        3      (gap is 56,96%)
 *      136997.0      916  0,09s        3      (gap is 56,85%)
 *      135596.6      965  0,09s        3      (gap is 56,40%)
        135596.6    1 000          1    3   F     0  = z(4)(10)
        135596.6    1 000          1    4            -
        135596.6    1 000          1    5   F     0  = z(4)(10)
        135596.6    1 000          1    6            -
        135596.6    1 000          1    7            -
 ! Time = 0,09s, Average fail depth = 13, Memory usage = 7,3 MB
 ! Current bound is 59113.75 (gap is 56,40%)
 !          Best Branches  Non-fixed    W       Branch decision
        135596.6    1 000          1    8            -
        135596.6    1 000          1    9            -
        135596.6    1 000          1   10        32 != a(3)
        135596.6    1 000          1   11            -
 *      121050.0      237  0,09s       12      (gap is 51,17%)
        121050.0    1 000          1   12         3 != q(5)(2)
        121050.0    1 000          1   14         1  = z(2)(3)
        121050.0    1 000          1   16            -
        121050.0    1 000          1   17            -
        121050.0    1 000          1   18   F     1  = q(2)(4)
        121050.0    1 000          1   19            -
        121050.0    1 000          1   20            -
        121050.0    2 000         71    6            -
        121050.0    2 000         71    8            -
        121050.0    2 000         71   16            -
        121050.0    2 000         71   20            -
        121050.0    1 000          1    1        13  = q(5)(9)
        121050.0    2 000          1    3   F     0  = q(4)(10)
        121050.0    2 000          1    5   F     0  = q(4)(10)
 *      107261.5    1 554  0,11s       10      (gap is 44,89%)
 ! Time = 0,11s, Average fail depth = 13, Memory usage = 21,4 MB
 ! Current bound is 59113.75 (gap is 44,89%)
 !          Best Branches  Non-fixed    W       Branch decision
 *      107061.0    1 599  0,11s       10      (gap is 44,78%)
        107061.0    2 000          1   10         1 != z(5)(6)
        107061.0    2 000         11   12         0  = z(4)(9)
        107061.0    1 000          1   13            -
        107061.0    2 000          3   14   F     4  = a(4)
        107061.0    1 000          1   15            -
        107061.0    2 000          1   17            -
        107061.0    2 000          1   18   F     2  = a(1)
        107061.0    2 000          1   15        83 != a(2)
        107061.0    3 000         10   16   F    30  = q(5)(4)
        107061.0    2 000          1    2         0 != q(5)(8)
 *      103356.2    2 640  0,14s        3      (gap is 42,81%)
        103356.2    3 000          1    3   F     0 != x(5)
        103356.2    2 000          1    4         0  = z(4)(9)
        103356.2    3 000          1    5   F     0 != x(5)
        103356.2    2 000          1    7            -
        103356.2    2 000          1    9   F    94  = a(3)
        103356.2    3 000          1   10   F    20  = a(4)
        103356.2    2 000          1   11            -
        103356.2    3 000          1   12   F     8  = q(2)(7)
 ! Time = 0,14s, Average fail depth = 19, Memory usage = 26,4 MB
 ! Current bound is 59113.75 (gap is 42,81%)
 !          Best Branches  Non-fixed    W       Branch decision
        103356.2    3 000          1   14   F     0 != x(3)
 *      102368.0    2 263  0,14s       18      (gap is 42,25%)
        102368.0    3 000          1   18   F    37  = a(3)
        102368.0    2 000          1   19   F     0 != x(4)
        102368.0    3 000          1    7   F   126  = a(3)
        102368.0    3 000         12    8   F    10  = a(2)
        102368.0    2 000          1   13        15  = a(3)
        102368.0    3 000          1   20   F    14  = a(4)
        102368.0    2 000          1    1        14 != q(4)(3)
 *      98889.20    3 514  0,17s        3      (gap is 40,22%)
 *      97215.00    3 821  0,17s        3      (gap is 39,19%)
        97215.00    3 000          1    6        29 != q(4)(4)
        97215.00    4 000          4   10   F     0  = z(4)(4)
        97215.00    3 000          1   11   F    64  = a(2)
        97215.00    4 000          1   12         1 != z(5)(2)
        97215.00    4 000          1   14         0  = q(5)(10)
        97215.00    3 000          1   17         1  = x(0)
        97215.00    4 000          9   18         0  = z(5)(1)
        97215.00    4 000         10   20   F    41  = q(4)(8)
        97215.00    4 000          1    3            -
 ! Time = 0,21s, Average fail depth = 24, Memory usage = 29,0 MB
 ! Current bound is 59113.75 (gap is 39,19%)
 !          Best Branches  Non-fixed    W       Branch decision
        97215.00    4 000          1    5            -
        97215.00    4 000         13    6        20 != q(2)(7)
        97215.00    4 000          1    8        14 != q(2)(3)
        97215.00    5 000         11   12   F     1 != x(4)
        97215.00    5 000         38   14            -
        97215.00    4 000         19   16         0  = x(0)
        97215.00    5 000          8   18        38 != q(5)(8)
        97215.00    3 000          1    2         0  = q(4)(2)
 *      95864.00    4 173  0,21s        3      (gap is 38,34%)
        95864.00    3 000          1    4         0  = z(5)(4)
        95864.00    3 000          1    9   F    94  = a(2)
        95864.00    3 000          1   13        16 != q(2)(8)
 *      95448.00    4 418  0,21s       16      (gap is 38,07%)
        95448.00    5 000         15   20   F     0 != z(4)(3)
        95448.00    5 000         10    3   F     0 != z(4)(10)
        95448.00    5 000         10    5   F     0 != z(4)(10)
        95448.00    5 000         30    6   F    30  = a(2)
        95448.00    5 000          1    8        20 != q(2)(10)
        95448.00    5 000          1   10   F     4  = a(4)
        95448.00    3 000          1   15        39 != q(5)(4)
 ! Time = 0,24s, Average fail depth = 25, Memory usage = 30,2 MB
 ! Current bound is 59113.75 (gap is 38,07%)
 !          Best Branches  Non-fixed    W       Branch decision
        95448.00    5 000          1   16   F    37  = q(5)(8)
        95448.00    3 000          1    1   F     0 != x(4)
 *      91436.80    5 210  0,24s        6      (gap is 35,35%)
 *      90396.00    5 125  0,24s       14      (gap is 34,61%)
        90396.00    6 000          1   14         0  = z(2)(2)
        90396.00    4 000          1   17         4 != q(4)(4)
        90396.00    6 000         13   18   F     9  = q(4)(10)
        90396.00    3 000          1   19        14 != a(2)
        90396.00    6 000         10   20            -
        90396.00    6 000         19    3        25 != a(3)
        90396.00    6 000         19    5        25 != a(3)
        90396.00    6 000         21    8            -
        90396.00    6 000          1   10   F     0  = x(5)
        90396.00    4 000          1   11   F     0 != q(4)(5)
        90396.00    6 000         17   12   F    19  = q(5)(6)
        90396.00    6 000         17   16   F     0 != x(4)
        90396.00    7 000         14   18   F     0 != z(2)(8)
        90396.00    4 000          1    2       114 != a(2)
 *      82403.00    5 761  0,28s        6      (gap is 28,26%)
        82403.00    6 000          1    6   F    13  = q(2)(6)
 ! Time = 0,28s, Average fail depth = 25, Memory usage = 31,9 MB
 ! Current bound is 59113.75 (gap is 28,26%)
 !          Best Branches  Non-fixed    W       Branch decision
        82403.00    4 000          1    7        79 != a(2)
        82403.00    4 000          1    9        14 != a(3)
        82403.00    4 000          1   13         0 != q(5)(4)
        82403.00    7 000          1   14   F    37  = q(5)(3)
        82403.00    4 000          1   19         0  = a(0)
        82403.00    7 000          7    3   F     1 != z(5)(10)
        82403.00    7 000          7    5   F     1 != z(5)(10)
        82403.00    7 000         14   10   F     4 != a(4)
        82403.00    7 000         10   12   F     4 != a(4)
        82403.00    4 000          1   15   F     0 != z(5)(3)
        82403.00    5 000          1   17         0 != z(2)(1)
        82403.00    4 000          1    1         0  = q(2)(2)
        82403.00    4 000          1    4   F     0 != q(4)(10)
        82403.00    4 241         26    4   F     3 != a(1)
 + New bound is 72904.37 (gap is 11,53%)
        82403.00    8 000          1   18   F    10  = a(3)
        82403.00    7 000         19   20   F     0 != x(5)
        82403.00    8 000          7    3        33 != a(2)
        82403.00    5 000         13    4        57 != q(4)(1)
        82403.00    8 000          7    5        33 != a(2)
        82403.00    7 000         32    6   F     1  = x(4)
 ! Time = 0,35s, Average fail depth = 25, Memory usage = 33,0 MB
 ! Current bound is 72904.37 (gap is 11,53%)
 !          Best Branches  Non-fixed    W       Branch decision
        82403.00    7 000         13    8   F     1  = x(4)
        82403.00    8 000          6   10         0  = z(2)(1)
        82403.00    8 000          6   12            -
        82403.00    8 000         19   14         5 != a(4)
        82403.00    7 000         14   16   F     0 != z(2)(6)
        82403.00    9 000         11   18   F     6 != a(3)
        82403.00    5 000          1    2         0 != q(4)(1)
        82403.00    5 000          1    9   F    14  = q(2)(4)
        82403.00    5 000          1   11        14 != a(2)
        82403.00    5 000          7   15   F     1  = z(2)(3)
        82403.00    5 000          2   19         0  = z(5)(5)
        82403.00    8 000         15   20        34 != a(2)
        82403.00    5 000         13    1   F    37  = q(5)(1)
        82403.00    9 000         11    3            -
        82403.00    6 000         13    4         4 != a(2)
        82403.00    9 000         11    5            -
        82403.00    8 000         23    6   F     5  = q(5)(5)
        82403.00    5 000          1    7        19 != a(3)
        82403.00    8 000         17    8   F     5  = a(2)
        82403.00    9 000          6   10   F        -
 ! Time = 0,39s, Average fail depth = 25, Memory usage = 33,8 MB
 ! Current bound is 72904.37 (gap is 11,53%)
 !          Best Branches  Non-fixed    W       Branch decision
        82403.00    9 000          5   12   F     0  = z(2)(8)
        82403.00    9 000         11   14   F    19  = q(2)(2)
        82403.00    6 000         15   15   F     0  = x(5)
        82403.00    8 000         14   16       107 != q(4)(3)
        82403.00    6 000          1   17   F     1  = z(4)(9)
        82403.00   10 000          6   18        41 != a(3)
        82403.00    6 000          1   19        46 != q(4)(4)
        82403.00    6 000          7    2   F     4  = a(2)
        82403.00    6 000          1   11   F    13  = a(5)
        82403.00    4 863          6   13   F     0 != z(4)(8)
 + New bound is 79799.68 (gap is 3,16%)
        82403.00    5 000          6   13         6 != a(3)
        82403.00    9 000         16   20       116 != q(4)(5)
        82403.00   10 000         18    3   F     1  = z(5)(9)
        82403.00    7 000         12    4         7 != a(2)
        82403.00   10 000         18    5   F     1  = z(5)(9)
        82403.00    9 000         17    6         0  = q(2)(8)
        82403.00    9 000          7    8   F     0  = x(5)
        82403.00    6 000          1    9   F     5  = q(5)(3)
        82403.00   10 000         16   10         0  = z(2)(2)
        82403.00   10 000          5   12            -
 ! Time = 0,43s, Average fail depth = 25, Memory usage = 34,4 MB
 ! Current bound is 79799.68 (gap is 3,16%)
 !          Best Branches  Non-fixed    W       Branch decision
        82403.00    6 000          1   13        34 != q(5)(2)
        82403.00   10 000         42   14        71 != q(4)(2)
        82403.00    9 000         17   16   F     1 != x(4)
        82403.00   11 000         17   18   F     0  = z(4)(2)
        82403.00    7 000          1   19   F    18 != a(3)
        82403.00    7 000         12    2   F    20  = a(4)
        82403.00    6 000          1    7   F     0  = z(5)(4)
        82403.00    7 000          1   17   F    11 != a(3)
        82403.00   10 000         14   20       106 != q(4)(1)
        82403.00    6 000          1    1         0  = a(0)
        82403.00    8 000         18    2         8 != a(3)
        82403.00   11 000         18    3         0 != q(4)(4)
        82403.00   11 000         18    5         0 != q(4)(4)
        82403.00   10 000          7    6   F     0  = q(4)(3)
        82403.00    7 000          9    7   F     9  = a(3)
        82403.00   10 000         13    8   F     0  = x(5)
        82403.00   11 000         13   10   F     0 != q(5)(1)
        82403.00    7 000          9   11   F    22  = a(2)
        82403.00   11 000          5   12         0  = x(0)
        82403.00   11 000          5   14   F     0 != z(5)(2)
 ! Time = 0,47s, Average fail depth = 25, Memory usage = 33,9 MB
 ! Current bound is 79799.68 (gap is 3,16%)
 !          Best Branches  Non-fixed    W       Branch decision
        82403.00    7 000          1   15        10 != a(5)
        82403.00   10 000         11   16         5  = a(4)
        82403.00    8 000         11   17   F    10  = a(3)
        82403.00   12 000         13   18         0  = z(4)(4)
        82403.00    8 000          1    4         6  = a(2)
        82403.00   12 000         11    3            -
        82403.00    9 000          7    4   F     6 != a(3)
        82403.00   12 000         11    5            -
        82403.00   11 000          6    6         0  = z(5)(1)
        82403.00    8 000         12    7        40 != a(2)
        82403.00   11 000         15    8         7 != q(2)(2)
        82403.00    7 000          5    9   F    45  = q(4)(4)
        82403.00   12 000         13   10         0  = z(2)(6)
        82403.00   12 000         16   12   F   118  = q(4)(4)
        82403.00    7 000          7   13   F     4  = a(2)
        82403.00   12 000          7   14   F    11 != a(5)
        82403.00   11 000         13   16   F     0 != q(4)(4)
        82403.00    9 000         13   17         7 != a(3)
        82403.00    8 000          2   19         0  = z(4)(4)
        82403.00    7 000          1    1         8 != a(5)
 ! Time = 0,51s, Average fail depth = 25, Memory usage = 34,1 MB
 ! Current bound is 79799.68 (gap is 3,16%)
 !          Best Branches  Non-fixed    W       Branch decision
        82403.00    7 663         13   15   F     5 != a(2)
 + New bound is 81101.34 (gap is 1,58%)
        82403.00    7 985          7   15   F     0 != z(2)(9)
 + New bound is 81752.17 (gap is 0,79%)
        82403.00    8 000          7   15         0  = x(4)
        82403.00   11 000          5   20        96 != q(4)(2)
        82403.00    8 000          1    1   F     0 != z(2)(8)
        82403.00    9 000         16    2        13 != a(2)
        82403.00   13 000          6    3         0  = q(4)(4)
        82403.00   13 000          6    5         0  = q(4)(4)
        82403.00   12 000          9    6   F     0 != q(2)(1)
        82403.00   12 000         11    8   F    85  = q(4)(8)
        82403.00    8 000          9    9       114 != q(4)(4)
        82403.00   13 000          6   10        28 != q(5)(7)
        82403.00   13 000          6   12   F     4 != a(4)
        82403.00    8 000          7   13   F     3  = a(1)
        82403.00   13 000          7   14         8 != a(4)
        82403.00   12 000         19   16   F     0 != z(4)(3)
        82403.00   13 000         10   18   F     0 != z(2)(5)
        82403.00    9 000         11   19        20 != q(2)(2)
        82403.00    9 000          1    7        11 != q(2)(7)
        82403.00    8 000          1   11        19 != q(2)(4)
 ! Time = 0,55s, Average fail depth = 25, Memory usage = 34,4 MB
 ! Current bound is 81752.17 (gap is 0,79%)
 !          Best Branches  Non-fixed    W       Branch decision
        82403.00   10 000          1   17   F     0 != q(2)(6)
        82403.00   14 000          6   18         0  = z(2)(8)
        82403.00   10 000         12   19   F     9  = a(2)
        82403.00   12 000         29   20        17 != q(2)(8)
        82403.00   10 000         12    2        10 != a(2)
        82403.00   14 000         11    3         1 != q(4)(10)
        82403.00   10 000         11    4   F     0 != z(2)(8)
        82403.00   14 000         11    5         1 != q(4)(10)
        82403.00   13 000          7    6   F     1 != x(4)
        82403.00   13 000         12    8         0  = z(5)(4)
        82403.00    9 000          9    9   F     6 != a(2)
        82403.00   14 000         21   10         0  = z(2)(4)
        82403.00   14 000         10   12        61 != q(4)(9)
        82403.00    9 000          7   13        17 != q(2)(3)
        82403.00   14 000          6   14         6 != q(2)(4)
        82403.00    9 000          6   15   F     0 != q(2)(10)
        82403.00   13 000          9   16         0  = z(2)(3)
        82403.00    9 000          1   11   F    10 != a(5)
        82403.00   11 000          1   17   F    13  = a(3)
        82403.00   15 000          7   18            -
 ! Time = 0,62s, Average fail depth = 25, Memory usage = 34,6 MB
 ! Current bound is 81752.17 (gap is 0,79%)
 !          Best Branches  Non-fixed    W       Branch decision
        82403.00   11 000         12   19        12 != a(5)
        82403.00   13 000          5   20            -
        82403.00    9 000         11    1         1  = z(5)(3)
        82403.00   11 000         14    2   F     8  = a(3)
        82403.00   15 000          9    3   F     0  = x(3)
        82403.00   11 000         11    4         0  = x(4)
        82403.00   15 000          9    5   F     0  = x(3)
        82403.00   14 000         14    8            -
        82403.00   10 000          9    9   F     5 != a(4)
        82403.00   10 000          7   13         1 != z(2)(10)
        82403.00   15 000          6   14         0 != z(5)(8)
        82403.00   10 000          9   15   F    10  = q(5)(2)
        82403.00   14 000          6   16   F        -
        82403.00   12 000          6   17         1 != z(4)(10)
        82403.00   16 000          7   18         0  = z(4)(5)
        82403.00   12 000          9   19         0  = z(2)(1)
        82403.00   14 000         16   20   F    36  = a(3)
        82403.00   10 000          8    1         1  = z(5)(8)
        82403.00   12 000         16    2   F     4  = a(2)
        82403.00   16 000          6    3   F        -
 ! Time = 0,66s, Average fail depth = 25, Memory usage = 34,5 MB
 ! Current bound is 81752.17 (gap is 0,79%)
 !          Best Branches  Non-fixed    W       Branch decision
        82403.00   12 000         10    4         0 != z(5)(2)
        82403.00   16 000          6    5   F        -
        82403.00   14 000          6    6         6  = a(5)
        82403.00   10 000          2    7        11 != a(2)
        82403.00   15 000          8    8        16 != q(2)(6)
        82403.00   11 000         14    9   F     0  = z(4)(3)
        82403.00   15 000         12   10   F     0 != z(4)(2)
        82403.00   15 000          6   12   F     1  = z(4)(3)
        82403.00   11 000          7   13         4 != a(2)
        82403.00   16 000          9   14         0  = z(4)(6)
        82403.00   11 000          9   15         5 != q(4)(8)
        82403.00   15 000         19   16       111 != q(4)(2)
        82403.00   16 000          6   12         0  = z(2)(2)
        82403.00   12 000         13   13   F     0 != z(2)(5)
        82403.00   17 000          6   14         0 != x(0)
        82403.00   12 000         12   15         1 != z(5)(5)
        82403.00   16 000          5   16   F     0 != z(4)(2)
        82403.00   13 000          9   17   F     5  = a(2)
        82403.00   17 000          7   18   F     0  = x(5)
        82403.00   13 000         13   19         5 != a(4)
 ! Time = 0,69s, Average fail depth = 25, Memory usage = 34,5 MB
 ! Current bound is 81752.17 (gap is 0,79%)
 !          Best Branches  Non-fixed    W       Branch decision
        82403.00   15 000         16   20   F    61  = q(4)(5)
        82403.00   11 000          9    1         4 != a(2)
        82403.00   13 000          7    2         5  = a(2)
        82403.00   17 000          6    3   F     0 != z(2)(9)
        82403.00   13 000         15    4   F    10  = a(2)
        82403.00   17 000          6    5   F     0 != z(2)(9)
        82403.00   15 000         12    6   F    45  = a(2)
        82403.00   11 000         10    7         7 != a(2)
        82403.00   12 000         14    9        10 != a(3)
        82403.00   16 000          7   10   F     0 != z(2)(7)
        82403.00   10 000          1   11         0  = z(2)(10)
        82403.00   17 000         12   12   F        -
        82403.00   18 000          6   14         0  = z(4)(2)
        82403.00   13 000         12   15   F     5  = a(5)
        82403.00   14 000         12   17         0  = z(2)(2)
        82403.00   18 000          6   18   F     0 != x(2)
        82403.00   14 000         13   19   F     6 != a(2)
        82403.00   16 000          5   20        22 != a(2)
        82403.00   12 000         10    1         5 != a(5)
        82403.00   14 000          7    2   F    21  = q(5)(7)
 ! Time = 0,73s, Average fail depth = 25, Memory usage = 34,5 MB
 ! Current bound is 81752.17 (gap is 0,79%)
 !          Best Branches  Non-fixed    W       Branch decision
        82403.00   14 000          7    4   F    12  = a(3)
        82403.00   16 000         12    6         1  = q(5)(4)
        82403.00   12 000         10    7   F     4 != a(4)
        82403.00   16 000         12    8   F     3 != a(4)
        82403.00   13 000          9    9         9 != a(3)
        82403.00   17 000          5   10   F        -
        82403.00   11 000          8   11         0  = z(4)(10)
        82403.00   13 000          7   13   F     8  = a(3)
        82403.00   19 000          6   14         0  = x(4)
        82403.00   14 000          9   15   F     0 != z(2)(2)
        82403.00   17 000          5   16         5  = a(2)
        82403.00   15 000          7   17         0  = z(2)(4)
        82403.00   19 000          6   18   F     9  = a(3)
        82403.00   13 000          6    1         0  = z(5)(6)
        82403.00   15 000         11    2   F    11  = q(5)(7)
        82403.00   18 000          5    3         0  = z(4)(3)
        82403.00   15 000          7    4        53 != q(4)(1)
        82403.00   18 000          5    5         0  = z(4)(3)
        82403.00   17 000          4    6   F    10 != a(3)
        82403.00   13 000         15    7   F     1  = z(5)(9)
 ! Time = 0,79s, Average fail depth = 25, Memory usage = 34,6 MB
 ! Current bound is 81752.17 (gap is 0,79%)
 !          Best Branches  Non-fixed    W       Branch decision
        82403.00   17 000          7    8            -
        82403.00   18 000          7   10            -
        82403.00   12 000         12   11         5  = a(4)
        82403.00   18 000          4   12   F     3 != a(4)
        82403.00   14 000          7   13         0  = x(5)
        82403.00   15 527         10   17   F     5 != a(2)
 + New bound is 82077.58 (gap is 0,39%)
        82403.00   14 000          6    9        18 != q(2)(4)
        82403.00   19 000          9   10            -
        82403.00   13 000         11   11   F     1 != z(4)(3)
        82403.00   15 000         13   13         4 != a(2)
        82403.00   20 000          5   14         0  = z(2)(5)
        82403.00   15 000          1   15   F     5 != a(5)
        82403.00   18 000         15   16   F     0 != z(4)(4)
        82403.00   16 000          7   17   F     1  = z(4)(3)
        82403.00   20 000          5   18         0  = z(4)(5)
        82403.00   15 000          1   19         4 != a(4)
        82403.00   17 000         12   20         0  = z(2)(7)
        82403.00   14 000          6    1   F     0 != z(2)(10)
        82403.00   16 000          1    2   F     0 != z(2)(4)
        82403.00   19 000          5    3         0  = q(5)(1)
 ! Time = 0,84s, Average fail depth = 24, Memory usage = 34,7 MB
 ! Current bound is 82077.58 (gap is 0,39%)
 !          Best Branches  Non-fixed    W       Branch decision
        82403.00   16 000          9    4         0  = z(4)(10)
        82403.00   19 000          5    5         0  = q(5)(1)
        82403.00   18 000          7    6   F   116  = q(4)(3)
        82403.00   14 000         12    7         0  = z(2)(2)
        82403.00   18 000          7    8            -
        82403.00   14 000         11   11   F     1  = z(2)(1)
        82403.00   19 000          5   12        59 != q(4)(4)
        82403.00   16 000         14   13        13 != a(3)
        82403.00   21 000          5   14         0  = q(2)(1)
        82403.00   16 000          5   15   F     0 != q(2)(8)
        82403.00   19 000          6   16   F     0 != z(4)(7)
        82403.00   17 000          7   17   F     0 != z(5)(5)
        82403.00   16 000          6   19   F     4 != a(4)
        82403.00   18 000          6   20         0 != z(4)(4)
        82403.00   15 000          6    1   F    39  = q(5)(4)
        82403.00   20 000          6    3   F     7  = a(3)
        82403.00   17 000         17    4   F     0  = z(4)(1)
        82403.00   20 000          6    5   F     7  = a(3)
        82403.00   19 000         14    6   F    38  = a(3)
        82403.00   15 000         12    7   F    22  = q(5)(3)
 ! Time = 0,91s, Average fail depth = 24, Memory usage = 34,7 MB
 ! Current bound is 82077.58 (gap is 0,39%)
 !          Best Branches  Non-fixed    W       Branch decision
        82403.00   15 000          6    9   F     1 != x(4)
        82403.00   17 031         16   17   F     5 != a(2)
 + New bound is 82240.29 (gap is 0,20%)
        82403.00   21 000          5   18        82 != q(4)(7)
        82403.00   17 000          6   19   F     0 != z(5)(5)
        82403.00   19 000         10   20   F    19  = q(2)(10)
        82403.00   16 000          7    1         0  = q(5)(1)
        82403.00   17 000          4    2   F     0 != z(2)(4)
        82403.00   21 000          6    3         0  = z(2)(8)
        82403.00   18 000          5    4         0  = z(5)(9)
        82403.00   21 000          6    5         0  = z(2)(8)
        82403.00   20 000          4    6        31 != q(4)(9)
        82403.00   19 000          7    8        19 != q(2)(4)
        82403.00   16 000          8    9         0  = q(4)(3)
        82403.00   20 000          6   10   F     5  = a(2)
        82403.00   20 000         13   12            -
        82403.00   17 000         12   13   F    16  = a(2)
        82403.00   17 000          6   15         0 != z(4)(4)
        82403.00   20 000          5   16   F     1  = z(4)(1)
        82403.00   17 351          7   17   F     0 != z(4)(1)
 + New bound is 82321.64 (gap is 0,10%)
        82403.00   17 653          7   17   F     0 != z(4)(1)
 + New bound is 82362.32 (gap is 0,05%)
 ! Time = 0,98s, Average fail depth = 24, Memory usage = 34,7 MB
 ! Current bound is 82362.32 (gap is 0,05%)
 !          Best Branches  Non-fixed    W       Branch decision
        82403.00   18 000          7   17   F     1  = z(2)(6)
        82403.00   22 000         10   18        19 != q(2)(7)
        82403.00   18 000          5   19   F     5 != a(5)
        82403.00   20 000         13   20   F    31  = a(2)
        82403.00   17 000          5    1        95  = q(4)(10)
        82403.00   18 000          5    2   F     4 != a(4)
        82403.00   22 000          6    3        12 != q(2)(1)
        82403.00   19 000          5    4        17 != q(4)(4)
        82403.00   22 000          6    5        12 != q(2)(1)
        82403.00   16 000          9    7   F     1  = z(4)(10)
        82403.00   17 000          5    9         1  = x(4)
        82403.00   21 000          5   10         0 != q(4)(4)
        82403.00   15 000         11   11         0  = z(5)(1)
        82403.00   21 000          5   12            -
        82403.00   18 000          7   13   F    93  = q(4)(10)
        82403.00   22 000          8   14   F     0  = x(5)
        82403.00   18 000          6   15   F     1  = x(4)
        82403.00   21 000          6   16   F     0 != z(2)(2)
        82403.00   19 000          7   17   F     0 != z(4)(1)
        82403.00   19 000          6   19   F     0  = z(2)(3)
 ! Time = 1,13s, Average fail depth = 24, Memory usage = 34,7 MB
 ! Current bound is 82362.32 (gap is 0,05%)
 !          Best Branches  Non-fixed    W       Branch decision
        82403.00   21 000          5   20         2 != q(2)(7)
        82403.00   18 000          5    1   F    11  = a(2)
        82403.00   19 000          5    2         1  = x(4)
        82403.00   20 000          7    4   F     1 != x(5)
        82403.00   17 000         10    7   F     5  = a(5)
        82403.00   20 000          8    8   F     8  = a(2)
        82403.00   18 000          4    9         6  = a(3)
        82403.00   22 000          5   10   F     3  = a(4)
        82403.00   16 000         11   11         1  = z(4)(10)
        82403.00   22 000          5   12        32 != q(4)(2)
        82403.00   19 000          5   13         0  = z(5)(3)
        82403.00   23 000          5   14         0  = z(2)(8)
        82403.00   19 000          6   15   F     0  = z(4)(3)
        82403.00   19 203          8   17   F     0 != z(4)(1)
 + New bound is 82382.66 (gap is 0,02%)
        82403.00   19 503          7   17   F     0 != z(4)(1)
 + New bound is 82392.83 (gap is 0,01%)
        82403.00   23 000          7   18        35 != a(3)
        82403.00   22 000          5   20   F     0 != z(4)(1)
        82403.00   19 000          5    1   F     0 != z(5)(3)
        82403.00   23 000          5    3   F     0  = z(4)(4)
        82403.00   21 000          5    4   F     1 != x(5)
 ! Time = 1,20s, Average fail depth = 24, Memory usage = 34,7 MB
 ! Current bound is 82392.83 (gap is 0,01%)
 !          Best Branches  Non-fixed    W       Branch decision
        82403.00   23 000          5    5   F     0  = z(4)(4)
        82403.00   21 000          6    6   F     0 != q(5)(6)
        82403.00   18 000         13    7   F     1  = z(4)(4)
        82403.00   21 000          6    8   F     0 != z(2)(6)
        82403.00   19 000          6    9         0 != q(5)(4)
        82403.00   23 000          5   10         0  = z(4)(4)
        82403.00   17 000          9   11   F     0  = q(2)(5)
        82403.00   23 000          9   12   F     8  = a(3)
        82403.00   20 000          5   13   F     0 != q(4)(8)
        82403.00   24 000          7   14   F     0  = z(2)(3)
        82403.00   20 000          5   15   F     4 != a(4)
        82403.00   22 000          5   16   F     8  = a(5)
        82403.00   19 795          7   17   F     0 != z(4)(1)
 + New bound is 82397.91 (gap is 0,01%)
 ! ----------------------------------------------------------------------------
 ! Search completed, 23 solutions found.
 ! Best objective         : 82403.00 (optimal - effective tol. is 8,2403)
 ! Best bound             : 82397.91
 ! ----------------------------------------------------------------------------
 ! Number of branches     : 441 937
 ! Number of fails        : 204 483
 ! Total memory usage     : 34,8 MB (34,2 MB CP Optimizer + 0,6 MB Concert)
 ! Time spent in solve    : 1,27s (1,26s engine + 0,01s extraction)
 ! Search speed (br. / s) : 351 860,7
 ! ----------------------------------------------------------------------------

<<< solve


OBJECTIVE: 82403
xxxx
#Result <fct_obj, tot_cst, tot_ldt, Emiss>: <82403 82380 23 1.4938e+6>#TS:82380#A:[0,2,5,6,4,6]#X:[0,1,1,1,1,1]#E: 1493800#RT:1.261
#DELIVER:
S10=>P2
S10=>P4
S10=>P5
xxxx

<<< post process


<<< done


)
