Array
(
    [CplexRunTime] => Total (root+branch&cut) =    0,30 sec
    [Result] => Array
        (
            [Objective] => fct_obj.
            [ServiceCost] => tot_cst.
            [LateDeliveries] => tot_ldt.
            [Emissions] => Emiss
        )

    [TS] => 116448
    [A] => Array
        (
            [0] => 0
            [1] => 2
            [2] => 9
            [3] => 23
            [4] => 6
            [5] => 4
            [6] => 16
            [7] => 12
            [8] => 4
            [9] => 4
            [10] => 17
            [11] => 12
            [12] => 12
            [13] => 13
        )

    [X] => Array
        (
            [0] => 0
            [1] => 1
            [2] => 1
            [3] => 1
            [4] => 1
            [5] => 0
            [6] => 0
            [7] => 0
            [8] => 1
            [9] => 1
            [10] => 1
            [11] => 0
            [12] => 0
            [13] => 0
        )

    [E] => 29495946
    [DELIVER] => Array
        (
            [0] => S9=>P7
            [1] => S4=>P8
            [2] => S4=>P9
            [3] => S9=>P11
            [4] => S1=>P12
            [5] => S2=>P12
            [6] => S3=>P12
            [7] => S4=>P12
            [8] => S5=>P12
            [9] => S8=>P12
            [10] => S10=>P12
            [11] => S1=>P13
            [12] => S2=>P13
            [13] => S4=>P13
            [14] => S10=>P13
        )

)
