Array
(
    [CplexRunTime] => Total (root+branch&cut) =    0,05 sec
    [Result] => Array
        (
            [Objective] => fct_obj.
            [ServiceCost] => tot_cst.
            [LateDeliveries] => tot_ldt.
            [Emissions] => Emiss
        )

    [TS] => 40920
    [A] => Array
        (
            [0] => 0
            [1] => 2
            [2] => 5
            [3] => 4
        )

    [X] => Array
        (
            [0] => 0
            [1] => 1
            [2] => 1
            [3] => 1
        )

    [E] => 461840
    [DELIVER] => Array
        (
            [0] => S10=>P2
            [1] => S4=>P3
        )

    [_raw_output] => 
<<< setup

0 0 -1 0 0 0.25 0.5 0.8 1 0 0 0 0  14
1 2 0 680 1 0.25 0.5 0.8 1 0 6800 680 1500  14
2 4 1 160 1 0.25 0.5 0.8 1 0 4800 480 1500  14
3 3 1 95 2 0.25 0.5 0.8 1 0 3200 320 1500  14
Node nums: [0 1 2 3]
xx-Data uploaded-xx
	**** start init su array ...
0 [0 0 0 0 0 0 0 0 0 0]
1 [0 0 0 0 0 0 0 0 0 0]
2 [1 1 1 1 1 1 1 1 1 1]
3 [1 1 1 1 1 1 1 1 1 1]
	**** end init su array ...
1 2 1 100 80 0.85 0.92 0.8 (9)9
2 2 0.9 60 75 0.82 0.90 0.9 (9)9
3 1 1.1 80 90 0.88 0.95 0.5 (9)9
4 1 1 80 100 0.86 0.93 0.6 (9)9
5 5 0.6 50 40 0.72 0.78 1.5 (9)9
6 6 0.5 60 45 0.70 0.75 2.0 (9)9
7 7 0.5 80 40 0.68 0.72 2.5 (9)9
8 5 0.3 25 30 0.65 0.70 1.8 (9)9
9 9 0.2 250 15 0.60 0.65 3.5 (9)9
10 1 0.8 30 40 0.80 0.88 0.7 (9)9

<<< generate

Version identifier: 20.1.0.0 | 2020-11-10 | 9bedb6d68
CPXPARAM_TimeLimit                               1800
Tried aggregator 2 times.
MIP Presolve eliminated 118 rows and 41 columns.
MIP Presolve added 40 rows and 20 columns.
MIP Presolve modified 21 coefficients.
Aggregator did 1 substitutions.
Reduced MIP has 96 rows, 70 columns, and 230 nonzeros.
Reduced MIP has 24 binaries, 26 generals, 0 SOSs, and 0 indicators.
Presolve time = 0,00 sec. (0,24 ticks)
Found incumbent of value 2,7570001e+07 after 0,00 sec. (0,46 ticks)
Probing fixed 1 vars, tightened 0 bounds.
Probing time = 0,00 sec. (0,79 ticks)
Cover probing fixed 0 vars, tightened 2 bounds.
Tried aggregator 2 times.
Detecting symmetries...
MIP Presolve eliminated 29 rows and 2 columns.
MIP Presolve modified 28 coefficients.
Aggregator did 1 substitutions.
Reduced MIP has 66 rows, 67 columns, and 188 nonzeros.
Reduced MIP has 22 binaries, 25 generals, 0 SOSs, and 0 indicators.
Presolve time = 0,00 sec. (0,20 ticks)
Classifier predicts products in MIQP should be linearized.
Probing time = 0,00 sec. (0,01 ticks)
MIP emphasis: balance optimality and feasibility.
MIP search method: dynamic search.
Parallel mode: deterministic, using up to 20 threads.
Root relaxation solution time = 0,00 sec. (0,22 ticks)

        Nodes                                         Cuts/
   Node  Left     Objective  IInf  Best Integer    Best Bound    ItCnt     Gap

*     0+    0                       2,75700e+07        9,0000           100,00%
*     0+    0                        45796,0000        9,0000            99,98%
      0     0    29065,0280    29    45796,0000    29065,0280       30   36,53%
      0     0    29342,6016    31    45796,0000      Cuts: 14       43   35,93%
      0     0    29804,9291    34    45796,0000      Cuts: 15       63   34,92%
      0     0    30011,1380    33    45796,0000      Cuts: 11       71   34,47%
      0     0    30113,0052    35    45796,0000       Cuts: 7       79   34,25%
*     0+    0                        40931,0000    30113,0052            26,43%
      0     0        cutoff          40931,0000    40931,0000       79    0,00%
Elapsed time = 0,03 sec. (4,67 ticks, tree = 0,01 MB, solutions = 4)

Implied bound cuts applied:  19
Zero-half cuts applied:  2
Lift and project cuts applied:  1
Gomory fractional cuts applied:  3

Root node processing (before b&c):
  Real time             =    0,03 sec. (4,68 ticks)
Parallel b&c, 20 threads:
  Real time             =    0,00 sec. (0,00 ticks)
  Sync time (average)   =    0,00 sec.
  Wait time (average)   =    0,00 sec.
                          ------------
Total (root+branch&cut) =    0,03 sec. (4,68 ticks)

<<< solve


OBJECTIVE: 40931
xxxx
#Result <fct_obj, tot_cst, tot_ldt, Emiss>: <40931 40920 11 4.6184e+5>#TS:40920#A:[0,2,5,4]#X:[0,1,1,1]#E: 461840#DELIVER:
S10=>P2
S4=>P3
xxxx

<<< post process


<<< done


)
