Array
(
    [CplexRunTime] => Total (root+branch&cut) =    0,02 sec
    [_raw_output] => 
<<< setup

0 0 -1 0 1 0,25 0,5 0,8 1 0 0 0 0 13
1 2 0 8000 1 0,25 0,5 0,8 1 0 16000 1600 1500 13
2 5 1 980 1 0,25 0,5 0,8 1 0 9900 990 1500 13
3 7 1 970 1 0,25 0,5 0,8 1 0 9200 920 1500 13
4 6 1 990 1 0,25 0,5 0,8 1 0 8600 860 1500 13
5 4 1 940 2 0,25 0,5 0,8 1 0 8500 850 1500 13
6 4 2 960 3 0,25 0,5 0,8 1 0 8400 840 1500 13
7 3 2 880 2 0,25 0,5 0,8 1 0 8200 820 1500 13
8 3 2 860 1 0,25 0,5 0,8 1 0 7600 760 1500 13
9 3 3 870 2 0,25 0,5 0,8 1 0 7500 750 1500 13
10 4 3 830 3 0,25 0,5 0,8 1 0 6800 680 1500 13
11 3 4 770 2 0,25 0,5 0,8 1 0 6750 675 1500 13
12 5 4 740 3 0,25 0,5 0,8 1 0 6700 670 1500 13
13 5 5 680 8 0,25 0,5 0,5 1 0 6600 660 1500 13
14 4 5 720 6 0,25 0,5 0,5 1 0 6200 620 1500 13
15 2 5 780 2 0,25 0,5 0,5 1 0 6190 619 1500 13
16 4 6 740 9 0,25 0,5 0,5 1 0 6020 602 1500 13
17 6 6 660 6 0,25 0,5 0,5 1 0 5880 588 1500 13
18 3 7 630 2 0,25 0,5 0,5 1 0 5800 580 1500 13
19 3 8 650 1 0,25 0,5 0,5 1 0 5680 568 1500 13
20 5 8 680 2 0,25 0,5 0,5 1 0 5460 546 1500 13
21 7 9 620 6 0,25 0,5 0,5 1 0 5260 526 1500 13
22 6 9 590 4 0,25 0,5 0,5 1 0 4930 493 1500 13
23 3 9 670 4 0,25 0,5 0,5 1 0 4550 455 1500 13
24 4 10 480 3 0,25 0,5 0,5 1 0 4410 441 1500 13
25 3 11 570 2 0,25 0,5 0,5 1 0 4120 412 1500 13
26 3 12 560 3 0,25 0,5 0,5 1 0 3800 380 1500 13
27 5 12 600 6 0,25 0,5 0,5 1 0 3690 369 1500 13
28 4 13 480 16 0,25 0,5 0,5 1 0 3500 350 1500 13
29 3 14 560 6 0,25 0,5 0,5 1 0 3380 338 1500 13
30 2 14 570 18 0,25 0,5 0,5 1 0 3120 312 1500 13
31 5 16 550 9 0,25 0,5 0,5 1 0 2940 294 1500 13
32 4 16 590 9 0,25 0,5 0,5 1 0 2750 275 1500 13
33 3 18 560 6 0,25 0,5 0,5 1 0 2610 261 1500 13
34 3 18 390 4 0,25 0,5 0,5 1 0 2510 251 1500 13
35 5 20 470 4 0,25 0,5 0,5 1 0 2360 236 1500 13
36 4 23 420 8 0,25 0,5 0,5 1 0 2200 220 1500 13
37 3 23 430 12 0,25 0,5 0,5 1 0 2200 220 1500 13
38 4 27 440 6 0,25 0,5 0,5 1 0 2110 211 1500 13
39 6 30 450 18 0,25 0,5 0,5 1 0 1960 196 1500 13
40 4 30 400 54 0,25 0,5 0,5 1 0 1920 192 1500 13
41 4 32 420 18 0,25 0,5 0,5 1 0 1780 178 1500 13
42 4 33 390 12 0,25 0,5 0,5 1 0 1670 167 1500 13
43 3 33 370 12 0,25 0,5 0,5 1 0 1650 165 1500 13
44 3 35 360 8 0,25 0,5 0,5 1 0 1600 160 1500 13
45 2 37 370 12 0,25 0,5 0,5 1 0 1500 150 1500 13
46 5 37 370 12 0,25 0,5 0,5 1 0 1470 147 1500 13
47 3 39 170 54 0,25 0,5 0,5 1 0 1420 142 1500 13
48 2 39 180 36 0,25 0,5 0,5 1 0 1320 132 1500 13
49 3 45 100 48 0,25 0,5 0,5 1 0 1220 122 1500 13
50 5 47 70 108 0,25 0,5 0,5 1 0 1190 119 1500 13
51 4 48 80 72 0,25 0,5 0,5 1 0 1150 115 1500 13
52 3 49 90 96 0,25 0,5 0,5 1 0 1100 110 1500 13
53 6 50 60 216 0,25 0,5 0,5 1 0 1050 105 1500 13
54 2 51 75 144 0,25 0,5 0,5 1 0 1020 102 1500 13
55 4 52 85 192 0,25 0,5 0,5 1 0 980 98 1500 13
56 5 53 55 432 0,25 0,5 0,5 1 0 950 95 1500 13
57 3 54 65 288 0,25 0,5 0,5 1 0 920 92 1500 13
58 6 55 70 384 0,25 0,5 0,5 1 0 890 89 1500 13
59 2 56 50 864 0,25 0,5 0,5 1 0 860 86 1500 13
60 4 57 45 576 0,25 0,5 0,5 1 0 830 83 1500 13
61 3 58 52 768 0,25 0,5 0,5 1 0 800 80 1500 13
62 5 59 48 1728 0,25 0,5 0,5 1 0 770 77 1500 13
63 2 60 42 1152 0,25 0,5 0,5 1 0 740 74 1500 13
64 4 61 38 1536 0,25 0,5 0,5 1 0 710 71 1500 13
65 6 62 35 3456 0,25 0,5 0,5 1 0 680 68 1500 13
66 3 63 40 2304 0,25 0,5 0,5 1 0 650 65 1500 13
67 5 64 32 3072 0,25 0,5 0,5 1 0 620 62 1500 13
68 2 65 30 6912 0,25 0,5 0,5 1 0 590 59 1500 13
69 4 66 28 4608 0,25 0,5 0,5 1 0 560 56 1500 13
70 6 67 25 6144 0,25 0,5 0,5 1 0 530 53 1500 13
71 3 68 22 13824 0,25 0,5 0,5 1 0 500 50 1500 13
72 5 69 20 9216 0,25 0,5 0,5 1 0 470 47 1500 13
73 2 70 18 12288 0,25 0,5 0,5 1 0 440 44 1500 13
74 4 71 16 18432 0,25 0,5 0,5 1 0 410 41 1500 13
75 6 72 15 24576 0,25 0,5 0,5 1 0 380 38 1500 13
76 3 73 14 36864 0,25 0,5 0,5 1 0 350 35 1500 13
77 5 74 12 49152 0,25 0,5 0,5 1 0 320 32 1500 13
78 2 75 10 73728 0,25 0,5 0,5 1 0 290 29 1500 13
79 4 76 8 98304 0,25 0,5 0,5 1 0 260 26 1500 13
80 6 77 6 147456 0,25 0,5 0,5 1 0 230 23 1500 13
81 3 78 5 196608 0,25 0,5 0,5 1 0 200 20 1500 13
82 5 79 4 294912 0,25 0,5 0,5 1 0 170 17 1500 13
83 2 80 3 393216 0,25 0,5 0,5 1 0 140 14 1500 13
84 4 81 2 589824 0,25 0,5 0,5 1 0 110 11 1500 13
85 6 82 2 786432 0,25 0,5 0,5 1 0 80 8 1500 13
86 3 83 1 1179648 0,25 0,5 0,5 1 0 60 6 1500 13
87 5 84 1 1572864 0,25 0,5 0,5 1 0 50 5 1500 13
88 2 85 1 2359296 0,25 0,5 0,5 1 0 40 4 1500 13
89 4 86 1 3538944 0,25 0,5 0,5 1 0 30 3 1500 13
90 6 87 1 4718592 0,25 0,5 0,5 1 0 25 2,5 1500 13
91 3 88 1 7077888 0,25 0,5 0,5 1 0 20 2 1500 13
92 5 89 1 9437184 0,25 0,5 0,5 1 0 15 1,5 1500 13
93 2 90 1 14155776 0,25 0,5 0,5 1 0 12 1,2 1500 13
94 4 91 1 18874368 0,25 0,5 0,5 1 0 10 1 1500 13
95 6 92 1 28311552 0,25 0,5 0,5 1 0 8 0,8 1500 13
96 3 93 1 37748736 0,25 0,5 0,5 1 0 6 0,6 1500 13
97 5 94 1 56623104 0,25 0,5 0,5 1 0 5 0,5 1500 13
98 2 95 1 75497472 0,25 0,5 0,5 1 0 4 0,4 1500 13
99 4 96 1 113246208 0,25 0,5 0,5 1 0 3 0,3 1500 13
100 6 97 1 150994944 0,25 0,5 0,5 1 0 2 0,2 1500 13
Node nums: [0 1 2 3 4 5 6 7 8 9 10 11 12 13 14 15 16 17 18 19 20 21 22 23 24 25 26 27
     28 29 30 31 32 33 34 35 36 37 38 39 40 41 42 43 44 45 46 47 48 49 50 51
     52 53 54 55 56 57 58 59 60 61 62 63 64 65 66 67 68 69 70 71 72 73 74 75
     76 77 78 79 80 81 82 83 84 85 86 87 88 89 90 91 92 93 94 95 96 97 98 99
     100]
xx-Data uploaded-xx
	**** start init su array ...
0 [0 0 0 0 0 0 0 0 0 0]
1 [0 0 0 0 0 0 0 0 0 0]
2 [0 0 0 0 0 0 0 0 0 0]
3 [0 0 0 0 0 0 0 0 0 0]
4 [0 0 0 0 0 0 0 0 0 0]
5 [0 0 0 0 0 0 0 0 0 0]
6 [0 0 0 0 0 0 0 0 0 0]
7 [0 0 0 0 0 0 0 0 0 0]
8 [0 0 0 0 0 0 0 0 0 0]
9 [0 0 0 0 0 0 0 0 0 0]
10 [0 0 0 0 0 0 0 0 0 0]
11 [0 0 0 0 0 0 0 0 0 0]
12 [0 0 0 0 0 0 0 0 0 0]
13 [0 0 0 0 0 0 0 0 0 0]
14 [0 0 0 0 0 0 0 0 0 0]
15 [1 1 1 1 1 1 1 1 1 1]
16 [0 0 0 0 0 0 0 0 0 0]
17 [1 1 1 1 1 1 1 1 1 1]
18 [0 0 0 0 0 0 0 0 0 0]
19 [1 1 1 1 1 1 1 1 1 1]
20 [0 0 0 0 0 0 0 0 0 0]
21 [1 1 1 1 1 1 1 1 1 1]
22 [1 1 1 1 1 1 1 1 1 1]
23 [1 1 1 1 1 1 1 1 1 1]
24 [1 1 1 1 1 1 1 1 1 1]
25 [1 1 1 1 1 1 1 1 1 1]
26 [1 1 1 1 1 1 1 1 1 1]
27 [0 0 0 0 0 0 0 0 0 0]
28 [1 1 1 1 1 1 1 1 1 1]
29 [1 1 1 1 1 1 1 1 1 1]
30 [0 0 0 0 0 0 0 0 0 0]
31 [1 1 1 1 1 1 1 1 1 1]
32 [0 0 0 0 0 0 0 0 0 0]
33 [0 0 0 0 0 0 0 0 0 0]
34 [1 1 1 1 1 1 1 1 1 1]
35 [1 1 1 1 1 1 1 1 1 1]
36 [1 1 1 1 1 1 1 1 1 1]
37 [0 0 0 0 0 0 0 0 0 0]
38 [1 1 1 1 1 1 1 1 1 1]
39 [0 0 0 0 0 0 0 0 0 0]
40 [1 1 1 1 1 1 1 1 1 1]
41 [1 1 1 1 1 1 1 1 1 1]
42 [1 1 1 1 1 1 1 1 1 1]
43 [1 1 1 1 1 1 1 1 1 1]
44 [1 1 1 1 1 1 1 1 1 1]
45 [0 0 0 0 0 0 0 0 0 0]
46 [1 1 1 1 1 1 1 1 1 1]
47 [0 0 0 0 0 0 0 0 0 0]
48 [0 0 0 0 0 0 0 0 0 0]
49 [1 1 1 1 1 1 1 1 1 1]
50 [0 0 0 0 0 0 0 0 0 0]
51 [1 1 1 1 1 1 1 1 1 1]
52 [0 0 0 0 0 0 0 0 0 0]
53 [0 0 0 0 0 0 0 0 0 0]
54 [1 1 1 1 1 1 1 1 1 1]
55 [0 0 0 0 0 0 0 0 0 0]
56 [0 0 0 0 0 0 0 0 0 0]
57 [1 1 1 1 1 1 1 1 1 1]
58 [0 0 0 0 0 0 0 0 0 0]
59 [1 1 1 1 1 1 1 1 1 1]
60 [0 0 0 0 0 0 0 0 0 0]
61 [1 1 1 1 1 1 1 1 1 1]
62 [0 0 0 0 0 0 0 0 0 0]
63 [1 1 1 1 1 1 1 1 1 1]
64 [0 0 0 0 0 0 0 0 0 0]
65 [1 1 1 1 1 1 1 1 1 1]
66 [0 0 0 0 0 0 0 0 0 0]
67 [1 1 1 1 1 1 1 1 1 1]
68 [1 1 1 1 1 1 1 1 1 1]
69 [0 0 0 0 0 0 0 0 0 0]
70 [0 0 0 0 0 0 0 0 0 0]
71 [0 0 0 0 0 0 0 0 0 0]
72 [1 1 1 1 1 1 1 1 1 1]
73 [1 1 1 1 1 1 1 1 1 1]
74 [0 0 0 0 0 0 0 0 0 0]
75 [0 0 0 0 0 0 0 0 0 0]
76 [0 0 0 0 0 0 0 0 0 0]
77 [1 1 1 1 1 1 1 1 1 1]
78 [0 0 0 0 0 0 0 0 0 0]
79 [0 0 0 0 0 0 0 0 0 0]
80 [1 1 1 1 1 1 1 1 1 1]
81 [1 1 1 1 1 1 1 1 1 1]
82 [0 0 0 0 0 0 0 0 0 0]
83 [1 1 1 1 1 1 1 1 1 1]
84 [0 0 0 0 0 0 0 0 0 0]
85 [1 1 1 1 1 1 1 1 1 1]
86 [1 1 1 1 1 1 1 1 1 1]
87 [0 0 0 0 0 0 0 0 0 0]
88 [1 1 1 1 1 1 1 1 1 1]
89 [1 1 1 1 1 1 1 1 1 1]
90 [1 1 1 1 1 1 1 1 1 1]
91 [0 0 0 0 0 0 0 0 0 0]
92 [1 1 1 1 1 1 1 1 1 1]
93 [1 1 1 1 1 1 1 1 1 1]
94 [1 1 1 1 1 1 1 1 1 1]
95 [0 0 0 0 0 0 0 0 0 0]
96 [1 1 1 1 1 1 1 1 1 1]
97 [1 1 1 1 1 1 1 1 1 1]
98 [1 1 1 1 1 1 1 1 1 1]
99 [1 1 1 1 1 1 1 1 1 1]
100 [1 1 1 1 1 1 1 1 1 1]
	**** end init su array ...
1 2 1 700 80 0.85 0.92 0.8 (9)9
2 2 0.9 800 75 0.82 0.90 0.9 (9)9
3 1 1.1 680 90 0.88 0.95 0.5 (9)9
4 1 1 480 100 0.86 0.93 0.6 (9)9
5 5 0.6 550 40 0.72 0.78 1.5 (9)9
6 6 0.5 650 45 0.70 0.75 2.0 (9)9
7 7 0.5 1100 40 0.68 0.72 2.5 (9)9
8 5 0.3 700 30 0.65 0.70 1.8 (9)9
9 9 0.2 1700 15 0.60 0.65 3.5 (9)9
10 1 0.8 5800 40 0.80 0.88 0.7 (9)9

<<< generate

Version identifier: 20.1.0.0 | 2020-11-10 | 9bedb6d68
CPXPARAM_TimeLimit                               1800
Row 'ct9#98' infeasible, all entries at implied bounds.
Presolve time = 0,02 sec. (6,52 ticks)

Root node processing (before b&c):
  Real time             =    0,02 sec. (9,44 ticks)
Parallel b&c, 20 threads:
  Real time             =    0,00 sec. (0,00 ticks)
  Sync time (average)   =    0,00 sec.
  Wait time (average)   =    0,00 sec.
                          ------------
Total (root+branch&cut) =    0,02 sec. (9,44 ticks)

<<< solve


<<< no solution


    [_is_infeasible] => 1
)
