Array
(
    [CplexRunTime] => Total (root+branch&cut) =    1,06 sec
    [Result] => Array
        (
            [Objective] => fct_obj.
            [ServiceCost] => tot_cst.
            [LateDeliveries] => tot_ldt.
            [Emissions] => Emiss
        )

    [TS] => 117367.29
    [A] => Array
        (
            [0] => 0
            [1] => 2
            [2] => 9
            [3] => 23
            [4] => 6
            [5] => 4
            [6] => 16
            [7] => 12
            [8] => 4
            [9] => 4
            [10] => 17
            [11] => 12
            [12] => 12
            [13] => 13
        )

    [X] => Array
        (
            [0] => 0
            [1] => 1
            [2] => 1
            [3] => 1
            [4] => 1
            [5] => 0
            [6] => 0
            [7] => 0
            [8] => 1
            [9] => 1
            [10] => 1
            [11] => 0
            [12] => 0
            [13] => 0
        )

    [E] => 29496546
    [DELIVER] => Array
        (
            [0] => S9=>P7
            [1] => S4=>P8
            [2] => S4=>P9
            [3] => S9=>P11
            [4] => S1=>P12
            [5] => S2=>P12
            [6] => S3=>P12
            [7] => S4=>P12
            [8] => S5=>P12
            [9] => S8=>P12
            [10] => S10=>P12
            [11] => S1=>P13
            [12] => S2=>P13
            [13] => S3=>P13
            [14] => S4=>P13
            [15] => S10=>P13
        )

    [_raw_output] => 
<<< setup

0 0 -1 0 1 0,25 0,5 0,8 1 0 0 0 0  14
1 2 0 1000 1 0,25 0,5 0,8 1 0 7000 700 1500  14
2 5 1 120 1 0,25 0,5 0,8 1 0 3500 450 1500  14
3 7 1 250 1 0,25 0,5 0,8 1 0 5500 550 1500  14
4 6 1 100 3 0,25 0,5 0,8 1 0 2800 280 1500  14
5 4 2 65 2 0,25 0,5 0,8 1 0 2350 235 1500  14
6 4 3 80 5 0,25 0,5 0,8 1 0 2600 260 1500  14
7 3 3 110 1 0,25 0,5 0,8 1 0 2900 290 1500  14
8 3 4 40 3 0,25 0,5 0,8 1 0 1600 160 1500  14
9 3 5 24 2 0,25 0,5 0,8 1 0 1250 125 1500  14
10 4 5 16 2 0,25 0,5 0,8 1 0 1120 112 1500  14
11 3 6 21 10 0,25 0,5 0,8 1 0 1200 120 1500  14
12 7 6 27 20 0,25 0,5 0,8 1 0 1000 100 1500  14
13 11 10 9 12 0,25 0,5 0,5 1 0 1100 110 1500  14
Node nums: [0 1 2 3 4 5 6 7 8 9 10 11 12 13]
xx-Data uploaded-xx
	**** start init su array ...
0 [0 0 0 0 0 0 0 0 0 0]
1 [0 0 0 0 0 0 0 0 0 0]
2 [0 0 0 0 0 0 0 0 0 0]
3 [0 0 0 0 0 0 0 0 0 0]
4 [0 0 0 0 0 0 0 0 0 0]
5 [0 0 0 0 0 0 0 0 0 0]
6 [0 0 0 0 0 0 0 0 0 0]
7 [1 1 1 1 1 1 1 1 1 1]
8 [1 1 1 1 1 1 1 1 1 1]
9 [1 1 1 1 1 1 1 1 1 1]
10 [0 0 0 0 0 0 0 0 0 0]
11 [1 1 1 1 1 1 1 1 1 1]
12 [1 1 1 1 1 1 1 1 1 1]
13 [1 1 1 1 1 1 1 1 1 1]
	**** end init su array ...
1 2 1 100 80 0.85 0.92 0.8 (9)9
2 2 0.9 60 75 0.82 0.90 0.9 (9)9
3 1 1.1 80 90 0.88 0.95 0.5 (9)9
4 1 1 80 100 0.86 0.93 0.6 (9)9
5 5 0.6 50 40 0.72 0.78 1.5 (9)9
6 6 0.5 60 45 0.70 0.75 2.0 (9)9
7 7 0.5 80 40 0.68 0.72 2.5 (9)9
8 5 0.3 25 30 0.65 0.70 1.8 (9)9
9 9 0.2 250 15 0.60 0.65 3.5 (9)9
10 1 0.8 30 40 0.80 0.88 0.7 (9)9

<<< generate

Version identifier: 20.1.0.0 | 2020-11-10 | 9bedb6d68
CPXPARAM_TimeLimit                               1800
Tried aggregator 2 times.
MIP Presolve eliminated 1103 rows and 163 columns.
MIP Presolve added 120 rows and 60 columns.
MIP Presolve modified 28 coefficients.
Aggregator did 2 substitutions.
Reduced MIP has 300 rows, 217 columns, and 720 nonzeros.
Reduced MIP has 72 binaries, 85 generals, 0 SOSs, and 0 indicators.
Presolve time = 0,00 sec. (1,19 ticks)
Found incumbent of value 8,7121650e+07 after 0,00 sec. (1,98 ticks)
Probing time = 0,00 sec. (0,06 ticks)
Cover probing fixed 0 vars, tightened 20 bounds.
Tried aggregator 1 time.
Detecting symmetries...
MIP Presolve eliminated 86 rows and 0 columns.
MIP Presolve modified 68 coefficients.
Reduced MIP has 214 rows, 217 columns, and 608 nonzeros.
Reduced MIP has 72 binaries, 85 generals, 0 SOSs, and 0 indicators.
Presolve time = 0,00 sec. (0,46 ticks)
Classifier predicts products in MIQP should be linearized.
Probing time = 0,00 sec. (0,04 ticks)
MIP emphasis: balance optimality and feasibility.
MIP search method: dynamic search.
Parallel mode: deterministic, using up to 20 threads.
Root relaxation solution time = 0,02 sec. (0,66 ticks)

        Nodes                                         Cuts/
   Node  Left     Objective  IInf  Best Integer    Best Bound    ItCnt     Gap

*     0+    0                       8,71216e+07    16074,0000            99,98%
*     0+    0                       4,45595e+07    16074,0000            99,96%
*     0+    0                       3,27636e+07    16074,0000            99,95%
*     0+    0                       3,26649e+07    16074,0000            99,95%
*     0+    0                       3,25662e+07    16074,0000            99,95%
      0     0   110571,7436    50   3,25662e+07   110571,7436       73   99,66%
      0     0   111731,5601    36   3,25662e+07      Cuts: 45      107   99,66%
      0     0   111852,0997    52   3,25662e+07      Cuts: 16      128   99,66%
      0     0   111852,0997    52   3,25662e+07   ZeroHalf: 1      129   99,66%
      0     0   111852,5143    48   3,25662e+07   ZeroHalf: 1      130   99,66%
      0     0   111854,1925    52   3,25662e+07   ZeroHalf: 1      131   99,66%
Detecting symmetries...
*     0+    0                       122137,7750   111854,1925             8,42%
*     0+    0                       117795,9200   111854,1925             5,04%
Detecting symmetries...
      0     2   111854,1925    52   117795,9200   112093,6854      131    4,84%
Elapsed time = 0,20 sec. (13,65 ticks, tree = 0,02 MB, solutions = 7)
*     7+    1                       117501,2900   112093,6854             4,60%

Implied bound cuts applied:  26
Flow cuts applied:  1
Mixed integer rounding cuts applied:  3
Zero-half cuts applied:  4
Lift and project cuts applied:  1
Gomory fractional cuts applied:  2

Root node processing (before b&c):
  Real time             =    0,16 sec. (13,55 ticks)
Parallel b&c, 20 threads:
  Real time             =    0,50 sec. (4,78 ticks)
  Sync time (average)   =    0,43 sec.
  Wait time (average)   =    0,00 sec.
                          ------------
Total (root+branch&cut) =    0,66 sec. (18,33 ticks)

<<< solve


OBJECTIVE: 117501.3
xxxx
#Result <fct_obj, tot_cst, tot_ldt, Emiss>: <1.175e+5 1.1737e+5 134 2.9497e+7>#TS:117367.29#A:[0,2,9,23,6,4,16,12,4,4,17,12,12,13]#X:[0,1,1,1,1,0,0,0,1,1,1,0,0,0]#E: 29496546#DELIVER:
S9=>P7
S4=>P8
S4=>P9
S9=>P11
S1=>P12
S2=>P12
S3=>P12
S4=>P12
S5=>P12
S8=>P12
S10=>P12
S1=>P13
S2=>P13
S3=>P13
S4=>P13
S10=>P13
xxxx

<<< post process


<<< done


)
