Array
(
    [CplexRunTime] => Total (root+branch&cut) =    0,20 sec
    [Result] => Array
        (
            [Objective] => fct_obj.
            [ServiceCost] => tot_cst.
            [LateDeliveries] => tot_ldt.
            [Emissions] => Emiss
        )

    [TS] => 116448
    [A] => Array
        (
            [0] => 0
            [1] => 2
            [2] => 9
            [3] => 23
            [4] => 6
            [5] => 4
            [6] => 16
            [7] => 12
            [8] => 4
            [9] => 4
            [10] => 17
            [11] => 12
            [12] => 12
            [13] => 13
        )

    [X] => Array
        (
            [0] => 0
            [1] => 1
            [2] => 1
            [3] => 1
            [4] => 1
            [5] => 0
            [6] => 0
            [7] => 0
            [8] => 1
            [9] => 1
            [10] => 1
            [11] => 0
            [12] => 0
            [13] => 0
        )

    [E] => 29495946
    [DELIVER] => Array
        (
            [0] => S9=>P7
            [1] => S4=>P8
            [2] => S4=>P9
            [3] => S9=>P11
            [4] => S1=>P12
            [5] => S2=>P12
            [6] => S3=>P12
            [7] => S4=>P12
            [8] => S5=>P12
            [9] => S8=>P12
            [10] => S10=>P12
            [11] => S1=>P13
            [12] => S2=>P13
            [13] => S4=>P13
            [14] => S10=>P13
        )

    [_raw_output] => 
<<< setup

0 0 -1 0 1 0,25 0,5 0,8 1 0 0 0 0  14
1 2 0 1000 1 0,25 0,5 0,8 1 0 7000 700 1500  14
2 5 1 120 1 0,25 0,5 0,8 1 0 3500 450 1500  14
3 7 1 250 1 0,25 0,5 0,8 1 0 5500 550 1500  14
4 6 1 100 3 0,25 0,5 0,8 1 0 2800 280 1500  14
5 4 2 65 2 0,25 0,5 0,8 1 0 2350 235 1500  14
6 4 3 80 5 0,25 0,5 0,8 1 0 2600 260 1500  14
7 3 3 110 1 0,25 0,5 0,8 1 0 2900 290 1500  14
8 3 4 40 3 0,25 0,5 0,8 1 0 1600 160 1500  14
9 3 5 24 2 0,25 0,5 0,8 1 0 1250 125 1500  14
10 4 5 16 2 0,25 0,5 0,8 1 0 1120 112 1500  14
11 3 6 21 10 0,25 0,5 0,8 1 0 1200 120 1500  14
12 7 6 27 20 0,25 0,5 0,8 1 0 1000 100 1500  14
13 11 10 9 12 0,25 0,5 0,5 1 0 1100 110 1500  14
Node nums: [0 1 2 3 4 5 6 7 8 9 10 11 12 13]
xx-Data uploaded-xx
	**** start init su array ...
0 [0 0 0 0 0 0 0 0 0 0]
1 [0 0 0 0 0 0 0 0 0 0]
2 [0 0 0 0 0 0 0 0 0 0]
3 [0 0 0 0 0 0 0 0 0 0]
4 [0 0 0 0 0 0 0 0 0 0]
5 [0 0 0 0 0 0 0 0 0 0]
6 [0 0 0 0 0 0 0 0 0 0]
7 [1 1 1 1 1 1 1 1 1 1]
8 [1 1 1 1 1 1 1 1 1 1]
9 [1 1 1 1 1 1 1 1 1 1]
10 [0 0 0 0 0 0 0 0 0 0]
11 [1 1 1 1 1 1 1 1 1 1]
12 [1 1 1 1 1 1 1 1 1 1]
13 [1 1 1 1 1 1 1 1 1 1]
	**** end init su array ...
1 2 1 100 80 0.85 0.92 0.8 (9)9
2 2 0.9 60 75 0.82 0.90 0.9 (9)9
3 1 1.1 80 90 0.88 0.95 0.5 (9)9
4 1 1 80 100 0.86 0.93 0.6 (9)9
5 5 0.6 50 40 0.72 0.78 1.5 (9)9
6 6 0.5 60 45 0.70 0.75 2.0 (9)9
7 7 0.5 80 40 0.68 0.72 2.5 (9)9
8 5 0.3 25 30 0.65 0.70 1.8 (9)9
9 9 0.2 250 15 0.60 0.65 3.5 (9)9
10 1 0.8 30 40 0.80 0.88 0.7 (9)9

<<< generate

Version identifier: 20.1.0.0 | 2020-11-10 | 9bedb6d68
CPXPARAM_TimeLimit                               1800
Tried aggregator 2 times.
MIP Presolve eliminated 1103 rows and 163 columns.
MIP Presolve added 120 rows and 60 columns.
MIP Presolve modified 28 coefficients.
Aggregator did 2 substitutions.
Reduced MIP has 300 rows, 217 columns, and 720 nonzeros.
Reduced MIP has 72 binaries, 85 generals, 0 SOSs, and 0 indicators.
Presolve time = 0,00 sec. (1,19 ticks)
Found incumbent of value 8,7120702e+07 after 0,00 sec. (1,98 ticks)
Probing time = 0,00 sec. (0,06 ticks)
Cover probing fixed 0 vars, tightened 20 bounds.
Tried aggregator 1 time.
Detecting symmetries...
MIP Presolve eliminated 86 rows and 0 columns.
MIP Presolve modified 68 coefficients.
Reduced MIP has 214 rows, 217 columns, and 608 nonzeros.
Reduced MIP has 72 binaries, 85 generals, 0 SOSs, and 0 indicators.
Presolve time = 0,00 sec. (0,46 ticks)
Classifier predicts products in MIQP should be linearized.
Probing time = 0,00 sec. (0,04 ticks)
MIP emphasis: balance optimality and feasibility.
MIP search method: dynamic search.
Parallel mode: deterministic, using up to 20 threads.
Root relaxation solution time = 0,00 sec. (0,66 ticks)

        Nodes                                         Cuts/
   Node  Left     Objective  IInf  Best Integer    Best Bound    ItCnt     Gap

*     0+    0                       8,71207e+07    16074,0000            99,98%
*     0+    0                       4,45586e+07    16074,0000            99,96%
*     0+    0                       3,27622e+07    16074,0000            99,95%
*     0+    0                       3,26635e+07    16074,0000            99,95%
*     0+    0                       3,25648e+07    16074,0000            99,95%
      0     0   109328,1148    48   3,25648e+07   109328,1148       70   99,66%
      0     0   110614,9206    55   3,25648e+07      Cuts: 42      113   99,66%
      0     0   111172,4386    55   3,25648e+07      Cuts: 35      139   99,66%
      0     0   111198,2382    36   3,25648e+07      Cuts: 15      149   99,66%
      0     0   111198,6869    37   3,25648e+07    MIRcuts: 5      151   99,66%
      0     0   111206,5021    38   3,25648e+07    MIRcuts: 3      159   99,66%
*     0+    0                       116582,0000   111206,5021             4,61%
Detecting symmetries...
*     0+    0                       116582,0000   111206,5021             4,61%
      0     0        cutoff         116582,0000   116582,0000      159    0,00%
Elapsed time = 0,31 sec. (14,51 ticks, tree = 0,01 MB, solutions = 7)

Implied bound cuts applied:  19
Flow cuts applied:  1
Mixed integer rounding cuts applied:  6
Zero-half cuts applied:  1
Lift and project cuts applied:  4
Gomory fractional cuts applied:  2

Root node processing (before b&c):
  Real time             =    0,31 sec. (14,54 ticks)
Parallel b&c, 20 threads:
  Real time             =    0,00 sec. (0,00 ticks)
  Sync time (average)   =    0,00 sec.
  Wait time (average)   =    0,00 sec.
                          ------------
Total (root+branch&cut) =    0,31 sec. (14,54 ticks)

<<< solve


OBJECTIVE: 116582
xxxx
#Result <fct_obj, tot_cst, tot_ldt, Emiss>: <1.1658e+5 1.1645e+5 134 2.9496e+7>#TS:116448#A:[0,2,9,23,6,4,16,12,4,4,17,12,12,13]#X:[0,1,1,1,1,0,0,0,1,1,1,0,0,0]#E: 29495946#DELIVER:
S9=>P7
S4=>P8
S4=>P9
S9=>P11
S1=>P12
S2=>P12
S3=>P12
S4=>P12
S5=>P12
S8=>P12
S10=>P12
S1=>P13
S2=>P13
S4=>P13
S10=>P13
xxxx

<<< post process


<<< done


)
