Array
(
    [CplexRunTime] => Total (root+branch&cut) =    0,39 sec
    [Result] => Array
        (
            [Objective] => fct_obj.
            [ServiceCost] => tot_cst.
            [LateDeliveries] => tot_ldt.
            [Emissions] => Emiss
        )

    [TS] => 358472
    [A] => Array
        (
            [0] => 0
            [1] => 9
            [2] => 29
            [3] => 24
            [4] => 5
            [5] => 18
            [6] => 25
            [7] => 24
            [8] => 25
            [9] => 16
            [10] => 16
            [11] => 2
            [12] => 1
            [13] => 16
            [14] => 15
            [15] => 16
            [16] => 17
            [17] => 16
            [18] => 21
            [19] => 15
            [20] => 19
            [21] => 9
            [22] => 11
            [23] => 8
            [24] => 7
            [25] => 12
            [26] => 4
            [27] => 13
            [28] => 14
            [29] => 7
            [30] => 8
            [31] => 13
            [32] => 14
            [33] => 13
            [34] => 10
            [35] => 7
        )

    [X] => Array
        (
            [0] => 0
            [1] => 1
            [2] => 1
            [3] => 1
            [4] => 1
            [5] => 1
            [6] => 0
            [7] => 0
            [8] => 0
            [9] => 0
            [10] => 0
            [11] => 1
            [12] => 1
            [13] => 0
            [14] => 0
            [15] => 0
            [16] => 0
            [17] => 0
            [18] => 0
            [19] => 0
            [20] => 0
            [21] => 0
            [22] => 0
            [23] => 0
            [24] => 0
            [25] => 1
            [26] => 1
            [27] => 0
            [28] => 0
            [29] => 0
            [30] => 0
            [31] => 0
            [32] => 0
            [33] => 0
            [34] => 0
            [35] => 0
        )

    [E] => 48310880
    [DELIVER] => Array
        (
            [0] => S8=>P22
            [1] => S8=>P23
            [2] => S10=>P24
            [3] => S8=>P25
            [4] => S10=>P26
            [5] => S7=>P27
            [6] => S8=>P27
            [7] => S9=>P27
            [8] => S9=>P28
            [9] => S10=>P29
            [10] => S10=>P30
            [11] => S3=>P31
            [12] => S8=>P31
            [13] => S3=>P32
            [14] => S8=>P32
            [15] => S9=>P33
            [16] => S8=>P34
            [17] => S10=>P35
        )

    [_raw_output] => 
<<< setup

0 0 -1 0 1 0,25 0,5 0,8 1 0 0 0 0  14
1 9 0 2000 1 0,25 0,5 0,8 1 0 9000 900 1500  14
2 4 1 180 1 0,25 0,5 0,8 1 0 4800 580 1500  14
3 8 1 360 1 0,25 0,5 0,8 1 0 6800 680 1500  14
4 5 1 150 3 0,25 0,5 0,8 1 0 3800 380 1500  14
5 2 1 120 2 0,25 0,5 0,8 1 0 3100 310 1500  14
6 8 2 110 3 0,25 0,5 0,8 1 0 3300 330 1500  14
7 3 2 105 2 0,25 0,5 0,8 1 0 3600 360 1500  14
8 6 2 100 1 0,25 0,5 0,8 1 0 2200 220 1500  14
9 5 3 108 2 0,25 0,5 0,8 1 0 1850 185 1500  14
10 9 3 98 3 0,25 0,5 0,8 1 0 1700 170 1500  14
11 2 4 92 2 0,25 0,5 0,8 1 0 1750 175 1500  14
12 1 4 88 3 0,25 0,5 0,8 1 0 1550 155 1500  14
13 3 5 82 8 0,25 0,5 0,5 1 0 1600 160 1500  14
14 1 5 86 6 0,25 0,5 0,5 1 0 1600 160 1500  14
15 9 5 90 2 0,25 0,5 0,5 1 0 1600 160 1500  14
16 9 6 84 9 0,25 0,5 0,5 1 0 2600 260 1500  14
17 3 6 78 6 0,25 0,5 0,5 1 0 2500 250 1500  14
18 7 7 75 2 0,25 0,5 0,5 1 0 2800 280 1500  14
19 2 8 76 1 0,25 0,5 0,5 1 0 1700 170 1500  14
20 9 8 80 2 0,25 0,5 0,5 1 0 1900 190 1500  14
21 2 9 74 6 0,25 0,5 0,5 1 0 1550 155 1500  14
22 6 9 71 4 0,25 0,5 0,5 1 0 1500 150 1500  14
23 3 9 79 4 0,25 0,5 0,5 1 0 1450 145 1500  14
24 6 10 70 3 0,25 0,5 0,5 1 0 1350 135 1500  14
25 7 11 74 2 0,25 0,5 0,5 1 0 1400 140 1500  14
26 3 12 72 3 0,25 0,5 0,5 1 0 1300 130 1500  14
27 4 13 68 5 0,25 0,5 0,5 1 0 1250 125 1500  14
28 5 14 66 4 0,25 0,5 0,5 1 0 1200 120 1500  14
29 6 15 64 3 0,25 0,5 0,5 1 0 1150 115 1500  14
30 7 16 62 2 0,25 0,5 0,5 1 0 1100 110 1500  14
31 8 17 60 4 0,25 0,5 0,5 1 0 1050 105 1500  14
32 9 18 58 3 0,25 0,5 0,5 1 0 1000 100 1500  14
33 4 19 56 2 0,25 0,5 0,5 1 0 950 95 1500  14
34 5 20 54 5 0,25 0,5 0,5 1 0 900 90 1500  14
35 6 21 52 4 0,25 0,5 0,5 1 0 850 85 1500  14
Node nums: [0 1 2 3 4 5 6 7 8 9 10 11 12 13 14 15 16 17 18 19 20 21 22 23 24 25 26 27
     28 29 30 31 32 33 34 35]
xx-Data uploaded-xx
	**** start init su array ...
0 [0 0 0 0 0 0 0 0 0 0]
1 [0 0 0 0 0 0 0 0 0 0]
2 [0 0 0 0 0 0 0 0 0 0]
3 [0 0 0 0 0 0 0 0 0 0]
4 [0 0 0 0 0 0 0 0 0 0]
5 [0 0 0 0 0 0 0 0 0 0]
6 [0 0 0 0 0 0 0 0 0 0]
7 [0 0 0 0 0 0 0 0 0 0]
8 [0 0 0 0 0 0 0 0 0 0]
9 [0 0 0 0 0 0 0 0 0 0]
10 [0 0 0 0 0 0 0 0 0 0]
11 [0 0 0 0 0 0 0 0 0 0]
12 [0 0 0 0 0 0 0 0 0 0]
13 [1 1 1 1 1 1 1 1 1 1]
14 [1 1 1 1 1 1 1 1 1 1]
15 [1 1 1 1 1 1 1 1 1 1]
16 [1 1 1 1 1 1 1 1 1 1]
17 [1 1 1 1 1 1 1 1 1 1]
18 [1 1 1 1 1 1 1 1 1 1]
19 [1 1 1 1 1 1 1 1 1 1]
20 [1 1 1 1 1 1 1 1 1 1]
21 [1 1 1 1 1 1 1 1 1 1]
22 [1 1 1 1 1 1 1 1 1 1]
23 [1 1 1 1 1 1 1 1 1 1]
24 [1 1 1 1 1 1 1 1 1 1]
25 [1 1 1 1 1 1 1 1 1 1]
26 [1 1 1 1 1 1 1 1 1 1]
27 [1 1 1 1 1 1 1 1 1 1]
28 [1 1 1 1 1 1 1 1 1 1]
29 [1 1 1 1 1 1 1 1 1 1]
30 [1 1 1 1 1 1 1 1 1 1]
31 [1 1 1 1 1 1 1 1 1 1]
32 [1 1 1 1 1 1 1 1 1 1]
33 [1 1 1 1 1 1 1 1 1 1]
34 [1 1 1 1 1 1 1 1 1 1]
35 [1 1 1 1 1 1 1 1 1 1]
	**** end init su array ...
1 2 1 700 80 0.85 0.92 0.8 (9)9
2 2 0.9 800 75 0.82 0.90 0.9 (9)9
3 1 1.1 680 90 0.88 0.95 0.5 (9)9
4 1 1 480 100 0.86 0.93 0.6 (9)9
5 5 0.6 550 40 0.72 0.78 1.5 (9)9
6 6 0.5 650 45 0.70 0.75 2.0 (9)9
7 7 0.5 1100 40 0.68 0.72 2.5 (9)9
8 5 0.3 700 30 0.65 0.70 1.8 (9)9
9 9 0.2 1700 15 0.60 0.65 3.5 (9)9
10 1 0.8 5800 40 0.80 0.88 0.7 (9)9

<<< generate

Version identifier: 20.1.0.0 | 2020-11-10 | 9bedb6d68
CPXPARAM_TimeLimit                               1800
Tried aggregator 2 times.
MIP Presolve eliminated 6801 rows and 443 columns.
MIP Presolve added 280 rows and 140 columns.
MIP Presolve modified 143 coefficients.
Aggregator did 2 substitutions.
Reduced MIP has 724 rows, 523 columns, and 1740 nonzeros.
Reduced MIP has 174 binaries, 209 generals, 0 SOSs, and 0 indicators.
Presolve time = 0,00 sec. (5,12 ticks)
Found incumbent of value 1,7810549e+08 after 0,02 sec. (7,81 ticks)
Probing time = 0,00 sec. (0,14 ticks)
Cover probing fixed 0 vars, tightened 14 bounds.
Tried aggregator 1 time.
Detecting symmetries...
MIP Presolve eliminated 182 rows and 0 columns.
MIP Presolve modified 196 coefficients.
Reduced MIP has 542 rows, 523 columns, and 1516 nonzeros.
Reduced MIP has 174 binaries, 209 generals, 0 SOSs, and 0 indicators.
Presolve time = 0,00 sec. (1,15 ticks)
Classifier predicts products in MIQP should be linearized.
Probing time = 0,00 sec. (0,11 ticks)
MIP emphasis: balance optimality and feasibility.
MIP search method: dynamic search.
Parallel mode: deterministic, using up to 20 threads.
Root relaxation solution time = 0,00 sec. (1,61 ticks)

        Nodes                                         Cuts/
   Node  Left     Objective  IInf  Best Integer    Best Bound    ItCnt     Gap

*     0+    0                       1,78105e+08   144200,0000            99,92%
*     0+    0                       8,21888e+07   144200,0000            99,82%
*     0+    0                       6,75609e+07   144200,0000            99,79%
*     0+    0                       6,73582e+07   144200,0000            99,79%
      0     0   337335,2266   137   6,73582e+07   337335,2266      152   99,50%
      0     0   340783,9997   108   6,73582e+07      Cuts: 91      217   99,49%
      0     0   341373,0863   107   6,73582e+07      Cuts: 61      256   99,49%
      0     0   341405,9847   106   6,73582e+07       Cuts: 3      261   99,49%
      0     0   341427,5177   106   6,73582e+07       Cuts: 3      264   99,49%
*     0+    0                       467797,2000   341427,5177            27,01%
*     0+    0                       400790,3000   341427,5177            14,81%
*     0+    0                       400700,6000   341427,5177            14,79%
*     0+    0                       390419,8000   341427,5177            12,55%
*     0+    0                       384295,0000   341427,5177            11,15%
*     0+    0                       383443,0000   341427,5177            10,96%
*     0+    0                       382821,0000   341427,5177            10,81%
      0     0  -1,00000e+75     0   382821,0000   341427,5177      264   10,81%
Detecting symmetries...
      0     2   341427,5177   106   382821,0000   341516,0434      264   10,79%
Elapsed time = 0,09 sec. (42,84 ticks, tree = 0,02 MB, solutions = 11)
*   851   510      integral     0   372339,2000   342182,1749     3058    8,10%
*  1810   963      integral     0   370922,2000   343024,6105     5539    7,52%
*  2475  1601      integral     0   368343,8000   343681,0137     9449    6,70%
*  2485+ 1598                       365578,8000   343681,0137             5,99%
*  2561+ 1508                       365516,2000   343681,0137             5,97%
*  3565+ 1681                       364711,0000   343688,8752             5,76%
*  3598+ 1679                       363717,4000   343688,8752             5,51%
*  3643+ 1679                       362739,0000   343688,8752             5,25%
*  4069+ 2004                       362131,0000   343834,2883             5,05%
*  4121+ 2004                       361267,0000   343834,2883             4,83%
*  4164+ 2004                       360839,0000   343834,2883             4,71%

Performing restart 1

Repeating presolve.
Tried aggregator 2 times.
MIP Presolve eliminated 12 rows and 5 columns.
MIP Presolve modified 400 coefficients.
Aggregator did 3 substitutions.
Reduced MIP has 527 rows, 515 columns, and 1478 nonzeros.
Reduced MIP has 170 binaries, 205 generals, 0 SOSs, and 0 indicators.
Presolve time = 0,00 sec. (1,20 ticks)
Tried aggregator 1 time.
MIP Presolve eliminated 333 rows and 327 columns.
MIP Presolve modified 45 coefficients.
Reduced MIP has 194 rows, 188 columns, and 542 nonzeros.
Reduced MIP has 62 binaries, 76 generals, 0 SOSs, and 0 indicators.
Presolve time = 0,00 sec. (0,48 ticks)
Tried aggregator 1 time.
MIP Presolve modified 16 coefficients.
Reduced MIP has 194 rows, 188 columns, and 542 nonzeros.
Reduced MIP has 62 binaries, 76 generals, 0 SOSs, and 0 indicators.
Presolve time = 0,00 sec. (0,39 ticks)
Represolve time = 0,20 sec. (25,77 ticks)
*  5576     0      integral     0   358951,0000   358951,0000    24612    0,00%

Implied bound cuts applied:  32
Mixed integer rounding cuts applied:  1
Zero-half cuts applied:  2
Lift and project cuts applied:  2
Gomory fractional cuts applied:  9

Root node processing (before b&c):
  Real time             =    0,09 sec. (42,70 ticks)
Parallel b&c, 20 threads:
  Real time             =    0,45 sec. (136,81 ticks)
  Sync time (average)   =    0,05 sec.
  Wait time (average)   =    0,00 sec.
                          ------------
Total (root+branch&cut) =    0,55 sec. (179,51 ticks)

<<< solve


OBJECTIVE: 358951
xxxx
#Result <fct_obj, tot_cst, tot_ldt, Emiss>: <3.5895e+5 3.5847e+5 479 4.8311e+7>#TS:358472#A:[0,9,29,24,5,18,25,24,25,16,16,2,1,16,15,16,17,16,21,15,19,9,11,8,7,12,4,13,14,7,8,13,14,13,10,7]#X:[0,1,1,1,1,1,0,0,0,0,0,1,1,0,0,0,0,0,0,0,0,0,0,0,0,1,1,0,0,0,0,0,0,0,0,0]#E: 48310880#DELIVER:
S8=>P22
S8=>P23
S10=>P24
S8=>P25
S10=>P26
S7=>P27
S8=>P27
S9=>P27
S9=>P28
S10=>P29
S10=>P30
S3=>P31
S8=>P31
S3=>P32
S8=>P32
S9=>P33
S8=>P34
S10=>P35
xxxx

<<< post process


<<< done


)
