Array
(
    [CplexRunTime] => Total (root+branch&cut) =    0,08 sec
    [Result] => Array
        (
            [Objective] => fct_obj.
            [ServiceCost] => tot_cst.
            [LateDeliveries] => tot_ldt.
            [Emissions] => Emiss
        )

    [TS] => 2436599
    [A] => Array
        (
            [0] => 0
            [1] => 2
            [2] => 27
            [3] => 57
            [4] => 21
            [5] => 57
            [6] => 22
            [7] => 22
            [8] => 21
            [9] => 50
            [10] => 17
            [11] => 15
            [12] => 15
            [13] => 18
            [14] => 53
            [15] => 11
            [16] => 18
            [17] => 15
            [18] => 19
            [19] => 12
            [20] => 18
            [21] => 16
            [22] => 15
            [23] => 47
            [24] => 13
            [25] => 12
            [26] => 8
            [27] => 10
            [28] => 13
            [29] => 12
            [30] => 49
            [31] => 14
            [32] => 13
            [33] => 16
            [34] => 12
            [35] => 13
            [36] => 13
            [37] => 44
            [38] => 5
            [39] => 47
            [40] => 13
            [41] => 9
            [42] => 13
            [43] => 12
            [44] => 8
            [45] => 41
            [46] => 14
            [47] => 41
            [48] => 40
            [49] => 39
            [50] => 38
            [51] => 38
            [52] => 36
            [53] => 33
            [54] => 34
            [55] => 33
            [56] => 27
            [57] => 32
            [58] => 29
            [59] => 22
            [60] => 29
            [61] => 23
            [62] => 20
            [63] => 25
            [64] => 20
            [65] => 15
            [66] => 23
            [67] => 16
            [68] => 9
            [69] => 20
            [70] => 11
            [71] => 7
            [72] => 16
            [73] => 5
            [74] => 4
            [75] => 11
            [76] => 3
            [77] => 5
            [78] => 5
            [79] => 4
            [80] => 6
            [81] => 3
            [82] => 5
            [83] => 2
            [84] => 4
            [85] => 17
            [86] => 16
            [87] => 20
            [88] => 11
            [89] => 13
            [90] => 15
        )

    [X] => Array
        (
            [0] => 0
            [1] => 1
            [2] => 1
            [3] => 1
            [4] => 1
            [5] => 1
            [6] => 0
            [7] => 0
            [8] => 0
            [9] => 0
            [10] => 0
            [11] => 0
            [12] => 0
            [13] => 0
            [14] => 0
            [15] => 0
            [16] => 0
            [17] => 0
            [18] => 0
            [19] => 0
            [20] => 0
            [21] => 0
            [22] => 0
            [23] => 0
            [24] => 0
            [25] => 0
            [26] => 0
            [27] => 0
            [28] => 0
            [29] => 0
            [30] => 0
            [31] => 0
            [32] => 0
            [33] => 0
            [34] => 0
            [35] => 0
            [36] => 0
            [37] => 0
            [38] => 0
            [39] => 0
            [40] => 0
            [41] => 0
            [42] => 0
            [43] => 0
            [44] => 0
            [45] => 0
            [46] => 0
            [47] => 0
            [48] => 0
            [49] => 0
            [50] => 0
            [51] => 0
            [52] => 0
            [53] => 0
            [54] => 0
            [55] => 0
            [56] => 0
            [57] => 0
            [58] => 0
            [59] => 0
            [60] => 0
            [61] => 0
            [62] => 0
            [63] => 0
            [64] => 0
            [65] => 0
            [66] => 0
            [67] => 0
            [68] => 0
            [69] => 0
            [70] => 0
            [71] => 0
            [72] => 0
            [73] => 0
            [74] => 0
            [75] => 0
            [76] => 0
            [77] => 1
            [78] => 0
            [79] => 1
            [80] => 1
            [81] => 0
            [82] => 1
            [83] => 1
            [84] => 1
            [85] => 1
            [86] => 1
            [87] => 1
            [88] => 0
            [89] => 0
            [90] => 0
        )

    [E] => 2147483647
    [DELIVER] => Array
        (
            [0] => S9=>P15
            [1] => S9=>P17
            [2] => S9=>P19
            [3] => S9=>P21
            [4] => S9=>P22
            [5] => S9=>P24
            [6] => S9=>P25
            [7] => S8=>P26
            [8] => S9=>P28
            [9] => S9=>P29
            [10] => S8=>P31
            [11] => S9=>P31
            [12] => S9=>P34
            [13] => S9=>P36
            [14] => S10=>P38
            [15] => S9=>P40
            [16] => S8=>P41
            [17] => S8=>P42
            [18] => S9=>P42
            [19] => S8=>P43
            [20] => S9=>P43
            [21] => S8=>P44
            [22] => S9=>P46
            [23] => S1=>P88
            [24] => S2=>P88
            [25] => S3=>P88
            [26] => S4=>P88
            [27] => S5=>P88
            [28] => S6=>P88
            [29] => S7=>P88
            [30] => S8=>P88
            [31] => S9=>P88
            [32] => S10=>P88
            [33] => S1=>P89
            [34] => S2=>P89
            [35] => S3=>P89
            [36] => S4=>P89
            [37] => S5=>P89
            [38] => S6=>P89
            [39] => S7=>P89
            [40] => S8=>P89
            [41] => S9=>P89
            [42] => S10=>P89
            [43] => S1=>P90
            [44] => S2=>P90
            [45] => S3=>P90
            [46] => S4=>P90
            [47] => S5=>P90
            [48] => S6=>P90
            [49] => S7=>P90
            [50] => S8=>P90
            [51] => S9=>P90
            [52] => S10=>P90
        )

    [_raw_output] => 
<<< setup

0 0 -1 0 1 0,25 0,5 0,8 1 0 0 0 0 13
1 2 0 7500 1 0,25 0,5 0,8 1 0 15000 1500 1500 13
2 5 1 950 1 0,25 0,5 0,8 1 0 9800 980 1500 13
3 7 1 940 1 0,25 0,5 0,8 1 0 9100 910 1500 13
4 6 1 960 1 0,25 0,5 0,8 1 0 8500 850 1500 13
5 4 1 910 2 0,25 0,5 0,8 1 0 8400 840 1500 13
6 4 2 930 3 0,25 0,5 0,8 1 0 8300 830 1500 13
7 3 2 850 2 0,25 0,5 0,8 1 0 8100 810 1500 13
8 3 2 830 1 0,25 0,5 0,8 1 0 7500 750 1500 13
9 3 3 840 2 0,25 0,5 0,8 1 0 7400 740 1500 13
10 4 3 800 3 0,25 0,5 0,8 1 0 6700 670 1500 13
11 3 4 740 2 0,25 0,5 0,8 1 0 6650 665 1500 13
12 5 4 710 3 0,25 0,5 0,8 1 0 6600 660 1500 13
13 5 5 650 8 0,25 0,5 0,5 1 0 6500 650 1500 13
14 4 5 690 6 0,25 0,5 0,5 1 0 6100 610 1500 13
15 2 5 750 2 0,25 0,5 0,5 1 0 6090 609 1500 13
16 4 6 710 9 0,25 0,5 0,5 1 0 5920 592 1500 13
17 6 6 630 6 0,25 0,5 0,5 1 0 5780 578 1500 13
18 3 7 600 2 0,25 0,5 0,5 1 0 5700 570 1500 13
19 3 8 620 1 0,25 0,5 0,5 1 0 5580 558 1500 13
20 5 8 650 2 0,25 0,5 0,5 1 0 5360 536 1500 13
21 7 9 590 6 0,25 0,5 0,5 1 0 5160 516 1500 13
22 6 9 560 4 0,25 0,5 0,5 1 0 4830 483 1500 13
23 3 9 640 4 0,25 0,5 0,5 1 0 4450 445 1500 13
24 4 10 450 3 0,25 0,5 0,5 1 0 4310 431 1500 13
25 3 11 540 2 0,25 0,5 0,5 1 0 4020 402 1500 13
26 3 12 530 3 0,25 0,5 0,5 1 0 3700 370 1500 13
27 5 12 570 6 0,25 0,5 0,5 1 0 3590 359 1500 13
28 4 13 450 16 0,25 0,5 0,5 1 0 3400 340 1500 13
29 3 14 530 6 0,25 0,5 0,5 1 0 3280 328 1500 13
30 2 14 540 18 0,25 0,5 0,5 1 0 3020 302 1500 13
31 5 16 520 9 0,25 0,5 0,5 1 0 2840 284 1500 13
32 4 16 560 9 0,25 0,5 0,5 1 0 2650 265 1500 13
33 3 18 530 6 0,25 0,5 0,5 1 0 2510 251 1500 13
34 3 18 360 4 0,25 0,5 0,5 1 0 2410 241 1500 13
35 5 20 440 4 0,25 0,5 0,5 1 0 2260 226 1500 13
36 4 23 390 8 0,25 0,5 0,5 1 0 2100 210 1500 13
37 3 23 400 12 0,25 0,5 0,5 1 0 2100 210 1500 13
38 4 27 410 6 0,25 0,5 0,5 1 0 2010 201 1500 13
39 6 30 420 18 0,25 0,5 0,5 1 0 1860 186 1500 13
40 4 30 370 54 0,25 0,5 0,5 1 0 1820 182 1500 13
41 4 32 390 18 0,25 0,5 0,5 1 0 1680 168 1500 13
42 4 33 360 12 0,25 0,5 0,5 1 0 1570 157 1500 13
43 3 33 340 12 0,25 0,5 0,5 1 0 1550 155 1500 13
44 3 35 330 8 0,25 0,5 0,5 1 0 1500 150 1500 13
45 2 37 340 12 0,25 0,5 0,5 1 0 1400 140 1500 13
46 5 37 340 12 0,25 0,5 0,5 1 0 1370 137 1500 13
47 3 39 150 54 0,25 0,5 0,5 1 0 1320 132 1500 13
48 2 39 160 36 0,25 0,5 0,5 1 0 1220 122 1500 13
49 3 45 90 48 0,25 0,5 0,5 1 0 1120 112 1500 13
50 5 47 60 108 0,25 0,5 0,5 1 0 1090 109 1500 13
51 4 48 70 72 0,25 0,5 0,5 1 0 1050 105 1500 13
52 3 49 80 96 0,25 0,5 0,5 1 0 1000 100 1500 13
53 6 50 50 216 0,25 0,5 0,5 1 0 950 95 1500 13
54 2 51 65 144 0,25 0,5 0,5 1 0 920 92 1500 13
55 4 52 75 192 0,25 0,5 0,5 1 0 880 88 1500 13
56 5 53 45 432 0,25 0,5 0,5 1 0 850 85 1500 13
57 3 54 55 288 0,25 0,5 0,5 1 0 820 82 1500 13
58 6 55 60 384 0,25 0,5 0,5 1 0 790 79 1500 13
59 2 56 40 658 0,25 0,5 0,5 1 0 760 76 1500 13
60 4 57 35 576 0,25 0,5 0,5 1 0 730 73 1500 13
61 3 58 42 658 0,25 0,5 0,5 1 0 700 70 1500 13
62 5 59 38 658 0,25 0,5 0,5 1 0 670 67 1500 13
63 2 60 32 658 0,25 0,5 0,5 1 0 640 64 1500 13
64 4 61 28 658 0,25 0,5 0,5 1 0 610 61 1500 13
65 6 62 25 658 0,25 0,5 0,5 1 0 580 58 1500 13
66 3 63 30 658 0,25 0,5 0,5 1 0 550 55 1500 13
67 5 64 22 658 0,25 0,5 0,5 1 0 520 52 1500 13
68 2 65 20 658 0,25 0,5 0,5 1 0 490 49 1500 13
69 4 66 18 658 0,25 0,5 0,5 1 0 460 46 1500 13
70 6 67 15 658 0,25 0,5 0,5 1 0 430 43 1500 13
71 3 68 12 658 0,25 0,5 0,5 1 0 400 40 1500 13
72 5 69 10 658 0,25 0,5 0,5 1 0 370 37 1500 13
73 2 70 8 658 0,25 0,5 0,5 1 0 340 34 1500 13
74 4 71 6 658 0,25 0,5 0,5 1 0 310 31 1500 13
75 6 72 5 658 0,25 0,5 0,5 1 0 280 28 1500 13
76 3 73 4 658 0,25 0,5 0,5 1 0 250 25 1500 13
77 5 74 3 658 0,25 0,5 0,5 1 0 220 22 1500 13
78 2 75 2 658 0,25 0,5 0,5 1 0 190 19 1500 13
79 4 76 1 658 0,25 0,5 0,5 1 0 160 16 1500 13
80 6 77 1 658 0,25 0,5 0,5 1 0 130 13 1500 13
81 3 78 1 658 0,25 0,5 0,5 1 0 100 10 1500 13
82 5 79 1 658 0,25 0,5 0,5 1 0 70 7 1500 13
83 2 80 1 658 0,25 0,5 0,5 1 0 40 4 1500 13
84 4 81 1 658 0,25 0,5 0,5 1 0 30 3 1500 13
85 6 82 1 658 0,25 0,5 0,5 1 0 20 2 1500 13
86 3 83 1 658 0,25 0,5 0,5 1 0 15 1,5 1500 13
87 5 84 1 658 0,25 0,5 0,5 1 0 10 1 1500 13
88 2 85 1 658 0,25 0,5 0,5 1 0 8 0,8 1500 13
89 4 86 1 658 0,25 0,5 0,5 1 0 5 0,5 1500 13
90 6 87 1 658 0,25 0,5 0,5 1 0 3 0,3 1500 13
Node nums: [0 1 2 3 4 5 6 7 8 9 10 11 12 13 14 15 16 17 18 19 20 21 22 23 24 25 26 27
     28 29 30 31 32 33 34 35 36 37 38 39 40 41 42 43 44 45 46 47 48 49 50 51
     52 53 54 55 56 57 58 59 60 61 62 63 64 65 66 67 68 69 70 71 72 73 74 75
     76 77 78 79 80 81 82 83 84 85 86 87 88 89 90]
xx-Data uploaded-xx
	**** start init su array ...
0 [0 0 0 0 0 0 0 0 0 0]
1 [0 0 0 0 0 0 0 0 0 0]
2 [0 0 0 0 0 0 0 0 0 0]
3 [0 0 0 0 0 0 0 0 0 0]
4 [0 0 0 0 0 0 0 0 0 0]
5 [0 0 0 0 0 0 0 0 0 0]
6 [0 0 0 0 0 0 0 0 0 0]
7 [0 0 0 0 0 0 0 0 0 0]
8 [0 0 0 0 0 0 0 0 0 0]
9 [0 0 0 0 0 0 0 0 0 0]
10 [0 0 0 0 0 0 0 0 0 0]
11 [0 0 0 0 0 0 0 0 0 0]
12 [0 0 0 0 0 0 0 0 0 0]
13 [0 0 0 0 0 0 0 0 0 0]
14 [0 0 0 0 0 0 0 0 0 0]
15 [1 1 1 1 1 1 1 1 1 1]
16 [0 0 0 0 0 0 0 0 0 0]
17 [1 1 1 1 1 1 1 1 1 1]
18 [0 0 0 0 0 0 0 0 0 0]
19 [1 1 1 1 1 1 1 1 1 1]
20 [0 0 0 0 0 0 0 0 0 0]
21 [1 1 1 1 1 1 1 1 1 1]
22 [1 1 1 1 1 1 1 1 1 1]
23 [0 0 0 0 0 0 0 0 0 0]
24 [1 1 1 1 1 1 1 1 1 1]
25 [1 1 1 1 1 1 1 1 1 1]
26 [1 1 1 1 1 1 1 1 1 1]
27 [0 0 0 0 0 0 0 0 0 0]
28 [1 1 1 1 1 1 1 1 1 1]
29 [1 1 1 1 1 1 1 1 1 1]
30 [0 0 0 0 0 0 0 0 0 0]
31 [1 1 1 1 1 1 1 1 1 1]
32 [0 0 0 0 0 0 0 0 0 0]
33 [0 0 0 0 0 0 0 0 0 0]
34 [1 1 1 1 1 1 1 1 1 1]
35 [0 0 0 0 0 0 0 0 0 0]
36 [1 1 1 1 1 1 1 1 1 1]
37 [0 0 0 0 0 0 0 0 0 0]
38 [1 1 1 1 1 1 1 1 1 1]
39 [0 0 0 0 0 0 0 0 0 0]
40 [1 1 1 1 1 1 1 1 1 1]
41 [1 1 1 1 1 1 1 1 1 1]
42 [1 1 1 1 1 1 1 1 1 1]
43 [1 1 1 1 1 1 1 1 1 1]
44 [1 1 1 1 1 1 1 1 1 1]
45 [1 1 1 1 1 1 1 1 1 1]
46 [1 1 1 1 1 1 1 1 1 1]
47 [1 1 1 1 1 1 1 1 1 1]
48 [1 1 1 1 1 1 1 1 1 1]
49 [1 1 1 1 1 1 1 1 1 1]
50 [0 0 0 0 0 0 0 0 0 0]
51 [1 1 1 1 1 1 1 1 1 1]
52 [0 0 0 0 0 0 0 0 0 0]
53 [1 1 1 1 1 1 1 1 1 1]
54 [1 1 1 1 1 1 1 1 1 1]
55 [1 1 1 1 1 1 1 1 1 1]
56 [1 1 1 1 1 1 1 1 1 1]
57 [1 1 1 1 1 1 1 1 1 1]
58 [1 1 1 1 1 1 1 1 1 1]
59 [1 1 1 1 1 1 1 1 1 1]
60 [1 1 1 1 1 1 1 1 1 1]
61 [1 1 1 1 1 1 1 1 1 1]
62 [1 1 1 1 1 1 1 1 1 1]
63 [1 1 1 1 1 1 1 1 1 1]
64 [1 1 1 1 1 1 1 1 1 1]
65 [1 1 1 1 1 1 1 1 1 1]
66 [1 1 1 1 1 1 1 1 1 1]
67 [1 1 1 1 1 1 1 1 1 1]
68 [1 1 1 1 1 1 1 1 1 1]
69 [1 1 1 1 1 1 1 1 1 1]
70 [1 1 1 1 1 1 1 1 1 1]
71 [1 1 1 1 1 1 1 1 1 1]
72 [1 1 1 1 1 1 1 1 1 1]
73 [1 1 1 1 1 1 1 1 1 1]
74 [1 1 1 1 1 1 1 1 1 1]
75 [1 1 1 1 1 1 1 1 1 1]
76 [1 1 1 1 1 1 1 1 1 1]
77 [1 1 1 1 1 1 1 1 1 1]
78 [1 1 1 1 1 1 1 1 1 1]
79 [1 1 1 1 1 1 1 1 1 1]
80 [1 1 1 1 1 1 1 1 1 1]
81 [1 1 1 1 1 1 1 1 1 1]
82 [1 1 1 1 1 1 1 1 1 1]
83 [1 1 1 1 1 1 1 1 1 1]
84 [1 1 1 1 1 1 1 1 1 1]
85 [1 1 1 1 1 1 1 1 1 1]
86 [1 1 1 1 1 1 1 1 1 1]
87 [1 1 1 1 1 1 1 1 1 1]
88 [1 1 1 1 1 1 1 1 1 1]
89 [1 1 1 1 1 1 1 1 1 1]
90 [1 1 1 1 1 1 1 1 1 1]
	**** end init su array ...
1 2 1 700 80 0.85 0.92 0.8 (9)9
2 2 0.9 800 75 0.82 0.90 0.9 (9)9
3 1 1.1 680 90 0.88 0.95 0.5 (9)9
4 1 1 480 100 0.86 0.93 0.6 (9)9
5 5 0.6 550 40 0.72 0.78 1.5 (9)9
6 6 0.5 650 45 0.70 0.75 2.0 (9)9
7 7 0.5 1100 40 0.68 0.72 2.5 (9)9
8 5 0.3 700 30 0.65 0.70 1.8 (9)9
9 9 0.2 1700 15 0.60 0.65 3.5 (9)9
10 1 0.8 5800 40 0.80 0.88 0.7 (9)9

<<< generate

Version identifier: 20.1.0.0 | 2020-11-10 | 9bedb6d68
CPXPARAM_TimeLimit                               1800
Tried aggregator 2 times.
MIP Presolve eliminated 42529 rows and 1423 columns.
MIP Presolve added 400 rows and 200 columns.
MIP Presolve modified 196 coefficients.
Aggregator did 2 substitutions.
Reduced MIP has 1196 rows, 868 columns, and 2890 nonzeros.
Reduced MIP has 289 binaries, 379 generals, 0 SOSs, and 0 indicators.
Presolve time = 0,02 sec. (29,00 ticks)
Found incumbent of value 5,7043623e+09 after 0,03 sec. (35,17 ticks)
Probing time = 0,00 sec. (0,23 ticks)
Cover probing fixed 0 vars, tightened 20 bounds.
Tried aggregator 1 time.
Detecting symmetries...
MIP Presolve eliminated 260 rows and 0 columns.
MIP Presolve modified 280 coefficients.
Reduced MIP has 936 rows, 868 columns, and 2570 nonzeros.
Reduced MIP has 289 binaries, 379 generals, 0 SOSs, and 0 indicators.
Presolve time = 0,00 sec. (1,92 ticks)
Classifier predicts products in MIQP should be linearized.
Probing time = 0,00 sec. (0,19 ticks)
MIP emphasis: balance optimality and feasibility.
MIP search method: dynamic search.
Parallel mode: deterministic, using up to 20 threads.
Root relaxation solution time = 0,00 sec. (2,53 ticks)

        Nodes                                         Cuts/
   Node  Left     Objective  IInf  Best Integer    Best Bound    ItCnt     Gap

*     0+    0                       5,70436e+09   147531,0000           100,00%
*     0+    0                       3,21802e+09   147531,0000           100,00%
*     0+    0                       3,19827e+09   147531,0000           100,00%
*     0+    0                       3,18865e+09   147531,0000           100,00%
      0     0  2404405,0150    45   3,18865e+09  2404405,0150      160   99,92%
      0     0  2411115,4261    30   3,18865e+09      Cuts: 23      176   99,92%
      0     0  2414236,0929    36   3,18865e+09      Cuts: 15      185   99,92%
      0     0  2414263,5020    31   3,18865e+09   Impl Bds: 1      186   99,92%
*     0+    0                      2492387,0000  2414263,5020             3,13%
*     0+    0                      2438396,0000  2414263,5020             0,99%
      0     0        cutoff        2438396,0000  2438396,0000      186    0,00%
Elapsed time = 0,08 sec. (59,81 ticks, tree = 0,01 MB, solutions = 6)

Implied bound cuts applied:  10
Mixed integer rounding cuts applied:  1
Zero-half cuts applied:  1
Lift and project cuts applied:  3
Gomory fractional cuts applied:  1

Root node processing (before b&c):
  Real time             =    0,08 sec. (59,96 ticks)
Parallel b&c, 20 threads:
  Real time             =    0,00 sec. (0,00 ticks)
  Sync time (average)   =    0,00 sec.
  Wait time (average)   =    0,00 sec.
                          ------------
Total (root+branch&cut) =    0,08 sec. (59,96 ticks)

<<< solve


OBJECTIVE: 2438396
xxxx
#Result <fct_obj, tot_cst, tot_ldt, Emiss>: <2.4384e+6 2.4366e+6 1797 9.0929e+9>#TS:2436599#A:[0,2,27,57,21,57,22,22,21,50,17,15,15,18,53,11,18,15,19,12,18,16,15,47,13,12,8,10,13,12,49,14,13,16,12,13,13,44,5,47,13,9,13,12,8,41,14,41,40,39,38,38,36,33,34,33,27,32,29,22,29,23,20,25,20,15,23,16,9,20,11,7,16,5,4,11,3,5,5,4,6,3,5,2,4,17,16,20,11,13,15]#X:[0,1,1,1,1,1,0,0,0,0,0,0,0,0,0,0,0,0,0,0,0,0,0,0,0,0,0,0,0,0,0,0,0,0,0,0,0,0,0,0,0,0,0,0,0,0,0,0,0,0,0,0,0,0,0,0,0,0,0,0,0,0,0,0,0,0,0,0,0,0,0,0,0,0,0,0,0,1,0,1,1,0,1,1,1,1,1,1,0,0,0]#E: 2147483647#DELIVER:
S9=>P15
S9=>P17
S9=>P19
S9=>P21
S9=>P22
S9=>P24
S9=>P25
S8=>P26
S9=>P28
S9=>P29
S8=>P31
S9=>P31
S9=>P34
S9=>P36
S10=>P38
S9=>P40
S8=>P41
S8=>P42
S9=>P42
S8=>P43
S9=>P43
S8=>P44
S9=>P46
S1=>P88
S2=>P88
S3=>P88
S4=>P88
S5=>P88
S6=>P88
S7=>P88
S8=>P88
S9=>P88
S10=>P88
S1=>P89
S2=>P89
S3=>P89
S4=>P89
S5=>P89
S6=>P89
S7=>P89
S8=>P89
S9=>P89
S10=>P89
S1=>P90
S2=>P90
S3=>P90
S4=>P90
S5=>P90
S6=>P90
S7=>P90
S8=>P90
S9=>P90
S10=>P90
xxxx

<<< post process


<<< done


)
