Array
(
    [CplexRunTime] => Total (root+branch&cut) =    0,69 sec
    [Result] => Array
        (
            [Objective] => fct_obj.
            [ServiceCost] => tot_cst.
            [LateDeliveries] => tot_ldt.
            [Emissions] => Emiss
        )

    [TS] => 239002
    [A] => Array
        (
            [0] => 0
            [1] => 9
            [2] => 30
            [3] => 17
            [4] => 8
            [5] => 12
            [6] => 26
            [7] => 15
            [8] => 22
            [9] => 8
            [10] => 9
            [11] => 3
            [12] => 3
            [13] => 10
            [14] => 10
            [15] => 10
            [16] => 18
            [17] => 12
            [18] => 16
            [19] => 3
            [20] => 7
        )

    [X] => Array
        (
            [0] => 0
            [1] => 1
            [2] => 1
            [3] => 1
            [4] => 1
            [5] => 1
            [6] => 0
            [7] => 0
            [8] => 0
            [9] => 0
            [10] => 0
            [11] => 0
            [12] => 0
            [13] => 0
            [14] => 0
            [15] => 0
            [16] => 0
            [17] => 0
            [18] => 0
            [19] => 0
            [20] => 1
        )

    [E] => 25445290
    [DELIVER] => Array
        (
            [0] => S4=>P11
            [1] => S10=>P11
            [2] => S2=>P12
            [3] => S4=>P12
            [4] => S10=>P12
            [5] => S6=>P13
            [6] => S7=>P13
            [7] => S8=>P13
            [8] => S9=>P14
            [9] => S4=>P15
            [10] => S10=>P15
            [11] => S3=>P16
            [12] => S4=>P16
            [13] => S5=>P16
            [14] => S6=>P16
            [15] => S7=>P16
            [16] => S8=>P16
            [17] => S9=>P16
            [18] => S10=>P16
            [19] => S9=>P17
            [20] => S8=>P18
            [21] => S9=>P18
            [22] => S10=>P19
            [23] => S4=>P20
        )

    [_raw_output] => 
<<< setup

0 0 -1 0 1 0,25 0,5 0,8 1 0 0 0 0  14
1 9 0 1200 1 0,25 0,5 0,8 1 0 8000 800 1500  14
2 4 1 140 1 0,25 0,5 0,8 1 0 4000 500 1500  14
3 8 1 290 1 0,25 0,5 0,8 1 0 6000 600 1500  14
4 5 1 120 3 0,25 0,5 0,8 1 0 3200 320 1500  14
5 2 1 95 2 0,25 0,5 0,8 1 0 2600 260 1500  14
6 8 2 90 3 0,25 0,5 0,8 1 0 2800 280 1500  14
7 3 2 85 2 0,25 0,5 0,8 1 0 3100 310 1500  14
8 6 2 80 1 0,25 0,5 0,8 1 0 1800 180 1500  14
9 5 3 82 2 0,25 0,5 0,8 1 0 1450 145 1500  14
10 9 3 78 3 0,25 0,5 0,8 1 0 1300 130 1500  14
11 2 4 72 2 0,25 0,5 0,8 1 0 1350 135 1500  14
12 1 4 68 3 0,25 0,5 0,8 1 0 1150 115 1500  14
13 3 5 62 8 0,25 0,5 0,5 1 0 1200 120 1500  14
14 1 5 66 6 0,25 0,5 0,5 1 0 1200 120 1500  14
15 9 5 70 2 0,25 0,5 0,5 1 0 1200 120 1500  14
16 9 6 64 9 0,25 0,5 0,5 1 0 2200 220 1500  14
17 3 7 58 6 0,25 0,5 0,5 1 0 2100 210 1500  14
18 7 8 55 2 0,25 0,5 0,5 1 0 2400 240 1500  14
19 2 9 56 1 0,25 0,5 0,5 1 0 1300 130 1500  14
20 6 10 52 4 0,25 0,5 0,5 1 0 1250 125 1500  14
Node nums: [0 1 2 3 4 5 6 7 8 9 10 11 12 13 14 15 16 17 18 19 20]
xx-Data uploaded-xx
	**** start init su array ...
0 [0 0 0 0 0 0 0 0 0 0]
1 [0 0 0 0 0 0 0 0 0 0]
2 [0 0 0 0 0 0 0 0 0 0]
3 [0 0 0 0 0 0 0 0 0 0]
4 [0 0 0 0 0 0 0 0 0 0]
5 [0 0 0 0 0 0 0 0 0 0]
6 [0 0 0 0 0 0 0 0 0 0]
7 [0 0 0 0 0 0 0 0 0 0]
8 [0 0 0 0 0 0 0 0 0 0]
9 [0 0 0 0 0 0 0 0 0 0]
10 [0 0 0 0 0 0 0 0 0 0]
11 [1 1 1 1 1 1 1 1 1 1]
12 [1 1 1 1 1 1 1 1 1 1]
13 [1 1 1 1 1 1 1 1 1 1]
14 [1 1 1 1 1 1 1 1 1 1]
15 [1 1 1 1 1 1 1 1 1 1]
16 [1 1 1 1 1 1 1 1 1 1]
17 [1 1 1 1 1 1 1 1 1 1]
18 [1 1 1 1 1 1 1 1 1 1]
19 [1 1 1 1 1 1 1 1 1 1]
20 [1 1 1 1 1 1 1 1 1 1]
	**** end init su array ...
1 2 1 100 80 0.85 0.92 0.8 (9)9
2 2 0.9 60 75 0.82 0.90 0.9 (9)9
3 1 1.1 80 90 0.88 0.95 0.5 (9)9
4 1 1 80 100 0.86 0.93 0.6 (9)9
5 5 0.6 50 40 0.72 0.78 1.5 (9)9
6 6 0.5 60 45 0.70 0.75 2.0 (9)9
7 7 0.5 80 40 0.68 0.72 2.5 (9)9
8 5 0.3 25 30 0.65 0.70 1.8 (9)9
9 9 0.2 250 15 0.60 0.65 3.5 (9)9
10 1 0.8 30 40 0.80 0.88 0.7 (9)9

<<< generate

Version identifier: 20.1.0.0 | 2020-11-10 | 9bedb6d68
CPXPARAM_TimeLimit                               1800
Tried aggregator 2 times.
MIP Presolve eliminated 2359 rows and 223 columns.
MIP Presolve added 200 rows and 100 columns.
MIP Presolve modified 48 coefficients.
Aggregator did 2 substitutions.
Reduced MIP has 496 rows, 358 columns, and 1190 nonzeros.
Reduced MIP has 119 binaries, 139 generals, 0 SOSs, and 0 indicators.
Presolve time = 0,00 sec. (2,22 ticks)
Found incumbent of value 1,3888272e+08 after 0,00 sec. (3,68 ticks)
Probing time = 0,00 sec. (0,09 ticks)
Cover probing fixed 0 vars, tightened 10 bounds.
Tried aggregator 1 time.
Detecting symmetries...
MIP Presolve eliminated 130 rows and 0 columns.
MIP Presolve modified 140 coefficients.
Reduced MIP has 366 rows, 358 columns, and 1030 nonzeros.
Reduced MIP has 119 binaries, 139 generals, 0 SOSs, and 0 indicators.
Presolve time = 0,00 sec. (0,78 ticks)
Classifier predicts products in MIQP should be linearized.
Probing time = 0,00 sec. (0,08 ticks)
MIP emphasis: balance optimality and feasibility.
MIP search method: dynamic search.
Parallel mode: deterministic, using up to 20 threads.
Root relaxation solution time = 0,00 sec. (1,15 ticks)

        Nodes                                         Cuts/
   Node  Left     Objective  IInf  Best Integer    Best Bound    ItCnt     Gap

*     0+    0                       1,38883e+08    86512,0000            99,94%
*     0+    0                       6,13252e+07    86512,0000            99,86%
*     0+    0                       4,39899e+07    86512,0000            99,80%
*     0+    0                      9558292,7000    86512,0000            99,09%
*     0+    0                      9432279,6000    86512,0000            99,08%
      0     0   221242,4372   105  9432279,6000   221242,4372      117   97,65%
      0     0   223370,0319   113  9432279,6000      Cuts: 84      188   97,63%
      0     0   224773,8061    87  9432279,6000      Cuts: 54      231   97,62%
      0     0   224950,4662    84  9432279,6000      Cuts: 20      246   97,62%
      0     0   225052,3364    82  9432279,6000      Cuts: 12      258   97,61%
      0     0   225052,3364    86  9432279,6000      Cuts: 11      263   97,61%
Detecting symmetries...
      0     0   225060,9357    81  9432279,6000       Cuts: 7      267   97,61%
*     0+    0                       240643,0000   225060,9357             6,48%
*     0+    0                       240439,0000   227292,2832             5,47%
      0     0  -1,00000e+75     0   240439,0000   227292,2832      267    5,47%
Detecting symmetries...
      0     2   225060,9357    81   240439,0000   227292,2832      267    5,47%
Elapsed time = 0,08 sec. (34,82 ticks, tree = 0,02 MB, solutions = 7)
*    60+    1                       239510,6000   227292,2832             5,10%
*    67+    1                       239453,0000   227292,2832             5,08%

Performing restart 1

Repeating presolve.
Tried aggregator 2 times.
MIP Presolve eliminated 23 rows and 18 columns.
MIP Presolve modified 230 coefficients.
Aggregator did 2 substitutions.
Reduced MIP has 341 rows, 338 columns, and 956 nonzeros.
Reduced MIP has 113 binaries, 135 generals, 0 SOSs, and 0 indicators.
Presolve time = 0,00 sec. (0,79 ticks)
Tried aggregator 1 time.
MIP Presolve eliminated 90 rows and 91 columns.
MIP Presolve modified 149 coefficients.
Reduced MIP has 251 rows, 247 columns, and 708 nonzeros.
Reduced MIP has 82 binaries, 95 generals, 0 SOSs, and 0 indicators.
Presolve time = 0,00 sec. (0,44 ticks)
Tried aggregator 1 time.
MIP Presolve modified 12 coefficients.
Reduced MIP has 251 rows, 247 columns, and 708 nonzeros.
Reduced MIP has 82 binaries, 95 generals, 0 SOSs, and 0 indicators.
Presolve time = 0,00 sec. (0,50 ticks)
Represolve time = 0,03 sec. (8,46 ticks)
*  9223+    0                       239250,0000   236465,2869             1,16%
   9223     0   229359,9804   107   239250,0000      Cuts: 94    50530    1,16%
   9223     0   230649,9929    93   239250,0000      Cuts: 87    50597    1,16%
   9223     0   231572,2976   124   239250,0000      Cuts: 57    50655    1,16%
   9223     0   232276,3416   121   239250,0000      Cuts: 81    50704    1,16%
   9223     0   232572,4080   123   239250,0000      Cuts: 60    50751    1,16%
   9223     0   232785,2559   124   239250,0000      Cuts: 67    50780    1,16%
   9223     0   232905,8664   106   239250,0000      Cuts: 61    50822    1,16%
   9223     0   233028,5836   113   239250,0000      Cuts: 57    50849    1,16%

Cover cuts applied:  1
Implied bound cuts applied:  3
Flow cuts applied:  20
Mixed integer rounding cuts applied:  43
Zero-half cuts applied:  3
Lift and project cuts applied:  1
Gomory fractional cuts applied:  14

Root node processing (before b&c):
  Real time             =    0,06 sec. (34,65 ticks)
Parallel b&c, 20 threads:
  Real time             =    0,39 sec. (202,15 ticks)
  Sync time (average)   =    0,13 sec.
  Wait time (average)   =    0,00 sec.
                          ------------
Total (root+branch&cut) =    0,45 sec. (236,80 ticks)

<<< solve


OBJECTIVE: 239250
xxxx
#Result <fct_obj, tot_cst, tot_ldt, Emiss>: <2.3925e+5 2.39e+5 248 2.5445e+7>#TS:239002#A:[0,9,30,17,8,12,26,15,22,8,9,3,3,10,10,10,18,12,16,3,7]#X:[0,1,1,1,1,1,0,0,0,0,0,0,0,0,0,0,0,0,0,0,1]#E: 25445290#DELIVER:
S4=>P11
S10=>P11
S2=>P12
S4=>P12
S10=>P12
S6=>P13
S7=>P13
S8=>P13
S9=>P14
S4=>P15
S10=>P15
S3=>P16
S4=>P16
S5=>P16
S6=>P16
S7=>P16
S8=>P16
S9=>P16
S10=>P16
S9=>P17
S8=>P18
S9=>P18
S10=>P19
S4=>P20
xxxx

<<< post process


<<< done


)
