Array
(
    [CplexRunTime] => Total (root+branch&cut) =    0,08 sec
    [Result] => Array
        (
            [Objective] => fct_obj.
            [ServiceCost] => tot_cst.
            [LateDeliveries] => tot_ldt.
            [Emissions] => Emiss
        )

    [TS] => 127452
    [A] => Array
        (
            [0] => 0
            [1] => 2
            [2] => 9
            [3] => 23
            [4] => 6
            [5] => 4
            [6] => 16
            [7] => 16
            [8] => 3
            [9] => 4
            [10] => 17
            [11] => 12
            [12] => 12
            [13] => 13
            [14] => 13
            [15] => 7
        )

    [X] => Array
        (
            [0] => 0
            [1] => 1
            [2] => 1
            [3] => 1
            [4] => 1
            [5] => 0
            [6] => 0
            [7] => 0
            [8] => 1
            [9] => 1
            [10] => 1
            [11] => 0
            [12] => 0
            [13] => 0
            [14] => 0
            [15] => 1
        )

    [E] => 33149700
    [DELIVER] => Array
        (
            [0] => S4=>P9
            [1] => S9=>P11
            [2] => S1=>P12
            [3] => S2=>P12
            [4] => S3=>P12
            [5] => S4=>P12
            [6] => S5=>P12
            [7] => S8=>P12
            [8] => S10=>P12
            [9] => S1=>P13
            [10] => S2=>P13
            [11] => S4=>P13
            [12] => S10=>P13
            [13] => S9=>P14
            [14] => S4=>P15
        )

    [_raw_output] => 
<<< setup

0 0 -1 0 1 0,25 0,5 0,8 1 0 0 0 0  14
1 2 0 1100 1 0,25 0,5 0,8 1 0 7500 750 1500  14
2 5 1 130 1 0,25 0,5 0,8 1 0 3800 480 1500  14
3 7 1 270 1 0,25 0,5 0,8 1 0 5800 580 1500  14
4 6 1 110 3 0,25 0,5 0,8 1 0 3000 300 1500  14
5 4 2 70 2 0,25 0,5 0,8 1 0 2500 250 1500  14
6 4 3 85 5 0,25 0,5 0,8 1 0 2750 275 1500  14
7 3 3 115 1 0,25 0,5 0,8 1 0 3100 310 1500  14
8 3 4 45 3 0,25 0,5 0,8 1 0 1700 170 1500  14
9 3 5 26 2 0,25 0,5 0,8 1 0 1350 135 1500  14
10 4 5 18 2 0,25 0,5 0,8 1 0 1200 120 1500  14
11 3 6 23 10 0,25 0,5 0,8 1 0 1300 130 1500  14
12 7 6 29 20 0,25 0,5 0,8 1 0 1100 110 1500  14
13 11 10 10 12 0,25 0,5 0,5 1 0 1200 120 1500  14
14 4 7 32 8 0,25 0,5 0,5 1 0 1400 140 1500  14
15 6 8 22 4 0,25 0,5 0,5 1 0 1050 105 1500  14
Node nums: [0 1 2 3 4 5 6 7 8 9 10 11 12 13 14 15]
xx-Data uploaded-xx
	**** start init su array ...
0 [0 0 0 0 0 0 0 0 0 0]
1 [0 0 0 0 0 0 0 0 0 0]
2 [0 0 0 0 0 0 0 0 0 0]
3 [0 0 0 0 0 0 0 0 0 0]
4 [0 0 0 0 0 0 0 0 0 0]
5 [0 0 0 0 0 0 0 0 0 0]
6 [0 0 0 0 0 0 0 0 0 0]
7 [0 0 0 0 0 0 0 0 0 0]
8 [0 0 0 0 0 0 0 0 0 0]
9 [1 1 1 1 1 1 1 1 1 1]
10 [1 1 1 1 1 1 1 1 1 1]
11 [1 1 1 1 1 1 1 1 1 1]
12 [1 1 1 1 1 1 1 1 1 1]
13 [1 1 1 1 1 1 1 1 1 1]
14 [1 1 1 1 1 1 1 1 1 1]
15 [1 1 1 1 1 1 1 1 1 1]
	**** end init su array ...
1 2 1 100 80 0.85 0.92 0.8 (9)9
2 2 0.9 60 75 0.82 0.90 0.9 (9)9
3 1 1.1 80 90 0.88 0.95 0.5 (9)9
4 1 1 80 100 0.86 0.93 0.6 (9)9
5 5 0.6 50 40 0.72 0.78 1.5 (9)9
6 6 0.5 60 45 0.70 0.75 2.0 (9)9
7 7 0.5 80 40 0.68 0.72 2.5 (9)9
8 5 0.3 25 30 0.65 0.70 1.8 (9)9
9 9 0.2 250 15 0.60 0.65 3.5 (9)9
10 1 0.8 30 40 0.80 0.88 0.7 (9)9

<<< generate

Version identifier: 20.1.0.0 | 2020-11-10 | 9bedb6d68
CPXPARAM_TimeLimit                               1800
Tried aggregator 2 times.
MIP Presolve eliminated 1437 rows and 203 columns.
MIP Presolve added 120 rows and 60 columns.
MIP Presolve modified 16 coefficients.
Aggregator did 2 substitutions.
Reduced MIP has 308 rows, 223 columns, and 740 nonzeros.
Reduced MIP has 74 binaries, 89 generals, 0 SOSs, and 0 indicators.
Presolve time = 0,00 sec. (1,40 ticks)
Found incumbent of value 9,4290449e+07 after 0,00 sec. (2,22 ticks)
Probing time = 0,00 sec. (0,06 ticks)
Cover probing fixed 0 vars, tightened 20 bounds.
Tried aggregator 1 time.
Detecting symmetries...
MIP Presolve eliminated 86 rows and 0 columns.
MIP Presolve modified 68 coefficients.
Reduced MIP has 222 rows, 223 columns, and 628 nonzeros.
Reduced MIP has 74 binaries, 89 generals, 0 SOSs, and 0 indicators.
Presolve time = 0,00 sec. (0,48 ticks)
Classifier predicts products in MIQP should be linearized.
Probing time = 0,00 sec. (0,04 ticks)
MIP emphasis: balance optimality and feasibility.
MIP search method: dynamic search.
Parallel mode: deterministic, using up to 20 threads.
Root relaxation solution time = 0,00 sec. (0,69 ticks)

        Nodes                                         Cuts/
   Node  Left     Objective  IInf  Best Integer    Best Bound    ItCnt     Gap

*     0+    0                       9,42904e+07    17684,0000            99,98%
*     0+    0                       5,63261e+07    17684,0000            99,97%
*     0+    0                       3,70408e+07    17684,0000            99,95%
*     0+    0                       3,69291e+07    17684,0000            99,95%
*     0+    0                       3,68175e+07    17684,0000            99,95%
      0     0   120868,4956    46   3,68175e+07   120868,4956       72   99,67%
      0     0   122135,1240    55   3,68175e+07      Cuts: 40      110   99,67%
      0     0   122712,9732    38   3,68175e+07      Cuts: 28      132   99,67%
      0     0   122748,0039    32   3,68175e+07      Cuts: 19      146   99,67%
      0     0   122758,4124    34   3,68175e+07      Cuts: 10      151   99,67%
      0     0   122767,0550    36   3,68175e+07       Cuts: 7      162   99,67%
Detecting symmetries...
      0     0   122767,2897    36   3,68175e+07       Cuts: 3      164   99,67%
      0     0   122777,1669    37   3,68175e+07       Cuts: 6      168   99,67%
      0     0   122785,2097    36   3,68175e+07       Cuts: 4      172   99,67%
*     0+    0                       127609,0000   122785,2097             3,78%
Detecting symmetries...
      0     2   122785,2097    36   127609,0000   122800,7584      172    3,77%
Elapsed time = 0,06 sec. (16,63 ticks, tree = 0,02 MB, solutions = 6)

Cover cuts applied:  1
Implied bound cuts applied:  33
Flow cuts applied:  1
Mixed integer rounding cuts applied:  8
Zero-half cuts applied:  5
Lift and project cuts applied:  3
Gomory fractional cuts applied:  4

Root node processing (before b&c):
  Real time             =    0,05 sec. (16,51 ticks)
Parallel b&c, 20 threads:
  Real time             =    0,05 sec. (7,71 ticks)
  Sync time (average)   =    0,03 sec.
  Wait time (average)   =    0,00 sec.
                          ------------
Total (root+branch&cut) =    0,09 sec. (24,22 ticks)

<<< solve


OBJECTIVE: 127609
xxxx
#Result <fct_obj, tot_cst, tot_ldt, Emiss>: <1.2761e+5 1.2745e+5 157 3.315e+7>#TS:127452#A:[0,2,9,23,6,4,16,16,3,4,17,12,12,13,13,7]#X:[0,1,1,1,1,0,0,0,1,1,1,0,0,0,0,1]#E: 33149700#DELIVER:
S4=>P9
S9=>P11
S1=>P12
S2=>P12
S3=>P12
S4=>P12
S5=>P12
S8=>P12
S10=>P12
S1=>P13
S2=>P13
S4=>P13
S10=>P13
S9=>P14
S4=>P15
xxxx

<<< post process


<<< done


)
