Array
(
    [CplexRunTime] => Total (root+branch&cut) =    0,19 sec
    [status] => OPTIMAL
    [termination_reason] => OPTIMAL
    [mip_gap] => 0
    [Result] => Array
        (
            [Objective] => -160
            [TotalCost] => 60768
            [LeadTime] => 23
            [Emissions] => 1502200
        )

    [CS] => 60768
    [A] => Array
        (
            [0] => 0
            [1] => 2
            [2] => 5
            [3] => 6
            [4] => 4
            [5] => 6
        )

    [X] => Array
        (
            [0] => 0
            [1] => 1
            [2] => 1
            [3] => 1
            [4] => 1
            [5] => 1
        )

    [Z] => Array
        (
            [0] => 0
            [1] => 0
            [2] => 0
            [3] => 0
            [4] => 0
            [5] => 0
            [6] => 0
            [7] => 0
            [8] => 0
            [9] => 0
            [10] => 0
            [11] => 0
            [12] => 0
            [13] => 0
            [14] => 0
            [15] => 0
            [16] => 0
            [17] => 0
            [18] => 0
            [19] => 0
            [20] => 0
            [21] => 0
            [22] => 0
            [23] => 0
            [24] => 0
            [25] => 0
            [26] => 0
            [27] => 0
            [28] => 0
            [29] => 1
            [30] => 0
            [31] => 0
            [32] => 0
            [33] => 0
            [34] => 0
            [35] => 0
            [36] => 0
            [37] => 0
            [38] => 0
            [39] => 0
            [40] => 0
            [41] => 0
            [42] => 1
            [43] => 1
            [44] => 0
            [45] => 0
            [46] => 0
            [47] => 0
            [48] => 0
            [49] => 0
            [50] => 0
            [51] => 0
            [52] => 1
            [53] => 0
            [54] => 0
            [55] => 0
            [56] => 0
            [57] => 0
            [58] => 0
            [59] => 0
        )

    [Q] => Array
        (
            [0] => 0
            [1] => 0
            [2] => 0
            [3] => 0
            [4] => 0
            [5] => 0
            [6] => 0
            [7] => 0
            [8] => 0
            [9] => 0
            [10] => 0
            [11] => 0
            [12] => 0
            [13] => 0
            [14] => 0
            [15] => 0
            [16] => 0
            [17] => 0
            [18] => 0
            [19] => 0
            [20] => 0
            [21] => 0
            [22] => 0
            [23] => 0
            [24] => 0
            [25] => 0
            [26] => 0
            [27] => 0
            [28] => 0
            [29] => 20
            [30] => 0
            [31] => 0
            [32] => 0
            [33] => 0
            [34] => 0
            [35] => 0
            [36] => 0
            [37] => 0
            [38] => 0
            [39] => 0
            [40] => 0
            [41] => 0
            [42] => 80
            [43] => 40
            [44] => 0
            [45] => 0
            [46] => 0
            [47] => 0
            [48] => 0
            [49] => 0
            [50] => 0
            [51] => 0
            [52] => 40
            [53] => 0
            [54] => 0
            [55] => 0
            [56] => 0
            [57] => 0
            [58] => 0
            [59] => 0
        )

    [E] => 1502200
    [STABILITY_ORIGINAL_OBJECTIVE] => 60791
    [STABILITY_SCORE] => 160
    [DELIVER] => Array
        (
            [0] => S10=>P2
            [1] => S3=>P4
            [2] => S4=>P4
            [3] => S3=>P5
        )

    [_raw_output] => 
<<< setup

0 0 -1 0 0 0.25 0.5 0.8 1 0 0 0 0  14
1 2 0 700 1 0.25 0.5 0.8 1 0 7000 700 1500  14
2 4 1 165 1 0.25 0.5 0.8 1 0 5000 500 1500  14
3 6 1 100 2 0.25 0.5 0.8 1 0 3500 350 1500  14
4 3 3 25 6 0.25 0.5 0.8 1 0 3000 300 1500  14
5 5 3 30 2 0.25 0.5 0.8 1 0 2500 250 1500  14
Node nums: [0 1 2 3 4 5]
xx-Data uploaded-xx
	**** start init su array ...
0 [0 0 0 0 0 0 0 0 0 0]
1 [0 0 0 0 0 0 0 0 0 0]
2 [1 1 1 1 1 1 1 1 1 1]
3 [0 0 0 0 0 0 0 0 0 0]
4 [1 1 1 1 1 1 1 1 1 1]
5 [1 1 1 1 1 1 1 1 1 1]
	**** end init su array ...
1 2 1 100 80 0.85 0.92 0.8 (9)9
2 2 0.9 60 75 0.82 0.90 0.9 (9)9
3 1 1.1 80 90 0.88 0.95 0.5 (9)9
4 1 1 80 100 0.86 0.93 0.6 (9)9
5 5 0.6 50 40 0.72 0.78 1.5 (9)9
6 6 0.5 60 45 0.70 0.75 2.0 (9)9
7 7 0.5 80 40 0.68 0.72 2.5 (9)9
8 5 0.3 25 30 0.65 0.70 1.8 (9)9
9 9 0.2 250 15 0.60 0.65 3.5 (9)9
10 1 0.8 30 40 0.80 0.88 0.7 (9)9

<<< generate

Version identifier: 20.1.0.0 | 2020-11-10 | 9bedb6d68
CPXPARAM_TimeLimit                               300
Tried aggregator 2 times.
MIP Presolve eliminated 626 rows and 182 columns.
MIP Presolve modified 304 coefficients.
Aggregator did 31 substitutions.
Reduced MIP has 208 rows, 105 columns, and 601 nonzeros.
Reduced MIP has 35 binaries, 70 generals, 0 SOSs, and 0 indicators.
Presolve time = 0,02 sec. (2,08 ticks)
Probing fixed 0 vars, tightened 4 bounds.
Probing time = 0,00 sec. (0,12 ticks)
Cover probing fixed 0 vars, tightened 3 bounds.
Tried aggregator 1 time.
Detecting symmetries...
MIP Presolve eliminated 9 rows and 0 columns.
MIP Presolve modified 78 coefficients.
Reduced MIP has 199 rows, 105 columns, and 583 nonzeros.
Reduced MIP has 35 binaries, 70 generals, 0 SOSs, and 0 indicators.
Presolve time = 0,00 sec. (0,55 ticks)
Probing fixed 0 vars, tightened 2 bounds.
Probing time = 0,00 sec. (0,12 ticks)
Clique table members: 12.
MIP emphasis: balance optimality and feasibility.
MIP search method: dynamic search.
Parallel mode: deterministic, using up to 20 threads.
Root relaxation solution time = 0,00 sec. (0,51 ticks)

        Nodes                                         Cuts/
   Node  Left     Objective  IInf  Best Integer    Best Bound    ItCnt     Gap

      0     0     -360,0000    28                   -360,0000       34         
      0     0     -360,0000    25                    Cuts: 20       60         
      0     0     -360,0000    30                    Cuts: 14       87         
Detecting symmetries...
      0     2     -360,0000     8                   -360,0000       87         
Elapsed time = 0,05 sec. (18,76 ticks, tree = 0,02 MB, solutions = 0)
*  1802    83      integral     0     -160,0000     -360,0000    14437  125,00%

Cover cuts applied:  9
Implied bound cuts applied:  57
Flow cuts applied:  1
Mixed integer rounding cuts applied:  1
Lift and project cuts applied:  3
Gomory fractional cuts applied:  3

Root node processing (before b&c):
  Real time             =    0,05 sec. (18,69 ticks)
Parallel b&c, 20 threads:
  Real time             =    0,14 sec. (35,13 ticks)
  Sync time (average)   =    0,11 sec.
  Wait time (average)   =    0,00 sec.
                          ------------
Total (root+branch&cut) =    0,19 sec. (53,82 ticks)

<<< solve


OBJECTIVE: -160
xxxx
#Result <fct_obj, tot_cst, tot_ldt, Emiss>: <-160 60768 23 1.5022e+6>#CS:60768#A:[0,2,5,6,4,6]#X:[0,1,1,1,1,1]#Z:[0,0,0,0,0,0,0,0,0,0,0,0,0,0,0,0,0,0,0,0,0,0,0,0,0,0,0,0,0,1,0,0,0,0,0,0,0,0,0,0,0,0,1,1,0,0,0,0,0,0,0,0,1,0,0,0,0,0,0,0]#Q:[0,0,0,0,0,0,0,0,0,0,0,0,0,0,0,0,0,0,0,0,0,0,0,0,0,0,0,0,0,20,0,0,0,0,0,0,0,0,0,0,0,0,80,40,0,0,0,0,0,0,0,0,40,0,0,0,0,0,0,0]#E: 1502200#STABILITY_ORIGINAL_OBJECTIVE:60791#STABILITY_SCORE:160#DELIVER:
S10=>P2
S3=>P4
S4=>P4
S3=>P5
xxxx

<<< post process


<<< done


)
