Array
(
    [CplexRunTime] => Total (root+branch&cut) =    2,63 sec
    [status] => INFEASIBLE
    [termination_reason] => INFEASIBLE
    [mip_gap] => 
    [Result] => Array
        (
            [Objective] => -93
            [TotalCost] => 1512700
            [LeadTime] => 604
            [Emissions] => 165340000
        )

    [CS] => 1512747
    [A] => Array
        (
            [0] => 0
            [1] => 2
            [2] => 26
            [3] => 22
            [4] => 21
            [5] => 25
            [6] => 21
            [7] => 12
            [8] => 21
            [9] => 15
            [10] => 13
            [11] => 11
            [12] => 15
            [13] => 14
            [14] => 21
            [15] => 7
            [16] => 17
            [17] => 15
            [18] => 15
            [19] => 10
            [20] => 18
            [21] => 12
            [22] => 11
            [23] => 12
            [24] => 9
            [25] => 8
            [26] => 8
            [27] => 10
            [28] => 9
            [29] => 12
            [30] => 17
            [31] => 10
            [32] => 13
            [33] => 12
            [34] => 8
            [35] => 13
            [36] => 9
            [37] => 9
            [38] => 5
            [39] => 15
            [40] => 13
            [41] => 9
            [42] => 9
            [43] => 8
            [44] => 8
            [45] => 6
            [46] => 6
            [47] => 9
            [48] => 3
            [49] => 4
            [50] => 6
        )

    [X] => Array
        (
            [0] => 0
            [1] => 1
            [2] => 1
            [3] => 1
            [4] => 1
            [5] => 1
            [6] => 0
            [7] => 0
            [8] => 0
            [9] => 0
            [10] => 0
            [11] => 0
            [12] => 0
            [13] => 0
            [14] => 0
            [15] => 0
            [16] => 0
            [17] => 0
            [18] => 0
            [19] => 0
            [20] => 0
            [21] => 0
            [22] => 0
            [23] => 0
            [24] => 0
            [25] => 0
            [26] => 0
            [27] => 0
            [28] => 0
            [29] => 0
            [30] => 0
            [31] => 0
            [32] => 0
            [33] => 0
            [34] => 0
            [35] => 0
            [36] => 0
            [37] => 0
            [38] => 0
            [39] => 0
            [40] => 0
            [41] => 0
            [42] => 0
            [43] => 0
            [44] => 0
            [45] => 0
            [46] => 0
            [47] => 0
            [48] => 0
            [49] => 0
            [50] => 0
        )

    [Z] => Array
        (
            [0] => 0
            [1] => 0
            [2] => 0
            [3] => 0
            [4] => 0
            [5] => 0
            [6] => 0
            [7] => 0
            [8] => 0
            [9] => 0
            [10] => 0
            [11] => 0
            [12] => 0
            [13] => 0
            [14] => 0
            [15] => 0
            [16] => 0
            [17] => 0
            [18] => 0
            [19] => 0
            [20] => 0
            [21] => 0
            [22] => 0
            [23] => 0
            [24] => 0
            [25] => 0
            [26] => 0
            [27] => 0
            [28] => 0
            [29] => 0
            [30] => 0
            [31] => 0
            [32] => 0
            [33] => 0
            [34] => 0
            [35] => 0
            [36] => 0
            [37] => 0
            [38] => 0
            [39] => 0
            [40] => 0
            [41] => 0
            [42] => 0
            [43] => 0
            [44] => 0
            [45] => 0
            [46] => 0
            [47] => 0
            [48] => 0
            [49] => 0
            [50] => 0
            [51] => 0
            [52] => 0
            [53] => 0
            [54] => 0
            [55] => 0
            [56] => 0
            [57] => 0
            [58] => 0
            [59] => 0
            [60] => 0
            [61] => 0
            [62] => 0
            [63] => 0
            [64] => 0
            [65] => 0
            [66] => 0
            [67] => 0
            [68] => 0
            [69] => 0
            [70] => 0
            [71] => 0
            [72] => 0
            [73] => 0
            [74] => 0
            [75] => 1
            [76] => 1
            [77] => 0
            [78] => 1
            [79] => 0
            [80] => 0
            [81] => 0
            [82] => 0
            [83] => 0
            [84] => 0
            [85] => 0
            [86] => 0
            [87] => 0
            [88] => 0
            [89] => 0
            [90] => 0
            [91] => 0
            [92] => 0
            [93] => 0
            [94] => 0
            [95] => 0
            [96] => 0
            [97] => 0
            [98] => 0
            [99] => 0
            [100] => 0
            [101] => 0
            [102] => 0
            [103] => 0
            [104] => 0
            [105] => 0
            [106] => 0
            [107] => 0
            [108] => 0
            [109] => 0
            [110] => 0
            [111] => 0
            [112] => 0
            [113] => 0
            [114] => 0
            [115] => 0
            [116] => 0
            [117] => 0
            [118] => 0
            [119] => 0
            [120] => 0
            [121] => 0
            [122] => 0
            [123] => 0
            [124] => 0
            [125] => 0
            [126] => 0
            [127] => 0
            [128] => 0
            [129] => 0
            [130] => 0
            [131] => 0
            [132] => 0
            [133] => 0
            [134] => 0
            [135] => 0
            [136] => 0
            [137] => 0
            [138] => 0
            [139] => 0
            [140] => 0
            [141] => 0
            [142] => 0
            [143] => 0
            [144] => 0
            [145] => 0
            [146] => 0
            [147] => 0
            [148] => 0
            [149] => 0
            [150] => 0
            [151] => 0
            [152] => 0
            [153] => 0
            [154] => 1
            [155] => 0
            [156] => 0
            [157] => 1
            [158] => 0
            [159] => 0
            [160] => 0
            [161] => 0
            [162] => 0
            [163] => 0
            [164] => 0
            [165] => 0
            [166] => 0
            [167] => 0
            [168] => 0
            [169] => 0
            [170] => 0
            [171] => 0
            [172] => 0
            [173] => 0
            [174] => 1
            [175] => 1
            [176] => 1
            [177] => 1
            [178] => 1
            [179] => 0
            [180] => 0
            [181] => 0
            [182] => 0
            [183] => 0
            [184] => 0
            [185] => 0
            [186] => 0
            [187] => 0
            [188] => 0
            [189] => 0
            [190] => 0
            [191] => 0
            [192] => 0
            [193] => 0
            [194] => 1
            [195] => 1
            [196] => 1
            [197] => 1
            [198] => 0
            [199] => 0
            [200] => 0
            [201] => 0
            [202] => 0
            [203] => 0
            [204] => 0
            [205] => 0
            [206] => 0
            [207] => 0
            [208] => 0
            [209] => 0
            [210] => 0
            [211] => 0
            [212] => 0
            [213] => 0
            [214] => 1
            [215] => 0
            [216] => 0
            [217] => 1
            [218] => 0
            [219] => 1
            [220] => 0
            [221] => 0
            [222] => 0
            [223] => 0
            [224] => 1
            [225] => 0
            [226] => 0
            [227] => 1
            [228] => 0
            [229] => 1
            [230] => 0
            [231] => 0
            [232] => 0
            [233] => 0
            [234] => 0
            [235] => 0
            [236] => 0
            [237] => 0
            [238] => 0
            [239] => 0
            [240] => 1
            [241] => 1
            [242] => 0
            [243] => 0
            [244] => 1
            [245] => 0
            [246] => 0
            [247] => 1
            [248] => 0
            [249] => 1
            [250] => 0
            [251] => 0
            [252] => 0
            [253] => 0
            [254] => 1
            [255] => 0
            [256] => 0
            [257] => 1
            [258] => 0
            [259] => 1
            [260] => 0
            [261] => 0
            [262] => 0
            [263] => 0
            [264] => 1
            [265] => 0
            [266] => 0
            [267] => 1
            [268] => 0
            [269] => 1
            [270] => 0
            [271] => 0
            [272] => 0
            [273] => 0
            [274] => 0
            [275] => 0
            [276] => 0
            [277] => 0
            [278] => 0
            [279] => 0
            [280] => 0
            [281] => 1
            [282] => 0
            [283] => 0
            [284] => 1
            [285] => 0
            [286] => 0
            [287] => 1
            [288] => 0
            [289] => 1
            [290] => 0
            [291] => 0
            [292] => 0
            [293] => 0
            [294] => 1
            [295] => 1
            [296] => 1
            [297] => 1
            [298] => 1
            [299] => 0
            [300] => 0
            [301] => 0
            [302] => 0
            [303] => 0
            [304] => 0
            [305] => 0
            [306] => 0
            [307] => 0
            [308] => 0
            [309] => 0
            [310] => 0
            [311] => 1
            [312] => 0
            [313] => 0
            [314] => 1
            [315] => 0
            [316] => 0
            [317] => 1
            [318] => 0
            [319] => 1
            [320] => 0
            [321] => 0
            [322] => 0
            [323] => 0
            [324] => 0
            [325] => 0
            [326] => 0
            [327] => 0
            [328] => 0
            [329] => 0
            [330] => 0
            [331] => 0
            [332] => 0
            [333] => 0
            [334] => 0
            [335] => 0
            [336] => 0
            [337] => 0
            [338] => 0
            [339] => 0
            [340] => 1
            [341] => 1
            [342] => 1
            [343] => 1
            [344] => 1
            [345] => 0
            [346] => 0
            [347] => 1
            [348] => 0
            [349] => 1
            [350] => 0
            [351] => 0
            [352] => 0
            [353] => 0
            [354] => 0
            [355] => 0
            [356] => 0
            [357] => 0
            [358] => 0
            [359] => 0
            [360] => 1
            [361] => 1
            [362] => 1
            [363] => 1
            [364] => 1
            [365] => 0
            [366] => 0
            [367] => 1
            [368] => 0
            [369] => 1
            [370] => 0
            [371] => 0
            [372] => 0
            [373] => 0
            [374] => 0
            [375] => 0
            [376] => 0
            [377] => 0
            [378] => 0
            [379] => 0
            [380] => 0
            [381] => 0
            [382] => 1
            [383] => 1
            [384] => 0
            [385] => 0
            [386] => 0
            [387] => 0
            [388] => 0
            [389] => 1
            [390] => 0
            [391] => 0
            [392] => 0
            [393] => 0
            [394] => 0
            [395] => 0
            [396] => 0
            [397] => 0
            [398] => 0
            [399] => 0
            [400] => 1
            [401] => 1
            [402] => 1
            [403] => 1
            [404] => 1
            [405] => 1
            [406] => 1
            [407] => 1
            [408] => 1
            [409] => 1
            [410] => 1
            [411] => 1
            [412] => 1
            [413] => 1
            [414] => 1
            [415] => 0
            [416] => 0
            [417] => 1
            [418] => 0
            [419] => 1
            [420] => 1
            [421] => 1
            [422] => 1
            [423] => 1
            [424] => 1
            [425] => 0
            [426] => 0
            [427] => 1
            [428] => 0
            [429] => 1
            [430] => 1
            [431] => 1
            [432] => 1
            [433] => 1
            [434] => 1
            [435] => 0
            [436] => 0
            [437] => 1
            [438] => 0
            [439] => 1
            [440] => 1
            [441] => 1
            [442] => 1
            [443] => 1
            [444] => 1
            [445] => 0
            [446] => 0
            [447] => 1
            [448] => 0
            [449] => 1
            [450] => 0
            [451] => 0
            [452] => 0
            [453] => 0
            [454] => 0
            [455] => 0
            [456] => 0
            [457] => 0
            [458] => 0
            [459] => 0
            [460] => 0
            [461] => 0
            [462] => 1
            [463] => 1
            [464] => 0
            [465] => 0
            [466] => 0
            [467] => 0
            [468] => 0
            [469] => 1
            [470] => 0
            [471] => 0
            [472] => 0
            [473] => 0
            [474] => 0
            [475] => 0
            [476] => 0
            [477] => 0
            [478] => 0
            [479] => 0
            [480] => 0
            [481] => 0
            [482] => 1
            [483] => 1
            [484] => 0
            [485] => 0
            [486] => 0
            [487] => 0
            [488] => 0
            [489] => 1
            [490] => 0
            [491] => 0
            [492] => 1
            [493] => 1
            [494] => 0
            [495] => 0
            [496] => 0
            [497] => 0
            [498] => 0
            [499] => 1
            [500] => 0
            [501] => 0
            [502] => 1
            [503] => 1
            [504] => 0
            [505] => 0
            [506] => 0
            [507] => 0
            [508] => 0
            [509] => 1
        )

    [Q] => Array
        (
            [0] => 0
            [1] => 0
            [2] => 0
            [3] => 0
            [4] => 0
            [5] => 0
            [6] => 0
            [7] => 0
            [8] => 0
            [9] => 0
            [10] => 0
            [11] => 0
            [12] => 0
            [13] => 0
            [14] => 0
            [15] => 0
            [16] => 0
            [17] => 0
            [18] => 0
            [19] => 0
            [20] => 0
            [21] => 0
            [22] => 0
            [23] => 0
            [24] => 0
            [25] => 0
            [26] => 0
            [27] => 0
            [28] => 0
            [29] => 0
            [30] => 0
            [31] => 0
            [32] => 0
            [33] => 0
            [34] => 0
            [35] => 0
            [36] => 0
            [37] => 0
            [38] => 0
            [39] => 0
            [40] => 0
            [41] => 0
            [42] => 0
            [43] => 0
            [44] => 0
            [45] => 0
            [46] => 0
            [47] => 0
            [48] => 0
            [49] => 0
            [50] => 0
            [51] => 0
            [52] => 0
            [53] => 0
            [54] => 0
            [55] => 0
            [56] => 0
            [57] => 0
            [58] => 0
            [59] => 0
            [60] => 0
            [61] => 0
            [62] => 0
            [63] => 0
            [64] => 0
            [65] => 0
            [66] => 0
            [67] => 0
            [68] => 0
            [69] => 0
            [70] => 0
            [71] => 0
            [72] => 0
            [73] => 0
            [74] => 0
            [75] => 1
            [76] => 1
            [77] => 0
            [78] => 38
            [79] => 0
            [80] => 0
            [81] => 0
            [82] => 0
            [83] => 0
            [84] => 0
            [85] => 0
            [86] => 0
            [87] => 0
            [88] => 0
            [89] => 0
            [90] => 0
            [91] => 0
            [92] => 0
            [93] => 0
            [94] => 0
            [95] => 0
            [96] => 0
            [97] => 0
            [98] => 0
            [99] => 0
            [100] => 0
            [101] => 0
            [102] => 0
            [103] => 0
            [104] => 0
            [105] => 0
            [106] => 0
            [107] => 0
            [108] => 0
            [109] => 0
            [110] => 0
            [111] => 0
            [112] => 0
            [113] => 0
            [114] => 0
            [115] => 0
            [116] => 0
            [117] => 0
            [118] => 0
            [119] => 0
            [120] => 0
            [121] => 0
            [122] => 0
            [123] => 0
            [124] => 0
            [125] => 0
            [126] => 0
            [127] => 0
            [128] => 0
            [129] => 0
            [130] => 0
            [131] => 0
            [132] => 0
            [133] => 0
            [134] => 0
            [135] => 0
            [136] => 0
            [137] => 0
            [138] => 0
            [139] => 0
            [140] => 0
            [141] => 0
            [142] => 0
            [143] => 0
            [144] => 0
            [145] => 0
            [146] => 0
            [147] => 0
            [148] => 0
            [149] => 0
            [150] => 0
            [151] => 0
            [152] => 0
            [153] => 0
            [154] => 1
            [155] => 0
            [156] => 0
            [157] => 39
            [158] => 0
            [159] => 0
            [160] => 0
            [161] => 0
            [162] => 0
            [163] => 0
            [164] => 0
            [165] => 0
            [166] => 0
            [167] => 0
            [168] => 0
            [169] => 0
            [170] => 0
            [171] => 0
            [172] => 0
            [173] => 0
            [174] => 1
            [175] => 1
            [176] => 1
            [177] => 1
            [178] => 116
            [179] => 0
            [180] => 0
            [181] => 0
            [182] => 0
            [183] => 0
            [184] => 0
            [185] => 0
            [186] => 0
            [187] => 0
            [188] => 0
            [189] => 0
            [190] => 0
            [191] => 0
            [192] => 0
            [193] => 0
            [194] => 1
            [195] => 1
            [196] => 1
            [197] => 17
            [198] => 0
            [199] => 0
            [200] => 0
            [201] => 0
            [202] => 0
            [203] => 0
            [204] => 0
            [205] => 0
            [206] => 0
            [207] => 0
            [208] => 0
            [209] => 0
            [210] => 0
            [211] => 0
            [212] => 0
            [213] => 0
            [214] => 1
            [215] => 0
            [216] => 0
            [217] => 118
            [218] => 0
            [219] => 1
            [220] => 0
            [221] => 0
            [222] => 0
            [223] => 0
            [224] => 1
            [225] => 0
            [226] => 0
            [227] => 78
            [228] => 0
            [229] => 1
            [230] => 0
            [231] => 0
            [232] => 0
            [233] => 0
            [234] => 0
            [235] => 0
            [236] => 0
            [237] => 0
            [238] => 0
            [239] => 0
            [240] => 1
            [241] => 1
            [242] => 0
            [243] => 0
            [244] => 1
            [245] => 0
            [246] => 0
            [247] => 56
            [248] => 0
            [249] => 1
            [250] => 0
            [251] => 0
            [252] => 0
            [253] => 0
            [254] => 1
            [255] => 0
            [256] => 0
            [257] => 38
            [258] => 0
            [259] => 1
            [260] => 0
            [261] => 0
            [262] => 0
            [263] => 0
            [264] => 1
            [265] => 0
            [266] => 0
            [267] => 58
            [268] => 0
            [269] => 1
            [270] => 0
            [271] => 0
            [272] => 0
            [273] => 0
            [274] => 0
            [275] => 0
            [276] => 0
            [277] => 0
            [278] => 0
            [279] => 0
            [280] => 0
            [281] => 1
            [282] => 0
            [283] => 0
            [284] => 1
            [285] => 0
            [286] => 0
            [287] => 317
            [288] => 0
            [289] => 1
            [290] => 0
            [291] => 0
            [292] => 0
            [293] => 0
            [294] => 1
            [295] => 1
            [296] => 1
            [297] => 1
            [298] => 116
            [299] => 0
            [300] => 0
            [301] => 0
            [302] => 0
            [303] => 0
            [304] => 0
            [305] => 0
            [306] => 0
            [307] => 0
            [308] => 0
            [309] => 0
            [310] => 0
            [311] => 1
            [312] => 0
            [313] => 0
            [314] => 1
            [315] => 0
            [316] => 0
            [317] => 177
            [318] => 0
            [319] => 1
            [320] => 0
            [321] => 0
            [322] => 0
            [323] => 0
            [324] => 0
            [325] => 0
            [326] => 0
            [327] => 0
            [328] => 0
            [329] => 0
            [330] => 0
            [331] => 0
            [332] => 0
            [333] => 0
            [334] => 0
            [335] => 0
            [336] => 0
            [337] => 0
            [338] => 0
            [339] => 0
            [340] => 1
            [341] => 1
            [342] => 1
            [343] => 1
            [344] => 1
            [345] => 0
            [346] => 0
            [347] => 74
            [348] => 0
            [349] => 1
            [350] => 0
            [351] => 0
            [352] => 0
            [353] => 0
            [354] => 0
            [355] => 0
            [356] => 0
            [357] => 0
            [358] => 0
            [359] => 0
            [360] => 1
            [361] => 1
            [362] => 1
            [363] => 1
            [364] => 1
            [365] => 0
            [366] => 0
            [367] => 154
            [368] => 0
            [369] => 1
            [370] => 0
            [371] => 0
            [372] => 0
            [373] => 0
            [374] => 0
            [375] => 0
            [376] => 0
            [377] => 0
            [378] => 0
            [379] => 0
            [380] => 0
            [381] => 0
            [382] => 1
            [383] => 1
            [384] => 0
            [385] => 0
            [386] => 0
            [387] => 0
            [388] => 0
            [389] => 118
            [390] => 0
            [391] => 0
            [392] => 0
            [393] => 0
            [394] => 0
            [395] => 0
            [396] => 0
            [397] => 0
            [398] => 0
            [399] => 0
            [400] => 1
            [401] => 1
            [402] => 1
            [403] => 1
            [404] => 1
            [405] => 1
            [406] => 1
            [407] => 1
            [408] => 1071
            [409] => 1
            [410] => 1
            [411] => 1
            [412] => 1
            [413] => 1
            [414] => 1
            [415] => 0
            [416] => 0
            [417] => 354
            [418] => 0
            [419] => 1
            [420] => 1
            [421] => 1
            [422] => 1
            [423] => 1
            [424] => 1
            [425] => 0
            [426] => 0
            [427] => 234
            [428] => 0
            [429] => 1
            [430] => 1
            [431] => 1
            [432] => 1
            [433] => 1
            [434] => 1
            [435] => 0
            [436] => 0
            [437] => 234
            [438] => 0
            [439] => 1
            [440] => 1
            [441] => 1
            [442] => 1
            [443] => 1
            [444] => 1
            [445] => 0
            [446] => 0
            [447] => 154
            [448] => 0
            [449] => 1
            [450] => 0
            [451] => 0
            [452] => 0
            [453] => 0
            [454] => 0
            [455] => 0
            [456] => 0
            [457] => 0
            [458] => 0
            [459] => 0
            [460] => 0
            [461] => 0
            [462] => 1
            [463] => 1
            [464] => 0
            [465] => 0
            [466] => 0
            [467] => 0
            [468] => 0
            [469] => 238
            [470] => 0
            [471] => 0
            [472] => 0
            [473] => 0
            [474] => 0
            [475] => 0
            [476] => 0
            [477] => 0
            [478] => 0
            [479] => 0
            [480] => 0
            [481] => 0
            [482] => 1
            [483] => 1
            [484] => 0
            [485] => 0
            [486] => 0
            [487] => 0
            [488] => 0
            [489] => 718
            [490] => 0
            [491] => 0
            [492] => 1
            [493] => 1
            [494] => 0
            [495] => 0
            [496] => 0
            [497] => 0
            [498] => 0
            [499] => 958
            [500] => 0
            [501] => 0
            [502] => 1
            [503] => 1
            [504] => 0
            [505] => 0
            [506] => 0
            [507] => 0
            [508] => 0
            [509] => 2158
        )

    [E] => 165339932.6
    [STABILITY_ORIGINAL_OBJECTIVE] => 1513351
    [STABILITY_SCORE] => 93
    [DELIVER] => Array
        (
            [0] => S6=>P7
            [1] => S7=>P7
            [2] => S9=>P7
            [3] => S5=>P15
            [4] => S8=>P15
            [5] => S5=>P17
            [6] => S6=>P17
            [7] => S7=>P17
            [8] => S8=>P17
            [9] => S9=>P17
            [10] => S5=>P19
            [11] => S6=>P19
            [12] => S7=>P19
            [13] => S8=>P19
            [14] => S5=>P21
            [15] => S8=>P21
            [16] => S10=>P21
            [17] => S5=>P22
            [18] => S8=>P22
            [19] => S10=>P22
            [20] => S1=>P24
            [21] => S2=>P24
            [22] => S5=>P24
            [23] => S8=>P24
            [24] => S10=>P24
            [25] => S5=>P25
            [26] => S8=>P25
            [27] => S10=>P25
            [28] => S5=>P26
            [29] => S8=>P26
            [30] => S10=>P26
            [31] => S2=>P28
            [32] => S5=>P28
            [33] => S8=>P28
            [34] => S10=>P28
            [35] => S5=>P29
            [36] => S6=>P29
            [37] => S7=>P29
            [38] => S8=>P29
            [39] => S9=>P29
            [40] => S2=>P31
            [41] => S5=>P31
            [42] => S8=>P31
            [43] => S10=>P31
            [44] => S1=>P34
            [45] => S2=>P34
            [46] => S3=>P34
            [47] => S4=>P34
            [48] => S5=>P34
            [49] => S8=>P34
            [50] => S10=>P34
            [51] => S1=>P36
            [52] => S2=>P36
            [53] => S3=>P36
            [54] => S4=>P36
            [55] => S5=>P36
            [56] => S8=>P36
            [57] => S10=>P36
            [58] => S3=>P38
            [59] => S4=>P38
            [60] => S10=>P38
            [61] => S1=>P40
            [62] => S2=>P40
            [63] => S3=>P40
            [64] => S4=>P40
            [65] => S5=>P40
            [66] => S6=>P40
            [67] => S7=>P40
            [68] => S8=>P40
            [69] => S9=>P40
            [70] => S10=>P40
            [71] => S1=>P41
            [72] => S2=>P41
            [73] => S3=>P41
            [74] => S4=>P41
            [75] => S5=>P41
            [76] => S8=>P41
            [77] => S10=>P41
            [78] => S1=>P42
            [79] => S2=>P42
            [80] => S3=>P42
            [81] => S4=>P42
            [82] => S5=>P42
            [83] => S8=>P42
            [84] => S10=>P42
            [85] => S1=>P43
            [86] => S2=>P43
            [87] => S3=>P43
            [88] => S4=>P43
            [89] => S5=>P43
            [90] => S8=>P43
            [91] => S10=>P43
            [92] => S1=>P44
            [93] => S2=>P44
            [94] => S3=>P44
            [95] => S4=>P44
            [96] => S5=>P44
            [97] => S8=>P44
            [98] => S10=>P44
            [99] => S3=>P46
            [100] => S4=>P46
            [101] => S10=>P46
            [102] => S3=>P48
            [103] => S4=>P48
            [104] => S10=>P48
            [105] => S3=>P49
            [106] => S4=>P49
            [107] => S10=>P49
            [108] => S3=>P50
            [109] => S4=>P50
            [110] => S10=>P50
        )

    [_raw_output] => 
<<< setup

0 0 -1 0 1 0,25 0,5 0,8 1 0 0 0 0 13
1 2 0 5000 1 0,25 0,5 0,8 1 0 10000 1000 1500 13
2 5 1 900 1 0,25 0,5 0,8 1 0 9486 948,6 1500 13
3 7 1 890 1 0,25 0,5 0,8 1 0 8704 870,4 1500 13
4 6 1 910 1 0,25 0,5 0,8 1 0 8059 805,9 1500 13
5 4 1 860 2 0,25 0,5 0,8 1 0 7962 796,2 1500 13
6 4 2 880 3 0,25 0,5 0,8 1 0 7861 786,1 1500 13
7 3 2 800 2 0,25 0,5 0,8 1 0 7628 762,8 1500 13
8 3 2 780 1 0,25 0,5 0,8 1 0 7050 705 1500 13
9 3 3 790 2 0,25 0,5 0,8 1 0 6976 697,6 1500 13
10 4 3 750 3 0,25 0,5 0,8 1 0 6291 629,1 1500 13
11 3 4 690 2 0,25 0,5 0,8 1 0 6234 623,4 1500 13
12 5 4 660 3 0,25 0,5 0,8 1 0 6199 619,9 1500 13
13 5 5 600 8 0,25 0,5 0,5 1 0 6088 608,8 1500 13
14 4 5 640 6 0,25 0,5 0,5 1 0 5680 568 1500 13
15 2 5 700 2 0,25 0,5 0,5 1 0 5673 567,3 1500 13
16 4 6 660 9 0,25 0,5 0,5 1 0 5507 550,7 1500 13
17 6 6 580 6 0,25 0,5 0,5 1 0 5360 536 1500 13
18 3 67 550 2 0,25 0,5 0,5 1 0 5290 529 1500 13
19 3 8 570 1 0,25 0,5 0,5 1 0 5168 516,8 1500 13
20 5 8 600 2 0,25 0,5 0,5 1 0 4944 494,4 1500 13
21 7 9 540 6 0,25 0,5 0,5 1 0 4747 474,7 1500 13
22 6 9 510 4 0,25 0,5 0,5 1 0 4417 441,7 1500 13
23 3 9 590 4 0,25 0,5 0,5 1 0 4033 403,3 1500 13
24 4 10 400 3 0,25 0,5 0,5 1 0 3891 389,1 1500 13
25 3 11 490 2 0,25 0,5 0,5 1 0 3601 360,1 1500 13
26 3 12 480 3 0,25 0,5 0,5 1 0 3279 327,9 1500 13
27 5 12 520 6 0,25 0,5 0,5 1 0 3175 317,5 1500 13
28 4 13 400 16 0,25 0,5 0,5 1 0 2984 298,4 1500 13
29 3 14 480 6 0,25 0,5 0,5 1 0 2866 286,6 1500 13
30 2 14 490 18 0,25 0,5 0,5 1 0 2606 260,6 1500 13
31 5 16 460 9 0,25 0,5 0,5 1 0 2427 242,7 1500 13
32 4 16 500 9 0,25 0,5 0,5 1 0 2231 223,1 1500 13
33 3 18 470 6 0,25 0,5 0,5 1 0 2091 209,1 1500 13
34 3 18 300 4 0,25 0,5 0,5 1 0 1993 199,3 1500 13
35 5 20 380 4 0,25 0,5 0,5 1 0 1837 183,7 1500 13
36 4 23 330 8 0,25 0,5 0,5 1 0 1683 168,3 1500 13
37 3 23 340 12 0,25 0,5 0,5 1 0 1682 168,2 1500 13
38 4 27 350 6 0,25 0,5 0,5 1 0 1589 158,9 1500 13
39 6 30 360 18 0,25 0,5 0,5 1 0 1439 143,9 1500 13
40 4 30 310 54 0,25 0,5 0,5 1 0 1404 140,4 1500 13
41 4 32 330 18 0,25 0,5 0,5 1 0 1265 126,5 1500 13
42 4 33 290 12 0,25 0,5 0,5 1 0 1153 115,3 1500 13
43 3 33 270 12 0,25 0,5 0,5 1 0 1138 113,8 1500 13
44 3 35 260 8 0,25 0,5 0,5 1 0 1094 109,4 1500 13
45 2 37 270 12 0,25 0,5 0,5 1 0 997 99,7 1500 13
46 5 37 270 12 0,25 0,5 0,5 1 0 964 96,4 1500 13
47 3 39 100 54 0,25 0,5 0,5 1 0 917 91,7 1500 13
48 2 39 110 36 0,25 0,5 0,5 1 0 833 83,3 1500 13
49 3 45 50 48 0,25 0,5 0,5 1 0 753 75,3 1500 13
50 5 47 30 108 0,25 0,5 0,5 1 0 723 72,3 1500 13
Node nums: [0 1 2 3 4 5 6 7 8 9 10 11 12 13 14 15 16 17 18 19 20 21 22 23 24 25 26 27
     28 29 30 31 32 33 34 35 36 37 38 39 40 41 42 43 44 45 46 47 48 49 50]
xx-Data uploaded-xx
	**** start init su array ...
0 [0 0 0 0 0 0 0 0 0 0]
1 [0 0 0 0 0 0 0 0 0 0]
2 [0 0 0 0 0 0 0 0 0 0]
3 [0 0 0 0 0 0 0 0 0 0]
4 [0 0 0 0 0 0 0 0 0 0]
5 [0 0 0 0 0 0 0 0 0 0]
6 [0 0 0 0 0 0 0 0 0 0]
7 [1 1 1 1 1 1 1 1 1 1]
8 [0 0 0 0 0 0 0 0 0 0]
9 [0 0 0 0 0 0 0 0 0 0]
10 [0 0 0 0 0 0 0 0 0 0]
11 [0 0 0 0 0 0 0 0 0 0]
12 [0 0 0 0 0 0 0 0 0 0]
13 [0 0 0 0 0 0 0 0 0 0]
14 [0 0 0 0 0 0 0 0 0 0]
15 [1 1 1 1 1 1 1 1 1 1]
16 [0 0 0 0 0 0 0 0 0 0]
17 [1 1 1 1 1 1 1 1 1 1]
18 [0 0 0 0 0 0 0 0 0 0]
19 [1 1 1 1 1 1 1 1 1 1]
20 [0 0 0 0 0 0 0 0 0 0]
21 [1 1 1 1 1 1 1 1 1 1]
22 [1 1 1 1 1 1 1 1 1 1]
23 [0 0 0 0 0 0 0 0 0 0]
24 [1 1 1 1 1 1 1 1 1 1]
25 [1 1 1 1 1 1 1 1 1 1]
26 [1 1 1 1 1 1 1 1 1 1]
27 [0 0 0 0 0 0 0 0 0 0]
28 [1 1 1 1 1 1 1 1 1 1]
29 [1 1 1 1 1 1 1 1 1 1]
30 [0 0 0 0 0 0 0 0 0 0]
31 [1 1 1 1 1 1 1 1 1 1]
32 [0 0 0 0 0 0 0 0 0 0]
33 [0 0 0 0 0 0 0 0 0 0]
34 [1 1 1 1 1 1 1 1 1 1]
35 [1 1 1 1 1 1 1 1 1 1]
36 [1 1 1 1 1 1 1 1 1 1]
37 [0 0 0 0 0 0 0 0 0 0]
38 [1 1 1 1 1 1 1 1 1 1]
39 [0 0 0 0 0 0 0 0 0 0]
40 [1 1 1 1 1 1 1 1 1 1]
41 [1 1 1 1 1 1 1 1 1 1]
42 [1 1 1 1 1 1 1 1 1 1]
43 [1 1 1 1 1 1 1 1 1 1]
44 [1 1 1 1 1 1 1 1 1 1]
45 [0 0 0 0 0 0 0 0 0 0]
46 [1 1 1 1 1 1 1 1 1 1]
47 [0 0 0 0 0 0 0 0 0 0]
48 [1 1 1 1 1 1 1 1 1 1]
49 [1 1 1 1 1 1 1 1 1 1]
50 [1 1 1 1 1 1 1 1 1 1]
	**** end init su array ...
1 2 1 700 80 0.85 0.92 0.8 (9)9
2 2 0.9 800 75 0.82 0.90 0.9 (9)9
3 1 1.1 680 90 0.88 0.95 0.5 (9)9
4 1 1 480 100 0.86 0.93 0.6 (9)9
5 5 0.6 550 40 0.72 0.78 1.5 (9)9
6 6 0.5 650 45 0.70 0.75 2.0 (9)9
7 7 0.5 1100 40 0.68 0.72 2.5 (9)9
8 5 0.3 700 30 0.65 0.70 1.8 (9)9
9 9 0.2 1700 15 0.60 0.65 3.5 (9)9
10 1 0.8 5800 40 0.80 0.88 0.7 (9)9

<<< generate

Version identifier: 20.1.0.0 | 2020-11-10 | 9bedb6d68
CPXPARAM_TimeLimit                               300
Tried aggregator 3 times.
MIP Presolve eliminated 16803 rows and 1593 columns.
MIP Presolve modified 2424 coefficients.
Aggregator did 243 substitutions.
Reduced MIP has 1684 rows, 867 columns, and 5033 nonzeros.
Reduced MIP has 289 binaries, 578 generals, 0 SOSs, and 0 indicators.
Presolve time = 0,02 sec. (20,72 ticks)
Probing fixed 0 vars, tightened 403 bounds.
Probing time = 0,00 sec. (2,22 ticks)
Cover probing fixed 0 vars, tightened 24 bounds.
Tried aggregator 1 time.
Detecting symmetries...
MIP Presolve eliminated 72 rows and 0 columns.
MIP Presolve modified 1035 coefficients.
Reduced MIP has 1612 rows, 867 columns, and 4889 nonzeros.
Reduced MIP has 289 binaries, 578 generals, 0 SOSs, and 0 indicators.
Presolve time = 0,00 sec. (3,51 ticks)
Probing fixed 0 vars, tightened 52 bounds.
Probing time = 0,00 sec. (1,90 ticks)
MIP emphasis: balance optimality and feasibility.
MIP search method: dynamic search.
Parallel mode: deterministic, using up to 20 threads.
Root relaxation solution time = 0,01 sec. (8,93 ticks)

        Nodes                                         Cuts/
   Node  Left     Objective  IInf  Best Integer    Best Bound    ItCnt     Gap

      0     0     -229,6247   103                   -229,6247      367         
      0     0     -218,3918   134                   Cuts: 102      457         
      0     0     -216,4933   141                    Cuts: 61      495         
      0     0     -215,4847   127                    Cuts: 34      524         
      0     0     -214,9652   136                    Cuts: 28      549         
      0     0     -214,4239   125                    Cuts: 28      569         
Detecting symmetries...
      0     0     -214,0319   139                    Cuts: 19      589         
      0     0     -213,8102   133                    Cuts: 17      609         
      0     0     -213,7769   125                    Cuts: 11      622         
      0     0     -213,6268   135                    Cuts: 16      641         
      0     0     -213,3329   159                    Cuts: 14      671         
      0     0     -213,1220   145                    Cuts: 22      691         
      0     0     -212,9322   151                    Cuts: 14      711         
      0     0     -212,9299   151                    Cuts: 13      717         
      0     0     -212,8890   146                     Cuts: 9      728         
      0     0     -212,7887   139                    Cuts: 12      749         
      0     0     -212,7545   151                    Cuts: 11      760         
      0     0     -212,5771   140                    Cuts: 14      780         
      0     0     -212,4525   155                    Cuts: 11      800         
      0     0     -212,4293   154                    Cuts: 21      814         
Detecting symmetries...
      0     2     -212,4293   154                   -212,4293      814         
Elapsed time = 0,36 sec. (368,29 ticks, tree = 0,02 MB, solutions = 0)
   1162   505     -164,7519   252                   -194,4937    64958         
   2798  1173      -55,0626   183                   -171,7045   135143         
   4984  2126    infeasible                         -157,2754   224980         
   7095  3075      -55,6400   129                   -145,0573   317025         
*  7563+ 3067                          -38,0000     -144,9579           281,47%
*  7652+ 3067                          -39,0000     -144,1312           269,57%
*  8698+ 3354                          -58,0000     -140,0498           141,47%

Performing restart 1

Repeating presolve.
Tried aggregator 1 time.
MIP Presolve modified 142 coefficients.
Reduced MIP has 1612 rows, 867 columns, and 4889 nonzeros.
Reduced MIP has 289 binaries, 578 generals, 0 SOSs, and 0 indicators.
Presolve time = 0,00 sec. (2,65 ticks)
Tried aggregator 1 time.
MIP Presolve modified 10 coefficients.
Reduced MIP has 1612 rows, 867 columns, and 4889 nonzeros.
Reduced MIP has 289 binaries, 578 generals, 0 SOSs, and 0 indicators.
Presolve time = 0,00 sec. (3,47 ticks)
Represolve time = 0,02 sec. (13,99 ticks)
*  9528+    0                          -70,0000     -136,0062            94,29%
   9528     0     -210,0048   163      -70,0000     Cuts: 110   391060   94,29%
   9528     0     -208,8745   173      -70,0000     Cuts: 109   391136   94,29%
*  9528+    0                          -71,0000     -136,0062            91,56%
   9528     0     -207,4511   161      -71,0000      Cuts: 61   391205   91,56%
   9528     0     -206,4924   175      -71,0000      Cuts: 67   391252   91,56%
   9528     0     -206,0544   163      -71,0000      Cuts: 37   391296   91,56%
   9528     0     -205,7807   170      -71,0000      Cuts: 56   391337   91,56%
*  9528+    0                          -72,0000     -136,0062            88,90%
   9528     0  -1,00000e+75     0      -72,0000     -136,0062   391337   88,90%
   9528     2     -205,7807   170      -72,0000     -136,0062   391337   88,90%
*  9530+    1                          -83,0000     -136,0062            63,86%
   9569    14     -175,9596   237      -83,0000     -136,0062   393457   63,86%
*  9575+   10                          -84,0000     -136,0062            61,91%
*  9580+   10                          -85,0000     -136,0062            60,01%
  11349   328     -102,7577   184      -85,0000     -136,0062   424056   60,01%
* 11648+  291                          -86,0000     -136,0062            58,15%
* 14167+  803                          -93,0000     -116,5980            25,37%
  15633    71        cutoff            -93,0000      -97,8790   458474    5,25%

Implied bound cuts applied:  14
Flow cuts applied:  24
Mixed integer rounding cuts applied:  89
Zero-half cuts applied:  29
Lift and project cuts applied:  18
Gomory fractional cuts applied:  12

Root node processing (before b&c):
  Real time             =    0,34 sec. (367,82 ticks)
Parallel b&c, 20 threads:
  Real time             =    2,28 sec. (2386,32 ticks)
  Sync time (average)   =    0,63 sec.
  Wait time (average)   =    0,00 sec.
                          ------------
Total (root+branch&cut) =    2,63 sec. (2754,14 ticks)

<<< solve


OBJECTIVE: -93
xxxx
#Result <fct_obj, tot_cst, tot_ldt, Emiss>: <-93 1.5127e+6 604 1.6534e+8>#CS:1512747#A:[0,2,26,22,21,25,21,12,21,15,13,11,15,14,21,7,17,15,15,10,18,12,11,12,9,8,8,10,9,12,17,10,13,12,8,13,9,9,5,15,13,9,9,8,8,6,6,9,3,4,6]#X:[0,1,1,1,1,1,0,0,0,0,0,0,0,0,0,0,0,0,0,0,0,0,0,0,0,0,0,0,0,0,0,0,0,0,0,0,0,0,0,0,0,0,0,0,0,0,0,0,0,0,0]#Z:[0,0,0,0,0,0,0,0,0,0,0,0,0,0,0,0,0,0,0,0,0,0,0,0,0,0,0,0,0,0,0,0,0,0,0,0,0,0,0,0,0,0,0,0,0,0,0,0,0,0,0,0,0,0,0,0,0,0,0,0,0,0,0,0,0,0,0,0,0,0,0,0,0,0,0,1,1,0,1,0,0,0,0,0,0,0,0,0,0,0,0,0,0,0,0,0,0,0,0,0,0,0,0,0,0,0,0,0,0,0,0,0,0,0,0,0,0,0,0,0,0,0,0,0,0,0,0,0,0,0,0,0,0,0,0,0,0,0,0,0,0,0,0,0,0,0,0,0,0,0,0,0,0,0,1,0,0,1,0,0,0,0,0,0,0,0,0,0,0,0,0,0,0,0,1,1,1,1,1,0,0,0,0,0,0,0,0,0,0,0,0,0,0,0,1,1,1,1,0,0,0,0,0,0,0,0,0,0,0,0,0,0,0,0,1,0,0,1,0,1,0,0,0,0,1,0,0,1,0,1,0,0,0,0,0,0,0,0,0,0,1,1,0,0,1,0,0,1,0,1,0,0,0,0,1,0,0,1,0,1,0,0,0,0,1,0,0,1,0,1,0,0,0,0,0,0,0,0,0,0,0,1,0,0,1,0,0,1,0,1,0,0,0,0,1,1,1,1,1,0,0,0,0,0,0,0,0,0,0,0,0,1,0,0,1,0,0,1,0,1,0,0,0,0,0,0,0,0,0,0,0,0,0,0,0,0,0,0,0,0,1,1,1,1,1,0,0,1,0,1,0,0,0,0,0,0,0,0,0,0,1,1,1,1,1,0,0,1,0,1,0,0,0,0,0,0,0,0,0,0,0,0,1,1,0,0,0,0,0,1,0,0,0,0,0,0,0,0,0,0,1,1,1,1,1,1,1,1,1,1,1,1,1,1,1,0,0,1,0,1,1,1,1,1,1,0,0,1,0,1,1,1,1,1,1,0,0,1,0,1,1,1,1,1,1,0,0,1,0,1,0,0,0,0,0,0,0,0,0,0,0,0,1,1,0,0,0,0,0,1,0,0,0,0,0,0,0,0,0,0,0,0,1,1,0,0,0,0,0,1,0,0,1,1,0,0,0,0,0,1,0,0,1,1,0,0,0,0,0,1]#Q:[0,0,0,0,0,0,0,0,0,0,0,0,0,0,0,0,0,0,0,0,0,0,0,0,0,0,0,0,0,0,0,0,0,0,0,0,0,0,0,0,0,0,0,0,0,0,0,0,0,0,0,0,0,0,0,0,0,0,0,0,0,0,0,0,0,0,0,0,0,0,0,0,0,0,0,1,1,0,38,0,0,0,0,0,0,0,0,0,0,0,0,0,0,0,0,0,0,0,0,0,0,0,0,0,0,0,0,0,0,0,0,0,0,0,0,0,0,0,0,0,0,0,0,0,0,0,0,0,0,0,0,0,0,0,0,0,0,0,0,0,0,0,0,0,0,0,0,0,0,0,0,0,0,0,1,0,0,39,0,0,0,0,0,0,0,0,0,0,0,0,0,0,0,0,1,1,1,1,116,0,0,0,0,0,0,0,0,0,0,0,0,0,0,0,1,1,1,17,0,0,0,0,0,0,0,0,0,0,0,0,0,0,0,0,1,0,0,118,0,1,0,0,0,0,1,0,0,78,0,1,0,0,0,0,0,0,0,0,0,0,1,1,0,0,1,0,0,56,0,1,0,0,0,0,1,0,0,38,0,1,0,0,0,0,1,0,0,58,0,1,0,0,0,0,0,0,0,0,0,0,0,1,0,0,1,0,0,317,0,1,0,0,0,0,1,1,1,1,116,0,0,0,0,0,0,0,0,0,0,0,0,1,0,0,1,0,0,177,0,1,0,0,0,0,0,0,0,0,0,0,0,0,0,0,0,0,0,0,0,0,1,1,1,1,1,0,0,74,0,1,0,0,0,0,0,0,0,0,0,0,1,1,1,1,1,0,0,154,0,1,0,0,0,0,0,0,0,0,0,0,0,0,1,1,0,0,0,0,0,118,0,0,0,0,0,0,0,0,0,0,1,1,1,1,1,1,1,1,1071,1,1,1,1,1,1,0,0,354,0,1,1,1,1,1,1,0,0,234,0,1,1,1,1,1,1,0,0,234,0,1,1,1,1,1,1,0,0,154,0,1,0,0,0,0,0,0,0,0,0,0,0,0,1,1,0,0,0,0,0,238,0,0,0,0,0,0,0,0,0,0,0,0,1,1,0,0,0,0,0,718,0,0,1,1,0,0,0,0,0,958,0,0,1,1,0,0,0,0,0,2158]#E: 165339932.599999994#STABILITY_ORIGINAL_OBJECTIVE:1513351#STABILITY_SCORE:93#DELIVER:
S6=>P7
S7=>P7
S9=>P7
S5=>P15
S8=>P15
S5=>P17
S6=>P17
S7=>P17
S8=>P17
S9=>P17
S5=>P19
S6=>P19
S7=>P19
S8=>P19
S5=>P21
S8=>P21
S10=>P21
S5=>P22
S8=>P22
S10=>P22
S1=>P24
S2=>P24
S5=>P24
S8=>P24
S10=>P24
S5=>P25
S8=>P25
S10=>P25
S5=>P26
S8=>P26
S10=>P26
S2=>P28
S5=>P28
S8=>P28
S10=>P28
S5=>P29
S6=>P29
S7=>P29
S8=>P29
S9=>P29
S2=>P31
S5=>P31
S8=>P31
S10=>P31
S1=>P34
S2=>P34
S3=>P34
S4=>P34
S5=>P34
S8=>P34
S10=>P34
S1=>P36
S2=>P36
S3=>P36
S4=>P36
S5=>P36
S8=>P36
S10=>P36
S3=>P38
S4=>P38
S10=>P38
S1=>P40
S2=>P40
S3=>P40
S4=>P40
S5=>P40
S6=>P40
S7=>P40
S8=>P40
S9=>P40
S10=>P40
S1=>P41
S2=>P41
S3=>P41
S4=>P41
S5=>P41
S8=>P41
S10=>P41
S1=>P42
S2=>P42
S3=>P42
S4=>P42
S5=>P42
S8=>P42
S10=>P42
S1=>P43
S2=>P43
S3=>P43
S4=>P43
S5=>P43
S8=>P43
S10=>P43
S1=>P44
S2=>P44
S3=>P44
S4=>P44
S5=>P44
S8=>P44
S10=>P44
S3=>P46
S4=>P46
S10=>P46
S3=>P48
S4=>P48
S10=>P48
S3=>P49
S4=>P49
S10=>P49
S3=>P50
S4=>P50
S10=>P50
xxxx

<<< post process


<<< done


)
