Array
(
    [CplexRunTime] => Total (root+branch&cut) =   36,05 sec
    [status] => INFEASIBLE
    [termination_reason] => INFEASIBLE
    [mip_gap] => 
    [Result] => Array
        (
            [Objective] => -96
            [TotalCost] => 2145300
            [LeadTime] => 486
            [Emissions] => 99999000
        )

    [TS] => 2145280.987589
    [CS] => 2143781
    [TaxCost] => 1499.987589
    [A] => Array
        (
            [0] => 0
            [1] => 2
            [2] => 22
            [3] => 22
            [4] => 21
            [5] => 16
            [6] => 17
            [7] => 8
            [8] => 17
            [9] => 15
            [10] => 9
            [11] => 11
            [12] => 15
            [13] => 10
            [14] => 12
            [15] => 7
            [16] => 13
            [17] => 11
            [18] => 15
            [19] => 10
            [20] => 14
            [21] => 12
            [22] => 11
            [23] => 12
            [24] => 5
            [25] => 8
            [26] => 8
            [27] => 10
            [28] => 5
            [29] => 8
            [30] => 8
            [31] => 6
            [32] => 9
            [33] => 12
            [34] => 8
            [35] => 9
            [36] => 9
            [37] => 9
            [38] => 5
            [39] => 6
            [40] => 5
            [41] => 5
            [42] => 9
            [43] => 8
            [44] => 4
            [45] => 6
            [46] => 6
            [47] => 3
            [48] => 3
            [49] => 4
            [50] => 6
        )

    [X] => Array
        (
            [0] => 0
            [1] => 1
            [2] => 1
            [3] => 1
            [4] => 1
            [5] => 1
            [6] => 0
            [7] => 0
            [8] => 0
            [9] => 0
            [10] => 0
            [11] => 0
            [12] => 0
            [13] => 0
            [14] => 0
            [15] => 0
            [16] => 0
            [17] => 0
            [18] => 0
            [19] => 0
            [20] => 0
            [21] => 0
            [22] => 0
            [23] => 0
            [24] => 0
            [25] => 0
            [26] => 0
            [27] => 0
            [28] => 0
            [29] => 0
            [30] => 0
            [31] => 0
            [32] => 0
            [33] => 0
            [34] => 0
            [35] => 0
            [36] => 0
            [37] => 0
            [38] => 0
            [39] => 0
            [40] => 0
            [41] => 0
            [42] => 0
            [43] => 0
            [44] => 0
            [45] => 0
            [46] => 0
            [47] => 1
            [48] => 1
            [49] => 0
            [50] => 1
        )

    [Z] => Array
        (
            [0] => 0
            [1] => 0
            [2] => 0
            [3] => 0
            [4] => 0
            [5] => 0
            [6] => 0
            [7] => 0
            [8] => 0
            [9] => 0
            [10] => 0
            [11] => 0
            [12] => 0
            [13] => 0
            [14] => 0
            [15] => 0
            [16] => 0
            [17] => 0
            [18] => 0
            [19] => 0
            [20] => 0
            [21] => 0
            [22] => 0
            [23] => 0
            [24] => 0
            [25] => 0
            [26] => 0
            [27] => 0
            [28] => 0
            [29] => 0
            [30] => 0
            [31] => 0
            [32] => 0
            [33] => 0
            [34] => 0
            [35] => 0
            [36] => 0
            [37] => 0
            [38] => 0
            [39] => 0
            [40] => 0
            [41] => 0
            [42] => 0
            [43] => 0
            [44] => 0
            [45] => 0
            [46] => 0
            [47] => 0
            [48] => 0
            [49] => 0
            [50] => 0
            [51] => 0
            [52] => 0
            [53] => 0
            [54] => 0
            [55] => 0
            [56] => 0
            [57] => 0
            [58] => 0
            [59] => 0
            [60] => 0
            [61] => 0
            [62] => 0
            [63] => 0
            [64] => 0
            [65] => 0
            [66] => 0
            [67] => 0
            [68] => 0
            [69] => 0
            [70] => 0
            [71] => 0
            [72] => 0
            [73] => 0
            [74] => 1
            [75] => 0
            [76] => 0
            [77] => 1
            [78] => 0
            [79] => 1
            [80] => 0
            [81] => 0
            [82] => 0
            [83] => 0
            [84] => 0
            [85] => 0
            [86] => 0
            [87] => 0
            [88] => 0
            [89] => 0
            [90] => 0
            [91] => 0
            [92] => 0
            [93] => 0
            [94] => 0
            [95] => 0
            [96] => 0
            [97] => 0
            [98] => 0
            [99] => 0
            [100] => 0
            [101] => 0
            [102] => 0
            [103] => 0
            [104] => 0
            [105] => 0
            [106] => 0
            [107] => 0
            [108] => 0
            [109] => 0
            [110] => 0
            [111] => 0
            [112] => 0
            [113] => 0
            [114] => 0
            [115] => 0
            [116] => 0
            [117] => 0
            [118] => 0
            [119] => 0
            [120] => 0
            [121] => 0
            [122] => 0
            [123] => 0
            [124] => 0
            [125] => 0
            [126] => 0
            [127] => 0
            [128] => 0
            [129] => 0
            [130] => 0
            [131] => 0
            [132] => 0
            [133] => 0
            [134] => 0
            [135] => 0
            [136] => 0
            [137] => 0
            [138] => 0
            [139] => 0
            [140] => 0
            [141] => 0
            [142] => 0
            [143] => 0
            [144] => 0
            [145] => 0
            [146] => 0
            [147] => 0
            [148] => 0
            [149] => 0
            [150] => 0
            [151] => 1
            [152] => 0
            [153] => 0
            [154] => 1
            [155] => 0
            [156] => 0
            [157] => 1
            [158] => 0
            [159] => 1
            [160] => 0
            [161] => 0
            [162] => 0
            [163] => 0
            [164] => 0
            [165] => 0
            [166] => 0
            [167] => 0
            [168] => 0
            [169] => 0
            [170] => 1
            [171] => 1
            [172] => 1
            [173] => 1
            [174] => 1
            [175] => 0
            [176] => 0
            [177] => 1
            [178] => 0
            [179] => 1
            [180] => 0
            [181] => 0
            [182] => 0
            [183] => 0
            [184] => 0
            [185] => 0
            [186] => 0
            [187] => 0
            [188] => 0
            [189] => 0
            [190] => 1
            [191] => 1
            [192] => 1
            [193] => 1
            [194] => 1
            [195] => 1
            [196] => 1
            [197] => 1
            [198] => 0
            [199] => 1
            [200] => 0
            [201] => 0
            [202] => 0
            [203] => 0
            [204] => 0
            [205] => 0
            [206] => 0
            [207] => 0
            [208] => 0
            [209] => 0
            [210] => 1
            [211] => 1
            [212] => 1
            [213] => 1
            [214] => 1
            [215] => 0
            [216] => 0
            [217] => 1
            [218] => 0
            [219] => 1
            [220] => 1
            [221] => 1
            [222] => 1
            [223] => 1
            [224] => 1
            [225] => 0
            [226] => 0
            [227] => 1
            [228] => 0
            [229] => 1
            [230] => 0
            [231] => 0
            [232] => 0
            [233] => 0
            [234] => 0
            [235] => 0
            [236] => 0
            [237] => 0
            [238] => 0
            [239] => 0
            [240] => 0
            [241] => 0
            [242] => 1
            [243] => 1
            [244] => 0
            [245] => 0
            [246] => 0
            [247] => 0
            [248] => 0
            [249] => 1
            [250] => 1
            [251] => 1
            [252] => 1
            [253] => 1
            [254] => 1
            [255] => 0
            [256] => 0
            [257] => 1
            [258] => 0
            [259] => 1
            [260] => 1
            [261] => 1
            [262] => 1
            [263] => 1
            [264] => 1
            [265] => 0
            [266] => 0
            [267] => 1
            [268] => 0
            [269] => 1
            [270] => 0
            [271] => 0
            [272] => 0
            [273] => 0
            [274] => 0
            [275] => 0
            [276] => 0
            [277] => 0
            [278] => 0
            [279] => 0
            [280] => 0
            [281] => 0
            [282] => 1
            [283] => 1
            [284] => 0
            [285] => 0
            [286] => 0
            [287] => 0
            [288] => 0
            [289] => 1
            [290] => 1
            [291] => 1
            [292] => 1
            [293] => 1
            [294] => 1
            [295] => 0
            [296] => 0
            [297] => 1
            [298] => 0
            [299] => 1
            [300] => 0
            [301] => 0
            [302] => 0
            [303] => 0
            [304] => 0
            [305] => 0
            [306] => 0
            [307] => 0
            [308] => 0
            [309] => 0
            [310] => 0
            [311] => 0
            [312] => 1
            [313] => 1
            [314] => 0
            [315] => 0
            [316] => 0
            [317] => 0
            [318] => 0
            [319] => 1
            [320] => 0
            [321] => 0
            [322] => 0
            [323] => 0
            [324] => 0
            [325] => 0
            [326] => 0
            [327] => 0
            [328] => 0
            [329] => 0
            [330] => 0
            [331] => 0
            [332] => 0
            [333] => 0
            [334] => 0
            [335] => 0
            [336] => 0
            [337] => 0
            [338] => 0
            [339] => 0
            [340] => 1
            [341] => 1
            [342] => 1
            [343] => 1
            [344] => 1
            [345] => 0
            [346] => 0
            [347] => 1
            [348] => 0
            [349] => 1
            [350] => 0
            [351] => 0
            [352] => 0
            [353] => 0
            [354] => 0
            [355] => 0
            [356] => 0
            [357] => 0
            [358] => 0
            [359] => 0
            [360] => 1
            [361] => 1
            [362] => 1
            [363] => 1
            [364] => 1
            [365] => 0
            [366] => 0
            [367] => 1
            [368] => 0
            [369] => 1
            [370] => 0
            [371] => 0
            [372] => 0
            [373] => 0
            [374] => 0
            [375] => 0
            [376] => 0
            [377] => 0
            [378] => 0
            [379] => 0
            [380] => 0
            [381] => 0
            [382] => 1
            [383] => 1
            [384] => 0
            [385] => 0
            [386] => 0
            [387] => 0
            [388] => 0
            [389] => 1
            [390] => 0
            [391] => 0
            [392] => 0
            [393] => 0
            [394] => 0
            [395] => 0
            [396] => 0
            [397] => 0
            [398] => 0
            [399] => 0
            [400] => 0
            [401] => 0
            [402] => 1
            [403] => 1
            [404] => 0
            [405] => 0
            [406] => 0
            [407] => 0
            [408] => 0
            [409] => 1
            [410] => 0
            [411] => 0
            [412] => 1
            [413] => 1
            [414] => 0
            [415] => 0
            [416] => 0
            [417] => 0
            [418] => 0
            [419] => 1
            [420] => 1
            [421] => 1
            [422] => 1
            [423] => 1
            [424] => 1
            [425] => 0
            [426] => 0
            [427] => 1
            [428] => 0
            [429] => 0
            [430] => 1
            [431] => 1
            [432] => 1
            [433] => 1
            [434] => 1
            [435] => 0
            [436] => 0
            [437] => 1
            [438] => 0
            [439] => 1
            [440] => 0
            [441] => 0
            [442] => 1
            [443] => 1
            [444] => 0
            [445] => 0
            [446] => 0
            [447] => 0
            [448] => 0
            [449] => 1
            [450] => 0
            [451] => 0
            [452] => 0
            [453] => 0
            [454] => 0
            [455] => 0
            [456] => 0
            [457] => 0
            [458] => 0
            [459] => 0
            [460] => 0
            [461] => 0
            [462] => 1
            [463] => 1
            [464] => 0
            [465] => 0
            [466] => 0
            [467] => 0
            [468] => 0
            [469] => 1
            [470] => 0
            [471] => 0
            [472] => 0
            [473] => 0
            [474] => 0
            [475] => 0
            [476] => 0
            [477] => 0
            [478] => 0
            [479] => 0
            [480] => 0
            [481] => 0
            [482] => 0
            [483] => 0
            [484] => 0
            [485] => 0
            [486] => 0
            [487] => 0
            [488] => 0
            [489] => 1
            [490] => 0
            [491] => 0
            [492] => 1
            [493] => 1
            [494] => 0
            [495] => 0
            [496] => 0
            [497] => 0
            [498] => 0
            [499] => 1
            [500] => 0
            [501] => 0
            [502] => 0
            [503] => 0
            [504] => 0
            [505] => 0
            [506] => 0
            [507] => 0
            [508] => 0
            [509] => 1
        )

    [Q] => Array
        (
            [0] => 0
            [1] => 0
            [2] => 0
            [3] => 0
            [4] => 0
            [5] => 0
            [6] => 0
            [7] => 0
            [8] => 0
            [9] => 0
            [10] => 0
            [11] => 0
            [12] => 0
            [13] => 0
            [14] => 0
            [15] => 0
            [16] => 0
            [17] => 0
            [18] => 0
            [19] => 0
            [20] => 0
            [21] => 0
            [22] => 0
            [23] => 0
            [24] => 0
            [25] => 0
            [26] => 0
            [27] => 0
            [28] => 0
            [29] => 0
            [30] => 0
            [31] => 0
            [32] => 0
            [33] => 0
            [34] => 0
            [35] => 0
            [36] => 0
            [37] => 0
            [38] => 0
            [39] => 0
            [40] => 0
            [41] => 0
            [42] => 0
            [43] => 0
            [44] => 0
            [45] => 0
            [46] => 0
            [47] => 0
            [48] => 0
            [49] => 0
            [50] => 0
            [51] => 0
            [52] => 0
            [53] => 0
            [54] => 0
            [55] => 0
            [56] => 0
            [57] => 0
            [58] => 0
            [59] => 0
            [60] => 0
            [61] => 0
            [62] => 0
            [63] => 0
            [64] => 0
            [65] => 0
            [66] => 0
            [67] => 0
            [68] => 0
            [69] => 0
            [70] => 0
            [71] => 0
            [72] => 0
            [73] => 0
            [74] => 1
            [75] => 0
            [76] => 0
            [77] => 38
            [78] => 0
            [79] => 1
            [80] => 0
            [81] => 0
            [82] => 0
            [83] => 0
            [84] => 0
            [85] => 0
            [86] => 0
            [87] => 0
            [88] => 0
            [89] => 0
            [90] => 0
            [91] => 0
            [92] => 0
            [93] => 0
            [94] => 0
            [95] => 0
            [96] => 0
            [97] => 0
            [98] => 0
            [99] => 0
            [100] => 0
            [101] => 0
            [102] => 0
            [103] => 0
            [104] => 0
            [105] => 0
            [106] => 0
            [107] => 0
            [108] => 0
            [109] => 0
            [110] => 0
            [111] => 0
            [112] => 0
            [113] => 0
            [114] => 0
            [115] => 0
            [116] => 0
            [117] => 0
            [118] => 0
            [119] => 0
            [120] => 0
            [121] => 0
            [122] => 0
            [123] => 0
            [124] => 0
            [125] => 0
            [126] => 0
            [127] => 0
            [128] => 0
            [129] => 0
            [130] => 0
            [131] => 0
            [132] => 0
            [133] => 0
            [134] => 0
            [135] => 0
            [136] => 0
            [137] => 0
            [138] => 0
            [139] => 0
            [140] => 0
            [141] => 0
            [142] => 0
            [143] => 0
            [144] => 0
            [145] => 0
            [146] => 0
            [147] => 0
            [148] => 0
            [149] => 0
            [150] => 0
            [151] => 1
            [152] => 0
            [153] => 0
            [154] => 1
            [155] => 0
            [156] => 0
            [157] => 37
            [158] => 0
            [159] => 1
            [160] => 0
            [161] => 0
            [162] => 0
            [163] => 0
            [164] => 0
            [165] => 0
            [166] => 0
            [167] => 0
            [168] => 0
            [169] => 0
            [170] => 1
            [171] => 1
            [172] => 1
            [173] => 1
            [174] => 1
            [175] => 0
            [176] => 0
            [177] => 114
            [178] => 0
            [179] => 1
            [180] => 0
            [181] => 0
            [182] => 0
            [183] => 0
            [184] => 0
            [185] => 0
            [186] => 0
            [187] => 0
            [188] => 0
            [189] => 0
            [190] => 1
            [191] => 1
            [192] => 1
            [193] => 1
            [194] => 1
            [195] => 1
            [196] => 1
            [197] => 12
            [198] => 0
            [199] => 1
            [200] => 0
            [201] => 0
            [202] => 0
            [203] => 0
            [204] => 0
            [205] => 0
            [206] => 0
            [207] => 0
            [208] => 0
            [209] => 0
            [210] => 1
            [211] => 1
            [212] => 1
            [213] => 1
            [214] => 1
            [215] => 0
            [216] => 0
            [217] => 114
            [218] => 0
            [219] => 1
            [220] => 1
            [221] => 1
            [222] => 1
            [223] => 1
            [224] => 1
            [225] => 0
            [226] => 0
            [227] => 74
            [228] => 0
            [229] => 1
            [230] => 0
            [231] => 0
            [232] => 0
            [233] => 0
            [234] => 0
            [235] => 0
            [236] => 0
            [237] => 0
            [238] => 0
            [239] => 0
            [240] => 0
            [241] => 0
            [242] => 1
            [243] => 1
            [244] => 0
            [245] => 0
            [246] => 0
            [247] => 0
            [248] => 0
            [249] => 58
            [250] => 1
            [251] => 1
            [252] => 1
            [253] => 1
            [254] => 1
            [255] => 0
            [256] => 0
            [257] => 34
            [258] => 0
            [259] => 1
            [260] => 1
            [261] => 1
            [262] => 1
            [263] => 1
            [264] => 1
            [265] => 0
            [266] => 0
            [267] => 54
            [268] => 0
            [269] => 1
            [270] => 0
            [271] => 0
            [272] => 0
            [273] => 0
            [274] => 0
            [275] => 0
            [276] => 0
            [277] => 0
            [278] => 0
            [279] => 0
            [280] => 0
            [281] => 0
            [282] => 1
            [283] => 1
            [284] => 0
            [285] => 0
            [286] => 0
            [287] => 0
            [288] => 0
            [289] => 318
            [290] => 1
            [291] => 1
            [292] => 1
            [293] => 1
            [294] => 1
            [295] => 0
            [296] => 0
            [297] => 114
            [298] => 0
            [299] => 1
            [300] => 0
            [301] => 0
            [302] => 0
            [303] => 0
            [304] => 0
            [305] => 0
            [306] => 0
            [307] => 0
            [308] => 0
            [309] => 0
            [310] => 0
            [311] => 0
            [312] => 1
            [313] => 1
            [314] => 0
            [315] => 0
            [316] => 0
            [317] => 0
            [318] => 0
            [319] => 178
            [320] => 0
            [321] => 0
            [322] => 0
            [323] => 0
            [324] => 0
            [325] => 0
            [326] => 0
            [327] => 0
            [328] => 0
            [329] => 0
            [330] => 0
            [331] => 0
            [332] => 0
            [333] => 0
            [334] => 0
            [335] => 0
            [336] => 0
            [337] => 0
            [338] => 0
            [339] => 0
            [340] => 1
            [341] => 1
            [342] => 1
            [343] => 1
            [344] => 1
            [345] => 0
            [346] => 0
            [347] => 74
            [348] => 0
            [349] => 1
            [350] => 0
            [351] => 0
            [352] => 0
            [353] => 0
            [354] => 0
            [355] => 0
            [356] => 0
            [357] => 0
            [358] => 0
            [359] => 0
            [360] => 1
            [361] => 1
            [362] => 1
            [363] => 1
            [364] => 2
            [365] => 0
            [366] => 0
            [367] => 153
            [368] => 0
            [369] => 1
            [370] => 0
            [371] => 0
            [372] => 0
            [373] => 0
            [374] => 0
            [375] => 0
            [376] => 0
            [377] => 0
            [378] => 0
            [379] => 0
            [380] => 0
            [381] => 0
            [382] => 1
            [383] => 1
            [384] => 0
            [385] => 0
            [386] => 0
            [387] => 0
            [388] => 0
            [389] => 118
            [390] => 0
            [391] => 0
            [392] => 0
            [393] => 0
            [394] => 0
            [395] => 0
            [396] => 0
            [397] => 0
            [398] => 0
            [399] => 0
            [400] => 0
            [401] => 0
            [402] => 1
            [403] => 1
            [404] => 0
            [405] => 0
            [406] => 0
            [407] => 0
            [408] => 0
            [409] => 1078
            [410] => 0
            [411] => 0
            [412] => 1
            [413] => 1
            [414] => 0
            [415] => 0
            [416] => 0
            [417] => 0
            [418] => 0
            [419] => 358
            [420] => 1
            [421] => 1
            [422] => 1
            [423] => 1
            [424] => 1
            [425] => 0
            [426] => 0
            [427] => 235
            [428] => 0
            [429] => 0
            [430] => 1
            [431] => 1
            [432] => 1
            [433] => 1
            [434] => 1
            [435] => 0
            [436] => 0
            [437] => 234
            [438] => 0
            [439] => 1
            [440] => 0
            [441] => 0
            [442] => 1
            [443] => 1
            [444] => 0
            [445] => 0
            [446] => 0
            [447] => 0
            [448] => 0
            [449] => 158
            [450] => 0
            [451] => 0
            [452] => 0
            [453] => 0
            [454] => 0
            [455] => 0
            [456] => 0
            [457] => 0
            [458] => 0
            [459] => 0
            [460] => 0
            [461] => 0
            [462] => 1
            [463] => 1
            [464] => 0
            [465] => 0
            [466] => 0
            [467] => 0
            [468] => 0
            [469] => 238
            [470] => 0
            [471] => 0
            [472] => 0
            [473] => 0
            [474] => 0
            [475] => 0
            [476] => 0
            [477] => 0
            [478] => 0
            [479] => 0
            [480] => 0
            [481] => 0
            [482] => 0
            [483] => 0
            [484] => 0
            [485] => 0
            [486] => 0
            [487] => 0
            [488] => 0
            [489] => 720
            [490] => 0
            [491] => 0
            [492] => 1
            [493] => 1
            [494] => 0
            [495] => 0
            [496] => 0
            [497] => 0
            [498] => 0
            [499] => 958
            [500] => 0
            [501] => 0
            [502] => 0
            [503] => 0
            [504] => 0
            [505] => 0
            [506] => 0
            [507] => 0
            [508] => 0
            [509] => 2160
        )

    [E] => 99999172.6
    [Cap] => 100000000
    [Tax] => 15
    [STABILITY_ORIGINAL_OBJECTIVE] => 2145766.987589
    [STABILITY_SCORE] => 96
    [DELIVER] => Array
        (
            [0] => S5=>P7
            [1] => S8=>P7
            [2] => S10=>P7
            [3] => S2=>P15
            [4] => S5=>P15
            [5] => S8=>P15
            [6] => S10=>P15
            [7] => S1=>P17
            [8] => S2=>P17
            [9] => S3=>P17
            [10] => S4=>P17
            [11] => S5=>P17
            [12] => S8=>P17
            [13] => S10=>P17
            [14] => S1=>P19
            [15] => S2=>P19
            [16] => S3=>P19
            [17] => S4=>P19
            [18] => S5=>P19
            [19] => S6=>P19
            [20] => S7=>P19
            [21] => S8=>P19
            [22] => S10=>P19
            [23] => S1=>P21
            [24] => S2=>P21
            [25] => S3=>P21
            [26] => S4=>P21
            [27] => S5=>P21
            [28] => S8=>P21
            [29] => S10=>P21
            [30] => S1=>P22
            [31] => S2=>P22
            [32] => S3=>P22
            [33] => S4=>P22
            [34] => S5=>P22
            [35] => S8=>P22
            [36] => S10=>P22
            [37] => S3=>P24
            [38] => S4=>P24
            [39] => S10=>P24
            [40] => S1=>P25
            [41] => S2=>P25
            [42] => S3=>P25
            [43] => S4=>P25
            [44] => S5=>P25
            [45] => S8=>P25
            [46] => S10=>P25
            [47] => S1=>P26
            [48] => S2=>P26
            [49] => S3=>P26
            [50] => S4=>P26
            [51] => S5=>P26
            [52] => S8=>P26
            [53] => S10=>P26
            [54] => S3=>P28
            [55] => S4=>P28
            [56] => S10=>P28
            [57] => S1=>P29
            [58] => S2=>P29
            [59] => S3=>P29
            [60] => S4=>P29
            [61] => S5=>P29
            [62] => S8=>P29
            [63] => S10=>P29
            [64] => S3=>P31
            [65] => S4=>P31
            [66] => S10=>P31
            [67] => S1=>P34
            [68] => S2=>P34
            [69] => S3=>P34
            [70] => S4=>P34
            [71] => S5=>P34
            [72] => S8=>P34
            [73] => S10=>P34
            [74] => S1=>P36
            [75] => S2=>P36
            [76] => S3=>P36
            [77] => S4=>P36
            [78] => S5=>P36
            [79] => S8=>P36
            [80] => S10=>P36
            [81] => S3=>P38
            [82] => S4=>P38
            [83] => S10=>P38
            [84] => S3=>P40
            [85] => S4=>P40
            [86] => S10=>P40
            [87] => S3=>P41
            [88] => S4=>P41
            [89] => S10=>P41
            [90] => S1=>P42
            [91] => S2=>P42
            [92] => S3=>P42
            [93] => S4=>P42
            [94] => S5=>P42
            [95] => S8=>P42
            [96] => S1=>P43
            [97] => S2=>P43
            [98] => S3=>P43
            [99] => S4=>P43
            [100] => S5=>P43
            [101] => S8=>P43
            [102] => S10=>P43
            [103] => S3=>P44
            [104] => S4=>P44
            [105] => S10=>P44
            [106] => S3=>P46
            [107] => S4=>P46
            [108] => S10=>P46
            [109] => S10=>P48
            [110] => S3=>P49
            [111] => S4=>P49
            [112] => S10=>P49
            [113] => S10=>P50
        )

    [_raw_output] => 
<<< setup

0 0 -1 0 1 0,25 0,5 0,8 1 0 0 0 0 13
1 2 0 5000 1 0,25 0,5 0,8 1 0 10000 1000 1500 13
2 5 1 900 1 0,25 0,5 0,8 1 0 9486 948,6 1500 13
3 7 1 890 1 0,25 0,5 0,8 1 0 8704 870,4 1500 13
4 6 1 910 1 0,25 0,5 0,8 1 0 8059 805,9 1500 13
5 4 1 860 2 0,25 0,5 0,8 1 0 7962 796,2 1500 13
6 4 2 880 3 0,25 0,5 0,8 1 0 7861 786,1 1500 13
7 3 2 800 2 0,25 0,5 0,8 1 0 7628 762,8 1500 13
8 3 2 780 1 0,25 0,5 0,8 1 0 7050 705 1500 13
9 3 3 790 2 0,25 0,5 0,8 1 0 6976 697,6 1500 13
10 4 3 750 3 0,25 0,5 0,8 1 0 6291 629,1 1500 13
11 3 4 690 2 0,25 0,5 0,8 1 0 6234 623,4 1500 13
12 5 4 660 3 0,25 0,5 0,8 1 0 6199 619,9 1500 13
13 5 5 600 8 0,25 0,5 0,5 1 0 6088 608,8 1500 13
14 4 5 640 6 0,25 0,5 0,5 1 0 5680 568 1500 13
15 2 5 700 2 0,25 0,5 0,5 1 0 5673 567,3 1500 13
16 4 6 660 9 0,25 0,5 0,5 1 0 5507 550,7 1500 13
17 6 6 580 6 0,25 0,5 0,5 1 0 5360 536 1500 13
18 3 67 550 2 0,25 0,5 0,5 1 0 5290 529 1500 13
19 3 8 570 1 0,25 0,5 0,5 1 0 5168 516,8 1500 13
20 5 8 600 2 0,25 0,5 0,5 1 0 4944 494,4 1500 13
21 7 9 540 6 0,25 0,5 0,5 1 0 4747 474,7 1500 13
22 6 9 510 4 0,25 0,5 0,5 1 0 4417 441,7 1500 13
23 3 9 590 4 0,25 0,5 0,5 1 0 4033 403,3 1500 13
24 4 10 400 3 0,25 0,5 0,5 1 0 3891 389,1 1500 13
25 3 11 490 2 0,25 0,5 0,5 1 0 3601 360,1 1500 13
26 3 12 480 3 0,25 0,5 0,5 1 0 3279 327,9 1500 13
27 5 12 520 6 0,25 0,5 0,5 1 0 3175 317,5 1500 13
28 4 13 400 16 0,25 0,5 0,5 1 0 2984 298,4 1500 13
29 3 14 480 6 0,25 0,5 0,5 1 0 2866 286,6 1500 13
30 2 14 490 18 0,25 0,5 0,5 1 0 2606 260,6 1500 13
31 5 16 460 9 0,25 0,5 0,5 1 0 2427 242,7 1500 13
32 4 16 500 9 0,25 0,5 0,5 1 0 2231 223,1 1500 13
33 3 18 470 6 0,25 0,5 0,5 1 0 2091 209,1 1500 13
34 3 18 300 4 0,25 0,5 0,5 1 0 1993 199,3 1500 13
35 5 20 380 4 0,25 0,5 0,5 1 0 1837 183,7 1500 13
36 4 23 330 8 0,25 0,5 0,5 1 0 1683 168,3 1500 13
37 3 23 340 12 0,25 0,5 0,5 1 0 1682 168,2 1500 13
38 4 27 350 6 0,25 0,5 0,5 1 0 1589 158,9 1500 13
39 6 30 360 18 0,25 0,5 0,5 1 0 1439 143,9 1500 13
40 4 30 310 54 0,25 0,5 0,5 1 0 1404 140,4 1500 13
41 4 32 330 18 0,25 0,5 0,5 1 0 1265 126,5 1500 13
42 4 33 290 12 0,25 0,5 0,5 1 0 1153 115,3 1500 13
43 3 33 270 12 0,25 0,5 0,5 1 0 1138 113,8 1500 13
44 3 35 260 8 0,25 0,5 0,5 1 0 1094 109,4 1500 13
45 2 37 270 12 0,25 0,5 0,5 1 0 997 99,7 1500 13
46 5 37 270 12 0,25 0,5 0,5 1 0 964 96,4 1500 13
47 3 39 100 54 0,25 0,5 0,5 1 0 917 91,7 1500 13
48 2 39 110 36 0,25 0,5 0,5 1 0 833 83,3 1500 13
49 3 45 50 48 0,25 0,5 0,5 1 0 753 75,3 1500 13
50 5 47 30 108 0,25 0,5 0,5 1 0 723 72,3 1500 13
Node nums: [0 1 2 3 4 5 6 7 8 9 10 11 12 13 14 15 16 17 18 19 20 21 22 23 24 25 26 27
     28 29 30 31 32 33 34 35 36 37 38 39 40 41 42 43 44 45 46 47 48 49 50]
xx-Data uploaded-xx
	**** start init su array ...
0 [0 0 0 0 0 0 0 0 0 0]
1 [0 0 0 0 0 0 0 0 0 0]
2 [0 0 0 0 0 0 0 0 0 0]
3 [0 0 0 0 0 0 0 0 0 0]
4 [0 0 0 0 0 0 0 0 0 0]
5 [0 0 0 0 0 0 0 0 0 0]
6 [0 0 0 0 0 0 0 0 0 0]
7 [1 1 1 1 1 1 1 1 1 1]
8 [0 0 0 0 0 0 0 0 0 0]
9 [0 0 0 0 0 0 0 0 0 0]
10 [0 0 0 0 0 0 0 0 0 0]
11 [0 0 0 0 0 0 0 0 0 0]
12 [0 0 0 0 0 0 0 0 0 0]
13 [0 0 0 0 0 0 0 0 0 0]
14 [0 0 0 0 0 0 0 0 0 0]
15 [1 1 1 1 1 1 1 1 1 1]
16 [0 0 0 0 0 0 0 0 0 0]
17 [1 1 1 1 1 1 1 1 1 1]
18 [0 0 0 0 0 0 0 0 0 0]
19 [1 1 1 1 1 1 1 1 1 1]
20 [0 0 0 0 0 0 0 0 0 0]
21 [1 1 1 1 1 1 1 1 1 1]
22 [1 1 1 1 1 1 1 1 1 1]
23 [0 0 0 0 0 0 0 0 0 0]
24 [1 1 1 1 1 1 1 1 1 1]
25 [1 1 1 1 1 1 1 1 1 1]
26 [1 1 1 1 1 1 1 1 1 1]
27 [0 0 0 0 0 0 0 0 0 0]
28 [1 1 1 1 1 1 1 1 1 1]
29 [1 1 1 1 1 1 1 1 1 1]
30 [0 0 0 0 0 0 0 0 0 0]
31 [1 1 1 1 1 1 1 1 1 1]
32 [0 0 0 0 0 0 0 0 0 0]
33 [0 0 0 0 0 0 0 0 0 0]
34 [1 1 1 1 1 1 1 1 1 1]
35 [1 1 1 1 1 1 1 1 1 1]
36 [1 1 1 1 1 1 1 1 1 1]
37 [0 0 0 0 0 0 0 0 0 0]
38 [1 1 1 1 1 1 1 1 1 1]
39 [0 0 0 0 0 0 0 0 0 0]
40 [1 1 1 1 1 1 1 1 1 1]
41 [1 1 1 1 1 1 1 1 1 1]
42 [1 1 1 1 1 1 1 1 1 1]
43 [1 1 1 1 1 1 1 1 1 1]
44 [1 1 1 1 1 1 1 1 1 1]
45 [0 0 0 0 0 0 0 0 0 0]
46 [1 1 1 1 1 1 1 1 1 1]
47 [0 0 0 0 0 0 0 0 0 0]
48 [1 1 1 1 1 1 1 1 1 1]
49 [1 1 1 1 1 1 1 1 1 1]
50 [1 1 1 1 1 1 1 1 1 1]
	**** end init su array ...
1 2 1 700 80 0.85 0.92 0.8 (9)9
2 2 0.9 800 75 0.82 0.90 0.9 (9)9
3 1 1.1 680 90 0.88 0.95 0.5 (9)9
4 1 1 480 100 0.86 0.93 0.6 (9)9
5 5 0.6 550 40 0.72 0.78 1.5 (9)9
6 6 0.5 650 45 0.70 0.75 2.0 (9)9
7 7 0.5 1100 40 0.68 0.72 2.5 (9)9
8 5 0.3 700 30 0.65 0.70 1.8 (9)9
9 9 0.2 1700 15 0.60 0.65 3.5 (9)9
10 1 0.8 5800 40 0.80 0.88 0.7 (9)9

<<< generate

Version identifier: 20.1.0.0 | 2020-11-10 | 9bedb6d68
CPXPARAM_TimeLimit                               300
Tried aggregator 3 times.
MIP Presolve eliminated 16803 rows and 1593 columns.
MIP Presolve modified 2287 coefficients.
Aggregator did 244 substitutions.
Reduced MIP has 1683 rows, 866 columns, and 5089 nonzeros.
Reduced MIP has 289 binaries, 577 generals, 0 SOSs, and 0 indicators.
Presolve time = 0,02 sec. (20,72 ticks)
Probing fixed 0 vars, tightened 267 bounds.
Probing time = 0,00 sec. (2,98 ticks)
Cover probing fixed 0 vars, tightened 24 bounds.
Tried aggregator 1 time.
Detecting symmetries...
MIP Presolve eliminated 72 rows and 0 columns.
MIP Presolve modified 984 coefficients.
Reduced MIP has 1611 rows, 866 columns, and 4945 nonzeros.
Reduced MIP has 289 binaries, 577 generals, 0 SOSs, and 0 indicators.
Presolve time = 0,00 sec. (3,55 ticks)
Probing fixed 0 vars, tightened 54 bounds.
Probing time = 0,00 sec. (1,79 ticks)
MIP emphasis: balance optimality and feasibility.
MIP search method: dynamic search.
Parallel mode: deterministic, using up to 20 threads.
Root relaxation solution time = 0,02 sec. (12,55 ticks)

        Nodes                                         Cuts/
   Node  Left     Objective  IInf  Best Integer    Best Bound    ItCnt     Gap

      0     0     -207,0621   282                   -207,0621      512         
      0     0     -182,2604   316                   Cuts: 275      737         
      0     0     -173,9258   327                   Cuts: 139      869         
      0     0     -170,4047   350                    Cuts: 94      957         
      0     0     -168,2126   361                    Cuts: 61     1033         
      0     0     -167,2238   375                    Cuts: 59     1097         
Detecting symmetries...
      0     0     -166,3144   373                    Cuts: 47     1150         
      0     0     -166,0274   378                    Cuts: 44     1185         
      0     0     -165,9625   380                    Cuts: 24     1206         
      0     0     -165,7496   371                    Cuts: 20     1236         
      0     0     -165,5493   346                    Cuts: 27     1277         
      0     0     -165,3880   369                    Cuts: 19     1310         
      0     0     -164,9516   369                    Cuts: 33     1350         
      0     0     -164,8121   329                    Cuts: 18     1381         
      0     0     -164,6343   357                    Cuts: 22     1407         
      0     0     -164,5802   357                    Cuts: 19     1425         
      0     0     -164,4268   367                    Cuts: 13     1448         
      0     0     -164,2822   382                    Cuts: 13     1484         
      0     0     -164,2381   374                    Cuts: 21     1503         
      0     0     -164,1711   362                    Cuts: 13     1541         
      0     0     -164,0693   380                    Cuts: 12     1557         
      0     0     -163,9957   358                    Cuts: 17     1580         
      0     0     -163,9211   342                    Cuts: 13     1601         
      0     0     -163,8376   338                    Cuts: 19     1624         
      0     0     -163,7874   360                    Cuts: 18     1635         
      0     0     -163,7558   364                    Cuts: 14     1642         
      0     0     -163,7423   364                     Cuts: 4     1648         
Detecting symmetries...
      0     2     -163,7423   364                   -163,7423     1648         
Elapsed time = 0,55 sec. (572,26 ticks, tree = 0,02 MB, solutions = 0)
   1275   886    infeasible                         -162,0855    55156         
   2696  1535    infeasible                         -159,9805   127303         
   3756  2289     -133,2360   204                   -157,9066   221455         
   4943  2693     -128,4388   179                   -156,6203   286656         
   6006  3307     -116,4050   233                   -155,6480   384711         
   7244  3870    infeasible                         -155,0580   451058         
   8403  4367    infeasible                         -153,8830   533526         
   9606  5159      -85,0759   180                   -153,3864   643242         
  10671  5601      -82,2776   167                   -152,5567   713058         
  15349  7341    infeasible                         -150,5515  1018609         
Elapsed time = 3,64 sec. (3674,21 ticks, tree = 12,37 MB, solutions = 0)
  19973  9307    infeasible                         -148,8063  1371360         
  24525 11117    infeasible                         -147,5770  1738688         
  28918 12427    infeasible                         -146,2735  2103996         
  33088 13705      -97,8824   246                   -145,0113  2467736         
  37293 14929     -103,9047   214                   -143,4713  2812851         
  42052 16012    infeasible                         -142,3568  3111053         
  46780 17558    infeasible                         -141,2605  3459556         
  51447 18899     -127,7022   233                   -140,2565  3810653         
  56029 19970    infeasible                         -139,1449  4161715         
  60224 21096     -117,3488   189                   -138,0486  4593491         
Elapsed time = 13,41 sec. (13214,41 ticks, tree = 34,69 MB, solutions = 0)
  64909 21871    infeasible                         -137,0962  4881519         
  69626 23021    infeasible                         -136,1836  5263481         
  73521 23696    infeasible                         -135,2206  5610577         
  77857 24495      -33,4120   198                   -134,4569  5931943         
  82262 25209     -113,3052   180                   -133,7007  6272725         
  86788 26033     -126,2154   249                   -132,7748  6767544         
  90561 26474     -129,9117   213                   -131,8361  7018519         
  94816 26971    infeasible                         -131,0612  7372434         
  99449 27396      -70,8147   190                   -130,3295  7710401         
 104439 28436     -126,7337   248                   -129,5334  8121120         
Elapsed time = 23,28 sec. (22753,37 ticks, tree = 47,37 MB, solutions = 0)
 108469 29175    infeasible                         -128,5470  8461370         
 113212 29700      -64,7520   113                   -127,7953  8762691         
 118033 30802     -116,8221   164                   -127,1183  9305125         
 123131 31555    infeasible                         -126,3908  9678116         
 127841 32210      -60,8000    40                   -125,6169 10075230         
 131791 32715     -104,5320   223                   -124,9259 10424641         
 136708 33218      -82,8312   171                   -124,1203 10790126         
 141909 34077     -119,8642   230                   -123,4066 11194390         
*144083+34218                          -61,0000     -123,1998           101,97%
 148406 26773        cutoff            -61,0000     -122,9517 11510514  101,56%
*149223+26871                          -72,0000     -122,9517            70,77%

Performing restart 1

Repeating presolve.
Tried aggregator 1 time.
MIP Presolve modified 150 coefficients.
Reduced MIP has 1611 rows, 866 columns, and 4945 nonzeros.
Reduced MIP has 289 binaries, 577 generals, 0 SOSs, and 0 indicators.
Presolve time = 0,00 sec. (2,66 ticks)
Tried aggregator 1 time.
MIP Presolve modified 10 coefficients.
Reduced MIP has 1611 rows, 866 columns, and 4945 nonzeros.
Reduced MIP has 289 binaries, 577 generals, 0 SOSs, and 0 indicators.
Presolve time = 0,02 sec. (3,51 ticks)
Represolve time = 0,05 sec. (23,71 ticks)
 149224     0     -153,3788   325      -72,0000     Cuts: 367 11760943   70,07%
 149224     0     -148,6053   313      -72,0000     Cuts: 247 11761135   70,07%
 149224     0     -145,4756   291      -72,0000     Cuts: 184 11761307   70,07%
 149224     0     -143,3772   313      -72,0000     Cuts: 173 11761435   70,07%
 149224     0     -141,5875   297      -72,0000     Cuts: 197 11761551   70,07%
 149224     0     -140,4804   329      -72,0000     Cuts: 186 11761677   70,07%
 149224     0     -138,8317   330      -72,0000     Cuts: 168 11761817   70,07%
 149224     0     -137,4947   325      -72,0000     Cuts: 144 11761947   70,07%
 149224     2     -137,4947   325      -72,0000     -122,4509 11761947   70,07%
Elapsed time = 34,28 sec. (33473,40 ticks, tree = 0,02 MB, solutions = 3)
*149338+   12                          -74,0000     -122,4509            65,47%
*149342+   12                          -77,0000     -122,4509            59,03%
 150320   354      -99,6879   222      -77,0000     -122,4509 11801509   59,03%
*151445+  754                          -88,0000     -121,0270            37,53%
*152663+  794                          -91,0000     -115,4571            26,88%
*153945+ 1352                          -95,0000     -112,5735            18,50%
*154478+ 1031                          -96,0000     -108,8422            13,38%
*154535+ 1063                          -96,0000     -108,8274            13,36%

Cover cuts applied:  3
Implied bound cuts applied:  12
Flow cuts applied:  58
Mixed integer rounding cuts applied:  195
Zero-half cuts applied:  37
Lift and project cuts applied:  110
Gomory fractional cuts applied:  22

Root node processing (before b&c):
  Real time             =    0,53 sec. (571,46 ticks)
Parallel b&c, 20 threads:
  Real time             =   35,52 sec. (34506,10 ticks)
  Sync time (average)   =    6,44 sec.
  Wait time (average)   =    0,01 sec.
                          ------------
Total (root+branch&cut) =   36,05 sec. (35077,56 ticks)

<<< solve


OBJECTIVE: -96
xxxx
#Result <fct_obj, tot_cst, tot_ldt, Emiss>: <-96 2.1453e+6 486 9.9999e+7>#TS:2145280.987589#CS:2143781#TaxCost:1499.987589#A:[0,2,22,22,21,16,17,8,17,15,9,11,15,10,12,7,13,11,15,10,14,12,11,12,5,8,8,10,5,8,8,6,9,12,8,9,9,9,5,6,5,5,9,8,4,6,6,3,3,4,6]#X:[0,1,1,1,1,1,0,0,0,0,0,0,0,0,0,0,0,0,0,0,0,0,0,0,0,0,0,0,0,0,0,0,0,0,0,0,0,0,0,0,0,0,0,0,0,0,0,1,1,0,1]#Z:[0,0,0,0,0,0,0,0,0,0,0,0,0,0,0,0,0,0,0,0,0,0,0,0,0,0,0,0,0,0,0,0,0,0,0,0,0,0,0,0,0,0,0,0,0,0,0,0,0,0,0,0,0,0,0,0,0,0,0,0,0,0,0,0,0,0,0,0,0,0,0,0,0,0,1,0,0,1,0,1,0,0,0,0,0,0,0,0,0,0,0,0,0,0,0,0,0,0,0,0,0,0,0,0,0,0,0,0,0,0,0,0,0,0,0,0,0,0,0,0,0,0,0,0,0,0,0,0,0,0,0,0,0,0,0,0,0,0,0,0,0,0,0,0,0,0,0,0,0,0,0,1,0,0,1,0,0,1,0,1,0,0,0,0,0,0,0,0,0,0,1,1,1,1,1,0,0,1,0,1,0,0,0,0,0,0,0,0,0,0,1,1,1,1,1,1,1,1,0,1,0,0,0,0,0,0,0,0,0,0,1,1,1,1,1,0,0,1,0,1,1,1,1,1,1,0,0,1,0,1,0,0,0,0,0,0,0,0,0,0,0,0,1,1,0,0,0,0,0,1,1,1,1,1,1,0,0,1,0,1,1,1,1,1,1,0,0,1,0,1,0,0,0,0,0,0,0,0,0,0,0,0,1,1,0,0,0,0,0,1,1,1,1,1,1,0,0,1,0,1,0,0,0,0,0,0,0,0,0,0,0,0,1,1,0,0,0,0,0,1,0,0,0,0,0,0,0,0,0,0,0,0,0,0,0,0,0,0,0,0,1,1,1,1,1,0,0,1,0,1,0,0,0,0,0,0,0,0,0,0,1,1,1,1,1,0,0,1,0,1,0,0,0,0,0,0,0,0,0,0,0,0,1,1,0,0,0,0,0,1,0,0,0,0,0,0,0,0,0,0,0,0,1,1,0,0,0,0,0,1,0,0,1,1,0,0,0,0,0,1,1,1,1,1,1,0,0,1,0,0,1,1,1,1,1,0,0,1,0,1,0,0,1,1,0,0,0,0,0,1,0,0,0,0,0,0,0,0,0,0,0,0,1,1,0,0,0,0,0,1,0,0,0,0,0,0,0,0,0,0,0,0,0,0,0,0,0,0,0,1,0,0,1,1,0,0,0,0,0,1,0,0,0,0,0,0,0,0,0,1]#Q:[0,0,0,0,0,0,0,0,0,0,0,0,0,0,0,0,0,0,0,0,0,0,0,0,0,0,0,0,0,0,0,0,0,0,0,0,0,0,0,0,0,0,0,0,0,0,0,0,0,0,0,0,0,0,0,0,0,0,0,0,0,0,0,0,0,0,0,0,0,0,0,0,0,0,1,0,0,38,0,1,0,0,0,0,0,0,0,0,0,0,0,0,0,0,0,0,0,0,0,0,0,0,0,0,0,0,0,0,0,0,0,0,0,0,0,0,0,0,0,0,0,0,0,0,0,0,0,0,0,0,0,0,0,0,0,0,0,0,0,0,0,0,0,0,0,0,0,0,0,0,0,1,0,0,1,0,0,37,0,1,0,0,0,0,0,0,0,0,0,0,1,1,1,1,1,0,0,114,0,1,0,0,0,0,0,0,0,0,0,0,1,1,1,1,1,1,1,12,0,1,0,0,0,0,0,0,0,0,0,0,1,1,1,1,1,0,0,114,0,1,1,1,1,1,1,0,0,74,0,1,0,0,0,0,0,0,0,0,0,0,0,0,1,1,0,0,0,0,0,58,1,1,1,1,1,0,0,34,0,1,1,1,1,1,1,0,0,54,0,1,0,0,0,0,0,0,0,0,0,0,0,0,1,1,0,0,0,0,0,318,1,1,1,1,1,0,0,114,0,1,0,0,0,0,0,0,0,0,0,0,0,0,1,1,0,0,0,0,0,178,0,0,0,0,0,0,0,0,0,0,0,0,0,0,0,0,0,0,0,0,1,1,1,1,1,0,0,74,0,1,0,0,0,0,0,0,0,0,0,0,1,1,1,1,2,0,0,153,0,1,0,0,0,0,0,0,0,0,0,0,0,0,1,1,0,0,0,0,0,118,0,0,0,0,0,0,0,0,0,0,0,0,1,1,0,0,0,0,0,1078,0,0,1,1,0,0,0,0,0,358,1,1,1,1,1,0,0,235,0,0,1,1,1,1,1,0,0,234,0,1,0,0,1,1,0,0,0,0,0,158,0,0,0,0,0,0,0,0,0,0,0,0,1,1,0,0,0,0,0,238,0,0,0,0,0,0,0,0,0,0,0,0,0,0,0,0,0,0,0,720,0,0,1,1,0,0,0,0,0,958,0,0,0,0,0,0,0,0,0,2160]#E: 99999172.599999994#Cap: 100000000#Tax: 15#STABILITY_ORIGINAL_OBJECTIVE:2145766.987589#STABILITY_SCORE:96#DELIVER:
S5=>P7
S8=>P7
S10=>P7
S2=>P15
S5=>P15
S8=>P15
S10=>P15
S1=>P17
S2=>P17
S3=>P17
S4=>P17
S5=>P17
S8=>P17
S10=>P17
S1=>P19
S2=>P19
S3=>P19
S4=>P19
S5=>P19
S6=>P19
S7=>P19
S8=>P19
S10=>P19
S1=>P21
S2=>P21
S3=>P21
S4=>P21
S5=>P21
S8=>P21
S10=>P21
S1=>P22
S2=>P22
S3=>P22
S4=>P22
S5=>P22
S8=>P22
S10=>P22
S3=>P24
S4=>P24
S10=>P24
S1=>P25
S2=>P25
S3=>P25
S4=>P25
S5=>P25
S8=>P25
S10=>P25
S1=>P26
S2=>P26
S3=>P26
S4=>P26
S5=>P26
S8=>P26
S10=>P26
S3=>P28
S4=>P28
S10=>P28
S1=>P29
S2=>P29
S3=>P29
S4=>P29
S5=>P29
S8=>P29
S10=>P29
S3=>P31
S4=>P31
S10=>P31
S1=>P34
S2=>P34
S3=>P34
S4=>P34
S5=>P34
S8=>P34
S10=>P34
S1=>P36
S2=>P36
S3=>P36
S4=>P36
S5=>P36
S8=>P36
S10=>P36
S3=>P38
S4=>P38
S10=>P38
S3=>P40
S4=>P40
S10=>P40
S3=>P41
S4=>P41
S10=>P41
S1=>P42
S2=>P42
S3=>P42
S4=>P42
S5=>P42
S8=>P42
S1=>P43
S2=>P43
S3=>P43
S4=>P43
S5=>P43
S8=>P43
S10=>P43
S3=>P44
S4=>P44
S10=>P44
S3=>P46
S4=>P46
S10=>P46
S10=>P48
S3=>P49
S4=>P49
S10=>P49
S10=>P50
xxxx

<<< post process


<<< done


)
