Array
(
    [CplexRunTime] => Total (root+branch&cut) =    2,67 sec
    [status] => OPTIMAL
    [termination_reason] => OPTIMAL
    [mip_gap] => 0
    [Result] => Array
        (
            [Objective] => -5212
            [TotalCost] => 1667100
            [LeadTime] => 600
            [Emissions] => 136180000
        )

    [TS] => 1667108.34396
    [CS] => 1653490
    [TaxCost] => 13618.34396
    [A] => Array
        (
            [0] => 0
            [1] => 2
            [2] => 26
            [3] => 22
            [4] => 21
            [5] => 20
            [6] => 21
            [7] => 12
            [8] => 21
            [9] => 15
            [10] => 13
            [11] => 15
            [12] => 15
            [13] => 14
            [14] => 16
            [15] => 11
            [16] => 17
            [17] => 15
            [18] => 19
            [19] => 8
            [20] => 18
            [21] => 12
            [22] => 11
            [23] => 12
            [24] => 9
            [25] => 12
            [26] => 8
            [27] => 10
            [28] => 9
            [29] => 12
            [30] => 12
            [31] => 10
            [32] => 13
            [33] => 16
            [34] => 8
            [35] => 13
            [36] => 9
            [37] => 9
            [38] => 5
            [39] => 9
            [40] => 10
            [41] => 9
            [42] => 13
            [43] => 12
            [44] => 8
            [45] => 6
            [46] => 6
            [47] => 3
            [48] => 3
            [49] => 4
            [50] => 6
        )

    [X] => Array
        (
            [0] => 0
            [1] => 1
            [2] => 1
            [3] => 1
            [4] => 1
            [5] => 1
            [6] => 0
            [7] => 0
            [8] => 0
            [9] => 0
            [10] => 0
            [11] => 0
            [12] => 0
            [13] => 0
            [14] => 0
            [15] => 0
            [16] => 0
            [17] => 0
            [18] => 0
            [19] => 0
            [20] => 0
            [21] => 0
            [22] => 0
            [23] => 0
            [24] => 0
            [25] => 0
            [26] => 0
            [27] => 0
            [28] => 0
            [29] => 0
            [30] => 0
            [31] => 0
            [32] => 0
            [33] => 0
            [34] => 0
            [35] => 0
            [36] => 0
            [37] => 0
            [38] => 0
            [39] => 0
            [40] => 0
            [41] => 0
            [42] => 0
            [43] => 0
            [44] => 0
            [45] => 0
            [46] => 0
            [47] => 0
            [48] => 0
            [49] => 0
            [50] => 1
        )

    [Z] => Array
        (
            [0] => 0
            [1] => 0
            [2] => 0
            [3] => 0
            [4] => 0
            [5] => 0
            [6] => 0
            [7] => 0
            [8] => 0
            [9] => 0
            [10] => 0
            [11] => 0
            [12] => 0
            [13] => 0
            [14] => 0
            [15] => 0
            [16] => 0
            [17] => 0
            [18] => 0
            [19] => 0
            [20] => 0
            [21] => 0
            [22] => 0
            [23] => 0
            [24] => 0
            [25] => 0
            [26] => 0
            [27] => 0
            [28] => 0
            [29] => 0
            [30] => 0
            [31] => 0
            [32] => 0
            [33] => 0
            [34] => 0
            [35] => 0
            [36] => 0
            [37] => 0
            [38] => 0
            [39] => 0
            [40] => 0
            [41] => 0
            [42] => 0
            [43] => 0
            [44] => 0
            [45] => 0
            [46] => 0
            [47] => 0
            [48] => 0
            [49] => 0
            [50] => 0
            [51] => 0
            [52] => 0
            [53] => 0
            [54] => 0
            [55] => 0
            [56] => 0
            [57] => 0
            [58] => 0
            [59] => 0
            [60] => 0
            [61] => 0
            [62] => 0
            [63] => 0
            [64] => 0
            [65] => 0
            [66] => 0
            [67] => 0
            [68] => 0
            [69] => 0
            [70] => 0
            [71] => 0
            [72] => 0
            [73] => 0
            [74] => 0
            [75] => 0
            [76] => 0
            [77] => 0
            [78] => 1
            [79] => 0
            [80] => 0
            [81] => 0
            [82] => 0
            [83] => 0
            [84] => 0
            [85] => 0
            [86] => 0
            [87] => 0
            [88] => 0
            [89] => 0
            [90] => 0
            [91] => 0
            [92] => 0
            [93] => 0
            [94] => 0
            [95] => 0
            [96] => 0
            [97] => 0
            [98] => 0
            [99] => 0
            [100] => 0
            [101] => 0
            [102] => 0
            [103] => 0
            [104] => 0
            [105] => 0
            [106] => 0
            [107] => 0
            [108] => 0
            [109] => 0
            [110] => 0
            [111] => 0
            [112] => 0
            [113] => 0
            [114] => 0
            [115] => 0
            [116] => 0
            [117] => 0
            [118] => 0
            [119] => 0
            [120] => 0
            [121] => 0
            [122] => 0
            [123] => 0
            [124] => 0
            [125] => 0
            [126] => 0
            [127] => 0
            [128] => 0
            [129] => 0
            [130] => 0
            [131] => 0
            [132] => 0
            [133] => 0
            [134] => 0
            [135] => 0
            [136] => 0
            [137] => 0
            [138] => 0
            [139] => 0
            [140] => 0
            [141] => 0
            [142] => 0
            [143] => 0
            [144] => 0
            [145] => 0
            [146] => 0
            [147] => 0
            [148] => 0
            [149] => 0
            [150] => 0
            [151] => 0
            [152] => 0
            [153] => 0
            [154] => 0
            [155] => 0
            [156] => 0
            [157] => 0
            [158] => 1
            [159] => 0
            [160] => 0
            [161] => 0
            [162] => 0
            [163] => 0
            [164] => 0
            [165] => 0
            [166] => 0
            [167] => 0
            [168] => 0
            [169] => 0
            [170] => 0
            [171] => 0
            [172] => 0
            [173] => 0
            [174] => 0
            [175] => 0
            [176] => 0
            [177] => 0
            [178] => 1
            [179] => 0
            [180] => 0
            [181] => 0
            [182] => 0
            [183] => 0
            [184] => 0
            [185] => 0
            [186] => 0
            [187] => 0
            [188] => 0
            [189] => 0
            [190] => 0
            [191] => 0
            [192] => 0
            [193] => 0
            [194] => 0
            [195] => 0
            [196] => 0
            [197] => 1
            [198] => 0
            [199] => 0
            [200] => 0
            [201] => 0
            [202] => 0
            [203] => 0
            [204] => 0
            [205] => 0
            [206] => 0
            [207] => 0
            [208] => 0
            [209] => 0
            [210] => 0
            [211] => 0
            [212] => 0
            [213] => 0
            [214] => 0
            [215] => 0
            [216] => 0
            [217] => 1
            [218] => 0
            [219] => 0
            [220] => 0
            [221] => 0
            [222] => 0
            [223] => 0
            [224] => 0
            [225] => 0
            [226] => 0
            [227] => 1
            [228] => 0
            [229] => 0
            [230] => 0
            [231] => 0
            [232] => 0
            [233] => 0
            [234] => 0
            [235] => 0
            [236] => 0
            [237] => 0
            [238] => 0
            [239] => 0
            [240] => 0
            [241] => 0
            [242] => 0
            [243] => 0
            [244] => 0
            [245] => 0
            [246] => 0
            [247] => 1
            [248] => 0
            [249] => 0
            [250] => 0
            [251] => 0
            [252] => 0
            [253] => 0
            [254] => 0
            [255] => 0
            [256] => 0
            [257] => 0
            [258] => 1
            [259] => 0
            [260] => 0
            [261] => 0
            [262] => 0
            [263] => 0
            [264] => 0
            [265] => 0
            [266] => 0
            [267] => 1
            [268] => 0
            [269] => 0
            [270] => 0
            [271] => 0
            [272] => 0
            [273] => 0
            [274] => 0
            [275] => 0
            [276] => 0
            [277] => 0
            [278] => 0
            [279] => 0
            [280] => 0
            [281] => 0
            [282] => 0
            [283] => 0
            [284] => 0
            [285] => 0
            [286] => 0
            [287] => 1
            [288] => 0
            [289] => 0
            [290] => 0
            [291] => 0
            [292] => 0
            [293] => 0
            [294] => 0
            [295] => 0
            [296] => 0
            [297] => 0
            [298] => 1
            [299] => 0
            [300] => 0
            [301] => 0
            [302] => 0
            [303] => 0
            [304] => 0
            [305] => 0
            [306] => 0
            [307] => 0
            [308] => 0
            [309] => 0
            [310] => 0
            [311] => 0
            [312] => 0
            [313] => 0
            [314] => 0
            [315] => 0
            [316] => 0
            [317] => 1
            [318] => 0
            [319] => 0
            [320] => 0
            [321] => 0
            [322] => 0
            [323] => 0
            [324] => 0
            [325] => 0
            [326] => 0
            [327] => 0
            [328] => 0
            [329] => 0
            [330] => 0
            [331] => 0
            [332] => 0
            [333] => 0
            [334] => 0
            [335] => 0
            [336] => 0
            [337] => 0
            [338] => 0
            [339] => 0
            [340] => 0
            [341] => 0
            [342] => 0
            [343] => 0
            [344] => 0
            [345] => 0
            [346] => 0
            [347] => 1
            [348] => 0
            [349] => 0
            [350] => 0
            [351] => 0
            [352] => 0
            [353] => 0
            [354] => 0
            [355] => 0
            [356] => 0
            [357] => 0
            [358] => 0
            [359] => 0
            [360] => 0
            [361] => 0
            [362] => 0
            [363] => 0
            [364] => 0
            [365] => 0
            [366] => 0
            [367] => 1
            [368] => 0
            [369] => 0
            [370] => 0
            [371] => 0
            [372] => 0
            [373] => 0
            [374] => 0
            [375] => 0
            [376] => 0
            [377] => 0
            [378] => 0
            [379] => 0
            [380] => 0
            [381] => 0
            [382] => 0
            [383] => 0
            [384] => 0
            [385] => 0
            [386] => 0
            [387] => 0
            [388] => 0
            [389] => 1
            [390] => 0
            [391] => 0
            [392] => 0
            [393] => 0
            [394] => 0
            [395] => 0
            [396] => 0
            [397] => 0
            [398] => 0
            [399] => 0
            [400] => 0
            [401] => 0
            [402] => 0
            [403] => 0
            [404] => 0
            [405] => 1
            [406] => 0
            [407] => 1
            [408] => 0
            [409] => 0
            [410] => 0
            [411] => 0
            [412] => 0
            [413] => 0
            [414] => 0
            [415] => 0
            [416] => 0
            [417] => 1
            [418] => 0
            [419] => 0
            [420] => 0
            [421] => 0
            [422] => 0
            [423] => 0
            [424] => 0
            [425] => 0
            [426] => 0
            [427] => 0
            [428] => 1
            [429] => 0
            [430] => 0
            [431] => 0
            [432] => 0
            [433] => 0
            [434] => 0
            [435] => 0
            [436] => 0
            [437] => 0
            [438] => 1
            [439] => 0
            [440] => 0
            [441] => 0
            [442] => 0
            [443] => 0
            [444] => 0
            [445] => 0
            [446] => 0
            [447] => 1
            [448] => 0
            [449] => 0
            [450] => 0
            [451] => 0
            [452] => 0
            [453] => 0
            [454] => 0
            [455] => 0
            [456] => 0
            [457] => 0
            [458] => 0
            [459] => 0
            [460] => 0
            [461] => 0
            [462] => 0
            [463] => 0
            [464] => 0
            [465] => 0
            [466] => 0
            [467] => 0
            [468] => 0
            [469] => 1
            [470] => 0
            [471] => 0
            [472] => 0
            [473] => 0
            [474] => 0
            [475] => 0
            [476] => 0
            [477] => 0
            [478] => 0
            [479] => 0
            [480] => 0
            [481] => 0
            [482] => 0
            [483] => 0
            [484] => 0
            [485] => 0
            [486] => 0
            [487] => 0
            [488] => 0
            [489] => 1
            [490] => 0
            [491] => 0
            [492] => 1
            [493] => 1
            [494] => 0
            [495] => 0
            [496] => 0
            [497] => 0
            [498] => 0
            [499] => 1
            [500] => 0
            [501] => 0
            [502] => 0
            [503] => 0
            [504] => 0
            [505] => 0
            [506] => 0
            [507] => 0
            [508] => 0
            [509] => 1
        )

    [Q] => Array
        (
            [0] => 0
            [1] => 0
            [2] => 0
            [3] => 0
            [4] => 0
            [5] => 0
            [6] => 0
            [7] => 0
            [8] => 0
            [9] => 0
            [10] => 0
            [11] => 0
            [12] => 0
            [13] => 0
            [14] => 0
            [15] => 0
            [16] => 0
            [17] => 0
            [18] => 0
            [19] => 0
            [20] => 0
            [21] => 0
            [22] => 0
            [23] => 0
            [24] => 0
            [25] => 0
            [26] => 0
            [27] => 0
            [28] => 0
            [29] => 0
            [30] => 0
            [31] => 0
            [32] => 0
            [33] => 0
            [34] => 0
            [35] => 0
            [36] => 0
            [37] => 0
            [38] => 0
            [39] => 0
            [40] => 0
            [41] => 0
            [42] => 0
            [43] => 0
            [44] => 0
            [45] => 0
            [46] => 0
            [47] => 0
            [48] => 0
            [49] => 0
            [50] => 0
            [51] => 0
            [52] => 0
            [53] => 0
            [54] => 0
            [55] => 0
            [56] => 0
            [57] => 0
            [58] => 0
            [59] => 0
            [60] => 0
            [61] => 0
            [62] => 0
            [63] => 0
            [64] => 0
            [65] => 0
            [66] => 0
            [67] => 0
            [68] => 0
            [69] => 0
            [70] => 0
            [71] => 0
            [72] => 0
            [73] => 0
            [74] => 0
            [75] => 0
            [76] => 0
            [77] => 0
            [78] => 40
            [79] => 0
            [80] => 0
            [81] => 0
            [82] => 0
            [83] => 0
            [84] => 0
            [85] => 0
            [86] => 0
            [87] => 0
            [88] => 0
            [89] => 0
            [90] => 0
            [91] => 0
            [92] => 0
            [93] => 0
            [94] => 0
            [95] => 0
            [96] => 0
            [97] => 0
            [98] => 0
            [99] => 0
            [100] => 0
            [101] => 0
            [102] => 0
            [103] => 0
            [104] => 0
            [105] => 0
            [106] => 0
            [107] => 0
            [108] => 0
            [109] => 0
            [110] => 0
            [111] => 0
            [112] => 0
            [113] => 0
            [114] => 0
            [115] => 0
            [116] => 0
            [117] => 0
            [118] => 0
            [119] => 0
            [120] => 0
            [121] => 0
            [122] => 0
            [123] => 0
            [124] => 0
            [125] => 0
            [126] => 0
            [127] => 0
            [128] => 0
            [129] => 0
            [130] => 0
            [131] => 0
            [132] => 0
            [133] => 0
            [134] => 0
            [135] => 0
            [136] => 0
            [137] => 0
            [138] => 0
            [139] => 0
            [140] => 0
            [141] => 0
            [142] => 0
            [143] => 0
            [144] => 0
            [145] => 0
            [146] => 0
            [147] => 0
            [148] => 0
            [149] => 0
            [150] => 0
            [151] => 0
            [152] => 0
            [153] => 0
            [154] => 0
            [155] => 0
            [156] => 0
            [157] => 0
            [158] => 40
            [159] => 0
            [160] => 0
            [161] => 0
            [162] => 0
            [163] => 0
            [164] => 0
            [165] => 0
            [166] => 0
            [167] => 0
            [168] => 0
            [169] => 0
            [170] => 0
            [171] => 0
            [172] => 0
            [173] => 0
            [174] => 0
            [175] => 0
            [176] => 0
            [177] => 0
            [178] => 120
            [179] => 0
            [180] => 0
            [181] => 0
            [182] => 0
            [183] => 0
            [184] => 0
            [185] => 0
            [186] => 0
            [187] => 0
            [188] => 0
            [189] => 0
            [190] => 0
            [191] => 0
            [192] => 0
            [193] => 0
            [194] => 0
            [195] => 0
            [196] => 0
            [197] => 20
            [198] => 0
            [199] => 0
            [200] => 0
            [201] => 0
            [202] => 0
            [203] => 0
            [204] => 0
            [205] => 0
            [206] => 0
            [207] => 0
            [208] => 0
            [209] => 0
            [210] => 0
            [211] => 0
            [212] => 0
            [213] => 0
            [214] => 0
            [215] => 0
            [216] => 0
            [217] => 120
            [218] => 0
            [219] => 0
            [220] => 0
            [221] => 0
            [222] => 0
            [223] => 0
            [224] => 0
            [225] => 0
            [226] => 0
            [227] => 80
            [228] => 0
            [229] => 0
            [230] => 0
            [231] => 0
            [232] => 0
            [233] => 0
            [234] => 0
            [235] => 0
            [236] => 0
            [237] => 0
            [238] => 0
            [239] => 0
            [240] => 0
            [241] => 0
            [242] => 0
            [243] => 0
            [244] => 0
            [245] => 0
            [246] => 0
            [247] => 60
            [248] => 0
            [249] => 0
            [250] => 0
            [251] => 0
            [252] => 0
            [253] => 0
            [254] => 0
            [255] => 0
            [256] => 0
            [257] => 0
            [258] => 40
            [259] => 0
            [260] => 0
            [261] => 0
            [262] => 0
            [263] => 0
            [264] => 0
            [265] => 0
            [266] => 0
            [267] => 60
            [268] => 0
            [269] => 0
            [270] => 0
            [271] => 0
            [272] => 0
            [273] => 0
            [274] => 0
            [275] => 0
            [276] => 0
            [277] => 0
            [278] => 0
            [279] => 0
            [280] => 0
            [281] => 0
            [282] => 0
            [283] => 0
            [284] => 0
            [285] => 0
            [286] => 0
            [287] => 320
            [288] => 0
            [289] => 0
            [290] => 0
            [291] => 0
            [292] => 0
            [293] => 0
            [294] => 0
            [295] => 0
            [296] => 0
            [297] => 0
            [298] => 120
            [299] => 0
            [300] => 0
            [301] => 0
            [302] => 0
            [303] => 0
            [304] => 0
            [305] => 0
            [306] => 0
            [307] => 0
            [308] => 0
            [309] => 0
            [310] => 0
            [311] => 0
            [312] => 0
            [313] => 0
            [314] => 0
            [315] => 0
            [316] => 0
            [317] => 180
            [318] => 0
            [319] => 0
            [320] => 0
            [321] => 0
            [322] => 0
            [323] => 0
            [324] => 0
            [325] => 0
            [326] => 0
            [327] => 0
            [328] => 0
            [329] => 0
            [330] => 0
            [331] => 0
            [332] => 0
            [333] => 0
            [334] => 0
            [335] => 0
            [336] => 0
            [337] => 0
            [338] => 0
            [339] => 0
            [340] => 0
            [341] => 0
            [342] => 0
            [343] => 0
            [344] => 0
            [345] => 0
            [346] => 0
            [347] => 80
            [348] => 0
            [349] => 0
            [350] => 0
            [351] => 0
            [352] => 0
            [353] => 0
            [354] => 0
            [355] => 0
            [356] => 0
            [357] => 0
            [358] => 0
            [359] => 0
            [360] => 0
            [361] => 0
            [362] => 0
            [363] => 0
            [364] => 0
            [365] => 0
            [366] => 0
            [367] => 160
            [368] => 0
            [369] => 0
            [370] => 0
            [371] => 0
            [372] => 0
            [373] => 0
            [374] => 0
            [375] => 0
            [376] => 0
            [377] => 0
            [378] => 0
            [379] => 0
            [380] => 0
            [381] => 0
            [382] => 0
            [383] => 0
            [384] => 0
            [385] => 0
            [386] => 0
            [387] => 0
            [388] => 0
            [389] => 120
            [390] => 0
            [391] => 0
            [392] => 0
            [393] => 0
            [394] => 0
            [395] => 0
            [396] => 0
            [397] => 0
            [398] => 0
            [399] => 0
            [400] => 0
            [401] => 0
            [402] => 0
            [403] => 0
            [404] => 0
            [405] => 380
            [406] => 0
            [407] => 700
            [408] => 0
            [409] => 0
            [410] => 0
            [411] => 0
            [412] => 0
            [413] => 0
            [414] => 0
            [415] => 0
            [416] => 0
            [417] => 360
            [418] => 0
            [419] => 0
            [420] => 0
            [421] => 0
            [422] => 0
            [423] => 0
            [424] => 0
            [425] => 0
            [426] => 0
            [427] => 0
            [428] => 240
            [429] => 0
            [430] => 0
            [431] => 0
            [432] => 0
            [433] => 0
            [434] => 0
            [435] => 0
            [436] => 0
            [437] => 0
            [438] => 240
            [439] => 0
            [440] => 0
            [441] => 0
            [442] => 0
            [443] => 0
            [444] => 0
            [445] => 0
            [446] => 0
            [447] => 160
            [448] => 0
            [449] => 0
            [450] => 0
            [451] => 0
            [452] => 0
            [453] => 0
            [454] => 0
            [455] => 0
            [456] => 0
            [457] => 0
            [458] => 0
            [459] => 0
            [460] => 0
            [461] => 0
            [462] => 0
            [463] => 0
            [464] => 0
            [465] => 0
            [466] => 0
            [467] => 0
            [468] => 0
            [469] => 240
            [470] => 0
            [471] => 0
            [472] => 0
            [473] => 0
            [474] => 0
            [475] => 0
            [476] => 0
            [477] => 0
            [478] => 0
            [479] => 0
            [480] => 0
            [481] => 0
            [482] => 0
            [483] => 0
            [484] => 0
            [485] => 0
            [486] => 0
            [487] => 0
            [488] => 0
            [489] => 720
            [490] => 0
            [491] => 0
            [492] => 346
            [493] => 480
            [494] => 0
            [495] => 0
            [496] => 0
            [497] => 0
            [498] => 0
            [499] => 134
            [500] => 0
            [501] => 0
            [502] => 0
            [503] => 0
            [504] => 0
            [505] => 0
            [506] => 0
            [507] => 0
            [508] => 0
            [509] => 2160
        )

    [E] => 136183439.6
    [Cap] => 136203661.3
    [Tax] => 100
    [STABILITY_ORIGINAL_OBJECTIVE] => 1667708.34396
    [STABILITY_SCORE] => 5212
    [DELIVER] => Array
        (
            [0] => S9=>P7
            [1] => S9=>P15
            [2] => S9=>P17
            [3] => S8=>P19
            [4] => S8=>P21
            [5] => S8=>P22
            [6] => S8=>P24
            [7] => S9=>P25
            [8] => S8=>P26
            [9] => S8=>P28
            [10] => S9=>P29
            [11] => S8=>P31
            [12] => S8=>P34
            [13] => S8=>P36
            [14] => S10=>P38
            [15] => S6=>P40
            [16] => S8=>P40
            [17] => S8=>P41
            [18] => S9=>P42
            [19] => S9=>P43
            [20] => S8=>P44
            [21] => S10=>P46
            [22] => S10=>P48
            [23] => S3=>P49
            [24] => S4=>P49
            [25] => S10=>P49
            [26] => S10=>P50
        )

    [_raw_output] => 
<<< setup

0 0 -1 0 1 0,25 0,5 0,8 1 0 0 0 0 13
1 2 0 5000 1 0,25 0,5 0,8 1 0 10000 1000 1500 13
2 5 1 900 1 0,25 0,5 0,8 1 0 9486 948,6 1500 13
3 7 1 890 1 0,25 0,5 0,8 1 0 8704 870,4 1500 13
4 6 1 910 1 0,25 0,5 0,8 1 0 8059 805,9 1500 13
5 4 1 860 2 0,25 0,5 0,8 1 0 7962 796,2 1500 13
6 4 2 880 3 0,25 0,5 0,8 1 0 7861 786,1 1500 13
7 3 2 800 2 0,25 0,5 0,8 1 0 7628 762,8 1500 13
8 3 2 780 1 0,25 0,5 0,8 1 0 7050 705 1500 13
9 3 3 790 2 0,25 0,5 0,8 1 0 6976 697,6 1500 13
10 4 3 750 3 0,25 0,5 0,8 1 0 6291 629,1 1500 13
11 3 4 690 2 0,25 0,5 0,8 1 0 6234 623,4 1500 13
12 5 4 660 3 0,25 0,5 0,8 1 0 6199 619,9 1500 13
13 5 5 600 8 0,25 0,5 0,5 1 0 6088 608,8 1500 13
14 4 5 640 6 0,25 0,5 0,5 1 0 5680 568 1500 13
15 2 5 700 2 0,25 0,5 0,5 1 0 5673 567,3 1500 13
16 4 6 660 9 0,25 0,5 0,5 1 0 5507 550,7 1500 13
17 6 6 580 6 0,25 0,5 0,5 1 0 5360 536 1500 13
18 3 67 550 2 0,25 0,5 0,5 1 0 5290 529 1500 13
19 3 8 570 1 0,25 0,5 0,5 1 0 5168 516,8 1500 13
20 5 8 600 2 0,25 0,5 0,5 1 0 4944 494,4 1500 13
21 7 9 540 6 0,25 0,5 0,5 1 0 4747 474,7 1500 13
22 6 9 510 4 0,25 0,5 0,5 1 0 4417 441,7 1500 13
23 3 9 590 4 0,25 0,5 0,5 1 0 4033 403,3 1500 13
24 4 10 400 3 0,25 0,5 0,5 1 0 3891 389,1 1500 13
25 3 11 490 2 0,25 0,5 0,5 1 0 3601 360,1 1500 13
26 3 12 480 3 0,25 0,5 0,5 1 0 3279 327,9 1500 13
27 5 12 520 6 0,25 0,5 0,5 1 0 3175 317,5 1500 13
28 4 13 400 16 0,25 0,5 0,5 1 0 2984 298,4 1500 13
29 3 14 480 6 0,25 0,5 0,5 1 0 2866 286,6 1500 13
30 2 14 490 18 0,25 0,5 0,5 1 0 2606 260,6 1500 13
31 5 16 460 9 0,25 0,5 0,5 1 0 2427 242,7 1500 13
32 4 16 500 9 0,25 0,5 0,5 1 0 2231 223,1 1500 13
33 3 18 470 6 0,25 0,5 0,5 1 0 2091 209,1 1500 13
34 3 18 300 4 0,25 0,5 0,5 1 0 1993 199,3 1500 13
35 5 20 380 4 0,25 0,5 0,5 1 0 1837 183,7 1500 13
36 4 23 330 8 0,25 0,5 0,5 1 0 1683 168,3 1500 13
37 3 23 340 12 0,25 0,5 0,5 1 0 1682 168,2 1500 13
38 4 27 350 6 0,25 0,5 0,5 1 0 1589 158,9 1500 13
39 6 30 360 18 0,25 0,5 0,5 1 0 1439 143,9 1500 13
40 4 30 310 54 0,25 0,5 0,5 1 0 1404 140,4 1500 13
41 4 32 330 18 0,25 0,5 0,5 1 0 1265 126,5 1500 13
42 4 33 290 12 0,25 0,5 0,5 1 0 1153 115,3 1500 13
43 3 33 270 12 0,25 0,5 0,5 1 0 1138 113,8 1500 13
44 3 35 260 8 0,25 0,5 0,5 1 0 1094 109,4 1500 13
45 2 37 270 12 0,25 0,5 0,5 1 0 997 99,7 1500 13
46 5 37 270 12 0,25 0,5 0,5 1 0 964 96,4 1500 13
47 3 39 100 54 0,25 0,5 0,5 1 0 917 91,7 1500 13
48 2 39 110 36 0,25 0,5 0,5 1 0 833 83,3 1500 13
49 3 45 50 48 0,25 0,5 0,5 1 0 753 75,3 1500 13
50 5 47 30 108 0,25 0,5 0,5 1 0 723 72,3 1500 13
Node nums: [0 1 2 3 4 5 6 7 8 9 10 11 12 13 14 15 16 17 18 19 20 21 22 23 24 25 26 27
     28 29 30 31 32 33 34 35 36 37 38 39 40 41 42 43 44 45 46 47 48 49 50]
xx-Data uploaded-xx
	**** start init su array ...
0 [0 0 0 0 0 0 0 0 0 0]
1 [0 0 0 0 0 0 0 0 0 0]
2 [0 0 0 0 0 0 0 0 0 0]
3 [0 0 0 0 0 0 0 0 0 0]
4 [0 0 0 0 0 0 0 0 0 0]
5 [0 0 0 0 0 0 0 0 0 0]
6 [0 0 0 0 0 0 0 0 0 0]
7 [1 1 1 1 1 1 1 1 1 1]
8 [0 0 0 0 0 0 0 0 0 0]
9 [0 0 0 0 0 0 0 0 0 0]
10 [0 0 0 0 0 0 0 0 0 0]
11 [0 0 0 0 0 0 0 0 0 0]
12 [0 0 0 0 0 0 0 0 0 0]
13 [0 0 0 0 0 0 0 0 0 0]
14 [0 0 0 0 0 0 0 0 0 0]
15 [1 1 1 1 1 1 1 1 1 1]
16 [0 0 0 0 0 0 0 0 0 0]
17 [1 1 1 1 1 1 1 1 1 1]
18 [0 0 0 0 0 0 0 0 0 0]
19 [1 1 1 1 1 1 1 1 1 1]
20 [0 0 0 0 0 0 0 0 0 0]
21 [1 1 1 1 1 1 1 1 1 1]
22 [1 1 1 1 1 1 1 1 1 1]
23 [0 0 0 0 0 0 0 0 0 0]
24 [1 1 1 1 1 1 1 1 1 1]
25 [1 1 1 1 1 1 1 1 1 1]
26 [1 1 1 1 1 1 1 1 1 1]
27 [0 0 0 0 0 0 0 0 0 0]
28 [1 1 1 1 1 1 1 1 1 1]
29 [1 1 1 1 1 1 1 1 1 1]
30 [0 0 0 0 0 0 0 0 0 0]
31 [1 1 1 1 1 1 1 1 1 1]
32 [0 0 0 0 0 0 0 0 0 0]
33 [0 0 0 0 0 0 0 0 0 0]
34 [1 1 1 1 1 1 1 1 1 1]
35 [1 1 1 1 1 1 1 1 1 1]
36 [1 1 1 1 1 1 1 1 1 1]
37 [0 0 0 0 0 0 0 0 0 0]
38 [1 1 1 1 1 1 1 1 1 1]
39 [0 0 0 0 0 0 0 0 0 0]
40 [1 1 1 1 1 1 1 1 1 1]
41 [1 1 1 1 1 1 1 1 1 1]
42 [1 1 1 1 1 1 1 1 1 1]
43 [1 1 1 1 1 1 1 1 1 1]
44 [1 1 1 1 1 1 1 1 1 1]
45 [0 0 0 0 0 0 0 0 0 0]
46 [1 1 1 1 1 1 1 1 1 1]
47 [0 0 0 0 0 0 0 0 0 0]
48 [1 1 1 1 1 1 1 1 1 1]
49 [1 1 1 1 1 1 1 1 1 1]
50 [1 1 1 1 1 1 1 1 1 1]
	**** end init su array ...
1 2 1 700 80 0.85 0.92 0.8 (9)9
2 2 0.9 800 75 0.82 0.90 0.9 (9)9
3 1 1.1 680 90 0.88 0.95 0.5 (9)9
4 1 1 480 100 0.86 0.93 0.6 (9)9
5 5 0.6 550 40 0.72 0.78 1.5 (9)9
6 6 0.5 650 45 0.70 0.75 2.0 (9)9
7 7 0.5 1100 40 0.68 0.72 2.5 (9)9
8 5 0.3 700 30 0.65 0.70 1.8 (9)9
9 9 0.2 1700 15 0.60 0.65 3.5 (9)9
10 1 0.8 5800 40 0.80 0.88 0.7 (9)9

<<< generate

Version identifier: 20.1.0.0 | 2020-11-10 | 9bedb6d68
CPXPARAM_TimeLimit                               300
Tried aggregator 2 times.
MIP Presolve eliminated 15782 rows and 813 columns.
MIP Presolve modified 1600 coefficients.
Aggregator did 2 substitutions.
Reduced MIP has 2946 rows, 1888 columns, and 8079 nonzeros.
Reduced MIP has 799 binaries, 1089 generals, 0 SOSs, and 0 indicators.
Presolve time = 0,02 sec. (19,52 ticks)
Probing fixed 0 vars, tightened 1044 bounds.
Probing time = 0,00 sec. (4,92 ticks)
Cover probing fixed 0 vars, tightened 24 bounds.
Tried aggregator 3 times.
MIP Presolve eliminated 1090 rows and 779 columns.
MIP Presolve modified 1920 coefficients.
Aggregator did 241 substitutions.
Reduced MIP has 1615 rows, 868 columns, and 4955 nonzeros.
Reduced MIP has 290 binaries, 578 generals, 0 SOSs, and 0 indicators.
Presolve time = 0,00 sec. (8,24 ticks)
Probing fixed 0 vars, tightened 50 bounds.
Probing time = 0,00 sec. (1,83 ticks)
Tried aggregator 1 time.
Detecting symmetries...
MIP Presolve modified 122 coefficients.
Reduced MIP has 1615 rows, 868 columns, and 4955 nonzeros.
Reduced MIP has 290 binaries, 578 generals, 0 SOSs, and 0 indicators.
Presolve time = 0,00 sec. (3,40 ticks)
Probing time = 0,00 sec. (1,82 ticks)
Clique table members: 1.
MIP emphasis: balance optimality and feasibility.
MIP search method: dynamic search.
Parallel mode: deterministic, using up to 20 threads.
Root relaxation solution time = 0,00 sec. (8,78 ticks)

        Nodes                                         Cuts/
   Node  Left     Objective  IInf  Best Integer    Best Bound    ItCnt     Gap

      0     0   -15440,0000   105                 -15440,0000      292         
      0     0   -15440,0000    83                    Cuts: 39      319         
      0     0   -15440,0000   158                    Cuts: 55      434         
      0     0   -15440,0000   141                    Cuts: 24      510         
      0     0   -15440,0000   166                    Cuts: 32      615         
Detecting symmetries...
      0     2   -15440,0000   120                 -15440,0000      615         
Elapsed time = 0,27 sec. (264,49 ticks, tree = 0,02 MB, solutions = 0)
   1993  1105   -11877,8835   158                 -15440,0000    65431         
*  3796+ 1825                        -3918,0000   -15085,9441           285,04%
   4962  2132   -13627,5487   167    -3918,0000   -14703,2248   151833  275,27%
*  5464+ 2286                        -4110,0000   -14689,1613           257,40%

Performing restart 1

Repeating presolve.
Tried aggregator 1 time.
MIP Presolve modified 729 coefficients.
Reduced MIP has 1615 rows, 868 columns, and 4955 nonzeros.
Reduced MIP has 290 binaries, 578 generals, 0 SOSs, and 0 indicators.
Presolve time = 0,00 sec. (2,71 ticks)
Tried aggregator 1 time.
MIP Presolve eliminated 12 rows and 6 columns.
MIP Presolve modified 62 coefficients.
Reduced MIP has 1603 rows, 862 columns, and 4919 nonzeros.
Reduced MIP has 290 binaries, 572 generals, 0 SOSs, and 0 indicators.
Presolve time = 0,00 sec. (3,47 ticks)
Represolve time = 0,01 sec. (10,62 ticks)
*  7178+    0                        -4494,0000   -13639,2798           203,50%
   7178     0   -15299,7648   224    -4494,0000      Cuts: 82   236841  203,50%
   7178     0   -14988,0526   231    -4494,0000     Cuts: 108   236945  203,50%
   7178     0   -14311,7258   249    -4494,0000     Cuts: 130   237045  203,50%
   7178     0   -13859,6331   235    -4494,0000     Cuts: 112   237170  203,50%
   7178     0   -13666,2258   220    -4494,0000     Cuts: 107   237269  199,10%
   7178     0   -13227,4052   205    -4494,0000     Cuts: 105   237394  194,33%
   7178     0   -12916,2618   209    -4494,0000     Cuts: 119   237513  187,41%
   7178     0   -12791,2167   221    -4494,0000      Cuts: 91   237596  160,61%
   7178     0   -12380,2005   262    -4494,0000     Cuts: 110   237734  160,61%
   7178     0   -12105,9071   236    -4494,0000     Cuts: 143   237817  160,61%
   7178     0   -12008,5755   261    -4494,0000     Cuts: 160   237947  160,61%
   7178     0   -11771,6599   264    -4494,0000     Cuts: 142   238044  160,61%
   7178     0   -11674,5539   278    -4494,0000     Cuts: 127   238143  159,78%
*  7178+    0                        -4496,0000   -11674,5539           159,67%
   7178     0   -11547,5990   255    -4496,0000     Cuts: 142   238219  156,84%
   7178     0   -11348,1838   259    -4496,0000     Cuts: 115   238311  152,41%
   7178     0   -11301,8110   277    -4496,0000      Cuts: 92   238375  151,37%
   7178     0   -11269,8697   272    -4496,0000      Cuts: 96   238440  150,66%
   7178     0   -11254,5600   271    -4496,0000      Cuts: 85   238510  150,32%
   7178     0   -11180,9630   271    -4496,0000     Cuts: 108   238586  148,69%
   7178     0   -11113,0667   279    -4496,0000      Cuts: 79   238661  147,18%
   7178     0   -11093,1724   273    -4496,0000      Cuts: 80   238707  117,75%
   7178     0   -11017,3957   267    -4496,0000      Cuts: 55   238755  117,75%
   7178     0   -10869,5808   268    -4496,0000      Cuts: 75   238838  117,75%
   7178     0   -10838,1198   266    -4496,0000      Cuts: 77   238912  103,32%
   7178     2   -10838,1198   266    -4496,0000    -9141,3494   238912  103,32%
   7188     3    -9742,9767   251    -4496,0000    -9141,3494   239435  103,32%
   7330    31    -5582,4983   138    -4496,0000    -7953,6570   244276   76,91%
*  7556+   18                        -5142,0000    -7333,1918            42,61%
*  7763+   30                        -5192,0000    -6266,9583            20,70%
*  7770+   22                        -5196,0000    -6266,9583            20,61%
*  7785+   25                        -5204,0000    -6266,9583            20,43%
*  7816+   16                        -5208,0000    -6266,9583            20,33%
*  7851+    7                        -5212,0000    -5311,0776             1,90%

Cover cuts applied:  1
Implied bound cuts applied:  35
Flow cuts applied:  54
Mixed integer rounding cuts applied:  177
Zero-half cuts applied:  10
Lift and project cuts applied:  2
Gomory fractional cuts applied:  42

Root node processing (before b&c):
  Real time             =    0,25 sec. (264,14 ticks)
Parallel b&c, 20 threads:
  Real time             =    2,42 sec. (2488,85 ticks)
  Sync time (average)   =    0,60 sec.
  Wait time (average)   =    0,01 sec.
                          ------------
Total (root+branch&cut) =    2,67 sec. (2752,99 ticks)

<<< solve


OBJECTIVE: -5212
xxxx
#Result <fct_obj, tot_cst, tot_ldt, Emiss>: <-5212 1.6671e+6 600 1.3618e+8>#TS:1667108.34396#CS:1653490#TaxCost:13618.34396#A:[0,2,26,22,21,20,21,12,21,15,13,15,15,14,16,11,17,15,19,8,18,12,11,12,9,12,8,10,9,12,12,10,13,16,8,13,9,9,5,9,10,9,13,12,8,6,6,3,3,4,6]#X:[0,1,1,1,1,1,0,0,0,0,0,0,0,0,0,0,0,0,0,0,0,0,0,0,0,0,0,0,0,0,0,0,0,0,0,0,0,0,0,0,0,0,0,0,0,0,0,0,0,0,1]#Z:[0,0,0,0,0,0,0,0,0,0,0,0,0,0,0,0,0,0,0,0,0,0,0,0,0,0,0,0,0,0,0,0,0,0,0,0,0,0,0,0,0,0,0,0,0,0,0,0,0,0,0,0,0,0,0,0,0,0,0,0,0,0,0,0,0,0,0,0,0,0,0,0,0,0,0,0,0,0,1,0,0,0,0,0,0,0,0,0,0,0,0,0,0,0,0,0,0,0,0,0,0,0,0,0,0,0,0,0,0,0,0,0,0,0,0,0,0,0,0,0,0,0,0,0,0,0,0,0,0,0,0,0,0,0,0,0,0,0,0,0,0,0,0,0,0,0,0,0,0,0,0,0,0,0,0,0,0,0,1,0,0,0,0,0,0,0,0,0,0,0,0,0,0,0,0,0,0,0,1,0,0,0,0,0,0,0,0,0,0,0,0,0,0,0,0,0,0,1,0,0,0,0,0,0,0,0,0,0,0,0,0,0,0,0,0,0,0,1,0,0,0,0,0,0,0,0,0,1,0,0,0,0,0,0,0,0,0,0,0,0,0,0,0,0,0,0,0,1,0,0,0,0,0,0,0,0,0,0,1,0,0,0,0,0,0,0,0,1,0,0,0,0,0,0,0,0,0,0,0,0,0,0,0,0,0,0,0,1,0,0,0,0,0,0,0,0,0,0,1,0,0,0,0,0,0,0,0,0,0,0,0,0,0,0,0,0,0,1,0,0,0,0,0,0,0,0,0,0,0,0,0,0,0,0,0,0,0,0,0,0,0,0,0,0,0,0,0,1,0,0,0,0,0,0,0,0,0,0,0,0,0,0,0,0,0,0,0,1,0,0,0,0,0,0,0,0,0,0,0,0,0,0,0,0,0,0,0,0,0,1,0,0,0,0,0,0,0,0,0,0,0,0,0,0,0,1,0,1,0,0,0,0,0,0,0,0,0,1,0,0,0,0,0,0,0,0,0,0,1,0,0,0,0,0,0,0,0,0,1,0,0,0,0,0,0,0,0,1,0,0,0,0,0,0,0,0,0,0,0,0,0,0,0,0,0,0,0,0,0,1,0,0,0,0,0,0,0,0,0,0,0,0,0,0,0,0,0,0,0,1,0,0,1,1,0,0,0,0,0,1,0,0,0,0,0,0,0,0,0,1]#Q:[0,0,0,0,0,0,0,0,0,0,0,0,0,0,0,0,0,0,0,0,0,0,0,0,0,0,0,0,0,0,0,0,0,0,0,0,0,0,0,0,0,0,0,0,0,0,0,0,0,0,0,0,0,0,0,0,0,0,0,0,0,0,0,0,0,0,0,0,0,0,0,0,0,0,0,0,0,0,40,0,0,0,0,0,0,0,0,0,0,0,0,0,0,0,0,0,0,0,0,0,0,0,0,0,0,0,0,0,0,0,0,0,0,0,0,0,0,0,0,0,0,0,0,0,0,0,0,0,0,0,0,0,0,0,0,0,0,0,0,0,0,0,0,0,0,0,0,0,0,0,0,0,0,0,0,0,0,0,40,0,0,0,0,0,0,0,0,0,0,0,0,0,0,0,0,0,0,0,120,0,0,0,0,0,0,0,0,0,0,0,0,0,0,0,0,0,0,20,0,0,0,0,0,0,0,0,0,0,0,0,0,0,0,0,0,0,0,120,0,0,0,0,0,0,0,0,0,80,0,0,0,0,0,0,0,0,0,0,0,0,0,0,0,0,0,0,0,60,0,0,0,0,0,0,0,0,0,0,40,0,0,0,0,0,0,0,0,60,0,0,0,0,0,0,0,0,0,0,0,0,0,0,0,0,0,0,0,320,0,0,0,0,0,0,0,0,0,0,120,0,0,0,0,0,0,0,0,0,0,0,0,0,0,0,0,0,0,180,0,0,0,0,0,0,0,0,0,0,0,0,0,0,0,0,0,0,0,0,0,0,0,0,0,0,0,0,0,80,0,0,0,0,0,0,0,0,0,0,0,0,0,0,0,0,0,0,0,160,0,0,0,0,0,0,0,0,0,0,0,0,0,0,0,0,0,0,0,0,0,120,0,0,0,0,0,0,0,0,0,0,0,0,0,0,0,380,0,700,0,0,0,0,0,0,0,0,0,360,0,0,0,0,0,0,0,0,0,0,240,0,0,0,0,0,0,0,0,0,240,0,0,0,0,0,0,0,0,160,0,0,0,0,0,0,0,0,0,0,0,0,0,0,0,0,0,0,0,0,0,240,0,0,0,0,0,0,0,0,0,0,0,0,0,0,0,0,0,0,0,720,0,0,346,480,0,0,0,0,0,134,0,0,0,0,0,0,0,0,0,2160]#E: 136183439.599999994#Cap: 136203661.300000012#Tax: 100#STABILITY_ORIGINAL_OBJECTIVE:1667708.34396#STABILITY_SCORE:5212#DELIVER:
S9=>P7
S9=>P15
S9=>P17
S8=>P19
S8=>P21
S8=>P22
S8=>P24
S9=>P25
S8=>P26
S8=>P28
S9=>P29
S8=>P31
S8=>P34
S8=>P36
S10=>P38
S6=>P40
S8=>P40
S8=>P41
S9=>P42
S9=>P43
S8=>P44
S10=>P46
S10=>P48
S3=>P49
S4=>P49
S10=>P49
S10=>P50
xxxx

<<< post process


<<< done


)
