Array
(
    [CplexRunTime] => Total (root+branch&cut) =    2,67 sec
    [status] => OPTIMAL
    [termination_reason] => OPTIMAL
    [mip_gap] => 0
    [Result] => Array
        (
            [Objective] => -93
            [TotalCost] => 1521000
            [LeadTime] => 608
            [Emissions] => 165340000
        )

    [TS] => 1520964.99088
    [CS] => 1512698
    [TaxCost] => 8266.99088
    [A] => Array
        (
            [0] => 0
            [1] => 2
            [2] => 26
            [3] => 22
            [4] => 21
            [5] => 25
            [6] => 21
            [7] => 12
            [8] => 21
            [9] => 15
            [10] => 13
            [11] => 11
            [12] => 15
            [13] => 14
            [14] => 21
            [15] => 11
            [16] => 17
            [17] => 15
            [18] => 15
            [19] => 10
            [20] => 18
            [21] => 12
            [22] => 11
            [23] => 12
            [24] => 9
            [25] => 8
            [26] => 8
            [27] => 10
            [28] => 9
            [29] => 8
            [30] => 17
            [31] => 10
            [32] => 13
            [33] => 12
            [34] => 12
            [35] => 13
            [36] => 9
            [37] => 9
            [38] => 5
            [39] => 15
            [40] => 13
            [41] => 9
            [42] => 9
            [43] => 8
            [44] => 8
            [45] => 6
            [46] => 6
            [47] => 9
            [48] => 3
            [49] => 4
            [50] => 6
        )

    [X] => Array
        (
            [0] => 0
            [1] => 1
            [2] => 1
            [3] => 1
            [4] => 1
            [5] => 1
            [6] => 0
            [7] => 0
            [8] => 0
            [9] => 0
            [10] => 0
            [11] => 0
            [12] => 0
            [13] => 0
            [14] => 0
            [15] => 0
            [16] => 0
            [17] => 0
            [18] => 0
            [19] => 0
            [20] => 0
            [21] => 0
            [22] => 0
            [23] => 0
            [24] => 0
            [25] => 0
            [26] => 0
            [27] => 0
            [28] => 0
            [29] => 0
            [30] => 0
            [31] => 0
            [32] => 0
            [33] => 0
            [34] => 0
            [35] => 0
            [36] => 0
            [37] => 0
            [38] => 0
            [39] => 0
            [40] => 0
            [41] => 0
            [42] => 0
            [43] => 0
            [44] => 0
            [45] => 0
            [46] => 0
            [47] => 0
            [48] => 0
            [49] => 0
            [50] => 0
        )

    [Z] => Array
        (
            [0] => 0
            [1] => 0
            [2] => 0
            [3] => 0
            [4] => 0
            [5] => 0
            [6] => 0
            [7] => 0
            [8] => 0
            [9] => 0
            [10] => 0
            [11] => 0
            [12] => 0
            [13] => 0
            [14] => 0
            [15] => 0
            [16] => 0
            [17] => 0
            [18] => 0
            [19] => 0
            [20] => 0
            [21] => 0
            [22] => 0
            [23] => 0
            [24] => 0
            [25] => 0
            [26] => 0
            [27] => 0
            [28] => 0
            [29] => 0
            [30] => 0
            [31] => 0
            [32] => 0
            [33] => 0
            [34] => 0
            [35] => 0
            [36] => 0
            [37] => 0
            [38] => 0
            [39] => 0
            [40] => 0
            [41] => 0
            [42] => 0
            [43] => 0
            [44] => 0
            [45] => 0
            [46] => 0
            [47] => 0
            [48] => 0
            [49] => 0
            [50] => 0
            [51] => 0
            [52] => 0
            [53] => 0
            [54] => 0
            [55] => 0
            [56] => 0
            [57] => 0
            [58] => 0
            [59] => 0
            [60] => 0
            [61] => 0
            [62] => 0
            [63] => 0
            [64] => 0
            [65] => 0
            [66] => 0
            [67] => 0
            [68] => 0
            [69] => 0
            [70] => 0
            [71] => 0
            [72] => 0
            [73] => 0
            [74] => 0
            [75] => 1
            [76] => 1
            [77] => 0
            [78] => 1
            [79] => 0
            [80] => 0
            [81] => 0
            [82] => 0
            [83] => 0
            [84] => 0
            [85] => 0
            [86] => 0
            [87] => 0
            [88] => 0
            [89] => 0
            [90] => 0
            [91] => 0
            [92] => 0
            [93] => 0
            [94] => 0
            [95] => 0
            [96] => 0
            [97] => 0
            [98] => 0
            [99] => 0
            [100] => 0
            [101] => 0
            [102] => 0
            [103] => 0
            [104] => 0
            [105] => 0
            [106] => 0
            [107] => 0
            [108] => 0
            [109] => 0
            [110] => 0
            [111] => 0
            [112] => 0
            [113] => 0
            [114] => 0
            [115] => 0
            [116] => 0
            [117] => 0
            [118] => 0
            [119] => 0
            [120] => 0
            [121] => 0
            [122] => 0
            [123] => 0
            [124] => 0
            [125] => 0
            [126] => 0
            [127] => 0
            [128] => 0
            [129] => 0
            [130] => 0
            [131] => 0
            [132] => 0
            [133] => 0
            [134] => 0
            [135] => 0
            [136] => 0
            [137] => 0
            [138] => 0
            [139] => 0
            [140] => 0
            [141] => 0
            [142] => 0
            [143] => 0
            [144] => 0
            [145] => 0
            [146] => 0
            [147] => 0
            [148] => 0
            [149] => 0
            [150] => 0
            [151] => 0
            [152] => 0
            [153] => 0
            [154] => 0
            [155] => 1
            [156] => 1
            [157] => 1
            [158] => 1
            [159] => 0
            [160] => 0
            [161] => 0
            [162] => 0
            [163] => 0
            [164] => 0
            [165] => 0
            [166] => 0
            [167] => 0
            [168] => 0
            [169] => 0
            [170] => 0
            [171] => 0
            [172] => 0
            [173] => 0
            [174] => 1
            [175] => 1
            [176] => 1
            [177] => 1
            [178] => 1
            [179] => 0
            [180] => 0
            [181] => 0
            [182] => 0
            [183] => 0
            [184] => 0
            [185] => 0
            [186] => 0
            [187] => 0
            [188] => 0
            [189] => 0
            [190] => 0
            [191] => 0
            [192] => 0
            [193] => 0
            [194] => 1
            [195] => 1
            [196] => 1
            [197] => 1
            [198] => 0
            [199] => 0
            [200] => 0
            [201] => 0
            [202] => 0
            [203] => 0
            [204] => 0
            [205] => 0
            [206] => 0
            [207] => 0
            [208] => 0
            [209] => 0
            [210] => 0
            [211] => 0
            [212] => 0
            [213] => 0
            [214] => 1
            [215] => 0
            [216] => 0
            [217] => 1
            [218] => 0
            [219] => 1
            [220] => 0
            [221] => 0
            [222] => 0
            [223] => 0
            [224] => 1
            [225] => 0
            [226] => 0
            [227] => 1
            [228] => 0
            [229] => 1
            [230] => 0
            [231] => 0
            [232] => 0
            [233] => 0
            [234] => 0
            [235] => 0
            [236] => 0
            [237] => 0
            [238] => 0
            [239] => 0
            [240] => 0
            [241] => 1
            [242] => 0
            [243] => 0
            [244] => 1
            [245] => 0
            [246] => 0
            [247] => 1
            [248] => 0
            [249] => 1
            [250] => 0
            [251] => 0
            [252] => 0
            [253] => 0
            [254] => 1
            [255] => 0
            [256] => 0
            [257] => 1
            [258] => 0
            [259] => 1
            [260] => 0
            [261] => 0
            [262] => 0
            [263] => 0
            [264] => 1
            [265] => 0
            [266] => 0
            [267] => 1
            [268] => 0
            [269] => 1
            [270] => 0
            [271] => 0
            [272] => 0
            [273] => 0
            [274] => 0
            [275] => 0
            [276] => 0
            [277] => 0
            [278] => 0
            [279] => 0
            [280] => 0
            [281] => 1
            [282] => 0
            [283] => 0
            [284] => 1
            [285] => 0
            [286] => 0
            [287] => 1
            [288] => 0
            [289] => 1
            [290] => 0
            [291] => 0
            [292] => 0
            [293] => 0
            [294] => 1
            [295] => 0
            [296] => 0
            [297] => 1
            [298] => 0
            [299] => 1
            [300] => 0
            [301] => 0
            [302] => 0
            [303] => 0
            [304] => 0
            [305] => 0
            [306] => 0
            [307] => 0
            [308] => 0
            [309] => 0
            [310] => 0
            [311] => 0
            [312] => 0
            [313] => 0
            [314] => 1
            [315] => 0
            [316] => 0
            [317] => 1
            [318] => 0
            [319] => 1
            [320] => 0
            [321] => 0
            [322] => 0
            [323] => 0
            [324] => 0
            [325] => 0
            [326] => 0
            [327] => 0
            [328] => 0
            [329] => 0
            [330] => 0
            [331] => 0
            [332] => 0
            [333] => 0
            [334] => 0
            [335] => 0
            [336] => 0
            [337] => 0
            [338] => 0
            [339] => 0
            [340] => 1
            [341] => 1
            [342] => 0
            [343] => 1
            [344] => 1
            [345] => 1
            [346] => 1
            [347] => 0
            [348] => 1
            [349] => 1
            [350] => 0
            [351] => 0
            [352] => 0
            [353] => 0
            [354] => 0
            [355] => 0
            [356] => 0
            [357] => 0
            [358] => 0
            [359] => 0
            [360] => 1
            [361] => 1
            [362] => 1
            [363] => 1
            [364] => 1
            [365] => 0
            [366] => 0
            [367] => 1
            [368] => 0
            [369] => 1
            [370] => 0
            [371] => 0
            [372] => 0
            [373] => 0
            [374] => 0
            [375] => 0
            [376] => 0
            [377] => 0
            [378] => 0
            [379] => 0
            [380] => 0
            [381] => 0
            [382] => 1
            [383] => 1
            [384] => 0
            [385] => 0
            [386] => 0
            [387] => 0
            [388] => 0
            [389] => 1
            [390] => 0
            [391] => 0
            [392] => 0
            [393] => 0
            [394] => 0
            [395] => 0
            [396] => 0
            [397] => 0
            [398] => 0
            [399] => 0
            [400] => 1
            [401] => 1
            [402] => 0
            [403] => 1
            [404] => 1
            [405] => 1
            [406] => 1
            [407] => 1
            [408] => 1
            [409] => 1
            [410] => 1
            [411] => 1
            [412] => 1
            [413] => 1
            [414] => 1
            [415] => 0
            [416] => 0
            [417] => 1
            [418] => 0
            [419] => 1
            [420] => 1
            [421] => 1
            [422] => 1
            [423] => 1
            [424] => 1
            [425] => 0
            [426] => 0
            [427] => 1
            [428] => 0
            [429] => 1
            [430] => 1
            [431] => 1
            [432] => 1
            [433] => 1
            [434] => 1
            [435] => 0
            [436] => 0
            [437] => 1
            [438] => 0
            [439] => 1
            [440] => 1
            [441] => 1
            [442] => 1
            [443] => 1
            [444] => 1
            [445] => 0
            [446] => 0
            [447] => 1
            [448] => 0
            [449] => 1
            [450] => 0
            [451] => 0
            [452] => 0
            [453] => 0
            [454] => 0
            [455] => 0
            [456] => 0
            [457] => 0
            [458] => 0
            [459] => 0
            [460] => 0
            [461] => 0
            [462] => 1
            [463] => 1
            [464] => 0
            [465] => 0
            [466] => 0
            [467] => 0
            [468] => 0
            [469] => 1
            [470] => 0
            [471] => 0
            [472] => 0
            [473] => 0
            [474] => 0
            [475] => 0
            [476] => 0
            [477] => 0
            [478] => 0
            [479] => 0
            [480] => 0
            [481] => 0
            [482] => 1
            [483] => 1
            [484] => 0
            [485] => 0
            [486] => 0
            [487] => 0
            [488] => 0
            [489] => 1
            [490] => 0
            [491] => 0
            [492] => 1
            [493] => 1
            [494] => 0
            [495] => 0
            [496] => 0
            [497] => 0
            [498] => 0
            [499] => 1
            [500] => 0
            [501] => 0
            [502] => 1
            [503] => 1
            [504] => 0
            [505] => 0
            [506] => 0
            [507] => 0
            [508] => 0
            [509] => 1
        )

    [Q] => Array
        (
            [0] => 0
            [1] => 0
            [2] => 0
            [3] => 0
            [4] => 0
            [5] => 0
            [6] => 0
            [7] => 0
            [8] => 0
            [9] => 0
            [10] => 0
            [11] => 0
            [12] => 0
            [13] => 0
            [14] => 0
            [15] => 0
            [16] => 0
            [17] => 0
            [18] => 0
            [19] => 0
            [20] => 0
            [21] => 0
            [22] => 0
            [23] => 0
            [24] => 0
            [25] => 0
            [26] => 0
            [27] => 0
            [28] => 0
            [29] => 0
            [30] => 0
            [31] => 0
            [32] => 0
            [33] => 0
            [34] => 0
            [35] => 0
            [36] => 0
            [37] => 0
            [38] => 0
            [39] => 0
            [40] => 0
            [41] => 0
            [42] => 0
            [43] => 0
            [44] => 0
            [45] => 0
            [46] => 0
            [47] => 0
            [48] => 0
            [49] => 0
            [50] => 0
            [51] => 0
            [52] => 0
            [53] => 0
            [54] => 0
            [55] => 0
            [56] => 0
            [57] => 0
            [58] => 0
            [59] => 0
            [60] => 0
            [61] => 0
            [62] => 0
            [63] => 0
            [64] => 0
            [65] => 0
            [66] => 0
            [67] => 0
            [68] => 0
            [69] => 0
            [70] => 0
            [71] => 0
            [72] => 0
            [73] => 0
            [74] => 0
            [75] => 1
            [76] => 1
            [77] => 0
            [78] => 38
            [79] => 0
            [80] => 0
            [81] => 0
            [82] => 0
            [83] => 0
            [84] => 0
            [85] => 0
            [86] => 0
            [87] => 0
            [88] => 0
            [89] => 0
            [90] => 0
            [91] => 0
            [92] => 0
            [93] => 0
            [94] => 0
            [95] => 0
            [96] => 0
            [97] => 0
            [98] => 0
            [99] => 0
            [100] => 0
            [101] => 0
            [102] => 0
            [103] => 0
            [104] => 0
            [105] => 0
            [106] => 0
            [107] => 0
            [108] => 0
            [109] => 0
            [110] => 0
            [111] => 0
            [112] => 0
            [113] => 0
            [114] => 0
            [115] => 0
            [116] => 0
            [117] => 0
            [118] => 0
            [119] => 0
            [120] => 0
            [121] => 0
            [122] => 0
            [123] => 0
            [124] => 0
            [125] => 0
            [126] => 0
            [127] => 0
            [128] => 0
            [129] => 0
            [130] => 0
            [131] => 0
            [132] => 0
            [133] => 0
            [134] => 0
            [135] => 0
            [136] => 0
            [137] => 0
            [138] => 0
            [139] => 0
            [140] => 0
            [141] => 0
            [142] => 0
            [143] => 0
            [144] => 0
            [145] => 0
            [146] => 0
            [147] => 0
            [148] => 0
            [149] => 0
            [150] => 0
            [151] => 0
            [152] => 0
            [153] => 0
            [154] => 0
            [155] => 1
            [156] => 1
            [157] => 1
            [158] => 37
            [159] => 0
            [160] => 0
            [161] => 0
            [162] => 0
            [163] => 0
            [164] => 0
            [165] => 0
            [166] => 0
            [167] => 0
            [168] => 0
            [169] => 0
            [170] => 0
            [171] => 0
            [172] => 0
            [173] => 0
            [174] => 1
            [175] => 1
            [176] => 1
            [177] => 1
            [178] => 116
            [179] => 0
            [180] => 0
            [181] => 0
            [182] => 0
            [183] => 0
            [184] => 0
            [185] => 0
            [186] => 0
            [187] => 0
            [188] => 0
            [189] => 0
            [190] => 0
            [191] => 0
            [192] => 0
            [193] => 0
            [194] => 1
            [195] => 1
            [196] => 1
            [197] => 17
            [198] => 0
            [199] => 0
            [200] => 0
            [201] => 0
            [202] => 0
            [203] => 0
            [204] => 0
            [205] => 0
            [206] => 0
            [207] => 0
            [208] => 0
            [209] => 0
            [210] => 0
            [211] => 0
            [212] => 0
            [213] => 0
            [214] => 1
            [215] => 0
            [216] => 0
            [217] => 118
            [218] => 0
            [219] => 1
            [220] => 0
            [221] => 0
            [222] => 0
            [223] => 0
            [224] => 1
            [225] => 0
            [226] => 0
            [227] => 78
            [228] => 0
            [229] => 1
            [230] => 0
            [231] => 0
            [232] => 0
            [233] => 0
            [234] => 0
            [235] => 0
            [236] => 0
            [237] => 0
            [238] => 0
            [239] => 0
            [240] => 0
            [241] => 1
            [242] => 0
            [243] => 0
            [244] => 1
            [245] => 0
            [246] => 0
            [247] => 57
            [248] => 0
            [249] => 1
            [250] => 0
            [251] => 0
            [252] => 0
            [253] => 0
            [254] => 1
            [255] => 0
            [256] => 0
            [257] => 38
            [258] => 0
            [259] => 1
            [260] => 0
            [261] => 0
            [262] => 0
            [263] => 0
            [264] => 1
            [265] => 0
            [266] => 0
            [267] => 58
            [268] => 0
            [269] => 1
            [270] => 0
            [271] => 0
            [272] => 0
            [273] => 0
            [274] => 0
            [275] => 0
            [276] => 0
            [277] => 0
            [278] => 0
            [279] => 0
            [280] => 0
            [281] => 1
            [282] => 0
            [283] => 0
            [284] => 1
            [285] => 0
            [286] => 0
            [287] => 317
            [288] => 0
            [289] => 1
            [290] => 0
            [291] => 0
            [292] => 0
            [293] => 0
            [294] => 1
            [295] => 0
            [296] => 0
            [297] => 118
            [298] => 0
            [299] => 1
            [300] => 0
            [301] => 0
            [302] => 0
            [303] => 0
            [304] => 0
            [305] => 0
            [306] => 0
            [307] => 0
            [308] => 0
            [309] => 0
            [310] => 0
            [311] => 0
            [312] => 0
            [313] => 0
            [314] => 1
            [315] => 0
            [316] => 0
            [317] => 178
            [318] => 0
            [319] => 1
            [320] => 0
            [321] => 0
            [322] => 0
            [323] => 0
            [324] => 0
            [325] => 0
            [326] => 0
            [327] => 0
            [328] => 0
            [329] => 0
            [330] => 0
            [331] => 0
            [332] => 0
            [333] => 0
            [334] => 0
            [335] => 0
            [336] => 0
            [337] => 0
            [338] => 0
            [339] => 0
            [340] => 1
            [341] => 1
            [342] => 0
            [343] => 1
            [344] => 1
            [345] => 1
            [346] => 1
            [347] => 0
            [348] => 73
            [349] => 1
            [350] => 0
            [351] => 0
            [352] => 0
            [353] => 0
            [354] => 0
            [355] => 0
            [356] => 0
            [357] => 0
            [358] => 0
            [359] => 0
            [360] => 1
            [361] => 1
            [362] => 1
            [363] => 1
            [364] => 1
            [365] => 0
            [366] => 0
            [367] => 154
            [368] => 0
            [369] => 1
            [370] => 0
            [371] => 0
            [372] => 0
            [373] => 0
            [374] => 0
            [375] => 0
            [376] => 0
            [377] => 0
            [378] => 0
            [379] => 0
            [380] => 0
            [381] => 0
            [382] => 1
            [383] => 1
            [384] => 0
            [385] => 0
            [386] => 0
            [387] => 0
            [388] => 0
            [389] => 118
            [390] => 0
            [391] => 0
            [392] => 0
            [393] => 0
            [394] => 0
            [395] => 0
            [396] => 0
            [397] => 0
            [398] => 0
            [399] => 0
            [400] => 1
            [401] => 1
            [402] => 0
            [403] => 1
            [404] => 1
            [405] => 1
            [406] => 1
            [407] => 1
            [408] => 1072
            [409] => 1
            [410] => 1
            [411] => 1
            [412] => 1
            [413] => 1
            [414] => 1
            [415] => 0
            [416] => 0
            [417] => 354
            [418] => 0
            [419] => 1
            [420] => 1
            [421] => 1
            [422] => 1
            [423] => 1
            [424] => 1
            [425] => 0
            [426] => 0
            [427] => 234
            [428] => 0
            [429] => 1
            [430] => 1
            [431] => 1
            [432] => 1
            [433] => 1
            [434] => 1
            [435] => 0
            [436] => 0
            [437] => 234
            [438] => 0
            [439] => 1
            [440] => 1
            [441] => 1
            [442] => 1
            [443] => 1
            [444] => 1
            [445] => 0
            [446] => 0
            [447] => 154
            [448] => 0
            [449] => 1
            [450] => 0
            [451] => 0
            [452] => 0
            [453] => 0
            [454] => 0
            [455] => 0
            [456] => 0
            [457] => 0
            [458] => 0
            [459] => 0
            [460] => 0
            [461] => 0
            [462] => 1
            [463] => 1
            [464] => 0
            [465] => 0
            [466] => 0
            [467] => 0
            [468] => 0
            [469] => 238
            [470] => 0
            [471] => 0
            [472] => 0
            [473] => 0
            [474] => 0
            [475] => 0
            [476] => 0
            [477] => 0
            [478] => 0
            [479] => 0
            [480] => 0
            [481] => 0
            [482] => 1
            [483] => 1
            [484] => 0
            [485] => 0
            [486] => 0
            [487] => 0
            [488] => 0
            [489] => 718
            [490] => 0
            [491] => 0
            [492] => 1
            [493] => 1
            [494] => 0
            [495] => 0
            [496] => 0
            [497] => 0
            [498] => 0
            [499] => 958
            [500] => 0
            [501] => 0
            [502] => 1
            [503] => 1
            [504] => 0
            [505] => 0
            [506] => 0
            [507] => 0
            [508] => 0
            [509] => 2158
        )

    [E] => 165339817.6
    [Cap] => 165390160.15
    [Tax] => 50
    [STABILITY_ORIGINAL_OBJECTIVE] => 1521572.99088
    [STABILITY_SCORE] => 93
    [DELIVER] => Array
        (
            [0] => S6=>P7
            [1] => S7=>P7
            [2] => S9=>P7
            [3] => S6=>P15
            [4] => S7=>P15
            [5] => S8=>P15
            [6] => S9=>P15
            [7] => S5=>P17
            [8] => S6=>P17
            [9] => S7=>P17
            [10] => S8=>P17
            [11] => S9=>P17
            [12] => S5=>P19
            [13] => S6=>P19
            [14] => S7=>P19
            [15] => S8=>P19
            [16] => S5=>P21
            [17] => S8=>P21
            [18] => S10=>P21
            [19] => S5=>P22
            [20] => S8=>P22
            [21] => S10=>P22
            [22] => S2=>P24
            [23] => S5=>P24
            [24] => S8=>P24
            [25] => S10=>P24
            [26] => S5=>P25
            [27] => S8=>P25
            [28] => S10=>P25
            [29] => S5=>P26
            [30] => S8=>P26
            [31] => S10=>P26
            [32] => S2=>P28
            [33] => S5=>P28
            [34] => S8=>P28
            [35] => S10=>P28
            [36] => S5=>P29
            [37] => S8=>P29
            [38] => S10=>P29
            [39] => S5=>P31
            [40] => S8=>P31
            [41] => S10=>P31
            [42] => S1=>P34
            [43] => S2=>P34
            [44] => S4=>P34
            [45] => S5=>P34
            [46] => S6=>P34
            [47] => S7=>P34
            [48] => S9=>P34
            [49] => S10=>P34
            [50] => S1=>P36
            [51] => S2=>P36
            [52] => S3=>P36
            [53] => S4=>P36
            [54] => S5=>P36
            [55] => S8=>P36
            [56] => S10=>P36
            [57] => S3=>P38
            [58] => S4=>P38
            [59] => S10=>P38
            [60] => S1=>P40
            [61] => S2=>P40
            [62] => S4=>P40
            [63] => S5=>P40
            [64] => S6=>P40
            [65] => S7=>P40
            [66] => S8=>P40
            [67] => S9=>P40
            [68] => S10=>P40
            [69] => S1=>P41
            [70] => S2=>P41
            [71] => S3=>P41
            [72] => S4=>P41
            [73] => S5=>P41
            [74] => S8=>P41
            [75] => S10=>P41
            [76] => S1=>P42
            [77] => S2=>P42
            [78] => S3=>P42
            [79] => S4=>P42
            [80] => S5=>P42
            [81] => S8=>P42
            [82] => S10=>P42
            [83] => S1=>P43
            [84] => S2=>P43
            [85] => S3=>P43
            [86] => S4=>P43
            [87] => S5=>P43
            [88] => S8=>P43
            [89] => S10=>P43
            [90] => S1=>P44
            [91] => S2=>P44
            [92] => S3=>P44
            [93] => S4=>P44
            [94] => S5=>P44
            [95] => S8=>P44
            [96] => S10=>P44
            [97] => S3=>P46
            [98] => S4=>P46
            [99] => S10=>P46
            [100] => S3=>P48
            [101] => S4=>P48
            [102] => S10=>P48
            [103] => S3=>P49
            [104] => S4=>P49
            [105] => S10=>P49
            [106] => S3=>P50
            [107] => S4=>P50
            [108] => S10=>P50
        )

    [_raw_output] => 
<<< setup

0 0 -1 0 1 0,25 0,5 0,8 1 0 0 0 0 13
1 2 0 5000 1 0,25 0,5 0,8 1 0 10000 1000 1500 13
2 5 1 900 1 0,25 0,5 0,8 1 0 9486 948,6 1500 13
3 7 1 890 1 0,25 0,5 0,8 1 0 8704 870,4 1500 13
4 6 1 910 1 0,25 0,5 0,8 1 0 8059 805,9 1500 13
5 4 1 860 2 0,25 0,5 0,8 1 0 7962 796,2 1500 13
6 4 2 880 3 0,25 0,5 0,8 1 0 7861 786,1 1500 13
7 3 2 800 2 0,25 0,5 0,8 1 0 7628 762,8 1500 13
8 3 2 780 1 0,25 0,5 0,8 1 0 7050 705 1500 13
9 3 3 790 2 0,25 0,5 0,8 1 0 6976 697,6 1500 13
10 4 3 750 3 0,25 0,5 0,8 1 0 6291 629,1 1500 13
11 3 4 690 2 0,25 0,5 0,8 1 0 6234 623,4 1500 13
12 5 4 660 3 0,25 0,5 0,8 1 0 6199 619,9 1500 13
13 5 5 600 8 0,25 0,5 0,5 1 0 6088 608,8 1500 13
14 4 5 640 6 0,25 0,5 0,5 1 0 5680 568 1500 13
15 2 5 700 2 0,25 0,5 0,5 1 0 5673 567,3 1500 13
16 4 6 660 9 0,25 0,5 0,5 1 0 5507 550,7 1500 13
17 6 6 580 6 0,25 0,5 0,5 1 0 5360 536 1500 13
18 3 67 550 2 0,25 0,5 0,5 1 0 5290 529 1500 13
19 3 8 570 1 0,25 0,5 0,5 1 0 5168 516,8 1500 13
20 5 8 600 2 0,25 0,5 0,5 1 0 4944 494,4 1500 13
21 7 9 540 6 0,25 0,5 0,5 1 0 4747 474,7 1500 13
22 6 9 510 4 0,25 0,5 0,5 1 0 4417 441,7 1500 13
23 3 9 590 4 0,25 0,5 0,5 1 0 4033 403,3 1500 13
24 4 10 400 3 0,25 0,5 0,5 1 0 3891 389,1 1500 13
25 3 11 490 2 0,25 0,5 0,5 1 0 3601 360,1 1500 13
26 3 12 480 3 0,25 0,5 0,5 1 0 3279 327,9 1500 13
27 5 12 520 6 0,25 0,5 0,5 1 0 3175 317,5 1500 13
28 4 13 400 16 0,25 0,5 0,5 1 0 2984 298,4 1500 13
29 3 14 480 6 0,25 0,5 0,5 1 0 2866 286,6 1500 13
30 2 14 490 18 0,25 0,5 0,5 1 0 2606 260,6 1500 13
31 5 16 460 9 0,25 0,5 0,5 1 0 2427 242,7 1500 13
32 4 16 500 9 0,25 0,5 0,5 1 0 2231 223,1 1500 13
33 3 18 470 6 0,25 0,5 0,5 1 0 2091 209,1 1500 13
34 3 18 300 4 0,25 0,5 0,5 1 0 1993 199,3 1500 13
35 5 20 380 4 0,25 0,5 0,5 1 0 1837 183,7 1500 13
36 4 23 330 8 0,25 0,5 0,5 1 0 1683 168,3 1500 13
37 3 23 340 12 0,25 0,5 0,5 1 0 1682 168,2 1500 13
38 4 27 350 6 0,25 0,5 0,5 1 0 1589 158,9 1500 13
39 6 30 360 18 0,25 0,5 0,5 1 0 1439 143,9 1500 13
40 4 30 310 54 0,25 0,5 0,5 1 0 1404 140,4 1500 13
41 4 32 330 18 0,25 0,5 0,5 1 0 1265 126,5 1500 13
42 4 33 290 12 0,25 0,5 0,5 1 0 1153 115,3 1500 13
43 3 33 270 12 0,25 0,5 0,5 1 0 1138 113,8 1500 13
44 3 35 260 8 0,25 0,5 0,5 1 0 1094 109,4 1500 13
45 2 37 270 12 0,25 0,5 0,5 1 0 997 99,7 1500 13
46 5 37 270 12 0,25 0,5 0,5 1 0 964 96,4 1500 13
47 3 39 100 54 0,25 0,5 0,5 1 0 917 91,7 1500 13
48 2 39 110 36 0,25 0,5 0,5 1 0 833 83,3 1500 13
49 3 45 50 48 0,25 0,5 0,5 1 0 753 75,3 1500 13
50 5 47 30 108 0,25 0,5 0,5 1 0 723 72,3 1500 13
Node nums: [0 1 2 3 4 5 6 7 8 9 10 11 12 13 14 15 16 17 18 19 20 21 22 23 24 25 26 27
     28 29 30 31 32 33 34 35 36 37 38 39 40 41 42 43 44 45 46 47 48 49 50]
xx-Data uploaded-xx
	**** start init su array ...
0 [0 0 0 0 0 0 0 0 0 0]
1 [0 0 0 0 0 0 0 0 0 0]
2 [0 0 0 0 0 0 0 0 0 0]
3 [0 0 0 0 0 0 0 0 0 0]
4 [0 0 0 0 0 0 0 0 0 0]
5 [0 0 0 0 0 0 0 0 0 0]
6 [0 0 0 0 0 0 0 0 0 0]
7 [1 1 1 1 1 1 1 1 1 1]
8 [0 0 0 0 0 0 0 0 0 0]
9 [0 0 0 0 0 0 0 0 0 0]
10 [0 0 0 0 0 0 0 0 0 0]
11 [0 0 0 0 0 0 0 0 0 0]
12 [0 0 0 0 0 0 0 0 0 0]
13 [0 0 0 0 0 0 0 0 0 0]
14 [0 0 0 0 0 0 0 0 0 0]
15 [1 1 1 1 1 1 1 1 1 1]
16 [0 0 0 0 0 0 0 0 0 0]
17 [1 1 1 1 1 1 1 1 1 1]
18 [0 0 0 0 0 0 0 0 0 0]
19 [1 1 1 1 1 1 1 1 1 1]
20 [0 0 0 0 0 0 0 0 0 0]
21 [1 1 1 1 1 1 1 1 1 1]
22 [1 1 1 1 1 1 1 1 1 1]
23 [0 0 0 0 0 0 0 0 0 0]
24 [1 1 1 1 1 1 1 1 1 1]
25 [1 1 1 1 1 1 1 1 1 1]
26 [1 1 1 1 1 1 1 1 1 1]
27 [0 0 0 0 0 0 0 0 0 0]
28 [1 1 1 1 1 1 1 1 1 1]
29 [1 1 1 1 1 1 1 1 1 1]
30 [0 0 0 0 0 0 0 0 0 0]
31 [1 1 1 1 1 1 1 1 1 1]
32 [0 0 0 0 0 0 0 0 0 0]
33 [0 0 0 0 0 0 0 0 0 0]
34 [1 1 1 1 1 1 1 1 1 1]
35 [1 1 1 1 1 1 1 1 1 1]
36 [1 1 1 1 1 1 1 1 1 1]
37 [0 0 0 0 0 0 0 0 0 0]
38 [1 1 1 1 1 1 1 1 1 1]
39 [0 0 0 0 0 0 0 0 0 0]
40 [1 1 1 1 1 1 1 1 1 1]
41 [1 1 1 1 1 1 1 1 1 1]
42 [1 1 1 1 1 1 1 1 1 1]
43 [1 1 1 1 1 1 1 1 1 1]
44 [1 1 1 1 1 1 1 1 1 1]
45 [0 0 0 0 0 0 0 0 0 0]
46 [1 1 1 1 1 1 1 1 1 1]
47 [0 0 0 0 0 0 0 0 0 0]
48 [1 1 1 1 1 1 1 1 1 1]
49 [1 1 1 1 1 1 1 1 1 1]
50 [1 1 1 1 1 1 1 1 1 1]
	**** end init su array ...
1 2 1 700 80 0.85 0.92 0.8 (9)9
2 2 0.9 800 75 0.82 0.90 0.9 (9)9
3 1 1.1 680 90 0.88 0.95 0.5 (9)9
4 1 1 480 100 0.86 0.93 0.6 (9)9
5 5 0.6 550 40 0.72 0.78 1.5 (9)9
6 6 0.5 650 45 0.70 0.75 2.0 (9)9
7 7 0.5 1100 40 0.68 0.72 2.5 (9)9
8 5 0.3 700 30 0.65 0.70 1.8 (9)9
9 9 0.2 1700 15 0.60 0.65 3.5 (9)9
10 1 0.8 5800 40 0.80 0.88 0.7 (9)9

<<< generate

Version identifier: 20.1.0.0 | 2020-11-10 | 9bedb6d68
CPXPARAM_TimeLimit                               300
Tried aggregator 3 times.
MIP Presolve eliminated 16803 rows and 1593 columns.
MIP Presolve modified 2394 coefficients.
Aggregator did 244 substitutions.
Reduced MIP has 1683 rows, 866 columns, and 5089 nonzeros.
Reduced MIP has 289 binaries, 577 generals, 0 SOSs, and 0 indicators.
Presolve time = 0,01 sec. (20,77 ticks)
Probing fixed 0 vars, tightened 294 bounds.
Probing time = 0,02 sec. (2,19 ticks)
Cover probing fixed 0 vars, tightened 24 bounds.
Tried aggregator 1 time.
Detecting symmetries...
MIP Presolve eliminated 72 rows and 0 columns.
MIP Presolve modified 1035 coefficients.
Reduced MIP has 1611 rows, 866 columns, and 4945 nonzeros.
Reduced MIP has 289 binaries, 577 generals, 0 SOSs, and 0 indicators.
Presolve time = 0,00 sec. (3,54 ticks)
Probing fixed 0 vars, tightened 68 bounds.
Probing time = 0,00 sec. (1,96 ticks)
MIP emphasis: balance optimality and feasibility.
MIP search method: dynamic search.
Parallel mode: deterministic, using up to 20 threads.
Root relaxation solution time = 0,02 sec. (8,32 ticks)

        Nodes                                         Cuts/
   Node  Left     Objective  IInf  Best Integer    Best Bound    ItCnt     Gap

      0     0     -229,6304   102                   -229,6304      351         
      0     0     -218,4251   134                   Cuts: 103      439         
      0     0     -216,4417   140                    Cuts: 59      478         
      0     0     -215,7100   127                    Cuts: 38      511         
      0     0     -215,0056   128                    Cuts: 28      537         
      0     0     -214,7730   138                    Cuts: 38      563         
Detecting symmetries...
      0     0     -214,4671   143                    Cuts: 26      590         
      0     0     -214,0043   138                    Cuts: 23      614         
      0     0     -213,8042   138                    Cuts: 14      636         
      0     0     -213,7520   127                    Cuts: 15      648         
      0     0     -213,4145   139                    Cuts: 22      666         
      0     0     -213,3164   137                    Cuts: 12      674         
      0     0     -213,1067   144                     Cuts: 8      684         
      0     0     -213,0384   146                     Cuts: 6      690         
      0     0     -212,8880   143                     Cuts: 5      696         
      0     0     -212,8767   144                     Cuts: 8      701         
      0     0     -212,8761   142                 ZeroHalf: 3      703         
Detecting symmetries...
      0     2     -212,8761   142                   -212,8761      703         
Elapsed time = 0,34 sec. (348,98 ticks, tree = 0,02 MB, solutions = 0)
   1556   607     -137,7855   184                   -200,8812    61389         
   3554  1488      -78,0815   169                   -162,4902   135874         
   5811  2433     -113,0988    40                   -149,8225   216357         
   7699  3418     -136,2536   179                   -144,5328   287854         
*  8112+ 3570                          -87,0000     -144,5328            66,13%
*  8824+ 3672                          -92,0000     -142,7551            55,17%

Performing restart 1

Repeating presolve.
Tried aggregator 1 time.
MIP Presolve modified 631 coefficients.
Reduced MIP has 1611 rows, 866 columns, and 4945 nonzeros.
Reduced MIP has 289 binaries, 577 generals, 0 SOSs, and 0 indicators.
Presolve time = 0,02 sec. (2,74 ticks)
Tried aggregator 1 time.
MIP Presolve modified 58 coefficients.
Reduced MIP has 1611 rows, 866 columns, and 4945 nonzeros.
Reduced MIP has 289 binaries, 577 generals, 0 SOSs, and 0 indicators.
Presolve time = 0,00 sec. (3,50 ticks)
Represolve time = 0,02 sec. (13,20 ticks)
   9590     0     -210,2594   145      -92,0000     Cuts: 120   334095   49,29%
   9590     0     -209,0741   161      -92,0000      Cuts: 74   334170   49,29%
   9590     0     -207,8338   139      -92,0000      Cuts: 69   334238   49,29%
   9590     0     -206,1985   168      -92,0000      Cuts: 75   334312   49,29%
   9590     0     -205,5703   174      -92,0000      Cuts: 65   334363   49,29%
   9590     0     -204,6761   184      -92,0000      Cuts: 55   334420   49,29%
   9590     2     -204,6761   184      -92,0000     -137,3449   334420   49,29%
   9654    34     -171,9595   252      -92,0000     -137,3449   337150   49,29%
  12068   798     -106,8041   184      -92,0000     -137,3449   375290   49,29%
  15847   650      -93,4376    80      -92,0000     -110,0021   413169   19,57%
* 16345+  721                          -93,0000     -108,0808            16,22%

Implied bound cuts applied:  18
Flow cuts applied:  28
Mixed integer rounding cuts applied:  86
Zero-half cuts applied:  20
Lift and project cuts applied:  14
Gomory fractional cuts applied:  18

Root node processing (before b&c):
  Real time             =    0,36 sec. (348,32 ticks)
Parallel b&c, 20 threads:
  Real time             =    2,31 sec. (2321,50 ticks)
  Sync time (average)   =    0,71 sec.
  Wait time (average)   =    0,01 sec.
                          ------------
Total (root+branch&cut) =    2,67 sec. (2669,82 ticks)

<<< solve


OBJECTIVE: -93
xxxx
#Result <fct_obj, tot_cst, tot_ldt, Emiss>: <-93 1.521e+6 608 1.6534e+8>#TS:1520964.99088#CS:1512698#TaxCost:8266.99088#A:[0,2,26,22,21,25,21,12,21,15,13,11,15,14,21,11,17,15,15,10,18,12,11,12,9,8,8,10,9,8,17,10,13,12,12,13,9,9,5,15,13,9,9,8,8,6,6,9,3,4,6]#X:[0,1,1,1,1,1,0,0,0,0,0,0,0,0,0,0,0,0,0,0,0,0,0,0,0,0,0,0,0,0,0,0,0,0,0,0,0,0,0,0,0,0,0,0,0,0,0,0,0,0,0]#Z:[0,0,0,0,0,0,0,0,0,0,0,0,0,0,0,0,0,0,0,0,0,0,0,0,0,0,0,0,0,0,0,0,0,0,0,0,0,0,0,0,0,0,0,0,0,0,0,0,0,0,0,0,0,0,0,0,0,0,0,0,0,0,0,0,0,0,0,0,0,0,0,0,0,0,0,1,1,0,1,0,0,0,0,0,0,0,0,0,0,0,0,0,0,0,0,0,0,0,0,0,0,0,0,0,0,0,0,0,0,0,0,0,0,0,0,0,0,0,0,0,0,0,0,0,0,0,0,0,0,0,0,0,0,0,0,0,0,0,0,0,0,0,0,0,0,0,0,0,0,0,0,0,0,0,0,1,1,1,1,0,0,0,0,0,0,0,0,0,0,0,0,0,0,0,1,1,1,1,1,0,0,0,0,0,0,0,0,0,0,0,0,0,0,0,1,1,1,1,0,0,0,0,0,0,0,0,0,0,0,0,0,0,0,0,1,0,0,1,0,1,0,0,0,0,1,0,0,1,0,1,0,0,0,0,0,0,0,0,0,0,0,1,0,0,1,0,0,1,0,1,0,0,0,0,1,0,0,1,0,1,0,0,0,0,1,0,0,1,0,1,0,0,0,0,0,0,0,0,0,0,0,1,0,0,1,0,0,1,0,1,0,0,0,0,1,0,0,1,0,1,0,0,0,0,0,0,0,0,0,0,0,0,0,0,1,0,0,1,0,1,0,0,0,0,0,0,0,0,0,0,0,0,0,0,0,0,0,0,0,0,1,1,0,1,1,1,1,0,1,1,0,0,0,0,0,0,0,0,0,0,1,1,1,1,1,0,0,1,0,1,0,0,0,0,0,0,0,0,0,0,0,0,1,1,0,0,0,0,0,1,0,0,0,0,0,0,0,0,0,0,1,1,0,1,1,1,1,1,1,1,1,1,1,1,1,0,0,1,0,1,1,1,1,1,1,0,0,1,0,1,1,1,1,1,1,0,0,1,0,1,1,1,1,1,1,0,0,1,0,1,0,0,0,0,0,0,0,0,0,0,0,0,1,1,0,0,0,0,0,1,0,0,0,0,0,0,0,0,0,0,0,0,1,1,0,0,0,0,0,1,0,0,1,1,0,0,0,0,0,1,0,0,1,1,0,0,0,0,0,1]#Q:[0,0,0,0,0,0,0,0,0,0,0,0,0,0,0,0,0,0,0,0,0,0,0,0,0,0,0,0,0,0,0,0,0,0,0,0,0,0,0,0,0,0,0,0,0,0,0,0,0,0,0,0,0,0,0,0,0,0,0,0,0,0,0,0,0,0,0,0,0,0,0,0,0,0,0,1,1,0,38,0,0,0,0,0,0,0,0,0,0,0,0,0,0,0,0,0,0,0,0,0,0,0,0,0,0,0,0,0,0,0,0,0,0,0,0,0,0,0,0,0,0,0,0,0,0,0,0,0,0,0,0,0,0,0,0,0,0,0,0,0,0,0,0,0,0,0,0,0,0,0,0,0,0,0,0,1,1,1,37,0,0,0,0,0,0,0,0,0,0,0,0,0,0,0,1,1,1,1,116,0,0,0,0,0,0,0,0,0,0,0,0,0,0,0,1,1,1,17,0,0,0,0,0,0,0,0,0,0,0,0,0,0,0,0,1,0,0,118,0,1,0,0,0,0,1,0,0,78,0,1,0,0,0,0,0,0,0,0,0,0,0,1,0,0,1,0,0,57,0,1,0,0,0,0,1,0,0,38,0,1,0,0,0,0,1,0,0,58,0,1,0,0,0,0,0,0,0,0,0,0,0,1,0,0,1,0,0,317,0,1,0,0,0,0,1,0,0,118,0,1,0,0,0,0,0,0,0,0,0,0,0,0,0,0,1,0,0,178,0,1,0,0,0,0,0,0,0,0,0,0,0,0,0,0,0,0,0,0,0,0,1,1,0,1,1,1,1,0,73,1,0,0,0,0,0,0,0,0,0,0,1,1,1,1,1,0,0,154,0,1,0,0,0,0,0,0,0,0,0,0,0,0,1,1,0,0,0,0,0,118,0,0,0,0,0,0,0,0,0,0,1,1,0,1,1,1,1,1,1072,1,1,1,1,1,1,0,0,354,0,1,1,1,1,1,1,0,0,234,0,1,1,1,1,1,1,0,0,234,0,1,1,1,1,1,1,0,0,154,0,1,0,0,0,0,0,0,0,0,0,0,0,0,1,1,0,0,0,0,0,238,0,0,0,0,0,0,0,0,0,0,0,0,1,1,0,0,0,0,0,718,0,0,1,1,0,0,0,0,0,958,0,0,1,1,0,0,0,0,0,2158]#E: 165339817.599999994#Cap: 165390160.150000006#Tax: 50#STABILITY_ORIGINAL_OBJECTIVE:1521572.99088#STABILITY_SCORE:93#DELIVER:
S6=>P7
S7=>P7
S9=>P7
S6=>P15
S7=>P15
S8=>P15
S9=>P15
S5=>P17
S6=>P17
S7=>P17
S8=>P17
S9=>P17
S5=>P19
S6=>P19
S7=>P19
S8=>P19
S5=>P21
S8=>P21
S10=>P21
S5=>P22
S8=>P22
S10=>P22
S2=>P24
S5=>P24
S8=>P24
S10=>P24
S5=>P25
S8=>P25
S10=>P25
S5=>P26
S8=>P26
S10=>P26
S2=>P28
S5=>P28
S8=>P28
S10=>P28
S5=>P29
S8=>P29
S10=>P29
S5=>P31
S8=>P31
S10=>P31
S1=>P34
S2=>P34
S4=>P34
S5=>P34
S6=>P34
S7=>P34
S9=>P34
S10=>P34
S1=>P36
S2=>P36
S3=>P36
S4=>P36
S5=>P36
S8=>P36
S10=>P36
S3=>P38
S4=>P38
S10=>P38
S1=>P40
S2=>P40
S4=>P40
S5=>P40
S6=>P40
S7=>P40
S8=>P40
S9=>P40
S10=>P40
S1=>P41
S2=>P41
S3=>P41
S4=>P41
S5=>P41
S8=>P41
S10=>P41
S1=>P42
S2=>P42
S3=>P42
S4=>P42
S5=>P42
S8=>P42
S10=>P42
S1=>P43
S2=>P43
S3=>P43
S4=>P43
S5=>P43
S8=>P43
S10=>P43
S1=>P44
S2=>P44
S3=>P44
S4=>P44
S5=>P44
S8=>P44
S10=>P44
S3=>P46
S4=>P46
S10=>P46
S3=>P48
S4=>P48
S10=>P48
S3=>P49
S4=>P49
S10=>P49
S3=>P50
S4=>P50
S10=>P50
xxxx

<<< post process


<<< done


)
