Array
(
    [CplexRunTime] => Total (root+branch&cut) =   71,36 sec
    [status] => INFEASIBLE
    [termination_reason] => INFEASIBLE
    [mip_gap] => 
    [Result] => Array
        (
            [Objective] => -4
            [TotalCost] => 2138700
            [LeadTime] => 473
            [Emissions] => 99971000
        )

    [TS] => 2138652.56548
    [CS] => 2137153
    [TaxCost] => 1499.56548
    [A] => Array
        (
            [0] => 0
            [1] => 2
            [2] => 22
            [3] => 22
            [4] => 21
            [5] => 19
            [6] => 17
            [7] => 8
            [8] => 17
            [9] => 15
            [10] => 9
            [11] => 11
            [12] => 15
            [13] => 10
            [14] => 15
            [15] => 7
            [16] => 13
            [17] => 11
            [18] => 11
            [19] => 5
            [20] => 14
            [21] => 12
            [22] => 11
            [23] => 12
            [24] => 5
            [25] => 8
            [26] => 8
            [27] => 10
            [28] => 5
            [29] => 8
            [30] => 11
            [31] => 6
            [32] => 9
            [33] => 8
            [34] => 8
            [35] => 9
            [36] => 9
            [37] => 9
            [38] => 5
            [39] => 9
            [40] => 5
            [41] => 5
            [42] => 5
            [43] => 4
            [44] => 4
            [45] => 2
            [46] => 6
            [47] => 3
            [48] => 3
            [49] => 4
            [50] => 6
        )

    [X] => Array
        (
            [0] => 1
            [1] => 1
            [2] => 1
            [3] => 1
            [4] => 1
            [5] => 1
            [6] => 0
            [7] => 0
            [8] => 0
            [9] => 0
            [10] => 0
            [11] => 0
            [12] => 0
            [13] => 0
            [14] => 0
            [15] => 0
            [16] => 0
            [17] => 0
            [18] => 0
            [19] => 0
            [20] => 0
            [21] => 0
            [22] => 0
            [23] => 0
            [24] => 0
            [25] => 0
            [26] => 0
            [27] => 0
            [28] => 0
            [29] => 0
            [30] => 0
            [31] => 0
            [32] => 0
            [33] => 0
            [34] => 0
            [35] => 0
            [36] => 0
            [37] => 0
            [38] => 0
            [39] => 0
            [40] => 0
            [41] => 0
            [42] => 0
            [43] => 0
            [44] => 0
            [45] => 0
            [46] => 0
            [47] => 0
            [48] => 0
            [49] => 1
            [50] => 1
        )

    [Z] => Array
        (
            [0] => 0
            [1] => 0
            [2] => 0
            [3] => 0
            [4] => 0
            [5] => 0
            [6] => 0
            [7] => 0
            [8] => 0
            [9] => 0
            [10] => 0
            [11] => 0
            [12] => 0
            [13] => 0
            [14] => 0
            [15] => 0
            [16] => 0
            [17] => 0
            [18] => 0
            [19] => 0
            [20] => 0
            [21] => 0
            [22] => 0
            [23] => 0
            [24] => 0
            [25] => 0
            [26] => 0
            [27] => 0
            [28] => 0
            [29] => 0
            [30] => 0
            [31] => 0
            [32] => 0
            [33] => 0
            [34] => 0
            [35] => 0
            [36] => 0
            [37] => 0
            [38] => 0
            [39] => 0
            [40] => 0
            [41] => 0
            [42] => 0
            [43] => 0
            [44] => 0
            [45] => 0
            [46] => 0
            [47] => 0
            [48] => 0
            [49] => 0
            [50] => 0
            [51] => 0
            [52] => 0
            [53] => 0
            [54] => 0
            [55] => 0
            [56] => 0
            [57] => 0
            [58] => 0
            [59] => 0
            [60] => 0
            [61] => 0
            [62] => 0
            [63] => 0
            [64] => 0
            [65] => 0
            [66] => 0
            [67] => 0
            [68] => 0
            [69] => 0
            [70] => 0
            [71] => 0
            [72] => 0
            [73] => 0
            [74] => 0
            [75] => 0
            [76] => 0
            [77] => 1
            [78] => 0
            [79] => 0
            [80] => 0
            [81] => 0
            [82] => 0
            [83] => 0
            [84] => 0
            [85] => 0
            [86] => 0
            [87] => 0
            [88] => 0
            [89] => 0
            [90] => 0
            [91] => 0
            [92] => 0
            [93] => 0
            [94] => 0
            [95] => 0
            [96] => 0
            [97] => 0
            [98] => 0
            [99] => 0
            [100] => 0
            [101] => 0
            [102] => 0
            [103] => 0
            [104] => 0
            [105] => 0
            [106] => 0
            [107] => 0
            [108] => 0
            [109] => 0
            [110] => 0
            [111] => 0
            [112] => 0
            [113] => 0
            [114] => 0
            [115] => 0
            [116] => 0
            [117] => 0
            [118] => 0
            [119] => 0
            [120] => 0
            [121] => 0
            [122] => 0
            [123] => 0
            [124] => 0
            [125] => 0
            [126] => 0
            [127] => 0
            [128] => 0
            [129] => 0
            [130] => 0
            [131] => 0
            [132] => 0
            [133] => 0
            [134] => 0
            [135] => 0
            [136] => 0
            [137] => 0
            [138] => 0
            [139] => 0
            [140] => 0
            [141] => 0
            [142] => 0
            [143] => 0
            [144] => 0
            [145] => 0
            [146] => 0
            [147] => 0
            [148] => 0
            [149] => 0
            [150] => 0
            [151] => 0
            [152] => 0
            [153] => 0
            [154] => 0
            [155] => 0
            [156] => 0
            [157] => 1
            [158] => 0
            [159] => 0
            [160] => 0
            [161] => 0
            [162] => 0
            [163] => 0
            [164] => 0
            [165] => 0
            [166] => 0
            [167] => 0
            [168] => 0
            [169] => 0
            [170] => 0
            [171] => 0
            [172] => 0
            [173] => 0
            [174] => 0
            [175] => 0
            [176] => 0
            [177] => 1
            [178] => 0
            [179] => 0
            [180] => 0
            [181] => 0
            [182] => 0
            [183] => 0
            [184] => 0
            [185] => 0
            [186] => 0
            [187] => 0
            [188] => 0
            [189] => 0
            [190] => 0
            [191] => 1
            [192] => 0
            [193] => 0
            [194] => 0
            [195] => 0
            [196] => 0
            [197] => 0
            [198] => 0
            [199] => 1
            [200] => 0
            [201] => 0
            [202] => 0
            [203] => 0
            [204] => 0
            [205] => 0
            [206] => 0
            [207] => 0
            [208] => 0
            [209] => 0
            [210] => 0
            [211] => 0
            [212] => 0
            [213] => 0
            [214] => 0
            [215] => 0
            [216] => 0
            [217] => 1
            [218] => 0
            [219] => 0
            [220] => 0
            [221] => 0
            [222] => 0
            [223] => 0
            [224] => 0
            [225] => 0
            [226] => 0
            [227] => 1
            [228] => 0
            [229] => 0
            [230] => 0
            [231] => 0
            [232] => 0
            [233] => 0
            [234] => 0
            [235] => 0
            [236] => 0
            [237] => 0
            [238] => 0
            [239] => 0
            [240] => 0
            [241] => 0
            [242] => 1
            [243] => 0
            [244] => 0
            [245] => 0
            [246] => 0
            [247] => 0
            [248] => 0
            [249] => 1
            [250] => 0
            [251] => 0
            [252] => 0
            [253] => 0
            [254] => 0
            [255] => 0
            [256] => 0
            [257] => 1
            [258] => 0
            [259] => 0
            [260] => 0
            [261] => 0
            [262] => 0
            [263] => 0
            [264] => 0
            [265] => 0
            [266] => 0
            [267] => 1
            [268] => 0
            [269] => 0
            [270] => 0
            [271] => 0
            [272] => 0
            [273] => 0
            [274] => 0
            [275] => 0
            [276] => 0
            [277] => 0
            [278] => 0
            [279] => 0
            [280] => 0
            [281] => 0
            [282] => 0
            [283] => 0
            [284] => 0
            [285] => 0
            [286] => 0
            [287] => 0
            [288] => 0
            [289] => 1
            [290] => 0
            [291] => 0
            [292] => 0
            [293] => 0
            [294] => 0
            [295] => 0
            [296] => 0
            [297] => 1
            [298] => 0
            [299] => 0
            [300] => 0
            [301] => 0
            [302] => 0
            [303] => 0
            [304] => 0
            [305] => 0
            [306] => 0
            [307] => 0
            [308] => 0
            [309] => 0
            [310] => 0
            [311] => 0
            [312] => 0
            [313] => 0
            [314] => 0
            [315] => 0
            [316] => 0
            [317] => 0
            [318] => 0
            [319] => 1
            [320] => 0
            [321] => 0
            [322] => 0
            [323] => 0
            [324] => 0
            [325] => 0
            [326] => 0
            [327] => 0
            [328] => 0
            [329] => 0
            [330] => 0
            [331] => 0
            [332] => 0
            [333] => 0
            [334] => 0
            [335] => 0
            [336] => 0
            [337] => 0
            [338] => 0
            [339] => 0
            [340] => 0
            [341] => 0
            [342] => 0
            [343] => 0
            [344] => 0
            [345] => 0
            [346] => 0
            [347] => 1
            [348] => 0
            [349] => 0
            [350] => 0
            [351] => 0
            [352] => 0
            [353] => 0
            [354] => 0
            [355] => 0
            [356] => 0
            [357] => 0
            [358] => 0
            [359] => 0
            [360] => 0
            [361] => 0
            [362] => 0
            [363] => 0
            [364] => 0
            [365] => 0
            [366] => 0
            [367] => 1
            [368] => 0
            [369] => 0
            [370] => 0
            [371] => 0
            [372] => 0
            [373] => 0
            [374] => 0
            [375] => 0
            [376] => 0
            [377] => 0
            [378] => 0
            [379] => 0
            [380] => 0
            [381] => 0
            [382] => 0
            [383] => 0
            [384] => 0
            [385] => 0
            [386] => 0
            [387] => 0
            [388] => 0
            [389] => 1
            [390] => 0
            [391] => 0
            [392] => 0
            [393] => 0
            [394] => 0
            [395] => 0
            [396] => 0
            [397] => 0
            [398] => 0
            [399] => 0
            [400] => 0
            [401] => 0
            [402] => 0
            [403] => 0
            [404] => 0
            [405] => 0
            [406] => 0
            [407] => 0
            [408] => 0
            [409] => 1
            [410] => 0
            [411] => 0
            [412] => 0
            [413] => 0
            [414] => 0
            [415] => 0
            [416] => 0
            [417] => 0
            [418] => 0
            [419] => 1
            [420] => 0
            [421] => 0
            [422] => 0
            [423] => 0
            [424] => 0
            [425] => 0
            [426] => 0
            [427] => 0
            [428] => 0
            [429] => 1
            [430] => 0
            [431] => 0
            [432] => 0
            [433] => 0
            [434] => 0
            [435] => 0
            [436] => 0
            [437] => 0
            [438] => 0
            [439] => 1
            [440] => 0
            [441] => 0
            [442] => 0
            [443] => 0
            [444] => 0
            [445] => 0
            [446] => 0
            [447] => 0
            [448] => 0
            [449] => 1
            [450] => 0
            [451] => 0
            [452] => 0
            [453] => 0
            [454] => 0
            [455] => 0
            [456] => 0
            [457] => 0
            [458] => 0
            [459] => 0
            [460] => 0
            [461] => 0
            [462] => 0
            [463] => 0
            [464] => 0
            [465] => 0
            [466] => 0
            [467] => 0
            [468] => 0
            [469] => 1
            [470] => 0
            [471] => 0
            [472] => 0
            [473] => 0
            [474] => 0
            [475] => 0
            [476] => 0
            [477] => 0
            [478] => 0
            [479] => 0
            [480] => 0
            [481] => 0
            [482] => 0
            [483] => 0
            [484] => 0
            [485] => 0
            [486] => 0
            [487] => 0
            [488] => 0
            [489] => 1
            [490] => 0
            [491] => 0
            [492] => 0
            [493] => 0
            [494] => 0
            [495] => 0
            [496] => 0
            [497] => 0
            [498] => 0
            [499] => 1
            [500] => 0
            [501] => 0
            [502] => 0
            [503] => 0
            [504] => 0
            [505] => 0
            [506] => 0
            [507] => 0
            [508] => 0
            [509] => 1
        )

    [Q] => Array
        (
            [0] => 0
            [1] => 0
            [2] => 0
            [3] => 0
            [4] => 0
            [5] => 0
            [6] => 0
            [7] => 0
            [8] => 0
            [9] => 0
            [10] => 0
            [11] => 0
            [12] => 0
            [13] => 0
            [14] => 0
            [15] => 0
            [16] => 0
            [17] => 0
            [18] => 0
            [19] => 0
            [20] => 0
            [21] => 0
            [22] => 0
            [23] => 0
            [24] => 0
            [25] => 0
            [26] => 0
            [27] => 0
            [28] => 0
            [29] => 0
            [30] => 0
            [31] => 0
            [32] => 0
            [33] => 0
            [34] => 0
            [35] => 0
            [36] => 0
            [37] => 0
            [38] => 0
            [39] => 0
            [40] => 0
            [41] => 0
            [42] => 0
            [43] => 0
            [44] => 0
            [45] => 0
            [46] => 0
            [47] => 0
            [48] => 0
            [49] => 0
            [50] => 0
            [51] => 0
            [52] => 0
            [53] => 0
            [54] => 0
            [55] => 0
            [56] => 0
            [57] => 0
            [58] => 0
            [59] => 0
            [60] => 0
            [61] => 0
            [62] => 0
            [63] => 0
            [64] => 0
            [65] => 0
            [66] => 0
            [67] => 0
            [68] => 0
            [69] => 0
            [70] => 0
            [71] => 0
            [72] => 0
            [73] => 0
            [74] => 0
            [75] => 0
            [76] => 0
            [77] => 40
            [78] => 0
            [79] => 0
            [80] => 0
            [81] => 0
            [82] => 0
            [83] => 0
            [84] => 0
            [85] => 0
            [86] => 0
            [87] => 0
            [88] => 0
            [89] => 0
            [90] => 0
            [91] => 0
            [92] => 0
            [93] => 0
            [94] => 0
            [95] => 0
            [96] => 0
            [97] => 0
            [98] => 0
            [99] => 0
            [100] => 0
            [101] => 0
            [102] => 0
            [103] => 0
            [104] => 0
            [105] => 0
            [106] => 0
            [107] => 0
            [108] => 0
            [109] => 0
            [110] => 0
            [111] => 0
            [112] => 0
            [113] => 0
            [114] => 0
            [115] => 0
            [116] => 0
            [117] => 0
            [118] => 0
            [119] => 0
            [120] => 0
            [121] => 0
            [122] => 0
            [123] => 0
            [124] => 0
            [125] => 0
            [126] => 0
            [127] => 0
            [128] => 0
            [129] => 0
            [130] => 0
            [131] => 0
            [132] => 0
            [133] => 0
            [134] => 0
            [135] => 0
            [136] => 0
            [137] => 0
            [138] => 0
            [139] => 0
            [140] => 0
            [141] => 0
            [142] => 0
            [143] => 0
            [144] => 0
            [145] => 0
            [146] => 0
            [147] => 0
            [148] => 0
            [149] => 0
            [150] => 0
            [151] => 0
            [152] => 0
            [153] => 0
            [154] => 0
            [155] => 0
            [156] => 0
            [157] => 40
            [158] => 0
            [159] => 0
            [160] => 0
            [161] => 0
            [162] => 0
            [163] => 0
            [164] => 0
            [165] => 0
            [166] => 0
            [167] => 0
            [168] => 0
            [169] => 0
            [170] => 0
            [171] => 0
            [172] => 0
            [173] => 0
            [174] => 0
            [175] => 0
            [176] => 0
            [177] => 120
            [178] => 0
            [179] => 0
            [180] => 0
            [181] => 0
            [182] => 0
            [183] => 0
            [184] => 0
            [185] => 0
            [186] => 0
            [187] => 0
            [188] => 0
            [189] => 0
            [190] => 0
            [191] => 9
            [192] => 0
            [193] => 0
            [194] => 0
            [195] => 0
            [196] => 0
            [197] => 0
            [198] => 0
            [199] => 11
            [200] => 0
            [201] => 0
            [202] => 0
            [203] => 0
            [204] => 0
            [205] => 0
            [206] => 0
            [207] => 0
            [208] => 0
            [209] => 0
            [210] => 0
            [211] => 0
            [212] => 0
            [213] => 0
            [214] => 0
            [215] => 0
            [216] => 0
            [217] => 120
            [218] => 0
            [219] => 0
            [220] => 0
            [221] => 0
            [222] => 0
            [223] => 0
            [224] => 0
            [225] => 0
            [226] => 0
            [227] => 80
            [228] => 0
            [229] => 0
            [230] => 0
            [231] => 0
            [232] => 0
            [233] => 0
            [234] => 0
            [235] => 0
            [236] => 0
            [237] => 0
            [238] => 0
            [239] => 0
            [240] => 0
            [241] => 0
            [242] => 7
            [243] => 0
            [244] => 0
            [245] => 0
            [246] => 0
            [247] => 0
            [248] => 0
            [249] => 53
            [250] => 0
            [251] => 0
            [252] => 0
            [253] => 0
            [254] => 0
            [255] => 0
            [256] => 0
            [257] => 40
            [258] => 0
            [259] => 0
            [260] => 0
            [261] => 0
            [262] => 0
            [263] => 0
            [264] => 0
            [265] => 0
            [266] => 0
            [267] => 60
            [268] => 0
            [269] => 0
            [270] => 0
            [271] => 0
            [272] => 0
            [273] => 0
            [274] => 0
            [275] => 0
            [276] => 0
            [277] => 0
            [278] => 0
            [279] => 0
            [280] => 0
            [281] => 0
            [282] => 0
            [283] => 0
            [284] => 0
            [285] => 0
            [286] => 0
            [287] => 0
            [288] => 0
            [289] => 320
            [290] => 0
            [291] => 0
            [292] => 0
            [293] => 0
            [294] => 0
            [295] => 0
            [296] => 0
            [297] => 120
            [298] => 0
            [299] => 0
            [300] => 0
            [301] => 0
            [302] => 0
            [303] => 0
            [304] => 0
            [305] => 0
            [306] => 0
            [307] => 0
            [308] => 0
            [309] => 0
            [310] => 0
            [311] => 0
            [312] => 0
            [313] => 0
            [314] => 0
            [315] => 0
            [316] => 0
            [317] => 0
            [318] => 0
            [319] => 180
            [320] => 0
            [321] => 0
            [322] => 0
            [323] => 0
            [324] => 0
            [325] => 0
            [326] => 0
            [327] => 0
            [328] => 0
            [329] => 0
            [330] => 0
            [331] => 0
            [332] => 0
            [333] => 0
            [334] => 0
            [335] => 0
            [336] => 0
            [337] => 0
            [338] => 0
            [339] => 0
            [340] => 0
            [341] => 0
            [342] => 0
            [343] => 0
            [344] => 0
            [345] => 0
            [346] => 0
            [347] => 80
            [348] => 0
            [349] => 0
            [350] => 0
            [351] => 0
            [352] => 0
            [353] => 0
            [354] => 0
            [355] => 0
            [356] => 0
            [357] => 0
            [358] => 0
            [359] => 0
            [360] => 0
            [361] => 0
            [362] => 0
            [363] => 0
            [364] => 0
            [365] => 0
            [366] => 0
            [367] => 160
            [368] => 0
            [369] => 0
            [370] => 0
            [371] => 0
            [372] => 0
            [373] => 0
            [374] => 0
            [375] => 0
            [376] => 0
            [377] => 0
            [378] => 0
            [379] => 0
            [380] => 0
            [381] => 0
            [382] => 0
            [383] => 0
            [384] => 0
            [385] => 0
            [386] => 0
            [387] => 0
            [388] => 0
            [389] => 120
            [390] => 0
            [391] => 0
            [392] => 0
            [393] => 0
            [394] => 0
            [395] => 0
            [396] => 0
            [397] => 0
            [398] => 0
            [399] => 0
            [400] => 0
            [401] => 0
            [402] => 0
            [403] => 0
            [404] => 0
            [405] => 0
            [406] => 0
            [407] => 0
            [408] => 0
            [409] => 1080
            [410] => 0
            [411] => 0
            [412] => 0
            [413] => 0
            [414] => 0
            [415] => 0
            [416] => 0
            [417] => 0
            [418] => 0
            [419] => 360
            [420] => 0
            [421] => 0
            [422] => 0
            [423] => 0
            [424] => 0
            [425] => 0
            [426] => 0
            [427] => 0
            [428] => 0
            [429] => 240
            [430] => 0
            [431] => 0
            [432] => 0
            [433] => 0
            [434] => 0
            [435] => 0
            [436] => 0
            [437] => 0
            [438] => 0
            [439] => 240
            [440] => 0
            [441] => 0
            [442] => 0
            [443] => 0
            [444] => 0
            [445] => 0
            [446] => 0
            [447] => 0
            [448] => 0
            [449] => 160
            [450] => 0
            [451] => 0
            [452] => 0
            [453] => 0
            [454] => 0
            [455] => 0
            [456] => 0
            [457] => 0
            [458] => 0
            [459] => 0
            [460] => 0
            [461] => 0
            [462] => 0
            [463] => 0
            [464] => 0
            [465] => 0
            [466] => 0
            [467] => 0
            [468] => 0
            [469] => 240
            [470] => 0
            [471] => 0
            [472] => 0
            [473] => 0
            [474] => 0
            [475] => 0
            [476] => 0
            [477] => 0
            [478] => 0
            [479] => 0
            [480] => 0
            [481] => 0
            [482] => 0
            [483] => 0
            [484] => 0
            [485] => 0
            [486] => 0
            [487] => 0
            [488] => 0
            [489] => 720
            [490] => 0
            [491] => 0
            [492] => 0
            [493] => 0
            [494] => 0
            [495] => 0
            [496] => 0
            [497] => 0
            [498] => 0
            [499] => 960
            [500] => 0
            [501] => 0
            [502] => 0
            [503] => 0
            [504] => 0
            [505] => 0
            [506] => 0
            [507] => 0
            [508] => 0
            [509] => 2160
        )

    [E] => 99971032
    [Cap] => 100000000
    [Tax] => 15
    [STABILITY_ORIGINAL_OBJECTIVE] => 2139125.56548
    [STABILITY_SCORE] => 4
    [DELIVER] => Array
        (
            [0] => S8=>P7
            [1] => S8=>P15
            [2] => S8=>P17
            [3] => S2=>P19
            [4] => S10=>P19
            [5] => S8=>P21
            [6] => S8=>P22
            [7] => S3=>P24
            [8] => S10=>P24
            [9] => S8=>P25
            [10] => S8=>P26
            [11] => S10=>P28
            [12] => S8=>P29
            [13] => S10=>P31
            [14] => S8=>P34
            [15] => S8=>P36
            [16] => S10=>P38
            [17] => S10=>P40
            [18] => S10=>P41
            [19] => S10=>P42
            [20] => S10=>P43
            [21] => S10=>P44
            [22] => S10=>P46
            [23] => S10=>P48
            [24] => S10=>P49
            [25] => S10=>P50
        )

    [_raw_output] => 
<<< setup

0 0 -1 0 1 0,25 0,5 0,8 1 0 0 0 0 13
1 2 0 5000 1 0,25 0,5 0,8 1 0 10000 1000 1500 13
2 5 1 900 1 0,25 0,5 0,8 1 0 9486 948,6 1500 13
3 7 1 890 1 0,25 0,5 0,8 1 0 8704 870,4 1500 13
4 6 1 910 1 0,25 0,5 0,8 1 0 8059 805,9 1500 13
5 4 1 860 2 0,25 0,5 0,8 1 0 7962 796,2 1500 13
6 4 2 880 3 0,25 0,5 0,8 1 0 7861 786,1 1500 13
7 3 2 800 2 0,25 0,5 0,8 1 0 7628 762,8 1500 13
8 3 2 780 1 0,25 0,5 0,8 1 0 7050 705 1500 13
9 3 3 790 2 0,25 0,5 0,8 1 0 6976 697,6 1500 13
10 4 3 750 3 0,25 0,5 0,8 1 0 6291 629,1 1500 13
11 3 4 690 2 0,25 0,5 0,8 1 0 6234 623,4 1500 13
12 5 4 660 3 0,25 0,5 0,8 1 0 6199 619,9 1500 13
13 5 5 600 8 0,25 0,5 0,5 1 0 6088 608,8 1500 13
14 4 5 640 6 0,25 0,5 0,5 1 0 5680 568 1500 13
15 2 5 700 2 0,25 0,5 0,5 1 0 5673 567,3 1500 13
16 4 6 660 9 0,25 0,5 0,5 1 0 5507 550,7 1500 13
17 6 6 580 6 0,25 0,5 0,5 1 0 5360 536 1500 13
18 3 67 550 2 0,25 0,5 0,5 1 0 5290 529 1500 13
19 3 8 570 1 0,25 0,5 0,5 1 0 5168 516,8 1500 13
20 5 8 600 2 0,25 0,5 0,5 1 0 4944 494,4 1500 13
21 7 9 540 6 0,25 0,5 0,5 1 0 4747 474,7 1500 13
22 6 9 510 4 0,25 0,5 0,5 1 0 4417 441,7 1500 13
23 3 9 590 4 0,25 0,5 0,5 1 0 4033 403,3 1500 13
24 4 10 400 3 0,25 0,5 0,5 1 0 3891 389,1 1500 13
25 3 11 490 2 0,25 0,5 0,5 1 0 3601 360,1 1500 13
26 3 12 480 3 0,25 0,5 0,5 1 0 3279 327,9 1500 13
27 5 12 520 6 0,25 0,5 0,5 1 0 3175 317,5 1500 13
28 4 13 400 16 0,25 0,5 0,5 1 0 2984 298,4 1500 13
29 3 14 480 6 0,25 0,5 0,5 1 0 2866 286,6 1500 13
30 2 14 490 18 0,25 0,5 0,5 1 0 2606 260,6 1500 13
31 5 16 460 9 0,25 0,5 0,5 1 0 2427 242,7 1500 13
32 4 16 500 9 0,25 0,5 0,5 1 0 2231 223,1 1500 13
33 3 18 470 6 0,25 0,5 0,5 1 0 2091 209,1 1500 13
34 3 18 300 4 0,25 0,5 0,5 1 0 1993 199,3 1500 13
35 5 20 380 4 0,25 0,5 0,5 1 0 1837 183,7 1500 13
36 4 23 330 8 0,25 0,5 0,5 1 0 1683 168,3 1500 13
37 3 23 340 12 0,25 0,5 0,5 1 0 1682 168,2 1500 13
38 4 27 350 6 0,25 0,5 0,5 1 0 1589 158,9 1500 13
39 6 30 360 18 0,25 0,5 0,5 1 0 1439 143,9 1500 13
40 4 30 310 54 0,25 0,5 0,5 1 0 1404 140,4 1500 13
41 4 32 330 18 0,25 0,5 0,5 1 0 1265 126,5 1500 13
42 4 33 290 12 0,25 0,5 0,5 1 0 1153 115,3 1500 13
43 3 33 270 12 0,25 0,5 0,5 1 0 1138 113,8 1500 13
44 3 35 260 8 0,25 0,5 0,5 1 0 1094 109,4 1500 13
45 2 37 270 12 0,25 0,5 0,5 1 0 997 99,7 1500 13
46 5 37 270 12 0,25 0,5 0,5 1 0 964 96,4 1500 13
47 3 39 100 54 0,25 0,5 0,5 1 0 917 91,7 1500 13
48 2 39 110 36 0,25 0,5 0,5 1 0 833 83,3 1500 13
49 3 45 50 48 0,25 0,5 0,5 1 0 753 75,3 1500 13
50 5 47 30 108 0,25 0,5 0,5 1 0 723 72,3 1500 13
Node nums: [0 1 2 3 4 5 6 7 8 9 10 11 12 13 14 15 16 17 18 19 20 21 22 23 24 25 26 27
     28 29 30 31 32 33 34 35 36 37 38 39 40 41 42 43 44 45 46 47 48 49 50]
xx-Data uploaded-xx
	**** start init su array ...
0 [0 0 0 0 0 0 0 0 0 0]
1 [0 0 0 0 0 0 0 0 0 0]
2 [0 0 0 0 0 0 0 0 0 0]
3 [0 0 0 0 0 0 0 0 0 0]
4 [0 0 0 0 0 0 0 0 0 0]
5 [0 0 0 0 0 0 0 0 0 0]
6 [0 0 0 0 0 0 0 0 0 0]
7 [1 1 1 1 1 1 1 1 1 1]
8 [0 0 0 0 0 0 0 0 0 0]
9 [0 0 0 0 0 0 0 0 0 0]
10 [0 0 0 0 0 0 0 0 0 0]
11 [0 0 0 0 0 0 0 0 0 0]
12 [0 0 0 0 0 0 0 0 0 0]
13 [0 0 0 0 0 0 0 0 0 0]
14 [0 0 0 0 0 0 0 0 0 0]
15 [1 1 1 1 1 1 1 1 1 1]
16 [0 0 0 0 0 0 0 0 0 0]
17 [1 1 1 1 1 1 1 1 1 1]
18 [0 0 0 0 0 0 0 0 0 0]
19 [1 1 1 1 1 1 1 1 1 1]
20 [0 0 0 0 0 0 0 0 0 0]
21 [1 1 1 1 1 1 1 1 1 1]
22 [1 1 1 1 1 1 1 1 1 1]
23 [0 0 0 0 0 0 0 0 0 0]
24 [1 1 1 1 1 1 1 1 1 1]
25 [1 1 1 1 1 1 1 1 1 1]
26 [1 1 1 1 1 1 1 1 1 1]
27 [0 0 0 0 0 0 0 0 0 0]
28 [1 1 1 1 1 1 1 1 1 1]
29 [1 1 1 1 1 1 1 1 1 1]
30 [0 0 0 0 0 0 0 0 0 0]
31 [1 1 1 1 1 1 1 1 1 1]
32 [0 0 0 0 0 0 0 0 0 0]
33 [0 0 0 0 0 0 0 0 0 0]
34 [1 1 1 1 1 1 1 1 1 1]
35 [1 1 1 1 1 1 1 1 1 1]
36 [1 1 1 1 1 1 1 1 1 1]
37 [0 0 0 0 0 0 0 0 0 0]
38 [1 1 1 1 1 1 1 1 1 1]
39 [0 0 0 0 0 0 0 0 0 0]
40 [1 1 1 1 1 1 1 1 1 1]
41 [1 1 1 1 1 1 1 1 1 1]
42 [1 1 1 1 1 1 1 1 1 1]
43 [1 1 1 1 1 1 1 1 1 1]
44 [1 1 1 1 1 1 1 1 1 1]
45 [0 0 0 0 0 0 0 0 0 0]
46 [1 1 1 1 1 1 1 1 1 1]
47 [0 0 0 0 0 0 0 0 0 0]
48 [1 1 1 1 1 1 1 1 1 1]
49 [1 1 1 1 1 1 1 1 1 1]
50 [1 1 1 1 1 1 1 1 1 1]
	**** end init su array ...
1 2 1 700 80 0.85 0.92 0.8 (9)9
2 2 0.9 800 75 0.82 0.90 0.9 (9)9
3 1 1.1 680 90 0.88 0.95 0.5 (9)9
4 1 1 480 100 0.86 0.93 0.6 (9)9
5 5 0.6 550 40 0.72 0.78 1.5 (9)9
6 6 0.5 650 45 0.70 0.75 2.0 (9)9
7 7 0.5 1100 40 0.68 0.72 2.5 (9)9
8 5 0.3 700 30 0.65 0.70 1.8 (9)9
9 9 0.2 1700 15 0.60 0.65 3.5 (9)9
10 1 0.8 5800 40 0.80 0.88 0.7 (9)9

<<< generate

Version identifier: 20.1.0.0 | 2020-11-10 | 9bedb6d68
CPXPARAM_TimeLimit                               300
Tried aggregator 3 times.
MIP Presolve eliminated 16803 rows and 1593 columns.
MIP Presolve modified 2287 coefficients.
Aggregator did 244 substitutions.
Reduced MIP has 1683 rows, 866 columns, and 5089 nonzeros.
Reduced MIP has 289 binaries, 577 generals, 0 SOSs, and 0 indicators.
Presolve time = 0,00 sec. (22,19 ticks)
Probing fixed 0 vars, tightened 400 bounds.
Probing time = 0,00 sec. (3,03 ticks)
Cover probing fixed 0 vars, tightened 24 bounds.
Tried aggregator 1 time.
Detecting symmetries...
MIP Presolve eliminated 72 rows and 0 columns.
MIP Presolve modified 984 coefficients.
Reduced MIP has 1611 rows, 866 columns, and 4945 nonzeros.
Reduced MIP has 289 binaries, 577 generals, 0 SOSs, and 0 indicators.
Presolve time = 0,00 sec. (3,51 ticks)
Probing fixed 0 vars, tightened 57 bounds.
Probing time = 0,00 sec. (1,80 ticks)
MIP emphasis: balance optimality and feasibility.
MIP search method: dynamic search.
Parallel mode: deterministic, using up to 20 threads.
Root relaxation solution time = 0,02 sec. (15,85 ticks)

        Nodes                                         Cuts/
   Node  Left     Objective  IInf  Best Integer    Best Bound    ItCnt     Gap

      0     0      -48,2315   310                    -48,2315      592         
      0     0      -28,9521   278                   Cuts: 281      978         
      0     0      -22,0865   316                   Cuts: 146     1170         
      0     0      -20,6656   352                    Cuts: 70     1289         
      0     0      -20,2395   360                    Cuts: 66     1362         
      0     0      -20,1528   364                    Cuts: 38     1402         
Detecting symmetries...
      0     0      -19,9386   363                    Cuts: 51     1445         
      0     0      -19,9166   375                    Cuts: 32     1469         
      0     0      -19,8731   376                    Cuts: 34     1499         
      0     0      -19,8311   390                    Cuts: 32     1524         
      0     0      -19,8072   395                    Cuts: 31     1543         
      0     0      -19,5136   388                    Cuts: 33     1581         
      0     0      -19,5028   408                    Cuts: 36     1601         
      0     0      -19,4805   396                    Cuts: 28     1625         
      0     0      -19,4542   387                    Cuts: 29     1650         
      0     0      -19,4174   384                    Cuts: 16     1674         
      0     0      -19,4150   390                    Cuts: 16     1681         
      0     0      -19,4126   391                    Cuts: 10     1695         
Detecting symmetries...
      0     2      -19,4126   391                    -18,5269     1695         
Elapsed time = 0,63 sec. (607,36 ticks, tree = 0,02 MB, solutions = 0)
   1389   422       -9,7693   223                    -16,5459    53501         
   3562  1381      -11,2499   174                    -13,9039   113009         
   5738  2623       -6,8485   152                    -11,8813   177271         
   8539  3986       -7,6908    95                    -11,4038   252566         
  10943  5132       -5,3021   130                    -11,3440   306824         
  13747  6889       -8,6435   103                    -11,1580   396411         
  16110  7892    infeasible                          -11,0450   451658         
  18990  9512    infeasible                          -10,9805   543477         
  21171 10560       -5,2360   175                    -10,9281   609514         
  31869 15405    infeasible                          -10,6732   888447         
Elapsed time = 3,69 sec. (3707,90 ticks, tree = 26,61 MB, solutions = 0)
  42230 19906       -6,0456   169                    -10,5044  1173481         
  53034 24662       -8,0502   155                    -10,4314  1512342         
  62642 28120    infeasible                          -10,2870  1783972         
  73314 32575       -7,7869   160                    -10,1740  2115735         
  82678 36567       -9,8258   172                    -10,0682  2442148         
  92960 39555       -5,6301    93                     -9,9747  2718580         
 101659 43010    infeasible                           -9,8853  3047674         
 111788 46091       -8,4919   101                     -9,8125  3374308         
 122010 49864    infeasible                           -9,7290  3795127         
 130269 52236    infeasible                           -9,6442  4017157         
Elapsed time = 13,67 sec. (13245,63 ticks, tree = 93,86 MB, solutions = 0)
 140260 55593       -7,9026   163                     -9,5788  4427526         
 150166 57823       -5,8987   151                     -9,5065  4728026         
 158618 60908    infeasible                           -9,4367  5114535         
 168414 62998       -7,9807   151                     -9,3788  5383791         
 178656 65879    infeasible                           -9,3261  5721659         
 187027 68495    infeasible                           -9,2679  6061098         
 196462 70838       -7,2218   104                     -9,2191  6367987         
 206189 73230       -8,7147   164                     -9,1732  6742799         
 214297 75611    infeasible                           -9,1130  7088610         
 223896 77363    infeasible                           -9,0612  7382310         
Elapsed time = 23,45 sec. (22783,21 ticks, tree = 143,17 MB, solutions = 0)
 234111 80090    infeasible                           -9,0107  7735101         
 242299 83032       -5,6237   150                     -8,9720  8139017         
 252791 85790       -6,9551   125                     -8,9323  8441610         
 263348 88469    infeasible                           -8,8892  8741771         
 273969 92041    infeasible                           -8,8448  9137088         
 282317 94866    infeasible                           -8,8115  9461481         
 292975 96938       -7,1537   135                     -8,7593  9707456         
 303585 100117       -5,1674    86                     -8,7205 10070933         
 312779 103880       -8,3833   126                     -8,6802 10540663         
 322211 105996    infeasible                           -8,6494 10817686         
Elapsed time = 33,20 sec. (32320,59 ticks, tree = 196,07 MB, solutions = 0)
 332955 109195       -4,3881    81                     -8,6183 11179301         
 343034 111838    infeasible                           -8,5848 11464891         
 352228 114735       -2,7960   118                     -8,5472 11799387         
 361428 117581       -4,6272   165                     -8,5167 12148675         
 371336 119968       -6,8066   145                     -8,4909 12490783         
 381422 121867    infeasible                           -8,4578 12763932         
 391371 124564    infeasible                           -8,4233 13128780         
 399508 127024       -2,3973    94                     -8,3917 13464439         
 409625 130069    infeasible                           -8,3648 13872469         
 420102 133115       -8,0815   149                     -8,3310 14236618         
Elapsed time = 43,00 sec. (41858,58 ticks, tree = 246,20 MB, solutions = 0)
 429247 135266       -3,8945    83                     -8,3039 14442628         
 438597 139604       -4,1827   183                     -8,2950 14811082         
 449429 142733       -8,1435   181                     -8,2896 15047698         
 460283 147500    infeasible                           -8,2670 15443528         
 470587 150977    infeasible                           -8,2543 15778693         
 478686 153659       -3,6356   126                     -8,2367 16048089         
 489066 157082       -4,6828   147                     -8,2307 16377608         
 499773 159583    infeasible                           -8,2092 16636838         
 510370 164308       -8,1528   192                     -8,2013 17031614         
 520309 167492       -7,2185   138                     -8,1828 17316177         
Elapsed time = 52,80 sec. (51395,85 ticks, tree = 313,56 MB, solutions = 0)
 529284 171630       -4,4952   122                     -8,1659 17692264         
 540122 174568       -4,6572   152                     -8,1222 17952994         
 550918 177833       -7,9152   153                     -8,1057 18260712         
 561776 182101    infeasible                           -8,0828 18662523         
 572796 185268    infeasible                           -8,0623 18956559         
 581436 189109       -2,2000    49                     -8,0468 19248713         
 593041 193581       -8,0074    96                     -8,0311 19522581         
 604743 197985       -7,9972   133                     -8,0199 19833424         
 616593 202536    infeasible                           -8,0082 20159656         
 628677 207940       -6,0539   119                     -7,9963 20511934         
Elapsed time = 62,77 sec. (60933,17 ticks, tree = 390,08 MB, solutions = 0)
 639250 212277    infeasible                           -7,9863 20805758         
 649118 215525       -7,4181   121                     -7,9768 21018123         
 661032 220821       -6,8943   149                     -7,9690 21359712         

Performing restart 1

Repeating presolve.
Tried aggregator 1 time.
MIP Presolve modified 148 coefficients.
Reduced MIP has 1611 rows, 866 columns, and 4945 nonzeros.
Reduced MIP has 289 binaries, 577 generals, 0 SOSs, and 0 indicators.
Presolve time = 0,00 sec. (2,61 ticks)
Tried aggregator 1 time.
MIP Presolve modified 12 coefficients.
Reduced MIP has 1611 rows, 866 columns, and 4945 nonzeros.
Reduced MIP has 289 binaries, 577 generals, 0 SOSs, and 0 indicators.
Presolve time = 0,00 sec. (3,47 ticks)
Represolve time = 0,16 sec. (19,72 ticks)
 662894     0      -13,5332   412                   Cuts: 319 21612492         
 662894     0      -11,0580   433                   Cuts: 334 21612730         
 662894     0       -9,7756   341                   Cuts: 302 21612928         
 662894     0       -9,2012   361                   Cuts: 190 21613063         
 662894     0       -8,9612   381                   Cuts: 211 21613207         
 662894     0       -8,8156   352                   Cuts: 191 21613321         
 662894     0       -8,6091   377                   Cuts: 164 21613435         
 662894     0       -8,5306   373                   Cuts: 149 21613538         
 662894     0       -8,4808   365                   Cuts: 106 21613623         
 662894     0       -8,4162   369                   Cuts: 131 21613722         
 662894     0       -8,2928   317                   Cuts: 159 21613856         
 662894     0       -8,1534   337                   Cuts: 169 21613977         
 662894     0       -8,0881   347                   Cuts: 127 21614060         
 662894     0       -8,0048   342                   Cuts: 128 21614147         
 662894     0       -7,9616   350                   Cuts: 140 21614228         
 662894     0       -7,9070   341                   Cuts: 118 21614302         
 662894     0       -7,8739   363                    Cuts: 95 21614380         
 662894     0       -7,8075   303                    Cuts: 77 21614464         
 662894     0       -7,7192   339                    Cuts: 83 21614545         
 662894     0       -7,6736   313                    Cuts: 87 21614619         
 662894     0       -7,6676   346                    Cuts: 56 21614675         
 662894     0       -7,6552   322                    Cuts: 47 21614729         
 662894     0       -7,6395   331                    Cuts: 66 21614786         
 662894     0       -7,5711   337                    Cuts: 62 21614850         
 662894     0       -7,5572   333                    Cuts: 64 21614891         
 662894     0       -7,5268   342                    Cuts: 58 21614946         
 662894     0       -7,5092   356                    Cuts: 42 21614986         
 662894     0       -7,4976   358                    Cuts: 57 21615029         
 662894     0       -7,4908   352                    Cuts: 27 21615051         
 662894     0       -7,4869   348                    Cuts: 29 21615081         
 662894     0       -7,4862   334                    Cuts: 34 21615105         
 662894     0       -7,2994   326                    Cuts: 47 21615214         
 662894     0       -7,1133   337                    Cuts: 98 21615313         
 662894     0       -7,0554   351                   Cuts: 121 21615401         
 662894     0       -7,0092   357                    Cuts: 99 21615472         
 662894     0       -6,9515   354                    Cuts: 74 21615540         
 662894     0       -6,8772   339                    Cuts: 92 21615607         
 662894     0       -6,4767   358                    Cuts: 77 21615678         
 662894     0       -6,3530   355                    Cuts: 92 21615756         
 662894     0       -6,3172   348                    Cuts: 81 21615823         
 662894     0       -6,2499   352                    Cuts: 79 21615889         
 662894     0       -6,2039   335                   Cuts: 113 21615980         
 662894     0       -6,0914   311                   Cuts: 128 21616100         
 662894     0       -6,0479   308                   Cuts: 111 21616164         
 662894     0       -6,0294   306                    Cuts: 66 21616219         
 662894     0       -6,0105   283                    Cuts: 91 21616272         
 662894     0       -5,9760   327                    Cuts: 90 21616358         
 662894     0       -5,9567   322                    Cuts: 57 21616427         
 662894     0       -5,9491   327                    Cuts: 68 21616467         
 662894     0       -5,9425   326                    Cuts: 42 21616502         
 662894     0       -5,9258   320                    Cuts: 54 21616543         
 662894     0       -5,9090   309                    Cuts: 55 21616595         
 662894     0       -5,9005   212                   Cuts: 110 21616648         
 662894     0       -5,8964   206                    Cuts: 59 21616683         
 662894     0       -5,8921   203                    Cuts: 42 21616720         
 662894     0       -5,8906   210                    Cuts: 29 21616736         
 662894     0       -5,8880   220                    Cuts: 35 21616762         
 662894     2       -5,8880   222                     -5,8880 21616762         
*663127+   38                           -4,0000       -5,4409            36,02%

Cover cuts applied:  2
Implied bound cuts applied:  39
Flow cuts applied:  82
Mixed integer rounding cuts applied:  254
Zero-half cuts applied:  21
Lift and project cuts applied:  28
Gomory fractional cuts applied:  36

Root node processing (before b&c):
  Real time             =    0,63 sec. (606,20 ticks)
Parallel b&c, 20 threads:
  Real time             =   70,73 sec. (67950,20 ticks)
  Sync time (average)   =   11,20 sec.
  Wait time (average)   =    0,01 sec.
                          ------------
Total (root+branch&cut) =   71,36 sec. (68556,40 ticks)

<<< solve


OBJECTIVE: -4
xxxx
#Result <fct_obj, tot_cst, tot_ldt, Emiss>: <-4 2.1387e+6 473 9.9971e+7>#TS:2138652.56548#CS:2137153#TaxCost:1499.56548#A:[0,2,22,22,21,19,17,8,17,15,9,11,15,10,15,7,13,11,11,5,14,12,11,12,5,8,8,10,5,8,11,6,9,8,8,9,9,9,5,9,5,5,5,4,4,2,6,3,3,4,6]#X:[1,1,1,1,1,1,0,0,0,0,0,0,0,0,0,0,0,0,0,0,0,0,0,0,0,0,0,0,0,0,0,0,0,0,0,0,0,0,0,0,0,0,0,0,0,0,0,0,0,1,1]#Z:[0,0,0,0,0,0,0,0,0,0,0,0,0,0,0,0,0,0,0,0,0,0,0,0,0,0,0,0,0,0,0,0,0,0,0,0,0,0,0,0,0,0,0,0,0,0,0,0,0,0,0,0,0,0,0,0,0,0,0,0,0,0,0,0,0,0,0,0,0,0,0,0,0,0,0,0,0,1,0,0,0,0,0,0,0,0,0,0,0,0,0,0,0,0,0,0,0,0,0,0,0,0,0,0,0,0,0,0,0,0,0,0,0,0,0,0,0,0,0,0,0,0,0,0,0,0,0,0,0,0,0,0,0,0,0,0,0,0,0,0,0,0,0,0,0,0,0,0,0,0,0,0,0,0,0,0,0,1,0,0,0,0,0,0,0,0,0,0,0,0,0,0,0,0,0,0,0,1,0,0,0,0,0,0,0,0,0,0,0,0,0,1,0,0,0,0,0,0,0,1,0,0,0,0,0,0,0,0,0,0,0,0,0,0,0,0,0,1,0,0,0,0,0,0,0,0,0,1,0,0,0,0,0,0,0,0,0,0,0,0,0,0,1,0,0,0,0,0,0,1,0,0,0,0,0,0,0,1,0,0,0,0,0,0,0,0,0,1,0,0,0,0,0,0,0,0,0,0,0,0,0,0,0,0,0,0,0,0,0,1,0,0,0,0,0,0,0,1,0,0,0,0,0,0,0,0,0,0,0,0,0,0,0,0,0,0,0,0,0,1,0,0,0,0,0,0,0,0,0,0,0,0,0,0,0,0,0,0,0,0,0,0,0,0,0,0,0,1,0,0,0,0,0,0,0,0,0,0,0,0,0,0,0,0,0,0,0,1,0,0,0,0,0,0,0,0,0,0,0,0,0,0,0,0,0,0,0,0,0,1,0,0,0,0,0,0,0,0,0,0,0,0,0,0,0,0,0,0,0,1,0,0,0,0,0,0,0,0,0,1,0,0,0,0,0,0,0,0,0,1,0,0,0,0,0,0,0,0,0,1,0,0,0,0,0,0,0,0,0,1,0,0,0,0,0,0,0,0,0,0,0,0,0,0,0,0,0,0,0,1,0,0,0,0,0,0,0,0,0,0,0,0,0,0,0,0,0,0,0,1,0,0,0,0,0,0,0,0,0,1,0,0,0,0,0,0,0,0,0,1]#Q:[0,0,0,0,0,0,0,0,0,0,0,0,0,0,0,0,0,0,0,0,0,0,0,0,0,0,0,0,0,0,0,0,0,0,0,0,0,0,0,0,0,0,0,0,0,0,0,0,0,0,0,0,0,0,0,0,0,0,0,0,0,0,0,0,0,0,0,0,0,0,0,0,0,0,0,0,0,40,0,0,0,0,0,0,0,0,0,0,0,0,0,0,0,0,0,0,0,0,0,0,0,0,0,0,0,0,0,0,0,0,0,0,0,0,0,0,0,0,0,0,0,0,0,0,0,0,0,0,0,0,0,0,0,0,0,0,0,0,0,0,0,0,0,0,0,0,0,0,0,0,0,0,0,0,0,0,0,40,0,0,0,0,0,0,0,0,0,0,0,0,0,0,0,0,0,0,0,120,0,0,0,0,0,0,0,0,0,0,0,0,0,9,0,0,0,0,0,0,0,11,0,0,0,0,0,0,0,0,0,0,0,0,0,0,0,0,0,120,0,0,0,0,0,0,0,0,0,80,0,0,0,0,0,0,0,0,0,0,0,0,0,0,7,0,0,0,0,0,0,53,0,0,0,0,0,0,0,40,0,0,0,0,0,0,0,0,0,60,0,0,0,0,0,0,0,0,0,0,0,0,0,0,0,0,0,0,0,0,0,320,0,0,0,0,0,0,0,120,0,0,0,0,0,0,0,0,0,0,0,0,0,0,0,0,0,0,0,0,0,180,0,0,0,0,0,0,0,0,0,0,0,0,0,0,0,0,0,0,0,0,0,0,0,0,0,0,0,80,0,0,0,0,0,0,0,0,0,0,0,0,0,0,0,0,0,0,0,160,0,0,0,0,0,0,0,0,0,0,0,0,0,0,0,0,0,0,0,0,0,120,0,0,0,0,0,0,0,0,0,0,0,0,0,0,0,0,0,0,0,1080,0,0,0,0,0,0,0,0,0,360,0,0,0,0,0,0,0,0,0,240,0,0,0,0,0,0,0,0,0,240,0,0,0,0,0,0,0,0,0,160,0,0,0,0,0,0,0,0,0,0,0,0,0,0,0,0,0,0,0,240,0,0,0,0,0,0,0,0,0,0,0,0,0,0,0,0,0,0,0,720,0,0,0,0,0,0,0,0,0,960,0,0,0,0,0,0,0,0,0,2160]#E: 99971032#Cap: 100000000#Tax: 15#STABILITY_ORIGINAL_OBJECTIVE:2139125.56548#STABILITY_SCORE:4#DELIVER:
S8=>P7
S8=>P15
S8=>P17
S2=>P19
S10=>P19
S8=>P21
S8=>P22
S3=>P24
S10=>P24
S8=>P25
S8=>P26
S10=>P28
S8=>P29
S10=>P31
S8=>P34
S8=>P36
S10=>P38
S10=>P40
S10=>P41
S10=>P42
S10=>P43
S10=>P44
S10=>P46
S10=>P48
S10=>P49
S10=>P50
xxxx

<<< post process


<<< done


)
