Array
(
    [CplexRunTime] => Total (root+branch&cut) =    0,05 sec
    [status] => OPTIMAL
    [termination_reason] => OPTIMAL
    [mip_gap] => 0
    [Result] => Array
        (
            [Objective] => -2
            [TotalCost] => 52179
            [LeadTime] => 28
            [Emissions] => 2300700
        )

    [TS] => 52179.034
    [CS] => 52064
    [TaxCost] => 115.034
    [A] => Array
        (
            [0] => 0
            [1] => 2
            [2] => 5
            [3] => 10
            [4] => 4
            [5] => 7
        )

    [X] => Array
        (
            [0] => 0
            [1] => 1
            [2] => 1
            [3] => 1
            [4] => 0
            [5] => 1
        )

    [Z] => Array
        (
            [0] => 0
            [1] => 0
            [2] => 0
            [3] => 0
            [4] => 0
            [5] => 0
            [6] => 0
            [7] => 0
            [8] => 0
            [9] => 0
            [10] => 0
            [11] => 0
            [12] => 0
            [13] => 0
            [14] => 0
            [15] => 0
            [16] => 0
            [17] => 0
            [18] => 0
            [19] => 0
            [20] => 0
            [21] => 0
            [22] => 0
            [23] => 0
            [24] => 0
            [25] => 0
            [26] => 0
            [27] => 0
            [28] => 0
            [29] => 1
            [30] => 0
            [31] => 0
            [32] => 0
            [33] => 0
            [34] => 0
            [35] => 0
            [36] => 0
            [37] => 0
            [38] => 0
            [39] => 0
            [40] => 0
            [41] => 0
            [42] => 1
            [43] => 1
            [44] => 0
            [45] => 0
            [46] => 0
            [47] => 0
            [48] => 0
            [49] => 1
            [50] => 0
            [51] => 1
            [52] => 0
            [53] => 0
            [54] => 0
            [55] => 0
            [56] => 0
            [57] => 0
            [58] => 0
            [59] => 0
        )

    [Q] => Array
        (
            [0] => 0
            [1] => 0
            [2] => 0
            [3] => 0
            [4] => 0
            [5] => 0
            [6] => 0
            [7] => 0
            [8] => 0
            [9] => 0
            [10] => 0
            [11] => 0
            [12] => 0
            [13] => 0
            [14] => 0
            [15] => 0
            [16] => 0
            [17] => 0
            [18] => 0
            [19] => 0
            [20] => 0
            [21] => 0
            [22] => 0
            [23] => 0
            [24] => 0
            [25] => 0
            [26] => 0
            [27] => 0
            [28] => 0
            [29] => 20
            [30] => 0
            [31] => 0
            [32] => 0
            [33] => 0
            [34] => 0
            [35] => 0
            [36] => 0
            [37] => 0
            [38] => 0
            [39] => 0
            [40] => 0
            [41] => 0
            [42] => 12
            [43] => 78
            [44] => 0
            [45] => 0
            [46] => 0
            [47] => 0
            [48] => 0
            [49] => 30
            [50] => 0
            [51] => 40
            [52] => 0
            [53] => 0
            [54] => 0
            [55] => 0
            [56] => 0
            [57] => 0
            [58] => 0
            [59] => 0
        )

    [E] => 2300680
    [Cap] => 2492370
    [Tax] => 50
    [STABILITY_ORIGINAL_OBJECTIVE] => 52207.034
    [STABILITY_SCORE] => 2
    [DELIVER] => Array
        (
            [0] => S10=>P2
            [1] => S3=>P4
            [2] => S4=>P4
            [3] => S10=>P4
            [4] => S2=>P5
        )

    [_raw_output] => 
<<< setup

0 0 -1 0 0 0.25 0.5 0.8 1 0 0 0 0  14
1 2 0 700 1 0.25 0.5 0.8 1 0 7000 700 1500  14
2 4 1 165 1 0.25 0.5 0.8 1 0 5000 500 1500  14
3 6 1 100 2 0.25 0.5 0.8 1 0 3500 350 1500  14
4 3 3 25 6 0.25 0.5 0.8 1 0 3000 300 1500  14
5 5 3 30 2 0.25 0.5 0.8 1 0 2500 250 1500  14
Node nums: [0 1 2 3 4 5]
xx-Data uploaded-xx
	**** start init su array ...
0 [0 0 0 0 0 0 0 0 0 0]
1 [0 0 0 0 0 0 0 0 0 0]
2 [1 1 1 1 1 1 1 1 1 1]
3 [0 0 0 0 0 0 0 0 0 0]
4 [1 1 1 1 1 1 1 1 1 1]
5 [1 1 1 1 1 1 1 1 1 1]
	**** end init su array ...
1 2 1 100 80 0.85 0.92 0.8 (9)9
2 2 0.9 60 75 0.82 0.90 0.9 (9)9
3 1 1.1 80 90 0.88 0.95 0.5 (9)9
4 1 1 80 100 0.86 0.93 0.6 (9)9
5 5 0.6 50 40 0.72 0.78 1.5 (9)9
6 6 0.5 60 45 0.70 0.75 2.0 (9)9
7 7 0.5 80 40 0.68 0.72 2.5 (9)9
8 5 0.3 25 30 0.65 0.70 1.8 (9)9
9 9 0.2 250 15 0.60 0.65 3.5 (9)9
10 1 0.8 30 40 0.80 0.88 0.7 (9)9

<<< generate

Version identifier: 20.1.0.0 | 2020-11-10 | 9bedb6d68
CPXPARAM_TimeLimit                               300
Tried aggregator 2 times.
MIP Presolve eliminated 626 rows and 182 columns.
MIP Presolve modified 182 coefficients.
Aggregator did 31 substitutions.
Reduced MIP has 208 rows, 105 columns, and 605 nonzeros.
Reduced MIP has 35 binaries, 70 generals, 0 SOSs, and 0 indicators.
Presolve time = 0,00 sec. (1,32 ticks)
Probing fixed 0 vars, tightened 31 bounds.
Probing time = 0,00 sec. (0,22 ticks)
Cover probing fixed 0 vars, tightened 14 bounds.
Tried aggregator 1 time.
Detecting symmetries...
MIP Presolve eliminated 9 rows and 0 columns.
MIP Presolve modified 111 coefficients.
Reduced MIP has 199 rows, 105 columns, and 587 nonzeros.
Reduced MIP has 35 binaries, 70 generals, 0 SOSs, and 0 indicators.
Presolve time = 0,00 sec. (0,40 ticks)
Probing fixed 1 vars, tightened 10 bounds.
Probing time = 0,00 sec. (0,22 ticks)
Clique table members: 13.
MIP emphasis: balance optimality and feasibility.
MIP search method: dynamic search.
Parallel mode: deterministic, using up to 20 threads.
Root relaxation solution time = 0,00 sec. (1,06 ticks)

        Nodes                                         Cuts/
   Node  Left     Objective  IInf  Best Integer    Best Bound    ItCnt     Gap

      0     0      -22,0941    61                    -22,0941       74         
      0     0      -15,5155    54                    Cuts: 76      118         
      0     0      -15,0961    60                    Cuts: 27      130         
      0     0      -14,7744    58                    Cuts: 16      142         
      0     0      -14,4816    60                    Cuts: 16      155         
      0     0      -13,9709    62                    Cuts: 21      166         
Detecting symmetries...
      0     0      -13,5832    60                    Cuts: 19      184         
      0     0      -13,2135    54                    Cuts: 18      198         
      0     0      -13,0259    51                    Cuts: 12      204         
      0     0      -12,8447    62                     Cuts: 8      208         
      0     0      -12,7475    55                 ZeroHalf: 3      212         
      0     0      -12,6798    52                 ZeroHalf: 2      216         
      0     0      -12,5897    43                     Cuts: 6      223         
      0     0      -12,5837    43                     Cuts: 7      225         
      0     0      -12,5640    41                     Cuts: 7      229         
      0     0      -12,5451    42                 ZeroHalf: 2      231         
      0     0      -12,5413    42                     Cuts: 5      234         
      0     0      -12,5409    42                     Cuts: 4      235         
      0     0      -12,5269    42                 ZeroHalf: 1      236         
      0     0      -12,5072    40                     Cuts: 6      238         
      0     0      -12,5005    42                  MIRcuts: 1      239         
      0     0      -12,4763    43                 ZeroHalf: 1      241         
      0     0      -12,4707    43                     Cuts: 5      242         
*     0+    0                           -2,0000      -12,4707           523,54%
      0     0        cutoff             -2,0000       -2,0000      242    0,00%
Elapsed time = 0,05 sec. (43,26 ticks, tree = 0,01 MB, solutions = 1)

Implied bound cuts applied:  12
Mixed integer rounding cuts applied:  5
Zero-half cuts applied:  15
Gomory fractional cuts applied:  5

Root node processing (before b&c):
  Real time             =    0,05 sec. (43,27 ticks)
Parallel b&c, 20 threads:
  Real time             =    0,00 sec. (0,00 ticks)
  Sync time (average)   =    0,00 sec.
  Wait time (average)   =    0,00 sec.
                          ------------
Total (root+branch&cut) =    0,05 sec. (43,27 ticks)

<<< solve


OBJECTIVE: -2
xxxx
#Result <fct_obj, tot_cst, tot_ldt, Emiss>: <-2 52179 28 2.3007e+6>#TS:52179.034#CS:52064#TaxCost:115.034#A:[0,2,5,10,4,7]#X:[0,1,1,1,0,1]#Z:[0,0,0,0,0,0,0,0,0,0,0,0,0,0,0,0,0,0,0,0,0,0,0,0,0,0,0,0,0,1,0,0,0,0,0,0,0,0,0,0,0,0,1,1,0,0,0,0,0,1,0,1,0,0,0,0,0,0,0,0]#Q:[0,0,0,0,0,0,0,0,0,0,0,0,0,0,0,0,0,0,0,0,0,0,0,0,0,0,0,0,0,20,0,0,0,0,0,0,0,0,0,0,0,0,12,78,0,0,0,0,0,30,0,40,0,0,0,0,0,0,0,0]#E: 2300680#Cap: 2492370#Tax: 50#STABILITY_ORIGINAL_OBJECTIVE:52207.034#STABILITY_SCORE:2#DELIVER:
S10=>P2
S3=>P4
S4=>P4
S10=>P4
S2=>P5
xxxx

<<< post process


<<< done


)
