Array
(
    [CplexRunTime] => Total (root+branch&cut) =    0,08 sec
    [status] => OPTIMAL
    [termination_reason] => OPTIMAL
    [mip_gap] => 0
    [Result] => Array
        (
            [Objective] => 48817
            [TotalCost] => 48787
            [LeadTime] => 30
            [Emissions] => 2932200
        )

    [TS] => 48786.61
    [CS] => 48640
    [TaxCost] => 146.61
    [A] => Array
        (
            [0] => 0
            [1] => 2
            [2] => 5
            [3] => 12
            [4] => 5
            [5] => 6
        )

    [X] => Array
        (
            [0] => 0
            [1] => 1
            [2] => 1
            [3] => 1
            [4] => 0
            [5] => 0
        )

    [Z] => Array
        (
            [0] => 0
            [1] => 0
            [2] => 0
            [3] => 0
            [4] => 0
            [5] => 0
            [6] => 0
            [7] => 0
            [8] => 0
            [9] => 0
            [10] => 0
            [11] => 0
            [12] => 0
            [13] => 0
            [14] => 0
            [15] => 0
            [16] => 0
            [17] => 0
            [18] => 0
            [19] => 0
            [20] => 0
            [21] => 0
            [22] => 0
            [23] => 0
            [24] => 0
            [25] => 0
            [26] => 0
            [27] => 0
            [28] => 0
            [29] => 1
            [30] => 0
            [31] => 0
            [32] => 0
            [33] => 0
            [34] => 0
            [35] => 0
            [36] => 0
            [37] => 0
            [38] => 0
            [39] => 0
            [40] => 1
            [41] => 1
            [42] => 0
            [43] => 0
            [44] => 0
            [45] => 0
            [46] => 0
            [47] => 0
            [48] => 0
            [49] => 1
            [50] => 0
            [51] => 0
            [52] => 0
            [53] => 1
            [54] => 0
            [55] => 0
            [56] => 0
            [57] => 0
            [58] => 0
            [59] => 1
        )

    [Q] => Array
        (
            [0] => 0
            [1] => 0
            [2] => 0
            [3] => 0
            [4] => 0
            [5] => 0
            [6] => 0
            [7] => 0
            [8] => 0
            [9] => 0
            [10] => 0
            [11] => 0
            [12] => 0
            [13] => 0
            [14] => 0
            [15] => 0
            [16] => 0
            [17] => 0
            [18] => 0
            [19] => 0
            [20] => 0
            [21] => 0
            [22] => 0
            [23] => 0
            [24] => 0
            [25] => 0
            [26] => 0
            [27] => 0
            [28] => 0
            [29] => 20
            [30] => 0
            [31] => 0
            [32] => 0
            [33] => 0
            [34] => 0
            [35] => 0
            [36] => 0
            [37] => 0
            [38] => 0
            [39] => 0
            [40] => 30
            [41] => 60
            [42] => 0
            [43] => 0
            [44] => 0
            [45] => 0
            [46] => 0
            [47] => 0
            [48] => 0
            [49] => 30
            [50] => 0
            [51] => 0
            [52] => 0
            [53] => 10
            [54] => 0
            [55] => 0
            [56] => 0
            [57] => 0
            [58] => 0
            [59] => 30
        )

    [E] => 2932200
    [Cap] => 100000000
    [Tax] => 50
    [DELIVER] => Array
        (
            [0] => S10=>P2
            [1] => S1=>P4
            [2] => S2=>P4
            [3] => S10=>P4
            [4] => S4=>P5
            [5] => S10=>P5
        )

    [_raw_output] => 
<<< setup

0 0 -1 0 0 0.25 0.5 0.8 1 0 0 0 0  14
1 2 0 700 1 0.25 0.5 0.8 1 0 7000 700 1500  14
2 4 1 165 1 0.25 0.5 0.8 1 0 5000 500 1500  14
3 6 1 100 2 0.25 0.5 0.8 1 0 3500 350 1500  14
4 3 3 25 6 0.25 0.5 0.8 1 0 3000 300 1500  14
5 5 3 30 2 0.25 0.5 0.8 1 0 2500 250 1500  14
Node nums: [0 1 2 3 4 5]
xx-Data uploaded-xx
	**** start init su array ...
0 [0 0 0 0 0 0 0 0 0 0]
1 [0 0 0 0 0 0 0 0 0 0]
2 [1 1 1 1 1 1 1 1 1 1]
3 [0 0 0 0 0 0 0 0 0 0]
4 [1 1 1 1 1 1 1 1 1 1]
5 [1 1 1 1 1 1 1 1 1 1]
	**** end init su array ...
1 2 1 100 80 0.85 0.92 0.8 (9)9
2 2 0.9 60 75 0.82 0.90 0.9 (9)9
3 1 1.1 80 90 0.88 0.95 0.5 (9)9
4 1 1 80 100 0.86 0.93 0.6 (9)9
5 5 0.6 50 40 0.72 0.78 1.5 (9)9
6 6 0.5 60 45 0.70 0.75 2.0 (9)9
7 7 0.5 80 40 0.68 0.72 2.5 (9)9
8 5 0.3 25 30 0.65 0.70 1.8 (9)9
9 9 0.2 250 15 0.60 0.65 3.5 (9)9
10 1 0.8 30 40 0.80 0.88 0.7 (9)9

<<< generate

Version identifier: 20.1.0.0 | 2020-11-10 | 9bedb6d68
CPXPARAM_TimeLimit                               300
Tried aggregator 2 times.
MIP Presolve eliminated 420 rows and 93 columns.
MIP Presolve modified 22 coefficients.
Aggregator did 5 substitutions.
Reduced MIP has 199 rows, 100 columns, and 508 nonzeros.
Reduced MIP has 34 binaries, 66 generals, 0 SOSs, and 0 indicators.
Presolve time = 0,00 sec. (0,70 ticks)
Found incumbent of value 903900,618750 after 0,00 sec. (1,26 ticks)
Probing time = 0,00 sec. (0,06 ticks)
Cover probing fixed 0 vars, tightened 3 bounds.
Tried aggregator 1 time.
Detecting symmetries...
MIP Presolve eliminated 9 rows and 0 columns.
MIP Presolve modified 42 coefficients.
Reduced MIP has 190 rows, 100 columns, and 490 nonzeros.
Reduced MIP has 34 binaries, 66 generals, 0 SOSs, and 0 indicators.
Presolve time = 0,00 sec. (0,34 ticks)
Probing time = 0,00 sec. (0,06 ticks)
MIP emphasis: balance optimality and feasibility.
MIP search method: dynamic search.
Parallel mode: deterministic, using up to 20 threads.
Root relaxation solution time = 0,00 sec. (0,62 ticks)

        Nodes                                         Cuts/
   Node  Left     Objective  IInf  Best Integer    Best Bound    ItCnt     Gap

*     0+    0                       903900,6188     -593,8500           100,07%
*     0+    0                       824351,3353     -593,8500           100,07%
*     0+    0                       744758,5995     -593,8500           100,08%
*     0+    0                       739551,4282     -593,8500           100,08%
*     0+    0                       734344,2570     -593,8500           100,08%
      0     0    41425,9312    49   734344,2570    41425,9312       59   94,36%
      0     0    41803,2454    35   734344,2570      Cuts: 39       86   94,31%
      0     0    42370,2905    57   734344,2570      Cuts: 23      118   94,23%
      0     0    42572,0436    58   734344,2570      Cuts: 24      154   94,20%
      0     0    42584,5354    60   734344,2570       Cuts: 9      162   94,20%
      0     0    42593,8558    62   734344,2570       Cuts: 4      166   94,20%
Detecting symmetries...
      0     0    42608,0044    62   734344,2570       Cuts: 6      171   94,20%
      0     0    42610,9372    62   734344,2570   ZeroHalf: 3      174   94,20%
      0     0    42611,0192    62   734344,2570   ZeroHalf: 1      175   94,20%
*     0+    0                        67455,1812    42611,0192            36,83%
*     0+    0                        48816,6100    42611,0192            12,71%
      0     0        cutoff          48816,6100    48816,6100      175    0,00%
Elapsed time = 0,08 sec. (14,33 ticks, tree = 0,01 MB, solutions = 7)

Implied bound cuts applied:  23
Mixed integer rounding cuts applied:  4
Zero-half cuts applied:  6
Gomory fractional cuts applied:  4

Root node processing (before b&c):
  Real time             =    0,08 sec. (14,35 ticks)
Parallel b&c, 20 threads:
  Real time             =    0,00 sec. (0,00 ticks)
  Sync time (average)   =    0,00 sec.
  Wait time (average)   =    0,00 sec.
                          ------------
Total (root+branch&cut) =    0,08 sec. (14,35 ticks)

<<< solve


OBJECTIVE: 48816.61
xxxx
#Result <fct_obj, tot_cst, tot_ldt, Emiss>: <48817 48787 30 2.9322e+6>#TS:48786.61#CS:48640#TaxCost:146.61#A:[0,2,5,12,5,6]#X:[0,1,1,1,0,0]#Z:[0,0,0,0,0,0,0,0,0,0,0,0,0,0,0,0,0,0,0,0,0,0,0,0,0,0,0,0,0,1,0,0,0,0,0,0,0,0,0,0,1,1,0,0,0,0,0,0,0,1,0,0,0,1,0,0,0,0,0,1]#Q:[0,0,0,0,0,0,0,0,0,0,0,0,0,0,0,0,0,0,0,0,0,0,0,0,0,0,0,0,0,20,0,0,0,0,0,0,0,0,0,0,30,60,0,0,0,0,0,0,0,30,0,0,0,10,0,0,0,0,0,30]#E: 2932200#Cap: 100000000#Tax: 50#DELIVER:
S10=>P2
S1=>P4
S2=>P4
S10=>P4
S4=>P5
S10=>P5
xxxx

<<< post process


<<< done


)
