Array
(
    [CplexRunTime] => Total (root+branch&cut) =    3,20 sec
    [status] => OPTIMAL
    [termination_reason] => OPTIMAL
    [mip_gap] => 0
    [Result] => Array
        (
            [Objective] => 2123100
            [TotalCost] => 2122600
            [LeadTime] => 489
            [Emissions] => 99916000
        )

    [TS] => 2122615
    [CS] => 2122615
    [TaxCost] => 0
    [A] => Array
        (
            [0] => 0
            [1] => 2
            [2] => 23
            [3] => 22
            [4] => 21
            [5] => 16
            [6] => 18
            [7] => 8
            [8] => 17
            [9] => 15
            [10] => 9
            [11] => 11
            [12] => 15
            [13] => 10
            [14] => 12
            [15] => 7
            [16] => 14
            [17] => 11
            [18] => 14
            [19] => 12
            [20] => 14
            [21] => 12
            [22] => 11
            [23] => 12
            [24] => 5
            [25] => 8
            [26] => 8
            [27] => 10
            [28] => 5
            [29] => 8
            [30] => 8
            [31] => 10
            [32] => 9
            [33] => 11
            [34] => 8
            [35] => 9
            [36] => 9
            [37] => 9
            [38] => 5
            [39] => 6
            [40] => 5
            [41] => 5
            [42] => 5
            [43] => 8
            [44] => 4
            [45] => 6
            [46] => 6
            [47] => 3
            [48] => 3
            [49] => 4
            [50] => 6
        )

    [X] => Array
        (
            [0] => 0
            [1] => 1
            [2] => 1
            [3] => 1
            [4] => 1
            [5] => 1
            [6] => 0
            [7] => 0
            [8] => 0
            [9] => 0
            [10] => 0
            [11] => 0
            [12] => 0
            [13] => 0
            [14] => 0
            [15] => 0
            [16] => 0
            [17] => 0
            [18] => 0
            [19] => 0
            [20] => 0
            [21] => 0
            [22] => 0
            [23] => 0
            [24] => 0
            [25] => 0
            [26] => 0
            [27] => 0
            [28] => 0
            [29] => 0
            [30] => 0
            [31] => 0
            [32] => 0
            [33] => 0
            [34] => 0
            [35] => 0
            [36] => 0
            [37] => 0
            [38] => 0
            [39] => 0
            [40] => 0
            [41] => 0
            [42] => 0
            [43] => 0
            [44] => 0
            [45] => 0
            [46] => 0
            [47] => 1
            [48] => 1
            [49] => 0
            [50] => 1
        )

    [Z] => Array
        (
            [0] => 0
            [1] => 0
            [2] => 0
            [3] => 0
            [4] => 0
            [5] => 0
            [6] => 0
            [7] => 0
            [8] => 0
            [9] => 0
            [10] => 0
            [11] => 0
            [12] => 0
            [13] => 0
            [14] => 0
            [15] => 0
            [16] => 0
            [17] => 0
            [18] => 0
            [19] => 0
            [20] => 0
            [21] => 0
            [22] => 0
            [23] => 0
            [24] => 0
            [25] => 0
            [26] => 0
            [27] => 0
            [28] => 0
            [29] => 0
            [30] => 0
            [31] => 0
            [32] => 0
            [33] => 0
            [34] => 0
            [35] => 0
            [36] => 0
            [37] => 0
            [38] => 0
            [39] => 0
            [40] => 0
            [41] => 0
            [42] => 0
            [43] => 0
            [44] => 0
            [45] => 0
            [46] => 0
            [47] => 0
            [48] => 0
            [49] => 0
            [50] => 0
            [51] => 0
            [52] => 0
            [53] => 0
            [54] => 0
            [55] => 0
            [56] => 0
            [57] => 0
            [58] => 0
            [59] => 0
            [60] => 0
            [61] => 0
            [62] => 0
            [63] => 0
            [64] => 0
            [65] => 0
            [66] => 0
            [67] => 0
            [68] => 0
            [69] => 0
            [70] => 0
            [71] => 0
            [72] => 0
            [73] => 0
            [74] => 0
            [75] => 0
            [76] => 0
            [77] => 1
            [78] => 0
            [79] => 0
            [80] => 0
            [81] => 0
            [82] => 0
            [83] => 0
            [84] => 0
            [85] => 0
            [86] => 0
            [87] => 0
            [88] => 0
            [89] => 0
            [90] => 0
            [91] => 0
            [92] => 0
            [93] => 0
            [94] => 0
            [95] => 0
            [96] => 0
            [97] => 0
            [98] => 0
            [99] => 0
            [100] => 0
            [101] => 0
            [102] => 0
            [103] => 0
            [104] => 0
            [105] => 0
            [106] => 0
            [107] => 0
            [108] => 0
            [109] => 0
            [110] => 0
            [111] => 0
            [112] => 0
            [113] => 0
            [114] => 0
            [115] => 0
            [116] => 0
            [117] => 0
            [118] => 0
            [119] => 0
            [120] => 0
            [121] => 0
            [122] => 0
            [123] => 0
            [124] => 0
            [125] => 0
            [126] => 0
            [127] => 0
            [128] => 0
            [129] => 0
            [130] => 0
            [131] => 0
            [132] => 0
            [133] => 0
            [134] => 0
            [135] => 0
            [136] => 0
            [137] => 0
            [138] => 0
            [139] => 0
            [140] => 0
            [141] => 0
            [142] => 0
            [143] => 0
            [144] => 0
            [145] => 0
            [146] => 0
            [147] => 0
            [148] => 0
            [149] => 0
            [150] => 0
            [151] => 0
            [152] => 0
            [153] => 0
            [154] => 0
            [155] => 0
            [156] => 0
            [157] => 1
            [158] => 0
            [159] => 0
            [160] => 0
            [161] => 0
            [162] => 0
            [163] => 0
            [164] => 0
            [165] => 0
            [166] => 0
            [167] => 0
            [168] => 0
            [169] => 0
            [170] => 0
            [171] => 0
            [172] => 0
            [173] => 0
            [174] => 0
            [175] => 0
            [176] => 0
            [177] => 1
            [178] => 0
            [179] => 0
            [180] => 0
            [181] => 0
            [182] => 0
            [183] => 0
            [184] => 0
            [185] => 0
            [186] => 0
            [187] => 0
            [188] => 0
            [189] => 0
            [190] => 0
            [191] => 0
            [192] => 0
            [193] => 0
            [194] => 0
            [195] => 0
            [196] => 0
            [197] => 0
            [198] => 1
            [199] => 0
            [200] => 0
            [201] => 0
            [202] => 0
            [203] => 0
            [204] => 0
            [205] => 0
            [206] => 0
            [207] => 0
            [208] => 0
            [209] => 0
            [210] => 0
            [211] => 0
            [212] => 0
            [213] => 0
            [214] => 0
            [215] => 0
            [216] => 0
            [217] => 1
            [218] => 0
            [219] => 0
            [220] => 0
            [221] => 0
            [222] => 0
            [223] => 0
            [224] => 0
            [225] => 0
            [226] => 0
            [227] => 1
            [228] => 0
            [229] => 0
            [230] => 0
            [231] => 0
            [232] => 0
            [233] => 0
            [234] => 0
            [235] => 0
            [236] => 0
            [237] => 0
            [238] => 0
            [239] => 0
            [240] => 0
            [241] => 0
            [242] => 0
            [243] => 0
            [244] => 0
            [245] => 0
            [246] => 0
            [247] => 0
            [248] => 0
            [249] => 1
            [250] => 0
            [251] => 0
            [252] => 0
            [253] => 0
            [254] => 0
            [255] => 0
            [256] => 0
            [257] => 1
            [258] => 0
            [259] => 0
            [260] => 0
            [261] => 0
            [262] => 0
            [263] => 0
            [264] => 0
            [265] => 0
            [266] => 0
            [267] => 1
            [268] => 0
            [269] => 0
            [270] => 0
            [271] => 0
            [272] => 0
            [273] => 0
            [274] => 0
            [275] => 0
            [276] => 0
            [277] => 0
            [278] => 0
            [279] => 0
            [280] => 0
            [281] => 0
            [282] => 0
            [283] => 0
            [284] => 0
            [285] => 0
            [286] => 0
            [287] => 0
            [288] => 0
            [289] => 1
            [290] => 0
            [291] => 0
            [292] => 0
            [293] => 0
            [294] => 0
            [295] => 0
            [296] => 0
            [297] => 1
            [298] => 0
            [299] => 0
            [300] => 0
            [301] => 0
            [302] => 0
            [303] => 0
            [304] => 0
            [305] => 0
            [306] => 0
            [307] => 0
            [308] => 0
            [309] => 0
            [310] => 0
            [311] => 0
            [312] => 0
            [313] => 0
            [314] => 0
            [315] => 0
            [316] => 0
            [317] => 1
            [318] => 0
            [319] => 0
            [320] => 0
            [321] => 0
            [322] => 0
            [323] => 0
            [324] => 0
            [325] => 0
            [326] => 0
            [327] => 0
            [328] => 0
            [329] => 0
            [330] => 0
            [331] => 0
            [332] => 0
            [333] => 0
            [334] => 0
            [335] => 0
            [336] => 0
            [337] => 0
            [338] => 0
            [339] => 0
            [340] => 0
            [341] => 0
            [342] => 0
            [343] => 0
            [344] => 0
            [345] => 0
            [346] => 0
            [347] => 1
            [348] => 0
            [349] => 0
            [350] => 0
            [351] => 0
            [352] => 0
            [353] => 0
            [354] => 0
            [355] => 0
            [356] => 0
            [357] => 0
            [358] => 0
            [359] => 0
            [360] => 0
            [361] => 0
            [362] => 0
            [363] => 0
            [364] => 0
            [365] => 0
            [366] => 0
            [367] => 1
            [368] => 0
            [369] => 0
            [370] => 0
            [371] => 0
            [372] => 0
            [373] => 0
            [374] => 0
            [375] => 0
            [376] => 0
            [377] => 0
            [378] => 0
            [379] => 0
            [380] => 0
            [381] => 0
            [382] => 0
            [383] => 0
            [384] => 0
            [385] => 0
            [386] => 0
            [387] => 0
            [388] => 0
            [389] => 1
            [390] => 0
            [391] => 0
            [392] => 0
            [393] => 0
            [394] => 0
            [395] => 0
            [396] => 0
            [397] => 0
            [398] => 0
            [399] => 0
            [400] => 0
            [401] => 0
            [402] => 0
            [403] => 0
            [404] => 0
            [405] => 0
            [406] => 0
            [407] => 0
            [408] => 0
            [409] => 1
            [410] => 0
            [411] => 0
            [412] => 0
            [413] => 0
            [414] => 0
            [415] => 0
            [416] => 0
            [417] => 0
            [418] => 0
            [419] => 1
            [420] => 0
            [421] => 0
            [422] => 0
            [423] => 0
            [424] => 0
            [425] => 0
            [426] => 0
            [427] => 0
            [428] => 0
            [429] => 1
            [430] => 0
            [431] => 0
            [432] => 0
            [433] => 0
            [434] => 0
            [435] => 0
            [436] => 0
            [437] => 1
            [438] => 0
            [439] => 0
            [440] => 0
            [441] => 0
            [442] => 0
            [443] => 0
            [444] => 0
            [445] => 0
            [446] => 0
            [447] => 0
            [448] => 0
            [449] => 1
            [450] => 0
            [451] => 0
            [452] => 0
            [453] => 0
            [454] => 0
            [455] => 0
            [456] => 0
            [457] => 0
            [458] => 0
            [459] => 0
            [460] => 0
            [461] => 0
            [462] => 0
            [463] => 0
            [464] => 0
            [465] => 0
            [466] => 0
            [467] => 0
            [468] => 0
            [469] => 1
            [470] => 0
            [471] => 0
            [472] => 0
            [473] => 0
            [474] => 0
            [475] => 0
            [476] => 0
            [477] => 0
            [478] => 0
            [479] => 0
            [480] => 0
            [481] => 0
            [482] => 0
            [483] => 0
            [484] => 0
            [485] => 0
            [486] => 0
            [487] => 0
            [488] => 0
            [489] => 1
            [490] => 0
            [491] => 0
            [492] => 1
            [493] => 0
            [494] => 0
            [495] => 0
            [496] => 0
            [497] => 0
            [498] => 0
            [499] => 1
            [500] => 0
            [501] => 0
            [502] => 0
            [503] => 0
            [504] => 0
            [505] => 0
            [506] => 0
            [507] => 0
            [508] => 0
            [509] => 1
        )

    [Q] => Array
        (
            [0] => 0
            [1] => 0
            [2] => 0
            [3] => 0
            [4] => 0
            [5] => 0
            [6] => 0
            [7] => 0
            [8] => 0
            [9] => 0
            [10] => 0
            [11] => 0
            [12] => 0
            [13] => 0
            [14] => 0
            [15] => 0
            [16] => 0
            [17] => 0
            [18] => 0
            [19] => 0
            [20] => 0
            [21] => 0
            [22] => 0
            [23] => 0
            [24] => 0
            [25] => 0
            [26] => 0
            [27] => 0
            [28] => 0
            [29] => 0
            [30] => 0
            [31] => 0
            [32] => 0
            [33] => 0
            [34] => 0
            [35] => 0
            [36] => 0
            [37] => 0
            [38] => 0
            [39] => 0
            [40] => 0
            [41] => 0
            [42] => 0
            [43] => 0
            [44] => 0
            [45] => 0
            [46] => 0
            [47] => 0
            [48] => 0
            [49] => 0
            [50] => 0
            [51] => 0
            [52] => 0
            [53] => 0
            [54] => 0
            [55] => 0
            [56] => 0
            [57] => 0
            [58] => 0
            [59] => 0
            [60] => 0
            [61] => 0
            [62] => 0
            [63] => 0
            [64] => 0
            [65] => 0
            [66] => 0
            [67] => 0
            [68] => 0
            [69] => 0
            [70] => 0
            [71] => 0
            [72] => 0
            [73] => 0
            [74] => 0
            [75] => 0
            [76] => 0
            [77] => 40
            [78] => 0
            [79] => 0
            [80] => 0
            [81] => 0
            [82] => 0
            [83] => 0
            [84] => 0
            [85] => 0
            [86] => 0
            [87] => 0
            [88] => 0
            [89] => 0
            [90] => 0
            [91] => 0
            [92] => 0
            [93] => 0
            [94] => 0
            [95] => 0
            [96] => 0
            [97] => 0
            [98] => 0
            [99] => 0
            [100] => 0
            [101] => 0
            [102] => 0
            [103] => 0
            [104] => 0
            [105] => 0
            [106] => 0
            [107] => 0
            [108] => 0
            [109] => 0
            [110] => 0
            [111] => 0
            [112] => 0
            [113] => 0
            [114] => 0
            [115] => 0
            [116] => 0
            [117] => 0
            [118] => 0
            [119] => 0
            [120] => 0
            [121] => 0
            [122] => 0
            [123] => 0
            [124] => 0
            [125] => 0
            [126] => 0
            [127] => 0
            [128] => 0
            [129] => 0
            [130] => 0
            [131] => 0
            [132] => 0
            [133] => 0
            [134] => 0
            [135] => 0
            [136] => 0
            [137] => 0
            [138] => 0
            [139] => 0
            [140] => 0
            [141] => 0
            [142] => 0
            [143] => 0
            [144] => 0
            [145] => 0
            [146] => 0
            [147] => 0
            [148] => 0
            [149] => 0
            [150] => 0
            [151] => 0
            [152] => 0
            [153] => 0
            [154] => 0
            [155] => 0
            [156] => 0
            [157] => 40
            [158] => 0
            [159] => 0
            [160] => 0
            [161] => 0
            [162] => 0
            [163] => 0
            [164] => 0
            [165] => 0
            [166] => 0
            [167] => 0
            [168] => 0
            [169] => 0
            [170] => 0
            [171] => 0
            [172] => 0
            [173] => 0
            [174] => 0
            [175] => 0
            [176] => 0
            [177] => 120
            [178] => 0
            [179] => 0
            [180] => 0
            [181] => 0
            [182] => 0
            [183] => 0
            [184] => 0
            [185] => 0
            [186] => 0
            [187] => 0
            [188] => 0
            [189] => 0
            [190] => 0
            [191] => 0
            [192] => 0
            [193] => 0
            [194] => 0
            [195] => 0
            [196] => 0
            [197] => 0
            [198] => 20
            [199] => 0
            [200] => 0
            [201] => 0
            [202] => 0
            [203] => 0
            [204] => 0
            [205] => 0
            [206] => 0
            [207] => 0
            [208] => 0
            [209] => 0
            [210] => 0
            [211] => 0
            [212] => 0
            [213] => 0
            [214] => 0
            [215] => 0
            [216] => 0
            [217] => 120
            [218] => 0
            [219] => 0
            [220] => 0
            [221] => 0
            [222] => 0
            [223] => 0
            [224] => 0
            [225] => 0
            [226] => 0
            [227] => 80
            [228] => 0
            [229] => 0
            [230] => 0
            [231] => 0
            [232] => 0
            [233] => 0
            [234] => 0
            [235] => 0
            [236] => 0
            [237] => 0
            [238] => 0
            [239] => 0
            [240] => 0
            [241] => 0
            [242] => 0
            [243] => 0
            [244] => 0
            [245] => 0
            [246] => 0
            [247] => 0
            [248] => 0
            [249] => 60
            [250] => 0
            [251] => 0
            [252] => 0
            [253] => 0
            [254] => 0
            [255] => 0
            [256] => 0
            [257] => 40
            [258] => 0
            [259] => 0
            [260] => 0
            [261] => 0
            [262] => 0
            [263] => 0
            [264] => 0
            [265] => 0
            [266] => 0
            [267] => 60
            [268] => 0
            [269] => 0
            [270] => 0
            [271] => 0
            [272] => 0
            [273] => 0
            [274] => 0
            [275] => 0
            [276] => 0
            [277] => 0
            [278] => 0
            [279] => 0
            [280] => 0
            [281] => 0
            [282] => 0
            [283] => 0
            [284] => 0
            [285] => 0
            [286] => 0
            [287] => 0
            [288] => 0
            [289] => 320
            [290] => 0
            [291] => 0
            [292] => 0
            [293] => 0
            [294] => 0
            [295] => 0
            [296] => 0
            [297] => 120
            [298] => 0
            [299] => 0
            [300] => 0
            [301] => 0
            [302] => 0
            [303] => 0
            [304] => 0
            [305] => 0
            [306] => 0
            [307] => 0
            [308] => 0
            [309] => 0
            [310] => 0
            [311] => 0
            [312] => 0
            [313] => 0
            [314] => 0
            [315] => 0
            [316] => 0
            [317] => 180
            [318] => 0
            [319] => 0
            [320] => 0
            [321] => 0
            [322] => 0
            [323] => 0
            [324] => 0
            [325] => 0
            [326] => 0
            [327] => 0
            [328] => 0
            [329] => 0
            [330] => 0
            [331] => 0
            [332] => 0
            [333] => 0
            [334] => 0
            [335] => 0
            [336] => 0
            [337] => 0
            [338] => 0
            [339] => 0
            [340] => 0
            [341] => 0
            [342] => 0
            [343] => 0
            [344] => 0
            [345] => 0
            [346] => 0
            [347] => 80
            [348] => 0
            [349] => 0
            [350] => 0
            [351] => 0
            [352] => 0
            [353] => 0
            [354] => 0
            [355] => 0
            [356] => 0
            [357] => 0
            [358] => 0
            [359] => 0
            [360] => 0
            [361] => 0
            [362] => 0
            [363] => 0
            [364] => 0
            [365] => 0
            [366] => 0
            [367] => 160
            [368] => 0
            [369] => 0
            [370] => 0
            [371] => 0
            [372] => 0
            [373] => 0
            [374] => 0
            [375] => 0
            [376] => 0
            [377] => 0
            [378] => 0
            [379] => 0
            [380] => 0
            [381] => 0
            [382] => 0
            [383] => 0
            [384] => 0
            [385] => 0
            [386] => 0
            [387] => 0
            [388] => 0
            [389] => 120
            [390] => 0
            [391] => 0
            [392] => 0
            [393] => 0
            [394] => 0
            [395] => 0
            [396] => 0
            [397] => 0
            [398] => 0
            [399] => 0
            [400] => 0
            [401] => 0
            [402] => 0
            [403] => 0
            [404] => 0
            [405] => 0
            [406] => 0
            [407] => 0
            [408] => 0
            [409] => 1080
            [410] => 0
            [411] => 0
            [412] => 0
            [413] => 0
            [414] => 0
            [415] => 0
            [416] => 0
            [417] => 0
            [418] => 0
            [419] => 360
            [420] => 0
            [421] => 0
            [422] => 0
            [423] => 0
            [424] => 0
            [425] => 0
            [426] => 0
            [427] => 0
            [428] => 0
            [429] => 240
            [430] => 0
            [431] => 0
            [432] => 0
            [433] => 0
            [434] => 0
            [435] => 0
            [436] => 0
            [437] => 240
            [438] => 0
            [439] => 0
            [440] => 0
            [441] => 0
            [442] => 0
            [443] => 0
            [444] => 0
            [445] => 0
            [446] => 0
            [447] => 0
            [448] => 0
            [449] => 160
            [450] => 0
            [451] => 0
            [452] => 0
            [453] => 0
            [454] => 0
            [455] => 0
            [456] => 0
            [457] => 0
            [458] => 0
            [459] => 0
            [460] => 0
            [461] => 0
            [462] => 0
            [463] => 0
            [464] => 0
            [465] => 0
            [466] => 0
            [467] => 0
            [468] => 0
            [469] => 240
            [470] => 0
            [471] => 0
            [472] => 0
            [473] => 0
            [474] => 0
            [475] => 0
            [476] => 0
            [477] => 0
            [478] => 0
            [479] => 0
            [480] => 0
            [481] => 0
            [482] => 0
            [483] => 0
            [484] => 0
            [485] => 0
            [486] => 0
            [487] => 0
            [488] => 0
            [489] => 720
            [490] => 0
            [491] => 0
            [492] => 1
            [493] => 0
            [494] => 0
            [495] => 0
            [496] => 0
            [497] => 0
            [498] => 0
            [499] => 959
            [500] => 0
            [501] => 0
            [502] => 0
            [503] => 0
            [504] => 0
            [505] => 0
            [506] => 0
            [507] => 0
            [508] => 0
            [509] => 2160
        )

    [E] => 99916082.8
    [Cap] => 100000000
    [Tax] => 0
    [DELIVER] => Array
        (
            [0] => S8=>P7
            [1] => S8=>P15
            [2] => S8=>P17
            [3] => S9=>P19
            [4] => S8=>P21
            [5] => S8=>P22
            [6] => S10=>P24
            [7] => S8=>P25
            [8] => S8=>P26
            [9] => S10=>P28
            [10] => S8=>P29
            [11] => S8=>P31
            [12] => S8=>P34
            [13] => S8=>P36
            [14] => S10=>P38
            [15] => S10=>P40
            [16] => S10=>P41
            [17] => S10=>P42
            [18] => S8=>P43
            [19] => S10=>P44
            [20] => S10=>P46
            [21] => S10=>P48
            [22] => S3=>P49
            [23] => S10=>P49
            [24] => S10=>P50
        )

    [_raw_output] => 
<<< setup

0 0 -1 0 1 0,25 0,5 0,8 1 0 0 0 0 13
1 2 0 5000 1 0,25 0,5 0,8 1 0 10000 1000 1500 13
2 5 1 900 1 0,25 0,5 0,8 1 0 9486 948,6 1500 13
3 7 1 890 1 0,25 0,5 0,8 1 0 8704 870,4 1500 13
4 6 1 910 1 0,25 0,5 0,8 1 0 8059 805,9 1500 13
5 4 1 860 2 0,25 0,5 0,8 1 0 7962 796,2 1500 13
6 4 2 880 3 0,25 0,5 0,8 1 0 7861 786,1 1500 13
7 3 2 800 2 0,25 0,5 0,8 1 0 7628 762,8 1500 13
8 3 2 780 1 0,25 0,5 0,8 1 0 7050 705 1500 13
9 3 3 790 2 0,25 0,5 0,8 1 0 6976 697,6 1500 13
10 4 3 750 3 0,25 0,5 0,8 1 0 6291 629,1 1500 13
11 3 4 690 2 0,25 0,5 0,8 1 0 6234 623,4 1500 13
12 5 4 660 3 0,25 0,5 0,8 1 0 6199 619,9 1500 13
13 5 5 600 8 0,25 0,5 0,5 1 0 6088 608,8 1500 13
14 4 5 640 6 0,25 0,5 0,5 1 0 5680 568 1500 13
15 2 5 700 2 0,25 0,5 0,5 1 0 5673 567,3 1500 13
16 4 6 660 9 0,25 0,5 0,5 1 0 5507 550,7 1500 13
17 6 6 580 6 0,25 0,5 0,5 1 0 5360 536 1500 13
18 3 67 550 2 0,25 0,5 0,5 1 0 5290 529 1500 13
19 3 8 570 1 0,25 0,5 0,5 1 0 5168 516,8 1500 13
20 5 8 600 2 0,25 0,5 0,5 1 0 4944 494,4 1500 13
21 7 9 540 6 0,25 0,5 0,5 1 0 4747 474,7 1500 13
22 6 9 510 4 0,25 0,5 0,5 1 0 4417 441,7 1500 13
23 3 9 590 4 0,25 0,5 0,5 1 0 4033 403,3 1500 13
24 4 10 400 3 0,25 0,5 0,5 1 0 3891 389,1 1500 13
25 3 11 490 2 0,25 0,5 0,5 1 0 3601 360,1 1500 13
26 3 12 480 3 0,25 0,5 0,5 1 0 3279 327,9 1500 13
27 5 12 520 6 0,25 0,5 0,5 1 0 3175 317,5 1500 13
28 4 13 400 16 0,25 0,5 0,5 1 0 2984 298,4 1500 13
29 3 14 480 6 0,25 0,5 0,5 1 0 2866 286,6 1500 13
30 2 14 490 18 0,25 0,5 0,5 1 0 2606 260,6 1500 13
31 5 16 460 9 0,25 0,5 0,5 1 0 2427 242,7 1500 13
32 4 16 500 9 0,25 0,5 0,5 1 0 2231 223,1 1500 13
33 3 18 470 6 0,25 0,5 0,5 1 0 2091 209,1 1500 13
34 3 18 300 4 0,25 0,5 0,5 1 0 1993 199,3 1500 13
35 5 20 380 4 0,25 0,5 0,5 1 0 1837 183,7 1500 13
36 4 23 330 8 0,25 0,5 0,5 1 0 1683 168,3 1500 13
37 3 23 340 12 0,25 0,5 0,5 1 0 1682 168,2 1500 13
38 4 27 350 6 0,25 0,5 0,5 1 0 1589 158,9 1500 13
39 6 30 360 18 0,25 0,5 0,5 1 0 1439 143,9 1500 13
40 4 30 310 54 0,25 0,5 0,5 1 0 1404 140,4 1500 13
41 4 32 330 18 0,25 0,5 0,5 1 0 1265 126,5 1500 13
42 4 33 290 12 0,25 0,5 0,5 1 0 1153 115,3 1500 13
43 3 33 270 12 0,25 0,5 0,5 1 0 1138 113,8 1500 13
44 3 35 260 8 0,25 0,5 0,5 1 0 1094 109,4 1500 13
45 2 37 270 12 0,25 0,5 0,5 1 0 997 99,7 1500 13
46 5 37 270 12 0,25 0,5 0,5 1 0 964 96,4 1500 13
47 3 39 100 54 0,25 0,5 0,5 1 0 917 91,7 1500 13
48 2 39 110 36 0,25 0,5 0,5 1 0 833 83,3 1500 13
49 3 45 50 48 0,25 0,5 0,5 1 0 753 75,3 1500 13
50 5 47 30 108 0,25 0,5 0,5 1 0 723 72,3 1500 13
Node nums: [0 1 2 3 4 5 6 7 8 9 10 11 12 13 14 15 16 17 18 19 20 21 22 23 24 25 26 27
     28 29 30 31 32 33 34 35 36 37 38 39 40 41 42 43 44 45 46 47 48 49 50]
xx-Data uploaded-xx
	**** start init su array ...
0 [0 0 0 0 0 0 0 0 0 0]
1 [0 0 0 0 0 0 0 0 0 0]
2 [0 0 0 0 0 0 0 0 0 0]
3 [0 0 0 0 0 0 0 0 0 0]
4 [0 0 0 0 0 0 0 0 0 0]
5 [0 0 0 0 0 0 0 0 0 0]
6 [0 0 0 0 0 0 0 0 0 0]
7 [1 1 1 1 1 1 1 1 1 1]
8 [0 0 0 0 0 0 0 0 0 0]
9 [0 0 0 0 0 0 0 0 0 0]
10 [0 0 0 0 0 0 0 0 0 0]
11 [0 0 0 0 0 0 0 0 0 0]
12 [0 0 0 0 0 0 0 0 0 0]
13 [0 0 0 0 0 0 0 0 0 0]
14 [0 0 0 0 0 0 0 0 0 0]
15 [1 1 1 1 1 1 1 1 1 1]
16 [0 0 0 0 0 0 0 0 0 0]
17 [1 1 1 1 1 1 1 1 1 1]
18 [0 0 0 0 0 0 0 0 0 0]
19 [1 1 1 1 1 1 1 1 1 1]
20 [0 0 0 0 0 0 0 0 0 0]
21 [1 1 1 1 1 1 1 1 1 1]
22 [1 1 1 1 1 1 1 1 1 1]
23 [0 0 0 0 0 0 0 0 0 0]
24 [1 1 1 1 1 1 1 1 1 1]
25 [1 1 1 1 1 1 1 1 1 1]
26 [1 1 1 1 1 1 1 1 1 1]
27 [0 0 0 0 0 0 0 0 0 0]
28 [1 1 1 1 1 1 1 1 1 1]
29 [1 1 1 1 1 1 1 1 1 1]
30 [0 0 0 0 0 0 0 0 0 0]
31 [1 1 1 1 1 1 1 1 1 1]
32 [0 0 0 0 0 0 0 0 0 0]
33 [0 0 0 0 0 0 0 0 0 0]
34 [1 1 1 1 1 1 1 1 1 1]
35 [1 1 1 1 1 1 1 1 1 1]
36 [1 1 1 1 1 1 1 1 1 1]
37 [0 0 0 0 0 0 0 0 0 0]
38 [1 1 1 1 1 1 1 1 1 1]
39 [0 0 0 0 0 0 0 0 0 0]
40 [1 1 1 1 1 1 1 1 1 1]
41 [1 1 1 1 1 1 1 1 1 1]
42 [1 1 1 1 1 1 1 1 1 1]
43 [1 1 1 1 1 1 1 1 1 1]
44 [1 1 1 1 1 1 1 1 1 1]
45 [0 0 0 0 0 0 0 0 0 0]
46 [1 1 1 1 1 1 1 1 1 1]
47 [0 0 0 0 0 0 0 0 0 0]
48 [1 1 1 1 1 1 1 1 1 1]
49 [1 1 1 1 1 1 1 1 1 1]
50 [1 1 1 1 1 1 1 1 1 1]
	**** end init su array ...
1 2 1 700 80 0.85 0.92 0.8 (9)9
2 2 0.9 800 75 0.82 0.90 0.9 (9)9
3 1 1.1 680 90 0.88 0.95 0.5 (9)9
4 1 1 480 100 0.86 0.93 0.6 (9)9
5 5 0.6 550 40 0.72 0.78 1.5 (9)9
6 6 0.5 650 45 0.70 0.75 2.0 (9)9
7 7 0.5 1100 40 0.68 0.72 2.5 (9)9
8 5 0.3 700 30 0.65 0.70 1.8 (9)9
9 9 0.2 1700 15 0.60 0.65 3.5 (9)9
10 1 0.8 5800 40 0.80 0.88 0.7 (9)9

<<< generate

Version identifier: 20.1.0.0 | 2020-11-10 | 9bedb6d68
CPXPARAM_TimeLimit                               300
Tried aggregator 2 times.
MIP Presolve eliminated 15003 rows and 813 columns.
MIP Presolve modified 454 coefficients.
Aggregator did 26 substitutions.
Reduced MIP has 1660 rows, 844 columns, and 4595 nonzeros.
Reduced MIP has 289 binaries, 555 generals, 0 SOSs, and 0 indicators.
Presolve time = 0,00 sec. (14,20 ticks)
Probing time = 0,00 sec. (0,63 ticks)
Cover probing fixed 0 vars, tightened 24 bounds.
Tried aggregator 1 time.
Detecting symmetries...
MIP Presolve eliminated 72 rows and 0 columns.
MIP Presolve modified 336 coefficients.
Reduced MIP has 1588 rows, 844 columns, and 4451 nonzeros.
Reduced MIP has 289 binaries, 555 generals, 0 SOSs, and 0 indicators.
Presolve time = 0,00 sec. (3,13 ticks)
Probing time = 0,00 sec. (0,57 ticks)
MIP emphasis: balance optimality and feasibility.
MIP search method: dynamic search.
Parallel mode: deterministic, using up to 20 threads.
Root relaxation solution time = 0,02 sec. (5,61 ticks)

        Nodes                                         Cuts/
   Node  Left     Objective  IInf  Best Integer    Best Bound    ItCnt     Gap

      0     0  1682128,6238   192                1682128,6238      309         
      0     0  1785706,8625   268                   Cuts: 167      582         
      0     0  1853337,7827   275                   Cuts: 126      724         
      0     0  1875334,9370   285                    Cuts: 78      799         
      0     0  1879115,2426   271                    Cuts: 40      842         
      0     0  1879745,2251   312                    Cuts: 25      869         
Detecting symmetries...
      0     0  1881048,4592   313                    Cuts: 32      898         
      0     0  1881893,8979   332                    Cuts: 37      927         
      0     0  1888627,9139   332                    Cuts: 33      953         
      0     0  1908521,1951   302                    Cuts: 47      988         
      0     0  1912492,5328   304                    Cuts: 31     1014         
      0     0  1912928,9215   309                    Cuts: 23     1038         
      0     0  1912960,8634   308                    Cuts: 15     1049         
      0     0  1912976,4176   308                    Cuts: 13     1057         
*     0+    0                      5413956,0000  1912976,4176            64,67%
*     0+    0                      2429614,0000  1912976,4176            21,26%
*     0+    0                      2420968,0000  1937770,2073            19,96%
      0     0  -1,00000e+75     0  2420968,0000  1937770,2073     1057   19,96%
Detecting symmetries...
      0     2  1912976,4176   308  2420968,0000  1937770,2073     1057   19,96%
Elapsed time = 0,45 sec. (415,02 ticks, tree = 0,02 MB, solutions = 3)
*    17+    6                      2418972,0000  1954525,8812            19,20%
*    18+    4                      2415769,0000  1954525,8812            19,09%
*    18+    3                      2387936,0000  1954525,8812            18,15%
*    61+   10                      2275731,0000  1954525,8812            14,11%
*   126+   10                      2267135,0000  1963779,8618            13,38%
*   153+   10                      2264339,0000  1963779,8618            13,27%
*  1585+  931                      2263939,0000  1990998,2097            12,06%
*  2901+ 1949                      2248129,0000  1996340,6136            11,20%
   2909  1866  2073862,9006   192  2248129,0000  1998076,7156    41412   11,12%
*  4177+ 2889                      2191294,0000  2020598,8016             7,79%

Performing restart 1

Repeating presolve.
Tried aggregator 1 time.
MIP Presolve modified 776 coefficients.
Reduced MIP has 1588 rows, 844 columns, and 4451 nonzeros.
Reduced MIP has 289 binaries, 555 generals, 0 SOSs, and 0 indicators.
Presolve time = 0,00 sec. (2,42 ticks)
Tried aggregator 1 time.
MIP Presolve eliminated 4 rows and 2 columns.
MIP Presolve modified 88 coefficients.
Reduced MIP has 1584 rows, 842 columns, and 4441 nonzeros.
Reduced MIP has 289 binaries, 553 generals, 0 SOSs, and 0 indicators.
Presolve time = 0,00 sec. (3,14 ticks)
Represolve time = 0,02 sec. (10,00 ticks)
*  4971+    0                      2174072,0000  2020633,4692             7,06%
   4971     0  1983381,7331   237  2174072,0000     Cuts: 230    99340    7,06%
   4971     0  2002986,7475   251  2174072,0000     Cuts: 196    99501    7,06%
*  4971+    0                      2171276,0000  2020633,4692             6,94%
   4971     0  2020071,3667   268  2171276,0000     Cuts: 206    99672    6,94%
   4971     0  2026077,6224   255  2171276,0000     Cuts: 150    99784    5,82%
*  4971+    0                      2170391,0000  2045003,7506             5,78%
   4971     0  2036620,2392   244  2170391,0000     Cuts: 164    99925    5,08%
   4971     0  2045095,8559   285  2170391,0000     Cuts: 164   100032    5,08%
   4971     0  2053794,2038   245  2170391,0000     Cuts: 157   100157    4,52%
   4971     0  2061489,0240   228  2170391,0000      Cuts: 88   100240    4,52%
*  4971+    0                      2136451,0000  2072272,1312             3,00%
   4971     0  2064853,7886   263  2136451,0000      Cuts: 97   100318    2,83%
   4971     0  2066913,5413   259  2136451,0000      Cuts: 84   100389    2,83%
   4971     0  2069317,2361   265  2136451,0000      Cuts: 90   100462    2,27%
*  4971+    0                      2136290,0000  2087911,7825             2,26%
   4971     0  -1,00000e+75     0  2136290,0000  2087911,7825   100462    2,26%
   4971     0  2072326,9038   256  2136290,0000      Cuts: 69   100539    2,26%
   4971     0  2074768,4393   252  2136290,0000      Cuts: 76   100600    2,26%
   4971     0  2075421,7093   163  2136290,0000      Cuts: 82   100645    2,26%
*  4971+    0                      2136020,0000  2087911,7825             2,25%
   4971     0  2076707,3134   227  2136020,0000      Cuts: 47   100720    2,00%
   4971     0  2078996,0962   235  2136020,0000     Cuts: 101   100791    2,00%
   4971     0  2079590,9701   166  2136020,0000      Cuts: 59   100830    2,00%
   4971     0  2080040,2257   175  2136020,0000      Cuts: 65   100860    2,00%
   4971     0  2080269,2619   176  2136020,0000      Cuts: 60   100882    2,00%
*  4971+    0                      2135633,0000  2093310,5361             1,98%
   4971     0  2081046,7614   117  2135633,0000      Cuts: 23   100910    1,44%
   4971     0  2081217,2310   127  2135633,0000      Cuts: 23   100925    1,44%
*  4971+    0                      2127921,0000  2109325,3031             0,87%
   4971     2  2081354,3132   126  2127921,0000  2111315,0909   100938    0,78%
   4995     3        cutoff        2127921,0000  2111315,0909   101575    0,78%
*  5047+    9                      2124225,0000  2113318,9863             0,51%
*  5110+   11                      2123769,0000  2113318,9863             0,49%
*  5119+   11                      2123624,0000  2113318,9863             0,49%
*  5339+   33                      2123104,0000  2117995,8039             0,24%
   5479    47        cutoff        2123104,0000  2119114,8836   107824    0,19%

Cover cuts applied:  1
Implied bound cuts applied:  43
Flow cuts applied:  52
Mixed integer rounding cuts applied:  145
Zero-half cuts applied:  20
Lift and project cuts applied:  40
Gomory fractional cuts applied:  46

Root node processing (before b&c):
  Real time             =    0,47 sec. (414,71 ticks)
Parallel b&c, 20 threads:
  Real time             =    2,73 sec. (2341,71 ticks)
  Sync time (average)   =    0,64 sec.
  Wait time (average)   =    0,01 sec.
                          ------------
Total (root+branch&cut) =    3,20 sec. (2756,43 ticks)

<<< solve


OBJECTIVE: 2123104
xxxx
#Result <fct_obj, tot_cst, tot_ldt, Emiss>: <2.1231e+6 2.1226e+6 489 9.9916e+7>#TS:2122615#CS:2122615#TaxCost:0#A:[0,2,23,22,21,16,18,8,17,15,9,11,15,10,12,7,14,11,14,12,14,12,11,12,5,8,8,10,5,8,8,10,9,11,8,9,9,9,5,6,5,5,5,8,4,6,6,3,3,4,6]#X:[0,1,1,1,1,1,0,0,0,0,0,0,0,0,0,0,0,0,0,0,0,0,0,0,0,0,0,0,0,0,0,0,0,0,0,0,0,0,0,0,0,0,0,0,0,0,0,1,1,0,1]#Z:[0,0,0,0,0,0,0,0,0,0,0,0,0,0,0,0,0,0,0,0,0,0,0,0,0,0,0,0,0,0,0,0,0,0,0,0,0,0,0,0,0,0,0,0,0,0,0,0,0,0,0,0,0,0,0,0,0,0,0,0,0,0,0,0,0,0,0,0,0,0,0,0,0,0,0,0,0,1,0,0,0,0,0,0,0,0,0,0,0,0,0,0,0,0,0,0,0,0,0,0,0,0,0,0,0,0,0,0,0,0,0,0,0,0,0,0,0,0,0,0,0,0,0,0,0,0,0,0,0,0,0,0,0,0,0,0,0,0,0,0,0,0,0,0,0,0,0,0,0,0,0,0,0,0,0,0,0,1,0,0,0,0,0,0,0,0,0,0,0,0,0,0,0,0,0,0,0,1,0,0,0,0,0,0,0,0,0,0,0,0,0,0,0,0,0,0,0,0,1,0,0,0,0,0,0,0,0,0,0,0,0,0,0,0,0,0,0,1,0,0,0,0,0,0,0,0,0,1,0,0,0,0,0,0,0,0,0,0,0,0,0,0,0,0,0,0,0,0,0,1,0,0,0,0,0,0,0,1,0,0,0,0,0,0,0,0,0,1,0,0,0,0,0,0,0,0,0,0,0,0,0,0,0,0,0,0,0,0,0,1,0,0,0,0,0,0,0,1,0,0,0,0,0,0,0,0,0,0,0,0,0,0,0,0,0,0,0,1,0,0,0,0,0,0,0,0,0,0,0,0,0,0,0,0,0,0,0,0,0,0,0,0,0,0,0,0,0,1,0,0,0,0,0,0,0,0,0,0,0,0,0,0,0,0,0,0,0,1,0,0,0,0,0,0,0,0,0,0,0,0,0,0,0,0,0,0,0,0,0,1,0,0,0,0,0,0,0,0,0,0,0,0,0,0,0,0,0,0,0,1,0,0,0,0,0,0,0,0,0,1,0,0,0,0,0,0,0,0,0,1,0,0,0,0,0,0,0,1,0,0,0,0,0,0,0,0,0,0,0,1,0,0,0,0,0,0,0,0,0,0,0,0,0,0,0,0,0,0,0,1,0,0,0,0,0,0,0,0,0,0,0,0,0,0,0,0,0,0,0,1,0,0,1,0,0,0,0,0,0,1,0,0,0,0,0,0,0,0,0,1]#Q:[0,0,0,0,0,0,0,0,0,0,0,0,0,0,0,0,0,0,0,0,0,0,0,0,0,0,0,0,0,0,0,0,0,0,0,0,0,0,0,0,0,0,0,0,0,0,0,0,0,0,0,0,0,0,0,0,0,0,0,0,0,0,0,0,0,0,0,0,0,0,0,0,0,0,0,0,0,40,0,0,0,0,0,0,0,0,0,0,0,0,0,0,0,0,0,0,0,0,0,0,0,0,0,0,0,0,0,0,0,0,0,0,0,0,0,0,0,0,0,0,0,0,0,0,0,0,0,0,0,0,0,0,0,0,0,0,0,0,0,0,0,0,0,0,0,0,0,0,0,0,0,0,0,0,0,0,0,40,0,0,0,0,0,0,0,0,0,0,0,0,0,0,0,0,0,0,0,120,0,0,0,0,0,0,0,0,0,0,0,0,0,0,0,0,0,0,0,0,20,0,0,0,0,0,0,0,0,0,0,0,0,0,0,0,0,0,0,120,0,0,0,0,0,0,0,0,0,80,0,0,0,0,0,0,0,0,0,0,0,0,0,0,0,0,0,0,0,0,0,60,0,0,0,0,0,0,0,40,0,0,0,0,0,0,0,0,0,60,0,0,0,0,0,0,0,0,0,0,0,0,0,0,0,0,0,0,0,0,0,320,0,0,0,0,0,0,0,120,0,0,0,0,0,0,0,0,0,0,0,0,0,0,0,0,0,0,0,180,0,0,0,0,0,0,0,0,0,0,0,0,0,0,0,0,0,0,0,0,0,0,0,0,0,0,0,0,0,80,0,0,0,0,0,0,0,0,0,0,0,0,0,0,0,0,0,0,0,160,0,0,0,0,0,0,0,0,0,0,0,0,0,0,0,0,0,0,0,0,0,120,0,0,0,0,0,0,0,0,0,0,0,0,0,0,0,0,0,0,0,1080,0,0,0,0,0,0,0,0,0,360,0,0,0,0,0,0,0,0,0,240,0,0,0,0,0,0,0,240,0,0,0,0,0,0,0,0,0,0,0,160,0,0,0,0,0,0,0,0,0,0,0,0,0,0,0,0,0,0,0,240,0,0,0,0,0,0,0,0,0,0,0,0,0,0,0,0,0,0,0,720,0,0,1,0,0,0,0,0,0,959,0,0,0,0,0,0,0,0,0,2160]#E: 99916082.799999997#Cap: 100000000#Tax: 0#DELIVER:
S8=>P7
S8=>P15
S8=>P17
S9=>P19
S8=>P21
S8=>P22
S10=>P24
S8=>P25
S8=>P26
S10=>P28
S8=>P29
S8=>P31
S8=>P34
S8=>P36
S10=>P38
S10=>P40
S10=>P41
S10=>P42
S8=>P43
S10=>P44
S10=>P46
S10=>P48
S3=>P49
S10=>P49
S10=>P50
xxxx

<<< post process


<<< done


)
