Array
(
    [CplexRunTime] => -1 sec
    [status] => OPTIMAL
    [termination_reason] => OPTIMAL
    [mip_gap] => 0
    [Result] => Array
        (
            [Objective] => 2562600
            [TotalCost] => 2562600
            [DIO] => 1906
            [WIP] => 4492400
            [Emissions] => 646960000
            [RawMCost] => 765600
            [InventCost] => 1797000
            [EmisCost] => 0
        )

    [CS] => 2562560
    [DIO] => 1906
    [WIP] => 4492400
    [E] => 646956126.6
    [A] => Array
        (
            [0] => 1
            [1] => 2
            [2] => 33
            [3] => 36
            [4] => 6
            [5] => 33
            [6] => 31
            [7] => 12
            [8] => 28
            [9] => 12
            [10] => 29
            [11] => 22
            [12] => 22
            [13] => 29
            [14] => 28
            [15] => 11
            [16] => 26
            [17] => 26
            [18] => 27
            [19] => 25
            [20] => 25
            [21] => 16
            [22] => 25
            [23] => 12
            [24] => 19
            [25] => 17
            [26] => 12
            [27] => 24
            [28] => 24
            [29] => 18
            [30] => 22
            [31] => 14
            [32] => 20
            [33] => 22
            [34] => 20
            [35] => 11
            [36] => 18
            [37] => 24
            [38] => 12
            [39] => 22
            [40] => 10
            [41] => 20
            [42] => 19
            [43] => 19
            [44] => 19
            [45] => 15
            [46] => 11
            [47] => 14
            [48] => 19
            [49] => 11
            [50] => 20
            [51] => 15
            [52] => 17
            [53] => 20
            [54] => 13
            [55] => 16
            [56] => 19
            [57] => 11
            [58] => 17
            [59] => 13
            [60] => 13
            [61] => 12
            [62] => 20
            [63] => 11
            [64] => 17
            [65] => 14
            [66] => 16
            [67] => 13
            [68] => 17
            [69] => 13
            [70] => 12
            [71] => 15
            [72] => 12
            [73] => 11
            [74] => 10
            [75] => 11
            [76] => 15
            [77] => 13
            [78] => 16
            [79] => 17
            [80] => 12
            [81] => 15
            [82] => 16
            [83] => 19
            [84] => 13
            [85] => 12
            [86] => 13
            [87] => 16
            [88] => 14
            [89] => 10
            [90] => 11
            [91] => 15
            [92] => 12
            [93] => 14
            [94] => 14
            [95] => 12
            [96] => 15
            [97] => 10
            [98] => 10
            [99] => 8
            [100] => 7
            [101] => 10
            [102] => 10
            [103] => 7
            [104] => 6
            [105] => 12
            [106] => 13
            [107] => 14
            [108] => 10
            [109] => 9
            [110] => 9
            [111] => 11
            [112] => 11
            [113] => 10
            [114] => 8
            [115] => 9
            [116] => 10
            [117] => 11
            [118] => 12
            [119] => 11
            [120] => 10
            [121] => 6
            [122] => 8
            [123] => 9
        )

    [X] => Array
        (
            [0] => 0
            [1] => 1
            [2] => 1
            [3] => 1
            [4] => 1
            [5] => 1
            [6] => 1
            [7] => 0
            [8] => 0
            [9] => 0
            [10] => 0
            [11] => 0
            [12] => 1
            [13] => 0
            [14] => 0
            [15] => 0
            [16] => 0
            [17] => 0
            [18] => 0
            [19] => 0
            [20] => 0
            [21] => 0
            [22] => 0
            [23] => 0
            [24] => 0
            [25] => 0
            [26] => 0
            [27] => 0
            [28] => 0
            [29] => 0
            [30] => 0
            [31] => 0
            [32] => 0
            [33] => 0
            [34] => 0
            [35] => 0
            [36] => 0
            [37] => 0
            [38] => 0
            [39] => 0
            [40] => 0
            [41] => 0
            [42] => 0
            [43] => 0
            [44] => 0
            [45] => 0
            [46] => 0
            [47] => 0
            [48] => 0
            [49] => 0
            [50] => 0
            [51] => 0
            [52] => 0
            [53] => 0
            [54] => 0
            [55] => 0
            [56] => 0
            [57] => 0
            [58] => 0
            [59] => 0
            [60] => 0
            [61] => 0
            [62] => 0
            [63] => 0
            [64] => 0
            [65] => 0
            [66] => 0
            [67] => 0
            [68] => 0
            [69] => 0
            [70] => 0
            [71] => 0
            [72] => 0
            [73] => 0
            [74] => 0
            [75] => 0
            [76] => 0
            [77] => 0
            [78] => 0
            [79] => 0
            [80] => 0
            [81] => 0
            [82] => 0
            [83] => 0
            [84] => 0
            [85] => 0
            [86] => 0
            [87] => 0
            [88] => 0
            [89] => 0
            [90] => 0
            [91] => 0
            [92] => 0
            [93] => 0
            [94] => 0
            [95] => 0
            [96] => 0
            [97] => 0
            [98] => 0
            [99] => 0
            [100] => 0
            [101] => 0
            [102] => 0
            [103] => 0
            [104] => 0
            [105] => 0
            [106] => 0
            [107] => 0
            [108] => 0
            [109] => 0
            [110] => 0
            [111] => 0
            [112] => 0
            [113] => 0
            [114] => 0
            [115] => 0
            [116] => 0
            [117] => 0
            [118] => 0
            [119] => 0
            [120] => 0
            [121] => 0
            [122] => 0
            [123] => 0
        )

    [DELIVER] => Array
        (
            [0] => S9=>P7
            [1] => S9=>P9
            [2] => S9=>P15
            [3] => S9=>P21
            [4] => S9=>P23
            [5] => S9=>P26
            [6] => S9=>P31
            [7] => S9=>P35
            [8] => S9=>P38
            [9] => S9=>P40
            [10] => S9=>P49
            [11] => S9=>P51
            [12] => S9=>P54
            [13] => S9=>P57
            [14] => S9=>P59
            [15] => S9=>P61
            [16] => S9=>P63
            [17] => S9=>P65
            [18] => S9=>P67
            [19] => S9=>P68
            [20] => S9=>P72
            [21] => S9=>P73
            [22] => S9=>P77
            [23] => S9=>P80
            [24] => S9=>P81
            [25] => S9=>P83
            [26] => S9=>P85
            [27] => S9=>P86
            [28] => S9=>P88
            [29] => S9=>P89
            [30] => S9=>P90
            [31] => S9=>P92
            [32] => S9=>P93
            [33] => S9=>P95
            [34] => S9=>P97
            [35] => S8=>P98
            [36] => S8=>P99
            [37] => S8=>P100
            [38] => S9=>P101
            [39] => S8=>P103
            [40] => S5=>P104
            [41] => S8=>P104
            [42] => S9=>P105
            [43] => S9=>P106
            [44] => S9=>P107
            [45] => S8=>P109
            [46] => S8=>P110
            [47] => S9=>P111
            [48] => S9=>P112
            [49] => S9=>P113
            [50] => S8=>P114
            [51] => S8=>P115
            [52] => S8=>P116
            [53] => S8=>P117
            [54] => S8=>P118
            [55] => S9=>P119
            [56] => S8=>P120
            [57] => S8=>P121
            [58] => S8=>P122
            [59] => S8=>P123
        )

    [_raw_output] => 
<<< setup

0 0 -1 0 1 0,25 0,5 0,8 1 0 0 0 0 13
1 2 0 10000 1 0,25 0,5 0,8 1 0 25000 2500 1500 13
2 5 1 900 1 0,25 0,5 0,8 1 0 22682 2268,2 1500 13
3 7 1 890 1 0,25 0,5 0,8 1 0 20974 2097,4 1500 13
4 6 1 910 3 0,25 0,5 0,8 1 0 19583 1958,3 1500 13
5 4 1 860 1 0,25 0,5 0,8 1 0 18009 1800,9 1500 13
6 4 1 880 2 0,25 0,5 0,8 1 0 17645 1764,5 1500 13
7 3 2 800 4 0,25 0,5 0,8 1 0 16014 1601,4 1500 13
8 3 2 780 2 0,25 0,5 0,8 1 0 15979 1597,9 1500 13
9 3 3 790 5 0,25 0,5 0,8 1 0 14870 1487 1500 13
10 4 3 750 1 0,25 0,5 0,8 1 0 13992 1399,2 1500 13
11 3 3 690 2 0,25 0,5 0,8 1 0 13272 1327,2 1500 13
12 5 4 660 3 0,25 0,5 0,8 1 0 13132 1313,2 1500 13
13 5 5 600 2 0,25 0,5 0,8 1 0 12365 1236,5 1500 13
14 4 5 640 1 0,25 0,5 0,8 1 0 11213 1121,3 1500 13
15 2 6 700 6 0,25 0,5 0,8 1 0 10522 1052,2 1500 13
16 4 6 660 2 0,25 0,5 0,8 1 0 9888 988,8 1500 13
17 6 6 580 4 0,25 0,5 0,8 1 0 9511 951,1 1500 13
18 3 6 550 2 0,25 0,5 0,8 1 0 9391 939,1 1500 13
19 3 8 570 2 0,25 0,5 0,8 1 0 8688 868,8 1500 13
20 5 8 600 4 0,25 0,5 0,8 1 0 8435 843,5 1500 13
21 7 10 540 7 0,25 0,5 0,8 1 0 7975 797,5 1500 13
22 6 10 510 2 0,25 0,5 0,8 1 0 7888 788,8 1500 13
23 3 10 590 5 0,25 0,5 0,8 1 0 7419 741,9 1500 13
24 4 11 400 10 0,25 0,5 0,8 1 0 6824 682,4 1500 13
25 3 12 490 9 0,25 0,5 0,8 1 0 6176 617,6 1500 13
26 3 13 480 14 0,25 0,5 0,8 1 0 6093 609,3 1500 13
27 5 13 520 2 0,25 0,5 0,8 1 0 5735 573,5 1500 13
28 4 14 500 2 0,25 0,5 0,8 1 0 5474 547,4 1500 13
29 3 14 480 2 0,25 0,5 0,8 1 0 5300 530 1500 13
30 2 14 420 3 0,25 0,5 0,8 1 0 5031 503,1 1500 13
31 5 14 460 13 0,25 0,5 0,8 1 0 4592 459,2 1500 13
32 4 16 450 4 0,25 0,5 0,8 1 0 4386 438,6 1500 13
33 3 16 490 6 0,25 0,5 0,8 1 0 4261 426,1 1500 13
34 3 17 500 4 0,25 0,5 0,8 1 0 4158 415,8 1500 13
35 2 18 390 10 0,25 0,5 0,8 1 0 3957 395,7 1500 13
36 5 18 430 6 0,25 0,5 0,8 1 0 3677 367,7 1500 13
37 4 18 420 2 0,25 0,5 0,8 1 0 3604 360,4 1500 13
38 3 19 400 6 0,25 0,5 0,8 1 0 3507 350,7 1500 13
39 5 19 390 4 0,25 0,5 0,8 1 0 3225 322,5 1500 13
40 1 19 430 8 0,25 0,5 0,8 1 0 3015 301,5 1500 13
41 4 20 380 4 0,25 0,5 0,8 1 0 2845 284,5 1500 13
42 2 22 360 6 0,25 0,5 0,8 1 0 2717 271,7 1500 13
43 6 22 350 2 0,25 0,5 0,8 1 0 2588 258,8 1500 13
44 4 22 400 4 0,25 0,5 0,8 1 0 2570 257 1500 13
45 3 24 390 10 0,25 0,5 0,8 1 0 2351 235,1 1500 13
46 1 25 380 9 0,25 0,5 0,8 1 0 2226 222,6 1500 13
47 3 25 370 18 0,25 0,5 0,8 1 0 2094 209,4 1500 13
48 4 27 350 4 0,25 0,5 0,8 1 0 1959 195,9 1500 13
49 2 28 360 4 0,25 0,5 0,8 1 0 1793 179,3 1500 13
50 3 28 350 2 0,25 0,5 0,8 1 0 1718 171,8 1500 13
51 6 29 330 10 0,25 0,5 0,8 1 0 1559 155,9 1500 13
52 2 30 340 9 0,25 0,5 0,8 1 0 1457 145,7 1500 13
53 1 30 320 6 0,25 0,5 0,8 1 0 1356 135,6 1500 13
54 4 32 340 8 0,25 0,5 0,8 1 0 1258 125,8 1500 13
55 3 32 350 4 0,25 0,5 0,8 1 0 1258 125,8 1500 13
56 6 33 330 6 0,25 0,5 0,8 1 0 1256 125,6 1500 13
57 2 34 320 16 0,25 0,5 0,8 1 0 1235 123,5 1500 13
58 1 34 310 4 0,25 0,5 0,8 1 0 1148 114,8 1500 13
59 4 34 300 4 0,25 0,5 0,8 1 0 1050 105 1500 13
60 2 36 340 12 0,25 0,5 0,8 1 0 975 97,5 1500 13
61 3 37 350 6 0,25 0,5 0,8 1 0 929 92,9 1500 13
62 5 37 360 8 0,25 0,5 0,8 1 0 889 88,9 1500 13
63 2 39 350 12 0,25 0,5 0,8 1 0 851 85,1 1500 13
64 3 39 340 4 0,25 0,5 0,8 1 0 776 77,6 1500 13
65 5 41 320 12 0,25 0,5 0,8 1 0 712 71,2 1500 13
66 1 41 340 4 0,25 0,5 0,8 1 0 690 69 1500 13
67 4 41 330 8 0,25 0,5 0,8 1 0 678 67,8 1500 13
68 8 42 300 12 0,25 0,5 0,8 1 0 633 63,3 1500 13
69 3 43 320 2 0,25 0,5 0,8 1 0 607 60,7 1500 13
70 4 43 330 8 0,25 0,5 0,8 1 0 594 59,4 1500 13
71 5 44 350 4 0,25 0,5 0,8 1 0 580 58 1500 13
72 3 45 340 10 0,25 0,5 0,8 1 0 568 56,8 1500 13
73 2 45 290 10 0,25 0,5 0,8 1 0 514 51,4 1500 13
74 3 46 310 18 0,25 0,5 0,8 1 0 491 49,1 1500 13
75 5 47 330 18 0,25 0,5 0,8 1 0 475 47,5 1500 13
76 2 48 280 4 0,25 0,5 0,8 1 0 466 46,6 1500 13
77 4 48 270 16 0,25 0,5 0,8 1 0 455 45,5 1500 13
78 2 50 260 6 0,25 0,5 0,8 1 0 417 41,7 1500 13
79 7 50 250 4 0,25 0,5 0,8 1 0 397 39,7 1500 13
80 3 50 310 4 0,25 0,5 0,8 1 0 358 35,8 1500 13
81 6 52 300 9 0,25 0,5 0,8 1 0 335 33,5 1500 13
82 5 53 280 6 0,25 0,5 0,8 1 0 334 33,4 1500 13
83 10 53 260 18 0,25 0,5 0,8 1 0 318 31,8 1500 13
84 2 55 250 12 0,25 0,5 0,8 1 0 318 31,8 1500 13
85 3 56 250 12 0,25 0,5 0,8 1 0 291 29,1 1500 13
86 4 56 240 18 0,25 0,5 0,8 1 0 285 28,5 1500 13
87 6 58 260 8 0,25 0,5 0,8 1 0 260 26 1500 13
88 5 58 290 16 0,25 0,5 0,8 1 0 240 24 1500 13
89 1 58 240 4 0,25 0,5 0,8 1 0 228 22,8 1500 13
90 2 60 250 12 0,25 0,5 0,8 1 0 222 22,2 1500 13
91 4 62 280 8 0,25 0,5 0,8 1 0 219 21,9 1500 13
92 3 62 260 24 0,25 0,5 0,8 1 0 204 20,4 1500 13
93 5 64 240 8 0,25 0,5 0,8 1 0 185 18,5 1500 13
94 2 64 250 4 0,25 0,5 0,8 1 0 182 18,2 1500 13
95 3 66 230 8 0,25 0,5 0,8 1 0 179 17,9 1500 13
96 4 66 220 4 0,25 0,5 0,8 1 0 177 17,7 1500 13
97 1 66 240 8 0,25 0,5 0,8 1 0 166 16,6 1500 13
98 5 69 210 4 0,25 0,5 0,8 1 0 162 16,2 1500 13
99 3 70 200 8 0,25 0,5 0,8 1 0 160 16 1500 13
100 2 71 250 12 0,25 0,5 0,8 1 0 157 15,7 1500 13
101 1 71 260 16 0,25 0,5 0,8 1 0 153 15,3 1500 13
102 4 71 220 8 0,25 0,5 0,8 1 0 141 14,1 1500 13
103 2 74 210 18 0,25 0,5 0,8 1 0 138 13,8 1500 13
104 1 75 200 36 0,25 0,5 0,8 1 0 129 12,9 1500 13
105 3 76 190 8 0,25 0,5 0,8 1 0 127 12,7 1500 13
106 4 76 230 16 0,25 0,5 0,8 1 0 115 11,5 1500 13
107 5 78 200 6 0,25 0,5 0,8 1 0 109 10,9 1500 13
108 1 79 180 4 0,25 0,5 0,8 1 0 99 9,9 1500 13
109 4 79 160 8 0,25 0,5 0,8 1 0 97 9,7 1500 13
110 4 79 150 12 0,25 0,5 0,8 1 0 90 9 1500 13
111 2 82 170 12 0,25 0,5 0,8 1 0 88 8,8 1500 13
112 2 84 180 24 0,25 0,5 0,8 1 0 83 8,3 1500 13
113 1 87 140 80 0,25 0,5 0,8 1 0 78 7,8 1500 13
114 3 87 150 16 0,25 0,5 0,8 1 0 73 7,3 1500 13
115 4 87 160 8 0,25 0,5 0,8 1 0 67 6,7 1500 13
116 5 87 140 8 0,25 0,5 0,8 1 0 61 6,1 1500 13
117 6 91 120 16 0,25 0,5 0,8 1 0 61 6,1 1500 13
118 7 94 80 16 0,25 0,5 0,8 1 0 56 5,6 1500 13
119 2 96 70 16 0,25 0,5 0,8 1 0 52 5,2 1500 13
120 5 96 90 4 0,25 0,5 0,8 1 0 48 4,8 1500 13
121 1 102 60 8 0,25 0,5 0,8 1 0 46 4,6 1500 13
122 3 108 55 12 0,25 0,5 0,8 1 0 42 4,2 1500 13
123 4 108 100 4 0,25 0,5 0,8 1 0 39 3,9 1500 13
Node nums: [0 1 2 3 4 5 6 7 8 9 10 11 12 13 14 15 16 17 18 19 20 21 22 23 24 25 26 27
     28 29 30 31 32 33 34 35 36 37 38 39 40 41 42 43 44 45 46 47 48 49 50 51
     52 53 54 55 56 57 58 59 60 61 62 63 64 65 66 67 68 69 70 71 72 73 74 75
     76 77 78 79 80 81 82 83 84 85 86 87 88 89 90 91 92 93 94 95 96 97 98 99
     100 101 102 103 104 105 106 107 108 109 110 111 112 113 114 115 116 117
     118 119 120 121 122 123]
xx-Data uploaded-xx
	**** start init su array ...
0 [0 0 0 0 0 0 0 0 0 0]
1 [0 0 0 0 0 0 0 0 0 0]
2 [0 0 0 0 0 0 0 0 0 0]
3 [0 0 0 0 0 0 0 0 0 0]
4 [0 0 0 0 0 0 0 0 0 0]
5 [0 0 0 0 0 0 0 0 0 0]
6 [0 0 0 0 0 0 0 0 0 0]
7 [1 1 1 1 1 1 1 1 1 1]
8 [0 0 0 0 0 0 0 0 0 0]
9 [1 1 1 1 1 1 1 1 1 1]
10 [0 0 0 0 0 0 0 0 0 0]
11 [0 0 0 0 0 0 0 0 0 0]
12 [0 0 0 0 0 0 0 0 0 0]
13 [0 0 0 0 0 0 0 0 0 0]
14 [0 0 0 0 0 0 0 0 0 0]
15 [1 1 1 1 1 1 1 1 1 1]
16 [0 0 0 0 0 0 0 0 0 0]
17 [0 0 0 0 0 0 0 0 0 0]
18 [0 0 0 0 0 0 0 0 0 0]
19 [0 0 0 0 0 0 0 0 0 0]
20 [0 0 0 0 0 0 0 0 0 0]
21 [1 1 1 1 1 1 1 1 1 1]
22 [0 0 0 0 0 0 0 0 0 0]
23 [1 1 1 1 1 1 1 1 1 1]
24 [0 0 0 0 0 0 0 0 0 0]
25 [0 0 0 0 0 0 0 0 0 0]
26 [1 1 1 1 1 1 1 1 1 1]
27 [0 0 0 0 0 0 0 0 0 0]
28 [0 0 0 0 0 0 0 0 0 0]
29 [0 0 0 0 0 0 0 0 0 0]
30 [0 0 0 0 0 0 0 0 0 0]
31 [1 1 1 1 1 1 1 1 1 1]
32 [0 0 0 0 0 0 0 0 0 0]
33 [0 0 0 0 0 0 0 0 0 0]
34 [0 0 0 0 0 0 0 0 0 0]
35 [1 1 1 1 1 1 1 1 1 1]
36 [0 0 0 0 0 0 0 0 0 0]
37 [0 0 0 0 0 0 0 0 0 0]
38 [1 1 1 1 1 1 1 1 1 1]
39 [0 0 0 0 0 0 0 0 0 0]
40 [1 1 1 1 1 1 1 1 1 1]
41 [0 0 0 0 0 0 0 0 0 0]
42 [0 0 0 0 0 0 0 0 0 0]
43 [0 0 0 0 0 0 0 0 0 0]
44 [0 0 0 0 0 0 0 0 0 0]
45 [0 0 0 0 0 0 0 0 0 0]
46 [0 0 0 0 0 0 0 0 0 0]
47 [0 0 0 0 0 0 0 0 0 0]
48 [0 0 0 0 0 0 0 0 0 0]
49 [1 1 1 1 1 1 1 1 1 1]
50 [0 0 0 0 0 0 0 0 0 0]
51 [1 1 1 1 1 1 1 1 1 1]
52 [0 0 0 0 0 0 0 0 0 0]
53 [0 0 0 0 0 0 0 0 0 0]
54 [1 1 1 1 1 1 1 1 1 1]
55 [0 0 0 0 0 0 0 0 0 0]
56 [0 0 0 0 0 0 0 0 0 0]
57 [1 1 1 1 1 1 1 1 1 1]
58 [0 0 0 0 0 0 0 0 0 0]
59 [1 1 1 1 1 1 1 1 1 1]
60 [0 0 0 0 0 0 0 0 0 0]
61 [1 1 1 1 1 1 1 1 1 1]
62 [0 0 0 0 0 0 0 0 0 0]
63 [1 1 1 1 1 1 1 1 1 1]
64 [0 0 0 0 0 0 0 0 0 0]
65 [1 1 1 1 1 1 1 1 1 1]
66 [0 0 0 0 0 0 0 0 0 0]
67 [1 1 1 1 1 1 1 1 1 1]
68 [1 1 1 1 1 1 1 1 1 1]
69 [0 0 0 0 0 0 0 0 0 0]
70 [0 0 0 0 0 0 0 0 0 0]
71 [0 0 0 0 0 0 0 0 0 0]
72 [1 1 1 1 1 1 1 1 1 1]
73 [1 1 1 1 1 1 1 1 1 1]
74 [0 0 0 0 0 0 0 0 0 0]
75 [0 0 0 0 0 0 0 0 0 0]
76 [0 0 0 0 0 0 0 0 0 0]
77 [1 1 1 1 1 1 1 1 1 1]
78 [0 0 0 0 0 0 0 0 0 0]
79 [0 0 0 0 0 0 0 0 0 0]
80 [1 1 1 1 1 1 1 1 1 1]
81 [1 1 1 1 1 1 1 1 1 1]
82 [0 0 0 0 0 0 0 0 0 0]
83 [1 1 1 1 1 1 1 1 1 1]
84 [0 0 0 0 0 0 0 0 0 0]
85 [1 1 1 1 1 1 1 1 1 1]
86 [1 1 1 1 1 1 1 1 1 1]
87 [0 0 0 0 0 0 0 0 0 0]
88 [1 1 1 1 1 1 1 1 1 1]
89 [1 1 1 1 1 1 1 1 1 1]
90 [1 1 1 1 1 1 1 1 1 1]
91 [0 0 0 0 0 0 0 0 0 0]
92 [1 1 1 1 1 1 1 1 1 1]
93 [1 1 1 1 1 1 1 1 1 1]
94 [1 1 1 1 1 1 1 1 1 1]
95 [1 1 1 1 1 1 1 1 1 1]
96 [1 1 1 1 1 1 1 1 1 1]
97 [1 1 1 1 1 1 1 1 1 1]
98 [1 1 1 1 1 1 1 1 1 1]
99 [1 1 1 1 1 1 1 1 1 1]
100 [1 1 1 1 1 1 1 1 1 1]
101 [1 1 1 1 1 1 1 1 1 1]
102 [1 1 1 1 1 1 1 1 1 1]
103 [1 1 1 1 1 1 1 1 1 1]
104 [1 1 1 1 1 1 1 1 1 1]
105 [1 1 1 1 1 1 1 1 1 1]
106 [1 1 1 1 1 1 1 1 1 1]
107 [1 1 1 1 1 1 1 1 1 1]
108 [1 1 1 1 1 1 1 1 1 1]
109 [1 1 1 1 1 1 1 1 1 1]
110 [1 1 1 1 1 1 1 1 1 1]
111 [1 1 1 1 1 1 1 1 1 1]
112 [1 1 1 1 1 1 1 1 1 1]
113 [1 1 1 1 1 1 1 1 1 1]
114 [1 1 1 1 1 1 1 1 1 1]
115 [1 1 1 1 1 1 1 1 1 1]
116 [1 1 1 1 1 1 1 1 1 1]
117 [1 1 1 1 1 1 1 1 1 1]
118 [1 1 1 1 1 1 1 1 1 1]
119 [1 1 1 1 1 1 1 1 1 1]
120 [1 1 1 1 1 1 1 1 1 1]
121 [1 1 1 1 1 1 1 1 1 1]
122 [1 1 1 1 1 1 1 1 1 1]
123 [1 1 1 1 1 1 1 1 1 1]
	**** end init su array ...
1 2 1 700 80 0.85 0.92 0.8 (9)9
2 2 0.9 800 75 0.82 0.90 0.9 (9)9
3 1 1.1 680 90 0.88 0.95 0.5 (9)9
4 1 1 480 100 0.86 0.93 0.6 (9)9
5 5 0.6 550 40 0.72 0.78 1.5 (9)9
6 6 0.5 650 45 0.70 0.75 2.0 (9)9
7 7 0.5 1100 40 0.68 0.72 2.5 (9)9
8 5 0.3 700 30 0.65 0.70 1.8 (9)9
9 9 0.2 1700 15 0.60 0.65 3.5 (9)9
10 1 0.8 5800 40 0.80 0.88 0.7 (9)9

<<< generate

Version identifier: 20.1.0.0 | 2020-11-10 | 9bedb6d68
CPXPARAM_TimeLimit                               300

Multi-objective solve log . . .

Index  Priority  Blend          Objective      Nodes  Time (sec.)  DetTime (ticks)
    1         1      1   2,5625600000e+06       7791         1,34           996,51
    2         0      1   6,4695612660e+08       7059         3,83          3627,79

<<< solve


OBJECTIVE: 2562560; 6.469561e+8
xxxx
#Result <fct_obj, tot_cost, DIO, WIP, Emiss>: <2.5626e+6 2.5626e+6 1906 4.4924e+6 6.4696e+8 7.656e+5 1.797e+6 0>#CS:2562560#DIO:1906#WIP:4492400#E: 646956126.600000024#A:[1,2,33,36,6,33,31,12,28,12,29,22,22,29,28,11,26,26,27,25,25,16,25,12,19,17,12,24,24,18,22,14,20,22,20,11,18,24,12,22,10,20,19,19,19,15,11,14,19,11,20,15,17,20,13,16,19,11,17,13,13,12,20,11,17,14,16,13,17,13,12,15,12,11,10,11,15,13,16,17,12,15,16,19,13,12,13,16,14,10,11,15,12,14,14,12,15,10,10,8,7,10,10,7,6,12,13,14,10,9,9,11,11,10,8,9,10,11,12,11,10,6,8,9]#X:[0,1,1,1,1,1,1,0,0,0,0,0,1,0,0,0,0,0,0,0,0,0,0,0,0,0,0,0,0,0,0,0,0,0,0,0,0,0,0,0,0,0,0,0,0,0,0,0,0,0,0,0,0,0,0,0,0,0,0,0,0,0,0,0,0,0,0,0,0,0,0,0,0,0,0,0,0,0,0,0,0,0,0,0,0,0,0,0,0,0,0,0,0,0,0,0,0,0,0,0,0,0,0,0,0,0,0,0,0,0,0,0,0,0,0,0,0,0,0,0,0,0,0,0]#DELIVER:
S9=>P7
S9=>P9
S9=>P15
S9=>P21
S9=>P23
S9=>P26
S9=>P31
S9=>P35
S9=>P38
S9=>P40
S9=>P49
S9=>P51
S9=>P54
S9=>P57
S9=>P59
S9=>P61
S9=>P63
S9=>P65
S9=>P67
S9=>P68
S9=>P72
S9=>P73
S9=>P77
S9=>P80
S9=>P81
S9=>P83
S9=>P85
S9=>P86
S9=>P88
S9=>P89
S9=>P90
S9=>P92
S9=>P93
S9=>P95
S9=>P97
S8=>P98
S8=>P99
S8=>P100
S9=>P101
S8=>P103
S5=>P104
S8=>P104
S9=>P105
S9=>P106
S9=>P107
S8=>P109
S8=>P110
S9=>P111
S9=>P112
S9=>P113
S8=>P114
S8=>P115
S8=>P116
S8=>P117
S8=>P118
S9=>P119
S8=>P120
S8=>P121
S8=>P122
S8=>P123
xxxx

<<< post process


<<< done


)
