Array
(
    [CplexRunTime] => -1 sec
    [status] => OPTIMAL
    [termination_reason] => OPTIMAL
    [mip_gap] => 0
    [Result] => Array
        (
            [Objective] => 53084
            [TotalCost] => 53084
            [DIO] => 49
            [WIP] => 112400
            [Emissions] => 5587200
            [RawMCost] => 8124
            [InventCost] => 44960
            [EmisCost] => 0
        )

    [CS] => 53084
    [DIO] => 49
    [WIP] => 112400
    [E] => 5587240
    [A] => Array
        (
            [0] => 1
            [1] => 2
            [2] => 10
            [3] => 10
            [4] => 6
            [5] => 7
            [6] => 6
            [7] => 7
        )

    [X] => Array
        (
            [0] => 0
            [1] => 1
            [2] => 1
            [3] => 1
            [4] => 0
            [5] => 0
            [6] => 0
            [7] => 0
        )

    [DELIVER] => Array
        (
            [0] => S3=>P4
            [1] => S4=>P4
            [2] => S10=>P4
            [3] => S4=>P5
            [4] => S10=>P5
            [5] => S2=>P6
            [6] => S10=>P6
            [7] => S2=>P7
            [8] => S10=>P7
        )

    [_raw_output] => 
<<< setup

0 0 -1 0 0 0.25 0.5 0.8 1 0 0 0 0  14
1 2 0 760 1 0.25 0.5 0.8 1 0 7600 760 1500  14
2 4 1 180 1 0.25 0.5 0.8 1 0 5600 560 1500  14
3 3 1 115 2 0.25 0.5 0.8 1 0 3900 390 1500  14
4 5 2 32 6 0.25 0.5 0.8 1 0 3400 340 1500  14
5 6 3 40 2 0.25 0.5 0.8 1 0 3000 300 1500  14
6 4 2 24 4 0.25 0.5 0.8 1 0 2900 290 1500  14
7 5 3 28 3 0.25 0.5 0.8 1 0 2700 270 1500  14
Node nums: [0 1 2 3 4 5 6 7]
xx-Data uploaded-xx
	**** start init su array ...
0 [0 0 0 0 0 0 0 0 0 0]
1 [0 0 0 0 0 0 0 0 0 0]
2 [1 1 1 1 1 1 1 1 1 1]
3 [0 0 0 0 0 0 0 0 0 0]
4 [1 1 1 1 1 1 1 1 1 1]
5 [1 1 1 1 1 1 1 1 1 1]
6 [1 1 1 1 1 1 1 1 1 1]
7 [1 1 1 1 1 1 1 1 1 1]
	**** end init su array ...
1 2 1 100 80 0.85 0.92 0.8 (9)9
2 2 0.9 60 75 0.82 0.90 0.9 (9)9
3 1 1.1 80 90 0.88 0.95 0.5 (9)9
4 1 1 80 100 0.86 0.93 0.6 (9)9
5 5 0.6 50 40 0.72 0.78 1.5 (9)9
6 6 0.5 60 45 0.70 0.75 2.0 (9)9
7 7 0.5 80 40 0.68 0.72 2.5 (9)9
8 5 0.3 25 30 0.65 0.70 1.8 (9)9
9 9 0.2 250 15 0.60 0.65 3.5 (9)9
10 1 0.8 30 40 0.80 0.88 0.7 (9)9

<<< generate

Version identifier: 20.1.0.0 | 2020-11-10 | 9bedb6d68
CPXPARAM_TimeLimit                               300

Multi-objective solve log . . .

Index  Priority  Blend          Objective      Nodes  Time (sec.)  DetTime (ticks)
    1         1      1   5,3084000000e+04          0         0,14            27,76
    2         0      1   5,5872400000e+06          0         0,20            25,79

<<< solve


OBJECTIVE: 53084; 5587240
xxxx
#Result <fct_obj, tot_cost, DIO, WIP, Emiss>: <53084 53084 49 1.124e+5 5.5872e+6 8124 44960 0>#CS:53084#DIO:49#WIP:112400#E: 5587240#A:[1,2,10,10,6,7,6,7]#X:[0,1,1,1,0,0,0,0]#DELIVER:
S3=>P4
S4=>P4
S10=>P4
S4=>P5
S10=>P5
S2=>P6
S10=>P6
S2=>P7
S10=>P7
xxxx

<<< post process


<<< done


)
