Array
(
    [CplexRunTime] => Total (root+branch&cut) =    0,14 sec
    [status] => OPTIMAL
    [termination_reason] => OPTIMAL
    [mip_gap] => 0
    [Result] => Array
        (
            [Objective] => 170420
            [TotalCost] => 170370
            [LeadTime] => 57
            [Emissions] => 5939600
        )

    [TS] => 170365.47
    [A] => Array
        (
            [0] => 0
            [1] => 3
            [2] => 3
            [3] => 3
            [4] => 2
            [5] => 10
            [6] => 10
            [7] => 6
            [8] => 7
            [9] => 6
            [10] => 7
        )

    [X] => Array
        (
            [0] => 0
            [1] => 1
            [2] => 1
            [3] => 1
            [4] => 1
            [5] => 1
            [6] => 1
            [7] => 0
            [8] => 0
            [9] => 0
            [10] => 0
        )

    [Z] => Array
        (
            [0] => 0
            [1] => 0
            [2] => 0
            [3] => 0
            [4] => 0
            [5] => 0
            [6] => 0
            [7] => 0
            [8] => 0
            [9] => 0
            [10] => 0
            [11] => 0
            [12] => 0
            [13] => 0
            [14] => 0
            [15] => 0
            [16] => 0
            [17] => 0
            [18] => 0
            [19] => 1
            [20] => 0
            [21] => 0
            [22] => 0
            [23] => 0
            [24] => 0
            [25] => 0
            [26] => 0
            [27] => 0
            [28] => 0
            [29] => 1
            [30] => 0
            [31] => 0
            [32] => 0
            [33] => 0
            [34] => 0
            [35] => 0
            [36] => 0
            [37] => 0
            [38] => 0
            [39] => 1
            [40] => 0
            [41] => 0
            [42] => 0
            [43] => 0
            [44] => 0
            [45] => 0
            [46] => 0
            [47] => 0
            [48] => 0
            [49] => 0
            [50] => 0
            [51] => 0
            [52] => 0
            [53] => 0
            [54] => 0
            [55] => 0
            [56] => 0
            [57] => 0
            [58] => 0
            [59] => 0
            [60] => 0
            [61] => 0
            [62] => 0
            [63] => 0
            [64] => 0
            [65] => 0
            [66] => 0
            [67] => 0
            [68] => 0
            [69] => 0
            [70] => 0
            [71] => 0
            [72] => 1
            [73] => 1
            [74] => 0
            [75] => 0
            [76] => 0
            [77] => 0
            [78] => 0
            [79] => 1
            [80] => 0
            [81] => 0
            [82] => 0
            [83] => 1
            [84] => 0
            [85] => 0
            [86] => 0
            [87] => 0
            [88] => 0
            [89] => 1
            [90] => 0
            [91] => 1
            [92] => 0
            [93] => 0
            [94] => 0
            [95] => 0
            [96] => 0
            [97] => 0
            [98] => 0
            [99] => 1
            [100] => 0
            [101] => 1
            [102] => 0
            [103] => 0
            [104] => 0
            [105] => 0
            [106] => 0
            [107] => 0
            [108] => 0
            [109] => 1
        )

    [Q] => Array
        (
            [0] => 0
            [1] => 0
            [2] => 0
            [3] => 0
            [4] => 0
            [5] => 0
            [6] => 0
            [7] => 0
            [8] => 0
            [9] => 0
            [10] => 0
            [11] => 0
            [12] => 0
            [13] => 0
            [14] => 0
            [15] => 0
            [16] => 0
            [17] => 0
            [18] => 0
            [19] => 20
            [20] => 0
            [21] => 0
            [22] => 0
            [23] => 0
            [24] => 0
            [25] => 0
            [26] => 0
            [27] => 0
            [28] => 0
            [29] => 20
            [30] => 0
            [31] => 0
            [32] => 0
            [33] => 0
            [34] => 0
            [35] => 0
            [36] => 0
            [37] => 0
            [38] => 0
            [39] => 20
            [40] => 0
            [41] => 0
            [42] => 0
            [43] => 0
            [44] => 0
            [45] => 0
            [46] => 0
            [47] => 0
            [48] => 0
            [49] => 0
            [50] => 0
            [51] => 0
            [52] => 0
            [53] => 0
            [54] => 0
            [55] => 0
            [56] => 0
            [57] => 0
            [58] => 0
            [59] => 0
            [60] => 0
            [61] => 0
            [62] => 0
            [63] => 0
            [64] => 0
            [65] => 0
            [66] => 0
            [67] => 0
            [68] => 0
            [69] => 0
            [70] => 0
            [71] => 0
            [72] => 10
            [73] => 80
            [74] => 0
            [75] => 0
            [76] => 0
            [77] => 0
            [78] => 0
            [79] => 30
            [80] => 0
            [81] => 0
            [82] => 0
            [83] => 10
            [84] => 0
            [85] => 0
            [86] => 0
            [87] => 0
            [88] => 0
            [89] => 30
            [90] => 0
            [91] => 50
            [92] => 0
            [93] => 0
            [94] => 0
            [95] => 0
            [96] => 0
            [97] => 0
            [98] => 0
            [99] => 30
            [100] => 0
            [101] => 30
            [102] => 0
            [103] => 0
            [104] => 0
            [105] => 0
            [106] => 0
            [107] => 0
            [108] => 0
            [109] => 30
        )

    [E] => 5939600
    [DELIVER] => Array
        (
            [0] => S10=>P1
            [1] => S10=>P2
            [2] => S10=>P3
            [3] => S3=>P7
            [4] => S4=>P7
            [5] => S10=>P7
            [6] => S4=>P8
            [7] => S10=>P8
            [8] => S2=>P9
            [9] => S10=>P9
            [10] => S2=>P10
            [11] => S10=>P10
        )

    [_raw_output] => 
<<< setup

0 0 -1 0 0 0.25 0.5 0.8 1 0 0 0 0  14
1 2 0 700 1 0.25 0.5 0.8 1 0 7000 700 1500  14
2 2 0 650 1 0.25 0.5 0.8 1 0 6500 650 1500  14
3 2 0 600 1 0.25 0.5 0.8 1 0 6000 600 1500  14
4 2 0 750 1 0.25 0.5 0.8 1 0 7500 750 1500  14
5 4 4 180 1 0.25 0.5 0.8 1 0 5600 560 1500  14
6 3 4 120 2 0.25 0.5 0.8 1 0 3900 390 1500  14
7 5 5 35 6 0.25 0.5 0.8 1 0 3600 360 1500  14
8 6 6 40 2 0.25 0.5 0.8 1 0 3200 320 1500  14
9 4 5 27 4 0.25 0.5 0.8 1 0 3100 310 1500  14
10 5 6 32 3 0.25 0.5 0.8 1 0 2900 290 1500  14
Node nums: [0 1 2 3 4 5 6 7 8 9 10]
xx-Data uploaded-xx
	**** start init su array ...
0 [0 0 0 0 0 0 0 0 0 0]
1 [1 1 1 1 1 1 1 1 1 1]
2 [1 1 1 1 1 1 1 1 1 1]
3 [1 1 1 1 1 1 1 1 1 1]
4 [0 0 0 0 0 0 0 0 0 0]
5 [0 0 0 0 0 0 0 0 0 0]
6 [0 0 0 0 0 0 0 0 0 0]
7 [1 1 1 1 1 1 1 1 1 1]
8 [1 1 1 1 1 1 1 1 1 1]
9 [1 1 1 1 1 1 1 1 1 1]
10 [1 1 1 1 1 1 1 1 1 1]
	**** end init su array ...
1 2 1 100 80 0.85 0.92 0.8 (9)9
2 2 0.9 60 75 0.82 0.90 0.9 (9)9
3 1 1.1 80 90 0.88 0.95 0.5 (9)9
4 1 1 80 100 0.86 0.93 0.6 (9)9
5 5 0.6 50 40 0.72 0.78 1.5 (9)9
6 6 0.5 60 45 0.70 0.75 2.0 (9)9
7 7 0.5 80 40 0.68 0.72 2.5 (9)9
8 5 0.3 25 30 0.65 0.70 1.8 (9)9
9 9 0.2 250 15 0.60 0.65 3.5 (9)9
10 1 0.8 30 40 0.80 0.88 0.7 (9)9

<<< generate

Version identifier: 20.1.0.0 | 2020-11-10 | 9bedb6d68
CPXPARAM_TimeLimit                               300
Tried aggregator 2 times.
MIP Presolve eliminated 945 rows and 126 columns.
MIP Presolve modified 49 coefficients.
Aggregator did 12 substitutions.
Reduced MIP has 451 rows, 225 columns, and 1152 nonzeros.
Reduced MIP has 76 binaries, 149 generals, 0 SOSs, and 0 indicators.
Presolve time = 0,00 sec. (1,81 ticks)
Found incumbent of value 7254195,063125 after 0,00 sec. (3,04 ticks)
Probing time = 0,00 sec. (0,16 ticks)
Cover probing fixed 0 vars, tightened 7 bounds.
Tried aggregator 1 time.
MIP Presolve eliminated 195 rows and 90 columns.
MIP Presolve modified 56 coefficients.
Reduced MIP has 256 rows, 135 columns, and 660 nonzeros.
Reduced MIP has 46 binaries, 89 generals, 0 SOSs, and 0 indicators.
Presolve time = 0,00 sec. (0,42 ticks)
Probing time = 0,00 sec. (0,07 ticks)
Tried aggregator 1 time.
Detecting symmetries...
Reduced MIP has 256 rows, 135 columns, and 660 nonzeros.
Reduced MIP has 46 binaries, 89 generals, 0 SOSs, and 0 indicators.
Presolve time = 0,00 sec. (0,44 ticks)
Probing time = 0,00 sec. (0,07 ticks)
MIP emphasis: balance optimality and feasibility.
MIP search method: dynamic search.
Parallel mode: deterministic, using up to 20 threads.
Root relaxation solution time = 0,00 sec. (0,75 ticks)

        Nodes                                         Cuts/
   Node  Left     Objective  IInf  Best Integer    Best Bound    ItCnt     Gap

*     0+    0                      1823342,2390   115588,4375            93,66%
      0     0   165047,5526    62  1823342,2390   165047,5526       68   90,95%
      0     0   165712,8431    51  1823342,2390      Cuts: 58      126   90,91%
      0     0   166148,8683    60  1823342,2390      Cuts: 30      159   90,89%
      0     0   166278,9039    73  1823342,2390      Cuts: 24      181   90,88%
      0     0   166400,4981    68  1823342,2390      Cuts: 19      209   90,87%
      0     0   166473,9208    74  1823342,2390      Cuts: 13      223   90,87%
Detecting symmetries...
      0     0   166558,6041    73  1823342,2390      Cuts: 11      236   90,87%
      0     0   166579,7007    65  1823342,2390       Cuts: 9      246   90,86%
      0     0   166595,9944    47  1823342,2390      Cuts: 13      254   90,86%
      0     0   166597,8269    66  1823342,2390       Cuts: 2      262   90,86%
      0     0   166610,7408    70  1823342,2390       Cuts: 5      266   90,86%
*     0+    0                       179107,7842   166610,7408             6,98%
*     0+    0                       170422,4700   166610,7408             2,24%

Implied bound cuts applied:  20
Flow cuts applied:  5
Mixed integer rounding cuts applied:  13
Zero-half cuts applied:  14
Gomory fractional cuts applied:  2

Root node processing (before b&c):
  Real time             =    0,14 sec. (30,99 ticks)
Parallel b&c, 20 threads:
  Real time             =    0,00 sec. (0,00 ticks)
  Sync time (average)   =    0,00 sec.
  Wait time (average)   =    0,00 sec.
                          ------------
Total (root+branch&cut) =    0,14 sec. (30,99 ticks)

<<< solve


OBJECTIVE: 170422.5
xxxx
#Result <fct_obj, tot_cst, tot_ldt, Emiss>: <1.7042e+5 1.7037e+5 57 5.9396e+6>#TS:170365.47#A:[0,3,3,3,2,10,10,6,7,6,7]#X:[0,1,1,1,1,1,1,0,0,0,0]#Z:[0,0,0,0,0,0,0,0,0,0,0,0,0,0,0,0,0,0,0,1,0,0,0,0,0,0,0,0,0,1,0,0,0,0,0,0,0,0,0,1,0,0,0,0,0,0,0,0,0,0,0,0,0,0,0,0,0,0,0,0,0,0,0,0,0,0,0,0,0,0,0,0,1,1,0,0,0,0,0,1,0,0,0,1,0,0,0,0,0,1,0,1,0,0,0,0,0,0,0,1,0,1,0,0,0,0,0,0,0,1]#Q:[0,0,0,0,0,0,0,0,0,0,0,0,0,0,0,0,0,0,0,20,0,0,0,0,0,0,0,0,0,20,0,0,0,0,0,0,0,0,0,20,0,0,0,0,0,0,0,0,0,0,0,0,0,0,0,0,0,0,0,0,0,0,0,0,0,0,0,0,0,0,0,0,10,80,0,0,0,0,0,30,0,0,0,10,0,0,0,0,0,30,0,50,0,0,0,0,0,0,0,30,0,30,0,0,0,0,0,0,0,30]#E: 5939600#DELIVER:
S10=>P1
S10=>P2
S10=>P3
S3=>P7
S4=>P7
S10=>P7
S4=>P8
S10=>P8
S2=>P9
S10=>P9
S2=>P10
S10=>P10
xxxx

<<< post process


<<< done


)
