Array
(
    [CplexRunTime] => Total (root+branch&cut) =    0,17 sec
    [Result] => Array
        (
            [Objective] => fct_obj.
            [ServiceCost] => tot_cst.
            [LateDeliveries] => tot_ldt.
            [Emissions] => Emiss
        )

    [TS] => 875780
    [A] => Array
        (
            [0] => 0
            [1] => 35
            [2] => 26
            [3] => 26
            [4] => 23
            [5] => 20
            [6] => 22
            [7] => 19
            [8] => 20
            [9] => 18
            [10] => 16
            [11] => 18
            [12] => 13
            [13] => 12
            [14] => 10
            [15] => 18
            [16] => 14
            [17] => 12
            [18] => 16
            [19] => 11
            [20] => 14
            [21] => 11
            [22] => 11
            [23] => 12
            [24] => 7
            [25] => 16
            [26] => 12
            [27] => 13
            [28] => 10
            [29] => 7
            [30] => 16
        )

    [X] => Array
        (
            [0] => 0
            [1] => 1
            [2] => 0
            [3] => 0
            [4] => 0
            [5] => 0
            [6] => 0
            [7] => 0
            [8] => 0
            [9] => 0
            [10] => 0
            [11] => 0
            [12] => 0
            [13] => 0
            [14] => 0
            [15] => 0
            [16] => 0
            [17] => 0
            [18] => 0
            [19] => 0
            [20] => 0
            [21] => 0
            [22] => 0
            [23] => 0
            [24] => 0
            [25] => 0
            [26] => 0
            [27] => 0
            [28] => 0
            [29] => 0
            [30] => 0
        )

    [E] => 49597500
    [DELIVER] => Array
        (
            [0] => S9=>P13
            [1] => S9=>P14
            [2] => S8=>P15
            [3] => S9=>P15
            [4] => S8=>P16
            [5] => S10=>P16
            [6] => S9=>P17
            [7] => S9=>P18
            [8] => S9=>P19
            [9] => S3=>P20
            [10] => S4=>P20
            [11] => S8=>P20
            [12] => S10=>P20
            [13] => S9=>P21
            [14] => S8=>P22
            [15] => S8=>P23
            [16] => S9=>P23
            [17] => S10=>P24
            [18] => S9=>P25
            [19] => S8=>P26
            [20] => S9=>P26
            [21] => S8=>P27
            [22] => S9=>P27
            [23] => S8=>P28
            [24] => S10=>P29
            [25] => S6=>P30
            [26] => S7=>P30
            [27] => S8=>P30
            [28] => S9=>P30
        )

)
