Array
(
    [CplexRunTime] => Total (root+branch&cut) =    0,09 sec
    [Result] => Array
        (
            [Objective] => fct_obj.
            [ServiceCost] => tot_cst.
            [LateDeliveries] => tot_ldt.
            [Emissions] => Emiss
        )

    [TS] => 3375920
    [A] => Array
        (
            [0] => 0
            [1] => 2
            [2] => 50
            [3] => 41
            [4] => 25
            [5] => 23
            [6] => 29
            [7] => 22
            [8] => 45
            [9] => 34
            [10] => 17
            [11] => 15
            [12] => 19
            [13] => 18
            [14] => 19
            [15] => 11
            [16] => 25
            [17] => 15
            [18] => 19
            [19] => 12
            [20] => 42
            [21] => 16
            [22] => 26
            [23] => 31
            [24] => 13
            [25] => 12
            [26] => 12
            [27] => 14
            [28] => 13
            [29] => 12
            [30] => 15
            [31] => 14
            [32] => 21
            [33] => 16
            [34] => 12
            [35] => 37
            [36] => 14
            [37] => 20
            [38] => 18
            [39] => 28
            [40] => 17
            [41] => 9
            [42] => 7
            [43] => 13
            [44] => 13
            [45] => 12
            [46] => 17
            [47] => 12
            [48] => 13
            [49] => 11
            [50] => 35
            [51] => 15
            [52] => 16
            [53] => 10
            [54] => 13
            [55] => 12
            [56] => 15
            [57] => 11
            [58] => 10
            [59] => 23
            [60] => 11
            [61] => 12
            [62] => 16
            [63] => 10
            [64] => 16
            [65] => 17
            [66] => 17
            [67] => 32
            [68] => 14
            [69] => 19
            [70] => 11
            [71] => 12
            [72] => 14
            [73] => 17
            [74] => 28
            [75] => 11
            [76] => 16
            [77] => 12
            [78] => 15
            [79] => 24
            [80] => 19
        )

    [X] => Array
        (
            [0] => 0
            [1] => 1
            [2] => 1
            [3] => 1
            [4] => 1
            [5] => 1
            [6] => 0
            [7] => 0
            [8] => 0
            [9] => 0
            [10] => 0
            [11] => 0
            [12] => 0
            [13] => 0
            [14] => 0
            [15] => 0
            [16] => 0
            [17] => 0
            [18] => 0
            [19] => 0
            [20] => 0
            [21] => 0
            [22] => 0
            [23] => 0
            [24] => 0
            [25] => 0
            [26] => 0
            [27] => 0
            [28] => 0
            [29] => 0
            [30] => 0
            [31] => 0
            [32] => 0
            [33] => 0
            [34] => 0
            [35] => 0
            [36] => 0
            [37] => 0
            [38] => 0
            [39] => 0
            [40] => 0
            [41] => 0
            [42] => 0
            [43] => 0
            [44] => 0
            [45] => 0
            [46] => 0
            [47] => 0
            [48] => 0
            [49] => 0
            [50] => 0
            [51] => 0
            [52] => 0
            [53] => 0
            [54] => 0
            [55] => 0
            [56] => 0
            [57] => 0
            [58] => 0
            [59] => 0
            [60] => 0
            [61] => 0
            [62] => 0
            [63] => 0
            [64] => 0
            [65] => 0
            [66] => 0
            [67] => 0
            [68] => 0
            [69] => 0
            [70] => 0
            [71] => 0
            [72] => 0
            [73] => 0
            [74] => 0
            [75] => 0
            [76] => 0
            [77] => 0
            [78] => 0
            [79] => 0
            [80] => 0
        )

    [E] => 2592579835.4
    [DELIVER] => Array
        (
            [0] => S9=>P15
            [1] => S9=>P17
            [2] => S9=>P19
            [3] => S9=>P21
            [4] => S9=>P24
            [5] => S9=>P25
            [6] => S9=>P26
            [7] => S8=>P28
            [8] => S9=>P28
            [9] => S8=>P29
            [10] => S9=>P29
            [11] => S9=>P31
            [12] => S9=>P34
            [13] => S9=>P36
            [14] => S8=>P41
            [15] => S8=>P42
            [16] => S5=>P43
            [17] => S6=>P43
            [18] => S7=>P43
            [19] => S8=>P43
            [20] => S6=>P44
            [21] => S8=>P44
            [22] => S9=>P44
            [23] => S9=>P45
            [24] => S9=>P47
            [25] => S9=>P48
            [26] => S9=>P49
            [27] => S9=>P51
            [28] => S9=>P53
            [29] => S9=>P54
            [30] => S9=>P55
            [31] => S9=>P56
            [32] => S9=>P57
            [33] => S9=>P58
            [34] => S9=>P60
            [35] => S9=>P61
            [36] => S9=>P63
            [37] => S9=>P65
            [38] => S6=>P68
            [39] => S7=>P68
            [40] => S8=>P68
            [41] => S9=>P68
            [42] => S9=>P70
            [43] => S8=>P71
            [44] => S9=>P71
            [45] => S9=>P72
            [46] => S6=>P75
            [47] => S7=>P75
            [48] => S8=>P75
            [49] => S9=>P75
            [50] => S5=>P76
            [51] => S6=>P76
            [52] => S7=>P76
            [53] => S8=>P76
            [54] => S9=>P76
            [55] => S10=>P76
            [56] => S1=>P77
            [57] => S2=>P77
            [58] => S4=>P77
            [59] => S5=>P77
            [60] => S6=>P77
            [61] => S7=>P77
            [62] => S8=>P77
            [63] => S9=>P77
            [64] => S10=>P77
            [65] => S5=>P78
            [66] => S6=>P78
            [67] => S7=>P78
            [68] => S8=>P78
            [69] => S9=>P78
            [70] => S10=>P78
            [71] => S2=>P80
            [72] => S4=>P80
            [73] => S5=>P80
            [74] => S6=>P80
            [75] => S7=>P80
            [76] => S8=>P80
            [77] => S9=>P80
            [78] => S10=>P80
        )

)
