Array
(
    [CplexRunTime] => Total (root+branch&cut) =    0,09 sec
    [Result] => Array
        (
            [Objective] => fct_obj.
            [ServiceCost] => tot_cst.
            [LateDeliveries] => tot_ldt.
            [Emissions] => Emiss
        )

    [TS] => 867120
    [A] => Array
        (
            [0] => 0
            [1] => 35
            [2] => 26
            [3] => 25
            [4] => 23
            [5] => 20
            [6] => 22
            [7] => 19
            [8] => 20
            [9] => 17
            [10] => 16
            [11] => 18
            [12] => 13
            [13] => 12
            [14] => 10
            [15] => 18
            [16] => 14
            [17] => 12
            [18] => 16
            [19] => 11
            [20] => 14
            [21] => 11
            [22] => 11
            [23] => 12
            [24] => 7
            [25] => 16
            [26] => 12
        )

    [X] => Array
        (
            [0] => 0
            [1] => 1
            [2] => 0
            [3] => 0
            [4] => 0
            [5] => 0
            [6] => 0
            [7] => 0
            [8] => 0
            [9] => 0
            [10] => 0
            [11] => 0
            [12] => 0
            [13] => 0
            [14] => 0
            [15] => 0
            [16] => 0
            [17] => 0
            [18] => 0
            [19] => 0
            [20] => 0
            [21] => 0
            [22] => 0
            [23] => 0
            [24] => 0
            [25] => 0
            [26] => 0
        )

    [E] => 41574400
    [DELIVER] => Array
        (
            [0] => S9=>P13
            [1] => S9=>P14
            [2] => S9=>P15
            [3] => S8=>P16
            [4] => S8=>P17
            [5] => S9=>P17
            [6] => S9=>P18
            [7] => S9=>P19
            [8] => S8=>P20
            [9] => S9=>P21
            [10] => S8=>P22
            [11] => S8=>P23
            [12] => S9=>P23
            [13] => S10=>P24
            [14] => S6=>P25
            [15] => S7=>P25
            [16] => S9=>P25
            [17] => S8=>P26
            [18] => S9=>P26
        )

)
