Array
(
    [CplexRunTime] => Total (root+branch&cut) =    0,03 sec
    [Result] => Array
        (
            [Objective] => fct_obj.
            [ServiceCost] => tot_cst.
            [LateDeliveries] => tot_ldt.
            [Emissions] => Emiss
        )

    [TS] => 42620
    [A] => Array
        (
            [0] => 0
            [1] => 2
            [2] => 10
            [3] => 3
            [4] => 6
            [5] => 7
        )

    [X] => Array
        (
            [0] => 0
            [1] => 1
            [2] => 1
            [3] => 1
            [4] => 0
            [5] => 1
        )

    [E] => 2681960
    [DELIVER] => Array
        (
            [0] => S3=>P4
            [1] => S4=>P4
            [2] => S10=>P4
            [3] => S4=>P5
        )

)
