Array
(
    [CplexRunTime] => Total (root+branch&cut) =    0,03 sec
    [Result] => Array
        (
            [Objective] => fct_obj.
            [ServiceCost] => tot_cst.
            [LateDeliveries] => tot_ldt.
            [Emissions] => Emiss
        )

    [TS] => 53084
    [A] => Array
        (
            [0] => 0
            [1] => 2
            [2] => 10
            [3] => 10
            [4] => 6
            [5] => 7
            [6] => 6
            [7] => 7
        )

    [X] => Array
        (
            [0] => 0
            [1] => 1
            [2] => 1
            [3] => 1
            [4] => 0
            [5] => 0
            [6] => 0
            [7] => 0
        )

    [E] => 5587240
    [DELIVER] => Array
        (
            [0] => S3=>P4
            [1] => S4=>P4
            [2] => S10=>P4
            [3] => S4=>P5
            [4] => S10=>P5
            [5] => S2=>P6
            [6] => S10=>P6
            [7] => S2=>P7
            [8] => S4=>P7
            [9] => S10=>P7
        )

)
