Array
(
    [CplexRunTime] => Total (root+branch&cut) =    0,09 sec
    [Result] => Array
        (
            [Objective] => fct_obj.
            [ServiceCost] => tot_cst.
            [LateDeliveries] => tot_ldt.
            [Emissions] => Emiss
        )

    [TS] => 63273
    [A] => Array
        (
            [0] => 0
            [1] => 2
            [2] => 16
            [3] => 9
            [4] => 12
            [5] => 6
            [6] => 10
            [7] => 6
            [8] => 7
            [9] => 5
        )

    [X] => Array
        (
            [0] => 0
            [1] => 1
            [2] => 1
            [3] => 1
            [4] => 0
            [5] => 0
            [6] => 0
            [7] => 0
            [8] => 0
            [9] => 1
        )

    [E] => 9949345
    [DELIVER] => Array
        (
            [0] => S5=>P6
            [1] => S6=>P6
            [2] => S8=>P6
            [3] => S10=>P6
            [4] => S4=>P7
            [5] => S10=>P7
            [6] => S4=>P8
            [7] => S10=>P8
            [8] => S4=>P9
        )

)
