Array
(
    [CplexRunTime] => Total (root+branch&cut) =    0,09 sec
    [Result] => Array
        (
            [Objective] => fct_obj.
            [ServiceCost] => tot_cst.
            [LateDeliveries] => tot_ldt.
            [Emissions] => Emiss
        )

    [TS] => 127452
    [A] => Array
        (
            [0] => 0
            [1] => 2
            [2] => 9
            [3] => 23
            [4] => 6
            [5] => 4
            [6] => 16
            [7] => 16
            [8] => 3
            [9] => 4
            [10] => 17
            [11] => 12
            [12] => 12
            [13] => 13
            [14] => 13
            [15] => 7
        )

    [X] => Array
        (
            [0] => 0
            [1] => 1
            [2] => 1
            [3] => 1
            [4] => 1
            [5] => 0
            [6] => 0
            [7] => 0
            [8] => 1
            [9] => 1
            [10] => 1
            [11] => 0
            [12] => 0
            [13] => 0
            [14] => 0
            [15] => 1
        )

    [E] => 33149700
    [DELIVER] => Array
        (
            [0] => S4=>P9
            [1] => S9=>P11
            [2] => S1=>P12
            [3] => S2=>P12
            [4] => S3=>P12
            [5] => S4=>P12
            [6] => S5=>P12
            [7] => S8=>P12
            [8] => S10=>P12
            [9] => S1=>P13
            [10] => S2=>P13
            [11] => S4=>P13
            [12] => S10=>P13
            [13] => S9=>P14
            [14] => S4=>P15
        )

)
