Array
(
    [CplexRunTime] => Total (root+branch&cut) =    0,34 sec
    [Result] => Array
        (
            [Objective] => fct_obj.
            [ServiceCost] => tot_cst.
            [LateDeliveries] => tot_ldt.
            [Emissions] => Emiss
        )

    [TS] => 358472
    [A] => Array
        (
            [0] => 0
            [1] => 9
            [2] => 29
            [3] => 24
            [4] => 5
            [5] => 18
            [6] => 25
            [7] => 24
            [8] => 25
            [9] => 16
            [10] => 16
            [11] => 2
            [12] => 1
            [13] => 16
            [14] => 15
            [15] => 16
            [16] => 17
            [17] => 16
            [18] => 21
            [19] => 15
            [20] => 19
            [21] => 9
            [22] => 11
            [23] => 8
            [24] => 7
            [25] => 12
            [26] => 4
            [27] => 13
            [28] => 14
            [29] => 7
            [30] => 8
            [31] => 13
            [32] => 14
            [33] => 13
            [34] => 10
            [35] => 7
        )

    [X] => Array
        (
            [0] => 0
            [1] => 1
            [2] => 1
            [3] => 1
            [4] => 1
            [5] => 1
            [6] => 0
            [7] => 0
            [8] => 0
            [9] => 0
            [10] => 0
            [11] => 1
            [12] => 1
            [13] => 0
            [14] => 0
            [15] => 0
            [16] => 0
            [17] => 0
            [18] => 0
            [19] => 0
            [20] => 0
            [21] => 0
            [22] => 0
            [23] => 0
            [24] => 0
            [25] => 1
            [26] => 1
            [27] => 0
            [28] => 0
            [29] => 0
            [30] => 0
            [31] => 0
            [32] => 0
            [33] => 0
            [34] => 0
            [35] => 0
        )

    [E] => 48310880
    [DELIVER] => Array
        (
            [0] => S8=>P22
            [1] => S8=>P23
            [2] => S10=>P24
            [3] => S8=>P25
            [4] => S10=>P26
            [5] => S7=>P27
            [6] => S8=>P27
            [7] => S9=>P27
            [8] => S9=>P28
            [9] => S10=>P29
            [10] => S10=>P30
            [11] => S3=>P31
            [12] => S8=>P31
            [13] => S3=>P32
            [14] => S8=>P32
            [15] => S9=>P33
            [16] => S8=>P34
            [17] => S10=>P35
        )

)
