Array
(
    [CplexRunTime] => Total (root+branch&cut) =    0,58 sec
    [status] => OPTIMAL
    [termination_reason] => OPTIMAL
    [mip_gap] => 0
    [Result] => Array
        (
            [Objective] => 358950
            [TotalCost] => 358470
            [LeadTime] => 479
            [Emissions] => 48311000
        )

    [TS] => 358472
    [A] => Array
        (
            [0] => 0
            [1] => 9
            [2] => 29
            [3] => 24
            [4] => 5
            [5] => 18
            [6] => 25
            [7] => 24
            [8] => 25
            [9] => 16
            [10] => 16
            [11] => 2
            [12] => 1
            [13] => 16
            [14] => 15
            [15] => 16
            [16] => 17
            [17] => 16
            [18] => 21
            [19] => 15
            [20] => 19
            [21] => 9
            [22] => 11
            [23] => 8
            [24] => 7
            [25] => 12
            [26] => 4
            [27] => 13
            [28] => 14
            [29] => 7
            [30] => 8
            [31] => 13
            [32] => 14
            [33] => 13
            [34] => 10
            [35] => 7
        )

    [X] => Array
        (
            [0] => 0
            [1] => 1
            [2] => 1
            [3] => 1
            [4] => 1
            [5] => 1
            [6] => 0
            [7] => 0
            [8] => 0
            [9] => 0
            [10] => 0
            [11] => 1
            [12] => 1
            [13] => 0
            [14] => 0
            [15] => 0
            [16] => 0
            [17] => 0
            [18] => 0
            [19] => 0
            [20] => 0
            [21] => 0
            [22] => 0
            [23] => 0
            [24] => 0
            [25] => 1
            [26] => 1
            [27] => 0
            [28] => 0
            [29] => 0
            [30] => 0
            [31] => 0
            [32] => 0
            [33] => 0
            [34] => 0
            [35] => 0
        )

    [Z] => Array
        (
            [0] => 0
            [1] => 0
            [2] => 0
            [3] => 0
            [4] => 0
            [5] => 0
            [6] => 0
            [7] => 0
            [8] => 0
            [9] => 0
            [10] => 0
            [11] => 0
            [12] => 0
            [13] => 0
            [14] => 0
            [15] => 0
            [16] => 0
            [17] => 0
            [18] => 0
            [19] => 0
            [20] => 0
            [21] => 0
            [22] => 0
            [23] => 0
            [24] => 0
            [25] => 0
            [26] => 0
            [27] => 0
            [28] => 0
            [29] => 0
            [30] => 0
            [31] => 0
            [32] => 0
            [33] => 0
            [34] => 0
            [35] => 0
            [36] => 0
            [37] => 0
            [38] => 0
            [39] => 0
            [40] => 0
            [41] => 0
            [42] => 0
            [43] => 0
            [44] => 0
            [45] => 0
            [46] => 0
            [47] => 0
            [48] => 0
            [49] => 0
            [50] => 0
            [51] => 0
            [52] => 0
            [53] => 0
            [54] => 0
            [55] => 0
            [56] => 0
            [57] => 0
            [58] => 0
            [59] => 0
            [60] => 0
            [61] => 0
            [62] => 0
            [63] => 0
            [64] => 0
            [65] => 0
            [66] => 0
            [67] => 0
            [68] => 0
            [69] => 0
            [70] => 0
            [71] => 0
            [72] => 0
            [73] => 0
            [74] => 0
            [75] => 0
            [76] => 0
            [77] => 0
            [78] => 0
            [79] => 0
            [80] => 0
            [81] => 0
            [82] => 0
            [83] => 0
            [84] => 0
            [85] => 0
            [86] => 0
            [87] => 0
            [88] => 0
            [89] => 0
            [90] => 0
            [91] => 0
            [92] => 0
            [93] => 0
            [94] => 0
            [95] => 0
            [96] => 0
            [97] => 0
            [98] => 0
            [99] => 0
            [100] => 0
            [101] => 0
            [102] => 0
            [103] => 0
            [104] => 0
            [105] => 0
            [106] => 0
            [107] => 0
            [108] => 0
            [109] => 0
            [110] => 0
            [111] => 0
            [112] => 0
            [113] => 0
            [114] => 0
            [115] => 0
            [116] => 0
            [117] => 0
            [118] => 0
            [119] => 0
            [120] => 0
            [121] => 0
            [122] => 0
            [123] => 0
            [124] => 0
            [125] => 0
            [126] => 0
            [127] => 0
            [128] => 0
            [129] => 0
            [130] => 0
            [131] => 0
            [132] => 0
            [133] => 0
            [134] => 0
            [135] => 0
            [136] => 0
            [137] => 0
            [138] => 0
            [139] => 0
            [140] => 0
            [141] => 0
            [142] => 0
            [143] => 0
            [144] => 0
            [145] => 0
            [146] => 0
            [147] => 0
            [148] => 0
            [149] => 0
            [150] => 0
            [151] => 0
            [152] => 0
            [153] => 0
            [154] => 0
            [155] => 0
            [156] => 0
            [157] => 0
            [158] => 0
            [159] => 0
            [160] => 0
            [161] => 0
            [162] => 0
            [163] => 0
            [164] => 0
            [165] => 0
            [166] => 0
            [167] => 0
            [168] => 0
            [169] => 0
            [170] => 0
            [171] => 0
            [172] => 0
            [173] => 0
            [174] => 0
            [175] => 0
            [176] => 0
            [177] => 0
            [178] => 0
            [179] => 0
            [180] => 0
            [181] => 0
            [182] => 0
            [183] => 0
            [184] => 0
            [185] => 0
            [186] => 0
            [187] => 0
            [188] => 0
            [189] => 0
            [190] => 0
            [191] => 0
            [192] => 0
            [193] => 0
            [194] => 0
            [195] => 0
            [196] => 0
            [197] => 0
            [198] => 0
            [199] => 0
            [200] => 0
            [201] => 0
            [202] => 0
            [203] => 0
            [204] => 0
            [205] => 0
            [206] => 0
            [207] => 0
            [208] => 0
            [209] => 0
            [210] => 0
            [211] => 0
            [212] => 0
            [213] => 0
            [214] => 0
            [215] => 0
            [216] => 0
            [217] => 0
            [218] => 0
            [219] => 0
            [220] => 0
            [221] => 0
            [222] => 0
            [223] => 0
            [224] => 0
            [225] => 0
            [226] => 0
            [227] => 1
            [228] => 0
            [229] => 0
            [230] => 0
            [231] => 0
            [232] => 0
            [233] => 0
            [234] => 0
            [235] => 0
            [236] => 0
            [237] => 1
            [238] => 0
            [239] => 0
            [240] => 0
            [241] => 0
            [242] => 0
            [243] => 0
            [244] => 0
            [245] => 0
            [246] => 0
            [247] => 0
            [248] => 0
            [249] => 1
            [250] => 0
            [251] => 0
            [252] => 0
            [253] => 0
            [254] => 0
            [255] => 0
            [256] => 0
            [257] => 1
            [258] => 0
            [259] => 0
            [260] => 0
            [261] => 0
            [262] => 0
            [263] => 0
            [264] => 0
            [265] => 0
            [266] => 0
            [267] => 0
            [268] => 0
            [269] => 1
            [270] => 0
            [271] => 0
            [272] => 0
            [273] => 0
            [274] => 0
            [275] => 0
            [276] => 0
            [277] => 0
            [278] => 1
            [279] => 0
            [280] => 0
            [281] => 0
            [282] => 0
            [283] => 0
            [284] => 0
            [285] => 0
            [286] => 0
            [287] => 0
            [288] => 1
            [289] => 0
            [290] => 0
            [291] => 0
            [292] => 0
            [293] => 0
            [294] => 0
            [295] => 0
            [296] => 0
            [297] => 0
            [298] => 0
            [299] => 1
            [300] => 0
            [301] => 0
            [302] => 0
            [303] => 0
            [304] => 0
            [305] => 0
            [306] => 0
            [307] => 0
            [308] => 0
            [309] => 1
            [310] => 0
            [311] => 0
            [312] => 0
            [313] => 0
            [314] => 0
            [315] => 0
            [316] => 0
            [317] => 1
            [318] => 0
            [319] => 0
            [320] => 0
            [321] => 0
            [322] => 0
            [323] => 0
            [324] => 0
            [325] => 0
            [326] => 0
            [327] => 1
            [328] => 0
            [329] => 0
            [330] => 0
            [331] => 0
            [332] => 0
            [333] => 0
            [334] => 0
            [335] => 0
            [336] => 0
            [337] => 0
            [338] => 1
            [339] => 0
            [340] => 0
            [341] => 0
            [342] => 0
            [343] => 0
            [344] => 0
            [345] => 0
            [346] => 0
            [347] => 1
            [348] => 0
            [349] => 0
            [350] => 0
            [351] => 0
            [352] => 0
            [353] => 0
            [354] => 0
            [355] => 0
            [356] => 0
            [357] => 0
            [358] => 0
            [359] => 1
        )

    [Q] => Array
        (
            [0] => 0
            [1] => 0
            [2] => 0
            [3] => 0
            [4] => 0
            [5] => 0
            [6] => 0
            [7] => 0
            [8] => 0
            [9] => 0
            [10] => 0
            [11] => 0
            [12] => 0
            [13] => 0
            [14] => 0
            [15] => 0
            [16] => 0
            [17] => 0
            [18] => 0
            [19] => 0
            [20] => 0
            [21] => 0
            [22] => 0
            [23] => 0
            [24] => 0
            [25] => 0
            [26] => 0
            [27] => 0
            [28] => 0
            [29] => 0
            [30] => 0
            [31] => 0
            [32] => 0
            [33] => 0
            [34] => 0
            [35] => 0
            [36] => 0
            [37] => 0
            [38] => 0
            [39] => 0
            [40] => 0
            [41] => 0
            [42] => 0
            [43] => 0
            [44] => 0
            [45] => 0
            [46] => 0
            [47] => 0
            [48] => 0
            [49] => 0
            [50] => 0
            [51] => 0
            [52] => 0
            [53] => 0
            [54] => 0
            [55] => 0
            [56] => 0
            [57] => 0
            [58] => 0
            [59] => 0
            [60] => 0
            [61] => 0
            [62] => 0
            [63] => 0
            [64] => 0
            [65] => 0
            [66] => 0
            [67] => 0
            [68] => 0
            [69] => 0
            [70] => 0
            [71] => 0
            [72] => 0
            [73] => 0
            [74] => 0
            [75] => 0
            [76] => 0
            [77] => 0
            [78] => 0
            [79] => 0
            [80] => 0
            [81] => 0
            [82] => 0
            [83] => 0
            [84] => 0
            [85] => 0
            [86] => 0
            [87] => 0
            [88] => 0
            [89] => 0
            [90] => 0
            [91] => 0
            [92] => 0
            [93] => 0
            [94] => 0
            [95] => 0
            [96] => 0
            [97] => 0
            [98] => 0
            [99] => 0
            [100] => 0
            [101] => 0
            [102] => 0
            [103] => 0
            [104] => 0
            [105] => 0
            [106] => 0
            [107] => 0
            [108] => 0
            [109] => 0
            [110] => 0
            [111] => 0
            [112] => 0
            [113] => 0
            [114] => 0
            [115] => 0
            [116] => 0
            [117] => 0
            [118] => 0
            [119] => 0
            [120] => 0
            [121] => 0
            [122] => 0
            [123] => 0
            [124] => 0
            [125] => 0
            [126] => 0
            [127] => 0
            [128] => 0
            [129] => 0
            [130] => 0
            [131] => 0
            [132] => 0
            [133] => 0
            [134] => 0
            [135] => 0
            [136] => 0
            [137] => 0
            [138] => 0
            [139] => 0
            [140] => 0
            [141] => 0
            [142] => 0
            [143] => 0
            [144] => 0
            [145] => 0
            [146] => 0
            [147] => 0
            [148] => 0
            [149] => 0
            [150] => 0
            [151] => 0
            [152] => 0
            [153] => 0
            [154] => 0
            [155] => 0
            [156] => 0
            [157] => 0
            [158] => 0
            [159] => 0
            [160] => 0
            [161] => 0
            [162] => 0
            [163] => 0
            [164] => 0
            [165] => 0
            [166] => 0
            [167] => 0
            [168] => 0
            [169] => 0
            [170] => 0
            [171] => 0
            [172] => 0
            [173] => 0
            [174] => 0
            [175] => 0
            [176] => 0
            [177] => 0
            [178] => 0
            [179] => 0
            [180] => 0
            [181] => 0
            [182] => 0
            [183] => 0
            [184] => 0
            [185] => 0
            [186] => 0
            [187] => 0
            [188] => 0
            [189] => 0
            [190] => 0
            [191] => 0
            [192] => 0
            [193] => 0
            [194] => 0
            [195] => 0
            [196] => 0
            [197] => 0
            [198] => 0
            [199] => 0
            [200] => 0
            [201] => 0
            [202] => 0
            [203] => 0
            [204] => 0
            [205] => 0
            [206] => 0
            [207] => 0
            [208] => 0
            [209] => 0
            [210] => 0
            [211] => 0
            [212] => 0
            [213] => 0
            [214] => 0
            [215] => 0
            [216] => 0
            [217] => 0
            [218] => 0
            [219] => 0
            [220] => 0
            [221] => 0
            [222] => 0
            [223] => 0
            [224] => 0
            [225] => 0
            [226] => 0
            [227] => 80
            [228] => 0
            [229] => 0
            [230] => 0
            [231] => 0
            [232] => 0
            [233] => 0
            [234] => 0
            [235] => 0
            [236] => 0
            [237] => 80
            [238] => 0
            [239] => 0
            [240] => 0
            [241] => 0
            [242] => 0
            [243] => 0
            [244] => 0
            [245] => 0
            [246] => 0
            [247] => 0
            [248] => 0
            [249] => 60
            [250] => 0
            [251] => 0
            [252] => 0
            [253] => 0
            [254] => 0
            [255] => 0
            [256] => 0
            [257] => 40
            [258] => 0
            [259] => 0
            [260] => 0
            [261] => 0
            [262] => 0
            [263] => 0
            [264] => 0
            [265] => 0
            [266] => 0
            [267] => 0
            [268] => 0
            [269] => 60
            [270] => 0
            [271] => 0
            [272] => 0
            [273] => 0
            [274] => 0
            [275] => 0
            [276] => 0
            [277] => 0
            [278] => 100
            [279] => 0
            [280] => 0
            [281] => 0
            [282] => 0
            [283] => 0
            [284] => 0
            [285] => 0
            [286] => 0
            [287] => 0
            [288] => 80
            [289] => 0
            [290] => 0
            [291] => 0
            [292] => 0
            [293] => 0
            [294] => 0
            [295] => 0
            [296] => 0
            [297] => 0
            [298] => 0
            [299] => 60
            [300] => 0
            [301] => 0
            [302] => 0
            [303] => 0
            [304] => 0
            [305] => 0
            [306] => 0
            [307] => 0
            [308] => 0
            [309] => 40
            [310] => 0
            [311] => 0
            [312] => 0
            [313] => 0
            [314] => 0
            [315] => 0
            [316] => 0
            [317] => 80
            [318] => 0
            [319] => 0
            [320] => 0
            [321] => 0
            [322] => 0
            [323] => 0
            [324] => 0
            [325] => 0
            [326] => 0
            [327] => 60
            [328] => 0
            [329] => 0
            [330] => 0
            [331] => 0
            [332] => 0
            [333] => 0
            [334] => 0
            [335] => 0
            [336] => 0
            [337] => 0
            [338] => 40
            [339] => 0
            [340] => 0
            [341] => 0
            [342] => 0
            [343] => 0
            [344] => 0
            [345] => 0
            [346] => 0
            [347] => 100
            [348] => 0
            [349] => 0
            [350] => 0
            [351] => 0
            [352] => 0
            [353] => 0
            [354] => 0
            [355] => 0
            [356] => 0
            [357] => 0
            [358] => 0
            [359] => 80
        )

    [E] => 48310880
    [DELIVER] => Array
        (
            [0] => S8=>P22
            [1] => S8=>P23
            [2] => S10=>P24
            [3] => S8=>P25
            [4] => S10=>P26
            [5] => S9=>P27
            [6] => S9=>P28
            [7] => S10=>P29
            [8] => S10=>P30
            [9] => S8=>P31
            [10] => S8=>P32
            [11] => S9=>P33
            [12] => S8=>P34
            [13] => S10=>P35
        )

    [_raw_output] => 
<<< setup

0 0 -1 0 1 0,25 0,5 0,8 1 0 0 0 0  14
1 9 0 2000 1 0,25 0,5 0,8 1 0 9000 900 1500  14
2 4 1 180 1 0,25 0,5 0,8 1 0 4800 580 1500  14
3 8 1 360 1 0,25 0,5 0,8 1 0 6800 680 1500  14
4 5 1 150 3 0,25 0,5 0,8 1 0 3800 380 1500  14
5 2 1 120 2 0,25 0,5 0,8 1 0 3100 310 1500  14
6 8 2 110 3 0,25 0,5 0,8 1 0 3300 330 1500  14
7 3 2 105 2 0,25 0,5 0,8 1 0 3600 360 1500  14
8 6 2 100 1 0,25 0,5 0,8 1 0 2200 220 1500  14
9 5 3 108 2 0,25 0,5 0,8 1 0 1850 185 1500  14
10 9 3 98 3 0,25 0,5 0,8 1 0 1700 170 1500  14
11 2 4 92 2 0,25 0,5 0,8 1 0 1750 175 1500  14
12 1 4 88 3 0,25 0,5 0,8 1 0 1550 155 1500  14
13 3 5 82 8 0,25 0,5 0,5 1 0 1600 160 1500  14
14 1 5 86 6 0,25 0,5 0,5 1 0 1600 160 1500  14
15 9 5 90 2 0,25 0,5 0,5 1 0 1600 160 1500  14
16 9 6 84 9 0,25 0,5 0,5 1 0 2600 260 1500  14
17 3 6 78 6 0,25 0,5 0,5 1 0 2500 250 1500  14
18 7 7 75 2 0,25 0,5 0,5 1 0 2800 280 1500  14
19 2 8 76 1 0,25 0,5 0,5 1 0 1700 170 1500  14
20 9 8 80 2 0,25 0,5 0,5 1 0 1900 190 1500  14
21 2 9 74 6 0,25 0,5 0,5 1 0 1550 155 1500  14
22 6 9 71 4 0,25 0,5 0,5 1 0 1500 150 1500  14
23 3 9 79 4 0,25 0,5 0,5 1 0 1450 145 1500  14
24 6 10 70 3 0,25 0,5 0,5 1 0 1350 135 1500  14
25 7 11 74 2 0,25 0,5 0,5 1 0 1400 140 1500  14
26 3 12 72 3 0,25 0,5 0,5 1 0 1300 130 1500  14
27 4 13 68 5 0,25 0,5 0,5 1 0 1250 125 1500  14
28 5 14 66 4 0,25 0,5 0,5 1 0 1200 120 1500  14
29 6 15 64 3 0,25 0,5 0,5 1 0 1150 115 1500  14
30 7 16 62 2 0,25 0,5 0,5 1 0 1100 110 1500  14
31 8 17 60 4 0,25 0,5 0,5 1 0 1050 105 1500  14
32 9 18 58 3 0,25 0,5 0,5 1 0 1000 100 1500  14
33 4 19 56 2 0,25 0,5 0,5 1 0 950 95 1500  14
34 5 20 54 5 0,25 0,5 0,5 1 0 900 90 1500  14
35 6 21 52 4 0,25 0,5 0,5 1 0 850 85 1500  14
Node nums: [0 1 2 3 4 5 6 7 8 9 10 11 12 13 14 15 16 17 18 19 20 21 22 23 24 25 26 27
     28 29 30 31 32 33 34 35]
xx-Data uploaded-xx
	**** start init su array ...
0 [0 0 0 0 0 0 0 0 0 0]
1 [0 0 0 0 0 0 0 0 0 0]
2 [0 0 0 0 0 0 0 0 0 0]
3 [0 0 0 0 0 0 0 0 0 0]
4 [0 0 0 0 0 0 0 0 0 0]
5 [0 0 0 0 0 0 0 0 0 0]
6 [0 0 0 0 0 0 0 0 0 0]
7 [0 0 0 0 0 0 0 0 0 0]
8 [0 0 0 0 0 0 0 0 0 0]
9 [0 0 0 0 0 0 0 0 0 0]
10 [0 0 0 0 0 0 0 0 0 0]
11 [0 0 0 0 0 0 0 0 0 0]
12 [0 0 0 0 0 0 0 0 0 0]
13 [1 1 1 1 1 1 1 1 1 1]
14 [1 1 1 1 1 1 1 1 1 1]
15 [1 1 1 1 1 1 1 1 1 1]
16 [1 1 1 1 1 1 1 1 1 1]
17 [1 1 1 1 1 1 1 1 1 1]
18 [1 1 1 1 1 1 1 1 1 1]
19 [1 1 1 1 1 1 1 1 1 1]
20 [1 1 1 1 1 1 1 1 1 1]
21 [1 1 1 1 1 1 1 1 1 1]
22 [1 1 1 1 1 1 1 1 1 1]
23 [1 1 1 1 1 1 1 1 1 1]
24 [1 1 1 1 1 1 1 1 1 1]
25 [1 1 1 1 1 1 1 1 1 1]
26 [1 1 1 1 1 1 1 1 1 1]
27 [1 1 1 1 1 1 1 1 1 1]
28 [1 1 1 1 1 1 1 1 1 1]
29 [1 1 1 1 1 1 1 1 1 1]
30 [1 1 1 1 1 1 1 1 1 1]
31 [1 1 1 1 1 1 1 1 1 1]
32 [1 1 1 1 1 1 1 1 1 1]
33 [1 1 1 1 1 1 1 1 1 1]
34 [1 1 1 1 1 1 1 1 1 1]
35 [1 1 1 1 1 1 1 1 1 1]
	**** end init su array ...
1 2 1 700 80 0.85 0.92 0.8 (9)9
2 2 0.9 800 75 0.82 0.90 0.9 (9)9
3 1 1.1 680 90 0.88 0.95 0.5 (9)9
4 1 1 480 100 0.86 0.93 0.6 (9)9
5 5 0.6 550 40 0.72 0.78 1.5 (9)9
6 6 0.5 650 45 0.70 0.75 2.0 (9)9
7 7 0.5 1100 40 0.68 0.72 2.5 (9)9
8 5 0.3 700 30 0.65 0.70 1.8 (9)9
9 9 0.2 1700 15 0.60 0.65 3.5 (9)9
10 1 0.8 5800 40 0.80 0.88 0.7 (9)9

<<< generate

Version identifier: 20.1.0.0 | 2020-11-10 | 9bedb6d68
CPXPARAM_TimeLimit                               300
Tried aggregator 2 times.
MIP Presolve eliminated 8077 rows and 663 columns.
MIP Presolve modified 143 coefficients.
Aggregator did 16 substitutions.
Reduced MIP has 990 rows, 509 columns, and 2524 nonzeros.
Reduced MIP has 174 binaries, 335 generals, 0 SOSs, and 0 indicators.
Presolve time = 0,00 sec. (6,07 ticks)
Found incumbent of value 3,1274226e+07 after 0,00 sec. (9,56 ticks)
Probing time = 0,00 sec. (0,36 ticks)
Cover probing fixed 0 vars, tightened 14 bounds.
Tried aggregator 1 time.
Detecting symmetries...
MIP Presolve eliminated 42 rows and 0 columns.
MIP Presolve modified 196 coefficients.
Reduced MIP has 948 rows, 509 columns, and 2440 nonzeros.
Reduced MIP has 174 binaries, 335 generals, 0 SOSs, and 0 indicators.
Presolve time = 0,00 sec. (1,71 ticks)
Probing time = 0,00 sec. (0,33 ticks)
MIP emphasis: balance optimality and feasibility.
MIP search method: dynamic search.
Parallel mode: deterministic, using up to 20 threads.
Root relaxation solution time = 0,00 sec. (2,65 ticks)

        Nodes                                         Cuts/
   Node  Left     Objective  IInf  Best Integer    Best Bound    ItCnt     Gap

*     0+    0                       3,12742e+07     7888,0000            99,97%
*     0+    0                       3,09424e+07     7888,0000            99,97%
*     0+    0                      3022770,7000     7888,0000            99,74%
*     0+    0                      2806671,2000     7888,0000            99,72%
*     0+    0                      2595475,4000     7888,0000            99,70%
      0     0   337335,2266   137  2595475,4000   337335,2266      195   87,00%
      0     0   341340,2673   152  2595475,4000     Cuts: 119      292   86,85%
      0     0   342588,9072   164  2595475,4000      Cuts: 57      333   86,80%
      0     0   343237,4821   165  2595475,4000      Cuts: 14      357   86,78%
      0     0   343274,8919   160  2595475,4000      Cuts: 10      370   86,77%
      0     0   343338,2429   171  2595475,4000       Cuts: 2      375   86,77%
Detecting symmetries...
      0     0   343341,6703   173  2595475,4000       Cuts: 3      378   86,77%
      0     0   343342,2791   171  2595475,4000    MIRcuts: 1      381   86,77%
*     0+    0                       402860,0000   343342,2791            14,77%
*     0+    0                       389072,4000   343342,2791            11,75%
*     0+    0                       377867,0000   343342,2791             9,14%
      0     0  -1,00000e+75     0   377867,0000   343342,2791      381    9,14%
Detecting symmetries...
      0     2   343342,2791   171   377867,0000   343342,2791      381    9,14%
Elapsed time = 0,13 sec. (80,96 ticks, tree = 0,02 MB, solutions = 8)
*    34+    5                       374579,0000   343367,4587             8,33%
*    43+    2                       368352,0000   343367,4587             6,78%
*    58+    7                       365027,0000   343730,8438             5,83%
*    66+    8                       364609,0000   343730,8438             5,73%
*  2075  1224      integral     0   362837,5000   344741,2079     9409    4,99%
*  2843+ 1726                       360950,0000   344741,2079             4,49%
*  2928  1659      integral     0   360674,2000   344741,2079    12914    4,42%
*  2945+ 1659                       360661,8000   344741,2079             4,41%
*  3990+ 2272                       358979,1000   346184,9153             3,56%

Performing restart 1

Repeating presolve.
Tried aggregator 2 times.
MIP Presolve eliminated 14 rows and 6 columns.
MIP Presolve modified 333 coefficients.
Aggregator did 3 substitutions.
Reduced MIP has 931 rows, 500 columns, and 2397 nonzeros.
Reduced MIP has 170 binaries, 330 generals, 0 SOSs, and 0 indicators.
Presolve time = 0,02 sec. (1,80 ticks)
Tried aggregator 1 time.
MIP Presolve eliminated 592 rows and 317 columns.
MIP Presolve modified 22 coefficients.
Reduced MIP has 339 rows, 183 columns, and 872 nonzeros.
Reduced MIP has 62 binaries, 121 generals, 0 SOSs, and 0 indicators.
Presolve time = 0,00 sec. (0,74 ticks)
Tried aggregator 1 time.
MIP Presolve modified 8 coefficients.
Reduced MIP has 339 rows, 183 columns, and 872 nonzeros.
Reduced MIP has 62 binaries, 121 generals, 0 SOSs, and 0 indicators.
Presolve time = 0,00 sec. (0,60 ticks)
Represolve time = 0,17 sec. (39,93 ticks)
*  4740     0      integral     0   358951,0000   358951,0000    26108    0,00%

Implied bound cuts applied:  39
Mixed integer rounding cuts applied:  10
Zero-half cuts applied:  3
Lift and project cuts applied:  5
Gomory fractional cuts applied:  17

Root node processing (before b&c):
  Real time             =    0,11 sec. (80,69 ticks)
Parallel b&c, 20 threads:
  Real time             =    0,47 sec. (208,24 ticks)
  Sync time (average)   =    0,09 sec.
  Wait time (average)   =    0,00 sec.
                          ------------
Total (root+branch&cut) =    0,58 sec. (288,93 ticks)

<<< solve


OBJECTIVE: 358951
xxxx
#Result <fct_obj, tot_cst, tot_ldt, Emiss>: <3.5895e+5 3.5847e+5 479 4.8311e+7>#TS:358472#A:[0,9,29,24,5,18,25,24,25,16,16,2,1,16,15,16,17,16,21,15,19,9,11,8,7,12,4,13,14,7,8,13,14,13,10,7]#X:[0,1,1,1,1,1,0,0,0,0,0,1,1,0,0,0,0,0,0,0,0,0,0,0,0,1,1,0,0,0,0,0,0,0,0,0]#Z:[0,0,0,0,0,0,0,0,0,0,0,0,0,0,0,0,0,0,0,0,0,0,0,0,0,0,0,0,0,0,0,0,0,0,0,0,0,0,0,0,0,0,0,0,0,0,0,0,0,0,0,0,0,0,0,0,0,0,0,0,0,0,0,0,0,0,0,0,0,0,0,0,0,0,0,0,0,0,0,0,0,0,0,0,0,0,0,0,0,0,0,0,0,0,0,0,0,0,0,0,0,0,0,0,0,0,0,0,0,0,0,0,0,0,0,0,0,0,0,0,0,0,0,0,0,0,0,0,0,0,0,0,0,0,0,0,0,0,0,0,0,0,0,0,0,0,0,0,0,0,0,0,0,0,0,0,0,0,0,0,0,0,0,0,0,0,0,0,0,0,0,0,0,0,0,0,0,0,0,0,0,0,0,0,0,0,0,0,0,0,0,0,0,0,0,0,0,0,0,0,0,0,0,0,0,0,0,0,0,0,0,0,0,0,0,0,0,0,0,0,0,0,0,0,0,0,0,1,0,0,0,0,0,0,0,0,0,1,0,0,0,0,0,0,0,0,0,0,0,1,0,0,0,0,0,0,0,1,0,0,0,0,0,0,0,0,0,0,0,1,0,0,0,0,0,0,0,0,1,0,0,0,0,0,0,0,0,0,1,0,0,0,0,0,0,0,0,0,0,1,0,0,0,0,0,0,0,0,0,1,0,0,0,0,0,0,0,1,0,0,0,0,0,0,0,0,0,1,0,0,0,0,0,0,0,0,0,0,1,0,0,0,0,0,0,0,0,1,0,0,0,0,0,0,0,0,0,0,0,1]#Q:[0,0,0,0,0,0,0,0,0,0,0,0,0,0,0,0,0,0,0,0,0,0,0,0,0,0,0,0,0,0,0,0,0,0,0,0,0,0,0,0,0,0,0,0,0,0,0,0,0,0,0,0,0,0,0,0,0,0,0,0,0,0,0,0,0,0,0,0,0,0,0,0,0,0,0,0,0,0,0,0,0,0,0,0,0,0,0,0,0,0,0,0,0,0,0,0,0,0,0,0,0,0,0,0,0,0,0,0,0,0,0,0,0,0,0,0,0,0,0,0,0,0,0,0,0,0,0,0,0,0,0,0,0,0,0,0,0,0,0,0,0,0,0,0,0,0,0,0,0,0,0,0,0,0,0,0,0,0,0,0,0,0,0,0,0,0,0,0,0,0,0,0,0,0,0,0,0,0,0,0,0,0,0,0,0,0,0,0,0,0,0,0,0,0,0,0,0,0,0,0,0,0,0,0,0,0,0,0,0,0,0,0,0,0,0,0,0,0,0,0,0,0,0,0,0,0,0,80,0,0,0,0,0,0,0,0,0,80,0,0,0,0,0,0,0,0,0,0,0,60,0,0,0,0,0,0,0,40,0,0,0,0,0,0,0,0,0,0,0,60,0,0,0,0,0,0,0,0,100,0,0,0,0,0,0,0,0,0,80,0,0,0,0,0,0,0,0,0,0,60,0,0,0,0,0,0,0,0,0,40,0,0,0,0,0,0,0,80,0,0,0,0,0,0,0,0,0,60,0,0,0,0,0,0,0,0,0,0,40,0,0,0,0,0,0,0,0,100,0,0,0,0,0,0,0,0,0,0,0,80]#E: 48310880#DELIVER:
S8=>P22
S8=>P23
S10=>P24
S8=>P25
S10=>P26
S9=>P27
S9=>P28
S10=>P29
S10=>P30
S8=>P31
S8=>P32
S9=>P33
S8=>P34
S10=>P35
xxxx

<<< post process


<<< done


)
