Array
(
    [CplexRunTime] => Total (root+branch&cut) =    0,09 sec
    [status] => OPTIMAL
    [termination_reason] => OPTIMAL
    [mip_gap] => 0
    [Result] => Array
        (
            [Objective] => 2419100
            [TotalCost] => 2418000
            [LeadTime] => 1138
            [Emissions] => 1787800000
        )

    [TS] => 2417975
    [A] => Array
        (
            [0] => 0
            [1] => 2
            [2] => 27
            [3] => 43
            [4] => 21
            [5] => 46
            [6] => 22
            [7] => 22
            [8] => 21
            [9] => 36
            [10] => 17
            [11] => 15
            [12] => 15
            [13] => 18
            [14] => 42
            [15] => 11
            [16] => 18
            [17] => 15
            [18] => 19
            [19] => 12
            [20] => 18
            [21] => 16
            [22] => 15
            [23] => 33
            [24] => 13
            [25] => 12
            [26] => 8
            [27] => 10
            [28] => 13
            [29] => 12
            [30] => 38
            [31] => 14
            [32] => 13
            [33] => 16
            [34] => 12
            [35] => 13
            [36] => 13
            [37] => 30
            [38] => 5
            [39] => 36
            [40] => 13
            [41] => 9
            [42] => 13
            [43] => 12
            [44] => 8
            [45] => 27
            [46] => 14
            [47] => 30
            [48] => 24
            [49] => 25
            [50] => 27
            [51] => 22
            [52] => 22
            [53] => 22
            [54] => 18
            [55] => 19
            [56] => 16
            [57] => 16
            [58] => 15
            [59] => 11
            [60] => 13
        )

    [X] => Array
        (
            [0] => 0
            [1] => 1
            [2] => 1
            [3] => 1
            [4] => 1
            [5] => 1
            [6] => 0
            [7] => 0
            [8] => 0
            [9] => 0
            [10] => 0
            [11] => 0
            [12] => 0
            [13] => 0
            [14] => 0
            [15] => 0
            [16] => 0
            [17] => 0
            [18] => 0
            [19] => 0
            [20] => 0
            [21] => 0
            [22] => 0
            [23] => 0
            [24] => 0
            [25] => 0
            [26] => 0
            [27] => 0
            [28] => 0
            [29] => 0
            [30] => 0
            [31] => 0
            [32] => 0
            [33] => 0
            [34] => 0
            [35] => 0
            [36] => 0
            [37] => 0
            [38] => 0
            [39] => 0
            [40] => 0
            [41] => 0
            [42] => 0
            [43] => 0
            [44] => 0
            [45] => 0
            [46] => 0
            [47] => 0
            [48] => 0
            [49] => 0
            [50] => 0
            [51] => 0
            [52] => 0
            [53] => 0
            [54] => 0
            [55] => 0
            [56] => 0
            [57] => 0
            [58] => 0
            [59] => 0
            [60] => 0
        )

    [Z] => Array
        (
            [0] => 0
            [1] => 0
            [2] => 0
            [3] => 0
            [4] => 0
            [5] => 0
            [6] => 0
            [7] => 0
            [8] => 0
            [9] => 0
            [10] => 0
            [11] => 0
            [12] => 0
            [13] => 0
            [14] => 0
            [15] => 0
            [16] => 0
            [17] => 0
            [18] => 0
            [19] => 0
            [20] => 0
            [21] => 0
            [22] => 0
            [23] => 0
            [24] => 0
            [25] => 0
            [26] => 0
            [27] => 0
            [28] => 0
            [29] => 0
            [30] => 0
            [31] => 0
            [32] => 0
            [33] => 0
            [34] => 0
            [35] => 0
            [36] => 0
            [37] => 0
            [38] => 0
            [39] => 0
            [40] => 0
            [41] => 0
            [42] => 0
            [43] => 0
            [44] => 0
            [45] => 0
            [46] => 0
            [47] => 0
            [48] => 0
            [49] => 0
            [50] => 0
            [51] => 0
            [52] => 0
            [53] => 0
            [54] => 0
            [55] => 0
            [56] => 0
            [57] => 0
            [58] => 0
            [59] => 0
            [60] => 0
            [61] => 0
            [62] => 0
            [63] => 0
            [64] => 0
            [65] => 0
            [66] => 0
            [67] => 0
            [68] => 0
            [69] => 0
            [70] => 0
            [71] => 0
            [72] => 0
            [73] => 0
            [74] => 0
            [75] => 0
            [76] => 0
            [77] => 0
            [78] => 0
            [79] => 0
            [80] => 0
            [81] => 0
            [82] => 0
            [83] => 0
            [84] => 0
            [85] => 0
            [86] => 0
            [87] => 0
            [88] => 0
            [89] => 0
            [90] => 0
            [91] => 0
            [92] => 0
            [93] => 0
            [94] => 0
            [95] => 0
            [96] => 0
            [97] => 0
            [98] => 0
            [99] => 0
            [100] => 0
            [101] => 0
            [102] => 0
            [103] => 0
            [104] => 0
            [105] => 0
            [106] => 0
            [107] => 0
            [108] => 0
            [109] => 0
            [110] => 0
            [111] => 0
            [112] => 0
            [113] => 0
            [114] => 0
            [115] => 0
            [116] => 0
            [117] => 0
            [118] => 0
            [119] => 0
            [120] => 0
            [121] => 0
            [122] => 0
            [123] => 0
            [124] => 0
            [125] => 0
            [126] => 0
            [127] => 0
            [128] => 0
            [129] => 0
            [130] => 0
            [131] => 0
            [132] => 0
            [133] => 0
            [134] => 0
            [135] => 0
            [136] => 0
            [137] => 0
            [138] => 0
            [139] => 0
            [140] => 0
            [141] => 0
            [142] => 0
            [143] => 0
            [144] => 0
            [145] => 0
            [146] => 0
            [147] => 0
            [148] => 0
            [149] => 0
            [150] => 0
            [151] => 0
            [152] => 0
            [153] => 0
            [154] => 0
            [155] => 0
            [156] => 0
            [157] => 0
            [158] => 1
            [159] => 0
            [160] => 0
            [161] => 0
            [162] => 0
            [163] => 0
            [164] => 0
            [165] => 0
            [166] => 0
            [167] => 0
            [168] => 0
            [169] => 0
            [170] => 0
            [171] => 0
            [172] => 0
            [173] => 0
            [174] => 0
            [175] => 0
            [176] => 0
            [177] => 0
            [178] => 1
            [179] => 0
            [180] => 0
            [181] => 0
            [182] => 0
            [183] => 0
            [184] => 0
            [185] => 0
            [186] => 0
            [187] => 0
            [188] => 0
            [189] => 0
            [190] => 0
            [191] => 0
            [192] => 0
            [193] => 0
            [194] => 0
            [195] => 0
            [196] => 0
            [197] => 0
            [198] => 1
            [199] => 0
            [200] => 0
            [201] => 0
            [202] => 0
            [203] => 0
            [204] => 0
            [205] => 0
            [206] => 0
            [207] => 0
            [208] => 0
            [209] => 0
            [210] => 0
            [211] => 0
            [212] => 0
            [213] => 0
            [214] => 0
            [215] => 0
            [216] => 0
            [217] => 0
            [218] => 1
            [219] => 0
            [220] => 0
            [221] => 0
            [222] => 0
            [223] => 0
            [224] => 0
            [225] => 0
            [226] => 0
            [227] => 0
            [228] => 1
            [229] => 0
            [230] => 0
            [231] => 0
            [232] => 0
            [233] => 0
            [234] => 0
            [235] => 0
            [236] => 0
            [237] => 0
            [238] => 0
            [239] => 0
            [240] => 0
            [241] => 0
            [242] => 0
            [243] => 0
            [244] => 0
            [245] => 0
            [246] => 0
            [247] => 0
            [248] => 1
            [249] => 0
            [250] => 0
            [251] => 0
            [252] => 0
            [253] => 0
            [254] => 0
            [255] => 0
            [256] => 0
            [257] => 0
            [258] => 1
            [259] => 0
            [260] => 0
            [261] => 0
            [262] => 0
            [263] => 0
            [264] => 0
            [265] => 0
            [266] => 0
            [267] => 1
            [268] => 0
            [269] => 0
            [270] => 0
            [271] => 0
            [272] => 0
            [273] => 0
            [274] => 0
            [275] => 0
            [276] => 0
            [277] => 0
            [278] => 0
            [279] => 0
            [280] => 0
            [281] => 0
            [282] => 0
            [283] => 0
            [284] => 0
            [285] => 0
            [286] => 0
            [287] => 0
            [288] => 1
            [289] => 0
            [290] => 0
            [291] => 0
            [292] => 0
            [293] => 0
            [294] => 0
            [295] => 0
            [296] => 0
            [297] => 0
            [298] => 1
            [299] => 0
            [300] => 0
            [301] => 0
            [302] => 0
            [303] => 0
            [304] => 0
            [305] => 0
            [306] => 0
            [307] => 0
            [308] => 0
            [309] => 0
            [310] => 0
            [311] => 0
            [312] => 0
            [313] => 0
            [314] => 0
            [315] => 0
            [316] => 0
            [317] => 0
            [318] => 1
            [319] => 0
            [320] => 0
            [321] => 0
            [322] => 0
            [323] => 0
            [324] => 0
            [325] => 0
            [326] => 0
            [327] => 0
            [328] => 0
            [329] => 0
            [330] => 0
            [331] => 0
            [332] => 0
            [333] => 0
            [334] => 0
            [335] => 0
            [336] => 0
            [337] => 0
            [338] => 0
            [339] => 0
            [340] => 0
            [341] => 0
            [342] => 0
            [343] => 0
            [344] => 0
            [345] => 0
            [346] => 0
            [347] => 0
            [348] => 1
            [349] => 0
            [350] => 0
            [351] => 0
            [352] => 0
            [353] => 0
            [354] => 0
            [355] => 0
            [356] => 0
            [357] => 0
            [358] => 0
            [359] => 0
            [360] => 0
            [361] => 0
            [362] => 0
            [363] => 0
            [364] => 0
            [365] => 0
            [366] => 0
            [367] => 0
            [368] => 1
            [369] => 0
            [370] => 0
            [371] => 0
            [372] => 0
            [373] => 0
            [374] => 0
            [375] => 0
            [376] => 0
            [377] => 0
            [378] => 0
            [379] => 0
            [380] => 0
            [381] => 0
            [382] => 0
            [383] => 0
            [384] => 0
            [385] => 0
            [386] => 0
            [387] => 0
            [388] => 0
            [389] => 1
            [390] => 0
            [391] => 0
            [392] => 0
            [393] => 0
            [394] => 0
            [395] => 0
            [396] => 0
            [397] => 0
            [398] => 0
            [399] => 0
            [400] => 0
            [401] => 0
            [402] => 0
            [403] => 0
            [404] => 0
            [405] => 0
            [406] => 0
            [407] => 0
            [408] => 1
            [409] => 0
            [410] => 0
            [411] => 0
            [412] => 0
            [413] => 0
            [414] => 0
            [415] => 0
            [416] => 0
            [417] => 1
            [418] => 0
            [419] => 0
            [420] => 0
            [421] => 0
            [422] => 0
            [423] => 0
            [424] => 0
            [425] => 0
            [426] => 0
            [427] => 0
            [428] => 1
            [429] => 0
            [430] => 0
            [431] => 0
            [432] => 0
            [433] => 0
            [434] => 0
            [435] => 0
            [436] => 0
            [437] => 0
            [438] => 1
            [439] => 0
            [440] => 0
            [441] => 0
            [442] => 0
            [443] => 0
            [444] => 0
            [445] => 0
            [446] => 0
            [447] => 1
            [448] => 0
            [449] => 0
            [450] => 0
            [451] => 0
            [452] => 0
            [453] => 0
            [454] => 0
            [455] => 0
            [456] => 0
            [457] => 0
            [458] => 0
            [459] => 0
            [460] => 0
            [461] => 0
            [462] => 0
            [463] => 0
            [464] => 0
            [465] => 0
            [466] => 0
            [467] => 0
            [468] => 1
            [469] => 0
            [470] => 0
            [471] => 0
            [472] => 0
            [473] => 0
            [474] => 0
            [475] => 0
            [476] => 0
            [477] => 0
            [478] => 0
            [479] => 0
            [480] => 0
            [481] => 0
            [482] => 0
            [483] => 0
            [484] => 0
            [485] => 0
            [486] => 0
            [487] => 0
            [488] => 0
            [489] => 0
            [490] => 0
            [491] => 0
            [492] => 0
            [493] => 0
            [494] => 0
            [495] => 0
            [496] => 0
            [497] => 0
            [498] => 0
            [499] => 0
            [500] => 0
            [501] => 0
            [502] => 0
            [503] => 0
            [504] => 0
            [505] => 0
            [506] => 0
            [507] => 0
            [508] => 0
            [509] => 0
            [510] => 0
            [511] => 0
            [512] => 0
            [513] => 0
            [514] => 0
            [515] => 0
            [516] => 0
            [517] => 0
            [518] => 0
            [519] => 0
            [520] => 0
            [521] => 0
            [522] => 0
            [523] => 0
            [524] => 0
            [525] => 0
            [526] => 0
            [527] => 0
            [528] => 0
            [529] => 0
            [530] => 0
            [531] => 0
            [532] => 0
            [533] => 0
            [534] => 0
            [535] => 0
            [536] => 0
            [537] => 0
            [538] => 0
            [539] => 0
            [540] => 0
            [541] => 0
            [542] => 0
            [543] => 0
            [544] => 0
            [545] => 0
            [546] => 0
            [547] => 0
            [548] => 0
            [549] => 0
            [550] => 0
            [551] => 0
            [552] => 0
            [553] => 0
            [554] => 0
            [555] => 0
            [556] => 0
            [557] => 0
            [558] => 0
            [559] => 0
            [560] => 0
            [561] => 0
            [562] => 0
            [563] => 0
            [564] => 0
            [565] => 0
            [566] => 0
            [567] => 0
            [568] => 0
            [569] => 0
            [570] => 0
            [571] => 0
            [572] => 0
            [573] => 0
            [574] => 0
            [575] => 0
            [576] => 0
            [577] => 0
            [578] => 0
            [579] => 0
            [580] => 0
            [581] => 0
            [582] => 0
            [583] => 0
            [584] => 1
            [585] => 1
            [586] => 1
            [587] => 1
            [588] => 1
            [589] => 1
            [590] => 1
            [591] => 1
            [592] => 1
            [593] => 1
            [594] => 1
            [595] => 1
            [596] => 1
            [597] => 1
            [598] => 1
            [599] => 1
            [600] => 1
            [601] => 1
            [602] => 0
            [603] => 0
            [604] => 1
            [605] => 1
            [606] => 1
            [607] => 1
            [608] => 1
            [609] => 1
        )

    [Q] => Array
        (
            [0] => 0
            [1] => 0
            [2] => 0
            [3] => 0
            [4] => 0
            [5] => 0
            [6] => 0
            [7] => 0
            [8] => 0
            [9] => 0
            [10] => 0
            [11] => 0
            [12] => 0
            [13] => 0
            [14] => 0
            [15] => 0
            [16] => 0
            [17] => 0
            [18] => 0
            [19] => 0
            [20] => 0
            [21] => 0
            [22] => 0
            [23] => 0
            [24] => 0
            [25] => 0
            [26] => 0
            [27] => 0
            [28] => 0
            [29] => 0
            [30] => 0
            [31] => 0
            [32] => 0
            [33] => 0
            [34] => 0
            [35] => 0
            [36] => 0
            [37] => 0
            [38] => 0
            [39] => 0
            [40] => 0
            [41] => 0
            [42] => 0
            [43] => 0
            [44] => 0
            [45] => 0
            [46] => 0
            [47] => 0
            [48] => 0
            [49] => 0
            [50] => 0
            [51] => 0
            [52] => 0
            [53] => 0
            [54] => 0
            [55] => 0
            [56] => 0
            [57] => 0
            [58] => 0
            [59] => 0
            [60] => 0
            [61] => 0
            [62] => 0
            [63] => 0
            [64] => 0
            [65] => 0
            [66] => 0
            [67] => 0
            [68] => 0
            [69] => 0
            [70] => 0
            [71] => 0
            [72] => 0
            [73] => 0
            [74] => 0
            [75] => 0
            [76] => 0
            [77] => 0
            [78] => 0
            [79] => 0
            [80] => 0
            [81] => 0
            [82] => 0
            [83] => 0
            [84] => 0
            [85] => 0
            [86] => 0
            [87] => 0
            [88] => 0
            [89] => 0
            [90] => 0
            [91] => 0
            [92] => 0
            [93] => 0
            [94] => 0
            [95] => 0
            [96] => 0
            [97] => 0
            [98] => 0
            [99] => 0
            [100] => 0
            [101] => 0
            [102] => 0
            [103] => 0
            [104] => 0
            [105] => 0
            [106] => 0
            [107] => 0
            [108] => 0
            [109] => 0
            [110] => 0
            [111] => 0
            [112] => 0
            [113] => 0
            [114] => 0
            [115] => 0
            [116] => 0
            [117] => 0
            [118] => 0
            [119] => 0
            [120] => 0
            [121] => 0
            [122] => 0
            [123] => 0
            [124] => 0
            [125] => 0
            [126] => 0
            [127] => 0
            [128] => 0
            [129] => 0
            [130] => 0
            [131] => 0
            [132] => 0
            [133] => 0
            [134] => 0
            [135] => 0
            [136] => 0
            [137] => 0
            [138] => 0
            [139] => 0
            [140] => 0
            [141] => 0
            [142] => 0
            [143] => 0
            [144] => 0
            [145] => 0
            [146] => 0
            [147] => 0
            [148] => 0
            [149] => 0
            [150] => 0
            [151] => 0
            [152] => 0
            [153] => 0
            [154] => 0
            [155] => 0
            [156] => 0
            [157] => 0
            [158] => 40
            [159] => 0
            [160] => 0
            [161] => 0
            [162] => 0
            [163] => 0
            [164] => 0
            [165] => 0
            [166] => 0
            [167] => 0
            [168] => 0
            [169] => 0
            [170] => 0
            [171] => 0
            [172] => 0
            [173] => 0
            [174] => 0
            [175] => 0
            [176] => 0
            [177] => 0
            [178] => 120
            [179] => 0
            [180] => 0
            [181] => 0
            [182] => 0
            [183] => 0
            [184] => 0
            [185] => 0
            [186] => 0
            [187] => 0
            [188] => 0
            [189] => 0
            [190] => 0
            [191] => 0
            [192] => 0
            [193] => 0
            [194] => 0
            [195] => 0
            [196] => 0
            [197] => 0
            [198] => 20
            [199] => 0
            [200] => 0
            [201] => 0
            [202] => 0
            [203] => 0
            [204] => 0
            [205] => 0
            [206] => 0
            [207] => 0
            [208] => 0
            [209] => 0
            [210] => 0
            [211] => 0
            [212] => 0
            [213] => 0
            [214] => 0
            [215] => 0
            [216] => 0
            [217] => 0
            [218] => 120
            [219] => 0
            [220] => 0
            [221] => 0
            [222] => 0
            [223] => 0
            [224] => 0
            [225] => 0
            [226] => 0
            [227] => 0
            [228] => 80
            [229] => 0
            [230] => 0
            [231] => 0
            [232] => 0
            [233] => 0
            [234] => 0
            [235] => 0
            [236] => 0
            [237] => 0
            [238] => 0
            [239] => 0
            [240] => 0
            [241] => 0
            [242] => 0
            [243] => 0
            [244] => 0
            [245] => 0
            [246] => 0
            [247] => 0
            [248] => 60
            [249] => 0
            [250] => 0
            [251] => 0
            [252] => 0
            [253] => 0
            [254] => 0
            [255] => 0
            [256] => 0
            [257] => 0
            [258] => 40
            [259] => 0
            [260] => 0
            [261] => 0
            [262] => 0
            [263] => 0
            [264] => 0
            [265] => 0
            [266] => 0
            [267] => 60
            [268] => 0
            [269] => 0
            [270] => 0
            [271] => 0
            [272] => 0
            [273] => 0
            [274] => 0
            [275] => 0
            [276] => 0
            [277] => 0
            [278] => 0
            [279] => 0
            [280] => 0
            [281] => 0
            [282] => 0
            [283] => 0
            [284] => 0
            [285] => 0
            [286] => 0
            [287] => 0
            [288] => 320
            [289] => 0
            [290] => 0
            [291] => 0
            [292] => 0
            [293] => 0
            [294] => 0
            [295] => 0
            [296] => 0
            [297] => 0
            [298] => 120
            [299] => 0
            [300] => 0
            [301] => 0
            [302] => 0
            [303] => 0
            [304] => 0
            [305] => 0
            [306] => 0
            [307] => 0
            [308] => 0
            [309] => 0
            [310] => 0
            [311] => 0
            [312] => 0
            [313] => 0
            [314] => 0
            [315] => 0
            [316] => 0
            [317] => 0
            [318] => 180
            [319] => 0
            [320] => 0
            [321] => 0
            [322] => 0
            [323] => 0
            [324] => 0
            [325] => 0
            [326] => 0
            [327] => 0
            [328] => 0
            [329] => 0
            [330] => 0
            [331] => 0
            [332] => 0
            [333] => 0
            [334] => 0
            [335] => 0
            [336] => 0
            [337] => 0
            [338] => 0
            [339] => 0
            [340] => 0
            [341] => 0
            [342] => 0
            [343] => 0
            [344] => 0
            [345] => 0
            [346] => 0
            [347] => 0
            [348] => 80
            [349] => 0
            [350] => 0
            [351] => 0
            [352] => 0
            [353] => 0
            [354] => 0
            [355] => 0
            [356] => 0
            [357] => 0
            [358] => 0
            [359] => 0
            [360] => 0
            [361] => 0
            [362] => 0
            [363] => 0
            [364] => 0
            [365] => 0
            [366] => 0
            [367] => 0
            [368] => 160
            [369] => 0
            [370] => 0
            [371] => 0
            [372] => 0
            [373] => 0
            [374] => 0
            [375] => 0
            [376] => 0
            [377] => 0
            [378] => 0
            [379] => 0
            [380] => 0
            [381] => 0
            [382] => 0
            [383] => 0
            [384] => 0
            [385] => 0
            [386] => 0
            [387] => 0
            [388] => 0
            [389] => 120
            [390] => 0
            [391] => 0
            [392] => 0
            [393] => 0
            [394] => 0
            [395] => 0
            [396] => 0
            [397] => 0
            [398] => 0
            [399] => 0
            [400] => 0
            [401] => 0
            [402] => 0
            [403] => 0
            [404] => 0
            [405] => 0
            [406] => 0
            [407] => 0
            [408] => 1080
            [409] => 0
            [410] => 0
            [411] => 0
            [412] => 0
            [413] => 0
            [414] => 0
            [415] => 0
            [416] => 0
            [417] => 360
            [418] => 0
            [419] => 0
            [420] => 0
            [421] => 0
            [422] => 0
            [423] => 0
            [424] => 0
            [425] => 0
            [426] => 0
            [427] => 0
            [428] => 240
            [429] => 0
            [430] => 0
            [431] => 0
            [432] => 0
            [433] => 0
            [434] => 0
            [435] => 0
            [436] => 0
            [437] => 0
            [438] => 240
            [439] => 0
            [440] => 0
            [441] => 0
            [442] => 0
            [443] => 0
            [444] => 0
            [445] => 0
            [446] => 0
            [447] => 160
            [448] => 0
            [449] => 0
            [450] => 0
            [451] => 0
            [452] => 0
            [453] => 0
            [454] => 0
            [455] => 0
            [456] => 0
            [457] => 0
            [458] => 0
            [459] => 0
            [460] => 0
            [461] => 0
            [462] => 0
            [463] => 0
            [464] => 0
            [465] => 0
            [466] => 0
            [467] => 0
            [468] => 240
            [469] => 0
            [470] => 0
            [471] => 0
            [472] => 0
            [473] => 0
            [474] => 0
            [475] => 0
            [476] => 0
            [477] => 0
            [478] => 0
            [479] => 0
            [480] => 0
            [481] => 0
            [482] => 0
            [483] => 0
            [484] => 0
            [485] => 0
            [486] => 0
            [487] => 0
            [488] => 0
            [489] => 0
            [490] => 0
            [491] => 0
            [492] => 0
            [493] => 0
            [494] => 0
            [495] => 0
            [496] => 0
            [497] => 0
            [498] => 0
            [499] => 0
            [500] => 0
            [501] => 0
            [502] => 0
            [503] => 0
            [504] => 0
            [505] => 0
            [506] => 0
            [507] => 0
            [508] => 0
            [509] => 0
            [510] => 0
            [511] => 0
            [512] => 0
            [513] => 0
            [514] => 0
            [515] => 0
            [516] => 0
            [517] => 0
            [518] => 0
            [519] => 0
            [520] => 0
            [521] => 0
            [522] => 0
            [523] => 0
            [524] => 0
            [525] => 0
            [526] => 0
            [527] => 0
            [528] => 0
            [529] => 0
            [530] => 0
            [531] => 0
            [532] => 0
            [533] => 0
            [534] => 0
            [535] => 0
            [536] => 0
            [537] => 0
            [538] => 0
            [539] => 0
            [540] => 0
            [541] => 0
            [542] => 0
            [543] => 0
            [544] => 0
            [545] => 0
            [546] => 0
            [547] => 0
            [548] => 0
            [549] => 0
            [550] => 0
            [551] => 0
            [552] => 0
            [553] => 0
            [554] => 0
            [555] => 0
            [556] => 0
            [557] => 0
            [558] => 0
            [559] => 0
            [560] => 0
            [561] => 0
            [562] => 0
            [563] => 0
            [564] => 0
            [565] => 0
            [566] => 0
            [567] => 0
            [568] => 0
            [569] => 0
            [570] => 0
            [571] => 0
            [572] => 0
            [573] => 0
            [574] => 0
            [575] => 0
            [576] => 0
            [577] => 0
            [578] => 0
            [579] => 0
            [580] => 0
            [581] => 0
            [582] => 0
            [583] => 0
            [584] => 550
            [585] => 650
            [586] => 1100
            [587] => 700
            [588] => 1700
            [589] => 2980
            [590] => 700
            [591] => 800
            [592] => 680
            [593] => 480
            [594] => 550
            [595] => 650
            [596] => 1100
            [597] => 700
            [598] => 1700
            [599] => 5800
            [600] => 220
            [601] => 800
            [602] => 0
            [603] => 0
            [604] => 550
            [605] => 650
            [606] => 1100
            [607] => 700
            [608] => 1700
            [609] => 5800
        )

    [E] => 1787782270
    [DELIVER] => Array
        (
            [0] => S9=>P15
            [1] => S9=>P17
            [2] => S9=>P19
            [3] => S9=>P21
            [4] => S9=>P22
            [5] => S9=>P24
            [6] => S9=>P25
            [7] => S8=>P26
            [8] => S9=>P28
            [9] => S9=>P29
            [10] => S9=>P31
            [11] => S9=>P34
            [12] => S9=>P36
            [13] => S10=>P38
            [14] => S9=>P40
            [15] => S8=>P41
            [16] => S9=>P42
            [17] => S9=>P43
            [18] => S8=>P44
            [19] => S9=>P46
            [20] => S5=>P58
            [21] => S6=>P58
            [22] => S7=>P58
            [23] => S8=>P58
            [24] => S9=>P58
            [25] => S10=>P58
            [26] => S1=>P59
            [27] => S2=>P59
            [28] => S3=>P59
            [29] => S4=>P59
            [30] => S5=>P59
            [31] => S6=>P59
            [32] => S7=>P59
            [33] => S8=>P59
            [34] => S9=>P59
            [35] => S10=>P59
            [36] => S1=>P60
            [37] => S2=>P60
            [38] => S5=>P60
            [39] => S6=>P60
            [40] => S7=>P60
            [41] => S8=>P60
            [42] => S9=>P60
            [43] => S10=>P60
        )

    [_raw_output] => 
<<< setup

0 0 -1 0 1 0,25 0,5 0,8 1 0 0 0 0 13
1 2 0 6000 1 0,25 0,5 0,8 1 0 12000 1200 1500 13
2 5 1 920 1 0,25 0,5 0,8 1 0 9600 960 1500 13
3 7 1 910 1 0,25 0,5 0,8 1 0 8900 890 1500 13
4 6 1 930 1 0,25 0,5 0,8 1 0 8300 830 1500 13
5 4 1 880 2 0,25 0,5 0,8 1 0 8200 820 1500 13
6 4 2 900 3 0,25 0,5 0,8 1 0 8100 810 1500 13
7 3 2 820 2 0,25 0,5 0,8 1 0 7900 790 1500 13
8 3 2 800 1 0,25 0,5 0,8 1 0 7300 730 1500 13
9 3 3 810 2 0,25 0,5 0,8 1 0 7200 720 1500 13
10 4 3 770 3 0,25 0,5 0,8 1 0 6500 650 1500 13
11 3 4 710 2 0,25 0,5 0,8 1 0 6450 645 1500 13
12 5 4 680 3 0,25 0,5 0,8 1 0 6400 640 1500 13
13 5 5 620 8 0,25 0,5 0,5 1 0 6300 630 1500 13
14 4 5 660 6 0,25 0,5 0,5 1 0 5900 590 1500 13
15 2 5 720 2 0,25 0,5 0,5 1 0 5890 589 1500 13
16 4 6 680 9 0,25 0,5 0,5 1 0 5720 572 1500 13
17 6 6 600 6 0,25 0,5 0,5 1 0 5580 558 1500 13
18 3 7 570 2 0,25 0,5 0,5 1 0 5500 550 1500 13
19 3 8 590 1 0,25 0,5 0,5 1 0 5380 538 1500 13
20 5 8 620 2 0,25 0,5 0,5 1 0 5160 516 1500 13
21 7 9 560 6 0,25 0,5 0,5 1 0 4960 496 1500 13
22 6 9 530 4 0,25 0,5 0,5 1 0 4630 463 1500 13
23 3 9 610 4 0,25 0,5 0,5 1 0 4250 425 1500 13
24 4 10 420 3 0,25 0,5 0,5 1 0 4110 411 1500 13
25 3 11 510 2 0,25 0,5 0,5 1 0 3820 382 1500 13
26 3 12 500 3 0,25 0,5 0,5 1 0 3500 350 1500 13
27 5 12 540 6 0,25 0,5 0,5 1 0 3390 339 1500 13
28 4 13 420 16 0,25 0,5 0,5 1 0 3200 320 1500 13
29 3 14 500 6 0,25 0,5 0,5 1 0 3080 308 1500 13
30 2 14 510 18 0,25 0,5 0,5 1 0 2820 282 1500 13
31 5 16 490 9 0,25 0,5 0,5 1 0 2640 264 1500 13
32 4 16 530 9 0,25 0,5 0,5 1 0 2450 245 1500 13
33 3 18 500 6 0,25 0,5 0,5 1 0 2310 231 1500 13
34 3 18 330 4 0,25 0,5 0,5 1 0 2210 221 1500 13
35 5 20 410 4 0,25 0,5 0,5 1 0 2060 206 1500 13
36 4 23 360 8 0,25 0,5 0,5 1 0 1900 190 1500 13
37 3 23 370 12 0,25 0,5 0,5 1 0 1900 190 1500 13
38 4 27 380 6 0,25 0,5 0,5 1 0 1810 181 1500 13
39 6 30 390 18 0,25 0,5 0,5 1 0 1660 166 1500 13
40 4 30 340 54 0,25 0,5 0,5 1 0 1620 162 1500 13
41 4 32 360 18 0,25 0,5 0,5 1 0 1480 148 1500 13
42 4 33 330 12 0,25 0,5 0,5 1 0 1370 137 1500 13
43 3 33 310 12 0,25 0,5 0,5 1 0 1350 135 1500 13
44 3 35 300 8 0,25 0,5 0,5 1 0 1300 130 1500 13
45 2 37 310 12 0,25 0,5 0,5 1 0 1200 120 1500 13
46 5 37 310 12 0,25 0,5 0,5 1 0 1170 117 1500 13
47 3 39 130 54 0,25 0,5 0,5 1 0 1120 112 1500 13
48 2 39 140 36 0,25 0,5 0,5 1 0 1020 102 1500 13
49 3 45 80 48 0,25 0,5 0,5 1 0 920 92 1500 13
50 5 47 50 108 0,25 0,5 0,5 1 0 890 89 1500 13
51 4 48 60 72 0,25 0,5 0,5 1 0 850 85 1500 13
52 3 49 70 96 0,25 0,5 0,5 1 0 800 80 1500 13
53 6 50 40 216 0,25 0,5 0,5 1 0 750 75 1500 13
54 2 51 55 144 0,25 0,5 0,5 1 0 720 72 1500 13
55 4 52 65 192 0,25 0,5 0,5 1 0 680 68 1500 13
56 5 53 35 432 0,25 0,5 0,5 1 0 650 65 1500 13
57 3 54 45 288 0,25 0,5 0,5 1 0 620 62 1500 13
58 6 55 50 384 0,25 0,5 0,5 1 0 590 59 1500 13
59 2 56 30 658 0,25 0,5 0,5 1 0 560 56 1500 13
60 4 57 25 576 0,25 0,5 0,5 1 0 530 53 1500 13
Node nums: [0 1 2 3 4 5 6 7 8 9 10 11 12 13 14 15 16 17 18 19 20 21 22 23 24 25 26 27
     28 29 30 31 32 33 34 35 36 37 38 39 40 41 42 43 44 45 46 47 48 49 50 51
     52 53 54 55 56 57 58 59 60]
xx-Data uploaded-xx
	**** start init su array ...
0 [0 0 0 0 0 0 0 0 0 0]
1 [0 0 0 0 0 0 0 0 0 0]
2 [0 0 0 0 0 0 0 0 0 0]
3 [0 0 0 0 0 0 0 0 0 0]
4 [0 0 0 0 0 0 0 0 0 0]
5 [0 0 0 0 0 0 0 0 0 0]
6 [0 0 0 0 0 0 0 0 0 0]
7 [0 0 0 0 0 0 0 0 0 0]
8 [0 0 0 0 0 0 0 0 0 0]
9 [0 0 0 0 0 0 0 0 0 0]
10 [0 0 0 0 0 0 0 0 0 0]
11 [0 0 0 0 0 0 0 0 0 0]
12 [0 0 0 0 0 0 0 0 0 0]
13 [0 0 0 0 0 0 0 0 0 0]
14 [0 0 0 0 0 0 0 0 0 0]
15 [1 1 1 1 1 1 1 1 1 1]
16 [0 0 0 0 0 0 0 0 0 0]
17 [1 1 1 1 1 1 1 1 1 1]
18 [0 0 0 0 0 0 0 0 0 0]
19 [1 1 1 1 1 1 1 1 1 1]
20 [0 0 0 0 0 0 0 0 0 0]
21 [1 1 1 1 1 1 1 1 1 1]
22 [1 1 1 1 1 1 1 1 1 1]
23 [0 0 0 0 0 0 0 0 0 0]
24 [1 1 1 1 1 1 1 1 1 1]
25 [1 1 1 1 1 1 1 1 1 1]
26 [1 1 1 1 1 1 1 1 1 1]
27 [0 0 0 0 0 0 0 0 0 0]
28 [1 1 1 1 1 1 1 1 1 1]
29 [1 1 1 1 1 1 1 1 1 1]
30 [0 0 0 0 0 0 0 0 0 0]
31 [1 1 1 1 1 1 1 1 1 1]
32 [0 0 0 0 0 0 0 0 0 0]
33 [0 0 0 0 0 0 0 0 0 0]
34 [1 1 1 1 1 1 1 1 1 1]
35 [1 1 1 1 1 1 1 1 1 1]
36 [1 1 1 1 1 1 1 1 1 1]
37 [0 0 0 0 0 0 0 0 0 0]
38 [1 1 1 1 1 1 1 1 1 1]
39 [0 0 0 0 0 0 0 0 0 0]
40 [1 1 1 1 1 1 1 1 1 1]
41 [1 1 1 1 1 1 1 1 1 1]
42 [1 1 1 1 1 1 1 1 1 1]
43 [1 1 1 1 1 1 1 1 1 1]
44 [1 1 1 1 1 1 1 1 1 1]
45 [0 0 0 0 0 0 0 0 0 0]
46 [1 1 1 1 1 1 1 1 1 1]
47 [0 0 0 0 0 0 0 0 0 0]
48 [1 1 1 1 1 1 1 1 1 1]
49 [1 1 1 1 1 1 1 1 1 1]
50 [1 1 1 1 1 1 1 1 1 1]
51 [1 1 1 1 1 1 1 1 1 1]
52 [1 1 1 1 1 1 1 1 1 1]
53 [1 1 1 1 1 1 1 1 1 1]
54 [1 1 1 1 1 1 1 1 1 1]
55 [1 1 1 1 1 1 1 1 1 1]
56 [1 1 1 1 1 1 1 1 1 1]
57 [1 1 1 1 1 1 1 1 1 1]
58 [1 1 1 1 1 1 1 1 1 1]
59 [1 1 1 1 1 1 1 1 1 1]
60 [1 1 1 1 1 1 1 1 1 1]
	**** end init su array ...
1 2 1 700 80 0.85 0.92 0.8 (9)9
2 2 0.9 800 75 0.82 0.90 0.9 (9)9
3 1 1.1 680 90 0.88 0.95 0.5 (9)9
4 1 1 480 100 0.86 0.93 0.6 (9)9
5 5 0.6 550 40 0.72 0.78 1.5 (9)9
6 6 0.5 650 45 0.70 0.75 2.0 (9)9
7 7 0.5 1100 40 0.68 0.72 2.5 (9)9
8 5 0.3 700 30 0.65 0.70 1.8 (9)9
9 9 0.2 1700 15 0.60 0.65 3.5 (9)9
10 1 0.8 5800 40 0.80 0.88 0.7 (9)9

<<< generate

Version identifier: 20.1.0.0 | 2020-11-10 | 9bedb6d68
CPXPARAM_TimeLimit                               300
Tried aggregator 2 times.
MIP Presolve eliminated 21423 rows and 1166 columns.
MIP Presolve modified 224 coefficients.
Aggregator did 37 substitutions.
Reduced MIP has 1548 rows, 810 columns, and 3943 nonzeros.
Reduced MIP has 276 binaries, 534 generals, 0 SOSs, and 0 indicators.
Presolve time = 0,02 sec. (14,96 ticks)
Found incumbent of value 5,1489413e+07 after 0,02 sec. (27,57 ticks)
Probing time = 0,00 sec. (0,54 ticks)
Cover probing fixed 0 vars, tightened 22 bounds.
Tried aggregator 1 time.
Detecting symmetries...
MIP Presolve eliminated 62 rows and 0 columns.
MIP Presolve modified 291 coefficients.
Reduced MIP has 1486 rows, 810 columns, and 3819 nonzeros.
Reduced MIP has 276 binaries, 534 generals, 0 SOSs, and 0 indicators.
Presolve time = 0,02 sec. (2,67 ticks)
Probing time = 0,00 sec. (0,49 ticks)
Clique table members: 6.
MIP emphasis: balance optimality and feasibility.
MIP search method: dynamic search.
Parallel mode: deterministic, using up to 20 threads.
Root relaxation solution time = 0,00 sec. (3,53 ticks)

        Nodes                                         Cuts/
   Node  Left     Objective  IInf  Best Integer    Best Bound    ItCnt     Gap

*     0+    0                       5,14894e+07 -2291330,0000           104,45%
*     0+    0                       5,13694e+07 -2291330,0000           104,46%
*     0+    0                       5,12309e+07 -2291330,0000           104,47%
*     0+    0                       5,11119e+07 -2291330,0000           104,48%
      0     0  2390332,4042    49   5,11119e+07  2390332,4042      166   95,32%
      0     0  2399931,8574    27   5,11119e+07      Cuts: 31      194   95,30%
      0     0  2403831,9136    48   5,11119e+07      Cuts: 12      214   95,30%
      0     0  2403865,2281    41   5,11119e+07       Cuts: 3      217   95,30%
      0     0  2403880,0479    59   5,11119e+07       Cuts: 2      220   95,30%
*     0+    0                      2442142,0000  2403880,0479             1,57%
*     0+    0                      2419113,0000  2403880,0479             0,63%
      0     0        cutoff        2419113,0000  2419113,0000      220    0,00%
Elapsed time = 0,09 sec. (71,50 ticks, tree = 0,01 MB, solutions = 6)

Implied bound cuts applied:  10
Mixed integer rounding cuts applied:  1
Lift and project cuts applied:  2
Gomory fractional cuts applied:  11

Root node processing (before b&c):
  Real time             =    0,09 sec. (71,64 ticks)
Parallel b&c, 20 threads:
  Real time             =    0,00 sec. (0,00 ticks)
  Sync time (average)   =    0,00 sec.
  Wait time (average)   =    0,00 sec.
                          ------------
Total (root+branch&cut) =    0,09 sec. (71,64 ticks)

<<< solve


OBJECTIVE: 2419113
xxxx
#Result <fct_obj, tot_cst, tot_ldt, Emiss>: <2.4191e+6 2.418e+6 1138 1.7878e+9>#TS:2417975#A:[0,2,27,43,21,46,22,22,21,36,17,15,15,18,42,11,18,15,19,12,18,16,15,33,13,12,8,10,13,12,38,14,13,16,12,13,13,30,5,36,13,9,13,12,8,27,14,30,24,25,27,22,22,22,18,19,16,16,15,11,13]#X:[0,1,1,1,1,1,0,0,0,0,0,0,0,0,0,0,0,0,0,0,0,0,0,0,0,0,0,0,0,0,0,0,0,0,0,0,0,0,0,0,0,0,0,0,0,0,0,0,0,0,0,0,0,0,0,0,0,0,0,0,0]#Z:[0,0,0,0,0,0,0,0,0,0,0,0,0,0,0,0,0,0,0,0,0,0,0,0,0,0,0,0,0,0,0,0,0,0,0,0,0,0,0,0,0,0,0,0,0,0,0,0,0,0,0,0,0,0,0,0,0,0,0,0,0,0,0,0,0,0,0,0,0,0,0,0,0,0,0,0,0,0,0,0,0,0,0,0,0,0,0,0,0,0,0,0,0,0,0,0,0,0,0,0,0,0,0,0,0,0,0,0,0,0,0,0,0,0,0,0,0,0,0,0,0,0,0,0,0,0,0,0,0,0,0,0,0,0,0,0,0,0,0,0,0,0,0,0,0,0,0,0,0,0,0,0,0,0,0,0,0,0,1,0,0,0,0,0,0,0,0,0,0,0,0,0,0,0,0,0,0,0,1,0,0,0,0,0,0,0,0,0,0,0,0,0,0,0,0,0,0,0,1,0,0,0,0,0,0,0,0,0,0,0,0,0,0,0,0,0,0,0,1,0,0,0,0,0,0,0,0,0,1,0,0,0,0,0,0,0,0,0,0,0,0,0,0,0,0,0,0,0,1,0,0,0,0,0,0,0,0,0,1,0,0,0,0,0,0,0,0,1,0,0,0,0,0,0,0,0,0,0,0,0,0,0,0,0,0,0,0,0,1,0,0,0,0,0,0,0,0,0,1,0,0,0,0,0,0,0,0,0,0,0,0,0,0,0,0,0,0,0,1,0,0,0,0,0,0,0,0,0,0,0,0,0,0,0,0,0,0,0,0,0,0,0,0,0,0,0,0,0,1,0,0,0,0,0,0,0,0,0,0,0,0,0,0,0,0,0,0,0,1,0,0,0,0,0,0,0,0,0,0,0,0,0,0,0,0,0,0,0,0,1,0,0,0,0,0,0,0,0,0,0,0,0,0,0,0,0,0,0,1,0,0,0,0,0,0,0,0,1,0,0,0,0,0,0,0,0,0,0,1,0,0,0,0,0,0,0,0,0,1,0,0,0,0,0,0,0,0,1,0,0,0,0,0,0,0,0,0,0,0,0,0,0,0,0,0,0,0,0,1,0,0,0,0,0,0,0,0,0,0,0,0,0,0,0,0,0,0,0,0,0,0,0,0,0,0,0,0,0,0,0,0,0,0,0,0,0,0,0,0,0,0,0,0,0,0,0,0,0,0,0,0,0,0,0,0,0,0,0,0,0,0,0,0,0,0,0,0,0,0,0,0,0,0,0,0,0,0,0,0,0,0,0,0,0,0,0,0,0,0,0,0,0,0,0,0,0,0,0,0,0,0,0,0,0,0,0,0,0,0,0,0,0,0,0,1,1,1,1,1,1,1,1,1,1,1,1,1,1,1,1,1,1,0,0,1,1,1,1,1,1]#Q:[0,0,0,0,0,0,0,0,0,0,0,0,0,0,0,0,0,0,0,0,0,0,0,0,0,0,0,0,0,0,0,0,0,0,0,0,0,0,0,0,0,0,0,0,0,0,0,0,0,0,0,0,0,0,0,0,0,0,0,0,0,0,0,0,0,0,0,0,0,0,0,0,0,0,0,0,0,0,0,0,0,0,0,0,0,0,0,0,0,0,0,0,0,0,0,0,0,0,0,0,0,0,0,0,0,0,0,0,0,0,0,0,0,0,0,0,0,0,0,0,0,0,0,0,0,0,0,0,0,0,0,0,0,0,0,0,0,0,0,0,0,0,0,0,0,0,0,0,0,0,0,0,0,0,0,0,0,0,40,0,0,0,0,0,0,0,0,0,0,0,0,0,0,0,0,0,0,0,120,0,0,0,0,0,0,0,0,0,0,0,0,0,0,0,0,0,0,0,20,0,0,0,0,0,0,0,0,0,0,0,0,0,0,0,0,0,0,0,120,0,0,0,0,0,0,0,0,0,80,0,0,0,0,0,0,0,0,0,0,0,0,0,0,0,0,0,0,0,60,0,0,0,0,0,0,0,0,0,40,0,0,0,0,0,0,0,0,60,0,0,0,0,0,0,0,0,0,0,0,0,0,0,0,0,0,0,0,0,320,0,0,0,0,0,0,0,0,0,120,0,0,0,0,0,0,0,0,0,0,0,0,0,0,0,0,0,0,0,180,0,0,0,0,0,0,0,0,0,0,0,0,0,0,0,0,0,0,0,0,0,0,0,0,0,0,0,0,0,80,0,0,0,0,0,0,0,0,0,0,0,0,0,0,0,0,0,0,0,160,0,0,0,0,0,0,0,0,0,0,0,0,0,0,0,0,0,0,0,0,120,0,0,0,0,0,0,0,0,0,0,0,0,0,0,0,0,0,0,1080,0,0,0,0,0,0,0,0,360,0,0,0,0,0,0,0,0,0,0,240,0,0,0,0,0,0,0,0,0,240,0,0,0,0,0,0,0,0,160,0,0,0,0,0,0,0,0,0,0,0,0,0,0,0,0,0,0,0,0,240,0,0,0,0,0,0,0,0,0,0,0,0,0,0,0,0,0,0,0,0,0,0,0,0,0,0,0,0,0,0,0,0,0,0,0,0,0,0,0,0,0,0,0,0,0,0,0,0,0,0,0,0,0,0,0,0,0,0,0,0,0,0,0,0,0,0,0,0,0,0,0,0,0,0,0,0,0,0,0,0,0,0,0,0,0,0,0,0,0,0,0,0,0,0,0,0,0,0,0,0,0,0,0,0,0,0,0,0,0,0,0,0,0,0,0,550,650,1100,700,1700,2980,700,800,680,480,550,650,1100,700,1700,5800,220,800,0,0,550,650,1100,700,1700,5800]#E: 1787782270#DELIVER:
S9=>P15
S9=>P17
S9=>P19
S9=>P21
S9=>P22
S9=>P24
S9=>P25
S8=>P26
S9=>P28
S9=>P29
S9=>P31
S9=>P34
S9=>P36
S10=>P38
S9=>P40
S8=>P41
S9=>P42
S9=>P43
S8=>P44
S9=>P46
S5=>P58
S6=>P58
S7=>P58
S8=>P58
S9=>P58
S10=>P58
S1=>P59
S2=>P59
S3=>P59
S4=>P59
S5=>P59
S6=>P59
S7=>P59
S8=>P59
S9=>P59
S10=>P59
S1=>P60
S2=>P60
S5=>P60
S6=>P60
S7=>P60
S8=>P60
S9=>P60
S10=>P60
xxxx

<<< post process


<<< done


)
