Array
(
    [CplexRunTime] => Total (root+branch&cut) =    0,14 sec
    [status] => OPTIMAL
    [termination_reason] => OPTIMAL
    [mip_gap] => 0
    [Result] => Array
        (
            [Objective] => 41574000
            [TotalCost] => 867120
            [DIO] => 431
            [WIP] => 1750000
            [Emissions] => 0
        )

    [CS] => 867120
    [DIO] => 431
    [WIP] => 1750000
    [E] => 41574400
    [A] => Array
        (
            [0] => 1
            [1] => 35
            [2] => 26
            [3] => 25
            [4] => 23
            [5] => 20
            [6] => 22
            [7] => 19
            [8] => 20
            [9] => 17
            [10] => 16
            [11] => 18
            [12] => 13
            [13] => 12
            [14] => 10
            [15] => 18
            [16] => 14
            [17] => 12
            [18] => 16
            [19] => 11
            [20] => 14
            [21] => 11
            [22] => 11
            [23] => 12
            [24] => 7
            [25] => 16
            [26] => 12
        )

    [X] => Array
        (
            [0] => 0
            [1] => 1
            [2] => 0
            [3] => 0
            [4] => 0
            [5] => 0
            [6] => 0
            [7] => 0
            [8] => 0
            [9] => 0
            [10] => 0
            [11] => 0
            [12] => 0
            [13] => 0
            [14] => 0
            [15] => 0
            [16] => 0
            [17] => 0
            [18] => 0
            [19] => 0
            [20] => 0
            [21] => 0
            [22] => 0
            [23] => 0
            [24] => 0
            [25] => 0
            [26] => 0
        )

    [DELIVER] => Array
        (
            [0] => S9=>P13
            [1] => S9=>P14
            [2] => S9=>P15
            [3] => S8=>P16
            [4] => S9=>P17
            [5] => S9=>P18
            [6] => S9=>P19
            [7] => S8=>P20
            [8] => S9=>P21
            [9] => S8=>P22
            [10] => S9=>P23
            [11] => S10=>P24
            [12] => S9=>P25
            [13] => S9=>P26
        )

    [_raw_output] => 
<<< setup

0 0 -1 0 1 0,25 0,5 0,8 1 0 0 0 0 13
1 9 0 2500 1 0,25 0,5 0,8 1 0 7000 700 1500 13
2 4 1 900 1 0,25 0,5 0,8 1 0 3500 450 1500 13
3 8 1 890 1 0,25 0,5 0,8 1 0 5500 550 1500 13
4 5 1 910 1 0,25 0,5 0,8 1 0 2800 280 1500 13
5 2 1 860 2 0,25 0,5 0,8 1 0 2350 235 1500 13
6 8 2 880 3 0,25 0,5 0,8 1 0 2600 260 1500 13
7 3 2 800 2 0,25 0,5 0,8 1 0 2900 290 1500 13
8 6 2 780 1 0,25 0,5 0,8 1 0 1600 160 1500 13
9 5 3 790 2 0,25 0,5 0,8 1 0 1250 125 1500 13
10 9 3 750 3 0,25 0,5 0,8 1 0 1120 112 1500 13
11 2 4 690 2 0,25 0,5 0,8 1 0 1200 120 1500 13
12 1 4 660 3 0,25 0,5 0,8 1 0 1000 100 1500 13
13 3 5 600 8 0,25 0,5 0,5 1 0 1100 110 1500 13
14 1 5 640 6 0,25 0,5 0,5 1 0 1100 110 1500 13
15 9 5 700 2 0,25 0,5 0,5 1 0 1100 110 1500 13
16 9 6 660 9 0,25 0,5 0,5 1 0 2100 210 1500 13
17 3 6 580 6 0,25 0,5 0,5 1 0 2000 200 1500 13
18 7 7 550 2 0,25 0,5 0,5 1 0 2300 230 1500 13
19 2 8 570 1 0,25 0,5 0,5 1 0 1200 120 1500 13
20 9 8 600 2 0,25 0,5 0,5 1 0 1400 140 1500 13
21 2 9 540 6 0,25 0,5 0,5 1 0 1150 115 1500 13
22 6 9 510 4 0,25 0,5 0,5 1 0 1100 110 1500 13
23 3 9 590 4 0,25 0,5 0,5 1 0 1050 105 1500 13
24 6 10 400 3 0,25 0,5 0,5 1 0 950 95 1500 13
25 7 11 490 2 0,25 0,5 0,5 1 0 1000 100 1500 13
26 3 12 480 3 0,25 0,5 0,5 1 0 900 90 1500 13
Node nums: [0 1 2 3 4 5 6 7 8 9 10 11 12 13 14 15 16 17 18 19 20 21 22 23 24 25 26]
xx-Data uploaded-xx
	**** start init su array ...
0 [0 0 0 0 0 0 0 0 0 0]
1 [0 0 0 0 0 0 0 0 0 0]
2 [0 0 0 0 0 0 0 0 0 0]
3 [0 0 0 0 0 0 0 0 0 0]
4 [0 0 0 0 0 0 0 0 0 0]
5 [0 0 0 0 0 0 0 0 0 0]
6 [0 0 0 0 0 0 0 0 0 0]
7 [0 0 0 0 0 0 0 0 0 0]
8 [0 0 0 0 0 0 0 0 0 0]
9 [0 0 0 0 0 0 0 0 0 0]
10 [0 0 0 0 0 0 0 0 0 0]
11 [0 0 0 0 0 0 0 0 0 0]
12 [0 0 0 0 0 0 0 0 0 0]
13 [1 1 1 1 1 1 1 1 1 1]
14 [1 1 1 1 1 1 1 1 1 1]
15 [1 1 1 1 1 1 1 1 1 1]
16 [1 1 1 1 1 1 1 1 1 1]
17 [1 1 1 1 1 1 1 1 1 1]
18 [1 1 1 1 1 1 1 1 1 1]
19 [1 1 1 1 1 1 1 1 1 1]
20 [1 1 1 1 1 1 1 1 1 1]
21 [1 1 1 1 1 1 1 1 1 1]
22 [1 1 1 1 1 1 1 1 1 1]
23 [1 1 1 1 1 1 1 1 1 1]
24 [1 1 1 1 1 1 1 1 1 1]
25 [1 1 1 1 1 1 1 1 1 1]
26 [1 1 1 1 1 1 1 1 1 1]
	**** end init su array ...
1 2 1 700 80 0.85 0.92 0.8 (9)9
2 2 0.9 800 75 0.82 0.90 0.9 (9)9
3 1 1.1 680 90 0.88 0.95 0.5 (9)9
4 1 1 480 100 0.86 0.93 0.6 (9)9
5 5 0.6 550 40 0.72 0.78 1.5 (9)9
6 6 0.5 650 45 0.70 0.75 2.0 (9)9
7 7 0.5 1100 40 0.68 0.72 2.5 (9)9
8 5 0.3 700 30 0.65 0.70 1.8 (9)9
9 9 0.2 1700 15 0.60 0.65 3.5 (9)9
10 1 0.8 5800 40 0.80 0.88 0.7 (9)9

<<< generate

Version identifier: 20.1.0.0 | 2020-11-10 | 9bedb6d68
CPXPARAM_TimeLimit                               300
Tried aggregator 2 times.
MIP Presolve eliminated 4632 rows and 393 columns.
MIP Presolve modified 1063 coefficients.
Aggregator did 2 substitutions.
Reduced MIP has 971 rows, 496 columns, and 3024 nonzeros.
Reduced MIP has 165 binaries, 331 generals, 0 SOSs, and 0 indicators.
Presolve time = 0,00 sec. (6,14 ticks)
Probing fixed 0 vars, tightened 325 bounds.
Probing time = 0,00 sec. (0,94 ticks)
Cover probing fixed 0 vars, tightened 14 bounds.
Tried aggregator 1 time.
Detecting symmetries...
MIP Presolve eliminated 42 rows and 0 columns.
MIP Presolve modified 658 coefficients.
Reduced MIP has 929 rows, 496 columns, and 2940 nonzeros.
Reduced MIP has 165 binaries, 331 generals, 0 SOSs, and 0 indicators.
Presolve time = 0,00 sec. (2,03 ticks)
Probing fixed 0 vars, tightened 26 bounds.
Probing time = 0,00 sec. (0,76 ticks)
MIP emphasis: balance optimality and feasibility.
MIP search method: dynamic search.
Parallel mode: deterministic, using up to 20 threads.
Root relaxation solution time = 0,00 sec. (4,27 ticks)

        Nodes                                         Cuts/
   Node  Left     Objective  IInf  Best Integer    Best Bound    ItCnt     Gap

      0     0   2,53618e+07   134                 2,53618e+07      212         
      0     0   2,72722e+07   162                   Cuts: 103      345         
      0     0   2,83916e+07   143                    Cuts: 91      458         
      0     0   2,92500e+07   122                    Cuts: 33      526         
      0     0   2,93078e+07   140                    Cuts: 22      549         
      0     0   2,93625e+07   145                    Cuts: 26      577         
Detecting symmetries...
      0     0   2,94410e+07   139                    Cuts: 17      602         
      0     0   2,95030e+07   138                    Cuts: 17      616         
      0     0   2,95281e+07   146                    Cuts: 16      634         
      0     0   2,95350e+07   151                    Cuts: 15      650         
      0     0   2,95367e+07   151                    Cuts: 11      660         
      0     0   2,95610e+07   140                    Cuts: 12      677         
      0     0   3,23338e+07   119                    Cuts: 22      728         
      0     0   3,23500e+07   121                    Cuts: 12      740         
      0     0   3,23510e+07   121                    Cuts: 13      746         
*     0+    0                       4,15744e+07   3,23510e+07            22,19%

Implied bound cuts applied:  22
Mixed integer rounding cuts applied:  16
Zero-half cuts applied:  7
Lift and project cuts applied:  4
Gomory fractional cuts applied:  31

Root node processing (before b&c):
  Real time             =    0,14 sec. (134,43 ticks)
Parallel b&c, 20 threads:
  Real time             =    0,00 sec. (0,00 ticks)
  Sync time (average)   =    0,00 sec.
  Wait time (average)   =    0,00 sec.
                          ------------
Total (root+branch&cut) =    0,14 sec. (134,43 ticks)

<<< solve


OBJECTIVE: 4.15744e+7
xxxx
#Result <fct_obj, tot_cost, DIO, WIP, Emiss>: <4.1574e+7 8.6712e+5 431 1.75e+6 4.1574e+7 1.6712e+5 7e+5 0>#CS:867120#DIO:431#WIP:1750000#E: 41574400#A:[1,35,26,25,23,20,22,19,20,17,16,18,13,12,10,18,14,12,16,11,14,11,11,12,7,16,12]#X:[0,1,0,0,0,0,0,0,0,0,0,0,0,0,0,0,0,0,0,0,0,0,0,0,0,0,0]#DELIVER:
S9=>P13
S9=>P14
S9=>P15
S8=>P16
S9=>P17
S9=>P18
S9=>P19
S8=>P20
S9=>P21
S8=>P22
S9=>P23
S10=>P24
S9=>P25
S9=>P26
xxxx

<<< post process


<<< done


)
