Array
(
    [CplexRunTime] => Total (root+branch&cut) =    3,69 sec
    [status] => INFEASIBLE
    [termination_reason] => INFEASIBLE
    [mip_gap] => 
    [Result] => Array
        (
            [Objective] => 48311000
            [TotalCost] => 358470
            [DIO] => 480
            [WIP] => 858520
            [Emissions] => 0
        )

    [CS] => 358472
    [DIO] => 480
    [WIP] => 858520
    [E] => 48310880
    [A] => Array
        (
            [0] => 1
            [1] => 9
            [2] => 29
            [3] => 24
            [4] => 5
            [5] => 18
            [6] => 25
            [7] => 24
            [8] => 25
            [9] => 16
            [10] => 16
            [11] => 2
            [12] => 1
            [13] => 16
            [14] => 15
            [15] => 16
            [16] => 17
            [17] => 16
            [18] => 21
            [19] => 15
            [20] => 19
            [21] => 9
            [22] => 11
            [23] => 8
            [24] => 7
            [25] => 12
            [26] => 4
            [27] => 13
            [28] => 14
            [29] => 7
            [30] => 8
            [31] => 13
            [32] => 14
            [33] => 13
            [34] => 10
            [35] => 7
        )

    [X] => Array
        (
            [0] => 0
            [1] => 1
            [2] => 1
            [3] => 1
            [4] => 1
            [5] => 1
            [6] => 0
            [7] => 0
            [8] => 0
            [9] => 0
            [10] => 0
            [11] => 1
            [12] => 1
            [13] => 0
            [14] => 0
            [15] => 0
            [16] => 0
            [17] => 0
            [18] => 0
            [19] => 0
            [20] => 0
            [21] => 0
            [22] => 0
            [23] => 0
            [24] => 0
            [25] => 1
            [26] => 1
            [27] => 0
            [28] => 0
            [29] => 0
            [30] => 0
            [31] => 0
            [32] => 0
            [33] => 0
            [34] => 0
            [35] => 0
        )

    [DELIVER] => Array
        (
            [0] => S8=>P22
            [1] => S8=>P23
            [2] => S10=>P24
            [3] => S8=>P25
            [4] => S10=>P26
            [5] => S9=>P27
            [6] => S9=>P28
            [7] => S10=>P29
            [8] => S10=>P30
            [9] => S8=>P31
            [10] => S8=>P32
            [11] => S9=>P33
            [12] => S8=>P34
            [13] => S10=>P35
        )

    [_raw_output] => 
<<< setup

0 0 -1 0 1 0,25 0,5 0,8 1 0 0 0 0  14
1 9 0 2000 1 0,25 0,5 0,8 1 0 9000 900 1500  14
2 4 1 180 1 0,25 0,5 0,8 1 0 4800 580 1500  14
3 8 1 360 1 0,25 0,5 0,8 1 0 6800 680 1500  14
4 5 1 150 3 0,25 0,5 0,8 1 0 3800 380 1500  14
5 2 1 120 2 0,25 0,5 0,8 1 0 3100 310 1500  14
6 8 2 110 3 0,25 0,5 0,8 1 0 3300 330 1500  14
7 3 2 105 2 0,25 0,5 0,8 1 0 3600 360 1500  14
8 6 2 100 1 0,25 0,5 0,8 1 0 2200 220 1500  14
9 5 3 108 2 0,25 0,5 0,8 1 0 1850 185 1500  14
10 9 3 98 3 0,25 0,5 0,8 1 0 1700 170 1500  14
11 2 4 92 2 0,25 0,5 0,8 1 0 1750 175 1500  14
12 1 4 88 3 0,25 0,5 0,8 1 0 1550 155 1500  14
13 3 5 82 8 0,25 0,5 0,5 1 0 1600 160 1500  14
14 1 5 86 6 0,25 0,5 0,5 1 0 1600 160 1500  14
15 9 5 90 2 0,25 0,5 0,5 1 0 1600 160 1500  14
16 9 6 84 9 0,25 0,5 0,5 1 0 2600 260 1500  14
17 3 6 78 6 0,25 0,5 0,5 1 0 2500 250 1500  14
18 7 7 75 2 0,25 0,5 0,5 1 0 2800 280 1500  14
19 2 8 76 1 0,25 0,5 0,5 1 0 1700 170 1500  14
20 9 8 80 2 0,25 0,5 0,5 1 0 1900 190 1500  14
21 2 9 74 6 0,25 0,5 0,5 1 0 1550 155 1500  14
22 6 9 71 4 0,25 0,5 0,5 1 0 1500 150 1500  14
23 3 9 79 4 0,25 0,5 0,5 1 0 1450 145 1500  14
24 6 10 70 3 0,25 0,5 0,5 1 0 1350 135 1500  14
25 7 11 74 2 0,25 0,5 0,5 1 0 1400 140 1500  14
26 3 12 72 3 0,25 0,5 0,5 1 0 1300 130 1500  14
27 4 13 68 5 0,25 0,5 0,5 1 0 1250 125 1500  14
28 5 14 66 4 0,25 0,5 0,5 1 0 1200 120 1500  14
29 6 15 64 3 0,25 0,5 0,5 1 0 1150 115 1500  14
30 7 16 62 2 0,25 0,5 0,5 1 0 1100 110 1500  14
31 8 17 60 4 0,25 0,5 0,5 1 0 1050 105 1500  14
32 9 18 58 3 0,25 0,5 0,5 1 0 1000 100 1500  14
33 4 19 56 2 0,25 0,5 0,5 1 0 950 95 1500  14
34 5 20 54 5 0,25 0,5 0,5 1 0 900 90 1500  14
35 6 21 52 4 0,25 0,5 0,5 1 0 850 85 1500  14
Node nums: [0 1 2 3 4 5 6 7 8 9 10 11 12 13 14 15 16 17 18 19 20 21 22 23 24 25 26 27
     28 29 30 31 32 33 34 35]
xx-Data uploaded-xx
	**** start init su array ...
0 [0 0 0 0 0 0 0 0 0 0]
1 [0 0 0 0 0 0 0 0 0 0]
2 [0 0 0 0 0 0 0 0 0 0]
3 [0 0 0 0 0 0 0 0 0 0]
4 [0 0 0 0 0 0 0 0 0 0]
5 [0 0 0 0 0 0 0 0 0 0]
6 [0 0 0 0 0 0 0 0 0 0]
7 [0 0 0 0 0 0 0 0 0 0]
8 [0 0 0 0 0 0 0 0 0 0]
9 [0 0 0 0 0 0 0 0 0 0]
10 [0 0 0 0 0 0 0 0 0 0]
11 [0 0 0 0 0 0 0 0 0 0]
12 [0 0 0 0 0 0 0 0 0 0]
13 [1 1 1 1 1 1 1 1 1 1]
14 [1 1 1 1 1 1 1 1 1 1]
15 [1 1 1 1 1 1 1 1 1 1]
16 [1 1 1 1 1 1 1 1 1 1]
17 [1 1 1 1 1 1 1 1 1 1]
18 [1 1 1 1 1 1 1 1 1 1]
19 [1 1 1 1 1 1 1 1 1 1]
20 [1 1 1 1 1 1 1 1 1 1]
21 [1 1 1 1 1 1 1 1 1 1]
22 [1 1 1 1 1 1 1 1 1 1]
23 [1 1 1 1 1 1 1 1 1 1]
24 [1 1 1 1 1 1 1 1 1 1]
25 [1 1 1 1 1 1 1 1 1 1]
26 [1 1 1 1 1 1 1 1 1 1]
27 [1 1 1 1 1 1 1 1 1 1]
28 [1 1 1 1 1 1 1 1 1 1]
29 [1 1 1 1 1 1 1 1 1 1]
30 [1 1 1 1 1 1 1 1 1 1]
31 [1 1 1 1 1 1 1 1 1 1]
32 [1 1 1 1 1 1 1 1 1 1]
33 [1 1 1 1 1 1 1 1 1 1]
34 [1 1 1 1 1 1 1 1 1 1]
35 [1 1 1 1 1 1 1 1 1 1]
	**** end init su array ...
1 2 1 700 80 0.85 0.92 0.8 (9)9
2 2 0.9 800 75 0.82 0.90 0.9 (9)9
3 1 1.1 680 90 0.88 0.95 0.5 (9)9
4 1 1 480 100 0.86 0.93 0.6 (9)9
5 5 0.6 550 40 0.72 0.78 1.5 (9)9
6 6 0.5 650 45 0.70 0.75 2.0 (9)9
7 7 0.5 1100 40 0.68 0.72 2.5 (9)9
8 5 0.3 700 30 0.65 0.70 1.8 (9)9
9 9 0.2 1700 15 0.60 0.65 3.5 (9)9
10 1 0.8 5800 40 0.80 0.88 0.7 (9)9

<<< generate

Version identifier: 20.1.0.0 | 2020-11-10 | 9bedb6d68
CPXPARAM_TimeLimit                               300
Tried aggregator 2 times.
MIP Presolve eliminated 8080 rows and 663 columns.
MIP Presolve modified 707 coefficients.
Aggregator did 2 substitutions.
Reduced MIP has 1006 rows, 523 columns, and 2956 nonzeros.
Reduced MIP has 174 binaries, 349 generals, 0 SOSs, and 0 indicators.
Presolve time = 0,00 sec. (8,19 ticks)
Probing fixed 0 vars, tightened 353 bounds.
Probing time = 0,00 sec. (1,01 ticks)
Cover probing fixed 0 vars, tightened 14 bounds.
Tried aggregator 1 time.
Detecting symmetries...
MIP Presolve eliminated 42 rows and 0 columns.
MIP Presolve modified 539 coefficients.
Reduced MIP has 964 rows, 523 columns, and 2872 nonzeros.
Reduced MIP has 174 binaries, 349 generals, 0 SOSs, and 0 indicators.
Presolve time = 0,00 sec. (2,03 ticks)
Probing fixed 0 vars, tightened 9 bounds.
Probing time = 0,00 sec. (0,58 ticks)
Clique table members: 3.
MIP emphasis: balance optimality and feasibility.
MIP search method: dynamic search.
Parallel mode: deterministic, using up to 20 threads.
Root relaxation solution time = 0,02 sec. (4,74 ticks)

        Nodes                                         Cuts/
   Node  Left     Objective  IInf  Best Integer    Best Bound    ItCnt     Gap

      0     0   2,65947e+07   192                 2,65947e+07      260         
      0     0   2,83221e+07   183                   Cuts: 200      422         
      0     0   2,87552e+07   187                    Cuts: 61      484         
      0     0   2,91380e+07   204                    Cuts: 52      524         
      0     0   2,92810e+07   212                    Cuts: 37      558         
      0     0   2,93646e+07   193                    Cuts: 30      588         
Detecting symmetries...
      0     0   2,94745e+07   213                    Cuts: 32      617         
      0     0   2,95158e+07   182                    Cuts: 33      652         
      0     0   2,95623e+07   210                    Cuts: 29      691         
      0     0   2,96410e+07   208                    Cuts: 24      722         
      0     0   2,96930e+07   207                    Cuts: 19      737         
      0     0   2,98401e+07   225                    Cuts: 19      757         
      0     0   2,98684e+07   207                    Cuts: 21      776         
      0     0   2,98792e+07   219                     Cuts: 7      789         
      0     0   2,98833e+07   198                    Cuts: 17      802         
      0     0   2,98867e+07   196                     Cuts: 9      819         
      0     0   2,98915e+07   200                     Cuts: 6      828         
      0     0   2,98938e+07   224                     Cuts: 7      836         
Detecting symmetries...
      0     2   2,98938e+07   224                 2,98938e+07      836         
Elapsed time = 0,27 sec. (231,89 ticks, tree = 0,02 MB, solutions = 0)
   3810  2095    infeasible                       3,32191e+07    79754         

Performing restart 1

Repeating presolve.
Tried aggregator 1 time.
MIP Presolve modified 34 coefficients.
Reduced MIP has 964 rows, 523 columns, and 2872 nonzeros.
Reduced MIP has 174 binaries, 349 generals, 0 SOSs, and 0 indicators.
Presolve time = 0,00 sec. (1,50 ticks)
Tried aggregator 1 time.
Reduced MIP has 964 rows, 523 columns, and 2872 nonzeros.
Reduced MIP has 174 binaries, 349 generals, 0 SOSs, and 0 indicators.
Presolve time = 0,00 sec. (2,02 ticks)
Represolve time = 0,02 sec. (6,98 ticks)
   7204     0   3,10729e+07   238                   Cuts: 251   168850         
   7204     0   3,19359e+07   230                   Cuts: 225   169004         
   7204     0   3,29373e+07   275                   Cuts: 197   169150         
   7204     0   3,36708e+07   255                   Cuts: 226   169287         
   7204     0   3,41095e+07   231                   Cuts: 139   169382         
   7204     0   3,45672e+07   269                   Cuts: 122   169482         
   7204     0   3,47110e+07   286                   Cuts: 136   169554         
   7204     0   3,48632e+07   276                   Cuts: 117   169630         
   7204     0   3,50180e+07   268                    Cuts: 95   169704         
   7204     0   3,51572e+07   278                   Cuts: 141   169778         
   7204     0   3,53789e+07   293                   Cuts: 127   169889         
   7204     0   3,56197e+07   276                   Cuts: 110   169970         
   7204     0   3,57322e+07   300                   Cuts: 118   170050         
   7204     0   3,58070e+07   294                   Cuts: 121   170122         
   7204     0   3,58967e+07   309                    Cuts: 90   170195         
   7204     0   3,60360e+07   297                   Cuts: 105   170269         
   7204     0   3,61044e+07   273                    Cuts: 87   170356         
   7204     0   3,63215e+07   293                   Cuts: 123   170436         
   7204     0   3,64256e+07   296                    Cuts: 97   170530         
   7204     0   3,65085e+07   284                   Cuts: 116   170607         
   7204     0   3,65406e+07   296                    Cuts: 74   170656         
   7204     0   3,65918e+07   278                    Cuts: 58   170712         
   7204     0   3,66492e+07   277                    Cuts: 72   170755         
   7204     0   3,66974e+07   280                   Cuts: 102   170828         
   7204     0   3,67335e+07   279                    Cuts: 65   170877         
   7204     0   3,67729e+07   288                    Cuts: 74   170924         
   7204     0   3,67985e+07   283                   Cuts: 107   170966         
   7204     0   3,68295e+07   295                    Cuts: 45   171014         
   7204     0   3,68825e+07   296                    Cuts: 71   171066         
   7204     0   3,69467e+07   281                    Cuts: 82   171135         
   7204     0   3,70275e+07   294                    Cuts: 80   171191         
   7204     0   3,71836e+07   293                   Cuts: 104   171279         
   7204     0   3,72083e+07   295                    Cuts: 89   171332         
   7204     0   3,72659e+07   297                   Cuts: 103   171397         
   7204     0   3,73250e+07   294                    Cuts: 84   171476         
   7204     0   3,73508e+07   304                   Cuts: 113   171531         
   7204     0   3,73858e+07   294                    Cuts: 67   171599         
   7204     0   3,74032e+07   307                    Cuts: 86   171642         
   7204     0   3,74219e+07   304                    Cuts: 56   171692         
   7204     0   3,74312e+07   308                    Cuts: 63   171745         
   7204     0   3,74698e+07   297                    Cuts: 89   171823         
   7204     0   3,75280e+07   296                    Cuts: 92   171886         
   7204     0   3,75777e+07   310                    Cuts: 97   171949         
   7204     0   3,75939e+07   326                    Cuts: 80   172000         
   7204     0   3,76124e+07   316                    Cuts: 62   172049         
   7204     0   3,76233e+07   327                    Cuts: 61   172087         
   7204     0   3,76845e+07   294                    Cuts: 64   172144         
   7204     0   3,77808e+07   289                    Cuts: 68   172220         
   7204     0   3,78543e+07   304                    Cuts: 69   172276         
   7204     0   3,78879e+07   314                    Cuts: 68   172328         
   7204     0   3,78990e+07   310                    Cuts: 29   172366         
   7204     0   3,79165e+07   304                    Cuts: 58   172408         
   7204     0   3,79374e+07   320                    Cuts: 42   172444         
   7204     0   3,79740e+07   314                    Cuts: 53   172484         
   7204     0   3,79866e+07   318                    Cuts: 63   172521         
   7204     2   3,79866e+07   318                 3,79866e+07   172521         
   7412    39    infeasible                       4,33069e+07   182591         
*  7683+    7                       4,83109e+07   4,46020e+07             7,68%
*  7683+    7                       4,83109e+07   4,46020e+07             7,68%

Implied bound cuts applied:  17
Flow cuts applied:  47
Mixed integer rounding cuts applied:  248
Zero-half cuts applied:  42
Lift and project cuts applied:  7
Gomory fractional cuts applied:  17

Root node processing (before b&c):
  Real time             =    0,27 sec. (231,33 ticks)
Parallel b&c, 20 threads:
  Real time             =    3,42 sec. (2495,33 ticks)
  Sync time (average)   =    0,47 sec.
  Wait time (average)   =    0,02 sec.
                          ------------
Total (root+branch&cut) =    3,69 sec. (2726,65 ticks)

<<< solve


OBJECTIVE: 4.831088e+7
xxxx
#Result <fct_obj, tot_cost, DIO, WIP, Emiss>: <4.8311e+7 3.5847e+5 480 8.5852e+5 4.8311e+7 26656 3.3182e+5 0>#CS:358472#DIO:480#WIP:858520#E: 48310880#A:[1,9,29,24,5,18,25,24,25,16,16,2,1,16,15,16,17,16,21,15,19,9,11,8,7,12,4,13,14,7,8,13,14,13,10,7]#X:[0,1,1,1,1,1,0,0,0,0,0,1,1,0,0,0,0,0,0,0,0,0,0,0,0,1,1,0,0,0,0,0,0,0,0,0]#DELIVER:
S8=>P22
S8=>P23
S10=>P24
S8=>P25
S10=>P26
S9=>P27
S9=>P28
S10=>P29
S10=>P30
S8=>P31
S8=>P32
S9=>P33
S8=>P34
S10=>P35
xxxx

<<< post process


<<< done


)
