Array
(
    [CplexRunTime] => Total (root+branch&cut) =    0,05 sec
    [status] => INFEASIBLE
    [termination_reason] => INFEASIBLE
    [mip_gap] => 
    [_raw_output] => 
<<< setup

0 0 -1 0 1 0,25 0,5 0,8 1 0 0 0 0 13
1 2 0 10000 1 0,25 0,5 0,8 1 0 20000 2000 1500 13
2 5 1 900 1 0,25 0,5 0,8 1 0 18812 1881,2 1500 13
3 7 1 890 1 0,25 0,5 0,8 1 0 17799 1779,9 1500 13
4 6 1 910 1 0,25 0,5 0,8 1 0 17616 1761,6 1500 13
5 4 1 860 2 0,25 0,5 0,8 1 0 17178 1717,8 1500 13
6 4 2 880 3 0,25 0,5 0,8 1 0 17044 1704,4 1500 13
7 3 2 800 2 0,25 0,5 0,8 1 0 15731 1573,1 1500 13
8 3 2 780 1 0,25 0,5 0,8 1 0 15412 1541,2 1500 13
9 3 3 790 2 0,25 0,5 0,8 1 0 13995 1399,5 1500 13
10 4 3 750 3 0,25 0,5 0,8 1 0 13604 1360,4 1500 13
11 3 4 690 2 0,25 0,5 0,8 1 0 13325 1332,5 1500 13
12 5 4 660 3 0,25 0,5 0,8 1 0 12379 1237,9 1500 13
13 5 5 600 8 0,25 0,5 0,8 1 0 11888 1188,8 1500 13
14 4 5 640 6 0,25 0,5 0,8 1 0 11691 1169,1 1500 13
15 2 5 700 2 0,25 0,5 0,8 1 0 10558 1055,8 1500 13
16 4 6 660 9 0,25 0,5 0,8 1 0 10353 1035,3 1500 13
17 6 6 580 6 0,25 0,5 0,8 1 0 10146 1014,6 1500 13
18 3 7 550 2 0,25 0,5 0,8 1 0 9525 952,5 1500 13
19 3 8 570 1 0,25 0,5 0,8 1 0 8714 871,4 1500 13
20 5 8 600 2 0,25 0,5 0,8 1 0 8520 852 1500 13
21 7 9 540 6 0,25 0,5 0,8 1 0 7944 794,4 1500 13
22 6 9 510 4 0,25 0,5 0,8 1 0 7813 781,3 1500 13
23 3 9 590 4 0,25 0,5 0,8 1 0 7420 742 1500 13
24 4 10 400 3 0,25 0,5 0,8 1 0 7325 732,5 1500 13
25 3 11 490 2 0,25 0,5 0,8 1 0 6676 667,6 1500 13
26 3 12 480 3 0,25 0,5 0,8 1 0 6224 622,4 1500 13
27 5 12 520 6 0,25 0,5 0,8 1 0 6108 610,8 1500 13
28 4 13 400 16 0,25 0,5 0,8 1 0 5852 585,2 1500 13
29 3 14 480 6 0,25 0,5 0,8 1 0 5689 568,9 1500 13
30 2 14 490 18 0,25 0,5 0,8 1 0 5169 516,9 1500 13
31 5 16 460 9 0,25 0,5 0,8 1 0 4902 490,2 1500 13
32 4 16 500 9 0,25 0,5 0,8 1 0 4579 457,9 1500 13
33 3 18 470 6 0,25 0,5 0,8 1 0 4126 412,6 1500 13
34 3 18 300 4 0,25 0,5 0,8 1 0 3724 372,4 1500 13
35 2 20 380 4 0,25 0,5 0,8 1 0 3380 338 1500 13
36 5 20 330 4 0,25 0,5 0,8 1 0 3249 324,9 1500 13
37 4 22 340 12 0,25 0,5 0,8 1 0 3231 323,1 1500 13
38 3 22 350 4 0,25 0,5 0,8 1 0 2970 297 1500 13
39 5 23 360 4 0,25 0,5 0,8 1 0 2907 290,7 1500 13
40 1 23 310 12 0,25 0,5 0,8 1 0 2849 284,9 1500 13
41 4 27 330 12 0,25 0,5 0,8 1 0 2622 262,2 1500 13
42 2 27 290 12 0,25 0,5 0,8 1 0 2367 236,7 1500 13
43 6 30 270 36 0,25 0,5 0,8 1 0 2134 213,4 1500 13
44 4 30 260 54 0,25 0,5 0,8 1 0 1933 193,3 1500 13
45 3 32 270 9 0,25 0,5 0,8 1 0 1763 176,3 1500 13
46 1 32 270 9 0,25 0,5 0,8 1 0 1697 169,7 1500 13
47 3 32 300 27 0,25 0,5 0,8 1 0 1668 166,8 1500 13
48 4 33 280 12 0,25 0,5 0,8 1 0 1520 152 1500 13
49 2 33 290 24 0,25 0,5 0,8 1 0 1482 148,2 1500 13
50 3 35 230 8 0,25 0,5 0,8 1 0 1472 147,2 1500 13
51 6 35 240 12 0,25 0,5 0,8 1 0 1386 138,6 1500 13
52 2 37 260 48 0,25 0,5 0,8 1 0 1280 128 1500 13
53 1 37 250 60 0,25 0,5 0,8 1 0 1190 119 1500 13
54 4 37 245 24 0,25 0,5 0,8 1 0 1168 116,8 1500 13
55 3 38 220 12 0,25 0,5 0,8 1 0 1059 105,9 1500 13
56 6 38 240 16 0,25 0,5 0,8 1 0 988 98,8 1500 13
57 2 38 250 20 0,25 0,5 0,8 1 0 892 89,2 1500 13
58 1 39 230 8 0,25 0,5 0,8 1 0 878 87,8 1500 13
59 4 39 270 12 0,25 0,5 0,8 1 0 800 80 1500 13
60 2 39 260 16 0,25 0,5 0,8 1 0 745 74,5 1500 13
61 3 40 200 60 0,25 0,5 0,8 1 0 744 74,4 1500 13
62 5 40 240 24 0,25 0,5 0,8 1 0 677 67,7 1500 13
63 1 46 210 27 0,25 0,5 0,8 1 0 667 66,7 1500 13
64 4 46 190 36 0,25 0,5 0,8 1 0 661 66,1 1500 13
65 8 50 240 40 0,25 0,5 0,8 1 0 641 64,1 1500 13
66 3 50 230 16 0,25 0,5 0,8 1 0 613 61,3 1500 13
67 4 50 200 24 0,25 0,5 0,8 1 0 567 56,7 1500 13
68 5 52 210 192 0,25 0,5 0,8 1 0 528 52,8 1500 13
69 3 59 180 60 0,25 0,5 0,8 1 0 504 50,4 1500 13
70 2 62 200 48 0,25 0,5 0,8 1 0 487 48,7 1500 13
71 3 64 190 108 0,25 0,5 0,8 1 0 452 45,2 1500 13
72 5 66 210 64 0,25 0,5 0,8 1 0 450 45 1500 13
73 2 67 180 120 0,25 0,5 0,8 1 0 441 44,1 1500 13
74 4 67 170 48 0,25 0,5 0,8 1 0 431 43,1 1500 13
75 2 69 150 180 0,25 0,5 0,8 1 0 408 40,8 1500 13
76 7 69 110 240 0,25 0,5 0,8 1 0 390 39 1500 13
77 3 73 50 600 0,25 0,5 0,8 1 0 366 36,6 1500 13
78 6 73 40 240 0,25 0,5 0,8 1 0 357 35,7 1500 13
79 5 74 30 144 0,25 0,5 0,8 1 0 346 34,6 1500 13
80 10 79 20 576 0,25 0,5 0,8 1 0 325 32,5 1500 13
Node nums: [0 1 2 3 4 5 6 7 8 9 10 11 12 13 14 15 16 17 18 19 20 21 22 23 24 25 26 27
     28 29 30 31 32 33 34 35 36 37 38 39 40 41 42 43 44 45 46 47 48 49 50 51
     52 53 54 55 56 57 58 59 60 61 62 63 64 65 66 67 68 69 70 71 72 73 74 75
     76 77 78 79 80]
xx-Data uploaded-xx
	**** start init su array ...
0 [0 0 0 0 0 0 0 0 0 0]
1 [0 0 0 0 0 0 0 0 0 0]
2 [0 0 0 0 0 0 0 0 0 0]
3 [0 0 0 0 0 0 0 0 0 0]
4 [0 0 0 0 0 0 0 0 0 0]
5 [0 0 0 0 0 0 0 0 0 0]
6 [0 0 0 0 0 0 0 0 0 0]
7 [0 0 0 0 0 0 0 0 0 0]
8 [0 0 0 0 0 0 0 0 0 0]
9 [0 0 0 0 0 0 0 0 0 0]
10 [0 0 0 0 0 0 0 0 0 0]
11 [0 0 0 0 0 0 0 0 0 0]
12 [0 0 0 0 0 0 0 0 0 0]
13 [0 0 0 0 0 0 0 0 0 0]
14 [0 0 0 0 0 0 0 0 0 0]
15 [1 1 1 1 1 1 1 1 1 1]
16 [0 0 0 0 0 0 0 0 0 0]
17 [1 1 1 1 1 1 1 1 1 1]
18 [0 0 0 0 0 0 0 0 0 0]
19 [1 1 1 1 1 1 1 1 1 1]
20 [0 0 0 0 0 0 0 0 0 0]
21 [1 1 1 1 1 1 1 1 1 1]
22 [0 0 0 0 0 0 0 0 0 0]
23 [0 0 0 0 0 0 0 0 0 0]
24 [1 1 1 1 1 1 1 1 1 1]
25 [1 1 1 1 1 1 1 1 1 1]
26 [1 1 1 1 1 1 1 1 1 1]
27 [0 0 0 0 0 0 0 0 0 0]
28 [1 1 1 1 1 1 1 1 1 1]
29 [1 1 1 1 1 1 1 1 1 1]
30 [0 0 0 0 0 0 0 0 0 0]
31 [1 1 1 1 1 1 1 1 1 1]
32 [0 0 0 0 0 0 0 0 0 0]
33 [0 0 0 0 0 0 0 0 0 0]
34 [1 1 1 1 1 1 1 1 1 1]
35 [0 0 0 0 0 0 0 0 0 0]
36 [1 1 1 1 1 1 1 1 1 1]
37 [0 0 0 0 0 0 0 0 0 0]
38 [0 0 0 0 0 0 0 0 0 0]
39 [0 0 0 0 0 0 0 0 0 0]
40 [0 0 0 0 0 0 0 0 0 0]
41 [1 1 1 1 1 1 1 1 1 1]
42 [1 1 1 1 1 1 1 1 1 1]
43 [1 1 1 1 1 1 1 1 1 1]
44 [1 1 1 1 1 1 1 1 1 1]
45 [1 1 1 1 1 1 1 1 1 1]
46 [0 0 0 0 0 0 0 0 0 0]
47 [1 1 1 1 1 1 1 1 1 1]
48 [1 1 1 1 1 1 1 1 1 1]
49 [1 1 1 1 1 1 1 1 1 1]
50 [0 0 0 0 0 0 0 0 0 0]
51 [1 1 1 1 1 1 1 1 1 1]
52 [0 0 0 0 0 0 0 0 0 0]
53 [1 1 1 1 1 1 1 1 1 1]
54 [1 1 1 1 1 1 1 1 1 1]
55 [1 1 1 1 1 1 1 1 1 1]
56 [1 1 1 1 1 1 1 1 1 1]
57 [1 1 1 1 1 1 1 1 1 1]
58 [1 1 1 1 1 1 1 1 1 1]
59 [0 0 0 0 0 0 0 0 0 0]
60 [1 1 1 1 1 1 1 1 1 1]
61 [1 1 1 1 1 1 1 1 1 1]
62 [0 0 0 0 0 0 0 0 0 0]
63 [1 1 1 1 1 1 1 1 1 1]
64 [0 0 0 0 0 0 0 0 0 0]
65 [1 1 1 1 1 1 1 1 1 1]
66 [0 0 0 0 0 0 0 0 0 0]
67 [0 0 0 0 0 0 0 0 0 0]
68 [1 1 1 1 1 1 1 1 1 1]
69 [0 0 0 0 0 0 0 0 0 0]
70 [1 1 1 1 1 1 1 1 1 1]
71 [1 1 1 1 1 1 1 1 1 1]
72 [1 1 1 1 1 1 1 1 1 1]
73 [0 0 0 0 0 0 0 0 0 0]
74 [0 0 0 0 0 0 0 0 0 0]
75 [1 1 1 1 1 1 1 1 1 1]
76 [1 1 1 1 1 1 1 1 1 1]
77 [1 1 1 1 1 1 1 1 1 1]
78 [1 1 1 1 1 1 1 1 1 1]
79 [0 0 0 0 0 0 0 0 0 0]
80 [1 1 1 1 1 1 1 1 1 1]
	**** end init su array ...
1 2 1 700 80 0.85 0.92 0.8 (9)9
2 2 0.9 800 75 0.82 0.90 0.9 (9)9
3 1 1.1 680 90 0.88 0.95 0.5 (9)9
4 1 1 480 100 0.86 0.93 0.6 (9)9
5 5 0.6 550 40 0.72 0.78 1.5 (9)9
6 6 0.5 650 45 0.70 0.75 2.0 (9)9
7 7 0.5 1100 40 0.68 0.72 2.5 (9)9
8 5 0.3 700 30 0.65 0.70 1.8 (9)9
9 9 0.2 1700 15 0.60 0.65 3.5 (9)9
10 1 0.8 5800 40 0.80 0.88 0.7 (9)9

<<< generate

Version identifier: 20.1.0.0 | 2020-11-10 | 9bedb6d68
CPXPARAM_TimeLimit                               300
Tried aggregator 2 times.
MIP Presolve eliminated 35946 rows and 1258 columns.
MIP Presolve modified 4066 coefficients.
Aggregator did 8 substitutions.
Reduced MIP has 2699 rows, 1407 columns, and 8008 nonzeros.
Reduced MIP has 473 binaries, 934 generals, 0 SOSs, and 0 indicators.
Presolve time = 0,02 sec. (34,83 ticks)
Probing fixed 3 vars, tightened 553 bounds.
Probing time = 0,00 sec. (5,63 ticks)
Cover probing fixed 0 vars, tightened 40 bounds.
Tried aggregator 1 time.
Detecting symmetries...
MIP Presolve eliminated 183 rows and 26 columns.
MIP Presolve modified 1643 coefficients.
Reduced MIP has 2516 rows, 1381 columns, and 7587 nonzeros.
Reduced MIP has 470 binaries, 911 generals, 0 SOSs, and 0 indicators.
Presolve time = 0,02 sec. (5,33 ticks)

        Nodes                                         Cuts/
   Node  Left     Objective  IInf  Best Integer    Best Bound    ItCnt     Gap

      0     1  -1,00000e+37     0                -6,92433e+08        0         

Root node processing (before b&c):
  Real time             =    0,05 sec. (79,96 ticks)
Parallel b&c, 20 threads:
  Real time             =    0,00 sec. (0,00 ticks)
  Sync time (average)   =    0,00 sec.
  Wait time (average)   =    0,00 sec.
                          ------------
Total (root+branch&cut) =    0,05 sec. (79,96 ticks)

<<< solve


<<< no solution


)
