Array
(
    [CplexRunTime] => Total (root+branch&cut) =    0,42 sec
    [status] => OPTIMAL
    [termination_reason] => OPTIMAL
    [mip_gap] => 0
    [Result] => Array
        (
            [Objective] => 273410
            [TotalCost] => 273090
            [LeadTime] => 319
            [Emissions] => 31154000
        )

    [TS] => 273094
    [A] => Array
        (
            [0] => 0
            [1] => 9
            [2] => 26
            [3] => 24
            [4] => 7
            [5] => 12
            [6] => 22
            [7] => 19
            [8] => 20
            [9] => 16
            [10] => 16
            [11] => 2
            [12] => 2
            [13] => 8
            [14] => 10
            [15] => 10
            [16] => 14
            [17] => 12
            [18] => 16
            [19] => 11
            [20] => 14
            [21] => 11
            [22] => 11
            [23] => 8
            [24] => 7
            [25] => 12
        )

    [X] => Array
        (
            [0] => 0
            [1] => 1
            [2] => 1
            [3] => 1
            [4] => 1
            [5] => 1
            [6] => 0
            [7] => 0
            [8] => 0
            [9] => 0
            [10] => 0
            [11] => 0
            [12] => 0
            [13] => 0
            [14] => 0
            [15] => 0
            [16] => 0
            [17] => 0
            [18] => 0
            [19] => 0
            [20] => 0
            [21] => 0
            [22] => 0
            [23] => 0
            [24] => 0
            [25] => 1
        )

    [Z] => Array
        (
            [0] => 0
            [1] => 0
            [2] => 0
            [3] => 0
            [4] => 0
            [5] => 0
            [6] => 0
            [7] => 0
            [8] => 0
            [9] => 0
            [10] => 0
            [11] => 0
            [12] => 0
            [13] => 0
            [14] => 0
            [15] => 0
            [16] => 0
            [17] => 0
            [18] => 0
            [19] => 0
            [20] => 0
            [21] => 0
            [22] => 0
            [23] => 0
            [24] => 0
            [25] => 0
            [26] => 0
            [27] => 0
            [28] => 0
            [29] => 0
            [30] => 0
            [31] => 0
            [32] => 0
            [33] => 0
            [34] => 0
            [35] => 0
            [36] => 0
            [37] => 0
            [38] => 0
            [39] => 0
            [40] => 0
            [41] => 0
            [42] => 0
            [43] => 0
            [44] => 0
            [45] => 0
            [46] => 0
            [47] => 0
            [48] => 0
            [49] => 0
            [50] => 0
            [51] => 0
            [52] => 0
            [53] => 0
            [54] => 0
            [55] => 0
            [56] => 0
            [57] => 0
            [58] => 0
            [59] => 0
            [60] => 0
            [61] => 0
            [62] => 0
            [63] => 0
            [64] => 0
            [65] => 0
            [66] => 0
            [67] => 0
            [68] => 0
            [69] => 0
            [70] => 0
            [71] => 0
            [72] => 0
            [73] => 0
            [74] => 0
            [75] => 0
            [76] => 0
            [77] => 0
            [78] => 0
            [79] => 0
            [80] => 0
            [81] => 0
            [82] => 0
            [83] => 0
            [84] => 0
            [85] => 0
            [86] => 0
            [87] => 0
            [88] => 0
            [89] => 0
            [90] => 0
            [91] => 0
            [92] => 0
            [93] => 0
            [94] => 0
            [95] => 0
            [96] => 0
            [97] => 0
            [98] => 0
            [99] => 0
            [100] => 0
            [101] => 0
            [102] => 0
            [103] => 0
            [104] => 0
            [105] => 0
            [106] => 0
            [107] => 0
            [108] => 0
            [109] => 0
            [110] => 0
            [111] => 0
            [112] => 0
            [113] => 0
            [114] => 0
            [115] => 0
            [116] => 0
            [117] => 0
            [118] => 0
            [119] => 0
            [120] => 0
            [121] => 0
            [122] => 0
            [123] => 0
            [124] => 0
            [125] => 0
            [126] => 0
            [127] => 0
            [128] => 0
            [129] => 1
            [130] => 0
            [131] => 0
            [132] => 0
            [133] => 0
            [134] => 0
            [135] => 0
            [136] => 0
            [137] => 1
            [138] => 0
            [139] => 0
            [140] => 0
            [141] => 0
            [142] => 0
            [143] => 0
            [144] => 0
            [145] => 0
            [146] => 0
            [147] => 0
            [148] => 1
            [149] => 0
            [150] => 0
            [151] => 0
            [152] => 0
            [153] => 0
            [154] => 0
            [155] => 0
            [156] => 0
            [157] => 0
            [158] => 0
            [159] => 1
            [160] => 0
            [161] => 0
            [162] => 0
            [163] => 0
            [164] => 0
            [165] => 0
            [166] => 0
            [167] => 1
            [168] => 0
            [169] => 0
            [170] => 0
            [171] => 0
            [172] => 0
            [173] => 0
            [174] => 0
            [175] => 0
            [176] => 0
            [177] => 0
            [178] => 1
            [179] => 0
            [180] => 0
            [181] => 0
            [182] => 0
            [183] => 0
            [184] => 0
            [185] => 0
            [186] => 0
            [187] => 0
            [188] => 1
            [189] => 0
            [190] => 0
            [191] => 0
            [192] => 0
            [193] => 0
            [194] => 0
            [195] => 0
            [196] => 0
            [197] => 0
            [198] => 1
            [199] => 0
            [200] => 0
            [201] => 0
            [202] => 0
            [203] => 0
            [204] => 0
            [205] => 0
            [206] => 0
            [207] => 1
            [208] => 0
            [209] => 0
            [210] => 0
            [211] => 0
            [212] => 0
            [213] => 0
            [214] => 0
            [215] => 0
            [216] => 0
            [217] => 0
            [218] => 1
            [219] => 0
            [220] => 0
            [221] => 0
            [222] => 0
            [223] => 0
            [224] => 0
            [225] => 0
            [226] => 0
            [227] => 1
            [228] => 0
            [229] => 0
            [230] => 0
            [231] => 0
            [232] => 0
            [233] => 0
            [234] => 0
            [235] => 0
            [236] => 0
            [237] => 1
            [238] => 0
            [239] => 0
            [240] => 0
            [241] => 0
            [242] => 0
            [243] => 0
            [244] => 0
            [245] => 0
            [246] => 0
            [247] => 0
            [248] => 0
            [249] => 1
            [250] => 0
            [251] => 0
            [252] => 0
            [253] => 0
            [254] => 0
            [255] => 0
            [256] => 0
            [257] => 1
            [258] => 0
            [259] => 0
        )

    [Q] => Array
        (
            [0] => 0
            [1] => 0
            [2] => 0
            [3] => 0
            [4] => 0
            [5] => 0
            [6] => 0
            [7] => 0
            [8] => 0
            [9] => 0
            [10] => 0
            [11] => 0
            [12] => 0
            [13] => 0
            [14] => 0
            [15] => 0
            [16] => 0
            [17] => 0
            [18] => 0
            [19] => 0
            [20] => 0
            [21] => 0
            [22] => 0
            [23] => 0
            [24] => 0
            [25] => 0
            [26] => 0
            [27] => 0
            [28] => 0
            [29] => 0
            [30] => 0
            [31] => 0
            [32] => 0
            [33] => 0
            [34] => 0
            [35] => 0
            [36] => 0
            [37] => 0
            [38] => 0
            [39] => 0
            [40] => 0
            [41] => 0
            [42] => 0
            [43] => 0
            [44] => 0
            [45] => 0
            [46] => 0
            [47] => 0
            [48] => 0
            [49] => 0
            [50] => 0
            [51] => 0
            [52] => 0
            [53] => 0
            [54] => 0
            [55] => 0
            [56] => 0
            [57] => 0
            [58] => 0
            [59] => 0
            [60] => 0
            [61] => 0
            [62] => 0
            [63] => 0
            [64] => 0
            [65] => 0
            [66] => 0
            [67] => 0
            [68] => 0
            [69] => 0
            [70] => 0
            [71] => 0
            [72] => 0
            [73] => 0
            [74] => 0
            [75] => 0
            [76] => 0
            [77] => 0
            [78] => 0
            [79] => 0
            [80] => 0
            [81] => 0
            [82] => 0
            [83] => 0
            [84] => 0
            [85] => 0
            [86] => 0
            [87] => 0
            [88] => 0
            [89] => 0
            [90] => 0
            [91] => 0
            [92] => 0
            [93] => 0
            [94] => 0
            [95] => 0
            [96] => 0
            [97] => 0
            [98] => 0
            [99] => 0
            [100] => 0
            [101] => 0
            [102] => 0
            [103] => 0
            [104] => 0
            [105] => 0
            [106] => 0
            [107] => 0
            [108] => 0
            [109] => 0
            [110] => 0
            [111] => 0
            [112] => 0
            [113] => 0
            [114] => 0
            [115] => 0
            [116] => 0
            [117] => 0
            [118] => 0
            [119] => 0
            [120] => 0
            [121] => 0
            [122] => 0
            [123] => 0
            [124] => 0
            [125] => 0
            [126] => 0
            [127] => 0
            [128] => 0
            [129] => 60
            [130] => 0
            [131] => 0
            [132] => 0
            [133] => 0
            [134] => 0
            [135] => 0
            [136] => 0
            [137] => 160
            [138] => 0
            [139] => 0
            [140] => 0
            [141] => 0
            [142] => 0
            [143] => 0
            [144] => 0
            [145] => 0
            [146] => 0
            [147] => 0
            [148] => 120
            [149] => 0
            [150] => 0
            [151] => 0
            [152] => 0
            [153] => 0
            [154] => 0
            [155] => 0
            [156] => 0
            [157] => 0
            [158] => 0
            [159] => 40
            [160] => 0
            [161] => 0
            [162] => 0
            [163] => 0
            [164] => 0
            [165] => 0
            [166] => 0
            [167] => 180
            [168] => 0
            [169] => 0
            [170] => 0
            [171] => 0
            [172] => 0
            [173] => 0
            [174] => 0
            [175] => 0
            [176] => 0
            [177] => 0
            [178] => 120
            [179] => 0
            [180] => 0
            [181] => 0
            [182] => 0
            [183] => 0
            [184] => 0
            [185] => 0
            [186] => 0
            [187] => 0
            [188] => 40
            [189] => 0
            [190] => 0
            [191] => 0
            [192] => 0
            [193] => 0
            [194] => 0
            [195] => 0
            [196] => 0
            [197] => 0
            [198] => 20
            [199] => 0
            [200] => 0
            [201] => 0
            [202] => 0
            [203] => 0
            [204] => 0
            [205] => 0
            [206] => 0
            [207] => 40
            [208] => 0
            [209] => 0
            [210] => 0
            [211] => 0
            [212] => 0
            [213] => 0
            [214] => 0
            [215] => 0
            [216] => 0
            [217] => 0
            [218] => 120
            [219] => 0
            [220] => 0
            [221] => 0
            [222] => 0
            [223] => 0
            [224] => 0
            [225] => 0
            [226] => 0
            [227] => 80
            [228] => 0
            [229] => 0
            [230] => 0
            [231] => 0
            [232] => 0
            [233] => 0
            [234] => 0
            [235] => 0
            [236] => 0
            [237] => 80
            [238] => 0
            [239] => 0
            [240] => 0
            [241] => 0
            [242] => 0
            [243] => 0
            [244] => 0
            [245] => 0
            [246] => 0
            [247] => 0
            [248] => 0
            [249] => 60
            [250] => 0
            [251] => 0
            [252] => 0
            [253] => 0
            [254] => 0
            [255] => 0
            [256] => 0
            [257] => 40
            [258] => 0
            [259] => 0
        )

    [E] => 31154440
    [DELIVER] => Array
        (
            [0] => S10=>P12
            [1] => S8=>P13
            [2] => S9=>P14
            [3] => S10=>P15
            [4] => S8=>P16
            [5] => S9=>P17
            [6] => S9=>P18
            [7] => S9=>P19
            [8] => S8=>P20
            [9] => S9=>P21
            [10] => S8=>P22
            [11] => S8=>P23
            [12] => S10=>P24
            [13] => S8=>P25
        )

    [_raw_output] => 
<<< setup

0 0 -1 0 1 0,25 0,5 0,8 1 0 0 0 0  14
1 9 0 1500 1 0,25 0,5 0,8 1 0 8500 850 1500  14
2 4 1 150 1 0,25 0,5 0,8 1 0 4200 520 1500  14
3 8 1 310 1 0,25 0,5 0,8 1 0 6200 620 1500  14
4 5 1 130 3 0,25 0,5 0,8 1 0 3400 340 1500  14
5 2 1 100 2 0,25 0,5 0,8 1 0 2700 270 1500  14
6 8 2 95 3 0,25 0,5 0,8 1 0 2900 290 1500  14
7 3 2 90 2 0,25 0,5 0,8 1 0 3200 320 1500  14
8 6 2 85 1 0,25 0,5 0,8 1 0 1900 190 1500  14
9 5 3 88 2 0,25 0,5 0,8 1 0 1550 155 1500  14
10 9 3 83 3 0,25 0,5 0,8 1 0 1400 140 1500  14
11 2 4 77 2 0,25 0,5 0,8 1 0 1450 145 1500  14
12 1 4 73 3 0,25 0,5 0,8 1 0 1250 125 1500  14
13 3 5 67 8 0,25 0,5 0,5 1 0 1300 130 1500  14
14 1 5 71 6 0,25 0,5 0,5 1 0 1300 130 1500  14
15 9 5 75 2 0,25 0,5 0,5 1 0 1300 130 1500  14
16 9 6 69 9 0,25 0,5 0,5 1 0 2300 230 1500  14
17 3 6 63 6 0,25 0,5 0,5 1 0 2200 220 1500  14
18 7 7 60 2 0,25 0,5 0,5 1 0 2500 250 1500  14
19 2 8 61 1 0,25 0,5 0,5 1 0 1400 140 1500  14
20 9 8 65 2 0,25 0,5 0,5 1 0 1600 160 1500  14
21 2 9 59 6 0,25 0,5 0,5 1 0 1250 125 1500  14
22 6 9 56 4 0,25 0,5 0,5 1 0 1200 120 1500  14
23 3 9 64 4 0,25 0,5 0,5 1 0 1150 115 1500  14
24 6 10 50 3 0,25 0,5 0,5 1 0 1050 105 1500  14
25 7 11 54 2 0,25 0,5 0,5 1 0 1100 110 1500  14
Node nums: [0 1 2 3 4 5 6 7 8 9 10 11 12 13 14 15 16 17 18 19 20 21 22 23 24 25]
xx-Data uploaded-xx
	**** start init su array ...
0 [0 0 0 0 0 0 0 0 0 0]
1 [0 0 0 0 0 0 0 0 0 0]
2 [0 0 0 0 0 0 0 0 0 0]
3 [0 0 0 0 0 0 0 0 0 0]
4 [0 0 0 0 0 0 0 0 0 0]
5 [0 0 0 0 0 0 0 0 0 0]
6 [0 0 0 0 0 0 0 0 0 0]
7 [0 0 0 0 0 0 0 0 0 0]
8 [0 0 0 0 0 0 0 0 0 0]
9 [0 0 0 0 0 0 0 0 0 0]
10 [0 0 0 0 0 0 0 0 0 0]
11 [0 0 0 0 0 0 0 0 0 0]
12 [1 1 1 1 1 1 1 1 1 1]
13 [1 1 1 1 1 1 1 1 1 1]
14 [1 1 1 1 1 1 1 1 1 1]
15 [1 1 1 1 1 1 1 1 1 1]
16 [1 1 1 1 1 1 1 1 1 1]
17 [1 1 1 1 1 1 1 1 1 1]
18 [1 1 1 1 1 1 1 1 1 1]
19 [1 1 1 1 1 1 1 1 1 1]
20 [1 1 1 1 1 1 1 1 1 1]
21 [1 1 1 1 1 1 1 1 1 1]
22 [1 1 1 1 1 1 1 1 1 1]
23 [1 1 1 1 1 1 1 1 1 1]
24 [1 1 1 1 1 1 1 1 1 1]
25 [1 1 1 1 1 1 1 1 1 1]
	**** end init su array ...
1 2 1 700 80 0.85 0.92 0.8 (9)9
2 2 0.9 800 75 0.82 0.90 0.9 (9)9
3 1 1.1 680 90 0.88 0.95 0.5 (9)9
4 1 1 480 100 0.86 0.93 0.6 (9)9
5 5 0.6 550 40 0.72 0.78 1.5 (9)9
6 6 0.5 650 45 0.70 0.75 2.0 (9)9
7 7 0.5 1100 40 0.68 0.72 2.5 (9)9
8 5 0.3 700 30 0.65 0.70 1.8 (9)9
9 9 0.2 1700 15 0.60 0.65 3.5 (9)9
10 1 0.8 5800 40 0.80 0.88 0.7 (9)9

<<< generate

Version identifier: 20.1.0.0 | 2020-11-10 | 9bedb6d68
CPXPARAM_TimeLimit                               300
Tried aggregator 2 times.
MIP Presolve eliminated 4297 rows and 363 columns.
MIP Presolve modified 143 coefficients.
Aggregator did 16 substitutions.
Reduced MIP has 950 rows, 479 columns, and 2424 nonzeros.
Reduced MIP has 164 binaries, 315 generals, 0 SOSs, and 0 indicators.
Presolve time = 0,00 sec. (4,17 ticks)
Found incumbent of value 803858,000000 after 0,02 sec. (7,70 ticks)
Probing time = 0,00 sec. (0,35 ticks)
Cover probing fixed 0 vars, tightened 15 bounds.
Tried aggregator 1 time.
Detecting symmetries...
MIP Presolve eliminated 42 rows and 0 columns.
MIP Presolve modified 196 coefficients.
Reduced MIP has 908 rows, 479 columns, and 2340 nonzeros.
Reduced MIP has 164 binaries, 315 generals, 0 SOSs, and 0 indicators.
Presolve time = 0,00 sec. (1,64 ticks)
Probing time = 0,00 sec. (0,32 ticks)
MIP emphasis: balance optimality and feasibility.
MIP search method: dynamic search.
Parallel mode: deterministic, using up to 20 threads.
Root relaxation solution time = 0,00 sec. (2,32 ticks)

        Nodes                                         Cuts/
   Node  Left     Objective  IInf  Best Integer    Best Bound    ItCnt     Gap

*     0+    0                       803858,0000   -56109,0000           106,98%
*     0+    0                       799550,1000   -56109,0000           107,02%
*     0+    0                       795156,8000   -56109,0000           107,06%
*     0+    0                       790885,5000   -56109,0000           107,09%
      0     0   258089,2103    89   790885,5000   258089,2103      158   67,37%
      0     0   261215,1906   128   790885,5000      Cuts: 85      244   66,97%
      0     0   262093,5411   131   790885,5000      Cuts: 72      297   66,86%
      0     0   262163,5273   132   790885,5000      Cuts: 19      315   66,85%
      0     0   262164,4385   136   790885,5000       Cuts: 3      320   66,85%
      0     0   262166,3713   135   790885,5000    MIRcuts: 1      321   66,85%
Detecting symmetries...
*     0+    0                       316954,2000   262166,3713            17,29%
*     0+    0                       280592,6000   262166,3713             6,57%
*     0+    0                       279265,4000   262166,3713             6,12%
      0     0  -1,00000e+75     0   279265,4000   262166,3713      321    6,12%
Detecting symmetries...
      0     2   262166,3713   135   279265,4000   262166,3713      321    6,12%
Elapsed time = 0,14 sec. (62,61 ticks, tree = 0,02 MB, solutions = 7)
*    21+    3                       279248,6000   262465,8701             6,01%
*    58+    9                       276731,0000   264078,8438             4,57%
*  1203   572      integral     0   276503,4000   264609,3535     4442    4,30%
*  2515+  947                       276005,0000   265402,1294             3,84%
*  3008+ 1205                       273413,0000   266083,0746             2,68%

Implied bound cuts applied:  106
Mixed integer rounding cuts applied:  3
Zero-half cuts applied:  8
Lift and project cuts applied:  10
Gomory fractional cuts applied:  41

Root node processing (before b&c):
  Real time             =    0,14 sec. (62,33 ticks)
Parallel b&c, 20 threads:
  Real time             =    0,28 sec. (127,11 ticks)
  Sync time (average)   =    0,17 sec.
  Wait time (average)   =    0,00 sec.
                          ------------
Total (root+branch&cut) =    0,42 sec. (189,43 ticks)

<<< solve


OBJECTIVE: 273413
xxxx
#Result <fct_obj, tot_cst, tot_ldt, Emiss>: <2.7341e+5 2.7309e+5 319 3.1154e+7>#TS:273094#A:[0,9,26,24,7,12,22,19,20,16,16,2,2,8,10,10,14,12,16,11,14,11,11,8,7,12]#X:[0,1,1,1,1,1,0,0,0,0,0,0,0,0,0,0,0,0,0,0,0,0,0,0,0,1]#Z:[0,0,0,0,0,0,0,0,0,0,0,0,0,0,0,0,0,0,0,0,0,0,0,0,0,0,0,0,0,0,0,0,0,0,0,0,0,0,0,0,0,0,0,0,0,0,0,0,0,0,0,0,0,0,0,0,0,0,0,0,0,0,0,0,0,0,0,0,0,0,0,0,0,0,0,0,0,0,0,0,0,0,0,0,0,0,0,0,0,0,0,0,0,0,0,0,0,0,0,0,0,0,0,0,0,0,0,0,0,0,0,0,0,0,0,0,0,0,0,0,0,0,0,0,0,0,0,0,0,1,0,0,0,0,0,0,0,1,0,0,0,0,0,0,0,0,0,0,1,0,0,0,0,0,0,0,0,0,0,1,0,0,0,0,0,0,0,1,0,0,0,0,0,0,0,0,0,0,1,0,0,0,0,0,0,0,0,0,1,0,0,0,0,0,0,0,0,0,1,0,0,0,0,0,0,0,0,1,0,0,0,0,0,0,0,0,0,0,1,0,0,0,0,0,0,0,0,1,0,0,0,0,0,0,0,0,0,1,0,0,0,0,0,0,0,0,0,0,0,1,0,0,0,0,0,0,0,1,0,0]#Q:[0,0,0,0,0,0,0,0,0,0,0,0,0,0,0,0,0,0,0,0,0,0,0,0,0,0,0,0,0,0,0,0,0,0,0,0,0,0,0,0,0,0,0,0,0,0,0,0,0,0,0,0,0,0,0,0,0,0,0,0,0,0,0,0,0,0,0,0,0,0,0,0,0,0,0,0,0,0,0,0,0,0,0,0,0,0,0,0,0,0,0,0,0,0,0,0,0,0,0,0,0,0,0,0,0,0,0,0,0,0,0,0,0,0,0,0,0,0,0,0,0,0,0,0,0,0,0,0,0,60,0,0,0,0,0,0,0,160,0,0,0,0,0,0,0,0,0,0,120,0,0,0,0,0,0,0,0,0,0,40,0,0,0,0,0,0,0,180,0,0,0,0,0,0,0,0,0,0,120,0,0,0,0,0,0,0,0,0,40,0,0,0,0,0,0,0,0,0,20,0,0,0,0,0,0,0,0,40,0,0,0,0,0,0,0,0,0,0,120,0,0,0,0,0,0,0,0,80,0,0,0,0,0,0,0,0,0,80,0,0,0,0,0,0,0,0,0,0,0,60,0,0,0,0,0,0,0,40,0,0]#E: 31154440#DELIVER:
S10=>P12
S8=>P13
S9=>P14
S10=>P15
S8=>P16
S9=>P17
S9=>P18
S9=>P19
S8=>P20
S9=>P21
S8=>P22
S8=>P23
S10=>P24
S8=>P25
xxxx

<<< post process


<<< done


)
