Array
(
    [CplexRunTime] => Total (root+branch&cut) =    0,13 sec
    [status] => OPTIMAL
    [termination_reason] => OPTIMAL
    [mip_gap] => 0
    [Result] => Array
        (
            [Objective] => 3377400
            [TotalCost] => 3375900
            [LeadTime] => 1453
            [Emissions] => 2590800000
        )

    [TS] => 3375920
    [A] => Array
        (
            [0] => 0
            [1] => 2
            [2] => 50
            [3] => 41
            [4] => 25
            [5] => 23
            [6] => 29
            [7] => 22
            [8] => 45
            [9] => 34
            [10] => 17
            [11] => 15
            [12] => 19
            [13] => 18
            [14] => 19
            [15] => 11
            [16] => 25
            [17] => 15
            [18] => 19
            [19] => 12
            [20] => 42
            [21] => 16
            [22] => 26
            [23] => 31
            [24] => 13
            [25] => 12
            [26] => 12
            [27] => 14
            [28] => 13
            [29] => 12
            [30] => 15
            [31] => 14
            [32] => 21
            [33] => 16
            [34] => 12
            [35] => 37
            [36] => 14
            [37] => 20
            [38] => 18
            [39] => 28
            [40] => 17
            [41] => 9
            [42] => 7
            [43] => 12
            [44] => 13
            [45] => 12
            [46] => 17
            [47] => 12
            [48] => 13
            [49] => 11
            [50] => 35
            [51] => 15
            [52] => 16
            [53] => 10
            [54] => 13
            [55] => 12
            [56] => 15
            [57] => 11
            [58] => 10
            [59] => 23
            [60] => 11
            [61] => 12
            [62] => 16
            [63] => 10
            [64] => 16
            [65] => 17
            [66] => 17
            [67] => 32
            [68] => 14
            [69] => 19
            [70] => 11
            [71] => 12
            [72] => 14
            [73] => 17
            [74] => 28
            [75] => 11
            [76] => 16
            [77] => 12
            [78] => 15
            [79] => 24
            [80] => 19
        )

    [X] => Array
        (
            [0] => 0
            [1] => 1
            [2] => 1
            [3] => 1
            [4] => 1
            [5] => 1
            [6] => 0
            [7] => 0
            [8] => 0
            [9] => 0
            [10] => 0
            [11] => 0
            [12] => 0
            [13] => 0
            [14] => 0
            [15] => 0
            [16] => 0
            [17] => 0
            [18] => 0
            [19] => 0
            [20] => 0
            [21] => 0
            [22] => 0
            [23] => 0
            [24] => 0
            [25] => 0
            [26] => 0
            [27] => 0
            [28] => 0
            [29] => 0
            [30] => 0
            [31] => 0
            [32] => 0
            [33] => 0
            [34] => 0
            [35] => 0
            [36] => 0
            [37] => 0
            [38] => 0
            [39] => 0
            [40] => 0
            [41] => 0
            [42] => 0
            [43] => 0
            [44] => 0
            [45] => 0
            [46] => 0
            [47] => 0
            [48] => 0
            [49] => 0
            [50] => 0
            [51] => 0
            [52] => 0
            [53] => 0
            [54] => 0
            [55] => 0
            [56] => 0
            [57] => 0
            [58] => 0
            [59] => 0
            [60] => 0
            [61] => 0
            [62] => 0
            [63] => 0
            [64] => 0
            [65] => 0
            [66] => 0
            [67] => 0
            [68] => 0
            [69] => 0
            [70] => 0
            [71] => 0
            [72] => 0
            [73] => 0
            [74] => 0
            [75] => 0
            [76] => 0
            [77] => 0
            [78] => 0
            [79] => 0
            [80] => 0
        )

    [Z] => Array
        (
            [0] => 0
            [1] => 0
            [2] => 0
            [3] => 0
            [4] => 0
            [5] => 0
            [6] => 0
            [7] => 0
            [8] => 0
            [9] => 0
            [10] => 0
            [11] => 0
            [12] => 0
            [13] => 0
            [14] => 0
            [15] => 0
            [16] => 0
            [17] => 0
            [18] => 0
            [19] => 0
            [20] => 0
            [21] => 0
            [22] => 0
            [23] => 0
            [24] => 0
            [25] => 0
            [26] => 0
            [27] => 0
            [28] => 0
            [29] => 0
            [30] => 0
            [31] => 0
            [32] => 0
            [33] => 0
            [34] => 0
            [35] => 0
            [36] => 0
            [37] => 0
            [38] => 0
            [39] => 0
            [40] => 0
            [41] => 0
            [42] => 0
            [43] => 0
            [44] => 0
            [45] => 0
            [46] => 0
            [47] => 0
            [48] => 0
            [49] => 0
            [50] => 0
            [51] => 0
            [52] => 0
            [53] => 0
            [54] => 0
            [55] => 0
            [56] => 0
            [57] => 0
            [58] => 0
            [59] => 0
            [60] => 0
            [61] => 0
            [62] => 0
            [63] => 0
            [64] => 0
            [65] => 0
            [66] => 0
            [67] => 0
            [68] => 0
            [69] => 0
            [70] => 0
            [71] => 0
            [72] => 0
            [73] => 0
            [74] => 0
            [75] => 0
            [76] => 0
            [77] => 0
            [78] => 0
            [79] => 0
            [80] => 0
            [81] => 0
            [82] => 0
            [83] => 0
            [84] => 0
            [85] => 0
            [86] => 0
            [87] => 0
            [88] => 0
            [89] => 0
            [90] => 0
            [91] => 0
            [92] => 0
            [93] => 0
            [94] => 0
            [95] => 0
            [96] => 0
            [97] => 0
            [98] => 0
            [99] => 0
            [100] => 0
            [101] => 0
            [102] => 0
            [103] => 0
            [104] => 0
            [105] => 0
            [106] => 0
            [107] => 0
            [108] => 0
            [109] => 0
            [110] => 0
            [111] => 0
            [112] => 0
            [113] => 0
            [114] => 0
            [115] => 0
            [116] => 0
            [117] => 0
            [118] => 0
            [119] => 0
            [120] => 0
            [121] => 0
            [122] => 0
            [123] => 0
            [124] => 0
            [125] => 0
            [126] => 0
            [127] => 0
            [128] => 0
            [129] => 0
            [130] => 0
            [131] => 0
            [132] => 0
            [133] => 0
            [134] => 0
            [135] => 0
            [136] => 0
            [137] => 0
            [138] => 0
            [139] => 0
            [140] => 0
            [141] => 0
            [142] => 0
            [143] => 0
            [144] => 0
            [145] => 0
            [146] => 0
            [147] => 0
            [148] => 0
            [149] => 0
            [150] => 0
            [151] => 0
            [152] => 0
            [153] => 0
            [154] => 0
            [155] => 0
            [156] => 0
            [157] => 0
            [158] => 1
            [159] => 0
            [160] => 0
            [161] => 0
            [162] => 0
            [163] => 0
            [164] => 0
            [165] => 0
            [166] => 0
            [167] => 0
            [168] => 0
            [169] => 0
            [170] => 0
            [171] => 0
            [172] => 0
            [173] => 0
            [174] => 0
            [175] => 0
            [176] => 0
            [177] => 0
            [178] => 1
            [179] => 0
            [180] => 0
            [181] => 0
            [182] => 0
            [183] => 0
            [184] => 0
            [185] => 0
            [186] => 0
            [187] => 0
            [188] => 0
            [189] => 0
            [190] => 0
            [191] => 0
            [192] => 0
            [193] => 0
            [194] => 0
            [195] => 0
            [196] => 0
            [197] => 0
            [198] => 1
            [199] => 0
            [200] => 0
            [201] => 0
            [202] => 0
            [203] => 0
            [204] => 0
            [205] => 0
            [206] => 0
            [207] => 0
            [208] => 0
            [209] => 0
            [210] => 0
            [211] => 0
            [212] => 0
            [213] => 0
            [214] => 0
            [215] => 0
            [216] => 0
            [217] => 0
            [218] => 1
            [219] => 0
            [220] => 0
            [221] => 0
            [222] => 0
            [223] => 0
            [224] => 0
            [225] => 0
            [226] => 0
            [227] => 0
            [228] => 0
            [229] => 0
            [230] => 0
            [231] => 0
            [232] => 0
            [233] => 0
            [234] => 0
            [235] => 0
            [236] => 0
            [237] => 0
            [238] => 0
            [239] => 0
            [240] => 0
            [241] => 0
            [242] => 0
            [243] => 0
            [244] => 0
            [245] => 0
            [246] => 0
            [247] => 0
            [248] => 1
            [249] => 0
            [250] => 0
            [251] => 0
            [252] => 0
            [253] => 0
            [254] => 0
            [255] => 0
            [256] => 0
            [257] => 0
            [258] => 1
            [259] => 0
            [260] => 0
            [261] => 0
            [262] => 0
            [263] => 0
            [264] => 0
            [265] => 0
            [266] => 0
            [267] => 0
            [268] => 1
            [269] => 0
            [270] => 0
            [271] => 0
            [272] => 0
            [273] => 0
            [274] => 0
            [275] => 0
            [276] => 0
            [277] => 0
            [278] => 0
            [279] => 0
            [280] => 0
            [281] => 0
            [282] => 0
            [283] => 0
            [284] => 0
            [285] => 0
            [286] => 0
            [287] => 0
            [288] => 1
            [289] => 0
            [290] => 0
            [291] => 0
            [292] => 0
            [293] => 0
            [294] => 0
            [295] => 0
            [296] => 0
            [297] => 0
            [298] => 1
            [299] => 0
            [300] => 0
            [301] => 0
            [302] => 0
            [303] => 0
            [304] => 0
            [305] => 0
            [306] => 0
            [307] => 0
            [308] => 0
            [309] => 0
            [310] => 0
            [311] => 0
            [312] => 0
            [313] => 0
            [314] => 0
            [315] => 0
            [316] => 0
            [317] => 0
            [318] => 1
            [319] => 0
            [320] => 0
            [321] => 0
            [322] => 0
            [323] => 0
            [324] => 0
            [325] => 0
            [326] => 0
            [327] => 0
            [328] => 0
            [329] => 0
            [330] => 0
            [331] => 0
            [332] => 0
            [333] => 0
            [334] => 0
            [335] => 0
            [336] => 0
            [337] => 0
            [338] => 0
            [339] => 0
            [340] => 0
            [341] => 0
            [342] => 0
            [343] => 0
            [344] => 0
            [345] => 0
            [346] => 0
            [347] => 0
            [348] => 1
            [349] => 0
            [350] => 0
            [351] => 0
            [352] => 0
            [353] => 0
            [354] => 0
            [355] => 0
            [356] => 0
            [357] => 0
            [358] => 0
            [359] => 0
            [360] => 0
            [361] => 0
            [362] => 0
            [363] => 0
            [364] => 0
            [365] => 0
            [366] => 0
            [367] => 0
            [368] => 1
            [369] => 0
            [370] => 0
            [371] => 0
            [372] => 0
            [373] => 0
            [374] => 0
            [375] => 0
            [376] => 0
            [377] => 0
            [378] => 0
            [379] => 0
            [380] => 0
            [381] => 0
            [382] => 0
            [383] => 0
            [384] => 0
            [385] => 0
            [386] => 0
            [387] => 0
            [388] => 0
            [389] => 0
            [390] => 0
            [391] => 0
            [392] => 0
            [393] => 0
            [394] => 0
            [395] => 0
            [396] => 0
            [397] => 0
            [398] => 0
            [399] => 0
            [400] => 0
            [401] => 0
            [402] => 0
            [403] => 0
            [404] => 0
            [405] => 0
            [406] => 0
            [407] => 0
            [408] => 0
            [409] => 0
            [410] => 0
            [411] => 0
            [412] => 0
            [413] => 0
            [414] => 0
            [415] => 0
            [416] => 0
            [417] => 1
            [418] => 0
            [419] => 0
            [420] => 0
            [421] => 0
            [422] => 0
            [423] => 0
            [424] => 0
            [425] => 0
            [426] => 0
            [427] => 1
            [428] => 0
            [429] => 0
            [430] => 0
            [431] => 0
            [432] => 0
            [433] => 0
            [434] => 0
            [435] => 1
            [436] => 0
            [437] => 1
            [438] => 0
            [439] => 0
            [440] => 0
            [441] => 0
            [442] => 0
            [443] => 0
            [444] => 0
            [445] => 0
            [446] => 0
            [447] => 0
            [448] => 1
            [449] => 0
            [450] => 0
            [451] => 0
            [452] => 0
            [453] => 0
            [454] => 0
            [455] => 0
            [456] => 0
            [457] => 0
            [458] => 1
            [459] => 0
            [460] => 0
            [461] => 0
            [462] => 0
            [463] => 0
            [464] => 0
            [465] => 0
            [466] => 0
            [467] => 0
            [468] => 0
            [469] => 0
            [470] => 0
            [471] => 0
            [472] => 0
            [473] => 0
            [474] => 0
            [475] => 0
            [476] => 0
            [477] => 0
            [478] => 1
            [479] => 0
            [480] => 0
            [481] => 0
            [482] => 0
            [483] => 0
            [484] => 0
            [485] => 0
            [486] => 0
            [487] => 0
            [488] => 1
            [489] => 0
            [490] => 0
            [491] => 0
            [492] => 0
            [493] => 0
            [494] => 0
            [495] => 0
            [496] => 0
            [497] => 0
            [498] => 1
            [499] => 0
            [500] => 0
            [501] => 0
            [502] => 0
            [503] => 0
            [504] => 0
            [505] => 0
            [506] => 0
            [507] => 0
            [508] => 0
            [509] => 0
            [510] => 0
            [511] => 0
            [512] => 0
            [513] => 0
            [514] => 0
            [515] => 0
            [516] => 0
            [517] => 0
            [518] => 1
            [519] => 0
            [520] => 0
            [521] => 0
            [522] => 0
            [523] => 0
            [524] => 0
            [525] => 0
            [526] => 0
            [527] => 0
            [528] => 0
            [529] => 0
            [530] => 0
            [531] => 0
            [532] => 0
            [533] => 0
            [534] => 0
            [535] => 0
            [536] => 0
            [537] => 0
            [538] => 1
            [539] => 0
            [540] => 0
            [541] => 0
            [542] => 0
            [543] => 0
            [544] => 0
            [545] => 0
            [546] => 0
            [547] => 0
            [548] => 1
            [549] => 0
            [550] => 0
            [551] => 0
            [552] => 0
            [553] => 0
            [554] => 0
            [555] => 0
            [556] => 0
            [557] => 0
            [558] => 1
            [559] => 0
            [560] => 0
            [561] => 0
            [562] => 0
            [563] => 0
            [564] => 0
            [565] => 0
            [566] => 0
            [567] => 0
            [568] => 1
            [569] => 0
            [570] => 0
            [571] => 0
            [572] => 0
            [573] => 0
            [574] => 0
            [575] => 0
            [576] => 0
            [577] => 0
            [578] => 1
            [579] => 0
            [580] => 0
            [581] => 0
            [582] => 0
            [583] => 0
            [584] => 0
            [585] => 0
            [586] => 0
            [587] => 0
            [588] => 1
            [589] => 0
            [590] => 0
            [591] => 0
            [592] => 0
            [593] => 0
            [594] => 0
            [595] => 0
            [596] => 0
            [597] => 0
            [598] => 0
            [599] => 0
            [600] => 0
            [601] => 0
            [602] => 0
            [603] => 0
            [604] => 0
            [605] => 0
            [606] => 0
            [607] => 0
            [608] => 1
            [609] => 0
            [610] => 0
            [611] => 0
            [612] => 0
            [613] => 0
            [614] => 0
            [615] => 0
            [616] => 0
            [617] => 0
            [618] => 1
            [619] => 0
            [620] => 0
            [621] => 0
            [622] => 0
            [623] => 0
            [624] => 0
            [625] => 0
            [626] => 0
            [627] => 0
            [628] => 0
            [629] => 0
            [630] => 0
            [631] => 0
            [632] => 0
            [633] => 0
            [634] => 0
            [635] => 0
            [636] => 0
            [637] => 0
            [638] => 1
            [639] => 0
            [640] => 0
            [641] => 0
            [642] => 0
            [643] => 0
            [644] => 0
            [645] => 0
            [646] => 0
            [647] => 0
            [648] => 0
            [649] => 0
            [650] => 0
            [651] => 0
            [652] => 0
            [653] => 0
            [654] => 0
            [655] => 0
            [656] => 0
            [657] => 0
            [658] => 1
            [659] => 0
            [660] => 0
            [661] => 0
            [662] => 0
            [663] => 0
            [664] => 0
            [665] => 0
            [666] => 0
            [667] => 0
            [668] => 0
            [669] => 0
            [670] => 0
            [671] => 0
            [672] => 0
            [673] => 0
            [674] => 0
            [675] => 0
            [676] => 0
            [677] => 0
            [678] => 0
            [679] => 0
            [680] => 0
            [681] => 0
            [682] => 0
            [683] => 0
            [684] => 0
            [685] => 1
            [686] => 1
            [687] => 1
            [688] => 1
            [689] => 0
            [690] => 0
            [691] => 0
            [692] => 0
            [693] => 0
            [694] => 0
            [695] => 0
            [696] => 0
            [697] => 0
            [698] => 0
            [699] => 0
            [700] => 0
            [701] => 0
            [702] => 0
            [703] => 0
            [704] => 0
            [705] => 0
            [706] => 0
            [707] => 0
            [708] => 1
            [709] => 0
            [710] => 0
            [711] => 0
            [712] => 0
            [713] => 0
            [714] => 0
            [715] => 0
            [716] => 0
            [717] => 1
            [718] => 1
            [719] => 0
            [720] => 0
            [721] => 0
            [722] => 0
            [723] => 0
            [724] => 0
            [725] => 0
            [726] => 0
            [727] => 0
            [728] => 1
            [729] => 0
            [730] => 0
            [731] => 0
            [732] => 0
            [733] => 0
            [734] => 0
            [735] => 0
            [736] => 0
            [737] => 0
            [738] => 0
            [739] => 0
            [740] => 0
            [741] => 0
            [742] => 0
            [743] => 0
            [744] => 0
            [745] => 0
            [746] => 0
            [747] => 0
            [748] => 0
            [749] => 0
            [750] => 0
            [751] => 0
            [752] => 0
            [753] => 0
            [754] => 0
            [755] => 1
            [756] => 1
            [757] => 1
            [758] => 1
            [759] => 0
            [760] => 0
            [761] => 0
            [762] => 0
            [763] => 0
            [764] => 1
            [765] => 1
            [766] => 1
            [767] => 1
            [768] => 1
            [769] => 1
            [770] => 1
            [771] => 1
            [772] => 0
            [773] => 0
            [774] => 1
            [775] => 1
            [776] => 1
            [777] => 1
            [778] => 1
            [779] => 1
            [780] => 0
            [781] => 0
            [782] => 0
            [783] => 0
            [784] => 1
            [785] => 1
            [786] => 1
            [787] => 1
            [788] => 1
            [789] => 1
            [790] => 0
            [791] => 0
            [792] => 0
            [793] => 0
            [794] => 0
            [795] => 0
            [796] => 0
            [797] => 0
            [798] => 0
            [799] => 0
            [800] => 1
            [801] => 1
            [802] => 0
            [803] => 0
            [804] => 1
            [805] => 1
            [806] => 1
            [807] => 1
            [808] => 1
            [809] => 1
        )

    [Q] => Array
        (
            [0] => 0
            [1] => 0
            [2] => 0
            [3] => 0
            [4] => 0
            [5] => 0
            [6] => 0
            [7] => 0
            [8] => 0
            [9] => 0
            [10] => 0
            [11] => 0
            [12] => 0
            [13] => 0
            [14] => 0
            [15] => 0
            [16] => 0
            [17] => 0
            [18] => 0
            [19] => 0
            [20] => 0
            [21] => 0
            [22] => 0
            [23] => 0
            [24] => 0
            [25] => 0
            [26] => 0
            [27] => 0
            [28] => 0
            [29] => 0
            [30] => 0
            [31] => 0
            [32] => 0
            [33] => 0
            [34] => 0
            [35] => 0
            [36] => 0
            [37] => 0
            [38] => 0
            [39] => 0
            [40] => 0
            [41] => 0
            [42] => 0
            [43] => 0
            [44] => 0
            [45] => 0
            [46] => 0
            [47] => 0
            [48] => 0
            [49] => 0
            [50] => 0
            [51] => 0
            [52] => 0
            [53] => 0
            [54] => 0
            [55] => 0
            [56] => 0
            [57] => 0
            [58] => 0
            [59] => 0
            [60] => 0
            [61] => 0
            [62] => 0
            [63] => 0
            [64] => 0
            [65] => 0
            [66] => 0
            [67] => 0
            [68] => 0
            [69] => 0
            [70] => 0
            [71] => 0
            [72] => 0
            [73] => 0
            [74] => 0
            [75] => 0
            [76] => 0
            [77] => 0
            [78] => 0
            [79] => 0
            [80] => 0
            [81] => 0
            [82] => 0
            [83] => 0
            [84] => 0
            [85] => 0
            [86] => 0
            [87] => 0
            [88] => 0
            [89] => 0
            [90] => 0
            [91] => 0
            [92] => 0
            [93] => 0
            [94] => 0
            [95] => 0
            [96] => 0
            [97] => 0
            [98] => 0
            [99] => 0
            [100] => 0
            [101] => 0
            [102] => 0
            [103] => 0
            [104] => 0
            [105] => 0
            [106] => 0
            [107] => 0
            [108] => 0
            [109] => 0
            [110] => 0
            [111] => 0
            [112] => 0
            [113] => 0
            [114] => 0
            [115] => 0
            [116] => 0
            [117] => 0
            [118] => 0
            [119] => 0
            [120] => 0
            [121] => 0
            [122] => 0
            [123] => 0
            [124] => 0
            [125] => 0
            [126] => 0
            [127] => 0
            [128] => 0
            [129] => 0
            [130] => 0
            [131] => 0
            [132] => 0
            [133] => 0
            [134] => 0
            [135] => 0
            [136] => 0
            [137] => 0
            [138] => 0
            [139] => 0
            [140] => 0
            [141] => 0
            [142] => 0
            [143] => 0
            [144] => 0
            [145] => 0
            [146] => 0
            [147] => 0
            [148] => 0
            [149] => 0
            [150] => 0
            [151] => 0
            [152] => 0
            [153] => 0
            [154] => 0
            [155] => 0
            [156] => 0
            [157] => 0
            [158] => 40
            [159] => 0
            [160] => 0
            [161] => 0
            [162] => 0
            [163] => 0
            [164] => 0
            [165] => 0
            [166] => 0
            [167] => 0
            [168] => 0
            [169] => 0
            [170] => 0
            [171] => 0
            [172] => 0
            [173] => 0
            [174] => 0
            [175] => 0
            [176] => 0
            [177] => 0
            [178] => 120
            [179] => 0
            [180] => 0
            [181] => 0
            [182] => 0
            [183] => 0
            [184] => 0
            [185] => 0
            [186] => 0
            [187] => 0
            [188] => 0
            [189] => 0
            [190] => 0
            [191] => 0
            [192] => 0
            [193] => 0
            [194] => 0
            [195] => 0
            [196] => 0
            [197] => 0
            [198] => 20
            [199] => 0
            [200] => 0
            [201] => 0
            [202] => 0
            [203] => 0
            [204] => 0
            [205] => 0
            [206] => 0
            [207] => 0
            [208] => 0
            [209] => 0
            [210] => 0
            [211] => 0
            [212] => 0
            [213] => 0
            [214] => 0
            [215] => 0
            [216] => 0
            [217] => 0
            [218] => 120
            [219] => 0
            [220] => 0
            [221] => 0
            [222] => 0
            [223] => 0
            [224] => 0
            [225] => 0
            [226] => 0
            [227] => 0
            [228] => 0
            [229] => 0
            [230] => 0
            [231] => 0
            [232] => 0
            [233] => 0
            [234] => 0
            [235] => 0
            [236] => 0
            [237] => 0
            [238] => 0
            [239] => 0
            [240] => 0
            [241] => 0
            [242] => 0
            [243] => 0
            [244] => 0
            [245] => 0
            [246] => 0
            [247] => 0
            [248] => 60
            [249] => 0
            [250] => 0
            [251] => 0
            [252] => 0
            [253] => 0
            [254] => 0
            [255] => 0
            [256] => 0
            [257] => 0
            [258] => 40
            [259] => 0
            [260] => 0
            [261] => 0
            [262] => 0
            [263] => 0
            [264] => 0
            [265] => 0
            [266] => 0
            [267] => 0
            [268] => 60
            [269] => 0
            [270] => 0
            [271] => 0
            [272] => 0
            [273] => 0
            [274] => 0
            [275] => 0
            [276] => 0
            [277] => 0
            [278] => 0
            [279] => 0
            [280] => 0
            [281] => 0
            [282] => 0
            [283] => 0
            [284] => 0
            [285] => 0
            [286] => 0
            [287] => 0
            [288] => 320
            [289] => 0
            [290] => 0
            [291] => 0
            [292] => 0
            [293] => 0
            [294] => 0
            [295] => 0
            [296] => 0
            [297] => 0
            [298] => 120
            [299] => 0
            [300] => 0
            [301] => 0
            [302] => 0
            [303] => 0
            [304] => 0
            [305] => 0
            [306] => 0
            [307] => 0
            [308] => 0
            [309] => 0
            [310] => 0
            [311] => 0
            [312] => 0
            [313] => 0
            [314] => 0
            [315] => 0
            [316] => 0
            [317] => 0
            [318] => 180
            [319] => 0
            [320] => 0
            [321] => 0
            [322] => 0
            [323] => 0
            [324] => 0
            [325] => 0
            [326] => 0
            [327] => 0
            [328] => 0
            [329] => 0
            [330] => 0
            [331] => 0
            [332] => 0
            [333] => 0
            [334] => 0
            [335] => 0
            [336] => 0
            [337] => 0
            [338] => 0
            [339] => 0
            [340] => 0
            [341] => 0
            [342] => 0
            [343] => 0
            [344] => 0
            [345] => 0
            [346] => 0
            [347] => 0
            [348] => 80
            [349] => 0
            [350] => 0
            [351] => 0
            [352] => 0
            [353] => 0
            [354] => 0
            [355] => 0
            [356] => 0
            [357] => 0
            [358] => 0
            [359] => 0
            [360] => 0
            [361] => 0
            [362] => 0
            [363] => 0
            [364] => 0
            [365] => 0
            [366] => 0
            [367] => 0
            [368] => 80
            [369] => 0
            [370] => 0
            [371] => 0
            [372] => 0
            [373] => 0
            [374] => 0
            [375] => 0
            [376] => 0
            [377] => 0
            [378] => 0
            [379] => 0
            [380] => 0
            [381] => 0
            [382] => 0
            [383] => 0
            [384] => 0
            [385] => 0
            [386] => 0
            [387] => 0
            [388] => 0
            [389] => 0
            [390] => 0
            [391] => 0
            [392] => 0
            [393] => 0
            [394] => 0
            [395] => 0
            [396] => 0
            [397] => 0
            [398] => 0
            [399] => 0
            [400] => 0
            [401] => 0
            [402] => 0
            [403] => 0
            [404] => 0
            [405] => 0
            [406] => 0
            [407] => 0
            [408] => 0
            [409] => 0
            [410] => 0
            [411] => 0
            [412] => 0
            [413] => 0
            [414] => 0
            [415] => 0
            [416] => 0
            [417] => 240
            [418] => 0
            [419] => 0
            [420] => 0
            [421] => 0
            [422] => 0
            [423] => 0
            [424] => 0
            [425] => 0
            [426] => 0
            [427] => 240
            [428] => 0
            [429] => 0
            [430] => 0
            [431] => 0
            [432] => 0
            [433] => 0
            [434] => 0
            [435] => 20
            [436] => 0
            [437] => 700
            [438] => 0
            [439] => 0
            [440] => 0
            [441] => 0
            [442] => 0
            [443] => 0
            [444] => 0
            [445] => 0
            [446] => 0
            [447] => 0
            [448] => 1080
            [449] => 0
            [450] => 0
            [451] => 0
            [452] => 0
            [453] => 0
            [454] => 0
            [455] => 0
            [456] => 0
            [457] => 0
            [458] => 180
            [459] => 0
            [460] => 0
            [461] => 0
            [462] => 0
            [463] => 0
            [464] => 0
            [465] => 0
            [466] => 0
            [467] => 0
            [468] => 0
            [469] => 0
            [470] => 0
            [471] => 0
            [472] => 0
            [473] => 0
            [474] => 0
            [475] => 0
            [476] => 0
            [477] => 0
            [478] => 540
            [479] => 0
            [480] => 0
            [481] => 0
            [482] => 0
            [483] => 0
            [484] => 0
            [485] => 0
            [486] => 0
            [487] => 0
            [488] => 240
            [489] => 0
            [490] => 0
            [491] => 0
            [492] => 0
            [493] => 0
            [494] => 0
            [495] => 0
            [496] => 0
            [497] => 0
            [498] => 480
            [499] => 0
            [500] => 0
            [501] => 0
            [502] => 0
            [503] => 0
            [504] => 0
            [505] => 0
            [506] => 0
            [507] => 0
            [508] => 0
            [509] => 0
            [510] => 0
            [511] => 0
            [512] => 0
            [513] => 0
            [514] => 0
            [515] => 0
            [516] => 0
            [517] => 0
            [518] => 240
            [519] => 0
            [520] => 0
            [521] => 0
            [522] => 0
            [523] => 0
            [524] => 0
            [525] => 0
            [526] => 0
            [527] => 0
            [528] => 0
            [529] => 0
            [530] => 0
            [531] => 0
            [532] => 0
            [533] => 0
            [534] => 0
            [535] => 0
            [536] => 0
            [537] => 0
            [538] => 1200
            [539] => 0
            [540] => 0
            [541] => 0
            [542] => 0
            [543] => 0
            [544] => 0
            [545] => 0
            [546] => 0
            [547] => 0
            [548] => 480
            [549] => 0
            [550] => 0
            [551] => 0
            [552] => 0
            [553] => 0
            [554] => 0
            [555] => 0
            [556] => 0
            [557] => 0
            [558] => 240
            [559] => 0
            [560] => 0
            [561] => 0
            [562] => 0
            [563] => 0
            [564] => 0
            [565] => 0
            [566] => 0
            [567] => 0
            [568] => 320
            [569] => 0
            [570] => 0
            [571] => 0
            [572] => 0
            [573] => 0
            [574] => 0
            [575] => 0
            [576] => 0
            [577] => 0
            [578] => 400
            [579] => 0
            [580] => 0
            [581] => 0
            [582] => 0
            [583] => 0
            [584] => 0
            [585] => 0
            [586] => 0
            [587] => 0
            [588] => 160
            [589] => 0
            [590] => 0
            [591] => 0
            [592] => 0
            [593] => 0
            [594] => 0
            [595] => 0
            [596] => 0
            [597] => 0
            [598] => 0
            [599] => 0
            [600] => 0
            [601] => 0
            [602] => 0
            [603] => 0
            [604] => 0
            [605] => 0
            [606] => 0
            [607] => 0
            [608] => 320
            [609] => 0
            [610] => 0
            [611] => 0
            [612] => 0
            [613] => 0
            [614] => 0
            [615] => 0
            [616] => 0
            [617] => 0
            [618] => 1200
            [619] => 0
            [620] => 0
            [621] => 0
            [622] => 0
            [623] => 0
            [624] => 0
            [625] => 0
            [626] => 0
            [627] => 0
            [628] => 0
            [629] => 0
            [630] => 0
            [631] => 0
            [632] => 0
            [633] => 0
            [634] => 0
            [635] => 0
            [636] => 0
            [637] => 0
            [638] => 540
            [639] => 0
            [640] => 0
            [641] => 0
            [642] => 0
            [643] => 0
            [644] => 0
            [645] => 0
            [646] => 0
            [647] => 0
            [648] => 0
            [649] => 0
            [650] => 0
            [651] => 0
            [652] => 0
            [653] => 0
            [654] => 0
            [655] => 0
            [656] => 0
            [657] => 0
            [658] => 800
            [659] => 0
            [660] => 0
            [661] => 0
            [662] => 0
            [663] => 0
            [664] => 0
            [665] => 0
            [666] => 0
            [667] => 0
            [668] => 0
            [669] => 0
            [670] => 0
            [671] => 0
            [672] => 0
            [673] => 0
            [674] => 0
            [675] => 0
            [676] => 0
            [677] => 0
            [678] => 0
            [679] => 0
            [680] => 0
            [681] => 0
            [682] => 0
            [683] => 0
            [684] => 0
            [685] => 340
            [686] => 1100
            [687] => 700
            [688] => 1700
            [689] => 0
            [690] => 0
            [691] => 0
            [692] => 0
            [693] => 0
            [694] => 0
            [695] => 0
            [696] => 0
            [697] => 0
            [698] => 0
            [699] => 0
            [700] => 0
            [701] => 0
            [702] => 0
            [703] => 0
            [704] => 0
            [705] => 0
            [706] => 0
            [707] => 0
            [708] => 960
            [709] => 0
            [710] => 0
            [711] => 0
            [712] => 0
            [713] => 0
            [714] => 0
            [715] => 0
            [716] => 0
            [717] => 460
            [718] => 1700
            [719] => 0
            [720] => 0
            [721] => 0
            [722] => 0
            [723] => 0
            [724] => 0
            [725] => 0
            [726] => 0
            [727] => 0
            [728] => 1280
            [729] => 0
            [730] => 0
            [731] => 0
            [732] => 0
            [733] => 0
            [734] => 0
            [735] => 0
            [736] => 0
            [737] => 0
            [738] => 0
            [739] => 0
            [740] => 0
            [741] => 0
            [742] => 0
            [743] => 0
            [744] => 0
            [745] => 0
            [746] => 0
            [747] => 0
            [748] => 0
            [749] => 0
            [750] => 0
            [751] => 0
            [752] => 0
            [753] => 0
            [754] => 0
            [755] => 100
            [756] => 1100
            [757] => 700
            [758] => 1700
            [759] => 0
            [760] => 0
            [761] => 0
            [762] => 0
            [763] => 0
            [764] => 550
            [765] => 650
            [766] => 1100
            [767] => 700
            [768] => 1700
            [769] => 100
            [770] => 700
            [771] => 800
            [772] => 0
            [773] => 0
            [774] => 550
            [775] => 650
            [776] => 1100
            [777] => 700
            [778] => 1700
            [779] => 5800
            [780] => 0
            [781] => 0
            [782] => 0
            [783] => 0
            [784] => 550
            [785] => 650
            [786] => 1100
            [787] => 700
            [788] => 1700
            [789] => 100
            [790] => 0
            [791] => 0
            [792] => 0
            [793] => 0
            [794] => 0
            [795] => 0
            [796] => 0
            [797] => 0
            [798] => 0
            [799] => 0
            [800] => 220
            [801] => 800
            [802] => 0
            [803] => 0
            [804] => 550
            [805] => 650
            [806] => 1100
            [807] => 700
            [808] => 1700
            [809] => 5800
        )

    [E] => 2590837935.4
    [DELIVER] => Array
        (
            [0] => S9=>P15
            [1] => S9=>P17
            [2] => S9=>P19
            [3] => S9=>P21
            [4] => S9=>P24
            [5] => S9=>P25
            [6] => S9=>P26
            [7] => S9=>P28
            [8] => S9=>P29
            [9] => S9=>P31
            [10] => S9=>P34
            [11] => S9=>P36
            [12] => S8=>P41
            [13] => S8=>P42
            [14] => S6=>P43
            [15] => S8=>P43
            [16] => S9=>P44
            [17] => S9=>P45
            [18] => S9=>P47
            [19] => S9=>P48
            [20] => S9=>P49
            [21] => S9=>P51
            [22] => S9=>P53
            [23] => S9=>P54
            [24] => S9=>P55
            [25] => S9=>P56
            [26] => S9=>P57
            [27] => S9=>P58
            [28] => S9=>P60
            [29] => S9=>P61
            [30] => S9=>P63
            [31] => S9=>P65
            [32] => S6=>P68
            [33] => S7=>P68
            [34] => S8=>P68
            [35] => S9=>P68
            [36] => S9=>P70
            [37] => S8=>P71
            [38] => S9=>P71
            [39] => S9=>P72
            [40] => S6=>P75
            [41] => S7=>P75
            [42] => S8=>P75
            [43] => S9=>P75
            [44] => S5=>P76
            [45] => S6=>P76
            [46] => S7=>P76
            [47] => S8=>P76
            [48] => S9=>P76
            [49] => S10=>P76
            [50] => S1=>P77
            [51] => S2=>P77
            [52] => S5=>P77
            [53] => S6=>P77
            [54] => S7=>P77
            [55] => S8=>P77
            [56] => S9=>P77
            [57] => S10=>P77
            [58] => S5=>P78
            [59] => S6=>P78
            [60] => S7=>P78
            [61] => S8=>P78
            [62] => S9=>P78
            [63] => S10=>P78
            [64] => S1=>P80
            [65] => S2=>P80
            [66] => S5=>P80
            [67] => S6=>P80
            [68] => S7=>P80
            [69] => S8=>P80
            [70] => S9=>P80
            [71] => S10=>P80
        )

    [_raw_output] => 
<<< setup

0 0 -1 0 1 0,25 0,5 0,8 1 0 0 0 0 13
1 2 0 10000 1 0,25 0,5 0,8 1 0 20000 2000 1500 13
2 5 1 900 1 0,25 0,5 0,8 1 0 18812 1881,2 1500 13
3 7 1 890 1 0,25 0,5 0,8 1 0 17799 1779,9 1500 13
4 6 1 910 1 0,25 0,5 0,8 1 0 17616 1761,6 1500 13
5 4 1 860 2 0,25 0,5 0,8 1 0 17178 1717,8 1500 13
6 4 2 880 3 0,25 0,5 0,8 1 0 17044 1704,4 1500 13
7 3 2 800 2 0,25 0,5 0,8 1 0 15731 1573,1 1500 13
8 3 2 780 1 0,25 0,5 0,8 1 0 15412 1541,2 1500 13
9 3 3 790 2 0,25 0,5 0,8 1 0 13995 1399,5 1500 13
10 4 3 750 3 0,25 0,5 0,8 1 0 13604 1360,4 1500 13
11 3 4 690 2 0,25 0,5 0,8 1 0 13325 1332,5 1500 13
12 5 4 660 3 0,25 0,5 0,8 1 0 12379 1237,9 1500 13
13 5 5 600 8 0,25 0,5 0,8 1 0 11888 1188,8 1500 13
14 4 5 640 6 0,25 0,5 0,8 1 0 11691 1169,1 1500 13
15 2 5 700 2 0,25 0,5 0,8 1 0 10558 1055,8 1500 13
16 4 6 660 9 0,25 0,5 0,8 1 0 10353 1035,3 1500 13
17 6 6 580 6 0,25 0,5 0,8 1 0 10146 1014,6 1500 13
18 3 7 550 2 0,25 0,5 0,8 1 0 9525 952,5 1500 13
19 3 8 570 1 0,25 0,5 0,8 1 0 8714 871,4 1500 13
20 5 8 600 2 0,25 0,5 0,8 1 0 8520 852 1500 13
21 7 9 540 6 0,25 0,5 0,8 1 0 7944 794,4 1500 13
22 6 9 510 4 0,25 0,5 0,8 1 0 7813 781,3 1500 13
23 3 9 590 4 0,25 0,5 0,8 1 0 7420 742 1500 13
24 4 10 400 3 0,25 0,5 0,8 1 0 7325 732,5 1500 13
25 3 11 490 2 0,25 0,5 0,8 1 0 6676 667,6 1500 13
26 3 12 480 3 0,25 0,5 0,8 1 0 6224 622,4 1500 13
27 5 12 520 6 0,25 0,5 0,8 1 0 6108 610,8 1500 13
28 4 13 400 16 0,25 0,5 0,8 1 0 5852 585,2 1500 13
29 3 14 480 6 0,25 0,5 0,8 1 0 5689 568,9 1500 13
30 2 14 490 18 0,25 0,5 0,8 1 0 5169 516,9 1500 13
31 5 16 460 9 0,25 0,5 0,8 1 0 4902 490,2 1500 13
32 4 16 500 9 0,25 0,5 0,8 1 0 4579 457,9 1500 13
33 3 18 470 6 0,25 0,5 0,8 1 0 4126 412,6 1500 13
34 3 18 300 4 0,25 0,5 0,8 1 0 3724 372,4 1500 13
35 2 20 380 4 0,25 0,5 0,8 1 0 3380 338 1500 13
36 5 20 330 4 0,25 0,5 0,8 1 0 3249 324,9 1500 13
37 4 22 340 12 0,25 0,5 0,8 1 0 3231 323,1 1500 13
38 3 22 350 4 0,25 0,5 0,8 1 0 2970 297 1500 13
39 5 23 360 4 0,25 0,5 0,8 1 0 2907 290,7 1500 13
40 1 23 310 12 0,25 0,5 0,8 1 0 2849 284,9 1500 13
41 4 27 330 12 0,25 0,5 0,8 1 0 2622 262,2 1500 13
42 2 27 290 12 0,25 0,5 0,8 1 0 2367 236,7 1500 13
43 6 30 270 36 0,25 0,5 0,8 1 0 2134 213,4 1500 13
44 4 30 260 54 0,25 0,5 0,8 1 0 1933 193,3 1500 13
45 3 32 270 9 0,25 0,5 0,8 1 0 1763 176,3 1500 13
46 1 32 270 9 0,25 0,5 0,8 1 0 1697 169,7 1500 13
47 3 32 300 27 0,25 0,5 0,8 1 0 1668 166,8 1500 13
48 4 33 280 12 0,25 0,5 0,8 1 0 1520 152 1500 13
49 2 33 290 24 0,25 0,5 0,8 1 0 1482 148,2 1500 13
50 3 35 230 8 0,25 0,5 0,8 1 0 1472 147,2 1500 13
51 6 35 240 12 0,25 0,5 0,8 1 0 1386 138,6 1500 13
52 2 37 260 48 0,25 0,5 0,8 1 0 1280 128 1500 13
53 1 37 250 60 0,25 0,5 0,8 1 0 1190 119 1500 13
54 4 37 245 24 0,25 0,5 0,8 1 0 1168 116,8 1500 13
55 3 38 220 12 0,25 0,5 0,8 1 0 1059 105,9 1500 13
56 6 38 240 16 0,25 0,5 0,8 1 0 988 98,8 1500 13
57 2 38 250 20 0,25 0,5 0,8 1 0 892 89,2 1500 13
58 1 39 230 8 0,25 0,5 0,8 1 0 878 87,8 1500 13
59 4 39 270 12 0,25 0,5 0,8 1 0 800 80 1500 13
60 2 39 260 16 0,25 0,5 0,8 1 0 745 74,5 1500 13
61 3 40 200 60 0,25 0,5 0,8 1 0 744 74,4 1500 13
62 5 40 240 24 0,25 0,5 0,8 1 0 677 67,7 1500 13
63 1 46 210 27 0,25 0,5 0,8 1 0 667 66,7 1500 13
64 4 46 190 36 0,25 0,5 0,8 1 0 661 66,1 1500 13
65 8 50 240 40 0,25 0,5 0,8 1 0 641 64,1 1500 13
66 3 50 230 16 0,25 0,5 0,8 1 0 613 61,3 1500 13
67 4 50 200 24 0,25 0,5 0,8 1 0 567 56,7 1500 13
68 5 52 210 192 0,25 0,5 0,8 1 0 528 52,8 1500 13
69 3 59 180 60 0,25 0,5 0,8 1 0 504 50,4 1500 13
70 2 62 200 48 0,25 0,5 0,8 1 0 487 48,7 1500 13
71 3 64 190 108 0,25 0,5 0,8 1 0 452 45,2 1500 13
72 5 66 210 64 0,25 0,5 0,8 1 0 450 45 1500 13
73 2 67 180 120 0,25 0,5 0,8 1 0 441 44,1 1500 13
74 4 67 170 48 0,25 0,5 0,8 1 0 431 43,1 1500 13
75 2 69 150 180 0,25 0,5 0,8 1 0 408 40,8 1500 13
76 7 69 110 240 0,25 0,5 0,8 1 0 390 39 1500 13
77 3 73 50 600 0,25 0,5 0,8 1 0 366 36,6 1500 13
78 6 73 40 240 0,25 0,5 0,8 1 0 357 35,7 1500 13
79 5 74 30 144 0,25 0,5 0,8 1 0 346 34,6 1500 13
80 10 79 20 576 0,25 0,5 0,8 1 0 325 32,5 1500 13
Node nums: [0 1 2 3 4 5 6 7 8 9 10 11 12 13 14 15 16 17 18 19 20 21 22 23 24 25 26 27
     28 29 30 31 32 33 34 35 36 37 38 39 40 41 42 43 44 45 46 47 48 49 50 51
     52 53 54 55 56 57 58 59 60 61 62 63 64 65 66 67 68 69 70 71 72 73 74 75
     76 77 78 79 80]
xx-Data uploaded-xx
	**** start init su array ...
0 [0 0 0 0 0 0 0 0 0 0]
1 [0 0 0 0 0 0 0 0 0 0]
2 [0 0 0 0 0 0 0 0 0 0]
3 [0 0 0 0 0 0 0 0 0 0]
4 [0 0 0 0 0 0 0 0 0 0]
5 [0 0 0 0 0 0 0 0 0 0]
6 [0 0 0 0 0 0 0 0 0 0]
7 [0 0 0 0 0 0 0 0 0 0]
8 [0 0 0 0 0 0 0 0 0 0]
9 [0 0 0 0 0 0 0 0 0 0]
10 [0 0 0 0 0 0 0 0 0 0]
11 [0 0 0 0 0 0 0 0 0 0]
12 [0 0 0 0 0 0 0 0 0 0]
13 [0 0 0 0 0 0 0 0 0 0]
14 [0 0 0 0 0 0 0 0 0 0]
15 [1 1 1 1 1 1 1 1 1 1]
16 [0 0 0 0 0 0 0 0 0 0]
17 [1 1 1 1 1 1 1 1 1 1]
18 [0 0 0 0 0 0 0 0 0 0]
19 [1 1 1 1 1 1 1 1 1 1]
20 [0 0 0 0 0 0 0 0 0 0]
21 [1 1 1 1 1 1 1 1 1 1]
22 [0 0 0 0 0 0 0 0 0 0]
23 [0 0 0 0 0 0 0 0 0 0]
24 [1 1 1 1 1 1 1 1 1 1]
25 [1 1 1 1 1 1 1 1 1 1]
26 [1 1 1 1 1 1 1 1 1 1]
27 [0 0 0 0 0 0 0 0 0 0]
28 [1 1 1 1 1 1 1 1 1 1]
29 [1 1 1 1 1 1 1 1 1 1]
30 [0 0 0 0 0 0 0 0 0 0]
31 [1 1 1 1 1 1 1 1 1 1]
32 [0 0 0 0 0 0 0 0 0 0]
33 [0 0 0 0 0 0 0 0 0 0]
34 [1 1 1 1 1 1 1 1 1 1]
35 [0 0 0 0 0 0 0 0 0 0]
36 [1 1 1 1 1 1 1 1 1 1]
37 [0 0 0 0 0 0 0 0 0 0]
38 [0 0 0 0 0 0 0 0 0 0]
39 [0 0 0 0 0 0 0 0 0 0]
40 [0 0 0 0 0 0 0 0 0 0]
41 [1 1 1 1 1 1 1 1 1 1]
42 [1 1 1 1 1 1 1 1 1 1]
43 [1 1 1 1 1 1 1 1 1 1]
44 [1 1 1 1 1 1 1 1 1 1]
45 [1 1 1 1 1 1 1 1 1 1]
46 [0 0 0 0 0 0 0 0 0 0]
47 [1 1 1 1 1 1 1 1 1 1]
48 [1 1 1 1 1 1 1 1 1 1]
49 [1 1 1 1 1 1 1 1 1 1]
50 [0 0 0 0 0 0 0 0 0 0]
51 [1 1 1 1 1 1 1 1 1 1]
52 [0 0 0 0 0 0 0 0 0 0]
53 [1 1 1 1 1 1 1 1 1 1]
54 [1 1 1 1 1 1 1 1 1 1]
55 [1 1 1 1 1 1 1 1 1 1]
56 [1 1 1 1 1 1 1 1 1 1]
57 [1 1 1 1 1 1 1 1 1 1]
58 [1 1 1 1 1 1 1 1 1 1]
59 [0 0 0 0 0 0 0 0 0 0]
60 [1 1 1 1 1 1 1 1 1 1]
61 [1 1 1 1 1 1 1 1 1 1]
62 [0 0 0 0 0 0 0 0 0 0]
63 [1 1 1 1 1 1 1 1 1 1]
64 [0 0 0 0 0 0 0 0 0 0]
65 [1 1 1 1 1 1 1 1 1 1]
66 [0 0 0 0 0 0 0 0 0 0]
67 [0 0 0 0 0 0 0 0 0 0]
68 [1 1 1 1 1 1 1 1 1 1]
69 [0 0 0 0 0 0 0 0 0 0]
70 [1 1 1 1 1 1 1 1 1 1]
71 [1 1 1 1 1 1 1 1 1 1]
72 [1 1 1 1 1 1 1 1 1 1]
73 [0 0 0 0 0 0 0 0 0 0]
74 [0 0 0 0 0 0 0 0 0 0]
75 [1 1 1 1 1 1 1 1 1 1]
76 [1 1 1 1 1 1 1 1 1 1]
77 [1 1 1 1 1 1 1 1 1 1]
78 [1 1 1 1 1 1 1 1 1 1]
79 [0 0 0 0 0 0 0 0 0 0]
80 [1 1 1 1 1 1 1 1 1 1]
	**** end init su array ...
1 2 1 700 80 0.85 0.92 0.8 (9)9
2 2 0.9 800 75 0.82 0.90 0.9 (9)9
3 1 1.1 680 90 0.88 0.95 0.5 (9)9
4 1 1 480 100 0.86 0.93 0.6 (9)9
5 5 0.6 550 40 0.72 0.78 1.5 (9)9
6 6 0.5 650 45 0.70 0.75 2.0 (9)9
7 7 0.5 1100 40 0.68 0.72 2.5 (9)9
8 5 0.3 700 30 0.65 0.70 1.8 (9)9
9 9 0.2 1700 15 0.60 0.65 3.5 (9)9
10 1 0.8 5800 40 0.80 0.88 0.7 (9)9

<<< generate

Version identifier: 20.1.0.0 | 2020-11-10 | 9bedb6d68
CPXPARAM_TimeLimit                               300
Tried aggregator 2 times.
MIP Presolve eliminated 35888 rows and 1237 columns.
MIP Presolve modified 283 coefficients.
Aggregator did 46 substitutions.
Reduced MIP has 2714 rows, 1390 columns, and 6926 nonzeros.
Reduced MIP has 475 binaries, 915 generals, 0 SOSs, and 0 indicators.
Presolve time = 0,03 sec. (25,35 ticks)
Probing time = 0,00 sec. (0,90 ticks)
Cover probing fixed 0 vars, tightened 38 bounds.
Tried aggregator 1 time.
Detecting symmetries...
MIP Presolve eliminated 114 rows and 0 columns.
MIP Presolve modified 532 coefficients.
Reduced MIP has 2600 rows, 1390 columns, and 6698 nonzeros.
Reduced MIP has 475 binaries, 915 generals, 0 SOSs, and 0 indicators.
Presolve time = 0,00 sec. (4,61 ticks)
Probing time = 0,00 sec. (0,82 ticks)
Clique table members: 8.
MIP emphasis: balance optimality and feasibility.
MIP search method: dynamic search.
Parallel mode: deterministic, using up to 20 threads.
Root relaxation solution time = 0,02 sec. (5,95 ticks)

        Nodes                                         Cuts/
   Node  Left     Objective  IInf  Best Integer    Best Bound    ItCnt     Gap

*     0+    0                       7,06106e+09 -5937945,0000           100,08%
*     0+    0                       7,05729e+09 -5937945,0000           100,08%
      0     0  3308088,7987    36   7,05729e+09  3308088,7987      238   99,95%
      0     0  3326750,1814    35   7,05729e+09      Cuts: 26      272   99,95%
      0     0  3339662,3303    40   7,05729e+09      Cuts: 20      287   99,95%
*     0+    0                      3391633,0000  3339662,3303             1,53%
      0     0  3354084,8511    38  3391633,0000      Cuts: 13      300    1,05%
      0     0  3357482,2079    58  3391633,0000      Cuts: 11      314    1,01%
*     0+    0                      3377373,0000  3357482,2079             0,59%
      0     0        cutoff        3377373,0000  3377373,0000      314    0,00%
Elapsed time = 0,13 sec. (117,47 ticks, tree = 0,01 MB, solutions = 4)

Implied bound cuts applied:  12
Flow cuts applied:  4
Mixed integer rounding cuts applied:  5
Zero-half cuts applied:  2
Lift and project cuts applied:  2
Gomory fractional cuts applied:  6

Root node processing (before b&c):
  Real time             =    0,13 sec. (117,63 ticks)
Parallel b&c, 20 threads:
  Real time             =    0,00 sec. (0,00 ticks)
  Sync time (average)   =    0,00 sec.
  Wait time (average)   =    0,00 sec.
                          ------------
Total (root+branch&cut) =    0,13 sec. (117,63 ticks)

<<< solve


OBJECTIVE: 3377373
xxxx
#Result <fct_obj, tot_cst, tot_ldt, Emiss>: <3.3774e+6 3.3759e+6 1453 2.5908e+9>#TS:3375920#A:[0,2,50,41,25,23,29,22,45,34,17,15,19,18,19,11,25,15,19,12,42,16,26,31,13,12,12,14,13,12,15,14,21,16,12,37,14,20,18,28,17,9,7,12,13,12,17,12,13,11,35,15,16,10,13,12,15,11,10,23,11,12,16,10,16,17,17,32,14,19,11,12,14,17,28,11,16,12,15,24,19]#X:[0,1,1,1,1,1,0,0,0,0,0,0,0,0,0,0,0,0,0,0,0,0,0,0,0,0,0,0,0,0,0,0,0,0,0,0,0,0,0,0,0,0,0,0,0,0,0,0,0,0,0,0,0,0,0,0,0,0,0,0,0,0,0,0,0,0,0,0,0,0,0,0,0,0,0,0,0,0,0,0,0]#Z:[0,0,0,0,0,0,0,0,0,0,0,0,0,0,0,0,0,0,0,0,0,0,0,0,0,0,0,0,0,0,0,0,0,0,0,0,0,0,0,0,0,0,0,0,0,0,0,0,0,0,0,0,0,0,0,0,0,0,0,0,0,0,0,0,0,0,0,0,0,0,0,0,0,0,0,0,0,0,0,0,0,0,0,0,0,0,0,0,0,0,0,0,0,0,0,0,0,0,0,0,0,0,0,0,0,0,0,0,0,0,0,0,0,0,0,0,0,0,0,0,0,0,0,0,0,0,0,0,0,0,0,0,0,0,0,0,0,0,0,0,0,0,0,0,0,0,0,0,0,0,0,0,0,0,0,0,0,0,1,0,0,0,0,0,0,0,0,0,0,0,0,0,0,0,0,0,0,0,1,0,0,0,0,0,0,0,0,0,0,0,0,0,0,0,0,0,0,0,1,0,0,0,0,0,0,0,0,0,0,0,0,0,0,0,0,0,0,0,1,0,0,0,0,0,0,0,0,0,0,0,0,0,0,0,0,0,0,0,0,0,0,0,0,0,0,0,0,0,1,0,0,0,0,0,0,0,0,0,1,0,0,0,0,0,0,0,0,0,1,0,0,0,0,0,0,0,0,0,0,0,0,0,0,0,0,0,0,0,1,0,0,0,0,0,0,0,0,0,1,0,0,0,0,0,0,0,0,0,0,0,0,0,0,0,0,0,0,0,1,0,0,0,0,0,0,0,0,0,0,0,0,0,0,0,0,0,0,0,0,0,0,0,0,0,0,0,0,0,1,0,0,0,0,0,0,0,0,0,0,0,0,0,0,0,0,0,0,0,1,0,0,0,0,0,0,0,0,0,0,0,0,0,0,0,0,0,0,0,0,0,0,0,0,0,0,0,0,0,0,0,0,0,0,0,0,0,0,0,0,0,0,0,0,0,0,0,0,1,0,0,0,0,0,0,0,0,0,1,0,0,0,0,0,0,0,1,0,1,0,0,0,0,0,0,0,0,0,0,1,0,0,0,0,0,0,0,0,0,1,0,0,0,0,0,0,0,0,0,0,0,0,0,0,0,0,0,0,0,1,0,0,0,0,0,0,0,0,0,1,0,0,0,0,0,0,0,0,0,1,0,0,0,0,0,0,0,0,0,0,0,0,0,0,0,0,0,0,0,1,0,0,0,0,0,0,0,0,0,0,0,0,0,0,0,0,0,0,0,1,0,0,0,0,0,0,0,0,0,1,0,0,0,0,0,0,0,0,0,1,0,0,0,0,0,0,0,0,0,1,0,0,0,0,0,0,0,0,0,1,0,0,0,0,0,0,0,0,0,1,0,0,0,0,0,0,0,0,0,0,0,0,0,0,0,0,0,0,0,1,0,0,0,0,0,0,0,0,0,1,0,0,0,0,0,0,0,0,0,0,0,0,0,0,0,0,0,0,0,1,0,0,0,0,0,0,0,0,0,0,0,0,0,0,0,0,0,0,0,1,0,0,0,0,0,0,0,0,0,0,0,0,0,0,0,0,0,0,0,0,0,0,0,0,0,0,1,1,1,1,0,0,0,0,0,0,0,0,0,0,0,0,0,0,0,0,0,0,0,1,0,0,0,0,0,0,0,0,1,1,0,0,0,0,0,0,0,0,0,1,0,0,0,0,0,0,0,0,0,0,0,0,0,0,0,0,0,0,0,0,0,0,0,0,0,0,1,1,1,1,0,0,0,0,0,1,1,1,1,1,1,1,1,0,0,1,1,1,1,1,1,0,0,0,0,1,1,1,1,1,1,0,0,0,0,0,0,0,0,0,0,1,1,0,0,1,1,1,1,1,1]#Q:[0,0,0,0,0,0,0,0,0,0,0,0,0,0,0,0,0,0,0,0,0,0,0,0,0,0,0,0,0,0,0,0,0,0,0,0,0,0,0,0,0,0,0,0,0,0,0,0,0,0,0,0,0,0,0,0,0,0,0,0,0,0,0,0,0,0,0,0,0,0,0,0,0,0,0,0,0,0,0,0,0,0,0,0,0,0,0,0,0,0,0,0,0,0,0,0,0,0,0,0,0,0,0,0,0,0,0,0,0,0,0,0,0,0,0,0,0,0,0,0,0,0,0,0,0,0,0,0,0,0,0,0,0,0,0,0,0,0,0,0,0,0,0,0,0,0,0,0,0,0,0,0,0,0,0,0,0,0,40,0,0,0,0,0,0,0,0,0,0,0,0,0,0,0,0,0,0,0,120,0,0,0,0,0,0,0,0,0,0,0,0,0,0,0,0,0,0,0,20,0,0,0,0,0,0,0,0,0,0,0,0,0,0,0,0,0,0,0,120,0,0,0,0,0,0,0,0,0,0,0,0,0,0,0,0,0,0,0,0,0,0,0,0,0,0,0,0,0,60,0,0,0,0,0,0,0,0,0,40,0,0,0,0,0,0,0,0,0,60,0,0,0,0,0,0,0,0,0,0,0,0,0,0,0,0,0,0,0,320,0,0,0,0,0,0,0,0,0,120,0,0,0,0,0,0,0,0,0,0,0,0,0,0,0,0,0,0,0,180,0,0,0,0,0,0,0,0,0,0,0,0,0,0,0,0,0,0,0,0,0,0,0,0,0,0,0,0,0,80,0,0,0,0,0,0,0,0,0,0,0,0,0,0,0,0,0,0,0,80,0,0,0,0,0,0,0,0,0,0,0,0,0,0,0,0,0,0,0,0,0,0,0,0,0,0,0,0,0,0,0,0,0,0,0,0,0,0,0,0,0,0,0,0,0,0,0,0,240,0,0,0,0,0,0,0,0,0,240,0,0,0,0,0,0,0,20,0,700,0,0,0,0,0,0,0,0,0,0,1080,0,0,0,0,0,0,0,0,0,180,0,0,0,0,0,0,0,0,0,0,0,0,0,0,0,0,0,0,0,540,0,0,0,0,0,0,0,0,0,240,0,0,0,0,0,0,0,0,0,480,0,0,0,0,0,0,0,0,0,0,0,0,0,0,0,0,0,0,0,240,0,0,0,0,0,0,0,0,0,0,0,0,0,0,0,0,0,0,0,1200,0,0,0,0,0,0,0,0,0,480,0,0,0,0,0,0,0,0,0,240,0,0,0,0,0,0,0,0,0,320,0,0,0,0,0,0,0,0,0,400,0,0,0,0,0,0,0,0,0,160,0,0,0,0,0,0,0,0,0,0,0,0,0,0,0,0,0,0,0,320,0,0,0,0,0,0,0,0,0,1200,0,0,0,0,0,0,0,0,0,0,0,0,0,0,0,0,0,0,0,540,0,0,0,0,0,0,0,0,0,0,0,0,0,0,0,0,0,0,0,800,0,0,0,0,0,0,0,0,0,0,0,0,0,0,0,0,0,0,0,0,0,0,0,0,0,0,340,1100,700,1700,0,0,0,0,0,0,0,0,0,0,0,0,0,0,0,0,0,0,0,960,0,0,0,0,0,0,0,0,460,1700,0,0,0,0,0,0,0,0,0,1280,0,0,0,0,0,0,0,0,0,0,0,0,0,0,0,0,0,0,0,0,0,0,0,0,0,0,100,1100,700,1700,0,0,0,0,0,550,650,1100,700,1700,100,700,800,0,0,550,650,1100,700,1700,5800,0,0,0,0,550,650,1100,700,1700,100,0,0,0,0,0,0,0,0,0,0,220,800,0,0,550,650,1100,700,1700,5800]#E: 2590837935.400000095#DELIVER:
S9=>P15
S9=>P17
S9=>P19
S9=>P21
S9=>P24
S9=>P25
S9=>P26
S9=>P28
S9=>P29
S9=>P31
S9=>P34
S9=>P36
S8=>P41
S8=>P42
S6=>P43
S8=>P43
S9=>P44
S9=>P45
S9=>P47
S9=>P48
S9=>P49
S9=>P51
S9=>P53
S9=>P54
S9=>P55
S9=>P56
S9=>P57
S9=>P58
S9=>P60
S9=>P61
S9=>P63
S9=>P65
S6=>P68
S7=>P68
S8=>P68
S9=>P68
S9=>P70
S8=>P71
S9=>P71
S9=>P72
S6=>P75
S7=>P75
S8=>P75
S9=>P75
S5=>P76
S6=>P76
S7=>P76
S8=>P76
S9=>P76
S10=>P76
S1=>P77
S2=>P77
S5=>P77
S6=>P77
S7=>P77
S8=>P77
S9=>P77
S10=>P77
S5=>P78
S6=>P78
S7=>P78
S8=>P78
S9=>P78
S10=>P78
S1=>P80
S2=>P80
S5=>P80
S6=>P80
S7=>P80
S8=>P80
S9=>P80
S10=>P80
xxxx

<<< post process


<<< done


)
