Array
(
    [CplexRunTime] => Total (root+branch&cut) =    0,13 sec
    [status] => INFEASIBLE
    [termination_reason] => INFEASIBLE
    [mip_gap] => 
    [_raw_output] => 
<<< setup

0 0 -1 0 1 0,25 0,5 0,8 1 0 0 0 0 13
1 2 0 4500 1 0,25 0,5 0,8 1 0 9500 950 1500 13
2 5 1 880 1 0,25 0,5 0,8 1 0 9200 920 1500 13
3 7 1 870 1 0,25 0,5 0,8 1 0 8500 850 1500 13
4 6 1 890 1 0,25 0,5 0,8 1 0 7900 790 1500 13
5 4 1 840 2 0,25 0,5 0,8 1 0 7800 780 1500 13
6 4 2 860 3 0,25 0,5 0,8 1 0 7700 770 1500 13
7 3 2 780 2 0,25 0,5 0,8 1 0 7500 750 1500 13
8 3 2 760 1 0,25 0,5 0,8 1 0 6900 690 1500 13
9 3 3 770 2 0,25 0,5 0,8 1 0 6800 680 1500 13
10 4 3 730 3 0,25 0,5 0,8 1 0 6100 610 1500 13
11 3 4 670 2 0,25 0,5 0,8 1 0 6050 605 1500 13
12 5 4 640 3 0,25 0,5 0,8 1 0 6000 600 1500 13
13 5 5 580 8 0,25 0,5 0,5 1 0 5900 590 1500 13
14 4 5 620 6 0,25 0,5 0,5 1 0 5500 550 1500 13
15 2 5 680 2 0,25 0,5 0,5 1 0 5490 549 1500 13
16 4 6 640 9 0,25 0,5 0,5 1 0 5320 532 1500 13
17 6 6 560 6 0,25 0,5 0,5 1 0 5180 518 1500 13
18 3 7 530 2 0,25 0,5 0,5 1 0 5100 510 1500 13
19 3 8 550 1 0,25 0,5 0,5 1 0 4980 498 1500 13
20 5 8 580 2 0,25 0,5 0,5 1 0 4760 476 1500 13
21 7 9 520 6 0,25 0,5 0,5 1 0 4560 456 1500 13
22 6 9 490 4 0,25 0,5 0,5 1 0 4230 423 1500 13
23 3 9 570 4 0,25 0,5 0,5 1 0 3850 385 1500 13
24 4 10 380 3 0,25 0,5 0,5 1 0 3710 371 1500 13
25 3 11 470 2 0,25 0,5 0,5 1 0 3420 342 1500 13
26 3 12 460 3 0,25 0,5 0,5 1 0 3100 310 1500 13
27 5 12 500 6 0,25 0,5 0,5 1 0 2990 299 1500 13
28 4 13 380 16 0,25 0,5 0,5 1 0 2800 280 1500 13
29 3 14 460 6 0,25 0,5 0,5 1 0 2680 268 1500 13
30 2 14 470 18 0,25 0,5 0,5 1 0 2420 242 1500 13
31 5 16 440 9 0,25 0,5 0,5 1 0 2240 224 1500 13
32 4 16 480 9 0,25 0,5 0,5 1 0 2050 205 1500 13
33 3 18 450 6 0,25 0,5 0,5 1 0 1910 191 1500 13
34 3 18 280 4 0,25 0,5 0,5 1 0 1810 181 1500 13
35 5 20 360 4 0,25 0,5 0,5 1 0 1660 166 1500 13
36 4 23 310 8 0,25 0,5 0,5 1 0 1500 150 1500 13
37 3 23 320 12 0,25 0,5 0,5 1 0 1500 150 1500 13
38 4 27 330 6 0,25 0,5 0,5 1 0 1410 141 1500 13
39 6 30 340 18 0,25 0,5 0,5 1 0 1260 126 1500 13
40 4 30 290 54 0,25 0,5 0,5 1 0 1220 122 1500 13
Node nums: [0 1 2 3 4 5 6 7 8 9 10 11 12 13 14 15 16 17 18 19 20 21 22 23 24 25 26 27
     28 29 30 31 32 33 34 35 36 37 38 39 40]
xx-Data uploaded-xx
	**** start init su array ...
0 [0 0 0 0 0 0 0 0 0 0]
1 [0 0 0 0 0 0 0 0 0 0]
2 [0 0 0 0 0 0 0 0 0 0]
3 [0 0 0 0 0 0 0 0 0 0]
4 [0 0 0 0 0 0 0 0 0 0]
5 [0 0 0 0 0 0 0 0 0 0]
6 [0 0 0 0 0 0 0 0 0 0]
7 [0 0 0 0 0 0 0 0 0 0]
8 [0 0 0 0 0 0 0 0 0 0]
9 [0 0 0 0 0 0 0 0 0 0]
10 [0 0 0 0 0 0 0 0 0 0]
11 [0 0 0 0 0 0 0 0 0 0]
12 [0 0 0 0 0 0 0 0 0 0]
13 [0 0 0 0 0 0 0 0 0 0]
14 [0 0 0 0 0 0 0 0 0 0]
15 [1 1 1 1 1 1 1 1 1 1]
16 [0 0 0 0 0 0 0 0 0 0]
17 [1 1 1 1 1 1 1 1 1 1]
18 [0 0 0 0 0 0 0 0 0 0]
19 [1 1 1 1 1 1 1 1 1 1]
20 [0 0 0 0 0 0 0 0 0 0]
21 [1 1 1 1 1 1 1 1 1 1]
22 [1 1 1 1 1 1 1 1 1 1]
23 [0 0 0 0 0 0 0 0 0 0]
24 [1 1 1 1 1 1 1 1 1 1]
25 [1 1 1 1 1 1 1 1 1 1]
26 [1 1 1 1 1 1 1 1 1 1]
27 [0 0 0 0 0 0 0 0 0 0]
28 [1 1 1 1 1 1 1 1 1 1]
29 [1 1 1 1 1 1 1 1 1 1]
30 [0 0 0 0 0 0 0 0 0 0]
31 [1 1 1 1 1 1 1 1 1 1]
32 [1 1 1 1 1 1 1 1 1 1]
33 [1 1 1 1 1 1 1 1 1 1]
34 [1 1 1 1 1 1 1 1 1 1]
35 [1 1 1 1 1 1 1 1 1 1]
36 [1 1 1 1 1 1 1 1 1 1]
37 [1 1 1 1 1 1 1 1 1 1]
38 [1 1 1 1 1 1 1 1 1 1]
39 [1 1 1 1 1 1 1 1 1 1]
40 [1 1 1 1 1 1 1 1 1 1]
	**** end init su array ...
1 2 1 700 80 0.85 0.92 0.8 (9)9
2 2 0.9 800 75 0.82 0.90 0.9 (9)9
3 1 1.1 680 90 0.88 0.95 0.5 (9)9
4 1 1 480 100 0.86 0.93 0.6 (9)9
5 5 0.6 550 40 0.72 0.78 1.5 (9)9
6 6 0.5 650 45 0.70 0.75 2.0 (9)9
7 7 0.5 1100 40 0.68 0.72 2.5 (9)9
8 5 0.3 700 30 0.65 0.70 1.8 (9)9
9 9 0.2 1700 15 0.60 0.65 3.5 (9)9
10 1 0.8 5800 40 0.80 0.88 0.7 (9)9

<<< generate

Version identifier: 20.1.0.0 | 2020-11-10 | 9bedb6d68
CPXPARAM_TimeLimit                               300
Tried aggregator 2 times.
MIP Presolve eliminated 9972 rows and 633 columns.
MIP Presolve modified 1367 coefficients.
Aggregator did 2 substitutions.
Reduced MIP has 1399 rows, 718 columns, and 4368 nonzeros.
Reduced MIP has 239 binaries, 479 generals, 0 SOSs, and 0 indicators.
Presolve time = 0,02 sec. (10,88 ticks)
Probing fixed 0 vars, tightened 392 bounds.
Probing time = 0,00 sec. (3,12 ticks)
Cover probing fixed 0 vars, tightened 20 bounds.
Tried aggregator 1 time.
Detecting symmetries...
MIP Presolve eliminated 60 rows and 0 columns.
MIP Presolve modified 856 coefficients.
Reduced MIP has 1339 rows, 718 columns, and 4248 nonzeros.
Reduced MIP has 239 binaries, 479 generals, 0 SOSs, and 0 indicators.
Presolve time = 0,00 sec. (2,99 ticks)
Probing fixed 0 vars, tightened 38 bounds.
Probing time = 0,00 sec. (1,42 ticks)
MIP emphasis: balance optimality and feasibility.
MIP search method: dynamic search.
Parallel mode: deterministic, using up to 20 threads.
Root relaxation solution time = 0,00 sec. (6,21 ticks)

        Nodes                                         Cuts/
   Node  Left     Objective  IInf  Best Integer    Best Bound    ItCnt     Gap

      0     0   6,97925e+07   172                 6,97925e+07      309         
      0     0   7,77759e+07   176                   Cuts: 138      459         
      0     0   8,04602e+07   177                    Cuts: 73      536         
      0     0   8,06380e+07   182                    Cuts: 19      571         
      0     0   8,09748e+07   162                    Cuts: 15      598         
      0     0        cutoff                                        610         
Elapsed time = 0,13 sec. (96,38 ticks, tree = 0,01 MB, solutions = 0)

Implied bound cuts applied:  40
Flow cuts applied:  2
Mixed integer rounding cuts applied:  13
Zero-half cuts applied:  16
Lift and project cuts applied:  7
Gomory fractional cuts applied:  29

Root node processing (before b&c):
  Real time             =    0,13 sec. (96,40 ticks)
Parallel b&c, 20 threads:
  Real time             =    0,00 sec. (0,00 ticks)
  Sync time (average)   =    0,00 sec.
  Wait time (average)   =    0,00 sec.
                          ------------
Total (root+branch&cut) =    0,13 sec. (96,40 ticks)

<<< solve


<<< no solution


)
