Array
(
    [CplexRunTime] => Total (root+branch&cut) =    0,13 sec
    [status] => OPTIMAL
    [termination_reason] => OPTIMAL
    [mip_gap] => 0
    [Result] => Array
        (
            [Objective] => 2438400
            [TotalCost] => 2436600
            [LeadTime] => 1797
            [Emissions] => 9092900000
        )

    [TS] => 2436599
    [A] => Array
        (
            [0] => 0
            [1] => 2
            [2] => 27
            [3] => 57
            [4] => 21
            [5] => 57
            [6] => 22
            [7] => 22
            [8] => 21
            [9] => 50
            [10] => 17
            [11] => 15
            [12] => 15
            [13] => 18
            [14] => 53
            [15] => 11
            [16] => 18
            [17] => 15
            [18] => 19
            [19] => 12
            [20] => 18
            [21] => 16
            [22] => 15
            [23] => 47
            [24] => 13
            [25] => 12
            [26] => 8
            [27] => 10
            [28] => 13
            [29] => 12
            [30] => 49
            [31] => 14
            [32] => 13
            [33] => 16
            [34] => 12
            [35] => 13
            [36] => 13
            [37] => 44
            [38] => 5
            [39] => 47
            [40] => 13
            [41] => 9
            [42] => 13
            [43] => 12
            [44] => 8
            [45] => 41
            [46] => 14
            [47] => 41
            [48] => 40
            [49] => 39
            [50] => 38
            [51] => 38
            [52] => 36
            [53] => 33
            [54] => 34
            [55] => 33
            [56] => 27
            [57] => 32
            [58] => 29
            [59] => 22
            [60] => 29
            [61] => 23
            [62] => 20
            [63] => 25
            [64] => 20
            [65] => 15
            [66] => 23
            [67] => 16
            [68] => 9
            [69] => 20
            [70] => 11
            [71] => 7
            [72] => 16
            [73] => 5
            [74] => 4
            [75] => 11
            [76] => 3
            [77] => 5
            [78] => 5
            [79] => 4
            [80] => 6
            [81] => 3
            [82] => 5
            [83] => 2
            [84] => 4
            [85] => 17
            [86] => 16
            [87] => 20
            [88] => 11
            [89] => 13
            [90] => 15
        )

    [X] => Array
        (
            [0] => 0
            [1] => 1
            [2] => 1
            [3] => 1
            [4] => 1
            [5] => 1
            [6] => 0
            [7] => 0
            [8] => 0
            [9] => 0
            [10] => 0
            [11] => 0
            [12] => 0
            [13] => 0
            [14] => 0
            [15] => 0
            [16] => 0
            [17] => 0
            [18] => 0
            [19] => 0
            [20] => 0
            [21] => 0
            [22] => 0
            [23] => 0
            [24] => 0
            [25] => 0
            [26] => 0
            [27] => 0
            [28] => 0
            [29] => 0
            [30] => 0
            [31] => 0
            [32] => 0
            [33] => 0
            [34] => 0
            [35] => 0
            [36] => 0
            [37] => 0
            [38] => 0
            [39] => 0
            [40] => 0
            [41] => 0
            [42] => 0
            [43] => 0
            [44] => 0
            [45] => 0
            [46] => 0
            [47] => 0
            [48] => 0
            [49] => 0
            [50] => 0
            [51] => 0
            [52] => 0
            [53] => 0
            [54] => 0
            [55] => 0
            [56] => 0
            [57] => 0
            [58] => 0
            [59] => 0
            [60] => 0
            [61] => 0
            [62] => 0
            [63] => 0
            [64] => 0
            [65] => 0
            [66] => 0
            [67] => 0
            [68] => 0
            [69] => 0
            [70] => 0
            [71] => 0
            [72] => 0
            [73] => 0
            [74] => 0
            [75] => 0
            [76] => 0
            [77] => 1
            [78] => 0
            [79] => 1
            [80] => 1
            [81] => 0
            [82] => 1
            [83] => 1
            [84] => 1
            [85] => 1
            [86] => 1
            [87] => 1
            [88] => 0
            [89] => 0
            [90] => 0
        )

    [Z] => Array
        (
            [0] => 0
            [1] => 0
            [2] => 0
            [3] => 0
            [4] => 0
            [5] => 0
            [6] => 0
            [7] => 0
            [8] => 0
            [9] => 0
            [10] => 0
            [11] => 0
            [12] => 0
            [13] => 0
            [14] => 0
            [15] => 0
            [16] => 0
            [17] => 0
            [18] => 0
            [19] => 0
            [20] => 0
            [21] => 0
            [22] => 0
            [23] => 0
            [24] => 0
            [25] => 0
            [26] => 0
            [27] => 0
            [28] => 0
            [29] => 0
            [30] => 0
            [31] => 0
            [32] => 0
            [33] => 0
            [34] => 0
            [35] => 0
            [36] => 0
            [37] => 0
            [38] => 0
            [39] => 0
            [40] => 0
            [41] => 0
            [42] => 0
            [43] => 0
            [44] => 0
            [45] => 0
            [46] => 0
            [47] => 0
            [48] => 0
            [49] => 0
            [50] => 0
            [51] => 0
            [52] => 0
            [53] => 0
            [54] => 0
            [55] => 0
            [56] => 0
            [57] => 0
            [58] => 0
            [59] => 0
            [60] => 0
            [61] => 0
            [62] => 0
            [63] => 0
            [64] => 0
            [65] => 0
            [66] => 0
            [67] => 0
            [68] => 0
            [69] => 0
            [70] => 0
            [71] => 0
            [72] => 0
            [73] => 0
            [74] => 0
            [75] => 0
            [76] => 0
            [77] => 0
            [78] => 0
            [79] => 0
            [80] => 0
            [81] => 0
            [82] => 0
            [83] => 0
            [84] => 0
            [85] => 0
            [86] => 0
            [87] => 0
            [88] => 0
            [89] => 0
            [90] => 0
            [91] => 0
            [92] => 0
            [93] => 0
            [94] => 0
            [95] => 0
            [96] => 0
            [97] => 0
            [98] => 0
            [99] => 0
            [100] => 0
            [101] => 0
            [102] => 0
            [103] => 0
            [104] => 0
            [105] => 0
            [106] => 0
            [107] => 0
            [108] => 0
            [109] => 0
            [110] => 0
            [111] => 0
            [112] => 0
            [113] => 0
            [114] => 0
            [115] => 0
            [116] => 0
            [117] => 0
            [118] => 0
            [119] => 0
            [120] => 0
            [121] => 0
            [122] => 0
            [123] => 0
            [124] => 0
            [125] => 0
            [126] => 0
            [127] => 0
            [128] => 0
            [129] => 0
            [130] => 0
            [131] => 0
            [132] => 0
            [133] => 0
            [134] => 0
            [135] => 0
            [136] => 0
            [137] => 0
            [138] => 0
            [139] => 0
            [140] => 0
            [141] => 0
            [142] => 0
            [143] => 0
            [144] => 0
            [145] => 0
            [146] => 0
            [147] => 0
            [148] => 0
            [149] => 0
            [150] => 0
            [151] => 0
            [152] => 0
            [153] => 0
            [154] => 0
            [155] => 0
            [156] => 0
            [157] => 0
            [158] => 1
            [159] => 0
            [160] => 0
            [161] => 0
            [162] => 0
            [163] => 0
            [164] => 0
            [165] => 0
            [166] => 0
            [167] => 0
            [168] => 0
            [169] => 0
            [170] => 0
            [171] => 0
            [172] => 0
            [173] => 0
            [174] => 0
            [175] => 0
            [176] => 0
            [177] => 0
            [178] => 1
            [179] => 0
            [180] => 0
            [181] => 0
            [182] => 0
            [183] => 0
            [184] => 0
            [185] => 0
            [186] => 0
            [187] => 0
            [188] => 0
            [189] => 0
            [190] => 0
            [191] => 0
            [192] => 0
            [193] => 0
            [194] => 0
            [195] => 0
            [196] => 0
            [197] => 0
            [198] => 1
            [199] => 0
            [200] => 0
            [201] => 0
            [202] => 0
            [203] => 0
            [204] => 0
            [205] => 0
            [206] => 0
            [207] => 0
            [208] => 0
            [209] => 0
            [210] => 0
            [211] => 0
            [212] => 0
            [213] => 0
            [214] => 0
            [215] => 0
            [216] => 0
            [217] => 0
            [218] => 1
            [219] => 0
            [220] => 0
            [221] => 0
            [222] => 0
            [223] => 0
            [224] => 0
            [225] => 0
            [226] => 0
            [227] => 0
            [228] => 1
            [229] => 0
            [230] => 0
            [231] => 0
            [232] => 0
            [233] => 0
            [234] => 0
            [235] => 0
            [236] => 0
            [237] => 0
            [238] => 0
            [239] => 0
            [240] => 0
            [241] => 0
            [242] => 0
            [243] => 0
            [244] => 0
            [245] => 0
            [246] => 0
            [247] => 0
            [248] => 1
            [249] => 0
            [250] => 0
            [251] => 0
            [252] => 0
            [253] => 0
            [254] => 0
            [255] => 0
            [256] => 0
            [257] => 0
            [258] => 1
            [259] => 0
            [260] => 0
            [261] => 0
            [262] => 0
            [263] => 0
            [264] => 0
            [265] => 0
            [266] => 0
            [267] => 1
            [268] => 0
            [269] => 0
            [270] => 0
            [271] => 0
            [272] => 0
            [273] => 0
            [274] => 0
            [275] => 0
            [276] => 0
            [277] => 0
            [278] => 0
            [279] => 0
            [280] => 0
            [281] => 0
            [282] => 0
            [283] => 0
            [284] => 0
            [285] => 0
            [286] => 0
            [287] => 0
            [288] => 1
            [289] => 0
            [290] => 0
            [291] => 0
            [292] => 0
            [293] => 0
            [294] => 0
            [295] => 0
            [296] => 0
            [297] => 0
            [298] => 1
            [299] => 0
            [300] => 0
            [301] => 0
            [302] => 0
            [303] => 0
            [304] => 0
            [305] => 0
            [306] => 0
            [307] => 0
            [308] => 0
            [309] => 0
            [310] => 0
            [311] => 0
            [312] => 0
            [313] => 0
            [314] => 0
            [315] => 0
            [316] => 0
            [317] => 0
            [318] => 1
            [319] => 0
            [320] => 0
            [321] => 0
            [322] => 0
            [323] => 0
            [324] => 0
            [325] => 0
            [326] => 0
            [327] => 0
            [328] => 0
            [329] => 0
            [330] => 0
            [331] => 0
            [332] => 0
            [333] => 0
            [334] => 0
            [335] => 0
            [336] => 0
            [337] => 0
            [338] => 0
            [339] => 0
            [340] => 0
            [341] => 0
            [342] => 0
            [343] => 0
            [344] => 0
            [345] => 0
            [346] => 0
            [347] => 0
            [348] => 1
            [349] => 0
            [350] => 0
            [351] => 0
            [352] => 0
            [353] => 0
            [354] => 0
            [355] => 0
            [356] => 0
            [357] => 0
            [358] => 0
            [359] => 0
            [360] => 0
            [361] => 0
            [362] => 0
            [363] => 0
            [364] => 0
            [365] => 0
            [366] => 0
            [367] => 0
            [368] => 1
            [369] => 0
            [370] => 0
            [371] => 0
            [372] => 0
            [373] => 0
            [374] => 0
            [375] => 0
            [376] => 0
            [377] => 0
            [378] => 0
            [379] => 0
            [380] => 0
            [381] => 0
            [382] => 0
            [383] => 0
            [384] => 0
            [385] => 0
            [386] => 0
            [387] => 0
            [388] => 0
            [389] => 1
            [390] => 0
            [391] => 0
            [392] => 0
            [393] => 0
            [394] => 0
            [395] => 0
            [396] => 0
            [397] => 0
            [398] => 0
            [399] => 0
            [400] => 0
            [401] => 0
            [402] => 0
            [403] => 0
            [404] => 0
            [405] => 0
            [406] => 0
            [407] => 0
            [408] => 1
            [409] => 0
            [410] => 0
            [411] => 0
            [412] => 0
            [413] => 0
            [414] => 0
            [415] => 0
            [416] => 0
            [417] => 1
            [418] => 0
            [419] => 0
            [420] => 0
            [421] => 0
            [422] => 0
            [423] => 0
            [424] => 0
            [425] => 0
            [426] => 0
            [427] => 0
            [428] => 1
            [429] => 0
            [430] => 0
            [431] => 0
            [432] => 0
            [433] => 0
            [434] => 0
            [435] => 0
            [436] => 0
            [437] => 0
            [438] => 1
            [439] => 0
            [440] => 0
            [441] => 0
            [442] => 0
            [443] => 0
            [444] => 0
            [445] => 0
            [446] => 0
            [447] => 1
            [448] => 0
            [449] => 0
            [450] => 0
            [451] => 0
            [452] => 0
            [453] => 0
            [454] => 0
            [455] => 0
            [456] => 0
            [457] => 0
            [458] => 0
            [459] => 0
            [460] => 0
            [461] => 0
            [462] => 0
            [463] => 0
            [464] => 0
            [465] => 0
            [466] => 0
            [467] => 0
            [468] => 1
            [469] => 0
            [470] => 0
            [471] => 0
            [472] => 0
            [473] => 0
            [474] => 0
            [475] => 0
            [476] => 0
            [477] => 0
            [478] => 0
            [479] => 0
            [480] => 0
            [481] => 0
            [482] => 0
            [483] => 0
            [484] => 0
            [485] => 0
            [486] => 0
            [487] => 0
            [488] => 0
            [489] => 0
            [490] => 0
            [491] => 0
            [492] => 0
            [493] => 0
            [494] => 0
            [495] => 0
            [496] => 0
            [497] => 0
            [498] => 0
            [499] => 0
            [500] => 0
            [501] => 0
            [502] => 0
            [503] => 0
            [504] => 0
            [505] => 0
            [506] => 0
            [507] => 0
            [508] => 0
            [509] => 0
            [510] => 0
            [511] => 0
            [512] => 0
            [513] => 0
            [514] => 0
            [515] => 0
            [516] => 0
            [517] => 0
            [518] => 0
            [519] => 0
            [520] => 0
            [521] => 0
            [522] => 0
            [523] => 0
            [524] => 0
            [525] => 0
            [526] => 0
            [527] => 0
            [528] => 0
            [529] => 0
            [530] => 0
            [531] => 0
            [532] => 0
            [533] => 0
            [534] => 0
            [535] => 0
            [536] => 0
            [537] => 0
            [538] => 0
            [539] => 0
            [540] => 0
            [541] => 0
            [542] => 0
            [543] => 0
            [544] => 0
            [545] => 0
            [546] => 0
            [547] => 0
            [548] => 0
            [549] => 0
            [550] => 0
            [551] => 0
            [552] => 0
            [553] => 0
            [554] => 0
            [555] => 0
            [556] => 0
            [557] => 0
            [558] => 0
            [559] => 0
            [560] => 0
            [561] => 0
            [562] => 0
            [563] => 0
            [564] => 0
            [565] => 0
            [566] => 0
            [567] => 0
            [568] => 0
            [569] => 0
            [570] => 0
            [571] => 0
            [572] => 0
            [573] => 0
            [574] => 0
            [575] => 0
            [576] => 0
            [577] => 0
            [578] => 0
            [579] => 0
            [580] => 0
            [581] => 0
            [582] => 0
            [583] => 0
            [584] => 0
            [585] => 0
            [586] => 0
            [587] => 0
            [588] => 0
            [589] => 0
            [590] => 0
            [591] => 0
            [592] => 0
            [593] => 0
            [594] => 0
            [595] => 0
            [596] => 0
            [597] => 0
            [598] => 0
            [599] => 0
            [600] => 0
            [601] => 0
            [602] => 0
            [603] => 0
            [604] => 0
            [605] => 0
            [606] => 0
            [607] => 0
            [608] => 0
            [609] => 0
            [610] => 0
            [611] => 0
            [612] => 0
            [613] => 0
            [614] => 0
            [615] => 0
            [616] => 0
            [617] => 0
            [618] => 0
            [619] => 0
            [620] => 0
            [621] => 0
            [622] => 0
            [623] => 0
            [624] => 0
            [625] => 0
            [626] => 0
            [627] => 0
            [628] => 0
            [629] => 0
            [630] => 0
            [631] => 0
            [632] => 0
            [633] => 0
            [634] => 0
            [635] => 0
            [636] => 0
            [637] => 0
            [638] => 0
            [639] => 0
            [640] => 0
            [641] => 0
            [642] => 0
            [643] => 0
            [644] => 0
            [645] => 0
            [646] => 0
            [647] => 0
            [648] => 0
            [649] => 0
            [650] => 0
            [651] => 0
            [652] => 0
            [653] => 0
            [654] => 0
            [655] => 0
            [656] => 0
            [657] => 0
            [658] => 0
            [659] => 0
            [660] => 0
            [661] => 0
            [662] => 0
            [663] => 0
            [664] => 0
            [665] => 0
            [666] => 0
            [667] => 0
            [668] => 0
            [669] => 0
            [670] => 0
            [671] => 0
            [672] => 0
            [673] => 0
            [674] => 0
            [675] => 0
            [676] => 0
            [677] => 0
            [678] => 0
            [679] => 0
            [680] => 0
            [681] => 0
            [682] => 0
            [683] => 0
            [684] => 0
            [685] => 0
            [686] => 0
            [687] => 0
            [688] => 0
            [689] => 0
            [690] => 0
            [691] => 0
            [692] => 0
            [693] => 0
            [694] => 0
            [695] => 0
            [696] => 0
            [697] => 0
            [698] => 0
            [699] => 0
            [700] => 0
            [701] => 0
            [702] => 0
            [703] => 0
            [704] => 0
            [705] => 0
            [706] => 0
            [707] => 0
            [708] => 0
            [709] => 0
            [710] => 0
            [711] => 0
            [712] => 0
            [713] => 0
            [714] => 0
            [715] => 0
            [716] => 0
            [717] => 0
            [718] => 0
            [719] => 0
            [720] => 0
            [721] => 0
            [722] => 0
            [723] => 0
            [724] => 0
            [725] => 0
            [726] => 0
            [727] => 0
            [728] => 0
            [729] => 0
            [730] => 0
            [731] => 0
            [732] => 0
            [733] => 0
            [734] => 0
            [735] => 0
            [736] => 0
            [737] => 0
            [738] => 0
            [739] => 0
            [740] => 0
            [741] => 0
            [742] => 0
            [743] => 0
            [744] => 0
            [745] => 0
            [746] => 0
            [747] => 0
            [748] => 0
            [749] => 0
            [750] => 0
            [751] => 0
            [752] => 0
            [753] => 0
            [754] => 0
            [755] => 0
            [756] => 0
            [757] => 0
            [758] => 0
            [759] => 0
            [760] => 0
            [761] => 0
            [762] => 0
            [763] => 0
            [764] => 0
            [765] => 0
            [766] => 0
            [767] => 0
            [768] => 0
            [769] => 0
            [770] => 0
            [771] => 0
            [772] => 0
            [773] => 0
            [774] => 0
            [775] => 0
            [776] => 0
            [777] => 0
            [778] => 0
            [779] => 0
            [780] => 0
            [781] => 0
            [782] => 0
            [783] => 0
            [784] => 0
            [785] => 0
            [786] => 0
            [787] => 0
            [788] => 0
            [789] => 0
            [790] => 0
            [791] => 0
            [792] => 0
            [793] => 0
            [794] => 0
            [795] => 0
            [796] => 0
            [797] => 0
            [798] => 0
            [799] => 0
            [800] => 0
            [801] => 0
            [802] => 0
            [803] => 0
            [804] => 0
            [805] => 0
            [806] => 0
            [807] => 0
            [808] => 0
            [809] => 0
            [810] => 0
            [811] => 0
            [812] => 0
            [813] => 0
            [814] => 0
            [815] => 0
            [816] => 0
            [817] => 0
            [818] => 0
            [819] => 0
            [820] => 0
            [821] => 0
            [822] => 0
            [823] => 0
            [824] => 0
            [825] => 0
            [826] => 0
            [827] => 0
            [828] => 0
            [829] => 0
            [830] => 0
            [831] => 0
            [832] => 0
            [833] => 0
            [834] => 0
            [835] => 0
            [836] => 0
            [837] => 0
            [838] => 0
            [839] => 0
            [840] => 0
            [841] => 0
            [842] => 0
            [843] => 0
            [844] => 0
            [845] => 0
            [846] => 0
            [847] => 0
            [848] => 0
            [849] => 0
            [850] => 0
            [851] => 0
            [852] => 0
            [853] => 0
            [854] => 0
            [855] => 0
            [856] => 0
            [857] => 0
            [858] => 0
            [859] => 0
            [860] => 0
            [861] => 0
            [862] => 0
            [863] => 0
            [864] => 0
            [865] => 0
            [866] => 0
            [867] => 0
            [868] => 0
            [869] => 0
            [870] => 0
            [871] => 0
            [872] => 0
            [873] => 0
            [874] => 0
            [875] => 0
            [876] => 0
            [877] => 0
            [878] => 0
            [879] => 0
            [880] => 1
            [881] => 1
            [882] => 1
            [883] => 1
            [884] => 1
            [885] => 1
            [886] => 1
            [887] => 1
            [888] => 1
            [889] => 1
            [890] => 1
            [891] => 1
            [892] => 1
            [893] => 1
            [894] => 1
            [895] => 1
            [896] => 1
            [897] => 1
            [898] => 1
            [899] => 1
            [900] => 1
            [901] => 1
            [902] => 1
            [903] => 1
            [904] => 1
            [905] => 1
            [906] => 1
            [907] => 1
            [908] => 1
            [909] => 1
        )

    [Q] => Array
        (
            [0] => 0
            [1] => 0
            [2] => 0
            [3] => 0
            [4] => 0
            [5] => 0
            [6] => 0
            [7] => 0
            [8] => 0
            [9] => 0
            [10] => 0
            [11] => 0
            [12] => 0
            [13] => 0
            [14] => 0
            [15] => 0
            [16] => 0
            [17] => 0
            [18] => 0
            [19] => 0
            [20] => 0
            [21] => 0
            [22] => 0
            [23] => 0
            [24] => 0
            [25] => 0
            [26] => 0
            [27] => 0
            [28] => 0
            [29] => 0
            [30] => 0
            [31] => 0
            [32] => 0
            [33] => 0
            [34] => 0
            [35] => 0
            [36] => 0
            [37] => 0
            [38] => 0
            [39] => 0
            [40] => 0
            [41] => 0
            [42] => 0
            [43] => 0
            [44] => 0
            [45] => 0
            [46] => 0
            [47] => 0
            [48] => 0
            [49] => 0
            [50] => 0
            [51] => 0
            [52] => 0
            [53] => 0
            [54] => 0
            [55] => 0
            [56] => 0
            [57] => 0
            [58] => 0
            [59] => 0
            [60] => 0
            [61] => 0
            [62] => 0
            [63] => 0
            [64] => 0
            [65] => 0
            [66] => 0
            [67] => 0
            [68] => 0
            [69] => 0
            [70] => 0
            [71] => 0
            [72] => 0
            [73] => 0
            [74] => 0
            [75] => 0
            [76] => 0
            [77] => 0
            [78] => 0
            [79] => 0
            [80] => 0
            [81] => 0
            [82] => 0
            [83] => 0
            [84] => 0
            [85] => 0
            [86] => 0
            [87] => 0
            [88] => 0
            [89] => 0
            [90] => 0
            [91] => 0
            [92] => 0
            [93] => 0
            [94] => 0
            [95] => 0
            [96] => 0
            [97] => 0
            [98] => 0
            [99] => 0
            [100] => 0
            [101] => 0
            [102] => 0
            [103] => 0
            [104] => 0
            [105] => 0
            [106] => 0
            [107] => 0
            [108] => 0
            [109] => 0
            [110] => 0
            [111] => 0
            [112] => 0
            [113] => 0
            [114] => 0
            [115] => 0
            [116] => 0
            [117] => 0
            [118] => 0
            [119] => 0
            [120] => 0
            [121] => 0
            [122] => 0
            [123] => 0
            [124] => 0
            [125] => 0
            [126] => 0
            [127] => 0
            [128] => 0
            [129] => 0
            [130] => 0
            [131] => 0
            [132] => 0
            [133] => 0
            [134] => 0
            [135] => 0
            [136] => 0
            [137] => 0
            [138] => 0
            [139] => 0
            [140] => 0
            [141] => 0
            [142] => 0
            [143] => 0
            [144] => 0
            [145] => 0
            [146] => 0
            [147] => 0
            [148] => 0
            [149] => 0
            [150] => 0
            [151] => 0
            [152] => 0
            [153] => 0
            [154] => 0
            [155] => 0
            [156] => 0
            [157] => 0
            [158] => 40
            [159] => 0
            [160] => 0
            [161] => 0
            [162] => 0
            [163] => 0
            [164] => 0
            [165] => 0
            [166] => 0
            [167] => 0
            [168] => 0
            [169] => 0
            [170] => 0
            [171] => 0
            [172] => 0
            [173] => 0
            [174] => 0
            [175] => 0
            [176] => 0
            [177] => 0
            [178] => 120
            [179] => 0
            [180] => 0
            [181] => 0
            [182] => 0
            [183] => 0
            [184] => 0
            [185] => 0
            [186] => 0
            [187] => 0
            [188] => 0
            [189] => 0
            [190] => 0
            [191] => 0
            [192] => 0
            [193] => 0
            [194] => 0
            [195] => 0
            [196] => 0
            [197] => 0
            [198] => 20
            [199] => 0
            [200] => 0
            [201] => 0
            [202] => 0
            [203] => 0
            [204] => 0
            [205] => 0
            [206] => 0
            [207] => 0
            [208] => 0
            [209] => 0
            [210] => 0
            [211] => 0
            [212] => 0
            [213] => 0
            [214] => 0
            [215] => 0
            [216] => 0
            [217] => 0
            [218] => 120
            [219] => 0
            [220] => 0
            [221] => 0
            [222] => 0
            [223] => 0
            [224] => 0
            [225] => 0
            [226] => 0
            [227] => 0
            [228] => 80
            [229] => 0
            [230] => 0
            [231] => 0
            [232] => 0
            [233] => 0
            [234] => 0
            [235] => 0
            [236] => 0
            [237] => 0
            [238] => 0
            [239] => 0
            [240] => 0
            [241] => 0
            [242] => 0
            [243] => 0
            [244] => 0
            [245] => 0
            [246] => 0
            [247] => 0
            [248] => 60
            [249] => 0
            [250] => 0
            [251] => 0
            [252] => 0
            [253] => 0
            [254] => 0
            [255] => 0
            [256] => 0
            [257] => 0
            [258] => 40
            [259] => 0
            [260] => 0
            [261] => 0
            [262] => 0
            [263] => 0
            [264] => 0
            [265] => 0
            [266] => 0
            [267] => 60
            [268] => 0
            [269] => 0
            [270] => 0
            [271] => 0
            [272] => 0
            [273] => 0
            [274] => 0
            [275] => 0
            [276] => 0
            [277] => 0
            [278] => 0
            [279] => 0
            [280] => 0
            [281] => 0
            [282] => 0
            [283] => 0
            [284] => 0
            [285] => 0
            [286] => 0
            [287] => 0
            [288] => 320
            [289] => 0
            [290] => 0
            [291] => 0
            [292] => 0
            [293] => 0
            [294] => 0
            [295] => 0
            [296] => 0
            [297] => 0
            [298] => 120
            [299] => 0
            [300] => 0
            [301] => 0
            [302] => 0
            [303] => 0
            [304] => 0
            [305] => 0
            [306] => 0
            [307] => 0
            [308] => 0
            [309] => 0
            [310] => 0
            [311] => 0
            [312] => 0
            [313] => 0
            [314] => 0
            [315] => 0
            [316] => 0
            [317] => 0
            [318] => 180
            [319] => 0
            [320] => 0
            [321] => 0
            [322] => 0
            [323] => 0
            [324] => 0
            [325] => 0
            [326] => 0
            [327] => 0
            [328] => 0
            [329] => 0
            [330] => 0
            [331] => 0
            [332] => 0
            [333] => 0
            [334] => 0
            [335] => 0
            [336] => 0
            [337] => 0
            [338] => 0
            [339] => 0
            [340] => 0
            [341] => 0
            [342] => 0
            [343] => 0
            [344] => 0
            [345] => 0
            [346] => 0
            [347] => 0
            [348] => 80
            [349] => 0
            [350] => 0
            [351] => 0
            [352] => 0
            [353] => 0
            [354] => 0
            [355] => 0
            [356] => 0
            [357] => 0
            [358] => 0
            [359] => 0
            [360] => 0
            [361] => 0
            [362] => 0
            [363] => 0
            [364] => 0
            [365] => 0
            [366] => 0
            [367] => 0
            [368] => 160
            [369] => 0
            [370] => 0
            [371] => 0
            [372] => 0
            [373] => 0
            [374] => 0
            [375] => 0
            [376] => 0
            [377] => 0
            [378] => 0
            [379] => 0
            [380] => 0
            [381] => 0
            [382] => 0
            [383] => 0
            [384] => 0
            [385] => 0
            [386] => 0
            [387] => 0
            [388] => 0
            [389] => 120
            [390] => 0
            [391] => 0
            [392] => 0
            [393] => 0
            [394] => 0
            [395] => 0
            [396] => 0
            [397] => 0
            [398] => 0
            [399] => 0
            [400] => 0
            [401] => 0
            [402] => 0
            [403] => 0
            [404] => 0
            [405] => 0
            [406] => 0
            [407] => 0
            [408] => 1080
            [409] => 0
            [410] => 0
            [411] => 0
            [412] => 0
            [413] => 0
            [414] => 0
            [415] => 0
            [416] => 0
            [417] => 360
            [418] => 0
            [419] => 0
            [420] => 0
            [421] => 0
            [422] => 0
            [423] => 0
            [424] => 0
            [425] => 0
            [426] => 0
            [427] => 0
            [428] => 240
            [429] => 0
            [430] => 0
            [431] => 0
            [432] => 0
            [433] => 0
            [434] => 0
            [435] => 0
            [436] => 0
            [437] => 0
            [438] => 240
            [439] => 0
            [440] => 0
            [441] => 0
            [442] => 0
            [443] => 0
            [444] => 0
            [445] => 0
            [446] => 0
            [447] => 160
            [448] => 0
            [449] => 0
            [450] => 0
            [451] => 0
            [452] => 0
            [453] => 0
            [454] => 0
            [455] => 0
            [456] => 0
            [457] => 0
            [458] => 0
            [459] => 0
            [460] => 0
            [461] => 0
            [462] => 0
            [463] => 0
            [464] => 0
            [465] => 0
            [466] => 0
            [467] => 0
            [468] => 240
            [469] => 0
            [470] => 0
            [471] => 0
            [472] => 0
            [473] => 0
            [474] => 0
            [475] => 0
            [476] => 0
            [477] => 0
            [478] => 0
            [479] => 0
            [480] => 0
            [481] => 0
            [482] => 0
            [483] => 0
            [484] => 0
            [485] => 0
            [486] => 0
            [487] => 0
            [488] => 0
            [489] => 0
            [490] => 0
            [491] => 0
            [492] => 0
            [493] => 0
            [494] => 0
            [495] => 0
            [496] => 0
            [497] => 0
            [498] => 0
            [499] => 0
            [500] => 0
            [501] => 0
            [502] => 0
            [503] => 0
            [504] => 0
            [505] => 0
            [506] => 0
            [507] => 0
            [508] => 0
            [509] => 0
            [510] => 0
            [511] => 0
            [512] => 0
            [513] => 0
            [514] => 0
            [515] => 0
            [516] => 0
            [517] => 0
            [518] => 0
            [519] => 0
            [520] => 0
            [521] => 0
            [522] => 0
            [523] => 0
            [524] => 0
            [525] => 0
            [526] => 0
            [527] => 0
            [528] => 0
            [529] => 0
            [530] => 0
            [531] => 0
            [532] => 0
            [533] => 0
            [534] => 0
            [535] => 0
            [536] => 0
            [537] => 0
            [538] => 0
            [539] => 0
            [540] => 0
            [541] => 0
            [542] => 0
            [543] => 0
            [544] => 0
            [545] => 0
            [546] => 0
            [547] => 0
            [548] => 0
            [549] => 0
            [550] => 0
            [551] => 0
            [552] => 0
            [553] => 0
            [554] => 0
            [555] => 0
            [556] => 0
            [557] => 0
            [558] => 0
            [559] => 0
            [560] => 0
            [561] => 0
            [562] => 0
            [563] => 0
            [564] => 0
            [565] => 0
            [566] => 0
            [567] => 0
            [568] => 0
            [569] => 0
            [570] => 0
            [571] => 0
            [572] => 0
            [573] => 0
            [574] => 0
            [575] => 0
            [576] => 0
            [577] => 0
            [578] => 0
            [579] => 0
            [580] => 0
            [581] => 0
            [582] => 0
            [583] => 0
            [584] => 0
            [585] => 0
            [586] => 0
            [587] => 0
            [588] => 0
            [589] => 0
            [590] => 0
            [591] => 0
            [592] => 0
            [593] => 0
            [594] => 0
            [595] => 0
            [596] => 0
            [597] => 0
            [598] => 0
            [599] => 0
            [600] => 0
            [601] => 0
            [602] => 0
            [603] => 0
            [604] => 0
            [605] => 0
            [606] => 0
            [607] => 0
            [608] => 0
            [609] => 0
            [610] => 0
            [611] => 0
            [612] => 0
            [613] => 0
            [614] => 0
            [615] => 0
            [616] => 0
            [617] => 0
            [618] => 0
            [619] => 0
            [620] => 0
            [621] => 0
            [622] => 0
            [623] => 0
            [624] => 0
            [625] => 0
            [626] => 0
            [627] => 0
            [628] => 0
            [629] => 0
            [630] => 0
            [631] => 0
            [632] => 0
            [633] => 0
            [634] => 0
            [635] => 0
            [636] => 0
            [637] => 0
            [638] => 0
            [639] => 0
            [640] => 0
            [641] => 0
            [642] => 0
            [643] => 0
            [644] => 0
            [645] => 0
            [646] => 0
            [647] => 0
            [648] => 0
            [649] => 0
            [650] => 0
            [651] => 0
            [652] => 0
            [653] => 0
            [654] => 0
            [655] => 0
            [656] => 0
            [657] => 0
            [658] => 0
            [659] => 0
            [660] => 0
            [661] => 0
            [662] => 0
            [663] => 0
            [664] => 0
            [665] => 0
            [666] => 0
            [667] => 0
            [668] => 0
            [669] => 0
            [670] => 0
            [671] => 0
            [672] => 0
            [673] => 0
            [674] => 0
            [675] => 0
            [676] => 0
            [677] => 0
            [678] => 0
            [679] => 0
            [680] => 0
            [681] => 0
            [682] => 0
            [683] => 0
            [684] => 0
            [685] => 0
            [686] => 0
            [687] => 0
            [688] => 0
            [689] => 0
            [690] => 0
            [691] => 0
            [692] => 0
            [693] => 0
            [694] => 0
            [695] => 0
            [696] => 0
            [697] => 0
            [698] => 0
            [699] => 0
            [700] => 0
            [701] => 0
            [702] => 0
            [703] => 0
            [704] => 0
            [705] => 0
            [706] => 0
            [707] => 0
            [708] => 0
            [709] => 0
            [710] => 0
            [711] => 0
            [712] => 0
            [713] => 0
            [714] => 0
            [715] => 0
            [716] => 0
            [717] => 0
            [718] => 0
            [719] => 0
            [720] => 0
            [721] => 0
            [722] => 0
            [723] => 0
            [724] => 0
            [725] => 0
            [726] => 0
            [727] => 0
            [728] => 0
            [729] => 0
            [730] => 0
            [731] => 0
            [732] => 0
            [733] => 0
            [734] => 0
            [735] => 0
            [736] => 0
            [737] => 0
            [738] => 0
            [739] => 0
            [740] => 0
            [741] => 0
            [742] => 0
            [743] => 0
            [744] => 0
            [745] => 0
            [746] => 0
            [747] => 0
            [748] => 0
            [749] => 0
            [750] => 0
            [751] => 0
            [752] => 0
            [753] => 0
            [754] => 0
            [755] => 0
            [756] => 0
            [757] => 0
            [758] => 0
            [759] => 0
            [760] => 0
            [761] => 0
            [762] => 0
            [763] => 0
            [764] => 0
            [765] => 0
            [766] => 0
            [767] => 0
            [768] => 0
            [769] => 0
            [770] => 0
            [771] => 0
            [772] => 0
            [773] => 0
            [774] => 0
            [775] => 0
            [776] => 0
            [777] => 0
            [778] => 0
            [779] => 0
            [780] => 0
            [781] => 0
            [782] => 0
            [783] => 0
            [784] => 0
            [785] => 0
            [786] => 0
            [787] => 0
            [788] => 0
            [789] => 0
            [790] => 0
            [791] => 0
            [792] => 0
            [793] => 0
            [794] => 0
            [795] => 0
            [796] => 0
            [797] => 0
            [798] => 0
            [799] => 0
            [800] => 0
            [801] => 0
            [802] => 0
            [803] => 0
            [804] => 0
            [805] => 0
            [806] => 0
            [807] => 0
            [808] => 0
            [809] => 0
            [810] => 0
            [811] => 0
            [812] => 0
            [813] => 0
            [814] => 0
            [815] => 0
            [816] => 0
            [817] => 0
            [818] => 0
            [819] => 0
            [820] => 0
            [821] => 0
            [822] => 0
            [823] => 0
            [824] => 0
            [825] => 0
            [826] => 0
            [827] => 0
            [828] => 0
            [829] => 0
            [830] => 0
            [831] => 0
            [832] => 0
            [833] => 0
            [834] => 0
            [835] => 0
            [836] => 0
            [837] => 0
            [838] => 0
            [839] => 0
            [840] => 0
            [841] => 0
            [842] => 0
            [843] => 0
            [844] => 0
            [845] => 0
            [846] => 0
            [847] => 0
            [848] => 0
            [849] => 0
            [850] => 0
            [851] => 0
            [852] => 0
            [853] => 0
            [854] => 0
            [855] => 0
            [856] => 0
            [857] => 0
            [858] => 0
            [859] => 0
            [860] => 0
            [861] => 0
            [862] => 0
            [863] => 0
            [864] => 0
            [865] => 0
            [866] => 0
            [867] => 0
            [868] => 0
            [869] => 0
            [870] => 0
            [871] => 0
            [872] => 0
            [873] => 0
            [874] => 0
            [875] => 0
            [876] => 0
            [877] => 0
            [878] => 0
            [879] => 0
            [880] => 700
            [881] => 800
            [882] => 680
            [883] => 480
            [884] => 550
            [885] => 650
            [886] => 1100
            [887] => 700
            [888] => 1700
            [889] => 5800
            [890] => 700
            [891] => 800
            [892] => 680
            [893] => 480
            [894] => 550
            [895] => 650
            [896] => 1100
            [897] => 700
            [898] => 1700
            [899] => 5800
            [900] => 700
            [901] => 800
            [902] => 680
            [903] => 480
            [904] => 550
            [905] => 650
            [906] => 1100
            [907] => 700
            [908] => 1700
            [909] => 5800
        )

    [E] => 2147483647
    [DELIVER] => Array
        (
            [0] => S9=>P15
            [1] => S9=>P17
            [2] => S9=>P19
            [3] => S9=>P21
            [4] => S9=>P22
            [5] => S9=>P24
            [6] => S9=>P25
            [7] => S8=>P26
            [8] => S9=>P28
            [9] => S9=>P29
            [10] => S9=>P31
            [11] => S9=>P34
            [12] => S9=>P36
            [13] => S10=>P38
            [14] => S9=>P40
            [15] => S8=>P41
            [16] => S9=>P42
            [17] => S9=>P43
            [18] => S8=>P44
            [19] => S9=>P46
            [20] => S1=>P88
            [21] => S2=>P88
            [22] => S3=>P88
            [23] => S4=>P88
            [24] => S5=>P88
            [25] => S6=>P88
            [26] => S7=>P88
            [27] => S8=>P88
            [28] => S9=>P88
            [29] => S10=>P88
            [30] => S1=>P89
            [31] => S2=>P89
            [32] => S3=>P89
            [33] => S4=>P89
            [34] => S5=>P89
            [35] => S6=>P89
            [36] => S7=>P89
            [37] => S8=>P89
            [38] => S9=>P89
            [39] => S10=>P89
            [40] => S1=>P90
            [41] => S2=>P90
            [42] => S3=>P90
            [43] => S4=>P90
            [44] => S5=>P90
            [45] => S6=>P90
            [46] => S7=>P90
            [47] => S8=>P90
            [48] => S9=>P90
            [49] => S10=>P90
        )

    [_raw_output] => 
<<< setup

0 0 -1 0 1 0,25 0,5 0,8 1 0 0 0 0 13
1 2 0 7500 1 0,25 0,5 0,8 1 0 15000 1500 1500 13
2 5 1 950 1 0,25 0,5 0,8 1 0 9800 980 1500 13
3 7 1 940 1 0,25 0,5 0,8 1 0 9100 910 1500 13
4 6 1 960 1 0,25 0,5 0,8 1 0 8500 850 1500 13
5 4 1 910 2 0,25 0,5 0,8 1 0 8400 840 1500 13
6 4 2 930 3 0,25 0,5 0,8 1 0 8300 830 1500 13
7 3 2 850 2 0,25 0,5 0,8 1 0 8100 810 1500 13
8 3 2 830 1 0,25 0,5 0,8 1 0 7500 750 1500 13
9 3 3 840 2 0,25 0,5 0,8 1 0 7400 740 1500 13
10 4 3 800 3 0,25 0,5 0,8 1 0 6700 670 1500 13
11 3 4 740 2 0,25 0,5 0,8 1 0 6650 665 1500 13
12 5 4 710 3 0,25 0,5 0,8 1 0 6600 660 1500 13
13 5 5 650 8 0,25 0,5 0,5 1 0 6500 650 1500 13
14 4 5 690 6 0,25 0,5 0,5 1 0 6100 610 1500 13
15 2 5 750 2 0,25 0,5 0,5 1 0 6090 609 1500 13
16 4 6 710 9 0,25 0,5 0,5 1 0 5920 592 1500 13
17 6 6 630 6 0,25 0,5 0,5 1 0 5780 578 1500 13
18 3 7 600 2 0,25 0,5 0,5 1 0 5700 570 1500 13
19 3 8 620 1 0,25 0,5 0,5 1 0 5580 558 1500 13
20 5 8 650 2 0,25 0,5 0,5 1 0 5360 536 1500 13
21 7 9 590 6 0,25 0,5 0,5 1 0 5160 516 1500 13
22 6 9 560 4 0,25 0,5 0,5 1 0 4830 483 1500 13
23 3 9 640 4 0,25 0,5 0,5 1 0 4450 445 1500 13
24 4 10 450 3 0,25 0,5 0,5 1 0 4310 431 1500 13
25 3 11 540 2 0,25 0,5 0,5 1 0 4020 402 1500 13
26 3 12 530 3 0,25 0,5 0,5 1 0 3700 370 1500 13
27 5 12 570 6 0,25 0,5 0,5 1 0 3590 359 1500 13
28 4 13 450 16 0,25 0,5 0,5 1 0 3400 340 1500 13
29 3 14 530 6 0,25 0,5 0,5 1 0 3280 328 1500 13
30 2 14 540 18 0,25 0,5 0,5 1 0 3020 302 1500 13
31 5 16 520 9 0,25 0,5 0,5 1 0 2840 284 1500 13
32 4 16 560 9 0,25 0,5 0,5 1 0 2650 265 1500 13
33 3 18 530 6 0,25 0,5 0,5 1 0 2510 251 1500 13
34 3 18 360 4 0,25 0,5 0,5 1 0 2410 241 1500 13
35 5 20 440 4 0,25 0,5 0,5 1 0 2260 226 1500 13
36 4 23 390 8 0,25 0,5 0,5 1 0 2100 210 1500 13
37 3 23 400 12 0,25 0,5 0,5 1 0 2100 210 1500 13
38 4 27 410 6 0,25 0,5 0,5 1 0 2010 201 1500 13
39 6 30 420 18 0,25 0,5 0,5 1 0 1860 186 1500 13
40 4 30 370 54 0,25 0,5 0,5 1 0 1820 182 1500 13
41 4 32 390 18 0,25 0,5 0,5 1 0 1680 168 1500 13
42 4 33 360 12 0,25 0,5 0,5 1 0 1570 157 1500 13
43 3 33 340 12 0,25 0,5 0,5 1 0 1550 155 1500 13
44 3 35 330 8 0,25 0,5 0,5 1 0 1500 150 1500 13
45 2 37 340 12 0,25 0,5 0,5 1 0 1400 140 1500 13
46 5 37 340 12 0,25 0,5 0,5 1 0 1370 137 1500 13
47 3 39 150 54 0,25 0,5 0,5 1 0 1320 132 1500 13
48 2 39 160 36 0,25 0,5 0,5 1 0 1220 122 1500 13
49 3 45 90 48 0,25 0,5 0,5 1 0 1120 112 1500 13
50 5 47 60 108 0,25 0,5 0,5 1 0 1090 109 1500 13
51 4 48 70 72 0,25 0,5 0,5 1 0 1050 105 1500 13
52 3 49 80 96 0,25 0,5 0,5 1 0 1000 100 1500 13
53 6 50 50 216 0,25 0,5 0,5 1 0 950 95 1500 13
54 2 51 65 144 0,25 0,5 0,5 1 0 920 92 1500 13
55 4 52 75 192 0,25 0,5 0,5 1 0 880 88 1500 13
56 5 53 45 432 0,25 0,5 0,5 1 0 850 85 1500 13
57 3 54 55 288 0,25 0,5 0,5 1 0 820 82 1500 13
58 6 55 60 384 0,25 0,5 0,5 1 0 790 79 1500 13
59 2 56 40 658 0,25 0,5 0,5 1 0 760 76 1500 13
60 4 57 35 576 0,25 0,5 0,5 1 0 730 73 1500 13
61 3 58 42 658 0,25 0,5 0,5 1 0 700 70 1500 13
62 5 59 38 658 0,25 0,5 0,5 1 0 670 67 1500 13
63 2 60 32 658 0,25 0,5 0,5 1 0 640 64 1500 13
64 4 61 28 658 0,25 0,5 0,5 1 0 610 61 1500 13
65 6 62 25 658 0,25 0,5 0,5 1 0 580 58 1500 13
66 3 63 30 658 0,25 0,5 0,5 1 0 550 55 1500 13
67 5 64 22 658 0,25 0,5 0,5 1 0 520 52 1500 13
68 2 65 20 658 0,25 0,5 0,5 1 0 490 49 1500 13
69 4 66 18 658 0,25 0,5 0,5 1 0 460 46 1500 13
70 6 67 15 658 0,25 0,5 0,5 1 0 430 43 1500 13
71 3 68 12 658 0,25 0,5 0,5 1 0 400 40 1500 13
72 5 69 10 658 0,25 0,5 0,5 1 0 370 37 1500 13
73 2 70 8 658 0,25 0,5 0,5 1 0 340 34 1500 13
74 4 71 6 658 0,25 0,5 0,5 1 0 310 31 1500 13
75 6 72 5 658 0,25 0,5 0,5 1 0 280 28 1500 13
76 3 73 4 658 0,25 0,5 0,5 1 0 250 25 1500 13
77 5 74 3 658 0,25 0,5 0,5 1 0 220 22 1500 13
78 2 75 2 658 0,25 0,5 0,5 1 0 190 19 1500 13
79 4 76 1 658 0,25 0,5 0,5 1 0 160 16 1500 13
80 6 77 1 658 0,25 0,5 0,5 1 0 130 13 1500 13
81 3 78 1 658 0,25 0,5 0,5 1 0 100 10 1500 13
82 5 79 1 658 0,25 0,5 0,5 1 0 70 7 1500 13
83 2 80 1 658 0,25 0,5 0,5 1 0 40 4 1500 13
84 4 81 1 658 0,25 0,5 0,5 1 0 30 3 1500 13
85 6 82 1 658 0,25 0,5 0,5 1 0 20 2 1500 13
86 3 83 1 658 0,25 0,5 0,5 1 0 15 1,5 1500 13
87 5 84 1 658 0,25 0,5 0,5 1 0 10 1 1500 13
88 2 85 1 658 0,25 0,5 0,5 1 0 8 0,8 1500 13
89 4 86 1 658 0,25 0,5 0,5 1 0 5 0,5 1500 13
90 6 87 1 658 0,25 0,5 0,5 1 0 3 0,3 1500 13
Node nums: [0 1 2 3 4 5 6 7 8 9 10 11 12 13 14 15 16 17 18 19 20 21 22 23 24 25 26 27
     28 29 30 31 32 33 34 35 36 37 38 39 40 41 42 43 44 45 46 47 48 49 50 51
     52 53 54 55 56 57 58 59 60 61 62 63 64 65 66 67 68 69 70 71 72 73 74 75
     76 77 78 79 80 81 82 83 84 85 86 87 88 89 90]
xx-Data uploaded-xx
	**** start init su array ...
0 [0 0 0 0 0 0 0 0 0 0]
1 [0 0 0 0 0 0 0 0 0 0]
2 [0 0 0 0 0 0 0 0 0 0]
3 [0 0 0 0 0 0 0 0 0 0]
4 [0 0 0 0 0 0 0 0 0 0]
5 [0 0 0 0 0 0 0 0 0 0]
6 [0 0 0 0 0 0 0 0 0 0]
7 [0 0 0 0 0 0 0 0 0 0]
8 [0 0 0 0 0 0 0 0 0 0]
9 [0 0 0 0 0 0 0 0 0 0]
10 [0 0 0 0 0 0 0 0 0 0]
11 [0 0 0 0 0 0 0 0 0 0]
12 [0 0 0 0 0 0 0 0 0 0]
13 [0 0 0 0 0 0 0 0 0 0]
14 [0 0 0 0 0 0 0 0 0 0]
15 [1 1 1 1 1 1 1 1 1 1]
16 [0 0 0 0 0 0 0 0 0 0]
17 [1 1 1 1 1 1 1 1 1 1]
18 [0 0 0 0 0 0 0 0 0 0]
19 [1 1 1 1 1 1 1 1 1 1]
20 [0 0 0 0 0 0 0 0 0 0]
21 [1 1 1 1 1 1 1 1 1 1]
22 [1 1 1 1 1 1 1 1 1 1]
23 [0 0 0 0 0 0 0 0 0 0]
24 [1 1 1 1 1 1 1 1 1 1]
25 [1 1 1 1 1 1 1 1 1 1]
26 [1 1 1 1 1 1 1 1 1 1]
27 [0 0 0 0 0 0 0 0 0 0]
28 [1 1 1 1 1 1 1 1 1 1]
29 [1 1 1 1 1 1 1 1 1 1]
30 [0 0 0 0 0 0 0 0 0 0]
31 [1 1 1 1 1 1 1 1 1 1]
32 [0 0 0 0 0 0 0 0 0 0]
33 [0 0 0 0 0 0 0 0 0 0]
34 [1 1 1 1 1 1 1 1 1 1]
35 [0 0 0 0 0 0 0 0 0 0]
36 [1 1 1 1 1 1 1 1 1 1]
37 [0 0 0 0 0 0 0 0 0 0]
38 [1 1 1 1 1 1 1 1 1 1]
39 [0 0 0 0 0 0 0 0 0 0]
40 [1 1 1 1 1 1 1 1 1 1]
41 [1 1 1 1 1 1 1 1 1 1]
42 [1 1 1 1 1 1 1 1 1 1]
43 [1 1 1 1 1 1 1 1 1 1]
44 [1 1 1 1 1 1 1 1 1 1]
45 [1 1 1 1 1 1 1 1 1 1]
46 [1 1 1 1 1 1 1 1 1 1]
47 [1 1 1 1 1 1 1 1 1 1]
48 [1 1 1 1 1 1 1 1 1 1]
49 [1 1 1 1 1 1 1 1 1 1]
50 [0 0 0 0 0 0 0 0 0 0]
51 [1 1 1 1 1 1 1 1 1 1]
52 [0 0 0 0 0 0 0 0 0 0]
53 [1 1 1 1 1 1 1 1 1 1]
54 [1 1 1 1 1 1 1 1 1 1]
55 [1 1 1 1 1 1 1 1 1 1]
56 [1 1 1 1 1 1 1 1 1 1]
57 [1 1 1 1 1 1 1 1 1 1]
58 [1 1 1 1 1 1 1 1 1 1]
59 [1 1 1 1 1 1 1 1 1 1]
60 [1 1 1 1 1 1 1 1 1 1]
61 [1 1 1 1 1 1 1 1 1 1]
62 [1 1 1 1 1 1 1 1 1 1]
63 [1 1 1 1 1 1 1 1 1 1]
64 [1 1 1 1 1 1 1 1 1 1]
65 [1 1 1 1 1 1 1 1 1 1]
66 [1 1 1 1 1 1 1 1 1 1]
67 [1 1 1 1 1 1 1 1 1 1]
68 [1 1 1 1 1 1 1 1 1 1]
69 [1 1 1 1 1 1 1 1 1 1]
70 [1 1 1 1 1 1 1 1 1 1]
71 [1 1 1 1 1 1 1 1 1 1]
72 [1 1 1 1 1 1 1 1 1 1]
73 [1 1 1 1 1 1 1 1 1 1]
74 [1 1 1 1 1 1 1 1 1 1]
75 [1 1 1 1 1 1 1 1 1 1]
76 [1 1 1 1 1 1 1 1 1 1]
77 [1 1 1 1 1 1 1 1 1 1]
78 [1 1 1 1 1 1 1 1 1 1]
79 [1 1 1 1 1 1 1 1 1 1]
80 [1 1 1 1 1 1 1 1 1 1]
81 [1 1 1 1 1 1 1 1 1 1]
82 [1 1 1 1 1 1 1 1 1 1]
83 [1 1 1 1 1 1 1 1 1 1]
84 [1 1 1 1 1 1 1 1 1 1]
85 [1 1 1 1 1 1 1 1 1 1]
86 [1 1 1 1 1 1 1 1 1 1]
87 [1 1 1 1 1 1 1 1 1 1]
88 [1 1 1 1 1 1 1 1 1 1]
89 [1 1 1 1 1 1 1 1 1 1]
90 [1 1 1 1 1 1 1 1 1 1]
	**** end init su array ...
1 2 1 700 80 0.85 0.92 0.8 (9)9
2 2 0.9 800 75 0.82 0.90 0.9 (9)9
3 1 1.1 680 90 0.88 0.95 0.5 (9)9
4 1 1 480 100 0.86 0.93 0.6 (9)9
5 5 0.6 550 40 0.72 0.78 1.5 (9)9
6 6 0.5 650 45 0.70 0.75 2.0 (9)9
7 7 0.5 1100 40 0.68 0.72 2.5 (9)9
8 5 0.3 700 30 0.65 0.70 1.8 (9)9
9 9 0.2 1700 15 0.60 0.65 3.5 (9)9
10 1 0.8 5800 40 0.80 0.88 0.7 (9)9

<<< generate

Version identifier: 20.1.0.0 | 2020-11-10 | 9bedb6d68
CPXPARAM_TimeLimit                               300
Tried aggregator 2 times.
MIP Presolve eliminated 46340 rows and 2103 columns.
MIP Presolve modified 196 coefficients.
Aggregator did 52 substitutions.
Reduced MIP has 1576 rows, 848 columns, and 4010 nonzeros.
Reduced MIP has 289 binaries, 559 generals, 0 SOSs, and 0 indicators.
Presolve time = 0,01 sec. (28,13 ticks)
Probing time = 0,00 sec. (0,54 ticks)
Cover probing fixed 0 vars, tightened 20 bounds.
Tried aggregator 1 time.
Detecting symmetries...
MIP Presolve eliminated 60 rows and 0 columns.
MIP Presolve modified 280 coefficients.
Reduced MIP has 1516 rows, 848 columns, and 3890 nonzeros.
Reduced MIP has 289 binaries, 559 generals, 0 SOSs, and 0 indicators.
Presolve time = 0,00 sec. (2,71 ticks)
Probing time = 0,00 sec. (0,50 ticks)
MIP emphasis: balance optimality and feasibility.
MIP search method: dynamic search.
Parallel mode: deterministic, using up to 20 threads.
Root relaxation solution time = 0,00 sec. (3,80 ticks)

        Nodes                                         Cuts/
   Node  Left     Objective  IInf  Best Integer    Best Bound    ItCnt     Gap

*     0+    0                       2,04812e+09 -3101299,0000           100,15%
*     0+    0                       2,04063e+09 -3101299,0000           100,15%
*     0+    0                       2,03314e+09 -3101299,0000           100,15%
      0     0  2404405,0150    46   2,03314e+09  2404405,0150      189   99,88%
      0     0  2411199,3900    34   2,03314e+09      Cuts: 24      214   99,88%
      0     0  2413098,6501    70   2,03314e+09      Cuts: 20      231   99,88%
      0     0  2413109,6903    72   2,03314e+09       Cuts: 2      236   99,88%
*     0+    0                      2461968,0000  2413109,6903             1,98%
*     0+    0                      2438396,0000  2413109,6903             1,04%
      0     0        cutoff        2438396,0000  2438396,0000      236    0,00%
Elapsed time = 0,13 sec. (83,12 ticks, tree = 0,01 MB, solutions = 5)

Implied bound cuts applied:  7
Mixed integer rounding cuts applied:  2
Lift and project cuts applied:  2
Gomory fractional cuts applied:  9

Root node processing (before b&c):
  Real time             =    0,13 sec. (83,30 ticks)
Parallel b&c, 20 threads:
  Real time             =    0,00 sec. (0,00 ticks)
  Sync time (average)   =    0,00 sec.
  Wait time (average)   =    0,00 sec.
                          ------------
Total (root+branch&cut) =    0,13 sec. (83,30 ticks)

<<< solve


OBJECTIVE: 2438396
xxxx
#Result <fct_obj, tot_cst, tot_ldt, Emiss>: <2.4384e+6 2.4366e+6 1797 9.0929e+9>#TS:2436599#A:[0,2,27,57,21,57,22,22,21,50,17,15,15,18,53,11,18,15,19,12,18,16,15,47,13,12,8,10,13,12,49,14,13,16,12,13,13,44,5,47,13,9,13,12,8,41,14,41,40,39,38,38,36,33,34,33,27,32,29,22,29,23,20,25,20,15,23,16,9,20,11,7,16,5,4,11,3,5,5,4,6,3,5,2,4,17,16,20,11,13,15]#X:[0,1,1,1,1,1,0,0,0,0,0,0,0,0,0,0,0,0,0,0,0,0,0,0,0,0,0,0,0,0,0,0,0,0,0,0,0,0,0,0,0,0,0,0,0,0,0,0,0,0,0,0,0,0,0,0,0,0,0,0,0,0,0,0,0,0,0,0,0,0,0,0,0,0,0,0,0,1,0,1,1,0,1,1,1,1,1,1,0,0,0]#Z:[0,0,0,0,0,0,0,0,0,0,0,0,0,0,0,0,0,0,0,0,0,0,0,0,0,0,0,0,0,0,0,0,0,0,0,0,0,0,0,0,0,0,0,0,0,0,0,0,0,0,0,0,0,0,0,0,0,0,0,0,0,0,0,0,0,0,0,0,0,0,0,0,0,0,0,0,0,0,0,0,0,0,0,0,0,0,0,0,0,0,0,0,0,0,0,0,0,0,0,0,0,0,0,0,0,0,0,0,0,0,0,0,0,0,0,0,0,0,0,0,0,0,0,0,0,0,0,0,0,0,0,0,0,0,0,0,0,0,0,0,0,0,0,0,0,0,0,0,0,0,0,0,0,0,0,0,0,0,1,0,0,0,0,0,0,0,0,0,0,0,0,0,0,0,0,0,0,0,1,0,0,0,0,0,0,0,0,0,0,0,0,0,0,0,0,0,0,0,1,0,0,0,0,0,0,0,0,0,0,0,0,0,0,0,0,0,0,0,1,0,0,0,0,0,0,0,0,0,1,0,0,0,0,0,0,0,0,0,0,0,0,0,0,0,0,0,0,0,1,0,0,0,0,0,0,0,0,0,1,0,0,0,0,0,0,0,0,1,0,0,0,0,0,0,0,0,0,0,0,0,0,0,0,0,0,0,0,0,1,0,0,0,0,0,0,0,0,0,1,0,0,0,0,0,0,0,0,0,0,0,0,0,0,0,0,0,0,0,1,0,0,0,0,0,0,0,0,0,0,0,0,0,0,0,0,0,0,0,0,0,0,0,0,0,0,0,0,0,1,0,0,0,0,0,0,0,0,0,0,0,0,0,0,0,0,0,0,0,1,0,0,0,0,0,0,0,0,0,0,0,0,0,0,0,0,0,0,0,0,1,0,0,0,0,0,0,0,0,0,0,0,0,0,0,0,0,0,0,1,0,0,0,0,0,0,0,0,1,0,0,0,0,0,0,0,0,0,0,1,0,0,0,0,0,0,0,0,0,1,0,0,0,0,0,0,0,0,1,0,0,0,0,0,0,0,0,0,0,0,0,0,0,0,0,0,0,0,0,1,0,0,0,0,0,0,0,0,0,0,0,0,0,0,0,0,0,0,0,0,0,0,0,0,0,0,0,0,0,0,0,0,0,0,0,0,0,0,0,0,0,0,0,0,0,0,0,0,0,0,0,0,0,0,0,0,0,0,0,0,0,0,0,0,0,0,0,0,0,0,0,0,0,0,0,0,0,0,0,0,0,0,0,0,0,0,0,0,0,0,0,0,0,0,0,0,0,0,0,0,0,0,0,0,0,0,0,0,0,0,0,0,0,0,0,0,0,0,0,0,0,0,0,0,0,0,0,0,0,0,0,0,0,0,0,0,0,0,0,0,0,0,0,0,0,0,0,0,0,0,0,0,0,0,0,0,0,0,0,0,0,0,0,0,0,0,0,0,0,0,0,0,0,0,0,0,0,0,0,0,0,0,0,0,0,0,0,0,0,0,0,0,0,0,0,0,0,0,0,0,0,0,0,0,0,0,0,0,0,0,0,0,0,0,0,0,0,0,0,0,0,0,0,0,0,0,0,0,0,0,0,0,0,0,0,0,0,0,0,0,0,0,0,0,0,0,0,0,0,0,0,0,0,0,0,0,0,0,0,0,0,0,0,0,0,0,0,0,0,0,0,0,0,0,0,0,0,0,0,0,0,0,0,0,0,0,0,0,0,0,0,0,0,0,0,0,0,0,0,0,0,0,0,0,0,0,0,0,0,0,0,0,0,0,0,0,0,0,0,0,0,0,0,0,0,0,0,0,0,0,0,0,0,0,0,0,0,0,0,0,0,0,0,0,0,0,0,0,0,0,0,0,0,0,0,0,0,0,0,0,0,0,0,0,0,0,0,0,0,0,0,0,0,0,0,0,0,0,0,0,0,0,0,0,0,0,0,0,0,0,0,0,0,0,0,0,0,0,0,0,0,0,0,0,0,0,0,0,0,0,0,1,1,1,1,1,1,1,1,1,1,1,1,1,1,1,1,1,1,1,1,1,1,1,1,1,1,1,1,1,1]#Q:[0,0,0,0,0,0,0,0,0,0,0,0,0,0,0,0,0,0,0,0,0,0,0,0,0,0,0,0,0,0,0,0,0,0,0,0,0,0,0,0,0,0,0,0,0,0,0,0,0,0,0,0,0,0,0,0,0,0,0,0,0,0,0,0,0,0,0,0,0,0,0,0,0,0,0,0,0,0,0,0,0,0,0,0,0,0,0,0,0,0,0,0,0,0,0,0,0,0,0,0,0,0,0,0,0,0,0,0,0,0,0,0,0,0,0,0,0,0,0,0,0,0,0,0,0,0,0,0,0,0,0,0,0,0,0,0,0,0,0,0,0,0,0,0,0,0,0,0,0,0,0,0,0,0,0,0,0,0,40,0,0,0,0,0,0,0,0,0,0,0,0,0,0,0,0,0,0,0,120,0,0,0,0,0,0,0,0,0,0,0,0,0,0,0,0,0,0,0,20,0,0,0,0,0,0,0,0,0,0,0,0,0,0,0,0,0,0,0,120,0,0,0,0,0,0,0,0,0,80,0,0,0,0,0,0,0,0,0,0,0,0,0,0,0,0,0,0,0,60,0,0,0,0,0,0,0,0,0,40,0,0,0,0,0,0,0,0,60,0,0,0,0,0,0,0,0,0,0,0,0,0,0,0,0,0,0,0,0,320,0,0,0,0,0,0,0,0,0,120,0,0,0,0,0,0,0,0,0,0,0,0,0,0,0,0,0,0,0,180,0,0,0,0,0,0,0,0,0,0,0,0,0,0,0,0,0,0,0,0,0,0,0,0,0,0,0,0,0,80,0,0,0,0,0,0,0,0,0,0,0,0,0,0,0,0,0,0,0,160,0,0,0,0,0,0,0,0,0,0,0,0,0,0,0,0,0,0,0,0,120,0,0,0,0,0,0,0,0,0,0,0,0,0,0,0,0,0,0,1080,0,0,0,0,0,0,0,0,360,0,0,0,0,0,0,0,0,0,0,240,0,0,0,0,0,0,0,0,0,240,0,0,0,0,0,0,0,0,160,0,0,0,0,0,0,0,0,0,0,0,0,0,0,0,0,0,0,0,0,240,0,0,0,0,0,0,0,0,0,0,0,0,0,0,0,0,0,0,0,0,0,0,0,0,0,0,0,0,0,0,0,0,0,0,0,0,0,0,0,0,0,0,0,0,0,0,0,0,0,0,0,0,0,0,0,0,0,0,0,0,0,0,0,0,0,0,0,0,0,0,0,0,0,0,0,0,0,0,0,0,0,0,0,0,0,0,0,0,0,0,0,0,0,0,0,0,0,0,0,0,0,0,0,0,0,0,0,0,0,0,0,0,0,0,0,0,0,0,0,0,0,0,0,0,0,0,0,0,0,0,0,0,0,0,0,0,0,0,0,0,0,0,0,0,0,0,0,0,0,0,0,0,0,0,0,0,0,0,0,0,0,0,0,0,0,0,0,0,0,0,0,0,0,0,0,0,0,0,0,0,0,0,0,0,0,0,0,0,0,0,0,0,0,0,0,0,0,0,0,0,0,0,0,0,0,0,0,0,0,0,0,0,0,0,0,0,0,0,0,0,0,0,0,0,0,0,0,0,0,0,0,0,0,0,0,0,0,0,0,0,0,0,0,0,0,0,0,0,0,0,0,0,0,0,0,0,0,0,0,0,0,0,0,0,0,0,0,0,0,0,0,0,0,0,0,0,0,0,0,0,0,0,0,0,0,0,0,0,0,0,0,0,0,0,0,0,0,0,0,0,0,0,0,0,0,0,0,0,0,0,0,0,0,0,0,0,0,0,0,0,0,0,0,0,0,0,0,0,0,0,0,0,0,0,0,0,0,0,0,0,0,0,0,0,0,0,0,0,0,0,0,0,0,0,0,0,0,0,0,0,0,0,0,0,0,0,0,0,0,0,0,0,0,0,0,0,0,0,0,0,0,0,0,0,0,0,0,0,0,0,0,0,0,0,0,0,0,0,0,0,0,0,0,0,0,0,0,0,0,0,0,700,800,680,480,550,650,1100,700,1700,5800,700,800,680,480,550,650,1100,700,1700,5800,700,800,680,480,550,650,1100,700,1700,5800]#E: 2147483647#DELIVER:
S9=>P15
S9=>P17
S9=>P19
S9=>P21
S9=>P22
S9=>P24
S9=>P25
S8=>P26
S9=>P28
S9=>P29
S9=>P31
S9=>P34
S9=>P36
S10=>P38
S9=>P40
S8=>P41
S9=>P42
S9=>P43
S8=>P44
S9=>P46
S1=>P88
S2=>P88
S3=>P88
S4=>P88
S5=>P88
S6=>P88
S7=>P88
S8=>P88
S9=>P88
S10=>P88
S1=>P89
S2=>P89
S3=>P89
S4=>P89
S5=>P89
S6=>P89
S7=>P89
S8=>P89
S9=>P89
S10=>P89
S1=>P90
S2=>P90
S3=>P90
S4=>P90
S5=>P90
S6=>P90
S7=>P90
S8=>P90
S9=>P90
S10=>P90
xxxx

<<< post process


<<< done


)
