Array
(
    [CplexRunTime] => Total (root+branch&cut) =    2,52 sec
    [status] => INFEASIBLE
    [termination_reason] => INFEASIBLE
    [mip_gap] => 
    [Result] => Array
        (
            [Objective] => 31154000
            [TotalCost] => 273090
            [DIO] => 320
            [WIP] => 633100
            [Emissions] => 0
        )

    [CS] => 273094
    [DIO] => 320
    [WIP] => 633096
    [E] => 31154440
    [A] => Array
        (
            [0] => 1
            [1] => 9
            [2] => 26
            [3] => 24
            [4] => 7
            [5] => 12
            [6] => 22
            [7] => 19
            [8] => 20
            [9] => 16
            [10] => 16
            [11] => 2
            [12] => 2
            [13] => 8
            [14] => 10
            [15] => 10
            [16] => 14
            [17] => 12
            [18] => 16
            [19] => 11
            [20] => 14
            [21] => 11
            [22] => 11
            [23] => 8
            [24] => 7
            [25] => 12
        )

    [X] => Array
        (
            [0] => 0
            [1] => 1
            [2] => 1
            [3] => 1
            [4] => 1
            [5] => 1
            [6] => 0
            [7] => 0
            [8] => 0
            [9] => 0
            [10] => 0
            [11] => 0
            [12] => 0
            [13] => 0
            [14] => 0
            [15] => 0
            [16] => 0
            [17] => 0
            [18] => 0
            [19] => 0
            [20] => 0
            [21] => 0
            [22] => 0
            [23] => 0
            [24] => 0
            [25] => 1
        )

    [DELIVER] => Array
        (
            [0] => S10=>P12
            [1] => S8=>P13
            [2] => S9=>P14
            [3] => S10=>P15
            [4] => S8=>P16
            [5] => S9=>P17
            [6] => S9=>P18
            [7] => S9=>P19
            [8] => S8=>P20
            [9] => S9=>P21
            [10] => S8=>P22
            [11] => S8=>P23
            [12] => S10=>P24
            [13] => S8=>P25
        )

    [_raw_output] => 
<<< setup

0 0 -1 0 1 0,25 0,5 0,8 1 0 0 0 0  14
1 9 0 1500 1 0,25 0,5 0,8 1 0 8500 850 1500  14
2 4 1 150 1 0,25 0,5 0,8 1 0 4200 520 1500  14
3 8 1 310 1 0,25 0,5 0,8 1 0 6200 620 1500  14
4 5 1 130 3 0,25 0,5 0,8 1 0 3400 340 1500  14
5 2 1 100 2 0,25 0,5 0,8 1 0 2700 270 1500  14
6 8 2 95 3 0,25 0,5 0,8 1 0 2900 290 1500  14
7 3 2 90 2 0,25 0,5 0,8 1 0 3200 320 1500  14
8 6 2 85 1 0,25 0,5 0,8 1 0 1900 190 1500  14
9 5 3 88 2 0,25 0,5 0,8 1 0 1550 155 1500  14
10 9 3 83 3 0,25 0,5 0,8 1 0 1400 140 1500  14
11 2 4 77 2 0,25 0,5 0,8 1 0 1450 145 1500  14
12 1 4 73 3 0,25 0,5 0,8 1 0 1250 125 1500  14
13 3 5 67 8 0,25 0,5 0,5 1 0 1300 130 1500  14
14 1 5 71 6 0,25 0,5 0,5 1 0 1300 130 1500  14
15 9 5 75 2 0,25 0,5 0,5 1 0 1300 130 1500  14
16 9 6 69 9 0,25 0,5 0,5 1 0 2300 230 1500  14
17 3 6 63 6 0,25 0,5 0,5 1 0 2200 220 1500  14
18 7 7 60 2 0,25 0,5 0,5 1 0 2500 250 1500  14
19 2 8 61 1 0,25 0,5 0,5 1 0 1400 140 1500  14
20 9 8 65 2 0,25 0,5 0,5 1 0 1600 160 1500  14
21 2 9 59 6 0,25 0,5 0,5 1 0 1250 125 1500  14
22 6 9 56 4 0,25 0,5 0,5 1 0 1200 120 1500  14
23 3 9 64 4 0,25 0,5 0,5 1 0 1150 115 1500  14
24 6 10 50 3 0,25 0,5 0,5 1 0 1050 105 1500  14
25 7 11 54 2 0,25 0,5 0,5 1 0 1100 110 1500  14
Node nums: [0 1 2 3 4 5 6 7 8 9 10 11 12 13 14 15 16 17 18 19 20 21 22 23 24 25]
xx-Data uploaded-xx
	**** start init su array ...
0 [0 0 0 0 0 0 0 0 0 0]
1 [0 0 0 0 0 0 0 0 0 0]
2 [0 0 0 0 0 0 0 0 0 0]
3 [0 0 0 0 0 0 0 0 0 0]
4 [0 0 0 0 0 0 0 0 0 0]
5 [0 0 0 0 0 0 0 0 0 0]
6 [0 0 0 0 0 0 0 0 0 0]
7 [0 0 0 0 0 0 0 0 0 0]
8 [0 0 0 0 0 0 0 0 0 0]
9 [0 0 0 0 0 0 0 0 0 0]
10 [0 0 0 0 0 0 0 0 0 0]
11 [0 0 0 0 0 0 0 0 0 0]
12 [1 1 1 1 1 1 1 1 1 1]
13 [1 1 1 1 1 1 1 1 1 1]
14 [1 1 1 1 1 1 1 1 1 1]
15 [1 1 1 1 1 1 1 1 1 1]
16 [1 1 1 1 1 1 1 1 1 1]
17 [1 1 1 1 1 1 1 1 1 1]
18 [1 1 1 1 1 1 1 1 1 1]
19 [1 1 1 1 1 1 1 1 1 1]
20 [1 1 1 1 1 1 1 1 1 1]
21 [1 1 1 1 1 1 1 1 1 1]
22 [1 1 1 1 1 1 1 1 1 1]
23 [1 1 1 1 1 1 1 1 1 1]
24 [1 1 1 1 1 1 1 1 1 1]
25 [1 1 1 1 1 1 1 1 1 1]
	**** end init su array ...
1 2 1 700 80 0.85 0.92 0.8 (9)9
2 2 0.9 800 75 0.82 0.90 0.9 (9)9
3 1 1.1 680 90 0.88 0.95 0.5 (9)9
4 1 1 480 100 0.86 0.93 0.6 (9)9
5 5 0.6 550 40 0.72 0.78 1.5 (9)9
6 6 0.5 650 45 0.70 0.75 2.0 (9)9
7 7 0.5 1100 40 0.68 0.72 2.5 (9)9
8 5 0.3 700 30 0.65 0.70 1.8 (9)9
9 9 0.2 1700 15 0.60 0.65 3.5 (9)9
10 1 0.8 5800 40 0.80 0.88 0.7 (9)9

<<< generate

Version identifier: 20.1.0.0 | 2020-11-10 | 9bedb6d68
CPXPARAM_TimeLimit                               300
Tried aggregator 2 times.
MIP Presolve eliminated 4300 rows and 363 columns.
MIP Presolve modified 714 coefficients.
Aggregator did 2 substitutions.
Reduced MIP has 966 rows, 493 columns, and 2816 nonzeros.
Reduced MIP has 164 binaries, 329 generals, 0 SOSs, and 0 indicators.
Presolve time = 0,00 sec. (5,79 ticks)
Probing fixed 0 vars, tightened 202 bounds.
Probing time = 0,00 sec. (1,06 ticks)
Cover probing fixed 0 vars, tightened 14 bounds.
Tried aggregator 1 time.
Detecting symmetries...
MIP Presolve eliminated 42 rows and 0 columns.
MIP Presolve modified 487 coefficients.
Reduced MIP has 924 rows, 493 columns, and 2732 nonzeros.
Reduced MIP has 164 binaries, 329 generals, 0 SOSs, and 0 indicators.
Presolve time = 0,00 sec. (1,92 ticks)
Probing fixed 0 vars, tightened 7 bounds.
Probing time = 0,00 sec. (0,53 ticks)
Clique table members: 2.
MIP emphasis: balance optimality and feasibility.
MIP search method: dynamic search.
Parallel mode: deterministic, using up to 20 threads.
Root relaxation solution time = 0,00 sec. (3,87 ticks)

        Nodes                                         Cuts/
   Node  Left     Objective  IInf  Best Integer    Best Bound    ItCnt     Gap

      0     0   1,79219e+07   178                 1,79219e+07      237         
      0     0   1,89239e+07   189                   Cuts: 158      392         
      0     0   1,93206e+07   179                    Cuts: 92      476         
      0     0   1,94562e+07   177                    Cuts: 41      526         
      0     0   1,95461e+07   212                    Cuts: 38      563         
      0     0   1,96138e+07   194                    Cuts: 43      612         
Detecting symmetries...
      0     0   1,96557e+07   201                    Cuts: 20      631         
      0     0   1,97256e+07   191                    Cuts: 18      655         
      0     0   1,97641e+07   192                    Cuts: 20      681         
      0     0   1,98081e+07   196                    Cuts: 35      721         
      0     0   1,98195e+07   201                    Cuts: 23      744         
      0     0   1,98389e+07   202                    Cuts: 16      763         
      0     0   1,98468e+07   192                    Cuts: 19      776         
      0     0   1,98549e+07   212                    Cuts: 12      789         
      0     0   1,98609e+07   202                    Cuts: 17      804         
      0     0   1,98639e+07   209                    Cuts: 11      816         
      0     0   1,98765e+07   204                    Cuts: 18      840         
      0     0   1,98793e+07   190                    Cuts: 12      851         
Detecting symmetries...
      0     2   1,98793e+07   190                 2,00935e+07      851         
Elapsed time = 0,27 sec. (221,94 ticks, tree = 0,02 MB, solutions = 0)
   5446  2020    infeasible                       2,30417e+07    92382         
  11565  3554    infeasible                       2,40504e+07   208327         
  17215  4023   2,71643e+07    39                 2,46188e+07   304194         
  23742  3998   2,62354e+07   102                 2,54739e+07   419732         
* 28203+ 3351                       3,11545e+07   2,60466e+07            16,40%
* 28338  3114      integral     0   3,11545e+07   2,60608e+07   512701   16,35%
  29698  2804        cutoff         3,11545e+07   2,61594e+07   531465   16,03%

Performing restart 1

Repeating presolve.
Tried aggregator 1 time.
MIP Presolve modified 136 coefficients.
Reduced MIP has 924 rows, 493 columns, and 2732 nonzeros.
Reduced MIP has 164 binaries, 329 generals, 0 SOSs, and 0 indicators.
Presolve time = 0,00 sec. (1,44 ticks)
Tried aggregator 1 time.
MIP Presolve modified 10 coefficients.
Reduced MIP has 924 rows, 493 columns, and 2732 nonzeros.
Reduced MIP has 164 binaries, 329 generals, 0 SOSs, and 0 indicators.
Presolve time = 0,00 sec. (1,90 ticks)
Represolve time = 0,02 sec. (12,90 ticks)
* 29953+    0                       3,11544e+07   2,65030e+07            14,93%
  29953     0   2,09877e+07   249   3,11544e+07     Cuts: 227   551209   14,93%
  29953     0   2,15975e+07   232   3,11544e+07     Cuts: 128   551302   14,93%
  29953     0   2,19008e+07   249   3,11544e+07     Cuts: 144   551408   14,93%
  29953     0   2,21026e+07   257   3,11544e+07     Cuts: 108   551505   14,93%
  29953     0   2,23335e+07   249   3,11544e+07     Cuts: 109   551591   14,93%
  29953     0   2,24449e+07   256   3,11544e+07     Cuts: 105   551669   14,93%
  29953     0   2,26189e+07   243   3,11544e+07      Cuts: 92   551736   14,93%
  29953     0   2,28076e+07   258   3,11544e+07      Cuts: 89   551805   14,93%
  29953     2   2,28076e+07   258   3,11544e+07   2,65030e+07   551805   14,93%

Implied bound cuts applied:  6
Flow cuts applied:  17
Mixed integer rounding cuts applied:  88
Zero-half cuts applied:  8
Lift and project cuts applied:  10
Gomory fractional cuts applied:  40

Root node processing (before b&c):
  Real time             =    0,25 sec. (221,40 ticks)
Parallel b&c, 20 threads:
  Real time             =    2,27 sec. (1744,84 ticks)
  Sync time (average)   =    0,53 sec.
  Wait time (average)   =    0,01 sec.
                          ------------
Total (root+branch&cut) =    2,52 sec. (1966,24 ticks)

<<< solve


OBJECTIVE: 3.115444e+7
xxxx
#Result <fct_obj, tot_cost, DIO, WIP, Emiss>: <3.1154e+7 2.7309e+5 320 6.331e+5 3.1154e+7 24910 2.4818e+5 0>#CS:273094#DIO:320#WIP:633096#E: 31154440#A:[1,9,26,24,7,12,22,19,20,16,16,2,2,8,10,10,14,12,16,11,14,11,11,8,7,12]#X:[0,1,1,1,1,1,0,0,0,0,0,0,0,0,0,0,0,0,0,0,0,0,0,0,0,1]#DELIVER:
S10=>P12
S8=>P13
S9=>P14
S10=>P15
S8=>P16
S9=>P17
S9=>P18
S9=>P19
S8=>P20
S9=>P21
S8=>P22
S8=>P23
S10=>P24
S8=>P25
xxxx

<<< post process


<<< done


)
