Array
(
    [CplexRunTime] => Total (root+branch&cut) =    0,09 sec
    [status] => OPTIMAL
    [termination_reason] => OPTIMAL
    [mip_gap] => 0
    [Result] => Array
        (
            [Objective] => 1201300
            [TotalCost] => 1200800
            [LeadTime] => 531
            [Emissions] => 101720000
        )

    [TS] => 1200760
    [A] => Array
        (
            [0] => 0
            [1] => 2
            [2] => 23
            [3] => 22
            [4] => 21
            [5] => 23
            [6] => 18
            [7] => 18
            [8] => 18
            [9] => 15
            [10] => 13
            [11] => 15
            [12] => 15
            [13] => 18
            [14] => 19
            [15] => 11
            [16] => 14
            [17] => 11
            [18] => 15
            [19] => 12
            [20] => 15
            [21] => 12
            [22] => 11
            [23] => 12
            [24] => 9
            [25] => 12
            [26] => 8
            [27] => 10
            [28] => 13
            [29] => 12
            [30] => 15
            [31] => 10
            [32] => 9
            [33] => 12
            [34] => 12
            [35] => 10
            [36] => 9
            [37] => 8
            [38] => 5
            [39] => 11
            [40] => 13
        )

    [X] => Array
        (
            [0] => 0
            [1] => 1
            [2] => 1
            [3] => 1
            [4] => 1
            [5] => 1
            [6] => 0
            [7] => 0
            [8] => 0
            [9] => 0
            [10] => 0
            [11] => 0
            [12] => 0
            [13] => 0
            [14] => 0
            [15] => 0
            [16] => 0
            [17] => 0
            [18] => 0
            [19] => 0
            [20] => 0
            [21] => 0
            [22] => 0
            [23] => 0
            [24] => 0
            [25] => 0
            [26] => 0
            [27] => 0
            [28] => 0
            [29] => 0
            [30] => 0
            [31] => 0
            [32] => 0
            [33] => 0
            [34] => 0
            [35] => 0
            [36] => 0
            [37] => 0
            [38] => 0
            [39] => 0
            [40] => 0
        )

    [Z] => Array
        (
            [0] => 0
            [1] => 0
            [2] => 0
            [3] => 0
            [4] => 0
            [5] => 0
            [6] => 0
            [7] => 0
            [8] => 0
            [9] => 0
            [10] => 0
            [11] => 0
            [12] => 0
            [13] => 0
            [14] => 0
            [15] => 0
            [16] => 0
            [17] => 0
            [18] => 0
            [19] => 0
            [20] => 0
            [21] => 0
            [22] => 0
            [23] => 0
            [24] => 0
            [25] => 0
            [26] => 0
            [27] => 0
            [28] => 0
            [29] => 0
            [30] => 0
            [31] => 0
            [32] => 0
            [33] => 0
            [34] => 0
            [35] => 0
            [36] => 0
            [37] => 0
            [38] => 0
            [39] => 0
            [40] => 0
            [41] => 0
            [42] => 0
            [43] => 0
            [44] => 0
            [45] => 0
            [46] => 0
            [47] => 0
            [48] => 0
            [49] => 0
            [50] => 0
            [51] => 0
            [52] => 0
            [53] => 0
            [54] => 0
            [55] => 0
            [56] => 0
            [57] => 0
            [58] => 0
            [59] => 0
            [60] => 0
            [61] => 0
            [62] => 0
            [63] => 0
            [64] => 0
            [65] => 0
            [66] => 0
            [67] => 0
            [68] => 0
            [69] => 0
            [70] => 0
            [71] => 0
            [72] => 0
            [73] => 0
            [74] => 0
            [75] => 0
            [76] => 0
            [77] => 0
            [78] => 0
            [79] => 0
            [80] => 0
            [81] => 0
            [82] => 0
            [83] => 0
            [84] => 0
            [85] => 0
            [86] => 0
            [87] => 0
            [88] => 0
            [89] => 0
            [90] => 0
            [91] => 0
            [92] => 0
            [93] => 0
            [94] => 0
            [95] => 0
            [96] => 0
            [97] => 0
            [98] => 0
            [99] => 0
            [100] => 0
            [101] => 0
            [102] => 0
            [103] => 0
            [104] => 0
            [105] => 0
            [106] => 0
            [107] => 0
            [108] => 0
            [109] => 0
            [110] => 0
            [111] => 0
            [112] => 0
            [113] => 0
            [114] => 0
            [115] => 0
            [116] => 0
            [117] => 0
            [118] => 0
            [119] => 0
            [120] => 0
            [121] => 0
            [122] => 0
            [123] => 0
            [124] => 0
            [125] => 0
            [126] => 0
            [127] => 0
            [128] => 0
            [129] => 0
            [130] => 0
            [131] => 0
            [132] => 0
            [133] => 0
            [134] => 0
            [135] => 0
            [136] => 0
            [137] => 0
            [138] => 0
            [139] => 0
            [140] => 0
            [141] => 0
            [142] => 0
            [143] => 0
            [144] => 0
            [145] => 0
            [146] => 0
            [147] => 0
            [148] => 0
            [149] => 0
            [150] => 0
            [151] => 0
            [152] => 0
            [153] => 0
            [154] => 0
            [155] => 0
            [156] => 0
            [157] => 0
            [158] => 1
            [159] => 0
            [160] => 0
            [161] => 0
            [162] => 0
            [163] => 0
            [164] => 0
            [165] => 0
            [166] => 0
            [167] => 0
            [168] => 0
            [169] => 0
            [170] => 0
            [171] => 0
            [172] => 0
            [173] => 0
            [174] => 0
            [175] => 0
            [176] => 0
            [177] => 1
            [178] => 0
            [179] => 0
            [180] => 0
            [181] => 0
            [182] => 0
            [183] => 0
            [184] => 0
            [185] => 0
            [186] => 0
            [187] => 0
            [188] => 0
            [189] => 0
            [190] => 0
            [191] => 0
            [192] => 0
            [193] => 0
            [194] => 0
            [195] => 0
            [196] => 0
            [197] => 0
            [198] => 1
            [199] => 0
            [200] => 0
            [201] => 0
            [202] => 0
            [203] => 0
            [204] => 0
            [205] => 0
            [206] => 0
            [207] => 0
            [208] => 0
            [209] => 0
            [210] => 0
            [211] => 0
            [212] => 0
            [213] => 0
            [214] => 0
            [215] => 0
            [216] => 0
            [217] => 1
            [218] => 0
            [219] => 0
            [220] => 0
            [221] => 0
            [222] => 0
            [223] => 0
            [224] => 0
            [225] => 0
            [226] => 0
            [227] => 1
            [228] => 0
            [229] => 0
            [230] => 0
            [231] => 0
            [232] => 0
            [233] => 0
            [234] => 0
            [235] => 0
            [236] => 0
            [237] => 0
            [238] => 0
            [239] => 0
            [240] => 0
            [241] => 0
            [242] => 0
            [243] => 0
            [244] => 0
            [245] => 0
            [246] => 0
            [247] => 1
            [248] => 0
            [249] => 0
            [250] => 0
            [251] => 0
            [252] => 0
            [253] => 0
            [254] => 0
            [255] => 0
            [256] => 0
            [257] => 0
            [258] => 1
            [259] => 0
            [260] => 0
            [261] => 0
            [262] => 0
            [263] => 0
            [264] => 0
            [265] => 0
            [266] => 0
            [267] => 1
            [268] => 0
            [269] => 0
            [270] => 0
            [271] => 0
            [272] => 0
            [273] => 0
            [274] => 0
            [275] => 0
            [276] => 0
            [277] => 0
            [278] => 0
            [279] => 0
            [280] => 0
            [281] => 0
            [282] => 0
            [283] => 0
            [284] => 0
            [285] => 0
            [286] => 0
            [287] => 0
            [288] => 1
            [289] => 0
            [290] => 0
            [291] => 0
            [292] => 0
            [293] => 0
            [294] => 0
            [295] => 0
            [296] => 0
            [297] => 0
            [298] => 1
            [299] => 0
            [300] => 0
            [301] => 0
            [302] => 0
            [303] => 0
            [304] => 0
            [305] => 0
            [306] => 0
            [307] => 0
            [308] => 0
            [309] => 0
            [310] => 0
            [311] => 0
            [312] => 0
            [313] => 0
            [314] => 0
            [315] => 0
            [316] => 0
            [317] => 1
            [318] => 0
            [319] => 0
            [320] => 0
            [321] => 0
            [322] => 0
            [323] => 0
            [324] => 0
            [325] => 0
            [326] => 0
            [327] => 1
            [328] => 0
            [329] => 0
            [330] => 0
            [331] => 0
            [332] => 0
            [333] => 0
            [334] => 0
            [335] => 0
            [336] => 0
            [337] => 0
            [338] => 1
            [339] => 0
            [340] => 0
            [341] => 0
            [342] => 0
            [343] => 0
            [344] => 0
            [345] => 0
            [346] => 0
            [347] => 0
            [348] => 1
            [349] => 0
            [350] => 0
            [351] => 0
            [352] => 0
            [353] => 0
            [354] => 0
            [355] => 0
            [356] => 0
            [357] => 1
            [358] => 0
            [359] => 0
            [360] => 0
            [361] => 0
            [362] => 0
            [363] => 0
            [364] => 0
            [365] => 0
            [366] => 0
            [367] => 1
            [368] => 0
            [369] => 0
            [370] => 0
            [371] => 0
            [372] => 0
            [373] => 0
            [374] => 0
            [375] => 0
            [376] => 0
            [377] => 1
            [378] => 0
            [379] => 0
            [380] => 0
            [381] => 0
            [382] => 0
            [383] => 0
            [384] => 0
            [385] => 0
            [386] => 0
            [387] => 0
            [388] => 0
            [389] => 1
            [390] => 0
            [391] => 0
            [392] => 0
            [393] => 0
            [394] => 0
            [395] => 0
            [396] => 0
            [397] => 1
            [398] => 0
            [399] => 0
            [400] => 0
            [401] => 0
            [402] => 0
            [403] => 0
            [404] => 0
            [405] => 0
            [406] => 0
            [407] => 0
            [408] => 1
            [409] => 0
        )

    [Q] => Array
        (
            [0] => 0
            [1] => 0
            [2] => 0
            [3] => 0
            [4] => 0
            [5] => 0
            [6] => 0
            [7] => 0
            [8] => 0
            [9] => 0
            [10] => 0
            [11] => 0
            [12] => 0
            [13] => 0
            [14] => 0
            [15] => 0
            [16] => 0
            [17] => 0
            [18] => 0
            [19] => 0
            [20] => 0
            [21] => 0
            [22] => 0
            [23] => 0
            [24] => 0
            [25] => 0
            [26] => 0
            [27] => 0
            [28] => 0
            [29] => 0
            [30] => 0
            [31] => 0
            [32] => 0
            [33] => 0
            [34] => 0
            [35] => 0
            [36] => 0
            [37] => 0
            [38] => 0
            [39] => 0
            [40] => 0
            [41] => 0
            [42] => 0
            [43] => 0
            [44] => 0
            [45] => 0
            [46] => 0
            [47] => 0
            [48] => 0
            [49] => 0
            [50] => 0
            [51] => 0
            [52] => 0
            [53] => 0
            [54] => 0
            [55] => 0
            [56] => 0
            [57] => 0
            [58] => 0
            [59] => 0
            [60] => 0
            [61] => 0
            [62] => 0
            [63] => 0
            [64] => 0
            [65] => 0
            [66] => 0
            [67] => 0
            [68] => 0
            [69] => 0
            [70] => 0
            [71] => 0
            [72] => 0
            [73] => 0
            [74] => 0
            [75] => 0
            [76] => 0
            [77] => 0
            [78] => 0
            [79] => 0
            [80] => 0
            [81] => 0
            [82] => 0
            [83] => 0
            [84] => 0
            [85] => 0
            [86] => 0
            [87] => 0
            [88] => 0
            [89] => 0
            [90] => 0
            [91] => 0
            [92] => 0
            [93] => 0
            [94] => 0
            [95] => 0
            [96] => 0
            [97] => 0
            [98] => 0
            [99] => 0
            [100] => 0
            [101] => 0
            [102] => 0
            [103] => 0
            [104] => 0
            [105] => 0
            [106] => 0
            [107] => 0
            [108] => 0
            [109] => 0
            [110] => 0
            [111] => 0
            [112] => 0
            [113] => 0
            [114] => 0
            [115] => 0
            [116] => 0
            [117] => 0
            [118] => 0
            [119] => 0
            [120] => 0
            [121] => 0
            [122] => 0
            [123] => 0
            [124] => 0
            [125] => 0
            [126] => 0
            [127] => 0
            [128] => 0
            [129] => 0
            [130] => 0
            [131] => 0
            [132] => 0
            [133] => 0
            [134] => 0
            [135] => 0
            [136] => 0
            [137] => 0
            [138] => 0
            [139] => 0
            [140] => 0
            [141] => 0
            [142] => 0
            [143] => 0
            [144] => 0
            [145] => 0
            [146] => 0
            [147] => 0
            [148] => 0
            [149] => 0
            [150] => 0
            [151] => 0
            [152] => 0
            [153] => 0
            [154] => 0
            [155] => 0
            [156] => 0
            [157] => 0
            [158] => 40
            [159] => 0
            [160] => 0
            [161] => 0
            [162] => 0
            [163] => 0
            [164] => 0
            [165] => 0
            [166] => 0
            [167] => 0
            [168] => 0
            [169] => 0
            [170] => 0
            [171] => 0
            [172] => 0
            [173] => 0
            [174] => 0
            [175] => 0
            [176] => 0
            [177] => 120
            [178] => 0
            [179] => 0
            [180] => 0
            [181] => 0
            [182] => 0
            [183] => 0
            [184] => 0
            [185] => 0
            [186] => 0
            [187] => 0
            [188] => 0
            [189] => 0
            [190] => 0
            [191] => 0
            [192] => 0
            [193] => 0
            [194] => 0
            [195] => 0
            [196] => 0
            [197] => 0
            [198] => 20
            [199] => 0
            [200] => 0
            [201] => 0
            [202] => 0
            [203] => 0
            [204] => 0
            [205] => 0
            [206] => 0
            [207] => 0
            [208] => 0
            [209] => 0
            [210] => 0
            [211] => 0
            [212] => 0
            [213] => 0
            [214] => 0
            [215] => 0
            [216] => 0
            [217] => 120
            [218] => 0
            [219] => 0
            [220] => 0
            [221] => 0
            [222] => 0
            [223] => 0
            [224] => 0
            [225] => 0
            [226] => 0
            [227] => 80
            [228] => 0
            [229] => 0
            [230] => 0
            [231] => 0
            [232] => 0
            [233] => 0
            [234] => 0
            [235] => 0
            [236] => 0
            [237] => 0
            [238] => 0
            [239] => 0
            [240] => 0
            [241] => 0
            [242] => 0
            [243] => 0
            [244] => 0
            [245] => 0
            [246] => 0
            [247] => 60
            [248] => 0
            [249] => 0
            [250] => 0
            [251] => 0
            [252] => 0
            [253] => 0
            [254] => 0
            [255] => 0
            [256] => 0
            [257] => 0
            [258] => 40
            [259] => 0
            [260] => 0
            [261] => 0
            [262] => 0
            [263] => 0
            [264] => 0
            [265] => 0
            [266] => 0
            [267] => 60
            [268] => 0
            [269] => 0
            [270] => 0
            [271] => 0
            [272] => 0
            [273] => 0
            [274] => 0
            [275] => 0
            [276] => 0
            [277] => 0
            [278] => 0
            [279] => 0
            [280] => 0
            [281] => 0
            [282] => 0
            [283] => 0
            [284] => 0
            [285] => 0
            [286] => 0
            [287] => 0
            [288] => 320
            [289] => 0
            [290] => 0
            [291] => 0
            [292] => 0
            [293] => 0
            [294] => 0
            [295] => 0
            [296] => 0
            [297] => 0
            [298] => 120
            [299] => 0
            [300] => 0
            [301] => 0
            [302] => 0
            [303] => 0
            [304] => 0
            [305] => 0
            [306] => 0
            [307] => 0
            [308] => 0
            [309] => 0
            [310] => 0
            [311] => 0
            [312] => 0
            [313] => 0
            [314] => 0
            [315] => 0
            [316] => 0
            [317] => 180
            [318] => 0
            [319] => 0
            [320] => 0
            [321] => 0
            [322] => 0
            [323] => 0
            [324] => 0
            [325] => 0
            [326] => 0
            [327] => 180
            [328] => 0
            [329] => 0
            [330] => 0
            [331] => 0
            [332] => 0
            [333] => 0
            [334] => 0
            [335] => 0
            [336] => 0
            [337] => 0
            [338] => 120
            [339] => 0
            [340] => 0
            [341] => 0
            [342] => 0
            [343] => 0
            [344] => 0
            [345] => 0
            [346] => 0
            [347] => 0
            [348] => 80
            [349] => 0
            [350] => 0
            [351] => 0
            [352] => 0
            [353] => 0
            [354] => 0
            [355] => 0
            [356] => 0
            [357] => 80
            [358] => 0
            [359] => 0
            [360] => 0
            [361] => 0
            [362] => 0
            [363] => 0
            [364] => 0
            [365] => 0
            [366] => 0
            [367] => 160
            [368] => 0
            [369] => 0
            [370] => 0
            [371] => 0
            [372] => 0
            [373] => 0
            [374] => 0
            [375] => 0
            [376] => 0
            [377] => 240
            [378] => 0
            [379] => 0
            [380] => 0
            [381] => 0
            [382] => 0
            [383] => 0
            [384] => 0
            [385] => 0
            [386] => 0
            [387] => 0
            [388] => 0
            [389] => 120
            [390] => 0
            [391] => 0
            [392] => 0
            [393] => 0
            [394] => 0
            [395] => 0
            [396] => 0
            [397] => 360
            [398] => 0
            [399] => 0
            [400] => 0
            [401] => 0
            [402] => 0
            [403] => 0
            [404] => 0
            [405] => 0
            [406] => 0
            [407] => 0
            [408] => 1080
            [409] => 0
        )

    [E] => 101719560
    [DELIVER] => Array
        (
            [0] => S9=>P15
            [1] => S8=>P17
            [2] => S9=>P19
            [3] => S8=>P21
            [4] => S8=>P22
            [5] => S8=>P24
            [6] => S9=>P25
            [7] => S8=>P26
            [8] => S9=>P28
            [9] => S9=>P29
            [10] => S8=>P31
            [11] => S8=>P32
            [12] => S9=>P33
            [13] => S9=>P34
            [14] => S8=>P35
            [15] => S8=>P36
            [16] => S8=>P37
            [17] => S10=>P38
            [18] => S8=>P39
            [19] => S9=>P40
        )

    [_raw_output] => 
<<< setup

0 0 -1 0 1 0,25 0,5 0,8 1 0 0 0 0 13
1 2 0 4500 1 0,25 0,5 0,8 1 0 9500 950 1500 13
2 5 1 880 1 0,25 0,5 0,8 1 0 9200 920 1500 13
3 7 1 870 1 0,25 0,5 0,8 1 0 8500 850 1500 13
4 6 1 890 1 0,25 0,5 0,8 1 0 7900 790 1500 13
5 4 1 840 2 0,25 0,5 0,8 1 0 7800 780 1500 13
6 4 2 860 3 0,25 0,5 0,8 1 0 7700 770 1500 13
7 3 2 780 2 0,25 0,5 0,8 1 0 7500 750 1500 13
8 3 2 760 1 0,25 0,5 0,8 1 0 6900 690 1500 13
9 3 3 770 2 0,25 0,5 0,8 1 0 6800 680 1500 13
10 4 3 730 3 0,25 0,5 0,8 1 0 6100 610 1500 13
11 3 4 670 2 0,25 0,5 0,8 1 0 6050 605 1500 13
12 5 4 640 3 0,25 0,5 0,8 1 0 6000 600 1500 13
13 5 5 580 8 0,25 0,5 0,5 1 0 5900 590 1500 13
14 4 5 620 6 0,25 0,5 0,5 1 0 5500 550 1500 13
15 2 5 680 2 0,25 0,5 0,5 1 0 5490 549 1500 13
16 4 6 640 9 0,25 0,5 0,5 1 0 5320 532 1500 13
17 6 6 560 6 0,25 0,5 0,5 1 0 5180 518 1500 13
18 3 7 530 2 0,25 0,5 0,5 1 0 5100 510 1500 13
19 3 8 550 1 0,25 0,5 0,5 1 0 4980 498 1500 13
20 5 8 580 2 0,25 0,5 0,5 1 0 4760 476 1500 13
21 7 9 520 6 0,25 0,5 0,5 1 0 4560 456 1500 13
22 6 9 490 4 0,25 0,5 0,5 1 0 4230 423 1500 13
23 3 9 570 4 0,25 0,5 0,5 1 0 3850 385 1500 13
24 4 10 380 3 0,25 0,5 0,5 1 0 3710 371 1500 13
25 3 11 470 2 0,25 0,5 0,5 1 0 3420 342 1500 13
26 3 12 460 3 0,25 0,5 0,5 1 0 3100 310 1500 13
27 5 12 500 6 0,25 0,5 0,5 1 0 2990 299 1500 13
28 4 13 380 16 0,25 0,5 0,5 1 0 2800 280 1500 13
29 3 14 460 6 0,25 0,5 0,5 1 0 2680 268 1500 13
30 2 14 470 18 0,25 0,5 0,5 1 0 2420 242 1500 13
31 5 16 440 9 0,25 0,5 0,5 1 0 2240 224 1500 13
32 4 16 480 9 0,25 0,5 0,5 1 0 2050 205 1500 13
33 3 18 450 6 0,25 0,5 0,5 1 0 1910 191 1500 13
34 3 18 280 4 0,25 0,5 0,5 1 0 1810 181 1500 13
35 5 20 360 4 0,25 0,5 0,5 1 0 1660 166 1500 13
36 4 23 310 8 0,25 0,5 0,5 1 0 1500 150 1500 13
37 3 23 320 12 0,25 0,5 0,5 1 0 1500 150 1500 13
38 4 27 330 6 0,25 0,5 0,5 1 0 1410 141 1500 13
39 6 30 340 18 0,25 0,5 0,5 1 0 1260 126 1500 13
40 4 30 290 54 0,25 0,5 0,5 1 0 1220 122 1500 13
Node nums: [0 1 2 3 4 5 6 7 8 9 10 11 12 13 14 15 16 17 18 19 20 21 22 23 24 25 26 27
     28 29 30 31 32 33 34 35 36 37 38 39 40]
xx-Data uploaded-xx
	**** start init su array ...
0 [0 0 0 0 0 0 0 0 0 0]
1 [0 0 0 0 0 0 0 0 0 0]
2 [0 0 0 0 0 0 0 0 0 0]
3 [0 0 0 0 0 0 0 0 0 0]
4 [0 0 0 0 0 0 0 0 0 0]
5 [0 0 0 0 0 0 0 0 0 0]
6 [0 0 0 0 0 0 0 0 0 0]
7 [0 0 0 0 0 0 0 0 0 0]
8 [0 0 0 0 0 0 0 0 0 0]
9 [0 0 0 0 0 0 0 0 0 0]
10 [0 0 0 0 0 0 0 0 0 0]
11 [0 0 0 0 0 0 0 0 0 0]
12 [0 0 0 0 0 0 0 0 0 0]
13 [0 0 0 0 0 0 0 0 0 0]
14 [0 0 0 0 0 0 0 0 0 0]
15 [1 1 1 1 1 1 1 1 1 1]
16 [0 0 0 0 0 0 0 0 0 0]
17 [1 1 1 1 1 1 1 1 1 1]
18 [0 0 0 0 0 0 0 0 0 0]
19 [1 1 1 1 1 1 1 1 1 1]
20 [0 0 0 0 0 0 0 0 0 0]
21 [1 1 1 1 1 1 1 1 1 1]
22 [1 1 1 1 1 1 1 1 1 1]
23 [0 0 0 0 0 0 0 0 0 0]
24 [1 1 1 1 1 1 1 1 1 1]
25 [1 1 1 1 1 1 1 1 1 1]
26 [1 1 1 1 1 1 1 1 1 1]
27 [0 0 0 0 0 0 0 0 0 0]
28 [1 1 1 1 1 1 1 1 1 1]
29 [1 1 1 1 1 1 1 1 1 1]
30 [0 0 0 0 0 0 0 0 0 0]
31 [1 1 1 1 1 1 1 1 1 1]
32 [1 1 1 1 1 1 1 1 1 1]
33 [1 1 1 1 1 1 1 1 1 1]
34 [1 1 1 1 1 1 1 1 1 1]
35 [1 1 1 1 1 1 1 1 1 1]
36 [1 1 1 1 1 1 1 1 1 1]
37 [1 1 1 1 1 1 1 1 1 1]
38 [1 1 1 1 1 1 1 1 1 1]
39 [1 1 1 1 1 1 1 1 1 1]
40 [1 1 1 1 1 1 1 1 1 1]
	**** end init su array ...
1 2 1 700 80 0.85 0.92 0.8 (9)9
2 2 0.9 800 75 0.82 0.90 0.9 (9)9
3 1 1.1 680 90 0.88 0.95 0.5 (9)9
4 1 1 480 100 0.86 0.93 0.6 (9)9
5 5 0.6 550 40 0.72 0.78 1.5 (9)9
6 6 0.5 650 45 0.70 0.75 2.0 (9)9
7 7 0.5 1100 40 0.68 0.72 2.5 (9)9
8 5 0.3 700 30 0.65 0.70 1.8 (9)9
9 9 0.2 1700 15 0.60 0.65 3.5 (9)9
10 1 0.8 5800 40 0.80 0.88 0.7 (9)9

<<< generate

Version identifier: 20.1.0.0 | 2020-11-10 | 9bedb6d68
CPXPARAM_TimeLimit                               300
Tried aggregator 2 times.
MIP Presolve eliminated 9970 rows and 633 columns.
MIP Presolve modified 196 coefficients.
Aggregator did 22 substitutions.
Reduced MIP has 1376 rows, 698 columns, and 3510 nonzeros.
Reduced MIP has 239 binaries, 459 generals, 0 SOSs, and 0 indicators.
Presolve time = 0,02 sec. (7,85 ticks)
Found incumbent of value 1,0132543e+07 after 0,02 sec. (13,10 ticks)
Probing time = 0,00 sec. (0,50 ticks)
Cover probing fixed 0 vars, tightened 31 bounds.
Tried aggregator 1 time.
Detecting symmetries...
MIP Presolve eliminated 60 rows and 0 columns.
MIP Presolve modified 311 coefficients.
Reduced MIP has 1316 rows, 698 columns, and 3390 nonzeros.
Reduced MIP has 239 binaries, 459 generals, 0 SOSs, and 0 indicators.
Presolve time = 0,00 sec. (2,37 ticks)
Probing time = 0,00 sec. (0,46 ticks)
MIP emphasis: balance optimality and feasibility.
MIP search method: dynamic search.
Parallel mode: deterministic, using up to 20 threads.
Root relaxation solution time = 0,02 sec. (3,41 ticks)

        Nodes                                         Cuts/
   Node  Left     Objective  IInf  Best Integer    Best Bound    ItCnt     Gap

*     0+    0                       1,01325e+07 -2634608,0000           126,00%
*     0+    0                      9997603,0000 -2634608,0000           126,35%
*     0+    0                      9856727,0000 -2634608,0000           126,73%
*     0+    0                      9715851,0000 -2634608,0000           127,12%
      0     0  1119498,5098    89  9715851,0000  1119498,5098      164   88,48%
      0     0  1149796,0861   113  9715851,0000      Cuts: 51      242   88,17%
      0     0  1156829,5677   108  9715851,0000      Cuts: 22      276   88,09%
      0     0  1156914,4673    91  9715851,0000       Cuts: 6      286   88,09%
      0     0  1157128,7645    90  9715851,0000       Cuts: 3      290   88,09%
*     0+    0                      1201291,0000  1157128,7645             3,68%
      0     0        cutoff        1201291,0000  1201291,0000      290    0,00%
Elapsed time = 0,09 sec. (61,66 ticks, tree = 0,01 MB, solutions = 5)

Implied bound cuts applied:  14
Flow cuts applied:  2
Mixed integer rounding cuts applied:  2
Zero-half cuts applied:  1
Lift and project cuts applied:  7
Gomory fractional cuts applied:  15

Root node processing (before b&c):
  Real time             =    0,09 sec. (61,75 ticks)
Parallel b&c, 20 threads:
  Real time             =    0,00 sec. (0,00 ticks)
  Sync time (average)   =    0,00 sec.
  Wait time (average)   =    0,00 sec.
                          ------------
Total (root+branch&cut) =    0,09 sec. (61,75 ticks)

<<< solve


OBJECTIVE: 1201291
xxxx
#Result <fct_obj, tot_cst, tot_ldt, Emiss>: <1.2013e+6 1.2008e+6 531 1.0172e+8>#TS:1200760#A:[0,2,23,22,21,23,18,18,18,15,13,15,15,18,19,11,14,11,15,12,15,12,11,12,9,12,8,10,13,12,15,10,9,12,12,10,9,8,5,11,13]#X:[0,1,1,1,1,1,0,0,0,0,0,0,0,0,0,0,0,0,0,0,0,0,0,0,0,0,0,0,0,0,0,0,0,0,0,0,0,0,0,0,0]#Z:[0,0,0,0,0,0,0,0,0,0,0,0,0,0,0,0,0,0,0,0,0,0,0,0,0,0,0,0,0,0,0,0,0,0,0,0,0,0,0,0,0,0,0,0,0,0,0,0,0,0,0,0,0,0,0,0,0,0,0,0,0,0,0,0,0,0,0,0,0,0,0,0,0,0,0,0,0,0,0,0,0,0,0,0,0,0,0,0,0,0,0,0,0,0,0,0,0,0,0,0,0,0,0,0,0,0,0,0,0,0,0,0,0,0,0,0,0,0,0,0,0,0,0,0,0,0,0,0,0,0,0,0,0,0,0,0,0,0,0,0,0,0,0,0,0,0,0,0,0,0,0,0,0,0,0,0,0,0,1,0,0,0,0,0,0,0,0,0,0,0,0,0,0,0,0,0,0,1,0,0,0,0,0,0,0,0,0,0,0,0,0,0,0,0,0,0,0,0,1,0,0,0,0,0,0,0,0,0,0,0,0,0,0,0,0,0,0,1,0,0,0,0,0,0,0,0,0,1,0,0,0,0,0,0,0,0,0,0,0,0,0,0,0,0,0,0,0,1,0,0,0,0,0,0,0,0,0,0,1,0,0,0,0,0,0,0,0,1,0,0,0,0,0,0,0,0,0,0,0,0,0,0,0,0,0,0,0,0,1,0,0,0,0,0,0,0,0,0,1,0,0,0,0,0,0,0,0,0,0,0,0,0,0,0,0,0,0,1,0,0,0,0,0,0,0,0,0,1,0,0,0,0,0,0,0,0,0,0,1,0,0,0,0,0,0,0,0,0,1,0,0,0,0,0,0,0,0,1,0,0,0,0,0,0,0,0,0,1,0,0,0,0,0,0,0,0,0,1,0,0,0,0,0,0,0,0,0,0,0,1,0,0,0,0,0,0,0,1,0,0,0,0,0,0,0,0,0,0,1,0]#Q:[0,0,0,0,0,0,0,0,0,0,0,0,0,0,0,0,0,0,0,0,0,0,0,0,0,0,0,0,0,0,0,0,0,0,0,0,0,0,0,0,0,0,0,0,0,0,0,0,0,0,0,0,0,0,0,0,0,0,0,0,0,0,0,0,0,0,0,0,0,0,0,0,0,0,0,0,0,0,0,0,0,0,0,0,0,0,0,0,0,0,0,0,0,0,0,0,0,0,0,0,0,0,0,0,0,0,0,0,0,0,0,0,0,0,0,0,0,0,0,0,0,0,0,0,0,0,0,0,0,0,0,0,0,0,0,0,0,0,0,0,0,0,0,0,0,0,0,0,0,0,0,0,0,0,0,0,0,0,40,0,0,0,0,0,0,0,0,0,0,0,0,0,0,0,0,0,0,120,0,0,0,0,0,0,0,0,0,0,0,0,0,0,0,0,0,0,0,0,20,0,0,0,0,0,0,0,0,0,0,0,0,0,0,0,0,0,0,120,0,0,0,0,0,0,0,0,0,80,0,0,0,0,0,0,0,0,0,0,0,0,0,0,0,0,0,0,0,60,0,0,0,0,0,0,0,0,0,0,40,0,0,0,0,0,0,0,0,60,0,0,0,0,0,0,0,0,0,0,0,0,0,0,0,0,0,0,0,0,320,0,0,0,0,0,0,0,0,0,120,0,0,0,0,0,0,0,0,0,0,0,0,0,0,0,0,0,0,180,0,0,0,0,0,0,0,0,0,180,0,0,0,0,0,0,0,0,0,0,120,0,0,0,0,0,0,0,0,0,80,0,0,0,0,0,0,0,0,80,0,0,0,0,0,0,0,0,0,160,0,0,0,0,0,0,0,0,0,240,0,0,0,0,0,0,0,0,0,0,0,120,0,0,0,0,0,0,0,360,0,0,0,0,0,0,0,0,0,0,1080,0]#E: 101719560#DELIVER:
S9=>P15
S8=>P17
S9=>P19
S8=>P21
S8=>P22
S8=>P24
S9=>P25
S8=>P26
S9=>P28
S9=>P29
S8=>P31
S8=>P32
S9=>P33
S9=>P34
S8=>P35
S8=>P36
S8=>P37
S10=>P38
S8=>P39
S9=>P40
xxxx

<<< post process


<<< done


)
