Array
(
    [CplexRunTime] => Total (root+branch&cut) =    3,17 sec
    [status] => OPTIMAL
    [termination_reason] => OPTIMAL
    [mip_gap] => 0
    [Result] => Array
        (
            [Objective] => 14140000
            [TotalCost] => 263000
            [DIO] => 166
            [WIP] => 550010
            [Emissions] => 0
        )

    [CS] => 262999.8
    [DIO] => 166
    [WIP] => 550008
    [E] => 14139670
    [A] => Array
        (
            [0] => 1
            [1] => 9
            [2] => 22
            [3] => 8
            [4] => 8
            [5] => 12
            [6] => 18
            [7] => 7
            [8] => 14
            [9] => 5
            [10] => 9
            [11] => 3
            [12] => 2
            [13] => 4
            [14] => 2
            [15] => 10
            [16] => 10
            [17] => 4
            [18] => 8
            [19] => 3
            [20] => 7
        )

    [X] => Array
        (
            [0] => 0
            [1] => 1
            [2] => 1
            [3] => 1
            [4] => 1
            [5] => 1
            [6] => 0
            [7] => 0
            [8] => 0
            [9] => 1
            [10] => 1
            [11] => 0
            [12] => 0
            [13] => 0
            [14] => 0
            [15] => 0
            [16] => 0
            [17] => 0
            [18] => 0
            [19] => 1
            [20] => 1
        )

    [DELIVER] => Array
        (
            [0] => S3=>P11
            [1] => S4=>P11
            [2] => S10=>P11
            [3] => S3=>P12
            [4] => S10=>P12
            [5] => S3=>P13
            [6] => S4=>P13
            [7] => S10=>P13
            [8] => S3=>P14
            [9] => S4=>P14
            [10] => S10=>P14
            [11] => S3=>P15
            [12] => S10=>P15
            [13] => S3=>P16
            [14] => S4=>P16
            [15] => S10=>P16
            [16] => S3=>P17
            [17] => S4=>P17
            [18] => S10=>P17
            [19] => S3=>P18
            [20] => S10=>P18
            [21] => S10=>P19
            [22] => S4=>P20
        )

    [_raw_output] => 
<<< setup

0 0 -1 0 1 0,25 0,5 0,8 1 0 0 0 0  14
1 9 0 1200 1 0,25 0,5 0,8 1 0 8000 800 1500  14
2 4 1 140 1 0,25 0,5 0,8 1 0 4000 500 1500  14
3 8 1 290 1 0,25 0,5 0,8 1 0 6000 600 1500  14
4 5 1 120 3 0,25 0,5 0,8 1 0 3200 320 1500  14
5 2 1 95 2 0,25 0,5 0,8 1 0 2600 260 1500  14
6 8 2 90 3 0,25 0,5 0,8 1 0 2800 280 1500  14
7 3 2 85 2 0,25 0,5 0,8 1 0 3100 310 1500  14
8 6 2 80 1 0,25 0,5 0,8 1 0 1800 180 1500  14
9 5 3 82 2 0,25 0,5 0,8 1 0 1450 145 1500  14
10 9 3 78 3 0,25 0,5 0,8 1 0 1300 130 1500  14
11 2 4 72 2 0,25 0,5 0,8 1 0 1350 135 1500  14
12 1 4 68 3 0,25 0,5 0,8 1 0 1150 115 1500  14
13 3 5 62 8 0,25 0,5 0,5 1 0 1200 120 1500  14
14 1 5 66 6 0,25 0,5 0,5 1 0 1200 120 1500  14
15 9 5 70 2 0,25 0,5 0,5 1 0 1200 120 1500  14
16 9 6 64 9 0,25 0,5 0,5 1 0 2200 220 1500  14
17 3 7 58 6 0,25 0,5 0,5 1 0 2100 210 1500  14
18 7 8 55 2 0,25 0,5 0,5 1 0 2400 240 1500  14
19 2 9 56 1 0,25 0,5 0,5 1 0 1300 130 1500  14
20 6 10 52 4 0,25 0,5 0,5 1 0 1250 125 1500  14
Node nums: [0 1 2 3 4 5 6 7 8 9 10 11 12 13 14 15 16 17 18 19 20]
xx-Data uploaded-xx
	**** start init su array ...
0 [0 0 0 0 0 0 0 0 0 0]
1 [0 0 0 0 0 0 0 0 0 0]
2 [0 0 0 0 0 0 0 0 0 0]
3 [0 0 0 0 0 0 0 0 0 0]
4 [0 0 0 0 0 0 0 0 0 0]
5 [0 0 0 0 0 0 0 0 0 0]
6 [0 0 0 0 0 0 0 0 0 0]
7 [0 0 0 0 0 0 0 0 0 0]
8 [0 0 0 0 0 0 0 0 0 0]
9 [0 0 0 0 0 0 0 0 0 0]
10 [0 0 0 0 0 0 0 0 0 0]
11 [1 1 1 1 1 1 1 1 1 1]
12 [1 1 1 1 1 1 1 1 1 1]
13 [1 1 1 1 1 1 1 1 1 1]
14 [1 1 1 1 1 1 1 1 1 1]
15 [1 1 1 1 1 1 1 1 1 1]
16 [1 1 1 1 1 1 1 1 1 1]
17 [1 1 1 1 1 1 1 1 1 1]
18 [1 1 1 1 1 1 1 1 1 1]
19 [1 1 1 1 1 1 1 1 1 1]
20 [1 1 1 1 1 1 1 1 1 1]
	**** end init su array ...
1 2 1 100 80 0.85 0.92 0.8 (9)9
2 2 0.9 60 75 0.82 0.90 0.9 (9)9
3 1 1.1 80 90 0.88 0.95 0.5 (9)9
4 1 1 80 100 0.86 0.93 0.6 (9)9
5 5 0.6 50 40 0.72 0.78 1.5 (9)9
6 6 0.5 60 45 0.70 0.75 2.0 (9)9
7 7 0.5 80 40 0.68 0.72 2.5 (9)9
8 5 0.3 25 30 0.65 0.70 1.8 (9)9
9 9 0.2 250 15 0.60 0.65 3.5 (9)9
10 1 0.8 30 40 0.80 0.88 0.7 (9)9

<<< generate

Version identifier: 20.1.0.0 | 2020-11-10 | 9bedb6d68
CPXPARAM_Preprocessing_Reduce                    0
CPXPARAM_TimeLimit                               300
Tried aggregator 0 times.
Reduced MIP has 3733 rows, 693 columns, and 6991 nonzeros.
Reduced MIP has 231 binaries, 462 generals, 0 SOSs, and 0 indicators.
Presolve time = 0,00 sec. (0,41 ticks)
Probing fixed 0 vars, tightened 233 bounds.
Probing time = 0,02 sec. (7,64 ticks)
Cover probing fixed 0 vars, tightened 78 bounds.
Clique table members: 100.
MIP emphasis: balance optimality and feasibility.
MIP search method: dynamic search.
Parallel mode: deterministic, using up to 20 threads.
Root relaxation solution time = 0,00 sec. (10,69 ticks)

        Nodes                                         Cuts/
   Node  Left     Objective  IInf  Best Integer    Best Bound    ItCnt     Gap

      0     0  7507809,7091   133                7507809,7091      330         
      0     0  9697006,3130   137                   Cuts: 224      526         
      0     0  9957151,2686   143                    Cuts: 74      588         
      0     0   1,01361e+07   162                    Cuts: 56      638         
      0     0   1,01912e+07   183                    Cuts: 31      666         
      0     0   1,02169e+07   165                    Cuts: 34      691         
      0     0   1,02245e+07   153                    Cuts: 38      715         
      0     0   1,02558e+07   196                    Cuts: 41      747         
      0     0   1,02887e+07   193                    Cuts: 20      767         
      0     0   1,03343e+07   171                    Cuts: 25      781         
      0     0   1,03431e+07   200                    Cuts: 24      795         
      0     0   1,03557e+07   196                    Cuts: 15      804         
      0     0   1,03855e+07   197                    Cuts: 18      820         
      0     0   1,03896e+07   194                    Cuts: 12      832         
      0     0   1,03897e+07   194                     Cuts: 6      835         
      0     0   1,03941e+07   195                     Cuts: 3      839         
      0     0   1,06076e+07   158                    Cuts: 21      872         
      0     0   1,06761e+07   159                    Cuts: 46      902         
      0     0   1,07029e+07   166                    Cuts: 27      932         
      0     0   1,07213e+07   169                    Cuts: 27      954         
      0     0   1,07393e+07   188                    Cuts: 40      984         
      0     0   1,07451e+07   193                    Cuts: 29     1000         
      0     0   1,07542e+07   171                    Cuts: 25     1019         
      0     0   1,07646e+07   170                    Cuts: 26     1038         
      0     0   1,07672e+07   173                    Cuts: 21     1057         
      0     0   1,07682e+07   175                    Cuts: 19     1065         
      0     2   1,07682e+07   175                 1,07682e+07     1065         
Elapsed time = 0,58 sec. (468,97 ticks, tree = 0,02 MB, solutions = 0)
*  1333+  823                       1,84911e+07   1,13029e+07            38,87%
   1990  1141   1,24386e+07    86   1,84911e+07   1,13754e+07    17958   38,48%
   5378  3583   1,48601e+07    64   1,84911e+07   1,22653e+07    52586   33,67%
*  8527+ 6086                       1,84910e+07   1,25289e+07            32,24%
   8994  6175   1,58447e+07    83   1,84910e+07   1,25447e+07    99540   32,16%
* 11322+ 8425                       1,83457e+07   1,26714e+07            30,93%
* 11590+ 8574                       1,83457e+07   1,26770e+07            30,90%
  12504  9052   1,47977e+07    71   1,83457e+07   1,27183e+07   153715   30,67%
* 15448+11269                       1,83456e+07   1,28436e+07            29,99%
  15754 11599   1,51675e+07    76   1,83456e+07   1,28539e+07   205399   29,93%
* 18617+13115                       1,58438e+07   1,29284e+07            18,40%
* 18629+13115                       1,58430e+07   1,29299e+07            18,39%
* 18650+13091                       1,45757e+07   1,29299e+07            11,29%
  19221  6738   1,31413e+07    56   1,45757e+07   1,29561e+07   251964   11,11%
* 19228+ 6736                       1,45749e+07   1,29561e+07            11,11%
* 19495+ 6841                       1,41440e+07   1,29607e+07             8,37%
* 19734+ 6915                       1,41421e+07   1,29607e+07             8,35%
* 19822+ 4781                       1,41397e+07   1,29607e+07             8,34%
  21468  4531        cutoff         1,41397e+07   1,30604e+07   305552    7,63%
  23799  3658        cutoff         1,41397e+07   1,33247e+07   355154    5,76%
  26341  2099   1,37482e+07    69   1,41397e+07   1,36615e+07   403938    3,38%

Cover cuts applied:  13
Implied bound cuts applied:  146
Flow cuts applied:  21
Mixed integer rounding cuts applied:  70
Zero-half cuts applied:  74
Multi commodity flow cuts applied:  1
Lift and project cuts applied:  19
Gomory fractional cuts applied:  38

Root node processing (before b&c):
  Real time             =    0,48 sec. (467,85 ticks)
Parallel b&c, 20 threads:
  Real time             =    2,69 sec. (2320,22 ticks)
  Sync time (average)   =    0,93 sec.
  Wait time (average)   =    0,00 sec.
                          ------------
Total (root+branch&cut) =    3,17 sec. (2788,08 ticks)

<<< solve


OBJECTIVE: 1.413967e+7
xxxx
#Result <fct_obj, tot_cost, DIO, WIP, Emiss>: <1.414e+7 2.63e+5 166 5.5001e+5 1.414e+7 52640 2.1036e+5 0>#CS:262999.8#DIO:166#WIP:550008#E: 14139670#A:[1,9,22,8,8,12,18,7,14,5,9,3,2,4,2,10,10,4,8,3,7]#X:[0,1,1,1,1,1,0,0,0,1,1,0,0,0,0,0,0,0,0,1,1]#DELIVER:
S3=>P11
S4=>P11
S10=>P11
S3=>P12
S10=>P12
S3=>P13
S4=>P13
S10=>P13
S3=>P14
S4=>P14
S10=>P14
S3=>P15
S10=>P15
S3=>P16
S4=>P16
S10=>P16
S3=>P17
S4=>P17
S10=>P17
S3=>P18
S10=>P18
S10=>P19
S4=>P20
xxxx

<<< post process


<<< done


)
