Array
(
    [CplexRunTime] => Total (root+branch&cut) =    7,09 sec
    [status] => INFEASIBLE
    [termination_reason] => INFEASIBLE
    [mip_gap] => 
    [Result] => Array
        (
            [Objective] => -42
            [TotalCost] => 1018100
            [LeadTime] => 310
            [Emissions] => 29042000
        )

    [CS] => 1018089
    [A] => Array
        (
            [0] => 0
            [1] => 33
            [2] => 24
            [3] => 24
            [4] => 15
            [5] => 12
            [6] => 18
            [7] => 11
            [8] => 20
            [9] => 13
            [10] => 16
            [11] => 10
            [12] => 5
            [13] => 8
            [14] => 6
            [15] => 10
            [16] => 10
            [17] => 8
            [18] => 8
            [19] => 4
            [20] => 14
            [21] => 7
            [22] => 7
            [23] => 8
            [24] => 7
            [25] => 8
            [26] => 4
        )

    [X] => Array
        (
            [0] => 0
            [1] => 1
            [2] => 0
            [3] => 0
            [4] => 0
            [5] => 0
            [6] => 0
            [7] => 0
            [8] => 0
            [9] => 0
            [10] => 0
            [11] => 0
            [12] => 0
            [13] => 0
            [14] => 0
            [15] => 0
            [16] => 0
            [17] => 0
            [18] => 0
            [19] => 0
            [20] => 0
            [21] => 0
            [22] => 0
            [23] => 0
            [24] => 0
            [25] => 0
            [26] => 0
        )

    [Z] => Array
        (
            [0] => 0
            [1] => 0
            [2] => 0
            [3] => 0
            [4] => 0
            [5] => 0
            [6] => 0
            [7] => 0
            [8] => 0
            [9] => 0
            [10] => 0
            [11] => 0
            [12] => 0
            [13] => 0
            [14] => 0
            [15] => 0
            [16] => 0
            [17] => 0
            [18] => 0
            [19] => 0
            [20] => 0
            [21] => 0
            [22] => 0
            [23] => 0
            [24] => 0
            [25] => 0
            [26] => 0
            [27] => 0
            [28] => 0
            [29] => 0
            [30] => 0
            [31] => 0
            [32] => 0
            [33] => 0
            [34] => 0
            [35] => 0
            [36] => 0
            [37] => 0
            [38] => 0
            [39] => 0
            [40] => 0
            [41] => 0
            [42] => 0
            [43] => 0
            [44] => 0
            [45] => 0
            [46] => 0
            [47] => 0
            [48] => 0
            [49] => 0
            [50] => 0
            [51] => 0
            [52] => 0
            [53] => 0
            [54] => 0
            [55] => 0
            [56] => 0
            [57] => 0
            [58] => 0
            [59] => 0
            [60] => 0
            [61] => 0
            [62] => 0
            [63] => 0
            [64] => 0
            [65] => 0
            [66] => 0
            [67] => 0
            [68] => 0
            [69] => 0
            [70] => 0
            [71] => 0
            [72] => 0
            [73] => 0
            [74] => 0
            [75] => 0
            [76] => 0
            [77] => 0
            [78] => 0
            [79] => 0
            [80] => 0
            [81] => 0
            [82] => 0
            [83] => 0
            [84] => 0
            [85] => 0
            [86] => 0
            [87] => 0
            [88] => 0
            [89] => 0
            [90] => 0
            [91] => 0
            [92] => 0
            [93] => 0
            [94] => 0
            [95] => 0
            [96] => 0
            [97] => 0
            [98] => 0
            [99] => 0
            [100] => 0
            [101] => 0
            [102] => 0
            [103] => 0
            [104] => 0
            [105] => 0
            [106] => 0
            [107] => 0
            [108] => 0
            [109] => 0
            [110] => 0
            [111] => 0
            [112] => 0
            [113] => 0
            [114] => 0
            [115] => 0
            [116] => 0
            [117] => 0
            [118] => 0
            [119] => 0
            [120] => 0
            [121] => 0
            [122] => 0
            [123] => 0
            [124] => 0
            [125] => 0
            [126] => 0
            [127] => 0
            [128] => 0
            [129] => 0
            [130] => 0
            [131] => 0
            [132] => 0
            [133] => 0
            [134] => 1
            [135] => 0
            [136] => 0
            [137] => 1
            [138] => 0
            [139] => 1
            [140] => 0
            [141] => 1
            [142] => 0
            [143] => 0
            [144] => 1
            [145] => 0
            [146] => 0
            [147] => 1
            [148] => 0
            [149] => 1
            [150] => 0
            [151] => 0
            [152] => 1
            [153] => 1
            [154] => 0
            [155] => 0
            [156] => 0
            [157] => 0
            [158] => 0
            [159] => 1
            [160] => 0
            [161] => 0
            [162] => 1
            [163] => 1
            [164] => 0
            [165] => 0
            [166] => 0
            [167] => 0
            [168] => 0
            [169] => 1
            [170] => 1
            [171] => 1
            [172] => 0
            [173] => 1
            [174] => 1
            [175] => 0
            [176] => 0
            [177] => 1
            [178] => 0
            [179] => 1
            [180] => 0
            [181] => 0
            [182] => 1
            [183] => 1
            [184] => 0
            [185] => 0
            [186] => 0
            [187] => 0
            [188] => 0
            [189] => 1
            [190] => 1
            [191] => 1
            [192] => 1
            [193] => 1
            [194] => 0
            [195] => 0
            [196] => 0
            [197] => 0
            [198] => 0
            [199] => 1
            [200] => 1
            [201] => 1
            [202] => 1
            [203] => 1
            [204] => 1
            [205] => 0
            [206] => 0
            [207] => 1
            [208] => 0
            [209] => 1
            [210] => 1
            [211] => 1
            [212] => 0
            [213] => 1
            [214] => 1
            [215] => 0
            [216] => 0
            [217] => 1
            [218] => 0
            [219] => 1
            [220] => 0
            [221] => 0
            [222] => 1
            [223] => 1
            [224] => 0
            [225] => 0
            [226] => 0
            [227] => 0
            [228] => 0
            [229] => 1
            [230] => 0
            [231] => 1
            [232] => 0
            [233] => 0
            [234] => 1
            [235] => 0
            [236] => 0
            [237] => 1
            [238] => 0
            [239] => 1
            [240] => 0
            [241] => 0
            [242] => 1
            [243] => 1
            [244] => 0
            [245] => 0
            [246] => 0
            [247] => 0
            [248] => 0
            [249] => 1
            [250] => 0
            [251] => 0
            [252] => 1
            [253] => 1
            [254] => 0
            [255] => 0
            [256] => 0
            [257] => 0
            [258] => 0
            [259] => 1
            [260] => 0
            [261] => 0
            [262] => 1
            [263] => 1
            [264] => 0
            [265] => 0
            [266] => 0
            [267] => 0
            [268] => 0
            [269] => 1
        )

    [Q] => Array
        (
            [0] => 0
            [1] => 0
            [2] => 0
            [3] => 0
            [4] => 0
            [5] => 0
            [6] => 0
            [7] => 0
            [8] => 0
            [9] => 0
            [10] => 0
            [11] => 0
            [12] => 0
            [13] => 0
            [14] => 0
            [15] => 0
            [16] => 0
            [17] => 0
            [18] => 0
            [19] => 0
            [20] => 0
            [21] => 0
            [22] => 0
            [23] => 0
            [24] => 0
            [25] => 0
            [26] => 0
            [27] => 0
            [28] => 0
            [29] => 0
            [30] => 0
            [31] => 0
            [32] => 0
            [33] => 0
            [34] => 0
            [35] => 0
            [36] => 0
            [37] => 0
            [38] => 0
            [39] => 0
            [40] => 0
            [41] => 0
            [42] => 0
            [43] => 0
            [44] => 0
            [45] => 0
            [46] => 0
            [47] => 0
            [48] => 0
            [49] => 0
            [50] => 0
            [51] => 0
            [52] => 0
            [53] => 0
            [54] => 0
            [55] => 0
            [56] => 0
            [57] => 0
            [58] => 0
            [59] => 0
            [60] => 0
            [61] => 0
            [62] => 0
            [63] => 0
            [64] => 0
            [65] => 0
            [66] => 0
            [67] => 0
            [68] => 0
            [69] => 0
            [70] => 0
            [71] => 0
            [72] => 0
            [73] => 0
            [74] => 0
            [75] => 0
            [76] => 0
            [77] => 0
            [78] => 0
            [79] => 0
            [80] => 0
            [81] => 0
            [82] => 0
            [83] => 0
            [84] => 0
            [85] => 0
            [86] => 0
            [87] => 0
            [88] => 0
            [89] => 0
            [90] => 0
            [91] => 0
            [92] => 0
            [93] => 0
            [94] => 0
            [95] => 0
            [96] => 0
            [97] => 0
            [98] => 0
            [99] => 0
            [100] => 0
            [101] => 0
            [102] => 0
            [103] => 0
            [104] => 0
            [105] => 0
            [106] => 0
            [107] => 0
            [108] => 0
            [109] => 0
            [110] => 0
            [111] => 0
            [112] => 0
            [113] => 0
            [114] => 0
            [115] => 0
            [116] => 0
            [117] => 0
            [118] => 0
            [119] => 0
            [120] => 0
            [121] => 0
            [122] => 0
            [123] => 0
            [124] => 0
            [125] => 0
            [126] => 0
            [127] => 0
            [128] => 0
            [129] => 0
            [130] => 0
            [131] => 0
            [132] => 0
            [133] => 0
            [134] => 1
            [135] => 0
            [136] => 0
            [137] => 158
            [138] => 0
            [139] => 1
            [140] => 0
            [141] => 1
            [142] => 0
            [143] => 0
            [144] => 1
            [145] => 0
            [146] => 0
            [147] => 117
            [148] => 0
            [149] => 1
            [150] => 0
            [151] => 0
            [152] => 1
            [153] => 1
            [154] => 0
            [155] => 0
            [156] => 0
            [157] => 0
            [158] => 0
            [159] => 38
            [160] => 0
            [161] => 0
            [162] => 1
            [163] => 1
            [164] => 0
            [165] => 0
            [166] => 0
            [167] => 0
            [168] => 0
            [169] => 178
            [170] => 1
            [171] => 1
            [172] => 0
            [173] => 1
            [174] => 1
            [175] => 0
            [176] => 0
            [177] => 115
            [178] => 0
            [179] => 1
            [180] => 0
            [181] => 0
            [182] => 1
            [183] => 1
            [184] => 0
            [185] => 0
            [186] => 0
            [187] => 0
            [188] => 0
            [189] => 38
            [190] => 1
            [191] => 1
            [192] => 1
            [193] => 1
            [194] => 0
            [195] => 0
            [196] => 0
            [197] => 0
            [198] => 0
            [199] => 16
            [200] => 1
            [201] => 1
            [202] => 1
            [203] => 1
            [204] => 1
            [205] => 0
            [206] => 0
            [207] => 34
            [208] => 0
            [209] => 1
            [210] => 1
            [211] => 1
            [212] => 0
            [213] => 1
            [214] => 1
            [215] => 0
            [216] => 0
            [217] => 115
            [218] => 0
            [219] => 1
            [220] => 0
            [221] => 0
            [222] => 1
            [223] => 1
            [224] => 0
            [225] => 0
            [226] => 0
            [227] => 0
            [228] => 0
            [229] => 78
            [230] => 0
            [231] => 1
            [232] => 0
            [233] => 0
            [234] => 1
            [235] => 0
            [236] => 0
            [237] => 77
            [238] => 0
            [239] => 1
            [240] => 0
            [241] => 0
            [242] => 1
            [243] => 1
            [244] => 0
            [245] => 0
            [246] => 0
            [247] => 0
            [248] => 0
            [249] => 58
            [250] => 0
            [251] => 0
            [252] => 1
            [253] => 1
            [254] => 0
            [255] => 0
            [256] => 0
            [257] => 0
            [258] => 0
            [259] => 38
            [260] => 0
            [261] => 0
            [262] => 1
            [263] => 1
            [264] => 0
            [265] => 0
            [266] => 0
            [267] => 0
            [268] => 0
            [269] => 58
        )

    [E] => 29041920
    [STABILITY_ORIGINAL_OBJECTIVE] => 1018399
    [STABILITY_SCORE] => 42
    [DELIVER] => Array
        (
            [0] => S5=>P13
            [1] => S8=>P13
            [2] => S10=>P13
            [3] => S2=>P14
            [4] => S5=>P14
            [5] => S8=>P14
            [6] => S10=>P14
            [7] => S3=>P15
            [8] => S4=>P15
            [9] => S10=>P15
            [10] => S3=>P16
            [11] => S4=>P16
            [12] => S10=>P16
            [13] => S1=>P17
            [14] => S2=>P17
            [15] => S4=>P17
            [16] => S5=>P17
            [17] => S8=>P17
            [18] => S10=>P17
            [19] => S3=>P18
            [20] => S4=>P18
            [21] => S10=>P18
            [22] => S1=>P19
            [23] => S2=>P19
            [24] => S3=>P19
            [25] => S4=>P19
            [26] => S10=>P19
            [27] => S1=>P20
            [28] => S2=>P20
            [29] => S3=>P20
            [30] => S4=>P20
            [31] => S5=>P20
            [32] => S8=>P20
            [33] => S10=>P20
            [34] => S1=>P21
            [35] => S2=>P21
            [36] => S4=>P21
            [37] => S5=>P21
            [38] => S8=>P21
            [39] => S10=>P21
            [40] => S3=>P22
            [41] => S4=>P22
            [42] => S10=>P22
            [43] => S2=>P23
            [44] => S5=>P23
            [45] => S8=>P23
            [46] => S10=>P23
            [47] => S3=>P24
            [48] => S4=>P24
            [49] => S10=>P24
            [50] => S3=>P25
            [51] => S4=>P25
            [52] => S10=>P25
            [53] => S3=>P26
            [54] => S4=>P26
            [55] => S10=>P26
        )

    [_raw_output] => 
<<< setup

0 0 -1 0 1 0,25 0,5 0,8 1 0 0 0 0 13
1 9 0 2500 1 0,25 0,5 0,8 1 0 7000 700 1500 13
2 4 1 900 1 0,25 0,5 0,8 1 0 3500 450 1500 13
3 8 1 890 1 0,25 0,5 0,8 1 0 5500 550 1500 13
4 5 1 910 1 0,25 0,5 0,8 1 0 2800 280 1500 13
5 2 1 860 2 0,25 0,5 0,8 1 0 2350 235 1500 13
6 8 2 880 3 0,25 0,5 0,8 1 0 2600 260 1500 13
7 3 2 800 2 0,25 0,5 0,8 1 0 2900 290 1500 13
8 6 2 780 1 0,25 0,5 0,8 1 0 1600 160 1500 13
9 5 3 790 2 0,25 0,5 0,8 1 0 1250 125 1500 13
10 9 3 750 3 0,25 0,5 0,8 1 0 1120 112 1500 13
11 2 4 690 2 0,25 0,5 0,8 1 0 1200 120 1500 13
12 1 4 660 3 0,25 0,5 0,8 1 0 1000 100 1500 13
13 3 5 600 8 0,25 0,5 0,5 1 0 1100 110 1500 13
14 1 5 640 6 0,25 0,5 0,5 1 0 1100 110 1500 13
15 9 5 700 2 0,25 0,5 0,5 1 0 1100 110 1500 13
16 9 6 660 9 0,25 0,5 0,5 1 0 2100 210 1500 13
17 3 6 580 6 0,25 0,5 0,5 1 0 2000 200 1500 13
18 7 7 550 2 0,25 0,5 0,5 1 0 2300 230 1500 13
19 2 8 570 1 0,25 0,5 0,5 1 0 1200 120 1500 13
20 9 8 600 2 0,25 0,5 0,5 1 0 1400 140 1500 13
21 2 9 540 6 0,25 0,5 0,5 1 0 1150 115 1500 13
22 6 9 510 4 0,25 0,5 0,5 1 0 1100 110 1500 13
23 3 9 590 4 0,25 0,5 0,5 1 0 1050 105 1500 13
24 6 10 400 3 0,25 0,5 0,5 1 0 950 95 1500 13
25 7 11 490 2 0,25 0,5 0,5 1 0 1000 100 1500 13
26 3 12 480 3 0,25 0,5 0,5 1 0 900 90 1500 13
Node nums: [0 1 2 3 4 5 6 7 8 9 10 11 12 13 14 15 16 17 18 19 20 21 22 23 24 25 26]
xx-Data uploaded-xx
	**** start init su array ...
0 [0 0 0 0 0 0 0 0 0 0]
1 [0 0 0 0 0 0 0 0 0 0]
2 [0 0 0 0 0 0 0 0 0 0]
3 [0 0 0 0 0 0 0 0 0 0]
4 [0 0 0 0 0 0 0 0 0 0]
5 [0 0 0 0 0 0 0 0 0 0]
6 [0 0 0 0 0 0 0 0 0 0]
7 [0 0 0 0 0 0 0 0 0 0]
8 [0 0 0 0 0 0 0 0 0 0]
9 [0 0 0 0 0 0 0 0 0 0]
10 [0 0 0 0 0 0 0 0 0 0]
11 [0 0 0 0 0 0 0 0 0 0]
12 [0 0 0 0 0 0 0 0 0 0]
13 [1 1 1 1 1 1 1 1 1 1]
14 [1 1 1 1 1 1 1 1 1 1]
15 [1 1 1 1 1 1 1 1 1 1]
16 [1 1 1 1 1 1 1 1 1 1]
17 [1 1 1 1 1 1 1 1 1 1]
18 [1 1 1 1 1 1 1 1 1 1]
19 [1 1 1 1 1 1 1 1 1 1]
20 [1 1 1 1 1 1 1 1 1 1]
21 [1 1 1 1 1 1 1 1 1 1]
22 [1 1 1 1 1 1 1 1 1 1]
23 [1 1 1 1 1 1 1 1 1 1]
24 [1 1 1 1 1 1 1 1 1 1]
25 [1 1 1 1 1 1 1 1 1 1]
26 [1 1 1 1 1 1 1 1 1 1]
	**** end init su array ...
1 2 1 700 80 0.85 0.92 0.8 (9)9
2 2 0.9 800 75 0.82 0.90 0.9 (9)9
3 1 1.1 680 90 0.88 0.95 0.5 (9)9
4 1 1 480 100 0.86 0.93 0.6 (9)9
5 5 0.6 550 40 0.72 0.78 1.5 (9)9
6 6 0.5 650 45 0.70 0.75 2.0 (9)9
7 7 0.5 1100 40 0.68 0.72 2.5 (9)9
8 5 0.3 700 30 0.65 0.70 1.8 (9)9
9 9 0.2 1700 15 0.60 0.65 3.5 (9)9
10 1 0.8 5800 40 0.80 0.88 0.7 (9)9

<<< generate

Version identifier: 20.1.0.0 | 2020-11-10 | 9bedb6d68
CPXPARAM_TimeLimit                               300
Tried aggregator 2 times.
MIP Presolve eliminated 5570 rows and 793 columns.
MIP Presolve modified 1060 coefficients.
Aggregator did 142 substitutions.
Reduced MIP has 970 rows, 496 columns, and 2883 nonzeros.
Reduced MIP has 165 binaries, 331 generals, 0 SOSs, and 0 indicators.
Presolve time = 0,00 sec. (7,19 ticks)
Probing fixed 0 vars, tightened 283 bounds.
Probing time = 0,00 sec. (1,13 ticks)
Cover probing fixed 0 vars, tightened 14 bounds.
Tried aggregator 1 time.
Detecting symmetries...
MIP Presolve eliminated 42 rows and 0 columns.
MIP Presolve modified 593 coefficients.
Reduced MIP has 928 rows, 496 columns, and 2799 nonzeros.
Reduced MIP has 165 binaries, 331 generals, 0 SOSs, and 0 indicators.
Presolve time = 0,02 sec. (1,98 ticks)
Probing fixed 0 vars, tightened 20 bounds.
Probing time = 0,00 sec. (0,72 ticks)
MIP emphasis: balance optimality and feasibility.
MIP search method: dynamic search.
Parallel mode: deterministic, using up to 20 threads.
Root relaxation solution time = 0,00 sec. (6,13 ticks)

        Nodes                                         Cuts/
   Node  Left     Objective  IInf  Best Integer    Best Bound    ItCnt     Gap

      0     0     -128,1257   137                   -128,1257      277         
      0     0     -116,8803   174                   Cuts: 153      387         
      0     0     -112,3324   216                    Cuts: 65      473         
      0     0     -111,7803   223                    Cuts: 36      502         
      0     0     -111,2300   223                    Cuts: 33      547         
      0     0     -110,4991   208                    Cuts: 32      582         
Detecting symmetries...
      0     0     -110,0852   244                    Cuts: 39      613         
      0     0     -109,6008   234                    Cuts: 37      658         
      0     0     -109,4239   236                    Cuts: 43      683         
      0     0     -109,3435   233                    Cuts: 25      714         
      0     0     -109,1935   245                    Cuts: 33      740         
      0     0     -108,9951   226                    Cuts: 32      772         
      0     0     -108,8915   249                    Cuts: 31      798         
      0     0     -108,7593   242                    Cuts: 19      820         
      0     0     -108,5500   237                    Cuts: 34      851         
      0     0     -108,4626   227                    Cuts: 12      864         
      0     0     -108,3638   241                    Cuts: 11      883         
      0     0     -108,3116   240                    Cuts: 12      905         
      0     0     -108,2610   229                    Cuts: 15      921         
      0     0     -108,1481   241                    Cuts: 27      946         
      0     0     -108,0934   229                    Cuts: 19      966         
      0     0     -108,0536   231                    Cuts: 13      976         
      0     0     -108,0357   242                    Cuts: 19      993         
      0     0     -107,9884   241                    Cuts: 13     1010         
      0     0     -107,9751   256                    Cuts: 13     1026         
Detecting symmetries...
      0     2     -107,9751   256                   -107,9751     1026         
Elapsed time = 0,33 sec. (294,92 ticks, tree = 0,02 MB, solutions = 0)
   2813  2118     -101,1338   179                   -104,1785    85335         
   4786  3346      -72,1477   137                   -102,9286   170447         
   6823  4292      -80,6603   100                   -101,9513   263039         
   8685  5301      -32,8569    88                   -101,1370   376320         
  10631  6149      -56,8826    50                   -100,3844   475870         
  12316  6940    infeasible                          -99,7861   577721         
  13324  6914    infeasible                          -98,7251   670236         
  14517  6841    infeasible                          -97,8582   788679         
  16006  6762      -60,2461   133                    -96,8684   880422         
  25122  7946      -26,8439    72                    -90,8004  1284977         
Elapsed time = 3,92 sec. (3395,81 ticks, tree = 6,70 MB, solutions = 0)
* 30836+ 9668                          -21,0000      -87,6298           317,28%

Performing restart 1

Repeating presolve.
Tried aggregator 1 time.
MIP Presolve modified 49 coefficients.
Reduced MIP has 928 rows, 496 columns, and 2799 nonzeros.
Reduced MIP has 165 binaries, 331 generals, 0 SOSs, and 0 indicators.
Presolve time = 0,00 sec. (1,45 ticks)
Tried aggregator 1 time.
MIP Presolve modified 4 coefficients.
Reduced MIP has 928 rows, 496 columns, and 2799 nonzeros.
Reduced MIP has 165 binaries, 331 generals, 0 SOSs, and 0 indicators.
Presolve time = 0,00 sec. (1,95 ticks)
Represolve time = 0,03 sec. (13,97 ticks)
  32205     0     -103,1127   232      -21,0000     Cuts: 286  1632114  312,76%
  32205     0     -100,4519   227      -21,0000     Cuts: 153  1632251  312,76%
  32205     0      -97,6455   237      -21,0000     Cuts: 225  1632367  312,76%
  32205     0      -96,3679   220      -21,0000     Cuts: 121  1632465  312,76%
  32205     0      -95,0382   238      -21,0000     Cuts: 132  1632577  312,76%
  32205     0      -94,0341   245      -21,0000     Cuts: 123  1632682  312,76%
  32205     0      -93,1213   259      -21,0000      Cuts: 82  1632788  312,76%
  32205     0      -92,5630   221      -21,0000      Cuts: 99  1632862  312,76%
  32205     0      -92,1689   227      -21,0000      Cuts: 88  1632941  312,76%
  32205     0      -91,7162   240      -21,0000      Cuts: 85  1633023  312,76%
  32205     0      -91,5147   248      -21,0000      Cuts: 93  1633085  312,76%
  32205     0      -90,9498   247      -21,0000      Cuts: 66  1633168  312,76%
  32205     0      -90,7321   221      -21,0000      Cuts: 74  1633231  312,76%
  32205     0      -90,4523   233      -21,0000      Cuts: 60  1633296  312,76%
  32205     2      -90,4523   233      -21,0000      -86,6803  1633296  312,76%
* 37801+ 1776                          -30,0000      -71,4097           138,03%
  38368  1686      -32,3238    79      -30,0000      -70,4551  1816889  134,85%
* 39212+ 1865                          -41,0000      -66,5946            62,43%
* 40389+  984                          -42,0000      -60,4695            43,98%

Implied bound cuts applied:  11
Flow cuts applied:  57
Mixed integer rounding cuts applied:  244
Zero-half cuts applied:  24
Lift and project cuts applied:  50
Gomory fractional cuts applied:  14

Root node processing (before b&c):
  Real time             =    0,33 sec. (294,33 ticks)
Parallel b&c, 20 threads:
  Real time             =    6,77 sec. (5774,50 ticks)
  Sync time (average)   =    1,50 sec.
  Wait time (average)   =    0,02 sec.
                          ------------
Total (root+branch&cut) =    7,09 sec. (6068,83 ticks)

<<< solve


OBJECTIVE: -42
xxxx
#Result <fct_obj, tot_cst, tot_ldt, Emiss>: <-42 1.0181e+6 310 2.9042e+7>#CS:1018089#A:[0,33,24,24,15,12,18,11,20,13,16,10,5,8,6,10,10,8,8,4,14,7,7,8,7,8,4]#X:[0,1,0,0,0,0,0,0,0,0,0,0,0,0,0,0,0,0,0,0,0,0,0,0,0,0,0]#Z:[0,0,0,0,0,0,0,0,0,0,0,0,0,0,0,0,0,0,0,0,0,0,0,0,0,0,0,0,0,0,0,0,0,0,0,0,0,0,0,0,0,0,0,0,0,0,0,0,0,0,0,0,0,0,0,0,0,0,0,0,0,0,0,0,0,0,0,0,0,0,0,0,0,0,0,0,0,0,0,0,0,0,0,0,0,0,0,0,0,0,0,0,0,0,0,0,0,0,0,0,0,0,0,0,0,0,0,0,0,0,0,0,0,0,0,0,0,0,0,0,0,0,0,0,0,0,0,0,0,0,0,0,0,0,1,0,0,1,0,1,0,1,0,0,1,0,0,1,0,1,0,0,1,1,0,0,0,0,0,1,0,0,1,1,0,0,0,0,0,1,1,1,0,1,1,0,0,1,0,1,0,0,1,1,0,0,0,0,0,1,1,1,1,1,0,0,0,0,0,1,1,1,1,1,1,0,0,1,0,1,1,1,0,1,1,0,0,1,0,1,0,0,1,1,0,0,0,0,0,1,0,1,0,0,1,0,0,1,0,1,0,0,1,1,0,0,0,0,0,1,0,0,1,1,0,0,0,0,0,1,0,0,1,1,0,0,0,0,0,1]#Q:[0,0,0,0,0,0,0,0,0,0,0,0,0,0,0,0,0,0,0,0,0,0,0,0,0,0,0,0,0,0,0,0,0,0,0,0,0,0,0,0,0,0,0,0,0,0,0,0,0,0,0,0,0,0,0,0,0,0,0,0,0,0,0,0,0,0,0,0,0,0,0,0,0,0,0,0,0,0,0,0,0,0,0,0,0,0,0,0,0,0,0,0,0,0,0,0,0,0,0,0,0,0,0,0,0,0,0,0,0,0,0,0,0,0,0,0,0,0,0,0,0,0,0,0,0,0,0,0,0,0,0,0,0,0,1,0,0,158,0,1,0,1,0,0,1,0,0,117,0,1,0,0,1,1,0,0,0,0,0,38,0,0,1,1,0,0,0,0,0,178,1,1,0,1,1,0,0,115,0,1,0,0,1,1,0,0,0,0,0,38,1,1,1,1,0,0,0,0,0,16,1,1,1,1,1,0,0,34,0,1,1,1,0,1,1,0,0,115,0,1,0,0,1,1,0,0,0,0,0,78,0,1,0,0,1,0,0,77,0,1,0,0,1,1,0,0,0,0,0,58,0,0,1,1,0,0,0,0,0,38,0,0,1,1,0,0,0,0,0,58]#E: 29041920#STABILITY_ORIGINAL_OBJECTIVE:1018399#STABILITY_SCORE:42#DELIVER:
S5=>P13
S8=>P13
S10=>P13
S2=>P14
S5=>P14
S8=>P14
S10=>P14
S3=>P15
S4=>P15
S10=>P15
S3=>P16
S4=>P16
S10=>P16
S1=>P17
S2=>P17
S4=>P17
S5=>P17
S8=>P17
S10=>P17
S3=>P18
S4=>P18
S10=>P18
S1=>P19
S2=>P19
S3=>P19
S4=>P19
S10=>P19
S1=>P20
S2=>P20
S3=>P20
S4=>P20
S5=>P20
S8=>P20
S10=>P20
S1=>P21
S2=>P21
S4=>P21
S5=>P21
S8=>P21
S10=>P21
S3=>P22
S4=>P22
S10=>P22
S2=>P23
S5=>P23
S8=>P23
S10=>P23
S3=>P24
S4=>P24
S10=>P24
S3=>P25
S4=>P25
S10=>P25
S3=>P26
S4=>P26
S10=>P26
xxxx

<<< post process


<<< done


)
