Array
(
    [CplexRunTime] => Total (root+branch&cut) =    0,06 sec
    [status] => OPTIMAL
    [termination_reason] => OPTIMAL
    [mip_gap] => 0
    [Result] => Array
        (
            [Objective] => -2
            [TotalCost] => 60764
            [LeadTime] => 24
            [Emissions] => 1550000
        )

    [CS] => 60764
    [A] => Array
        (
            [0] => 0
            [1] => 2
            [2] => 5
            [3] => 6
            [4] => 4
            [5] => 7
        )

    [X] => Array
        (
            [0] => 0
            [1] => 1
            [2] => 1
            [3] => 1
            [4] => 1
            [5] => 1
        )

    [Z] => Array
        (
            [0] => 0
            [1] => 0
            [2] => 0
            [3] => 0
            [4] => 0
            [5] => 0
            [6] => 0
            [7] => 0
            [8] => 0
            [9] => 0
            [10] => 0
            [11] => 0
            [12] => 0
            [13] => 0
            [14] => 0
            [15] => 0
            [16] => 0
            [17] => 0
            [18] => 0
            [19] => 0
            [20] => 0
            [21] => 0
            [22] => 0
            [23] => 0
            [24] => 0
            [25] => 0
            [26] => 0
            [27] => 0
            [28] => 0
            [29] => 1
            [30] => 0
            [31] => 0
            [32] => 0
            [33] => 0
            [34] => 0
            [35] => 0
            [36] => 0
            [37] => 0
            [38] => 0
            [39] => 0
            [40] => 0
            [41] => 0
            [42] => 1
            [43] => 1
            [44] => 0
            [45] => 0
            [46] => 0
            [47] => 0
            [48] => 0
            [49] => 0
            [50] => 0
            [51] => 1
            [52] => 0
            [53] => 0
            [54] => 0
            [55] => 0
            [56] => 0
            [57] => 0
            [58] => 0
            [59] => 0
        )

    [Q] => Array
        (
            [0] => 0
            [1] => 0
            [2] => 0
            [3] => 0
            [4] => 0
            [5] => 0
            [6] => 0
            [7] => 0
            [8] => 0
            [9] => 0
            [10] => 0
            [11] => 0
            [12] => 0
            [13] => 0
            [14] => 0
            [15] => 0
            [16] => 0
            [17] => 0
            [18] => 0
            [19] => 0
            [20] => 0
            [21] => 0
            [22] => 0
            [23] => 0
            [24] => 0
            [25] => 0
            [26] => 0
            [27] => 0
            [28] => 0
            [29] => 20
            [30] => 0
            [31] => 0
            [32] => 0
            [33] => 0
            [34] => 0
            [35] => 0
            [36] => 0
            [37] => 0
            [38] => 0
            [39] => 0
            [40] => 0
            [41] => 0
            [42] => 40
            [43] => 80
            [44] => 0
            [45] => 0
            [46] => 0
            [47] => 0
            [48] => 0
            [49] => 0
            [50] => 0
            [51] => 40
            [52] => 0
            [53] => 0
            [54] => 0
            [55] => 0
            [56] => 0
            [57] => 0
            [58] => 0
            [59] => 0
        )

    [E] => 1550000
    [STABILITY_ORIGINAL_OBJECTIVE] => 60788
    [STABILITY_SCORE] => 2
    [DELIVER] => Array
        (
            [0] => S10=>P2
            [1] => S3=>P4
            [2] => S4=>P4
            [3] => S2=>P5
        )

    [_raw_output] => 
<<< setup

0 0 -1 0 0 0.25 0.5 0.8 1 0 0 0 0  14
1 2 0 700 1 0.25 0.5 0.8 1 0 7000 700 1500  14
2 4 1 165 1 0.25 0.5 0.8 1 0 5000 500 1500  14
3 6 1 100 2 0.25 0.5 0.8 1 0 3500 350 1500  14
4 3 3 25 6 0.25 0.5 0.8 1 0 3000 300 1500  14
5 5 3 30 2 0.25 0.5 0.8 1 0 2500 250 1500  14
Node nums: [0 1 2 3 4 5]
xx-Data uploaded-xx
	**** start init su array ...
0 [0 0 0 0 0 0 0 0 0 0]
1 [0 0 0 0 0 0 0 0 0 0]
2 [1 1 1 1 1 1 1 1 1 1]
3 [0 0 0 0 0 0 0 0 0 0]
4 [1 1 1 1 1 1 1 1 1 1]
5 [1 1 1 1 1 1 1 1 1 1]
	**** end init su array ...
1 2 1 100 80 0.85 0.92 0.8 (9)9
2 2 0.9 60 75 0.82 0.90 0.9 (9)9
3 1 1.1 80 90 0.88 0.95 0.5 (9)9
4 1 1 80 100 0.86 0.93 0.6 (9)9
5 5 0.6 50 40 0.72 0.78 1.5 (9)9
6 6 0.5 60 45 0.70 0.75 2.0 (9)9
7 7 0.5 80 40 0.68 0.72 2.5 (9)9
8 5 0.3 25 30 0.65 0.70 1.8 (9)9
9 9 0.2 250 15 0.60 0.65 3.5 (9)9
10 1 0.8 30 40 0.80 0.88 0.7 (9)9

<<< generate

Version identifier: 20.1.0.0 | 2020-11-10 | 9bedb6d68
CPXPARAM_TimeLimit                               300
Tried aggregator 2 times.
MIP Presolve eliminated 626 rows and 182 columns.
MIP Presolve modified 348 coefficients.
Aggregator did 31 substitutions.
Reduced MIP has 208 rows, 105 columns, and 601 nonzeros.
Reduced MIP has 35 binaries, 70 generals, 0 SOSs, and 0 indicators.
Presolve time = 0,00 sec. (1,85 ticks)
Probing fixed 0 vars, tightened 2 bounds.
Probing time = 0,00 sec. (0,12 ticks)
Cover probing fixed 0 vars, tightened 3 bounds.
Tried aggregator 1 time.
Detecting symmetries...
MIP Presolve eliminated 9 rows and 0 columns.
MIP Presolve modified 78 coefficients.
Reduced MIP has 199 rows, 105 columns, and 583 nonzeros.
Reduced MIP has 35 binaries, 70 generals, 0 SOSs, and 0 indicators.
Presolve time = 0,02 sec. (0,55 ticks)
Probing fixed 0 vars, tightened 2 bounds.
Probing time = 0,00 sec. (0,12 ticks)
Clique table members: 12.
MIP emphasis: balance optimality and feasibility.
MIP search method: dynamic search.
Parallel mode: deterministic, using up to 20 threads.
Root relaxation solution time = 0,00 sec. (0,99 ticks)

        Nodes                                         Cuts/
   Node  Left     Objective  IInf  Best Integer    Best Bound    ItCnt     Gap

      0     0      -21,1082    58                    -21,1082       83         
      0     0      -16,2499    63                    Cuts: 93      134         
      0     0      -13,4961    64                    Cuts: 39      180         
      0     0      -13,1251    62                    Cuts: 24      203         
      0     0      -12,5159    70                    Cuts: 21      240         
      0     0      -12,3368    65                    Cuts: 18      254         
Detecting symmetries...
      0     0      -12,2070    73                    Cuts: 16      268         
      0     0      -12,1106    72                    Cuts: 18      287         
      0     0      -12,0972    66                    Cuts: 14      298         
      0     0      -12,0813    72                     Cuts: 8      311         
      0     0      -12,0578    74                     Cuts: 9      324         
      0     0      -12,0445    67                    Cuts: 11      333         
      0     0      -12,0264    44                 ZeroHalf: 6      338         
      0     0      -12,0208    44                 ZeroHalf: 2      340         
      0     0      -11,9983    56                     Cuts: 6      347         
      0     0      -11,9815    56                 ZeroHalf: 1      348         
      0     0      -11,9532    44                 ZeroHalf: 1      353         
      0     0      -11,9398    43                     Cuts: 6      358         
      0     0      -11,9389    43                 ZeroHalf: 1      361         
      0     0      -11,9386    43                 ZeroHalf: 1      362         
*     0+    0                           -2,0000      -11,9386           496,93%
      0     0        cutoff             -2,0000       -2,0000      362    0,00%
Elapsed time = 0,06 sec. (51,44 ticks, tree = 0,01 MB, solutions = 1)

Implied bound cuts applied:  14
Mixed integer rounding cuts applied:  11
Zero-half cuts applied:  18
Lift and project cuts applied:  9
Gomory fractional cuts applied:  2

Root node processing (before b&c):
  Real time             =    0,06 sec. (51,45 ticks)
Parallel b&c, 20 threads:
  Real time             =    0,00 sec. (0,00 ticks)
  Sync time (average)   =    0,00 sec.
  Wait time (average)   =    0,00 sec.
                          ------------
Total (root+branch&cut) =    0,06 sec. (51,45 ticks)

<<< solve


OBJECTIVE: -2
xxxx
#Result <fct_obj, tot_cst, tot_ldt, Emiss>: <-2 60764 24 1.55e+6>#CS:60764#A:[0,2,5,6,4,7]#X:[0,1,1,1,1,1]#Z:[0,0,0,0,0,0,0,0,0,0,0,0,0,0,0,0,0,0,0,0,0,0,0,0,0,0,0,0,0,1,0,0,0,0,0,0,0,0,0,0,0,0,1,1,0,0,0,0,0,0,0,1,0,0,0,0,0,0,0,0]#Q:[0,0,0,0,0,0,0,0,0,0,0,0,0,0,0,0,0,0,0,0,0,0,0,0,0,0,0,0,0,20,0,0,0,0,0,0,0,0,0,0,0,0,40,80,0,0,0,0,0,0,0,40,0,0,0,0,0,0,0,0]#E: 1550000#STABILITY_ORIGINAL_OBJECTIVE:60788#STABILITY_SCORE:2#DELIVER:
S10=>P2
S3=>P4
S4=>P4
S2=>P5
xxxx

<<< post process


<<< done


)
