Array
(
    [CplexRunTime] => Total (root+branch&cut) =    0,69 sec
    [status] => OPTIMAL
    [termination_reason] => OPTIMAL
    [mip_gap] => 0
    [Result] => Array
        (
            [Objective] => -1
            [TotalCost] => 915230
            [LeadTime] => 373
            [Emissions] => 35225000
        )

    [CS] => 915230
    [A] => Array
        (
            [0] => 0
            [1] => 33
            [2] => 24
            [3] => 24
            [4] => 19
            [5] => 16
            [6] => 18
            [7] => 19
            [8] => 20
            [9] => 16
            [10] => 16
            [11] => 14
            [12] => 9
            [13] => 12
            [14] => 6
            [15] => 14
            [16] => 10
            [17] => 8
            [18] => 16
            [19] => 8
            [20] => 14
            [21] => 11
            [22] => 11
            [23] => 8
            [24] => 7
            [25] => 12
            [26] => 8
        )

    [X] => Array
        (
            [0] => 1
            [1] => 1
            [2] => 0
            [3] => 0
            [4] => 0
            [5] => 0
            [6] => 0
            [7] => 0
            [8] => 0
            [9] => 0
            [10] => 0
            [11] => 0
            [12] => 0
            [13] => 0
            [14] => 0
            [15] => 0
            [16] => 0
            [17] => 0
            [18] => 0
            [19] => 0
            [20] => 0
            [21] => 0
            [22] => 0
            [23] => 0
            [24] => 0
            [25] => 0
            [26] => 0
        )

    [Z] => Array
        (
            [0] => 0
            [1] => 0
            [2] => 0
            [3] => 0
            [4] => 0
            [5] => 0
            [6] => 0
            [7] => 0
            [8] => 0
            [9] => 0
            [10] => 0
            [11] => 0
            [12] => 0
            [13] => 0
            [14] => 0
            [15] => 0
            [16] => 0
            [17] => 0
            [18] => 0
            [19] => 0
            [20] => 0
            [21] => 0
            [22] => 0
            [23] => 0
            [24] => 0
            [25] => 0
            [26] => 0
            [27] => 0
            [28] => 0
            [29] => 0
            [30] => 0
            [31] => 0
            [32] => 0
            [33] => 0
            [34] => 0
            [35] => 0
            [36] => 0
            [37] => 0
            [38] => 0
            [39] => 0
            [40] => 0
            [41] => 0
            [42] => 0
            [43] => 0
            [44] => 0
            [45] => 0
            [46] => 0
            [47] => 0
            [48] => 0
            [49] => 0
            [50] => 0
            [51] => 0
            [52] => 0
            [53] => 0
            [54] => 0
            [55] => 0
            [56] => 0
            [57] => 0
            [58] => 0
            [59] => 0
            [60] => 0
            [61] => 0
            [62] => 0
            [63] => 0
            [64] => 0
            [65] => 0
            [66] => 0
            [67] => 0
            [68] => 0
            [69] => 0
            [70] => 0
            [71] => 0
            [72] => 0
            [73] => 0
            [74] => 0
            [75] => 0
            [76] => 0
            [77] => 0
            [78] => 0
            [79] => 0
            [80] => 0
            [81] => 0
            [82] => 0
            [83] => 0
            [84] => 0
            [85] => 0
            [86] => 0
            [87] => 0
            [88] => 0
            [89] => 0
            [90] => 0
            [91] => 0
            [92] => 0
            [93] => 0
            [94] => 0
            [95] => 0
            [96] => 0
            [97] => 0
            [98] => 0
            [99] => 0
            [100] => 0
            [101] => 0
            [102] => 0
            [103] => 0
            [104] => 0
            [105] => 0
            [106] => 0
            [107] => 0
            [108] => 0
            [109] => 0
            [110] => 0
            [111] => 0
            [112] => 0
            [113] => 0
            [114] => 0
            [115] => 0
            [116] => 0
            [117] => 0
            [118] => 0
            [119] => 0
            [120] => 0
            [121] => 0
            [122] => 0
            [123] => 0
            [124] => 0
            [125] => 0
            [126] => 0
            [127] => 0
            [128] => 0
            [129] => 0
            [130] => 0
            [131] => 0
            [132] => 0
            [133] => 0
            [134] => 0
            [135] => 0
            [136] => 0
            [137] => 0
            [138] => 1
            [139] => 0
            [140] => 0
            [141] => 0
            [142] => 0
            [143] => 0
            [144] => 0
            [145] => 0
            [146] => 0
            [147] => 1
            [148] => 0
            [149] => 0
            [150] => 0
            [151] => 0
            [152] => 0
            [153] => 0
            [154] => 0
            [155] => 0
            [156] => 0
            [157] => 1
            [158] => 0
            [159] => 0
            [160] => 0
            [161] => 0
            [162] => 0
            [163] => 0
            [164] => 0
            [165] => 0
            [166] => 0
            [167] => 0
            [168] => 0
            [169] => 1
            [170] => 0
            [171] => 0
            [172] => 0
            [173] => 0
            [174] => 0
            [175] => 0
            [176] => 0
            [177] => 1
            [178] => 0
            [179] => 0
            [180] => 0
            [181] => 0
            [182] => 0
            [183] => 0
            [184] => 0
            [185] => 0
            [186] => 0
            [187] => 0
            [188] => 1
            [189] => 0
            [190] => 0
            [191] => 0
            [192] => 0
            [193] => 0
            [194] => 0
            [195] => 1
            [196] => 0
            [197] => 1
            [198] => 0
            [199] => 0
            [200] => 0
            [201] => 0
            [202] => 0
            [203] => 0
            [204] => 0
            [205] => 0
            [206] => 0
            [207] => 1
            [208] => 0
            [209] => 0
            [210] => 0
            [211] => 0
            [212] => 0
            [213] => 0
            [214] => 0
            [215] => 0
            [216] => 0
            [217] => 0
            [218] => 1
            [219] => 0
            [220] => 0
            [221] => 0
            [222] => 0
            [223] => 0
            [224] => 0
            [225] => 0
            [226] => 0
            [227] => 1
            [228] => 0
            [229] => 0
            [230] => 0
            [231] => 0
            [232] => 0
            [233] => 0
            [234] => 0
            [235] => 0
            [236] => 0
            [237] => 1
            [238] => 0
            [239] => 0
            [240] => 0
            [241] => 0
            [242] => 0
            [243] => 0
            [244] => 0
            [245] => 0
            [246] => 0
            [247] => 0
            [248] => 0
            [249] => 1
            [250] => 0
            [251] => 0
            [252] => 0
            [253] => 0
            [254] => 0
            [255] => 0
            [256] => 0
            [257] => 1
            [258] => 0
            [259] => 0
            [260] => 0
            [261] => 0
            [262] => 0
            [263] => 0
            [264] => 0
            [265] => 0
            [266] => 0
            [267] => 1
            [268] => 0
            [269] => 0
        )

    [Q] => Array
        (
            [0] => 0
            [1] => 0
            [2] => 0
            [3] => 0
            [4] => 0
            [5] => 0
            [6] => 0
            [7] => 0
            [8] => 0
            [9] => 0
            [10] => 0
            [11] => 0
            [12] => 0
            [13] => 0
            [14] => 0
            [15] => 0
            [16] => 0
            [17] => 0
            [18] => 0
            [19] => 0
            [20] => 0
            [21] => 0
            [22] => 0
            [23] => 0
            [24] => 0
            [25] => 0
            [26] => 0
            [27] => 0
            [28] => 0
            [29] => 0
            [30] => 0
            [31] => 0
            [32] => 0
            [33] => 0
            [34] => 0
            [35] => 0
            [36] => 0
            [37] => 0
            [38] => 0
            [39] => 0
            [40] => 0
            [41] => 0
            [42] => 0
            [43] => 0
            [44] => 0
            [45] => 0
            [46] => 0
            [47] => 0
            [48] => 0
            [49] => 0
            [50] => 0
            [51] => 0
            [52] => 0
            [53] => 0
            [54] => 0
            [55] => 0
            [56] => 0
            [57] => 0
            [58] => 0
            [59] => 0
            [60] => 0
            [61] => 0
            [62] => 0
            [63] => 0
            [64] => 0
            [65] => 0
            [66] => 0
            [67] => 0
            [68] => 0
            [69] => 0
            [70] => 0
            [71] => 0
            [72] => 0
            [73] => 0
            [74] => 0
            [75] => 0
            [76] => 0
            [77] => 0
            [78] => 0
            [79] => 0
            [80] => 0
            [81] => 0
            [82] => 0
            [83] => 0
            [84] => 0
            [85] => 0
            [86] => 0
            [87] => 0
            [88] => 0
            [89] => 0
            [90] => 0
            [91] => 0
            [92] => 0
            [93] => 0
            [94] => 0
            [95] => 0
            [96] => 0
            [97] => 0
            [98] => 0
            [99] => 0
            [100] => 0
            [101] => 0
            [102] => 0
            [103] => 0
            [104] => 0
            [105] => 0
            [106] => 0
            [107] => 0
            [108] => 0
            [109] => 0
            [110] => 0
            [111] => 0
            [112] => 0
            [113] => 0
            [114] => 0
            [115] => 0
            [116] => 0
            [117] => 0
            [118] => 0
            [119] => 0
            [120] => 0
            [121] => 0
            [122] => 0
            [123] => 0
            [124] => 0
            [125] => 0
            [126] => 0
            [127] => 0
            [128] => 0
            [129] => 0
            [130] => 0
            [131] => 0
            [132] => 0
            [133] => 0
            [134] => 0
            [135] => 0
            [136] => 0
            [137] => 0
            [138] => 160
            [139] => 0
            [140] => 0
            [141] => 0
            [142] => 0
            [143] => 0
            [144] => 0
            [145] => 0
            [146] => 0
            [147] => 120
            [148] => 0
            [149] => 0
            [150] => 0
            [151] => 0
            [152] => 0
            [153] => 0
            [154] => 0
            [155] => 0
            [156] => 0
            [157] => 40
            [158] => 0
            [159] => 0
            [160] => 0
            [161] => 0
            [162] => 0
            [163] => 0
            [164] => 0
            [165] => 0
            [166] => 0
            [167] => 0
            [168] => 0
            [169] => 180
            [170] => 0
            [171] => 0
            [172] => 0
            [173] => 0
            [174] => 0
            [175] => 0
            [176] => 0
            [177] => 120
            [178] => 0
            [179] => 0
            [180] => 0
            [181] => 0
            [182] => 0
            [183] => 0
            [184] => 0
            [185] => 0
            [186] => 0
            [187] => 0
            [188] => 40
            [189] => 0
            [190] => 0
            [191] => 0
            [192] => 0
            [193] => 0
            [194] => 0
            [195] => 5
            [196] => 0
            [197] => 15
            [198] => 0
            [199] => 0
            [200] => 0
            [201] => 0
            [202] => 0
            [203] => 0
            [204] => 0
            [205] => 0
            [206] => 0
            [207] => 40
            [208] => 0
            [209] => 0
            [210] => 0
            [211] => 0
            [212] => 0
            [213] => 0
            [214] => 0
            [215] => 0
            [216] => 0
            [217] => 0
            [218] => 120
            [219] => 0
            [220] => 0
            [221] => 0
            [222] => 0
            [223] => 0
            [224] => 0
            [225] => 0
            [226] => 0
            [227] => 80
            [228] => 0
            [229] => 0
            [230] => 0
            [231] => 0
            [232] => 0
            [233] => 0
            [234] => 0
            [235] => 0
            [236] => 0
            [237] => 80
            [238] => 0
            [239] => 0
            [240] => 0
            [241] => 0
            [242] => 0
            [243] => 0
            [244] => 0
            [245] => 0
            [246] => 0
            [247] => 0
            [248] => 0
            [249] => 60
            [250] => 0
            [251] => 0
            [252] => 0
            [253] => 0
            [254] => 0
            [255] => 0
            [256] => 0
            [257] => 40
            [258] => 0
            [259] => 0
            [260] => 0
            [261] => 0
            [262] => 0
            [263] => 0
            [264] => 0
            [265] => 0
            [266] => 0
            [267] => 60
            [268] => 0
            [269] => 0
        )

    [E] => 35224675
    [STABILITY_ORIGINAL_OBJECTIVE] => 915603
    [STABILITY_SCORE] => 1
    [DELIVER] => Array
        (
            [0] => S9=>P13
            [1] => S8=>P14
            [2] => S8=>P15
            [3] => S10=>P16
            [4] => S8=>P17
            [5] => S9=>P18
            [6] => S6=>P19
            [7] => S8=>P19
            [8] => S8=>P20
            [9] => S9=>P21
            [10] => S8=>P22
            [11] => S8=>P23
            [12] => S10=>P24
            [13] => S8=>P25
            [14] => S8=>P26
        )

    [_raw_output] => 
<<< setup

0 0 -1 0 1 0,25 0,5 0,8 1 0 0 0 0 13
1 9 0 2500 1 0,25 0,5 0,8 1 0 7000 700 1500 13
2 4 1 900 1 0,25 0,5 0,8 1 0 3500 450 1500 13
3 8 1 890 1 0,25 0,5 0,8 1 0 5500 550 1500 13
4 5 1 910 1 0,25 0,5 0,8 1 0 2800 280 1500 13
5 2 1 860 2 0,25 0,5 0,8 1 0 2350 235 1500 13
6 8 2 880 3 0,25 0,5 0,8 1 0 2600 260 1500 13
7 3 2 800 2 0,25 0,5 0,8 1 0 2900 290 1500 13
8 6 2 780 1 0,25 0,5 0,8 1 0 1600 160 1500 13
9 5 3 790 2 0,25 0,5 0,8 1 0 1250 125 1500 13
10 9 3 750 3 0,25 0,5 0,8 1 0 1120 112 1500 13
11 2 4 690 2 0,25 0,5 0,8 1 0 1200 120 1500 13
12 1 4 660 3 0,25 0,5 0,8 1 0 1000 100 1500 13
13 3 5 600 8 0,25 0,5 0,5 1 0 1100 110 1500 13
14 1 5 640 6 0,25 0,5 0,5 1 0 1100 110 1500 13
15 9 5 700 2 0,25 0,5 0,5 1 0 1100 110 1500 13
16 9 6 660 9 0,25 0,5 0,5 1 0 2100 210 1500 13
17 3 6 580 6 0,25 0,5 0,5 1 0 2000 200 1500 13
18 7 7 550 2 0,25 0,5 0,5 1 0 2300 230 1500 13
19 2 8 570 1 0,25 0,5 0,5 1 0 1200 120 1500 13
20 9 8 600 2 0,25 0,5 0,5 1 0 1400 140 1500 13
21 2 9 540 6 0,25 0,5 0,5 1 0 1150 115 1500 13
22 6 9 510 4 0,25 0,5 0,5 1 0 1100 110 1500 13
23 3 9 590 4 0,25 0,5 0,5 1 0 1050 105 1500 13
24 6 10 400 3 0,25 0,5 0,5 1 0 950 95 1500 13
25 7 11 490 2 0,25 0,5 0,5 1 0 1000 100 1500 13
26 3 12 480 3 0,25 0,5 0,5 1 0 900 90 1500 13
Node nums: [0 1 2 3 4 5 6 7 8 9 10 11 12 13 14 15 16 17 18 19 20 21 22 23 24 25 26]
xx-Data uploaded-xx
	**** start init su array ...
0 [0 0 0 0 0 0 0 0 0 0]
1 [0 0 0 0 0 0 0 0 0 0]
2 [0 0 0 0 0 0 0 0 0 0]
3 [0 0 0 0 0 0 0 0 0 0]
4 [0 0 0 0 0 0 0 0 0 0]
5 [0 0 0 0 0 0 0 0 0 0]
6 [0 0 0 0 0 0 0 0 0 0]
7 [0 0 0 0 0 0 0 0 0 0]
8 [0 0 0 0 0 0 0 0 0 0]
9 [0 0 0 0 0 0 0 0 0 0]
10 [0 0 0 0 0 0 0 0 0 0]
11 [0 0 0 0 0 0 0 0 0 0]
12 [0 0 0 0 0 0 0 0 0 0]
13 [1 1 1 1 1 1 1 1 1 1]
14 [1 1 1 1 1 1 1 1 1 1]
15 [1 1 1 1 1 1 1 1 1 1]
16 [1 1 1 1 1 1 1 1 1 1]
17 [1 1 1 1 1 1 1 1 1 1]
18 [1 1 1 1 1 1 1 1 1 1]
19 [1 1 1 1 1 1 1 1 1 1]
20 [1 1 1 1 1 1 1 1 1 1]
21 [1 1 1 1 1 1 1 1 1 1]
22 [1 1 1 1 1 1 1 1 1 1]
23 [1 1 1 1 1 1 1 1 1 1]
24 [1 1 1 1 1 1 1 1 1 1]
25 [1 1 1 1 1 1 1 1 1 1]
26 [1 1 1 1 1 1 1 1 1 1]
	**** end init su array ...
1 2 1 700 80 0.85 0.92 0.8 (9)9
2 2 0.9 800 75 0.82 0.90 0.9 (9)9
3 1 1.1 680 90 0.88 0.95 0.5 (9)9
4 1 1 480 100 0.86 0.93 0.6 (9)9
5 5 0.6 550 40 0.72 0.78 1.5 (9)9
6 6 0.5 650 45 0.70 0.75 2.0 (9)9
7 7 0.5 1100 40 0.68 0.72 2.5 (9)9
8 5 0.3 700 30 0.65 0.70 1.8 (9)9
9 9 0.2 1700 15 0.60 0.65 3.5 (9)9
10 1 0.8 5800 40 0.80 0.88 0.7 (9)9

<<< generate

Version identifier: 20.1.0.0 | 2020-11-10 | 9bedb6d68
CPXPARAM_TimeLimit                               300
Tried aggregator 3 times.
MIP Presolve eliminated 5570 rows and 793 columns.
MIP Presolve modified 1100 coefficients.
Aggregator did 142 substitutions.
Reduced MIP has 970 rows, 496 columns, and 2883 nonzeros.
Reduced MIP has 165 binaries, 331 generals, 0 SOSs, and 0 indicators.
Presolve time = 0,00 sec. (9,16 ticks)
Probing fixed 0 vars, tightened 404 bounds.
Probing time = 0,00 sec. (1,52 ticks)
Cover probing fixed 0 vars, tightened 14 bounds.
Tried aggregator 1 time.
Detecting symmetries...
MIP Presolve eliminated 42 rows and 0 columns.
MIP Presolve modified 658 coefficients.
Reduced MIP has 928 rows, 496 columns, and 2799 nonzeros.
Reduced MIP has 165 binaries, 331 generals, 0 SOSs, and 0 indicators.
Presolve time = 0,00 sec. (1,98 ticks)
Probing fixed 0 vars, tightened 23 bounds.
Probing time = 0,00 sec. (0,74 ticks)
MIP emphasis: balance optimality and feasibility.
MIP search method: dynamic search.
Parallel mode: deterministic, using up to 20 threads.
Root relaxation solution time = 0,02 sec. (6,82 ticks)

        Nodes                                         Cuts/
   Node  Left     Objective  IInf  Best Integer    Best Bound    ItCnt     Gap

      0     0      -23,4052   157                    -23,4052      416         
      0     0       -9,6061   107                   Cuts: 167      645         
      0     0       -7,5825    87                    Cuts: 50      712         
      0     0       -7,5118    95                    Cuts: 18      735         
      0     0       -7,4180   113                    Cuts: 14      767         
      0     0       -7,3606   120                    Cuts: 22      784         
Detecting symmetries...
      0     0       -7,3506   126                    Cuts: 15      799         
      0     0       -7,3135   129                    Cuts: 18      823         
      0     0       -7,3094   130                    Cuts: 14      831         
*     0+    0                           -1,0000       -7,3094           630,94%
      0     0       -7,2824   121       -1,0000       Cuts: 7      845  297,58%
      0     0       -6,7261   107       -1,0000      Cuts: 23      890  297,58%
      0     0       -6,5963   118       -1,0000      Cuts: 12      905  297,58%
      0     0       -6,5085   125       -1,0000      Cuts: 13      924  297,58%
Detecting symmetries...
      0     2       -6,5085   125       -1,0000       -2,9868      924  198,68%
Elapsed time = 0,17 sec. (130,84 ticks, tree = 0,02 MB, solutions = 1)
   6645  2096       -2,0000    22       -1,0000       -2,1851    81057  118,51%

Performing restart 1

Repeating presolve.
Tried aggregator 1 time.
MIP Presolve eliminated 42 rows and 17 columns.
MIP Presolve modified 622 coefficients.
Reduced MIP has 886 rows, 479 columns, and 2679 nonzeros.
Reduced MIP has 163 binaries, 316 generals, 0 SOSs, and 0 indicators.
Presolve time = 0,00 sec. (2,51 ticks)
Tried aggregator 1 time.
MIP Presolve eliminated 12 rows and 6 columns.
MIP Presolve modified 175 coefficients.
Reduced MIP has 874 rows, 473 columns, and 2643 nonzeros.
Reduced MIP has 163 binaries, 310 generals, 0 SOSs, and 0 indicators.
Presolve time = 0,00 sec. (1,99 ticks)
Tried aggregator 1 time.
MIP Presolve modified 50 coefficients.
Reduced MIP has 874 rows, 473 columns, and 2643 nonzeros.
Reduced MIP has 163 binaries, 310 generals, 0 SOSs, and 0 indicators.
Presolve time = 0,00 sec. (2,43 ticks)
Represolve time = 0,02 sec. (12,60 ticks)
   7318     0       -5,7961   146       -1,0000     Cuts: 104   103635  106,16%
   7318     0       -5,1519   137       -1,0000      Cuts: 89   103754  106,16%

Implied bound cuts applied:  22
Flow cuts applied:  23
Mixed integer rounding cuts applied:  65
Zero-half cuts applied:  8
Lift and project cuts applied:  30
Gomory fractional cuts applied:  65

Root node processing (before b&c):
  Real time             =    0,16 sec. (130,42 ticks)
Parallel b&c, 20 threads:
  Real time             =    0,53 sec. (460,70 ticks)
  Sync time (average)   =    0,11 sec.
  Wait time (average)   =    0,00 sec.
                          ------------
Total (root+branch&cut) =    0,69 sec. (591,12 ticks)

<<< solve


OBJECTIVE: -1
xxxx
#Result <fct_obj, tot_cst, tot_ldt, Emiss>: <-1 9.1523e+5 373 3.5225e+7>#CS:915230#A:[0,33,24,24,19,16,18,19,20,16,16,14,9,12,6,14,10,8,16,8,14,11,11,8,7,12,8]#X:[1,1,0,0,0,0,0,0,0,0,0,0,0,0,0,0,0,0,0,0,0,0,0,0,0,0,0]#Z:[0,0,0,0,0,0,0,0,0,0,0,0,0,0,0,0,0,0,0,0,0,0,0,0,0,0,0,0,0,0,0,0,0,0,0,0,0,0,0,0,0,0,0,0,0,0,0,0,0,0,0,0,0,0,0,0,0,0,0,0,0,0,0,0,0,0,0,0,0,0,0,0,0,0,0,0,0,0,0,0,0,0,0,0,0,0,0,0,0,0,0,0,0,0,0,0,0,0,0,0,0,0,0,0,0,0,0,0,0,0,0,0,0,0,0,0,0,0,0,0,0,0,0,0,0,0,0,0,0,0,0,0,0,0,0,0,0,0,1,0,0,0,0,0,0,0,0,1,0,0,0,0,0,0,0,0,0,1,0,0,0,0,0,0,0,0,0,0,0,1,0,0,0,0,0,0,0,1,0,0,0,0,0,0,0,0,0,0,1,0,0,0,0,0,0,1,0,1,0,0,0,0,0,0,0,0,0,1,0,0,0,0,0,0,0,0,0,0,1,0,0,0,0,0,0,0,0,1,0,0,0,0,0,0,0,0,0,1,0,0,0,0,0,0,0,0,0,0,0,1,0,0,0,0,0,0,0,1,0,0,0,0,0,0,0,0,0,1,0,0]#Q:[0,0,0,0,0,0,0,0,0,0,0,0,0,0,0,0,0,0,0,0,0,0,0,0,0,0,0,0,0,0,0,0,0,0,0,0,0,0,0,0,0,0,0,0,0,0,0,0,0,0,0,0,0,0,0,0,0,0,0,0,0,0,0,0,0,0,0,0,0,0,0,0,0,0,0,0,0,0,0,0,0,0,0,0,0,0,0,0,0,0,0,0,0,0,0,0,0,0,0,0,0,0,0,0,0,0,0,0,0,0,0,0,0,0,0,0,0,0,0,0,0,0,0,0,0,0,0,0,0,0,0,0,0,0,0,0,0,0,160,0,0,0,0,0,0,0,0,120,0,0,0,0,0,0,0,0,0,40,0,0,0,0,0,0,0,0,0,0,0,180,0,0,0,0,0,0,0,120,0,0,0,0,0,0,0,0,0,0,40,0,0,0,0,0,0,5,0,15,0,0,0,0,0,0,0,0,0,40,0,0,0,0,0,0,0,0,0,0,120,0,0,0,0,0,0,0,0,80,0,0,0,0,0,0,0,0,0,80,0,0,0,0,0,0,0,0,0,0,0,60,0,0,0,0,0,0,0,40,0,0,0,0,0,0,0,0,0,60,0,0]#E: 35224675#STABILITY_ORIGINAL_OBJECTIVE:915603#STABILITY_SCORE:1#DELIVER:
S9=>P13
S8=>P14
S8=>P15
S10=>P16
S8=>P17
S9=>P18
S6=>P19
S8=>P19
S8=>P20
S9=>P21
S8=>P22
S8=>P23
S10=>P24
S8=>P25
S8=>P26
xxxx

<<< post process


<<< done


)
