Array
(
    [CplexRunTime] => Total (root+branch&cut) =    0,25 sec
    [status] => OPTIMAL
    [termination_reason] => OPTIMAL
    [mip_gap] => 0
    [Result] => Array
        (
            [Objective] => -110
            [TotalCost] => 1395100
            [LeadTime] => 711
            [Emissions] => 194150000
        )

    [CS] => 1395085
    [A] => Array
        (
            [0] => 0
            [1] => 2
            [2] => 27
            [3] => 26
            [4] => 21
            [5] => 25
            [6] => 22
            [7] => 12
            [8] => 22
            [9] => 19
            [10] => 17
            [11] => 15
            [12] => 15
            [13] => 18
            [14] => 21
            [15] => 11
            [16] => 18
            [17] => 15
            [18] => 19
            [19] => 12
            [20] => 19
            [21] => 16
            [22] => 15
            [23] => 16
            [24] => 13
            [25] => 12
            [26] => 10
            [27] => 10
            [28] => 13
            [29] => 12
            [30] => 17
            [31] => 14
            [32] => 13
            [33] => 16
            [34] => 12
            [35] => 14
            [36] => 13
            [37] => 13
            [38] => 5
            [39] => 15
            [40] => 13
            [41] => 9
            [42] => 13
            [43] => 12
            [44] => 9
            [45] => 10
            [46] => 10
            [47] => 9
            [48] => 7
            [49] => 8
            [50] => 6
        )

    [X] => Array
        (
            [0] => 0
            [1] => 1
            [2] => 1
            [3] => 1
            [4] => 1
            [5] => 1
            [6] => 0
            [7] => 0
            [8] => 0
            [9] => 0
            [10] => 0
            [11] => 0
            [12] => 0
            [13] => 0
            [14] => 0
            [15] => 0
            [16] => 0
            [17] => 0
            [18] => 0
            [19] => 0
            [20] => 0
            [21] => 0
            [22] => 0
            [23] => 0
            [24] => 0
            [25] => 0
            [26] => 0
            [27] => 0
            [28] => 0
            [29] => 0
            [30] => 0
            [31] => 0
            [32] => 0
            [33] => 0
            [34] => 0
            [35] => 0
            [36] => 0
            [37] => 0
            [38] => 0
            [39] => 0
            [40] => 0
            [41] => 0
            [42] => 0
            [43] => 0
            [44] => 0
            [45] => 0
            [46] => 0
            [47] => 0
            [48] => 0
            [49] => 0
            [50] => 0
        )

    [Z] => Array
        (
            [0] => 0
            [1] => 0
            [2] => 0
            [3] => 0
            [4] => 0
            [5] => 0
            [6] => 0
            [7] => 0
            [8] => 0
            [9] => 0
            [10] => 0
            [11] => 0
            [12] => 0
            [13] => 0
            [14] => 0
            [15] => 0
            [16] => 0
            [17] => 0
            [18] => 0
            [19] => 0
            [20] => 0
            [21] => 0
            [22] => 0
            [23] => 0
            [24] => 0
            [25] => 0
            [26] => 0
            [27] => 0
            [28] => 0
            [29] => 0
            [30] => 0
            [31] => 0
            [32] => 0
            [33] => 0
            [34] => 0
            [35] => 0
            [36] => 0
            [37] => 0
            [38] => 0
            [39] => 0
            [40] => 0
            [41] => 0
            [42] => 0
            [43] => 0
            [44] => 0
            [45] => 0
            [46] => 0
            [47] => 0
            [48] => 0
            [49] => 0
            [50] => 0
            [51] => 0
            [52] => 0
            [53] => 0
            [54] => 0
            [55] => 0
            [56] => 0
            [57] => 0
            [58] => 0
            [59] => 0
            [60] => 0
            [61] => 0
            [62] => 0
            [63] => 0
            [64] => 0
            [65] => 0
            [66] => 0
            [67] => 0
            [68] => 0
            [69] => 0
            [70] => 0
            [71] => 0
            [72] => 0
            [73] => 0
            [74] => 0
            [75] => 0
            [76] => 0
            [77] => 1
            [78] => 1
            [79] => 0
            [80] => 0
            [81] => 0
            [82] => 0
            [83] => 0
            [84] => 0
            [85] => 0
            [86] => 0
            [87] => 0
            [88] => 0
            [89] => 0
            [90] => 0
            [91] => 0
            [92] => 0
            [93] => 0
            [94] => 0
            [95] => 0
            [96] => 0
            [97] => 0
            [98] => 0
            [99] => 0
            [100] => 0
            [101] => 0
            [102] => 0
            [103] => 0
            [104] => 0
            [105] => 0
            [106] => 0
            [107] => 0
            [108] => 0
            [109] => 0
            [110] => 0
            [111] => 0
            [112] => 0
            [113] => 0
            [114] => 0
            [115] => 0
            [116] => 0
            [117] => 0
            [118] => 0
            [119] => 0
            [120] => 0
            [121] => 0
            [122] => 0
            [123] => 0
            [124] => 0
            [125] => 0
            [126] => 0
            [127] => 0
            [128] => 0
            [129] => 0
            [130] => 0
            [131] => 0
            [132] => 0
            [133] => 0
            [134] => 0
            [135] => 0
            [136] => 0
            [137] => 0
            [138] => 0
            [139] => 0
            [140] => 0
            [141] => 0
            [142] => 0
            [143] => 0
            [144] => 0
            [145] => 0
            [146] => 0
            [147] => 0
            [148] => 0
            [149] => 0
            [150] => 0
            [151] => 0
            [152] => 0
            [153] => 0
            [154] => 0
            [155] => 1
            [156] => 1
            [157] => 1
            [158] => 1
            [159] => 0
            [160] => 0
            [161] => 0
            [162] => 0
            [163] => 0
            [164] => 0
            [165] => 0
            [166] => 0
            [167] => 0
            [168] => 0
            [169] => 0
            [170] => 0
            [171] => 0
            [172] => 0
            [173] => 0
            [174] => 1
            [175] => 1
            [176] => 1
            [177] => 1
            [178] => 1
            [179] => 0
            [180] => 0
            [181] => 0
            [182] => 0
            [183] => 0
            [184] => 0
            [185] => 0
            [186] => 0
            [187] => 0
            [188] => 0
            [189] => 0
            [190] => 0
            [191] => 0
            [192] => 0
            [193] => 0
            [194] => 1
            [195] => 1
            [196] => 1
            [197] => 1
            [198] => 1
            [199] => 0
            [200] => 0
            [201] => 0
            [202] => 0
            [203] => 0
            [204] => 0
            [205] => 0
            [206] => 0
            [207] => 0
            [208] => 0
            [209] => 0
            [210] => 0
            [211] => 0
            [212] => 0
            [213] => 0
            [214] => 1
            [215] => 1
            [216] => 1
            [217] => 1
            [218] => 1
            [219] => 0
            [220] => 0
            [221] => 0
            [222] => 0
            [223] => 0
            [224] => 1
            [225] => 1
            [226] => 1
            [227] => 1
            [228] => 1
            [229] => 0
            [230] => 0
            [231] => 0
            [232] => 0
            [233] => 0
            [234] => 0
            [235] => 0
            [236] => 0
            [237] => 0
            [238] => 0
            [239] => 0
            [240] => 0
            [241] => 0
            [242] => 0
            [243] => 0
            [244] => 1
            [245] => 1
            [246] => 1
            [247] => 1
            [248] => 1
            [249] => 0
            [250] => 0
            [251] => 0
            [252] => 0
            [253] => 0
            [254] => 1
            [255] => 1
            [256] => 1
            [257] => 1
            [258] => 1
            [259] => 0
            [260] => 0
            [261] => 0
            [262] => 0
            [263] => 0
            [264] => 1
            [265] => 1
            [266] => 1
            [267] => 1
            [268] => 0
            [269] => 0
            [270] => 0
            [271] => 0
            [272] => 0
            [273] => 0
            [274] => 0
            [275] => 0
            [276] => 0
            [277] => 0
            [278] => 0
            [279] => 0
            [280] => 0
            [281] => 0
            [282] => 0
            [283] => 0
            [284] => 1
            [285] => 1
            [286] => 1
            [287] => 1
            [288] => 1
            [289] => 0
            [290] => 0
            [291] => 0
            [292] => 0
            [293] => 0
            [294] => 1
            [295] => 1
            [296] => 1
            [297] => 1
            [298] => 1
            [299] => 0
            [300] => 0
            [301] => 0
            [302] => 0
            [303] => 0
            [304] => 0
            [305] => 0
            [306] => 0
            [307] => 0
            [308] => 0
            [309] => 0
            [310] => 0
            [311] => 0
            [312] => 0
            [313] => 0
            [314] => 1
            [315] => 1
            [316] => 1
            [317] => 1
            [318] => 1
            [319] => 0
            [320] => 0
            [321] => 0
            [322] => 0
            [323] => 0
            [324] => 0
            [325] => 0
            [326] => 0
            [327] => 0
            [328] => 0
            [329] => 0
            [330] => 0
            [331] => 0
            [332] => 0
            [333] => 0
            [334] => 0
            [335] => 0
            [336] => 0
            [337] => 0
            [338] => 0
            [339] => 0
            [340] => 0
            [341] => 1
            [342] => 0
            [343] => 0
            [344] => 1
            [345] => 1
            [346] => 1
            [347] => 1
            [348] => 1
            [349] => 1
            [350] => 0
            [351] => 0
            [352] => 0
            [353] => 0
            [354] => 0
            [355] => 0
            [356] => 0
            [357] => 0
            [358] => 0
            [359] => 0
            [360] => 0
            [361] => 1
            [362] => 0
            [363] => 0
            [364] => 1
            [365] => 1
            [366] => 1
            [367] => 1
            [368] => 1
            [369] => 1
            [370] => 0
            [371] => 0
            [372] => 0
            [373] => 0
            [374] => 0
            [375] => 0
            [376] => 0
            [377] => 0
            [378] => 0
            [379] => 0
            [380] => 0
            [381] => 0
            [382] => 1
            [383] => 1
            [384] => 0
            [385] => 0
            [386] => 0
            [387] => 0
            [388] => 0
            [389] => 1
            [390] => 0
            [391] => 0
            [392] => 0
            [393] => 0
            [394] => 0
            [395] => 0
            [396] => 0
            [397] => 0
            [398] => 0
            [399] => 0
            [400] => 0
            [401] => 1
            [402] => 0
            [403] => 0
            [404] => 1
            [405] => 1
            [406] => 1
            [407] => 1
            [408] => 1
            [409] => 1
            [410] => 1
            [411] => 1
            [412] => 0
            [413] => 1
            [414] => 1
            [415] => 0
            [416] => 0
            [417] => 1
            [418] => 0
            [419] => 1
            [420] => 1
            [421] => 1
            [422] => 0
            [423] => 0
            [424] => 1
            [425] => 1
            [426] => 1
            [427] => 1
            [428] => 1
            [429] => 1
            [430] => 1
            [431] => 1
            [432] => 0
            [433] => 1
            [434] => 1
            [435] => 1
            [436] => 1
            [437] => 1
            [438] => 1
            [439] => 1
            [440] => 1
            [441] => 1
            [442] => 1
            [443] => 1
            [444] => 1
            [445] => 1
            [446] => 0
            [447] => 1
            [448] => 0
            [449] => 1
            [450] => 0
            [451] => 0
            [452] => 0
            [453] => 0
            [454] => 0
            [455] => 0
            [456] => 0
            [457] => 0
            [458] => 0
            [459] => 0
            [460] => 1
            [461] => 1
            [462] => 1
            [463] => 1
            [464] => 1
            [465] => 0
            [466] => 0
            [467] => 1
            [468] => 0
            [469] => 1
            [470] => 0
            [471] => 0
            [472] => 0
            [473] => 0
            [474] => 0
            [475] => 0
            [476] => 0
            [477] => 0
            [478] => 0
            [479] => 0
            [480] => 1
            [481] => 1
            [482] => 1
            [483] => 1
            [484] => 1
            [485] => 0
            [486] => 0
            [487] => 1
            [488] => 0
            [489] => 1
            [490] => 1
            [491] => 1
            [492] => 1
            [493] => 1
            [494] => 1
            [495] => 0
            [496] => 0
            [497] => 1
            [498] => 0
            [499] => 1
            [500] => 0
            [501] => 0
            [502] => 1
            [503] => 1
            [504] => 0
            [505] => 0
            [506] => 0
            [507] => 0
            [508] => 0
            [509] => 1
        )

    [Q] => Array
        (
            [0] => 0
            [1] => 0
            [2] => 0
            [3] => 0
            [4] => 0
            [5] => 0
            [6] => 0
            [7] => 0
            [8] => 0
            [9] => 0
            [10] => 0
            [11] => 0
            [12] => 0
            [13] => 0
            [14] => 0
            [15] => 0
            [16] => 0
            [17] => 0
            [18] => 0
            [19] => 0
            [20] => 0
            [21] => 0
            [22] => 0
            [23] => 0
            [24] => 0
            [25] => 0
            [26] => 0
            [27] => 0
            [28] => 0
            [29] => 0
            [30] => 0
            [31] => 0
            [32] => 0
            [33] => 0
            [34] => 0
            [35] => 0
            [36] => 0
            [37] => 0
            [38] => 0
            [39] => 0
            [40] => 0
            [41] => 0
            [42] => 0
            [43] => 0
            [44] => 0
            [45] => 0
            [46] => 0
            [47] => 0
            [48] => 0
            [49] => 0
            [50] => 0
            [51] => 0
            [52] => 0
            [53] => 0
            [54] => 0
            [55] => 0
            [56] => 0
            [57] => 0
            [58] => 0
            [59] => 0
            [60] => 0
            [61] => 0
            [62] => 0
            [63] => 0
            [64] => 0
            [65] => 0
            [66] => 0
            [67] => 0
            [68] => 0
            [69] => 0
            [70] => 0
            [71] => 0
            [72] => 0
            [73] => 0
            [74] => 0
            [75] => 0
            [76] => 0
            [77] => 1
            [78] => 39
            [79] => 0
            [80] => 0
            [81] => 0
            [82] => 0
            [83] => 0
            [84] => 0
            [85] => 0
            [86] => 0
            [87] => 0
            [88] => 0
            [89] => 0
            [90] => 0
            [91] => 0
            [92] => 0
            [93] => 0
            [94] => 0
            [95] => 0
            [96] => 0
            [97] => 0
            [98] => 0
            [99] => 0
            [100] => 0
            [101] => 0
            [102] => 0
            [103] => 0
            [104] => 0
            [105] => 0
            [106] => 0
            [107] => 0
            [108] => 0
            [109] => 0
            [110] => 0
            [111] => 0
            [112] => 0
            [113] => 0
            [114] => 0
            [115] => 0
            [116] => 0
            [117] => 0
            [118] => 0
            [119] => 0
            [120] => 0
            [121] => 0
            [122] => 0
            [123] => 0
            [124] => 0
            [125] => 0
            [126] => 0
            [127] => 0
            [128] => 0
            [129] => 0
            [130] => 0
            [131] => 0
            [132] => 0
            [133] => 0
            [134] => 0
            [135] => 0
            [136] => 0
            [137] => 0
            [138] => 0
            [139] => 0
            [140] => 0
            [141] => 0
            [142] => 0
            [143] => 0
            [144] => 0
            [145] => 0
            [146] => 0
            [147] => 0
            [148] => 0
            [149] => 0
            [150] => 0
            [151] => 0
            [152] => 0
            [153] => 0
            [154] => 0
            [155] => 1
            [156] => 1
            [157] => 1
            [158] => 37
            [159] => 0
            [160] => 0
            [161] => 0
            [162] => 0
            [163] => 0
            [164] => 0
            [165] => 0
            [166] => 0
            [167] => 0
            [168] => 0
            [169] => 0
            [170] => 0
            [171] => 0
            [172] => 0
            [173] => 0
            [174] => 1
            [175] => 1
            [176] => 1
            [177] => 1
            [178] => 116
            [179] => 0
            [180] => 0
            [181] => 0
            [182] => 0
            [183] => 0
            [184] => 0
            [185] => 0
            [186] => 0
            [187] => 0
            [188] => 0
            [189] => 0
            [190] => 0
            [191] => 0
            [192] => 0
            [193] => 0
            [194] => 1
            [195] => 1
            [196] => 1
            [197] => 1
            [198] => 16
            [199] => 0
            [200] => 0
            [201] => 0
            [202] => 0
            [203] => 0
            [204] => 0
            [205] => 0
            [206] => 0
            [207] => 0
            [208] => 0
            [209] => 0
            [210] => 0
            [211] => 0
            [212] => 0
            [213] => 0
            [214] => 1
            [215] => 1
            [216] => 1
            [217] => 1
            [218] => 116
            [219] => 0
            [220] => 0
            [221] => 0
            [222] => 0
            [223] => 0
            [224] => 1
            [225] => 1
            [226] => 1
            [227] => 1
            [228] => 76
            [229] => 0
            [230] => 0
            [231] => 0
            [232] => 0
            [233] => 0
            [234] => 0
            [235] => 0
            [236] => 0
            [237] => 0
            [238] => 0
            [239] => 0
            [240] => 0
            [241] => 0
            [242] => 0
            [243] => 0
            [244] => 1
            [245] => 1
            [246] => 1
            [247] => 1
            [248] => 56
            [249] => 0
            [250] => 0
            [251] => 0
            [252] => 0
            [253] => 0
            [254] => 1
            [255] => 1
            [256] => 1
            [257] => 1
            [258] => 36
            [259] => 0
            [260] => 0
            [261] => 0
            [262] => 0
            [263] => 0
            [264] => 1
            [265] => 1
            [266] => 1
            [267] => 57
            [268] => 0
            [269] => 0
            [270] => 0
            [271] => 0
            [272] => 0
            [273] => 0
            [274] => 0
            [275] => 0
            [276] => 0
            [277] => 0
            [278] => 0
            [279] => 0
            [280] => 0
            [281] => 0
            [282] => 0
            [283] => 0
            [284] => 1
            [285] => 1
            [286] => 1
            [287] => 1
            [288] => 316
            [289] => 0
            [290] => 0
            [291] => 0
            [292] => 0
            [293] => 0
            [294] => 1
            [295] => 1
            [296] => 1
            [297] => 1
            [298] => 116
            [299] => 0
            [300] => 0
            [301] => 0
            [302] => 0
            [303] => 0
            [304] => 0
            [305] => 0
            [306] => 0
            [307] => 0
            [308] => 0
            [309] => 0
            [310] => 0
            [311] => 0
            [312] => 0
            [313] => 0
            [314] => 1
            [315] => 1
            [316] => 1
            [317] => 1
            [318] => 176
            [319] => 0
            [320] => 0
            [321] => 0
            [322] => 0
            [323] => 0
            [324] => 0
            [325] => 0
            [326] => 0
            [327] => 0
            [328] => 0
            [329] => 0
            [330] => 0
            [331] => 0
            [332] => 0
            [333] => 0
            [334] => 0
            [335] => 0
            [336] => 0
            [337] => 0
            [338] => 0
            [339] => 0
            [340] => 0
            [341] => 1
            [342] => 0
            [343] => 0
            [344] => 1
            [345] => 1
            [346] => 1
            [347] => 1
            [348] => 74
            [349] => 1
            [350] => 0
            [351] => 0
            [352] => 0
            [353] => 0
            [354] => 0
            [355] => 0
            [356] => 0
            [357] => 0
            [358] => 0
            [359] => 0
            [360] => 0
            [361] => 1
            [362] => 0
            [363] => 0
            [364] => 1
            [365] => 1
            [366] => 1
            [367] => 1
            [368] => 154
            [369] => 1
            [370] => 0
            [371] => 0
            [372] => 0
            [373] => 0
            [374] => 0
            [375] => 0
            [376] => 0
            [377] => 0
            [378] => 0
            [379] => 0
            [380] => 0
            [381] => 0
            [382] => 1
            [383] => 1
            [384] => 0
            [385] => 0
            [386] => 0
            [387] => 0
            [388] => 0
            [389] => 118
            [390] => 0
            [391] => 0
            [392] => 0
            [393] => 0
            [394] => 0
            [395] => 0
            [396] => 0
            [397] => 0
            [398] => 0
            [399] => 0
            [400] => 0
            [401] => 1
            [402] => 0
            [403] => 0
            [404] => 1
            [405] => 1
            [406] => 1
            [407] => 1
            [408] => 1074
            [409] => 1
            [410] => 1
            [411] => 1
            [412] => 0
            [413] => 1
            [414] => 1
            [415] => 0
            [416] => 0
            [417] => 355
            [418] => 0
            [419] => 1
            [420] => 1
            [421] => 1
            [422] => 0
            [423] => 0
            [424] => 1
            [425] => 1
            [426] => 1
            [427] => 1
            [428] => 233
            [429] => 1
            [430] => 1
            [431] => 1
            [432] => 0
            [433] => 1
            [434] => 1
            [435] => 1
            [436] => 1
            [437] => 1
            [438] => 232
            [439] => 1
            [440] => 1
            [441] => 1
            [442] => 1
            [443] => 1
            [444] => 1
            [445] => 1
            [446] => 0
            [447] => 153
            [448] => 0
            [449] => 1
            [450] => 0
            [451] => 0
            [452] => 0
            [453] => 0
            [454] => 0
            [455] => 0
            [456] => 0
            [457] => 0
            [458] => 0
            [459] => 0
            [460] => 1
            [461] => 1
            [462] => 1
            [463] => 1
            [464] => 1
            [465] => 0
            [466] => 0
            [467] => 234
            [468] => 0
            [469] => 1
            [470] => 0
            [471] => 0
            [472] => 0
            [473] => 0
            [474] => 0
            [475] => 0
            [476] => 0
            [477] => 0
            [478] => 0
            [479] => 0
            [480] => 1
            [481] => 1
            [482] => 1
            [483] => 1
            [484] => 15
            [485] => 0
            [486] => 0
            [487] => 700
            [488] => 0
            [489] => 1
            [490] => 1
            [491] => 1
            [492] => 1
            [493] => 1
            [494] => 255
            [495] => 0
            [496] => 0
            [497] => 700
            [498] => 0
            [499] => 1
            [500] => 0
            [501] => 0
            [502] => 1
            [503] => 1
            [504] => 0
            [505] => 0
            [506] => 0
            [507] => 0
            [508] => 0
            [509] => 2158
        )

    [E] => 194147929
    [STABILITY_ORIGINAL_OBJECTIVE] => 1395796
    [STABILITY_SCORE] => 110
    [DELIVER] => Array
        (
            [0] => S8=>P7
            [1] => S9=>P7
            [2] => S6=>P15
            [3] => S7=>P15
            [4] => S8=>P15
            [5] => S9=>P15
            [6] => S5=>P17
            [7] => S6=>P17
            [8] => S7=>P17
            [9] => S8=>P17
            [10] => S9=>P17
            [11] => S5=>P19
            [12] => S6=>P19
            [13] => S7=>P19
            [14] => S8=>P19
            [15] => S9=>P19
            [16] => S5=>P21
            [17] => S6=>P21
            [18] => S7=>P21
            [19] => S8=>P21
            [20] => S9=>P21
            [21] => S5=>P22
            [22] => S6=>P22
            [23] => S7=>P22
            [24] => S8=>P22
            [25] => S9=>P22
            [26] => S5=>P24
            [27] => S6=>P24
            [28] => S7=>P24
            [29] => S8=>P24
            [30] => S9=>P24
            [31] => S5=>P25
            [32] => S6=>P25
            [33] => S7=>P25
            [34] => S8=>P25
            [35] => S9=>P25
            [36] => S5=>P26
            [37] => S6=>P26
            [38] => S7=>P26
            [39] => S8=>P26
            [40] => S5=>P28
            [41] => S6=>P28
            [42] => S7=>P28
            [43] => S8=>P28
            [44] => S9=>P28
            [45] => S5=>P29
            [46] => S6=>P29
            [47] => S7=>P29
            [48] => S8=>P29
            [49] => S9=>P29
            [50] => S5=>P31
            [51] => S6=>P31
            [52] => S7=>P31
            [53] => S8=>P31
            [54] => S9=>P31
            [55] => S2=>P34
            [56] => S5=>P34
            [57] => S6=>P34
            [58] => S7=>P34
            [59] => S8=>P34
            [60] => S9=>P34
            [61] => S10=>P34
            [62] => S2=>P36
            [63] => S5=>P36
            [64] => S6=>P36
            [65] => S7=>P36
            [66] => S8=>P36
            [67] => S9=>P36
            [68] => S10=>P36
            [69] => S3=>P38
            [70] => S4=>P38
            [71] => S10=>P38
            [72] => S2=>P40
            [73] => S5=>P40
            [74] => S6=>P40
            [75] => S7=>P40
            [76] => S8=>P40
            [77] => S9=>P40
            [78] => S10=>P40
            [79] => S1=>P41
            [80] => S2=>P41
            [81] => S4=>P41
            [82] => S5=>P41
            [83] => S8=>P41
            [84] => S10=>P41
            [85] => S1=>P42
            [86] => S2=>P42
            [87] => S5=>P42
            [88] => S6=>P42
            [89] => S7=>P42
            [90] => S8=>P42
            [91] => S9=>P42
            [92] => S10=>P42
            [93] => S1=>P43
            [94] => S2=>P43
            [95] => S4=>P43
            [96] => S5=>P43
            [97] => S6=>P43
            [98] => S7=>P43
            [99] => S8=>P43
            [100] => S9=>P43
            [101] => S10=>P43
            [102] => S1=>P44
            [103] => S2=>P44
            [104] => S3=>P44
            [105] => S4=>P44
            [106] => S5=>P44
            [107] => S6=>P44
            [108] => S8=>P44
            [109] => S10=>P44
            [110] => S1=>P46
            [111] => S2=>P46
            [112] => S3=>P46
            [113] => S4=>P46
            [114] => S5=>P46
            [115] => S8=>P46
            [116] => S10=>P46
            [117] => S1=>P48
            [118] => S2=>P48
            [119] => S3=>P48
            [120] => S4=>P48
            [121] => S5=>P48
            [122] => S8=>P48
            [123] => S10=>P48
            [124] => S1=>P49
            [125] => S2=>P49
            [126] => S3=>P49
            [127] => S4=>P49
            [128] => S5=>P49
            [129] => S8=>P49
            [130] => S10=>P49
            [131] => S3=>P50
            [132] => S4=>P50
            [133] => S10=>P50
        )

    [_raw_output] => 
<<< setup

0 0 -1 0 1 0,25 0,5 0,8 1 0 0 0 0 13
1 2 0 5000 1 0,25 0,5 0,8 1 0 10000 1000 1500 13
2 5 1 900 1 0,25 0,5 0,8 1 0 9486 948,6 1500 13
3 7 1 890 1 0,25 0,5 0,8 1 0 8704 870,4 1500 13
4 6 1 910 1 0,25 0,5 0,8 1 0 8059 805,9 1500 13
5 4 1 860 2 0,25 0,5 0,8 1 0 7962 796,2 1500 13
6 4 2 880 3 0,25 0,5 0,8 1 0 7861 786,1 1500 13
7 3 2 800 2 0,25 0,5 0,8 1 0 7628 762,8 1500 13
8 3 2 780 1 0,25 0,5 0,8 1 0 7050 705 1500 13
9 3 3 790 2 0,25 0,5 0,8 1 0 6976 697,6 1500 13
10 4 3 750 3 0,25 0,5 0,8 1 0 6291 629,1 1500 13
11 3 4 690 2 0,25 0,5 0,8 1 0 6234 623,4 1500 13
12 5 4 660 3 0,25 0,5 0,8 1 0 6199 619,9 1500 13
13 5 5 600 8 0,25 0,5 0,5 1 0 6088 608,8 1500 13
14 4 5 640 6 0,25 0,5 0,5 1 0 5680 568 1500 13
15 2 5 700 2 0,25 0,5 0,5 1 0 5673 567,3 1500 13
16 4 6 660 9 0,25 0,5 0,5 1 0 5507 550,7 1500 13
17 6 6 580 6 0,25 0,5 0,5 1 0 5360 536 1500 13
18 3 67 550 2 0,25 0,5 0,5 1 0 5290 529 1500 13
19 3 8 570 1 0,25 0,5 0,5 1 0 5168 516,8 1500 13
20 5 8 600 2 0,25 0,5 0,5 1 0 4944 494,4 1500 13
21 7 9 540 6 0,25 0,5 0,5 1 0 4747 474,7 1500 13
22 6 9 510 4 0,25 0,5 0,5 1 0 4417 441,7 1500 13
23 3 9 590 4 0,25 0,5 0,5 1 0 4033 403,3 1500 13
24 4 10 400 3 0,25 0,5 0,5 1 0 3891 389,1 1500 13
25 3 11 490 2 0,25 0,5 0,5 1 0 3601 360,1 1500 13
26 3 12 480 3 0,25 0,5 0,5 1 0 3279 327,9 1500 13
27 5 12 520 6 0,25 0,5 0,5 1 0 3175 317,5 1500 13
28 4 13 400 16 0,25 0,5 0,5 1 0 2984 298,4 1500 13
29 3 14 480 6 0,25 0,5 0,5 1 0 2866 286,6 1500 13
30 2 14 490 18 0,25 0,5 0,5 1 0 2606 260,6 1500 13
31 5 16 460 9 0,25 0,5 0,5 1 0 2427 242,7 1500 13
32 4 16 500 9 0,25 0,5 0,5 1 0 2231 223,1 1500 13
33 3 18 470 6 0,25 0,5 0,5 1 0 2091 209,1 1500 13
34 3 18 300 4 0,25 0,5 0,5 1 0 1993 199,3 1500 13
35 5 20 380 4 0,25 0,5 0,5 1 0 1837 183,7 1500 13
36 4 23 330 8 0,25 0,5 0,5 1 0 1683 168,3 1500 13
37 3 23 340 12 0,25 0,5 0,5 1 0 1682 168,2 1500 13
38 4 27 350 6 0,25 0,5 0,5 1 0 1589 158,9 1500 13
39 6 30 360 18 0,25 0,5 0,5 1 0 1439 143,9 1500 13
40 4 30 310 54 0,25 0,5 0,5 1 0 1404 140,4 1500 13
41 4 32 330 18 0,25 0,5 0,5 1 0 1265 126,5 1500 13
42 4 33 290 12 0,25 0,5 0,5 1 0 1153 115,3 1500 13
43 3 33 270 12 0,25 0,5 0,5 1 0 1138 113,8 1500 13
44 3 35 260 8 0,25 0,5 0,5 1 0 1094 109,4 1500 13
45 2 37 270 12 0,25 0,5 0,5 1 0 997 99,7 1500 13
46 5 37 270 12 0,25 0,5 0,5 1 0 964 96,4 1500 13
47 3 39 100 54 0,25 0,5 0,5 1 0 917 91,7 1500 13
48 2 39 110 36 0,25 0,5 0,5 1 0 833 83,3 1500 13
49 3 45 50 48 0,25 0,5 0,5 1 0 753 75,3 1500 13
50 5 47 30 108 0,25 0,5 0,5 1 0 723 72,3 1500 13
Node nums: [0 1 2 3 4 5 6 7 8 9 10 11 12 13 14 15 16 17 18 19 20 21 22 23 24 25 26 27
     28 29 30 31 32 33 34 35 36 37 38 39 40 41 42 43 44 45 46 47 48 49 50]
xx-Data uploaded-xx
	**** start init su array ...
0 [0 0 0 0 0 0 0 0 0 0]
1 [0 0 0 0 0 0 0 0 0 0]
2 [0 0 0 0 0 0 0 0 0 0]
3 [0 0 0 0 0 0 0 0 0 0]
4 [0 0 0 0 0 0 0 0 0 0]
5 [0 0 0 0 0 0 0 0 0 0]
6 [0 0 0 0 0 0 0 0 0 0]
7 [1 1 1 1 1 1 1 1 1 1]
8 [0 0 0 0 0 0 0 0 0 0]
9 [0 0 0 0 0 0 0 0 0 0]
10 [0 0 0 0 0 0 0 0 0 0]
11 [0 0 0 0 0 0 0 0 0 0]
12 [0 0 0 0 0 0 0 0 0 0]
13 [0 0 0 0 0 0 0 0 0 0]
14 [0 0 0 0 0 0 0 0 0 0]
15 [1 1 1 1 1 1 1 1 1 1]
16 [0 0 0 0 0 0 0 0 0 0]
17 [1 1 1 1 1 1 1 1 1 1]
18 [0 0 0 0 0 0 0 0 0 0]
19 [1 1 1 1 1 1 1 1 1 1]
20 [0 0 0 0 0 0 0 0 0 0]
21 [1 1 1 1 1 1 1 1 1 1]
22 [1 1 1 1 1 1 1 1 1 1]
23 [0 0 0 0 0 0 0 0 0 0]
24 [1 1 1 1 1 1 1 1 1 1]
25 [1 1 1 1 1 1 1 1 1 1]
26 [1 1 1 1 1 1 1 1 1 1]
27 [0 0 0 0 0 0 0 0 0 0]
28 [1 1 1 1 1 1 1 1 1 1]
29 [1 1 1 1 1 1 1 1 1 1]
30 [0 0 0 0 0 0 0 0 0 0]
31 [1 1 1 1 1 1 1 1 1 1]
32 [0 0 0 0 0 0 0 0 0 0]
33 [0 0 0 0 0 0 0 0 0 0]
34 [1 1 1 1 1 1 1 1 1 1]
35 [1 1 1 1 1 1 1 1 1 1]
36 [1 1 1 1 1 1 1 1 1 1]
37 [0 0 0 0 0 0 0 0 0 0]
38 [1 1 1 1 1 1 1 1 1 1]
39 [0 0 0 0 0 0 0 0 0 0]
40 [1 1 1 1 1 1 1 1 1 1]
41 [1 1 1 1 1 1 1 1 1 1]
42 [1 1 1 1 1 1 1 1 1 1]
43 [1 1 1 1 1 1 1 1 1 1]
44 [1 1 1 1 1 1 1 1 1 1]
45 [0 0 0 0 0 0 0 0 0 0]
46 [1 1 1 1 1 1 1 1 1 1]
47 [0 0 0 0 0 0 0 0 0 0]
48 [1 1 1 1 1 1 1 1 1 1]
49 [1 1 1 1 1 1 1 1 1 1]
50 [1 1 1 1 1 1 1 1 1 1]
	**** end init su array ...
1 2 1 700 80 0.85 0.92 0.8 (9)9
2 2 0.9 800 75 0.82 0.90 0.9 (9)9
3 1 1.1 680 90 0.88 0.95 0.5 (9)9
4 1 1 480 100 0.86 0.93 0.6 (9)9
5 5 0.6 550 40 0.72 0.78 1.5 (9)9
6 6 0.5 650 45 0.70 0.75 2.0 (9)9
7 7 0.5 1100 40 0.68 0.72 2.5 (9)9
8 5 0.3 700 30 0.65 0.70 1.8 (9)9
9 9 0.2 1700 15 0.60 0.65 3.5 (9)9
10 1 0.8 5800 40 0.80 0.88 0.7 (9)9

<<< generate

Version identifier: 20.1.0.0 | 2020-11-10 | 9bedb6d68
CPXPARAM_TimeLimit                               300
Tried aggregator 3 times.
MIP Presolve eliminated 16797 rows and 1591 columns.
MIP Presolve modified 2427 coefficients.
Aggregator did 241 substitutions.
Reduced MIP has 1692 rows, 871 columns, and 5053 nonzeros.
Reduced MIP has 291 binaries, 580 generals, 0 SOSs, and 0 indicators.
Presolve time = 0,02 sec. (20,59 ticks)
Probing fixed 0 vars, tightened 314 bounds.
Probing time = 0,00 sec. (2,25 ticks)
Cover probing fixed 0 vars, tightened 24 bounds.
Tried aggregator 1 time.
Detecting symmetries...
MIP Presolve eliminated 72 rows and 0 columns.
MIP Presolve modified 1075 coefficients.
Reduced MIP has 1620 rows, 871 columns, and 4909 nonzeros.
Reduced MIP has 291 binaries, 580 generals, 0 SOSs, and 0 indicators.
Presolve time = 0,00 sec. (3,66 ticks)
Probing fixed 0 vars, tightened 43 bounds.
Probing time = 0,00 sec. (1,98 ticks)
Clique table members: 2.
MIP emphasis: balance optimality and feasibility.
MIP search method: dynamic search.
Parallel mode: deterministic, using up to 20 threads.
Root relaxation solution time = 0,02 sec. (9,38 ticks)

        Nodes                                         Cuts/
   Node  Left     Objective  IInf  Best Integer    Best Bound    ItCnt     Gap

      0     0     -214,5827   121                   -214,5827      392         
      0     0     -204,7640   131                   Cuts: 117      468         
      0     0     -199,6868   123                    Cuts: 67      518         
      0     0     -197,6702   132                    Cuts: 36      553         
      0     0     -196,9720   140                    Cuts: 24      573         
      0     0     -196,1876   143                    Cuts: 16      594         
Detecting symmetries...
      0     0     -195,6810   146                    Cuts: 18      610         
      0     0     -195,4058   141                     Cuts: 5      619         
      0     0     -194,6264   142                    Cuts: 13      632         
      0     0     -194,5420   144                 ZeroHalf: 6      637         
      0     0     -194,4734   145                 ZeroHalf: 4      642         
      0     0     -194,3662   145                     Cuts: 7      646         
      0     0     -193,9495   143                     Cuts: 4      650         
      0     0     -193,9266   145                     Cuts: 9      656         
      0     0     -193,8464   145                     Cuts: 6      660         
      0     0     -193,7210   145                     Cuts: 5      663         
      0     0     -193,6740   145                     Cuts: 2      665         
      0     0     -193,6696   145                 ZeroHalf: 1      666         
*     0+    0                         -110,0000     -193,6696            76,06%
      0     0        cutoff           -110,0000     -110,0000      666    0,00%
Elapsed time = 0,25 sec. (256,93 ticks, tree = 0,01 MB, solutions = 1)

Implied bound cuts applied:  62
Mixed integer rounding cuts applied:  11
Zero-half cuts applied:  34
Gomory fractional cuts applied:  24

Root node processing (before b&c):
  Real time             =    0,25 sec. (257,03 ticks)
Parallel b&c, 20 threads:
  Real time             =    0,00 sec. (0,00 ticks)
  Sync time (average)   =    0,00 sec.
  Wait time (average)   =    0,00 sec.
                          ------------
Total (root+branch&cut) =    0,25 sec. (257,03 ticks)

<<< solve


OBJECTIVE: -110
xxxx
#Result <fct_obj, tot_cst, tot_ldt, Emiss>: <-110 1.3951e+6 711 1.9415e+8>#CS:1395085#A:[0,2,27,26,21,25,22,12,22,19,17,15,15,18,21,11,18,15,19,12,19,16,15,16,13,12,10,10,13,12,17,14,13,16,12,14,13,13,5,15,13,9,13,12,9,10,10,9,7,8,6]#X:[0,1,1,1,1,1,0,0,0,0,0,0,0,0,0,0,0,0,0,0,0,0,0,0,0,0,0,0,0,0,0,0,0,0,0,0,0,0,0,0,0,0,0,0,0,0,0,0,0,0,0]#Z:[0,0,0,0,0,0,0,0,0,0,0,0,0,0,0,0,0,0,0,0,0,0,0,0,0,0,0,0,0,0,0,0,0,0,0,0,0,0,0,0,0,0,0,0,0,0,0,0,0,0,0,0,0,0,0,0,0,0,0,0,0,0,0,0,0,0,0,0,0,0,0,0,0,0,0,0,0,1,1,0,0,0,0,0,0,0,0,0,0,0,0,0,0,0,0,0,0,0,0,0,0,0,0,0,0,0,0,0,0,0,0,0,0,0,0,0,0,0,0,0,0,0,0,0,0,0,0,0,0,0,0,0,0,0,0,0,0,0,0,0,0,0,0,0,0,0,0,0,0,0,0,0,0,0,0,1,1,1,1,0,0,0,0,0,0,0,0,0,0,0,0,0,0,0,1,1,1,1,1,0,0,0,0,0,0,0,0,0,0,0,0,0,0,0,1,1,1,1,1,0,0,0,0,0,0,0,0,0,0,0,0,0,0,0,1,1,1,1,1,0,0,0,0,0,1,1,1,1,1,0,0,0,0,0,0,0,0,0,0,0,0,0,0,0,1,1,1,1,1,0,0,0,0,0,1,1,1,1,1,0,0,0,0,0,1,1,1,1,0,0,0,0,0,0,0,0,0,0,0,0,0,0,0,0,1,1,1,1,1,0,0,0,0,0,1,1,1,1,1,0,0,0,0,0,0,0,0,0,0,0,0,0,0,0,1,1,1,1,1,0,0,0,0,0,0,0,0,0,0,0,0,0,0,0,0,0,0,0,0,0,0,1,0,0,1,1,1,1,1,1,0,0,0,0,0,0,0,0,0,0,0,1,0,0,1,1,1,1,1,1,0,0,0,0,0,0,0,0,0,0,0,0,1,1,0,0,0,0,0,1,0,0,0,0,0,0,0,0,0,0,0,1,0,0,1,1,1,1,1,1,1,1,0,1,1,0,0,1,0,1,1,1,0,0,1,1,1,1,1,1,1,1,0,1,1,1,1,1,1,1,1,1,1,1,1,1,0,1,0,1,0,0,0,0,0,0,0,0,0,0,1,1,1,1,1,0,0,1,0,1,0,0,0,0,0,0,0,0,0,0,1,1,1,1,1,0,0,1,0,1,1,1,1,1,1,0,0,1,0,1,0,0,1,1,0,0,0,0,0,1]#Q:[0,0,0,0,0,0,0,0,0,0,0,0,0,0,0,0,0,0,0,0,0,0,0,0,0,0,0,0,0,0,0,0,0,0,0,0,0,0,0,0,0,0,0,0,0,0,0,0,0,0,0,0,0,0,0,0,0,0,0,0,0,0,0,0,0,0,0,0,0,0,0,0,0,0,0,0,0,1,39,0,0,0,0,0,0,0,0,0,0,0,0,0,0,0,0,0,0,0,0,0,0,0,0,0,0,0,0,0,0,0,0,0,0,0,0,0,0,0,0,0,0,0,0,0,0,0,0,0,0,0,0,0,0,0,0,0,0,0,0,0,0,0,0,0,0,0,0,0,0,0,0,0,0,0,0,1,1,1,37,0,0,0,0,0,0,0,0,0,0,0,0,0,0,0,1,1,1,1,116,0,0,0,0,0,0,0,0,0,0,0,0,0,0,0,1,1,1,1,16,0,0,0,0,0,0,0,0,0,0,0,0,0,0,0,1,1,1,1,116,0,0,0,0,0,1,1,1,1,76,0,0,0,0,0,0,0,0,0,0,0,0,0,0,0,1,1,1,1,56,0,0,0,0,0,1,1,1,1,36,0,0,0,0,0,1,1,1,57,0,0,0,0,0,0,0,0,0,0,0,0,0,0,0,0,1,1,1,1,316,0,0,0,0,0,1,1,1,1,116,0,0,0,0,0,0,0,0,0,0,0,0,0,0,0,1,1,1,1,176,0,0,0,0,0,0,0,0,0,0,0,0,0,0,0,0,0,0,0,0,0,0,1,0,0,1,1,1,1,74,1,0,0,0,0,0,0,0,0,0,0,0,1,0,0,1,1,1,1,154,1,0,0,0,0,0,0,0,0,0,0,0,0,1,1,0,0,0,0,0,118,0,0,0,0,0,0,0,0,0,0,0,1,0,0,1,1,1,1,1074,1,1,1,0,1,1,0,0,355,0,1,1,1,0,0,1,1,1,1,233,1,1,1,0,1,1,1,1,1,232,1,1,1,1,1,1,1,0,153,0,1,0,0,0,0,0,0,0,0,0,0,1,1,1,1,1,0,0,234,0,1,0,0,0,0,0,0,0,0,0,0,1,1,1,1,15,0,0,700,0,1,1,1,1,1,255,0,0,700,0,1,0,0,1,1,0,0,0,0,0,2158]#E: 194147929#STABILITY_ORIGINAL_OBJECTIVE:1395796#STABILITY_SCORE:110#DELIVER:
S8=>P7
S9=>P7
S6=>P15
S7=>P15
S8=>P15
S9=>P15
S5=>P17
S6=>P17
S7=>P17
S8=>P17
S9=>P17
S5=>P19
S6=>P19
S7=>P19
S8=>P19
S9=>P19
S5=>P21
S6=>P21
S7=>P21
S8=>P21
S9=>P21
S5=>P22
S6=>P22
S7=>P22
S8=>P22
S9=>P22
S5=>P24
S6=>P24
S7=>P24
S8=>P24
S9=>P24
S5=>P25
S6=>P25
S7=>P25
S8=>P25
S9=>P25
S5=>P26
S6=>P26
S7=>P26
S8=>P26
S5=>P28
S6=>P28
S7=>P28
S8=>P28
S9=>P28
S5=>P29
S6=>P29
S7=>P29
S8=>P29
S9=>P29
S5=>P31
S6=>P31
S7=>P31
S8=>P31
S9=>P31
S2=>P34
S5=>P34
S6=>P34
S7=>P34
S8=>P34
S9=>P34
S10=>P34
S2=>P36
S5=>P36
S6=>P36
S7=>P36
S8=>P36
S9=>P36
S10=>P36
S3=>P38
S4=>P38
S10=>P38
S2=>P40
S5=>P40
S6=>P40
S7=>P40
S8=>P40
S9=>P40
S10=>P40
S1=>P41
S2=>P41
S4=>P41
S5=>P41
S8=>P41
S10=>P41
S1=>P42
S2=>P42
S5=>P42
S6=>P42
S7=>P42
S8=>P42
S9=>P42
S10=>P42
S1=>P43
S2=>P43
S4=>P43
S5=>P43
S6=>P43
S7=>P43
S8=>P43
S9=>P43
S10=>P43
S1=>P44
S2=>P44
S3=>P44
S4=>P44
S5=>P44
S6=>P44
S8=>P44
S10=>P44
S1=>P46
S2=>P46
S3=>P46
S4=>P46
S5=>P46
S8=>P46
S10=>P46
S1=>P48
S2=>P48
S3=>P48
S4=>P48
S5=>P48
S8=>P48
S10=>P48
S1=>P49
S2=>P49
S3=>P49
S4=>P49
S5=>P49
S8=>P49
S10=>P49
S3=>P50
S4=>P50
S10=>P50
xxxx

<<< post process


<<< done


)
