Array
(
    [CplexRunTime] => 0,26 sec
    [status] => OPTIMAL
    [termination_reason] => OPTIMAL
    [mip_gap] => 0
    [Result] => Array
        (
            [Objective] => 50291
            [TotalCost] => 50264
            [LeadTime] => 27
            [Emissions] => 2246000
        )

    [CS] => 50264
    [A] => Array
        (
            [0] => 0
            [1] => 2
            [2] => 5
            [3] => 10
            [4] => 4
            [5] => 6
        )

    [X] => Array
        (
            [0] => 0
            [1] => 1
            [2] => 1
            [3] => 1
            [4] => 0
            [5] => 1
        )

    [E] => 2246000
    [RT] => 0.251
    [DELIVER] => Array
        (
            [0] => S10=>P2
            [1] => S10=>P4
            [2] => S10=>P5
        )

    [_raw_output] => 
<<< setup

0 0 -1 0 0 0.25 0.5 0.8 1 0 0 0 0  14
1 2 0 700 1 0.25 0.5 0.8 1 0 7000 700 1500  14
2 4 1 165 1 0.25 0.5 0.8 1 0 5000 500 1500  14
3 6 1 100 2 0.25 0.5 0.8 1 0 3500 350 1500  14
4 3 3 25 6 0.25 0.5 0.8 1 0 3000 300 1500  14
5 5 3 30 2 0.25 0.5 0.8 1 0 2500 250 1500  14
Node nums: [0 1 2 3 4 5]
xx-Data uploaded-xx
	**** start init su array ...
0 [0 0 0 0 0 0 0 0 0 0]
1 [0 0 0 0 0 0 0 0 0 0]
2 [1 1 1 1 1 1 1 1 1 1]
3 [0 0 0 0 0 0 0 0 0 0]
4 [1 1 1 1 1 1 1 1 1 1]
5 [1 1 1 1 1 1 1 1 1 1]
	**** end init su array ...
1 2 1 700 80 0.85 0.92 0.8 (9)9
2 2 0.9 800 75 0.82 0.90 0.9 (9)9
3 1 1.1 680 90 0.88 0.95 0.5 (9)9
4 1 1 480 100 0.86 0.93 0.6 (9)9
5 5 0.6 550 40 0.72 0.78 1.5 (9)9
6 6 0.5 650 45 0.70 0.75 2.0 (9)9
7 7 0.5 1100 40 0.68 0.72 2.5 (9)9
8 5 0.3 700 30 0.65 0.70 1.8 (9)9
9 9 0.2 1700 15 0.60 0.65 3.5 (9)9
10 1 0.8 5800 40 0.80 0.88 0.7 (9)9

<<< generate

 ! --------------------------------------------------- CP Optimizer 20.1.0.0 --
 ! Minimization problem - 132 variables, 308 constraints
 ! Presolve      : 3 extractables eliminated
 ! TimeLimit            = 300
 ! Initial process time : 0,01s (0,01s extraction + 0,01s propagation)
 !  . Log search space  : 216,2 (before), 216,2 (after)
 !  . Memory usage      : 444,4 kB (before), 444,4 kB (after)
 ! Using parallel search with 20 workers.
 ! ----------------------------------------------------------------------------
 !          Best Branches  Non-fixed    W       Branch decision
                        0        132                 -
 + New bound is 11 220
                        0         69    1            -
 + New bound is 33297.23
 *        73 434       30  0,05s        1      (gap is 54,66%)
 *      73137.50       83  0,05s        1      (gap is 54,47%)
 *        71 655      577  0,05s        1      (gap is 53,53%)
 *        68 616      631  0,05s        1      (gap is 51,47%)
 *      53171.00      656  0,05s        1      (gap is 37,38%)
        53171.00    1 000          1    1         6 != q(4)(6)
        53171.00    1 000          1    2        37 != q(5)(6)
        53171.00    1 000          1    3   F    12  = q(2)(4)
        53171.00    1 000          1    4   F     3  = a(4)
        53171.00    1 000          1    5   F    12  = q(2)(4)
        53171.00    1 000          1    6        53 != q(4)(6)
        53171.00    1 000          1    7        26 != a(2)
        53171.00    1 000          1    8         1  = z(5)(9)
        53171.00    1 000          1   10   F     8 != a(1)
        53171.00    1 000          1   12   F     1  = z(5)(10)
        53171.00    1 000          1   13        11 != a(3)
        53171.00    1 000          2   14         8 != q(2)(6)
        53171.00    1 000          1   15   F    16  = q(2)(3)
 ! Time = 0,05s, Average fail depth = 17, Memory usage = 14,0 MB
 ! Current bound is 33297.23 (gap is 37,38%)
 !          Best Branches  Non-fixed    W       Branch decision
        53171.00    1 000          1   16         0  = z(5)(10)
        53171.00    1 000          1   17   F    12  = a(5)
        53171.00    1 000          1   18   F     1  = z(2)(5)
        53171.00    1 000          1   19         8 != q(2)(4)
        53171.00    1 000          1   20         8 != q(4)(10)
        53171.00    2 000          7   10         2  = a(1)
        53171.00    2 000         10   12        13  = q(5)(3)
        53171.00    2 000          7   20   F     0 != z(5)(8)
        53171.00    2 000          1    1         7  = a(5)
 *      53025.00    1 122  0,07s        2      (gap is 37,20%)
        53025.00    2 000          1    3        14 != q(2)(10)
        53025.00    2 000          3    4   F     0 != z(4)(6)
        53025.00    2 000          1    5        14 != q(2)(10)
 *      52871.00    1 082  0,07s        7      (gap is 37,02%)
        52871.00    2 000          1    7         0  = q(5)(2)
        52871.00    1 000          1    9   F     0 != z(2)(1)
        52871.00    1 000          1   11         8 != q(2)(3)
 *      52415.00    1 474  0,07s       19      (gap is 36,47%)
        52415.00    3 000          6    3            -
        52415.00    3 000          6    5            -
 ! Time = 0,10s, Average fail depth = 18, Memory usage = 18,1 MB
 ! Current bound is 33297.23 (gap is 36,47%)
 !          Best Branches  Non-fixed    W       Branch decision
        52415.00    2 000          3    6        27 != q(4)(4)
        52415.00    2 000          9    8   F     0 != q(2)(8)
        52415.00    3 000         11   12        19 != a(3)
        52415.00    2 000          1   14         0  = z(5)(8)
        52415.00    2 000          1   16   F     2 != a(1)
        52415.00    2 000          7   18   F     0 != z(5)(1)
        52415.00    2 891          1    1   F     0 != z(2)(3)
 + New bound is 42856.11 (gap is 18,24%)
        52415.00    2 000          1    2         0  = a(0)
 *      51651.00    2 095  0,10s        2      (gap is 17,03%)
        51651.00    3 000          1    4   F     0 != x(4)
        51651.00    3 000          1    7   F    13  = q(5)(3)
        51651.00    2 000          1   11   F    19  = a(2)
        51651.00    2 000          3   17        26 != a(2)
        51651.00    2 000          1   19   F     5 != a(5)
        51651.00    3 000          7   20         0  = z(2)(6)
        51651.00    3 000          1    1   F     0 != z(2)(4)
        51651.00    3 000          3    6   F     0 != x(4)
        51651.00    3 000         10    8        32 != q(4)(6)
        51651.00    3 000          9   10   F     0 != x(2)
        51651.00    4 000         11   12   F     0 != q(5)(6)
 ! Time = 0,13s, Average fail depth = 19, Memory usage = 19,3 MB
 ! Current bound is 42856.11 (gap is 17,03%)
 !          Best Branches  Non-fixed    W       Branch decision
        51651.00    3 000         10   14   F     0  = x(4)
        51651.00    2 000          1   15         1  = z(4)(10)
        51651.00    3 000         29   16        17 != q(4)(5)
        51651.00    3 000          1   18   F    10  = a(4)
        51651.00    2 000          3    9   F    18  = q(5)(5)
 *      51515.00    2 156  0,13s       11      (gap is 16,81%)
 *      51351.00    2 971  0,13s       11      (gap is 16,54%)
        51351.00    3 000          1   11   F    34  = q(4)(2)
        51351.00    2 000          1   13         0  = z(4)(3)
        51351.00    4 000          9   20         0  = q(2)(8)
        51351.00    4 000         11    1   F     4  = a(2)
        51351.00    3 000          1    2   F     3  = q(5)(5)
        51351.00    4 000          8    3   F     1 != z(5)(4)
        51351.00    4 000          1    4         2 != q(4)(3)
        51351.00    4 000          8    5   F     1 != z(5)(4)
        51351.00    4 000          5    6   F     0 != z(2)(2)
        51351.00    4 000          1    7         6 != a(2)
        51351.00    4 000         13    8        14 != q(2)(4)
        51351.00    4 000         14   10   F     0  = x(4)
        51351.00    4 000         12   16         1 != z(2)(6)
 ! Time = 0,15s, Average fail depth = 19, Memory usage = 20,4 MB
 ! Current bound is 42856.11 (gap is 16,54%)
 !          Best Branches  Non-fixed    W       Branch decision
        51351.00    4 000         14   18        34 != q(5)(5)
        51351.00    4 380         11    1   F     0 != z(2)(5)
 + New bound is 47635.55 (gap is 7,24%)
 *      50752.00    4 275  0,15s        3      (gap is 6,14%)
 *      50291.00    4 844  0,15s        3      (gap is 5,28%)
        50291.00    4 791          1    4   F     0 != z(5)(2)
 + New bound is 49351.02 (gap is 1,87%)
        50291.00    3 000          1    9         0  = q(2)(10)
        50291.00    3 000          1   15         1  = z(4)(4)
        50291.00    3 000          1   17   F    12  = a(3)
        50291.00    5 000          9   20   F     0 != z(2)(5)
        50291.00    5 000          3    1   F     1  = x(5)
        50291.00    5 000          1    3            -
        50291.00    5 000          1    4        10 != q(4)(3)
        50291.00    5 000          1    5            -
        50291.00    5 000          3    6   F        -
        50291.00    5 000          3    7        44 != q(4)(3)
        50291.00    5 000          7    8         0  = z(2)(5)
        50291.00    5 000         11   10   F     0 != q(5)(10)
        50291.00    5 000         14   12   F     4 != a(4)
        50291.00    4 000          1   14         0  = z(2)(7)
        50291.00    4 000          1   15        56 != q(4)(10)
 ! Time = 0,18s, Average fail depth = 19, Memory usage = 22,2 MB
 ! Current bound is 49351.02 (gap is 1,87%)
 !          Best Branches  Non-fixed    W       Branch decision
        50291.00    5 000          2   16   F     1  = x(4)
        50291.00    4 000          1   17   F    18  = q(2)(5)
        50291.00    5 000         28   18   F     0 != z(5)(1)
        50291.00    4 000          1   11   F     0  = q(2)(4)
        50291.00    3 000          1   13   F     1 != z(2)(10)
        50291.00    3 000          1   19        49 != q(4)(3)
        50291.00    6 000         10   20         0  = z(5)(10)
        50291.00    6 000          3    1   F    38  = q(4)(4)
        50291.00    4 000          1    2   F     1  = z(5)(5)
        50291.00    6 000         13    3         0  = a(0)
        50291.00    6 000          3    4   F    22  = q(4)(3)
        50291.00    6 000         13    5         0  = a(0)
        50291.00    6 000          8    6   F        -
        50291.00    6 000          3    7         5 != a(5)
        50291.00    4 000          1    9         0 != z(4)(10)
        50291.00    6 000         23   10   F   107  = q(4)(4)
        50291.00    5 000          1   11   F     9  = a(5)
        50291.00    6 000          3   12        18 != a(3)
        50291.00    4 000          8   13   F     0 != z(5)(7)
        50291.00    5 000          7   14   F     0 != z(2)(5)
 ! Time = 0,20s, Average fail depth = 19, Memory usage = 23,1 MB
 ! Current bound is 49351.02 (gap is 1,87%)
 !          Best Branches  Non-fixed    W       Branch decision
        50291.00    5 000          1   15        15 != q(4)(10)
        50291.00    6 000         11   16   F    17  = q(2)(1)
        50291.00    6 000          6   18         0  = z(5)(2)
        50291.00    6 306          3    4   F     1 != z(5)(4)
 + New bound is 49821.01 (gap is 0,93%)
        50291.00    4 000          1   19   F    44  = q(4)(6)
        50291.00    7 000          9   20         0  = q(2)(9)
        50291.00    7 000          3    1   F    28  = q(4)(4)
        50291.00    7 000          9    3         0 != z(5)(5)
        50291.00    7 000          3    4   F     0  = z(2)(4)
        50291.00    7 000          9    5         0 != z(5)(5)
        50291.00    7 000          3    6   F     0  = x(4)
        50291.00    7 000          5    7         0 != z(5)(4)
        50291.00    6 000          6    8         2  = a(1)
        50291.00    7 000          8   10         0  = z(5)(6)
        50291.00    7 000         11   12        15 != q(4)(4)
        50291.00    6 000          8   14         0 != z(5)(4)
        50291.00    7 000         12   16        29 != q(4)(2)
        50291.00    7 000          9   18         0  = z(2)(4)
        50291.00    5 000          9   19   F     0 != z(2)(5)
        50291.00    5 000          1    2        58 != q(4)(3)
 ! Time = 0,23s, Average fail depth = 18, Memory usage = 23,3 MB
 ! Current bound is 49821.01 (gap is 0,93%)
 !          Best Branches  Non-fixed    W       Branch decision
 ! ----------------------------------------------------------------------------
 ! Search completed, 13 solutions found.
 ! Best objective         : 50291.00 (optimal - effective tol. is 5,0291)
 ! Best bound             : 49821.01
 ! ----------------------------------------------------------------------------
 ! Number of branches     : 148 470
 ! Number of fails        : 71 431
 ! Total memory usage     : 22,9 MB (22,2 MB CP Optimizer + 0,7 MB Concert)
 ! Time spent in solve    : 0,26s (0,25s engine + 0,01s extraction)
 ! Search speed (br. / s) : 608 483,6
 ! ----------------------------------------------------------------------------

<<< solve


OBJECTIVE: 50291
xxxx
#Result <fct_obj, tot_cst, tot_ldt, Emiss>: <50291 50264 27 2.246e+6>#CS:50264#A:[0,2,5,10,4,6]#X:[0,1,1,1,0,1]#E: 2246000#RT:0.251
#DELIVER:
S10=>P2
S10=>P4
S10=>P5
xxxx

<<< post process


<<< done


)
