Array
(
    [CplexRunTime] => Total (root+branch&cut) =   28,02 sec
    [status] => INFEASIBLE
    [termination_reason] => INFEASIBLE
    [mip_gap] => 
    [Result] => Array
        (
            [Objective] => -3306
            [TotalCost] => 2145300
            [LeadTime] => 483
            [Emissions] => 99923000
        )

    [TS] => 2145314.837692
    [CS] => 2143816
    [TaxCost] => 1498.837692
    [A] => Array
        (
            [0] => 0
            [1] => 2
            [2] => 23
            [3] => 22
            [4] => 21
            [5] => 16
            [6] => 18
            [7] => 8
            [8] => 17
            [9] => 15
            [10] => 13
            [11] => 7
            [12] => 15
            [13] => 10
            [14] => 12
            [15] => 7
            [16] => 14
            [17] => 11
            [18] => 15
            [19] => 8
            [20] => 14
            [21] => 12
            [22] => 11
            [23] => 12
            [24] => 9
            [25] => 4
            [26] => 8
            [27] => 10
            [28] => 5
            [29] => 8
            [30] => 8
            [31] => 10
            [32] => 9
            [33] => 12
            [34] => 4
            [35] => 9
            [36] => 9
            [37] => 9
            [38] => 5
            [39] => 6
            [40] => 5
            [41] => 5
            [42] => 9
            [43] => 4
            [44] => 4
            [45] => 6
            [46] => 6
            [47] => 3
            [48] => 3
            [49] => 4
            [50] => 6
        )

    [X] => Array
        (
            [0] => 0
            [1] => 1
            [2] => 1
            [3] => 1
            [4] => 1
            [5] => 1
            [6] => 0
            [7] => 0
            [8] => 0
            [9] => 0
            [10] => 0
            [11] => 0
            [12] => 0
            [13] => 0
            [14] => 0
            [15] => 0
            [16] => 0
            [17] => 0
            [18] => 0
            [19] => 0
            [20] => 0
            [21] => 0
            [22] => 0
            [23] => 0
            [24] => 0
            [25] => 0
            [26] => 0
            [27] => 0
            [28] => 0
            [29] => 0
            [30] => 0
            [31] => 0
            [32] => 0
            [33] => 0
            [34] => 0
            [35] => 0
            [36] => 0
            [37] => 0
            [38] => 0
            [39] => 0
            [40] => 0
            [41] => 0
            [42] => 0
            [43] => 0
            [44] => 0
            [45] => 0
            [46] => 0
            [47] => 1
            [48] => 1
            [49] => 0
            [50] => 1
        )

    [Z] => Array
        (
            [0] => 0
            [1] => 0
            [2] => 0
            [3] => 0
            [4] => 0
            [5] => 0
            [6] => 0
            [7] => 0
            [8] => 0
            [9] => 0
            [10] => 0
            [11] => 0
            [12] => 0
            [13] => 0
            [14] => 0
            [15] => 0
            [16] => 0
            [17] => 0
            [18] => 0
            [19] => 0
            [20] => 0
            [21] => 0
            [22] => 0
            [23] => 0
            [24] => 0
            [25] => 0
            [26] => 0
            [27] => 0
            [28] => 0
            [29] => 0
            [30] => 0
            [31] => 0
            [32] => 0
            [33] => 0
            [34] => 0
            [35] => 0
            [36] => 0
            [37] => 0
            [38] => 0
            [39] => 0
            [40] => 0
            [41] => 0
            [42] => 0
            [43] => 0
            [44] => 0
            [45] => 0
            [46] => 0
            [47] => 0
            [48] => 0
            [49] => 0
            [50] => 0
            [51] => 0
            [52] => 0
            [53] => 0
            [54] => 0
            [55] => 0
            [56] => 0
            [57] => 0
            [58] => 0
            [59] => 0
            [60] => 0
            [61] => 0
            [62] => 0
            [63] => 0
            [64] => 0
            [65] => 0
            [66] => 0
            [67] => 0
            [68] => 0
            [69] => 0
            [70] => 0
            [71] => 0
            [72] => 0
            [73] => 0
            [74] => 0
            [75] => 0
            [76] => 0
            [77] => 1
            [78] => 0
            [79] => 0
            [80] => 0
            [81] => 0
            [82] => 0
            [83] => 0
            [84] => 0
            [85] => 0
            [86] => 0
            [87] => 0
            [88] => 0
            [89] => 0
            [90] => 0
            [91] => 0
            [92] => 0
            [93] => 0
            [94] => 0
            [95] => 0
            [96] => 0
            [97] => 0
            [98] => 0
            [99] => 0
            [100] => 0
            [101] => 0
            [102] => 0
            [103] => 0
            [104] => 0
            [105] => 0
            [106] => 0
            [107] => 0
            [108] => 0
            [109] => 0
            [110] => 0
            [111] => 0
            [112] => 0
            [113] => 0
            [114] => 0
            [115] => 0
            [116] => 0
            [117] => 0
            [118] => 0
            [119] => 0
            [120] => 0
            [121] => 0
            [122] => 0
            [123] => 0
            [124] => 0
            [125] => 0
            [126] => 0
            [127] => 0
            [128] => 0
            [129] => 0
            [130] => 0
            [131] => 0
            [132] => 0
            [133] => 0
            [134] => 0
            [135] => 0
            [136] => 0
            [137] => 0
            [138] => 0
            [139] => 0
            [140] => 0
            [141] => 0
            [142] => 0
            [143] => 0
            [144] => 0
            [145] => 0
            [146] => 0
            [147] => 0
            [148] => 0
            [149] => 0
            [150] => 0
            [151] => 0
            [152] => 0
            [153] => 0
            [154] => 0
            [155] => 0
            [156] => 0
            [157] => 1
            [158] => 0
            [159] => 0
            [160] => 0
            [161] => 0
            [162] => 0
            [163] => 0
            [164] => 0
            [165] => 0
            [166] => 0
            [167] => 0
            [168] => 0
            [169] => 0
            [170] => 0
            [171] => 0
            [172] => 0
            [173] => 0
            [174] => 0
            [175] => 0
            [176] => 0
            [177] => 1
            [178] => 0
            [179] => 0
            [180] => 0
            [181] => 0
            [182] => 0
            [183] => 0
            [184] => 0
            [185] => 0
            [186] => 0
            [187] => 0
            [188] => 0
            [189] => 0
            [190] => 0
            [191] => 0
            [192] => 0
            [193] => 0
            [194] => 0
            [195] => 0
            [196] => 0
            [197] => 1
            [198] => 0
            [199] => 0
            [200] => 0
            [201] => 0
            [202] => 0
            [203] => 0
            [204] => 0
            [205] => 0
            [206] => 0
            [207] => 0
            [208] => 0
            [209] => 0
            [210] => 0
            [211] => 0
            [212] => 0
            [213] => 0
            [214] => 0
            [215] => 0
            [216] => 0
            [217] => 1
            [218] => 0
            [219] => 0
            [220] => 0
            [221] => 0
            [222] => 0
            [223] => 0
            [224] => 0
            [225] => 0
            [226] => 0
            [227] => 1
            [228] => 0
            [229] => 0
            [230] => 0
            [231] => 0
            [232] => 0
            [233] => 0
            [234] => 0
            [235] => 0
            [236] => 0
            [237] => 0
            [238] => 0
            [239] => 0
            [240] => 0
            [241] => 0
            [242] => 0
            [243] => 0
            [244] => 0
            [245] => 0
            [246] => 0
            [247] => 1
            [248] => 0
            [249] => 0
            [250] => 0
            [251] => 0
            [252] => 0
            [253] => 0
            [254] => 0
            [255] => 0
            [256] => 0
            [257] => 0
            [258] => 0
            [259] => 1
            [260] => 0
            [261] => 0
            [262] => 0
            [263] => 0
            [264] => 0
            [265] => 0
            [266] => 0
            [267] => 1
            [268] => 0
            [269] => 0
            [270] => 0
            [271] => 0
            [272] => 0
            [273] => 0
            [274] => 0
            [275] => 0
            [276] => 0
            [277] => 0
            [278] => 0
            [279] => 0
            [280] => 0
            [281] => 0
            [282] => 0
            [283] => 0
            [284] => 0
            [285] => 0
            [286] => 0
            [287] => 0
            [288] => 0
            [289] => 1
            [290] => 0
            [291] => 0
            [292] => 0
            [293] => 0
            [294] => 0
            [295] => 0
            [296] => 0
            [297] => 1
            [298] => 0
            [299] => 0
            [300] => 0
            [301] => 0
            [302] => 0
            [303] => 0
            [304] => 0
            [305] => 0
            [306] => 0
            [307] => 0
            [308] => 0
            [309] => 0
            [310] => 0
            [311] => 0
            [312] => 0
            [313] => 0
            [314] => 0
            [315] => 0
            [316] => 0
            [317] => 1
            [318] => 0
            [319] => 0
            [320] => 0
            [321] => 0
            [322] => 0
            [323] => 0
            [324] => 0
            [325] => 0
            [326] => 0
            [327] => 0
            [328] => 0
            [329] => 0
            [330] => 0
            [331] => 0
            [332] => 0
            [333] => 0
            [334] => 0
            [335] => 0
            [336] => 0
            [337] => 0
            [338] => 0
            [339] => 0
            [340] => 0
            [341] => 0
            [342] => 0
            [343] => 0
            [344] => 0
            [345] => 0
            [346] => 0
            [347] => 0
            [348] => 0
            [349] => 1
            [350] => 0
            [351] => 0
            [352] => 0
            [353] => 0
            [354] => 0
            [355] => 0
            [356] => 0
            [357] => 0
            [358] => 0
            [359] => 0
            [360] => 0
            [361] => 0
            [362] => 0
            [363] => 0
            [364] => 0
            [365] => 0
            [366] => 0
            [367] => 1
            [368] => 0
            [369] => 0
            [370] => 0
            [371] => 0
            [372] => 0
            [373] => 0
            [374] => 0
            [375] => 0
            [376] => 0
            [377] => 0
            [378] => 0
            [379] => 0
            [380] => 0
            [381] => 0
            [382] => 0
            [383] => 0
            [384] => 0
            [385] => 0
            [386] => 0
            [387] => 0
            [388] => 0
            [389] => 1
            [390] => 0
            [391] => 0
            [392] => 0
            [393] => 0
            [394] => 0
            [395] => 0
            [396] => 0
            [397] => 0
            [398] => 0
            [399] => 0
            [400] => 0
            [401] => 0
            [402] => 0
            [403] => 0
            [404] => 0
            [405] => 0
            [406] => 0
            [407] => 0
            [408] => 0
            [409] => 1
            [410] => 0
            [411] => 0
            [412] => 0
            [413] => 0
            [414] => 0
            [415] => 0
            [416] => 0
            [417] => 0
            [418] => 0
            [419] => 1
            [420] => 0
            [421] => 0
            [422] => 0
            [423] => 0
            [424] => 0
            [425] => 0
            [426] => 0
            [427] => 1
            [428] => 0
            [429] => 0
            [430] => 0
            [431] => 0
            [432] => 0
            [433] => 0
            [434] => 0
            [435] => 0
            [436] => 0
            [437] => 0
            [438] => 0
            [439] => 1
            [440] => 0
            [441] => 0
            [442] => 0
            [443] => 1
            [444] => 0
            [445] => 0
            [446] => 0
            [447] => 0
            [448] => 0
            [449] => 1
            [450] => 0
            [451] => 0
            [452] => 0
            [453] => 0
            [454] => 0
            [455] => 0
            [456] => 0
            [457] => 0
            [458] => 0
            [459] => 0
            [460] => 0
            [461] => 0
            [462] => 0
            [463] => 0
            [464] => 0
            [465] => 0
            [466] => 0
            [467] => 0
            [468] => 0
            [469] => 1
            [470] => 0
            [471] => 0
            [472] => 0
            [473] => 0
            [474] => 0
            [475] => 0
            [476] => 0
            [477] => 0
            [478] => 0
            [479] => 0
            [480] => 0
            [481] => 0
            [482] => 0
            [483] => 0
            [484] => 0
            [485] => 0
            [486] => 0
            [487] => 0
            [488] => 0
            [489] => 1
            [490] => 0
            [491] => 0
            [492] => 1
            [493] => 1
            [494] => 0
            [495] => 0
            [496] => 0
            [497] => 0
            [498] => 0
            [499] => 0
            [500] => 0
            [501] => 0
            [502] => 0
            [503] => 0
            [504] => 0
            [505] => 0
            [506] => 0
            [507] => 0
            [508] => 0
            [509] => 1
        )

    [Q] => Array
        (
            [0] => 0
            [1] => 0
            [2] => 0
            [3] => 0
            [4] => 0
            [5] => 0
            [6] => 0
            [7] => 0
            [8] => 0
            [9] => 0
            [10] => 0
            [11] => 0
            [12] => 0
            [13] => 0
            [14] => 0
            [15] => 0
            [16] => 0
            [17] => 0
            [18] => 0
            [19] => 0
            [20] => 0
            [21] => 0
            [22] => 0
            [23] => 0
            [24] => 0
            [25] => 0
            [26] => 0
            [27] => 0
            [28] => 0
            [29] => 0
            [30] => 0
            [31] => 0
            [32] => 0
            [33] => 0
            [34] => 0
            [35] => 0
            [36] => 0
            [37] => 0
            [38] => 0
            [39] => 0
            [40] => 0
            [41] => 0
            [42] => 0
            [43] => 0
            [44] => 0
            [45] => 0
            [46] => 0
            [47] => 0
            [48] => 0
            [49] => 0
            [50] => 0
            [51] => 0
            [52] => 0
            [53] => 0
            [54] => 0
            [55] => 0
            [56] => 0
            [57] => 0
            [58] => 0
            [59] => 0
            [60] => 0
            [61] => 0
            [62] => 0
            [63] => 0
            [64] => 0
            [65] => 0
            [66] => 0
            [67] => 0
            [68] => 0
            [69] => 0
            [70] => 0
            [71] => 0
            [72] => 0
            [73] => 0
            [74] => 0
            [75] => 0
            [76] => 0
            [77] => 40
            [78] => 0
            [79] => 0
            [80] => 0
            [81] => 0
            [82] => 0
            [83] => 0
            [84] => 0
            [85] => 0
            [86] => 0
            [87] => 0
            [88] => 0
            [89] => 0
            [90] => 0
            [91] => 0
            [92] => 0
            [93] => 0
            [94] => 0
            [95] => 0
            [96] => 0
            [97] => 0
            [98] => 0
            [99] => 0
            [100] => 0
            [101] => 0
            [102] => 0
            [103] => 0
            [104] => 0
            [105] => 0
            [106] => 0
            [107] => 0
            [108] => 0
            [109] => 0
            [110] => 0
            [111] => 0
            [112] => 0
            [113] => 0
            [114] => 0
            [115] => 0
            [116] => 0
            [117] => 0
            [118] => 0
            [119] => 0
            [120] => 0
            [121] => 0
            [122] => 0
            [123] => 0
            [124] => 0
            [125] => 0
            [126] => 0
            [127] => 0
            [128] => 0
            [129] => 0
            [130] => 0
            [131] => 0
            [132] => 0
            [133] => 0
            [134] => 0
            [135] => 0
            [136] => 0
            [137] => 0
            [138] => 0
            [139] => 0
            [140] => 0
            [141] => 0
            [142] => 0
            [143] => 0
            [144] => 0
            [145] => 0
            [146] => 0
            [147] => 0
            [148] => 0
            [149] => 0
            [150] => 0
            [151] => 0
            [152] => 0
            [153] => 0
            [154] => 0
            [155] => 0
            [156] => 0
            [157] => 40
            [158] => 0
            [159] => 0
            [160] => 0
            [161] => 0
            [162] => 0
            [163] => 0
            [164] => 0
            [165] => 0
            [166] => 0
            [167] => 0
            [168] => 0
            [169] => 0
            [170] => 0
            [171] => 0
            [172] => 0
            [173] => 0
            [174] => 0
            [175] => 0
            [176] => 0
            [177] => 120
            [178] => 0
            [179] => 0
            [180] => 0
            [181] => 0
            [182] => 0
            [183] => 0
            [184] => 0
            [185] => 0
            [186] => 0
            [187] => 0
            [188] => 0
            [189] => 0
            [190] => 0
            [191] => 0
            [192] => 0
            [193] => 0
            [194] => 0
            [195] => 0
            [196] => 0
            [197] => 20
            [198] => 0
            [199] => 0
            [200] => 0
            [201] => 0
            [202] => 0
            [203] => 0
            [204] => 0
            [205] => 0
            [206] => 0
            [207] => 0
            [208] => 0
            [209] => 0
            [210] => 0
            [211] => 0
            [212] => 0
            [213] => 0
            [214] => 0
            [215] => 0
            [216] => 0
            [217] => 120
            [218] => 0
            [219] => 0
            [220] => 0
            [221] => 0
            [222] => 0
            [223] => 0
            [224] => 0
            [225] => 0
            [226] => 0
            [227] => 80
            [228] => 0
            [229] => 0
            [230] => 0
            [231] => 0
            [232] => 0
            [233] => 0
            [234] => 0
            [235] => 0
            [236] => 0
            [237] => 0
            [238] => 0
            [239] => 0
            [240] => 0
            [241] => 0
            [242] => 0
            [243] => 0
            [244] => 0
            [245] => 0
            [246] => 0
            [247] => 60
            [248] => 0
            [249] => 0
            [250] => 0
            [251] => 0
            [252] => 0
            [253] => 0
            [254] => 0
            [255] => 0
            [256] => 0
            [257] => 0
            [258] => 0
            [259] => 40
            [260] => 0
            [261] => 0
            [262] => 0
            [263] => 0
            [264] => 0
            [265] => 0
            [266] => 0
            [267] => 60
            [268] => 0
            [269] => 0
            [270] => 0
            [271] => 0
            [272] => 0
            [273] => 0
            [274] => 0
            [275] => 0
            [276] => 0
            [277] => 0
            [278] => 0
            [279] => 0
            [280] => 0
            [281] => 0
            [282] => 0
            [283] => 0
            [284] => 0
            [285] => 0
            [286] => 0
            [287] => 0
            [288] => 0
            [289] => 320
            [290] => 0
            [291] => 0
            [292] => 0
            [293] => 0
            [294] => 0
            [295] => 0
            [296] => 0
            [297] => 120
            [298] => 0
            [299] => 0
            [300] => 0
            [301] => 0
            [302] => 0
            [303] => 0
            [304] => 0
            [305] => 0
            [306] => 0
            [307] => 0
            [308] => 0
            [309] => 0
            [310] => 0
            [311] => 0
            [312] => 0
            [313] => 0
            [314] => 0
            [315] => 0
            [316] => 0
            [317] => 180
            [318] => 0
            [319] => 0
            [320] => 0
            [321] => 0
            [322] => 0
            [323] => 0
            [324] => 0
            [325] => 0
            [326] => 0
            [327] => 0
            [328] => 0
            [329] => 0
            [330] => 0
            [331] => 0
            [332] => 0
            [333] => 0
            [334] => 0
            [335] => 0
            [336] => 0
            [337] => 0
            [338] => 0
            [339] => 0
            [340] => 0
            [341] => 0
            [342] => 0
            [343] => 0
            [344] => 0
            [345] => 0
            [346] => 0
            [347] => 0
            [348] => 0
            [349] => 80
            [350] => 0
            [351] => 0
            [352] => 0
            [353] => 0
            [354] => 0
            [355] => 0
            [356] => 0
            [357] => 0
            [358] => 0
            [359] => 0
            [360] => 0
            [361] => 0
            [362] => 0
            [363] => 0
            [364] => 0
            [365] => 0
            [366] => 0
            [367] => 160
            [368] => 0
            [369] => 0
            [370] => 0
            [371] => 0
            [372] => 0
            [373] => 0
            [374] => 0
            [375] => 0
            [376] => 0
            [377] => 0
            [378] => 0
            [379] => 0
            [380] => 0
            [381] => 0
            [382] => 0
            [383] => 0
            [384] => 0
            [385] => 0
            [386] => 0
            [387] => 0
            [388] => 0
            [389] => 120
            [390] => 0
            [391] => 0
            [392] => 0
            [393] => 0
            [394] => 0
            [395] => 0
            [396] => 0
            [397] => 0
            [398] => 0
            [399] => 0
            [400] => 0
            [401] => 0
            [402] => 0
            [403] => 0
            [404] => 0
            [405] => 0
            [406] => 0
            [407] => 0
            [408] => 0
            [409] => 1080
            [410] => 0
            [411] => 0
            [412] => 0
            [413] => 0
            [414] => 0
            [415] => 0
            [416] => 0
            [417] => 0
            [418] => 0
            [419] => 360
            [420] => 0
            [421] => 0
            [422] => 0
            [423] => 0
            [424] => 0
            [425] => 0
            [426] => 0
            [427] => 240
            [428] => 0
            [429] => 0
            [430] => 0
            [431] => 0
            [432] => 0
            [433] => 0
            [434] => 0
            [435] => 0
            [436] => 0
            [437] => 0
            [438] => 0
            [439] => 240
            [440] => 0
            [441] => 0
            [442] => 0
            [443] => 13
            [444] => 0
            [445] => 0
            [446] => 0
            [447] => 0
            [448] => 0
            [449] => 147
            [450] => 0
            [451] => 0
            [452] => 0
            [453] => 0
            [454] => 0
            [455] => 0
            [456] => 0
            [457] => 0
            [458] => 0
            [459] => 0
            [460] => 0
            [461] => 0
            [462] => 0
            [463] => 0
            [464] => 0
            [465] => 0
            [466] => 0
            [467] => 0
            [468] => 0
            [469] => 240
            [470] => 0
            [471] => 0
            [472] => 0
            [473] => 0
            [474] => 0
            [475] => 0
            [476] => 0
            [477] => 0
            [478] => 0
            [479] => 0
            [480] => 0
            [481] => 0
            [482] => 0
            [483] => 0
            [484] => 0
            [485] => 0
            [486] => 0
            [487] => 0
            [488] => 0
            [489] => 720
            [490] => 0
            [491] => 0
            [492] => 480
            [493] => 480
            [494] => 0
            [495] => 0
            [496] => 0
            [497] => 0
            [498] => 0
            [499] => 0
            [500] => 0
            [501] => 0
            [502] => 0
            [503] => 0
            [504] => 0
            [505] => 0
            [506] => 0
            [507] => 0
            [508] => 0
            [509] => 2160
        )

    [E] => 99922512.8
    [Cap] => 100000000
    [Tax] => 15
    [STABILITY_ORIGINAL_OBJECTIVE] => 2145797.837692
    [STABILITY_SCORE] => 3306
    [DELIVER] => Array
        (
            [0] => S8=>P7
            [1] => S8=>P15
            [2] => S8=>P17
            [3] => S8=>P19
            [4] => S8=>P21
            [5] => S8=>P22
            [6] => S8=>P24
            [7] => S10=>P25
            [8] => S8=>P26
            [9] => S10=>P28
            [10] => S8=>P29
            [11] => S8=>P31
            [12] => S10=>P34
            [13] => S8=>P36
            [14] => S10=>P38
            [15] => S10=>P40
            [16] => S10=>P41
            [17] => S8=>P42
            [18] => S10=>P43
            [19] => S4=>P44
            [20] => S10=>P44
            [21] => S10=>P46
            [22] => S10=>P48
            [23] => S3=>P49
            [24] => S4=>P49
            [25] => S10=>P50
        )

    [_raw_output] => 
<<< setup

0 0 -1 0 1 0,25 0,5 0,8 1 0 0 0 0 13
1 2 0 5000 1 0,25 0,5 0,8 1 0 10000 1000 1500 13
2 5 1 900 1 0,25 0,5 0,8 1 0 9486 948,6 1500 13
3 7 1 890 1 0,25 0,5 0,8 1 0 8704 870,4 1500 13
4 6 1 910 1 0,25 0,5 0,8 1 0 8059 805,9 1500 13
5 4 1 860 2 0,25 0,5 0,8 1 0 7962 796,2 1500 13
6 4 2 880 3 0,25 0,5 0,8 1 0 7861 786,1 1500 13
7 3 2 800 2 0,25 0,5 0,8 1 0 7628 762,8 1500 13
8 3 2 780 1 0,25 0,5 0,8 1 0 7050 705 1500 13
9 3 3 790 2 0,25 0,5 0,8 1 0 6976 697,6 1500 13
10 4 3 750 3 0,25 0,5 0,8 1 0 6291 629,1 1500 13
11 3 4 690 2 0,25 0,5 0,8 1 0 6234 623,4 1500 13
12 5 4 660 3 0,25 0,5 0,8 1 0 6199 619,9 1500 13
13 5 5 600 8 0,25 0,5 0,5 1 0 6088 608,8 1500 13
14 4 5 640 6 0,25 0,5 0,5 1 0 5680 568 1500 13
15 2 5 700 2 0,25 0,5 0,5 1 0 5673 567,3 1500 13
16 4 6 660 9 0,25 0,5 0,5 1 0 5507 550,7 1500 13
17 6 6 580 6 0,25 0,5 0,5 1 0 5360 536 1500 13
18 3 67 550 2 0,25 0,5 0,5 1 0 5290 529 1500 13
19 3 8 570 1 0,25 0,5 0,5 1 0 5168 516,8 1500 13
20 5 8 600 2 0,25 0,5 0,5 1 0 4944 494,4 1500 13
21 7 9 540 6 0,25 0,5 0,5 1 0 4747 474,7 1500 13
22 6 9 510 4 0,25 0,5 0,5 1 0 4417 441,7 1500 13
23 3 9 590 4 0,25 0,5 0,5 1 0 4033 403,3 1500 13
24 4 10 400 3 0,25 0,5 0,5 1 0 3891 389,1 1500 13
25 3 11 490 2 0,25 0,5 0,5 1 0 3601 360,1 1500 13
26 3 12 480 3 0,25 0,5 0,5 1 0 3279 327,9 1500 13
27 5 12 520 6 0,25 0,5 0,5 1 0 3175 317,5 1500 13
28 4 13 400 16 0,25 0,5 0,5 1 0 2984 298,4 1500 13
29 3 14 480 6 0,25 0,5 0,5 1 0 2866 286,6 1500 13
30 2 14 490 18 0,25 0,5 0,5 1 0 2606 260,6 1500 13
31 5 16 460 9 0,25 0,5 0,5 1 0 2427 242,7 1500 13
32 4 16 500 9 0,25 0,5 0,5 1 0 2231 223,1 1500 13
33 3 18 470 6 0,25 0,5 0,5 1 0 2091 209,1 1500 13
34 3 18 300 4 0,25 0,5 0,5 1 0 1993 199,3 1500 13
35 5 20 380 4 0,25 0,5 0,5 1 0 1837 183,7 1500 13
36 4 23 330 8 0,25 0,5 0,5 1 0 1683 168,3 1500 13
37 3 23 340 12 0,25 0,5 0,5 1 0 1682 168,2 1500 13
38 4 27 350 6 0,25 0,5 0,5 1 0 1589 158,9 1500 13
39 6 30 360 18 0,25 0,5 0,5 1 0 1439 143,9 1500 13
40 4 30 310 54 0,25 0,5 0,5 1 0 1404 140,4 1500 13
41 4 32 330 18 0,25 0,5 0,5 1 0 1265 126,5 1500 13
42 4 33 290 12 0,25 0,5 0,5 1 0 1153 115,3 1500 13
43 3 33 270 12 0,25 0,5 0,5 1 0 1138 113,8 1500 13
44 3 35 260 8 0,25 0,5 0,5 1 0 1094 109,4 1500 13
45 2 37 270 12 0,25 0,5 0,5 1 0 997 99,7 1500 13
46 5 37 270 12 0,25 0,5 0,5 1 0 964 96,4 1500 13
47 3 39 100 54 0,25 0,5 0,5 1 0 917 91,7 1500 13
48 2 39 110 36 0,25 0,5 0,5 1 0 833 83,3 1500 13
49 3 45 50 48 0,25 0,5 0,5 1 0 753 75,3 1500 13
50 5 47 30 108 0,25 0,5 0,5 1 0 723 72,3 1500 13
Node nums: [0 1 2 3 4 5 6 7 8 9 10 11 12 13 14 15 16 17 18 19 20 21 22 23 24 25 26 27
     28 29 30 31 32 33 34 35 36 37 38 39 40 41 42 43 44 45 46 47 48 49 50]
xx-Data uploaded-xx
	**** start init su array ...
0 [0 0 0 0 0 0 0 0 0 0]
1 [0 0 0 0 0 0 0 0 0 0]
2 [0 0 0 0 0 0 0 0 0 0]
3 [0 0 0 0 0 0 0 0 0 0]
4 [0 0 0 0 0 0 0 0 0 0]
5 [0 0 0 0 0 0 0 0 0 0]
6 [0 0 0 0 0 0 0 0 0 0]
7 [1 1 1 1 1 1 1 1 1 1]
8 [0 0 0 0 0 0 0 0 0 0]
9 [0 0 0 0 0 0 0 0 0 0]
10 [0 0 0 0 0 0 0 0 0 0]
11 [0 0 0 0 0 0 0 0 0 0]
12 [0 0 0 0 0 0 0 0 0 0]
13 [0 0 0 0 0 0 0 0 0 0]
14 [0 0 0 0 0 0 0 0 0 0]
15 [1 1 1 1 1 1 1 1 1 1]
16 [0 0 0 0 0 0 0 0 0 0]
17 [1 1 1 1 1 1 1 1 1 1]
18 [0 0 0 0 0 0 0 0 0 0]
19 [1 1 1 1 1 1 1 1 1 1]
20 [0 0 0 0 0 0 0 0 0 0]
21 [1 1 1 1 1 1 1 1 1 1]
22 [1 1 1 1 1 1 1 1 1 1]
23 [0 0 0 0 0 0 0 0 0 0]
24 [1 1 1 1 1 1 1 1 1 1]
25 [1 1 1 1 1 1 1 1 1 1]
26 [1 1 1 1 1 1 1 1 1 1]
27 [0 0 0 0 0 0 0 0 0 0]
28 [1 1 1 1 1 1 1 1 1 1]
29 [1 1 1 1 1 1 1 1 1 1]
30 [0 0 0 0 0 0 0 0 0 0]
31 [1 1 1 1 1 1 1 1 1 1]
32 [0 0 0 0 0 0 0 0 0 0]
33 [0 0 0 0 0 0 0 0 0 0]
34 [1 1 1 1 1 1 1 1 1 1]
35 [1 1 1 1 1 1 1 1 1 1]
36 [1 1 1 1 1 1 1 1 1 1]
37 [0 0 0 0 0 0 0 0 0 0]
38 [1 1 1 1 1 1 1 1 1 1]
39 [0 0 0 0 0 0 0 0 0 0]
40 [1 1 1 1 1 1 1 1 1 1]
41 [1 1 1 1 1 1 1 1 1 1]
42 [1 1 1 1 1 1 1 1 1 1]
43 [1 1 1 1 1 1 1 1 1 1]
44 [1 1 1 1 1 1 1 1 1 1]
45 [0 0 0 0 0 0 0 0 0 0]
46 [1 1 1 1 1 1 1 1 1 1]
47 [0 0 0 0 0 0 0 0 0 0]
48 [1 1 1 1 1 1 1 1 1 1]
49 [1 1 1 1 1 1 1 1 1 1]
50 [1 1 1 1 1 1 1 1 1 1]
	**** end init su array ...
1 2 1 700 80 0.85 0.92 0.8 (9)9
2 2 0.9 800 75 0.82 0.90 0.9 (9)9
3 1 1.1 680 90 0.88 0.95 0.5 (9)9
4 1 1 480 100 0.86 0.93 0.6 (9)9
5 5 0.6 550 40 0.72 0.78 1.5 (9)9
6 6 0.5 650 45 0.70 0.75 2.0 (9)9
7 7 0.5 1100 40 0.68 0.72 2.5 (9)9
8 5 0.3 700 30 0.65 0.70 1.8 (9)9
9 9 0.2 1700 15 0.60 0.65 3.5 (9)9
10 1 0.8 5800 40 0.80 0.88 0.7 (9)9

<<< generate

Version identifier: 20.1.0.0 | 2020-11-10 | 9bedb6d68
CPXPARAM_TimeLimit                               300
Tried aggregator 2 times.
MIP Presolve eliminated 15783 rows and 813 columns.
MIP Presolve modified 1596 coefficients.
Aggregator did 2 substitutions.
Reduced MIP has 2945 rows, 1888 columns, and 8077 nonzeros.
Reduced MIP has 799 binaries, 1089 generals, 0 SOSs, and 0 indicators.
Presolve time = 0,00 sec. (19,63 ticks)
Probing fixed 0 vars, tightened 844 bounds.
Probing time = 0,01 sec. (4,64 ticks)
Cover probing fixed 0 vars, tightened 24 bounds.
Tried aggregator 3 times.
MIP Presolve eliminated 1092 rows and 780 columns.
MIP Presolve modified 1915 coefficients.
Aggregator did 242 substitutions.
Reduced MIP has 1611 rows, 866 columns, and 4945 nonzeros.
Reduced MIP has 289 binaries, 577 generals, 0 SOSs, and 0 indicators.
Presolve time = 0,00 sec. (8,24 ticks)
Probing fixed 0 vars, tightened 56 bounds.
Probing time = 0,00 sec. (1,80 ticks)
Tried aggregator 1 time.
Detecting symmetries...
MIP Presolve modified 146 coefficients.
Reduced MIP has 1611 rows, 866 columns, and 4945 nonzeros.
Reduced MIP has 289 binaries, 577 generals, 0 SOSs, and 0 indicators.
Presolve time = 0,00 sec. (3,42 ticks)
Probing fixed 0 vars, tightened 1 bounds.
Probing time = 0,00 sec. (1,78 ticks)
MIP emphasis: balance optimality and feasibility.
MIP search method: dynamic search.
Parallel mode: deterministic, using up to 20 threads.
Root relaxation solution time = 0,00 sec. (9,34 ticks)

        Nodes                                         Cuts/
   Node  Left     Objective  IInf  Best Integer    Best Bound    ItCnt     Gap

      0     0   -15440,0000   141                 -15440,0000      279         
      0     0   -15440,0000   130                    Cuts: 85      425         
      0     0   -15440,0000   181                    Cuts: 79      569         
      0     0   -15440,0000   134                    Cuts: 19      637         
      0     0   -15440,0000   161                    Cuts: 57      756         
Detecting symmetries...
      0     2   -15440,0000   122                 -15440,0000      756         
Elapsed time = 0,39 sec. (320,51 ticks, tree = 0,02 MB, solutions = 0)
   1700   834   -12667,2800   206                 -15440,0000    66805         
   4045  2059    -9186,1705   154                 -15440,0000   141866         
   6859  3273    -8385,8429   169                 -14999,1409   207676         
   9764  4891    -7100,2992   155                 -13989,1916   286592         
  13170  6089    infeasible                       -13139,5810   355933         
  16222  7851    -9353,4618   180                 -12459,7422   443692         
  19380  9040    -6132,0908   131                 -11900,0577   503448         
  22935 10786    -4207,4554   106                 -11692,6875   583234         
  26473 12630    infeasible                       -11446,6886   665287         
  40140 19530    -8928,3664   167                 -11055,6467   942426         
Elapsed time = 3,88 sec. (3420,89 ticks, tree = 31,21 MB, solutions = 0)
  53146 25179    -7910,0949   169                 -10843,5586  1200348         
  68256 32734    -8259,4713   151                 -10669,1736  1517028         
  81190 38206    -9261,5606   184                 -10511,5900  1764626         
  96483 45668    infeasible                       -10387,3452  2095136         
 111693 52456    infeasible                       -10243,0831  2417505         
 125494 57910    -9585,0839   192                 -10073,5306  2666670         
 142658 64019    infeasible                        -9935,2820  2937311         
 160403 71338    -6905,6336   119                  -9792,6395  3259095         
 177897 78673    -7303,3354   128                  -9664,4132  3574171         
 192376 84566    -8500,2991   152                  -9550,5101  3854388         
Elapsed time = 15,42 sec. (12957,97 ticks, tree = 126,55 MB, solutions = 0)
 210382 92124    -6603,0614   181                  -9463,6079  4199483         
 228634 98707    -4680,6395    58                  -9364,3845  4507846         
 246226 104030    infeasible                        -9268,0416  4759444         
 261687 109840    -5772,9701   116                  -9188,6741  5023320         
 280480 117075    -6122,9104   120                  -9122,4760  5341428         
 299103 122669    infeasible                        -9052,0262  5593637         
 315257 129106    -8915,4586   144                  -8987,6726  5902506         
 332210 134639    -8875,0151   173                  -8940,5356  6159327         

Performing restart 1

Repeating presolve.
Tried aggregator 1 time.
MIP Presolve modified 50 coefficients.
Reduced MIP has 1611 rows, 866 columns, and 4945 nonzeros.
Reduced MIP has 289 binaries, 577 generals, 0 SOSs, and 0 indicators.
Presolve time = 0,00 sec. (2,63 ticks)
Tried aggregator 1 time.
MIP Presolve modified 12 coefficients.
Reduced MIP has 1611 rows, 866 columns, and 4945 nonzeros.
Reduced MIP has 289 binaries, 577 generals, 0 SOSs, and 0 indicators.
Presolve time = 0,00 sec. (3,47 ticks)
Represolve time = 0,16 sec. (18,41 ticks)
 333339     0   -15440,0000   292                    Cuts: 97  6272404         
 333339     0   -15440,0000   344                   Cuts: 119  6272656         
 333339     0   -15435,0007   314                   Cuts: 143  6272948         
 333339     0   -14236,1029   387                   Cuts: 242  6273260         
 333339     0   -12421,5056   396                   Cuts: 251  6273454         
 333339     0   -11064,3854   315                   Cuts: 250  6273652         
 333339     0   -10875,1629   347                   Cuts: 184  6273774         
 333339     0   -10771,7906   358                   Cuts: 153  6273873         
 333339     2   -10771,7906   358                  -8930,5209  6273873         
*336109+  883                        -1270,0000    -5402,2520           325,37%
*336909+ 1054                        -1758,0000    -4904,0861           178,96%
*337458+ 1051                        -3280,0000    -4655,3920            41,93%
*338314+  526                        -3298,0000    -4012,7486            21,67%
*338367+  463                        -3300,0000    -4012,7486            21,60%
 338387   594    -3510,5886    67    -3300,0000    -4012,7486  6429675   21,60%
Elapsed time = 27,31 sec. (22803,63 ticks, tree = 0,43 MB, solutions = 6)
*339476+  389                        -3306,0000    -3658,0425            10,65%

Cover cuts applied:  3
Implied bound cuts applied:  20
Flow cuts applied:  34
Mixed integer rounding cuts applied:  191
Zero-half cuts applied:  13
Lift and project cuts applied:  2
Gomory fractional cuts applied:  116

Root node processing (before b&c):
  Real time             =    0,38 sec. (320,07 ticks)
Parallel b&c, 20 threads:
  Real time             =   27,64 sec. (22705,17 ticks)
  Sync time (average)   =    6,14 sec.
  Wait time (average)   =    0,01 sec.
                          ------------
Total (root+branch&cut) =   28,02 sec. (23025,24 ticks)

<<< solve


OBJECTIVE: -3306
xxxx
#Result <fct_obj, tot_cst, tot_ldt, Emiss>: <-3306 2.1453e+6 483 9.9923e+7>#TS:2145314.837692#CS:2143816#TaxCost:1498.837692#A:[0,2,23,22,21,16,18,8,17,15,13,7,15,10,12,7,14,11,15,8,14,12,11,12,9,4,8,10,5,8,8,10,9,12,4,9,9,9,5,6,5,5,9,4,4,6,6,3,3,4,6]#X:[0,1,1,1,1,1,0,0,0,0,0,0,0,0,0,0,0,0,0,0,0,0,0,0,0,0,0,0,0,0,0,0,0,0,0,0,0,0,0,0,0,0,0,0,0,0,0,1,1,0,1]#Z:[0,0,0,0,0,0,0,0,0,0,0,0,0,0,0,0,0,0,0,0,0,0,0,0,0,0,0,0,0,0,0,0,0,0,0,0,0,0,0,0,0,0,0,0,0,0,0,0,0,0,0,0,0,0,0,0,0,0,0,0,0,0,0,0,0,0,0,0,0,0,0,0,0,0,0,0,0,1,0,0,0,0,0,0,0,0,0,0,0,0,0,0,0,0,0,0,0,0,0,0,0,0,0,0,0,0,0,0,0,0,0,0,0,0,0,0,0,0,0,0,0,0,0,0,0,0,0,0,0,0,0,0,0,0,0,0,0,0,0,0,0,0,0,0,0,0,0,0,0,0,0,0,0,0,0,0,0,1,0,0,0,0,0,0,0,0,0,0,0,0,0,0,0,0,0,0,0,1,0,0,0,0,0,0,0,0,0,0,0,0,0,0,0,0,0,0,0,1,0,0,0,0,0,0,0,0,0,0,0,0,0,0,0,0,0,0,0,1,0,0,0,0,0,0,0,0,0,1,0,0,0,0,0,0,0,0,0,0,0,0,0,0,0,0,0,0,0,1,0,0,0,0,0,0,0,0,0,0,0,1,0,0,0,0,0,0,0,1,0,0,0,0,0,0,0,0,0,0,0,0,0,0,0,0,0,0,0,0,0,1,0,0,0,0,0,0,0,1,0,0,0,0,0,0,0,0,0,0,0,0,0,0,0,0,0,0,0,1,0,0,0,0,0,0,0,0,0,0,0,0,0,0,0,0,0,0,0,0,0,0,0,0,0,0,0,0,0,0,0,1,0,0,0,0,0,0,0,0,0,0,0,0,0,0,0,0,0,1,0,0,0,0,0,0,0,0,0,0,0,0,0,0,0,0,0,0,0,0,0,1,0,0,0,0,0,0,0,0,0,0,0,0,0,0,0,0,0,0,0,1,0,0,0,0,0,0,0,0,0,1,0,0,0,0,0,0,0,1,0,0,0,0,0,0,0,0,0,0,0,1,0,0,0,1,0,0,0,0,0,1,0,0,0,0,0,0,0,0,0,0,0,0,0,0,0,0,0,0,0,1,0,0,0,0,0,0,0,0,0,0,0,0,0,0,0,0,0,0,0,1,0,0,1,1,0,0,0,0,0,0,0,0,0,0,0,0,0,0,0,1]#Q:[0,0,0,0,0,0,0,0,0,0,0,0,0,0,0,0,0,0,0,0,0,0,0,0,0,0,0,0,0,0,0,0,0,0,0,0,0,0,0,0,0,0,0,0,0,0,0,0,0,0,0,0,0,0,0,0,0,0,0,0,0,0,0,0,0,0,0,0,0,0,0,0,0,0,0,0,0,40,0,0,0,0,0,0,0,0,0,0,0,0,0,0,0,0,0,0,0,0,0,0,0,0,0,0,0,0,0,0,0,0,0,0,0,0,0,0,0,0,0,0,0,0,0,0,0,0,0,0,0,0,0,0,0,0,0,0,0,0,0,0,0,0,0,0,0,0,0,0,0,0,0,0,0,0,0,0,0,40,0,0,0,0,0,0,0,0,0,0,0,0,0,0,0,0,0,0,0,120,0,0,0,0,0,0,0,0,0,0,0,0,0,0,0,0,0,0,0,20,0,0,0,0,0,0,0,0,0,0,0,0,0,0,0,0,0,0,0,120,0,0,0,0,0,0,0,0,0,80,0,0,0,0,0,0,0,0,0,0,0,0,0,0,0,0,0,0,0,60,0,0,0,0,0,0,0,0,0,0,0,40,0,0,0,0,0,0,0,60,0,0,0,0,0,0,0,0,0,0,0,0,0,0,0,0,0,0,0,0,0,320,0,0,0,0,0,0,0,120,0,0,0,0,0,0,0,0,0,0,0,0,0,0,0,0,0,0,0,180,0,0,0,0,0,0,0,0,0,0,0,0,0,0,0,0,0,0,0,0,0,0,0,0,0,0,0,0,0,0,0,80,0,0,0,0,0,0,0,0,0,0,0,0,0,0,0,0,0,160,0,0,0,0,0,0,0,0,0,0,0,0,0,0,0,0,0,0,0,0,0,120,0,0,0,0,0,0,0,0,0,0,0,0,0,0,0,0,0,0,0,1080,0,0,0,0,0,0,0,0,0,360,0,0,0,0,0,0,0,240,0,0,0,0,0,0,0,0,0,0,0,240,0,0,0,13,0,0,0,0,0,147,0,0,0,0,0,0,0,0,0,0,0,0,0,0,0,0,0,0,0,240,0,0,0,0,0,0,0,0,0,0,0,0,0,0,0,0,0,0,0,720,0,0,480,480,0,0,0,0,0,0,0,0,0,0,0,0,0,0,0,2160]#E: 99922512.799999997#Cap: 100000000#Tax: 15#STABILITY_ORIGINAL_OBJECTIVE:2145797.837692#STABILITY_SCORE:3306#DELIVER:
S8=>P7
S8=>P15
S8=>P17
S8=>P19
S8=>P21
S8=>P22
S8=>P24
S10=>P25
S8=>P26
S10=>P28
S8=>P29
S8=>P31
S10=>P34
S8=>P36
S10=>P38
S10=>P40
S10=>P41
S8=>P42
S10=>P43
S4=>P44
S10=>P44
S10=>P46
S10=>P48
S3=>P49
S4=>P49
S10=>P50
xxxx

<<< post process


<<< done


)
