Array
(
    [CplexRunTime] => Total (root+branch&cut) =    2,19 sec
    [status] => INFEASIBLE
    [termination_reason] => INFEASIBLE
    [mip_gap] => 
    [Result] => Array
        (
            [Objective] => -46
            [TotalCost] => 920010
            [LeadTime] => 368
            [Emissions] => 35309000
        )

    [TS] => 920006.4255
    [CS] => 918241
    [TaxCost] => 1765.4255
    [A] => Array
        (
            [0] => 0
            [1] => 35
            [2] => 26
            [3] => 25
            [4] => 15
            [5] => 16
            [6] => 22
            [7] => 15
            [8] => 20
            [9] => 17
            [10] => 16
            [11] => 10
            [12] => 9
            [13] => 8
            [14] => 6
            [15] => 14
            [16] => 14
            [17] => 12
            [18] => 12
            [19] => 9
            [20] => 14
            [21] => 7
            [22] => 11
            [23] => 12
            [24] => 7
            [25] => 8
            [26] => 8
        )

    [X] => Array
        (
            [0] => 0
            [1] => 1
            [2] => 0
            [3] => 0
            [4] => 0
            [5] => 0
            [6] => 0
            [7] => 0
            [8] => 0
            [9] => 0
            [10] => 0
            [11] => 0
            [12] => 0
            [13] => 0
            [14] => 0
            [15] => 0
            [16] => 0
            [17] => 0
            [18] => 0
            [19] => 0
            [20] => 0
            [21] => 0
            [22] => 0
            [23] => 0
            [24] => 0
            [25] => 0
            [26] => 0
        )

    [Z] => Array
        (
            [0] => 0
            [1] => 0
            [2] => 0
            [3] => 0
            [4] => 0
            [5] => 0
            [6] => 0
            [7] => 0
            [8] => 0
            [9] => 0
            [10] => 0
            [11] => 0
            [12] => 0
            [13] => 0
            [14] => 0
            [15] => 0
            [16] => 0
            [17] => 0
            [18] => 0
            [19] => 0
            [20] => 0
            [21] => 0
            [22] => 0
            [23] => 0
            [24] => 0
            [25] => 0
            [26] => 0
            [27] => 0
            [28] => 0
            [29] => 0
            [30] => 0
            [31] => 0
            [32] => 0
            [33] => 0
            [34] => 0
            [35] => 0
            [36] => 0
            [37] => 0
            [38] => 0
            [39] => 0
            [40] => 0
            [41] => 0
            [42] => 0
            [43] => 0
            [44] => 0
            [45] => 0
            [46] => 0
            [47] => 0
            [48] => 0
            [49] => 0
            [50] => 0
            [51] => 0
            [52] => 0
            [53] => 0
            [54] => 0
            [55] => 0
            [56] => 0
            [57] => 0
            [58] => 0
            [59] => 0
            [60] => 0
            [61] => 0
            [62] => 0
            [63] => 0
            [64] => 0
            [65] => 0
            [66] => 0
            [67] => 0
            [68] => 0
            [69] => 0
            [70] => 0
            [71] => 0
            [72] => 0
            [73] => 0
            [74] => 0
            [75] => 0
            [76] => 0
            [77] => 0
            [78] => 0
            [79] => 0
            [80] => 0
            [81] => 0
            [82] => 0
            [83] => 0
            [84] => 0
            [85] => 0
            [86] => 0
            [87] => 0
            [88] => 0
            [89] => 0
            [90] => 0
            [91] => 0
            [92] => 0
            [93] => 0
            [94] => 0
            [95] => 0
            [96] => 0
            [97] => 0
            [98] => 0
            [99] => 0
            [100] => 0
            [101] => 0
            [102] => 0
            [103] => 0
            [104] => 0
            [105] => 0
            [106] => 0
            [107] => 0
            [108] => 0
            [109] => 0
            [110] => 0
            [111] => 0
            [112] => 0
            [113] => 0
            [114] => 0
            [115] => 0
            [116] => 0
            [117] => 0
            [118] => 0
            [119] => 0
            [120] => 0
            [121] => 0
            [122] => 0
            [123] => 0
            [124] => 0
            [125] => 0
            [126] => 0
            [127] => 0
            [128] => 0
            [129] => 0
            [130] => 0
            [131] => 0
            [132] => 0
            [133] => 0
            [134] => 1
            [135] => 0
            [136] => 0
            [137] => 1
            [138] => 0
            [139] => 1
            [140] => 0
            [141] => 0
            [142] => 0
            [143] => 0
            [144] => 1
            [145] => 0
            [146] => 0
            [147] => 1
            [148] => 0
            [149] => 1
            [150] => 0
            [151] => 0
            [152] => 0
            [153] => 0
            [154] => 1
            [155] => 0
            [156] => 0
            [157] => 1
            [158] => 0
            [159] => 0
            [160] => 0
            [161] => 0
            [162] => 0
            [163] => 0
            [164] => 1
            [165] => 0
            [166] => 0
            [167] => 1
            [168] => 0
            [169] => 0
            [170] => 0
            [171] => 0
            [172] => 0
            [173] => 0
            [174] => 1
            [175] => 1
            [176] => 1
            [177] => 0
            [178] => 1
            [179] => 0
            [180] => 0
            [181] => 0
            [182] => 0
            [183] => 0
            [184] => 1
            [185] => 0
            [186] => 0
            [187] => 1
            [188] => 0
            [189] => 1
            [190] => 0
            [191] => 0
            [192] => 0
            [193] => 0
            [194] => 1
            [195] => 1
            [196] => 1
            [197] => 1
            [198] => 0
            [199] => 1
            [200] => 0
            [201] => 0
            [202] => 0
            [203] => 0
            [204] => 0
            [205] => 0
            [206] => 0
            [207] => 1
            [208] => 0
            [209] => 1
            [210] => 0
            [211] => 1
            [212] => 0
            [213] => 0
            [214] => 1
            [215] => 0
            [216] => 0
            [217] => 1
            [218] => 0
            [219] => 1
            [220] => 0
            [221] => 1
            [222] => 0
            [223] => 0
            [224] => 1
            [225] => 0
            [226] => 0
            [227] => 1
            [228] => 0
            [229] => 1
            [230] => 0
            [231] => 0
            [232] => 0
            [233] => 0
            [234] => 1
            [235] => 1
            [236] => 1
            [237] => 0
            [238] => 1
            [239] => 0
            [240] => 0
            [241] => 0
            [242] => 1
            [243] => 1
            [244] => 0
            [245] => 0
            [246] => 0
            [247] => 0
            [248] => 0
            [249] => 1
            [250] => 0
            [251] => 0
            [252] => 1
            [253] => 1
            [254] => 0
            [255] => 0
            [256] => 0
            [257] => 0
            [258] => 0
            [259] => 1
            [260] => 0
            [261] => 1
            [262] => 0
            [263] => 0
            [264] => 1
            [265] => 0
            [266] => 0
            [267] => 1
            [268] => 0
            [269] => 1
        )

    [Q] => Array
        (
            [0] => 0
            [1] => 0
            [2] => 0
            [3] => 0
            [4] => 0
            [5] => 0
            [6] => 0
            [7] => 0
            [8] => 0
            [9] => 0
            [10] => 0
            [11] => 0
            [12] => 0
            [13] => 0
            [14] => 0
            [15] => 0
            [16] => 0
            [17] => 0
            [18] => 0
            [19] => 0
            [20] => 0
            [21] => 0
            [22] => 0
            [23] => 0
            [24] => 0
            [25] => 0
            [26] => 0
            [27] => 0
            [28] => 0
            [29] => 0
            [30] => 0
            [31] => 0
            [32] => 0
            [33] => 0
            [34] => 0
            [35] => 0
            [36] => 0
            [37] => 0
            [38] => 0
            [39] => 0
            [40] => 0
            [41] => 0
            [42] => 0
            [43] => 0
            [44] => 0
            [45] => 0
            [46] => 0
            [47] => 0
            [48] => 0
            [49] => 0
            [50] => 0
            [51] => 0
            [52] => 0
            [53] => 0
            [54] => 0
            [55] => 0
            [56] => 0
            [57] => 0
            [58] => 0
            [59] => 0
            [60] => 0
            [61] => 0
            [62] => 0
            [63] => 0
            [64] => 0
            [65] => 0
            [66] => 0
            [67] => 0
            [68] => 0
            [69] => 0
            [70] => 0
            [71] => 0
            [72] => 0
            [73] => 0
            [74] => 0
            [75] => 0
            [76] => 0
            [77] => 0
            [78] => 0
            [79] => 0
            [80] => 0
            [81] => 0
            [82] => 0
            [83] => 0
            [84] => 0
            [85] => 0
            [86] => 0
            [87] => 0
            [88] => 0
            [89] => 0
            [90] => 0
            [91] => 0
            [92] => 0
            [93] => 0
            [94] => 0
            [95] => 0
            [96] => 0
            [97] => 0
            [98] => 0
            [99] => 0
            [100] => 0
            [101] => 0
            [102] => 0
            [103] => 0
            [104] => 0
            [105] => 0
            [106] => 0
            [107] => 0
            [108] => 0
            [109] => 0
            [110] => 0
            [111] => 0
            [112] => 0
            [113] => 0
            [114] => 0
            [115] => 0
            [116] => 0
            [117] => 0
            [118] => 0
            [119] => 0
            [120] => 0
            [121] => 0
            [122] => 0
            [123] => 0
            [124] => 0
            [125] => 0
            [126] => 0
            [127] => 0
            [128] => 0
            [129] => 0
            [130] => 0
            [131] => 0
            [132] => 0
            [133] => 0
            [134] => 1
            [135] => 0
            [136] => 0
            [137] => 158
            [138] => 0
            [139] => 1
            [140] => 0
            [141] => 0
            [142] => 0
            [143] => 0
            [144] => 1
            [145] => 0
            [146] => 0
            [147] => 118
            [148] => 0
            [149] => 1
            [150] => 0
            [151] => 0
            [152] => 0
            [153] => 0
            [154] => 1
            [155] => 0
            [156] => 0
            [157] => 39
            [158] => 0
            [159] => 0
            [160] => 0
            [161] => 0
            [162] => 0
            [163] => 0
            [164] => 1
            [165] => 0
            [166] => 0
            [167] => 179
            [168] => 0
            [169] => 0
            [170] => 0
            [171] => 0
            [172] => 0
            [173] => 0
            [174] => 1
            [175] => 1
            [176] => 1
            [177] => 0
            [178] => 117
            [179] => 0
            [180] => 0
            [181] => 0
            [182] => 0
            [183] => 0
            [184] => 1
            [185] => 0
            [186] => 0
            [187] => 38
            [188] => 0
            [189] => 1
            [190] => 0
            [191] => 0
            [192] => 0
            [193] => 0
            [194] => 1
            [195] => 1
            [196] => 1
            [197] => 16
            [198] => 0
            [199] => 1
            [200] => 0
            [201] => 0
            [202] => 0
            [203] => 0
            [204] => 0
            [205] => 0
            [206] => 0
            [207] => 39
            [208] => 0
            [209] => 1
            [210] => 0
            [211] => 1
            [212] => 0
            [213] => 0
            [214] => 1
            [215] => 0
            [216] => 0
            [217] => 117
            [218] => 0
            [219] => 1
            [220] => 0
            [221] => 1
            [222] => 0
            [223] => 0
            [224] => 1
            [225] => 0
            [226] => 0
            [227] => 77
            [228] => 0
            [229] => 1
            [230] => 0
            [231] => 0
            [232] => 0
            [233] => 0
            [234] => 1
            [235] => 1
            [236] => 1
            [237] => 0
            [238] => 77
            [239] => 0
            [240] => 0
            [241] => 0
            [242] => 1
            [243] => 1
            [244] => 0
            [245] => 0
            [246] => 0
            [247] => 0
            [248] => 0
            [249] => 58
            [250] => 0
            [251] => 0
            [252] => 1
            [253] => 1
            [254] => 0
            [255] => 0
            [256] => 0
            [257] => 0
            [258] => 0
            [259] => 38
            [260] => 0
            [261] => 1
            [262] => 0
            [263] => 0
            [264] => 1
            [265] => 0
            [266] => 0
            [267] => 57
            [268] => 0
            [269] => 1
        )

    [E] => 35308510
    [Cap] => 35338240
    [Tax] => 50
    [STABILITY_ORIGINAL_OBJECTIVE] => 920374.4255
    [STABILITY_SCORE] => 46
    [DELIVER] => Array
        (
            [0] => S5=>P13
            [1] => S8=>P13
            [2] => S10=>P13
            [3] => S5=>P14
            [4] => S8=>P14
            [5] => S10=>P14
            [6] => S5=>P15
            [7] => S8=>P15
            [8] => S5=>P16
            [9] => S8=>P16
            [10] => S5=>P17
            [11] => S6=>P17
            [12] => S7=>P17
            [13] => S9=>P17
            [14] => S5=>P18
            [15] => S8=>P18
            [16] => S10=>P18
            [17] => S5=>P19
            [18] => S6=>P19
            [19] => S7=>P19
            [20] => S8=>P19
            [21] => S10=>P19
            [22] => S8=>P20
            [23] => S10=>P20
            [24] => S2=>P21
            [25] => S5=>P21
            [26] => S8=>P21
            [27] => S10=>P21
            [28] => S2=>P22
            [29] => S5=>P22
            [30] => S8=>P22
            [31] => S10=>P22
            [32] => S5=>P23
            [33] => S6=>P23
            [34] => S7=>P23
            [35] => S9=>P23
            [36] => S3=>P24
            [37] => S4=>P24
            [38] => S10=>P24
            [39] => S3=>P25
            [40] => S4=>P25
            [41] => S10=>P25
            [42] => S2=>P26
            [43] => S5=>P26
            [44] => S8=>P26
            [45] => S10=>P26
        )

    [_raw_output] => 
<<< setup

0 0 -1 0 1 0,25 0,5 0,8 1 0 0 0 0 13
1 9 0 2500 1 0,25 0,5 0,8 1 0 7000 700 1500 13
2 4 1 900 1 0,25 0,5 0,8 1 0 3500 450 1500 13
3 8 1 890 1 0,25 0,5 0,8 1 0 5500 550 1500 13
4 5 1 910 1 0,25 0,5 0,8 1 0 2800 280 1500 13
5 2 1 860 2 0,25 0,5 0,8 1 0 2350 235 1500 13
6 8 2 880 3 0,25 0,5 0,8 1 0 2600 260 1500 13
7 3 2 800 2 0,25 0,5 0,8 1 0 2900 290 1500 13
8 6 2 780 1 0,25 0,5 0,8 1 0 1600 160 1500 13
9 5 3 790 2 0,25 0,5 0,8 1 0 1250 125 1500 13
10 9 3 750 3 0,25 0,5 0,8 1 0 1120 112 1500 13
11 2 4 690 2 0,25 0,5 0,8 1 0 1200 120 1500 13
12 1 4 660 3 0,25 0,5 0,8 1 0 1000 100 1500 13
13 3 5 600 8 0,25 0,5 0,5 1 0 1100 110 1500 13
14 1 5 640 6 0,25 0,5 0,5 1 0 1100 110 1500 13
15 9 5 700 2 0,25 0,5 0,5 1 0 1100 110 1500 13
16 9 6 660 9 0,25 0,5 0,5 1 0 2100 210 1500 13
17 3 6 580 6 0,25 0,5 0,5 1 0 2000 200 1500 13
18 7 7 550 2 0,25 0,5 0,5 1 0 2300 230 1500 13
19 2 8 570 1 0,25 0,5 0,5 1 0 1200 120 1500 13
20 9 8 600 2 0,25 0,5 0,5 1 0 1400 140 1500 13
21 2 9 540 6 0,25 0,5 0,5 1 0 1150 115 1500 13
22 6 9 510 4 0,25 0,5 0,5 1 0 1100 110 1500 13
23 3 9 590 4 0,25 0,5 0,5 1 0 1050 105 1500 13
24 6 10 400 3 0,25 0,5 0,5 1 0 950 95 1500 13
25 7 11 490 2 0,25 0,5 0,5 1 0 1000 100 1500 13
26 3 12 480 3 0,25 0,5 0,5 1 0 900 90 1500 13
Node nums: [0 1 2 3 4 5 6 7 8 9 10 11 12 13 14 15 16 17 18 19 20 21 22 23 24 25 26]
xx-Data uploaded-xx
	**** start init su array ...
0 [0 0 0 0 0 0 0 0 0 0]
1 [0 0 0 0 0 0 0 0 0 0]
2 [0 0 0 0 0 0 0 0 0 0]
3 [0 0 0 0 0 0 0 0 0 0]
4 [0 0 0 0 0 0 0 0 0 0]
5 [0 0 0 0 0 0 0 0 0 0]
6 [0 0 0 0 0 0 0 0 0 0]
7 [0 0 0 0 0 0 0 0 0 0]
8 [0 0 0 0 0 0 0 0 0 0]
9 [0 0 0 0 0 0 0 0 0 0]
10 [0 0 0 0 0 0 0 0 0 0]
11 [0 0 0 0 0 0 0 0 0 0]
12 [0 0 0 0 0 0 0 0 0 0]
13 [1 1 1 1 1 1 1 1 1 1]
14 [1 1 1 1 1 1 1 1 1 1]
15 [1 1 1 1 1 1 1 1 1 1]
16 [1 1 1 1 1 1 1 1 1 1]
17 [1 1 1 1 1 1 1 1 1 1]
18 [1 1 1 1 1 1 1 1 1 1]
19 [1 1 1 1 1 1 1 1 1 1]
20 [1 1 1 1 1 1 1 1 1 1]
21 [1 1 1 1 1 1 1 1 1 1]
22 [1 1 1 1 1 1 1 1 1 1]
23 [1 1 1 1 1 1 1 1 1 1]
24 [1 1 1 1 1 1 1 1 1 1]
25 [1 1 1 1 1 1 1 1 1 1]
26 [1 1 1 1 1 1 1 1 1 1]
	**** end init su array ...
1 2 1 700 80 0.85 0.92 0.8 (9)9
2 2 0.9 800 75 0.82 0.90 0.9 (9)9
3 1 1.1 680 90 0.88 0.95 0.5 (9)9
4 1 1 480 100 0.86 0.93 0.6 (9)9
5 5 0.6 550 40 0.72 0.78 1.5 (9)9
6 6 0.5 650 45 0.70 0.75 2.0 (9)9
7 7 0.5 1100 40 0.68 0.72 2.5 (9)9
8 5 0.3 700 30 0.65 0.70 1.8 (9)9
9 9 0.2 1700 15 0.60 0.65 3.5 (9)9
10 1 0.8 5800 40 0.80 0.88 0.7 (9)9

<<< generate

Version identifier: 20.1.0.0 | 2020-11-10 | 9bedb6d68
CPXPARAM_TimeLimit                               300
Tried aggregator 2 times.
MIP Presolve eliminated 5570 rows and 793 columns.
MIP Presolve modified 1099 coefficients.
Aggregator did 142 substitutions.
Reduced MIP has 970 rows, 496 columns, and 2908 nonzeros.
Reduced MIP has 165 binaries, 331 generals, 0 SOSs, and 0 indicators.
Presolve time = 0,02 sec. (7,26 ticks)
Probing fixed 0 vars, tightened 329 bounds.
Probing time = 0,00 sec. (1,28 ticks)
Cover probing fixed 0 vars, tightened 14 bounds.
Tried aggregator 1 time.
Detecting symmetries...
MIP Presolve eliminated 42 rows and 0 columns.
MIP Presolve modified 656 coefficients.
Reduced MIP has 928 rows, 496 columns, and 2824 nonzeros.
Reduced MIP has 165 binaries, 331 generals, 0 SOSs, and 0 indicators.
Presolve time = 0,00 sec. (2,04 ticks)
Probing fixed 0 vars, tightened 20 bounds.
Probing time = 0,00 sec. (0,74 ticks)
MIP emphasis: balance optimality and feasibility.
MIP search method: dynamic search.
Parallel mode: deterministic, using up to 20 threads.
Root relaxation solution time = 0,00 sec. (6,44 ticks)

        Nodes                                         Cuts/
   Node  Left     Objective  IInf  Best Integer    Best Bound    ItCnt     Gap

      0     0     -133,9753   124                   -133,9753      245         
      0     0     -127,2260   125                    Cuts: 81      309         
      0     0     -126,3721   112                    Cuts: 31      338         
      0     0     -126,1163   141                    Cuts: 27      370         
      0     0     -125,8377   164                    Cuts: 25      395         
      0     0     -125,4903   151                    Cuts: 18      415         
Detecting symmetries...
      0     0     -125,1362   155                    Cuts: 29      442         
      0     0     -124,8660   179                    Cuts: 32      467         
      0     0     -124,7752   161                    Cuts: 30      488         
      0     0     -124,7177   157                    Cuts: 23      501         
      0     0     -124,5660   179                    Cuts: 21      529         
      0     0     -124,3418   157                    Cuts: 20      557         
      0     0     -124,1973   170                    Cuts: 26      582         
      0     0     -124,0094   147                    Cuts: 22      603         
      0     0     -123,8550   157                    Cuts: 16      620         
      0     0     -123,7772   183                    Cuts: 16      632         
      0     0     -123,7272   171                    Cuts: 13      643         
      0     0     -123,7081   177                    Cuts: 17      659         
      0     0     -123,5989   167                    Cuts: 12      692         
      0     0     -123,5667   167                    Cuts: 14      709         
      0     0     -123,4587   181                    Cuts: 19      733         
      0     0     -123,3810   169                    Cuts: 14      751         
      0     0     -123,2102   185                    Cuts: 16      767         
      0     0     -123,1361   185                    Cuts: 10      787         
      0     0     -123,0489   163                     Cuts: 7      803         
      0     0     -122,9460   160                    Cuts: 16      818         
      0     0     -122,9002   165                    Cuts: 19      829         
      0     0     -122,8600   179                    Cuts: 13      855         
      0     0     -122,8090   177                    Cuts: 13      871         
      0     0     -122,7807   169                    Cuts: 17      886         
Detecting symmetries...
      0     2     -122,7807   169                   -122,7807      886         
Elapsed time = 0,30 sec. (255,71 ticks, tree = 0,02 MB, solutions = 0)
*  1681+  935                          -38,0000     -118,9765           213,10%
   2152   844    infeasible            -38,0000     -116,9581    85815  207,78%
*  5448+ 1604                          -40,0000     -104,3085           160,77%
*  6577+ 1963                          -41,0000      -99,3966           142,43%
*  7215+ 2314                          -45,0000      -98,4272           118,73%
*  7233+ 2311                          -46,0000      -98,4272           113,97%
   7265  2282      -62,8039    96      -46,0000      -98,4272   159046  113,97%

Performing restart 1

Repeating presolve.
Tried aggregator 1 time.
MIP Presolve modified 53 coefficients.
Reduced MIP has 928 rows, 496 columns, and 2824 nonzeros.
Reduced MIP has 165 binaries, 331 generals, 0 SOSs, and 0 indicators.
Presolve time = 0,00 sec. (1,51 ticks)
Tried aggregator 1 time.
MIP Presolve modified 4 coefficients.
Reduced MIP has 928 rows, 496 columns, and 2824 nonzeros.
Reduced MIP has 165 binaries, 331 generals, 0 SOSs, and 0 indicators.
Presolve time = 0,00 sec. (2,01 ticks)
Represolve time = 0,02 sec. (7,65 ticks)
   7279     0     -118,1408   191      -46,0000     Cuts: 168   172151  107,34%
   7279     0     -116,2104   180      -46,0000     Cuts: 143   172256  107,34%
   7279     0     -115,2792   176      -46,0000     Cuts: 107   172331  107,34%
   7279     0     -114,0602   183      -46,0000      Cuts: 92   172404  107,34%
   7279     0     -112,9008   164      -46,0000     Cuts: 110   172492  107,34%
   7279     0     -112,3479   200      -46,0000      Cuts: 94   172563  107,34%
   7279     0     -112,0770   183      -46,0000      Cuts: 83   172607  107,34%
   7279     0     -111,6571   182      -46,0000      Cuts: 83   172665  107,34%
   7279     0     -111,2726   188      -46,0000      Cuts: 80   172730  107,34%
   7279     2     -111,2726   188      -46,0000      -95,3748   172730  107,34%
   7724   222      -51,8729    46      -46,0000      -87,7154   180093   90,69%
  13357  2298      -53,7840    78      -46,0000      -65,6520   246695   42,72%

Implied bound cuts applied:  10
Flow cuts applied:  31
Mixed integer rounding cuts applied:  122
Zero-half cuts applied:  18
Lift and project cuts applied:  33
Gomory fractional cuts applied:  12

Root node processing (before b&c):
  Real time             =    0,30 sec. (255,23 ticks)
Parallel b&c, 20 threads:
  Real time             =    1,89 sec. (1675,46 ticks)
  Sync time (average)   =    0,51 sec.
  Wait time (average)   =    0,00 sec.
                          ------------
Total (root+branch&cut) =    2,19 sec. (1930,69 ticks)

<<< solve


OBJECTIVE: -46
xxxx
#Result <fct_obj, tot_cst, tot_ldt, Emiss>: <-46 9.2001e+5 368 3.5309e+7>#TS:920006.4255#CS:918241#TaxCost:1765.4255#A:[0,35,26,25,15,16,22,15,20,17,16,10,9,8,6,14,14,12,12,9,14,7,11,12,7,8,8]#X:[0,1,0,0,0,0,0,0,0,0,0,0,0,0,0,0,0,0,0,0,0,0,0,0,0,0,0]#Z:[0,0,0,0,0,0,0,0,0,0,0,0,0,0,0,0,0,0,0,0,0,0,0,0,0,0,0,0,0,0,0,0,0,0,0,0,0,0,0,0,0,0,0,0,0,0,0,0,0,0,0,0,0,0,0,0,0,0,0,0,0,0,0,0,0,0,0,0,0,0,0,0,0,0,0,0,0,0,0,0,0,0,0,0,0,0,0,0,0,0,0,0,0,0,0,0,0,0,0,0,0,0,0,0,0,0,0,0,0,0,0,0,0,0,0,0,0,0,0,0,0,0,0,0,0,0,0,0,0,0,0,0,0,0,1,0,0,1,0,1,0,0,0,0,1,0,0,1,0,1,0,0,0,0,1,0,0,1,0,0,0,0,0,0,1,0,0,1,0,0,0,0,0,0,1,1,1,0,1,0,0,0,0,0,1,0,0,1,0,1,0,0,0,0,1,1,1,1,0,1,0,0,0,0,0,0,0,1,0,1,0,1,0,0,1,0,0,1,0,1,0,1,0,0,1,0,0,1,0,1,0,0,0,0,1,1,1,0,1,0,0,0,1,1,0,0,0,0,0,1,0,0,1,1,0,0,0,0,0,1,0,1,0,0,1,0,0,1,0,1]#Q:[0,0,0,0,0,0,0,0,0,0,0,0,0,0,0,0,0,0,0,0,0,0,0,0,0,0,0,0,0,0,0,0,0,0,0,0,0,0,0,0,0,0,0,0,0,0,0,0,0,0,0,0,0,0,0,0,0,0,0,0,0,0,0,0,0,0,0,0,0,0,0,0,0,0,0,0,0,0,0,0,0,0,0,0,0,0,0,0,0,0,0,0,0,0,0,0,0,0,0,0,0,0,0,0,0,0,0,0,0,0,0,0,0,0,0,0,0,0,0,0,0,0,0,0,0,0,0,0,0,0,0,0,0,0,1,0,0,158,0,1,0,0,0,0,1,0,0,118,0,1,0,0,0,0,1,0,0,39,0,0,0,0,0,0,1,0,0,179,0,0,0,0,0,0,1,1,1,0,117,0,0,0,0,0,1,0,0,38,0,1,0,0,0,0,1,1,1,16,0,1,0,0,0,0,0,0,0,39,0,1,0,1,0,0,1,0,0,117,0,1,0,1,0,0,1,0,0,77,0,1,0,0,0,0,1,1,1,0,77,0,0,0,1,1,0,0,0,0,0,58,0,0,1,1,0,0,0,0,0,38,0,1,0,0,1,0,0,57,0,1]#E: 35308510#Cap: 35338240#Tax: 50#STABILITY_ORIGINAL_OBJECTIVE:920374.4255#STABILITY_SCORE:46#DELIVER:
S5=>P13
S8=>P13
S10=>P13
S5=>P14
S8=>P14
S10=>P14
S5=>P15
S8=>P15
S5=>P16
S8=>P16
S5=>P17
S6=>P17
S7=>P17
S9=>P17
S5=>P18
S8=>P18
S10=>P18
S5=>P19
S6=>P19
S7=>P19
S8=>P19
S10=>P19
S8=>P20
S10=>P20
S2=>P21
S5=>P21
S8=>P21
S10=>P21
S2=>P22
S5=>P22
S8=>P22
S10=>P22
S5=>P23
S6=>P23
S7=>P23
S9=>P23
S3=>P24
S4=>P24
S10=>P24
S3=>P25
S4=>P25
S10=>P25
S2=>P26
S5=>P26
S8=>P26
S10=>P26
xxxx

<<< post process


<<< done


)
