Array
(
    [CplexRunTime] => Total (root+branch&cut) =    5,09 sec
    [status] => INFEASIBLE
    [termination_reason] => INFEASIBLE
    [mip_gap] => 
    [Result] => Array
        (
            [Objective] => -43
            [TotalCost] => 1021300
            [LeadTime] => 310
            [Emissions] => 29042000
        )

    [TS] => 1021279.1955
    [CS] => 1018375
    [TaxCost] => 2904.1955
    [A] => Array
        (
            [0] => 0
            [1] => 33
            [2] => 24
            [3] => 24
            [4] => 15
            [5] => 12
            [6] => 18
            [7] => 11
            [8] => 20
            [9] => 13
            [10] => 16
            [11] => 10
            [12] => 5
            [13] => 8
            [14] => 6
            [15] => 10
            [16] => 10
            [17] => 8
            [18] => 8
            [19] => 4
            [20] => 14
            [21] => 7
            [22] => 7
            [23] => 8
            [24] => 7
            [25] => 8
            [26] => 4
        )

    [X] => Array
        (
            [0] => 0
            [1] => 1
            [2] => 0
            [3] => 0
            [4] => 0
            [5] => 0
            [6] => 0
            [7] => 0
            [8] => 0
            [9] => 0
            [10] => 0
            [11] => 0
            [12] => 0
            [13] => 0
            [14] => 0
            [15] => 0
            [16] => 0
            [17] => 0
            [18] => 0
            [19] => 0
            [20] => 0
            [21] => 0
            [22] => 0
            [23] => 0
            [24] => 0
            [25] => 0
            [26] => 0
        )

    [Z] => Array
        (
            [0] => 0
            [1] => 0
            [2] => 0
            [3] => 0
            [4] => 0
            [5] => 0
            [6] => 0
            [7] => 0
            [8] => 0
            [9] => 0
            [10] => 0
            [11] => 0
            [12] => 0
            [13] => 0
            [14] => 0
            [15] => 0
            [16] => 0
            [17] => 0
            [18] => 0
            [19] => 0
            [20] => 0
            [21] => 0
            [22] => 0
            [23] => 0
            [24] => 0
            [25] => 0
            [26] => 0
            [27] => 0
            [28] => 0
            [29] => 0
            [30] => 0
            [31] => 0
            [32] => 0
            [33] => 0
            [34] => 0
            [35] => 0
            [36] => 0
            [37] => 0
            [38] => 0
            [39] => 0
            [40] => 0
            [41] => 0
            [42] => 0
            [43] => 0
            [44] => 0
            [45] => 0
            [46] => 0
            [47] => 0
            [48] => 0
            [49] => 0
            [50] => 0
            [51] => 0
            [52] => 0
            [53] => 0
            [54] => 0
            [55] => 0
            [56] => 0
            [57] => 0
            [58] => 0
            [59] => 0
            [60] => 0
            [61] => 0
            [62] => 0
            [63] => 0
            [64] => 0
            [65] => 0
            [66] => 0
            [67] => 0
            [68] => 0
            [69] => 0
            [70] => 0
            [71] => 0
            [72] => 0
            [73] => 0
            [74] => 0
            [75] => 0
            [76] => 0
            [77] => 0
            [78] => 0
            [79] => 0
            [80] => 0
            [81] => 0
            [82] => 0
            [83] => 0
            [84] => 0
            [85] => 0
            [86] => 0
            [87] => 0
            [88] => 0
            [89] => 0
            [90] => 0
            [91] => 0
            [92] => 0
            [93] => 0
            [94] => 0
            [95] => 0
            [96] => 0
            [97] => 0
            [98] => 0
            [99] => 0
            [100] => 0
            [101] => 0
            [102] => 0
            [103] => 0
            [104] => 0
            [105] => 0
            [106] => 0
            [107] => 0
            [108] => 0
            [109] => 0
            [110] => 0
            [111] => 0
            [112] => 0
            [113] => 0
            [114] => 0
            [115] => 0
            [116] => 0
            [117] => 0
            [118] => 0
            [119] => 0
            [120] => 0
            [121] => 0
            [122] => 0
            [123] => 0
            [124] => 0
            [125] => 0
            [126] => 0
            [127] => 0
            [128] => 0
            [129] => 0
            [130] => 1
            [131] => 1
            [132] => 0
            [133] => 0
            [134] => 1
            [135] => 0
            [136] => 0
            [137] => 1
            [138] => 0
            [139] => 1
            [140] => 0
            [141] => 1
            [142] => 0
            [143] => 0
            [144] => 1
            [145] => 0
            [146] => 0
            [147] => 1
            [148] => 0
            [149] => 1
            [150] => 0
            [151] => 0
            [152] => 1
            [153] => 1
            [154] => 0
            [155] => 0
            [156] => 0
            [157] => 0
            [158] => 0
            [159] => 1
            [160] => 0
            [161] => 0
            [162] => 1
            [163] => 1
            [164] => 0
            [165] => 0
            [166] => 0
            [167] => 0
            [168] => 0
            [169] => 1
            [170] => 1
            [171] => 1
            [172] => 0
            [173] => 1
            [174] => 1
            [175] => 0
            [176] => 0
            [177] => 1
            [178] => 0
            [179] => 1
            [180] => 0
            [181] => 0
            [182] => 1
            [183] => 1
            [184] => 0
            [185] => 0
            [186] => 0
            [187] => 0
            [188] => 0
            [189] => 1
            [190] => 1
            [191] => 1
            [192] => 1
            [193] => 1
            [194] => 0
            [195] => 0
            [196] => 0
            [197] => 0
            [198] => 0
            [199] => 1
            [200] => 0
            [201] => 1
            [202] => 0
            [203] => 0
            [204] => 1
            [205] => 0
            [206] => 0
            [207] => 1
            [208] => 0
            [209] => 1
            [210] => 1
            [211] => 1
            [212] => 0
            [213] => 1
            [214] => 1
            [215] => 0
            [216] => 0
            [217] => 1
            [218] => 0
            [219] => 1
            [220] => 0
            [221] => 0
            [222] => 1
            [223] => 1
            [224] => 0
            [225] => 0
            [226] => 0
            [227] => 0
            [228] => 0
            [229] => 1
            [230] => 1
            [231] => 1
            [232] => 0
            [233] => 1
            [234] => 1
            [235] => 0
            [236] => 0
            [237] => 1
            [238] => 0
            [239] => 1
            [240] => 0
            [241] => 0
            [242] => 1
            [243] => 1
            [244] => 0
            [245] => 0
            [246] => 0
            [247] => 0
            [248] => 0
            [249] => 1
            [250] => 0
            [251] => 0
            [252] => 1
            [253] => 1
            [254] => 0
            [255] => 0
            [256] => 0
            [257] => 0
            [258] => 0
            [259] => 1
            [260] => 0
            [261] => 0
            [262] => 1
            [263] => 1
            [264] => 0
            [265] => 0
            [266] => 0
            [267] => 0
            [268] => 0
            [269] => 1
        )

    [Q] => Array
        (
            [0] => 0
            [1] => 0
            [2] => 0
            [3] => 0
            [4] => 0
            [5] => 0
            [6] => 0
            [7] => 0
            [8] => 0
            [9] => 0
            [10] => 0
            [11] => 0
            [12] => 0
            [13] => 0
            [14] => 0
            [15] => 0
            [16] => 0
            [17] => 0
            [18] => 0
            [19] => 0
            [20] => 0
            [21] => 0
            [22] => 0
            [23] => 0
            [24] => 0
            [25] => 0
            [26] => 0
            [27] => 0
            [28] => 0
            [29] => 0
            [30] => 0
            [31] => 0
            [32] => 0
            [33] => 0
            [34] => 0
            [35] => 0
            [36] => 0
            [37] => 0
            [38] => 0
            [39] => 0
            [40] => 0
            [41] => 0
            [42] => 0
            [43] => 0
            [44] => 0
            [45] => 0
            [46] => 0
            [47] => 0
            [48] => 0
            [49] => 0
            [50] => 0
            [51] => 0
            [52] => 0
            [53] => 0
            [54] => 0
            [55] => 0
            [56] => 0
            [57] => 0
            [58] => 0
            [59] => 0
            [60] => 0
            [61] => 0
            [62] => 0
            [63] => 0
            [64] => 0
            [65] => 0
            [66] => 0
            [67] => 0
            [68] => 0
            [69] => 0
            [70] => 0
            [71] => 0
            [72] => 0
            [73] => 0
            [74] => 0
            [75] => 0
            [76] => 0
            [77] => 0
            [78] => 0
            [79] => 0
            [80] => 0
            [81] => 0
            [82] => 0
            [83] => 0
            [84] => 0
            [85] => 0
            [86] => 0
            [87] => 0
            [88] => 0
            [89] => 0
            [90] => 0
            [91] => 0
            [92] => 0
            [93] => 0
            [94] => 0
            [95] => 0
            [96] => 0
            [97] => 0
            [98] => 0
            [99] => 0
            [100] => 0
            [101] => 0
            [102] => 0
            [103] => 0
            [104] => 0
            [105] => 0
            [106] => 0
            [107] => 0
            [108] => 0
            [109] => 0
            [110] => 0
            [111] => 0
            [112] => 0
            [113] => 0
            [114] => 0
            [115] => 0
            [116] => 0
            [117] => 0
            [118] => 0
            [119] => 0
            [120] => 0
            [121] => 0
            [122] => 0
            [123] => 0
            [124] => 0
            [125] => 0
            [126] => 0
            [127] => 0
            [128] => 0
            [129] => 0
            [130] => 1
            [131] => 1
            [132] => 0
            [133] => 0
            [134] => 1
            [135] => 0
            [136] => 0
            [137] => 156
            [138] => 0
            [139] => 1
            [140] => 0
            [141] => 1
            [142] => 0
            [143] => 0
            [144] => 1
            [145] => 0
            [146] => 0
            [147] => 117
            [148] => 0
            [149] => 1
            [150] => 0
            [151] => 0
            [152] => 1
            [153] => 1
            [154] => 0
            [155] => 0
            [156] => 0
            [157] => 0
            [158] => 0
            [159] => 38
            [160] => 0
            [161] => 0
            [162] => 1
            [163] => 1
            [164] => 0
            [165] => 0
            [166] => 0
            [167] => 0
            [168] => 0
            [169] => 178
            [170] => 1
            [171] => 1
            [172] => 0
            [173] => 1
            [174] => 1
            [175] => 0
            [176] => 0
            [177] => 115
            [178] => 0
            [179] => 1
            [180] => 0
            [181] => 0
            [182] => 1
            [183] => 1
            [184] => 0
            [185] => 0
            [186] => 0
            [187] => 0
            [188] => 0
            [189] => 38
            [190] => 1
            [191] => 1
            [192] => 1
            [193] => 1
            [194] => 0
            [195] => 0
            [196] => 0
            [197] => 0
            [198] => 0
            [199] => 16
            [200] => 0
            [201] => 1
            [202] => 0
            [203] => 0
            [204] => 1
            [205] => 0
            [206] => 0
            [207] => 37
            [208] => 0
            [209] => 1
            [210] => 1
            [211] => 1
            [212] => 0
            [213] => 1
            [214] => 1
            [215] => 0
            [216] => 0
            [217] => 115
            [218] => 0
            [219] => 1
            [220] => 0
            [221] => 0
            [222] => 1
            [223] => 1
            [224] => 0
            [225] => 0
            [226] => 0
            [227] => 0
            [228] => 0
            [229] => 78
            [230] => 1
            [231] => 1
            [232] => 0
            [233] => 1
            [234] => 1
            [235] => 0
            [236] => 0
            [237] => 75
            [238] => 0
            [239] => 1
            [240] => 0
            [241] => 0
            [242] => 1
            [243] => 1
            [244] => 0
            [245] => 0
            [246] => 0
            [247] => 0
            [248] => 0
            [249] => 58
            [250] => 0
            [251] => 0
            [252] => 1
            [253] => 1
            [254] => 0
            [255] => 0
            [256] => 0
            [257] => 0
            [258] => 0
            [259] => 38
            [260] => 0
            [261] => 0
            [262] => 1
            [263] => 1
            [264] => 0
            [265] => 0
            [266] => 0
            [267] => 0
            [268] => 0
            [269] => 58
        )

    [E] => 29041955
    [Cap] => 29102080
    [Tax] => 100
    [STABILITY_ORIGINAL_OBJECTIVE] => 1021589.1955
    [STABILITY_SCORE] => 43
    [DELIVER] => Array
        (
            [0] => S1=>P13
            [1] => S2=>P13
            [2] => S5=>P13
            [3] => S8=>P13
            [4] => S10=>P13
            [5] => S2=>P14
            [6] => S5=>P14
            [7] => S8=>P14
            [8] => S10=>P14
            [9] => S3=>P15
            [10] => S4=>P15
            [11] => S10=>P15
            [12] => S3=>P16
            [13] => S4=>P16
            [14] => S10=>P16
            [15] => S1=>P17
            [16] => S2=>P17
            [17] => S4=>P17
            [18] => S5=>P17
            [19] => S8=>P17
            [20] => S10=>P17
            [21] => S3=>P18
            [22] => S4=>P18
            [23] => S10=>P18
            [24] => S1=>P19
            [25] => S2=>P19
            [26] => S3=>P19
            [27] => S4=>P19
            [28] => S10=>P19
            [29] => S2=>P20
            [30] => S5=>P20
            [31] => S8=>P20
            [32] => S10=>P20
            [33] => S1=>P21
            [34] => S2=>P21
            [35] => S4=>P21
            [36] => S5=>P21
            [37] => S8=>P21
            [38] => S10=>P21
            [39] => S3=>P22
            [40] => S4=>P22
            [41] => S10=>P22
            [42] => S1=>P23
            [43] => S2=>P23
            [44] => S4=>P23
            [45] => S5=>P23
            [46] => S8=>P23
            [47] => S10=>P23
            [48] => S3=>P24
            [49] => S4=>P24
            [50] => S10=>P24
            [51] => S3=>P25
            [52] => S4=>P25
            [53] => S10=>P25
            [54] => S3=>P26
            [55] => S4=>P26
            [56] => S10=>P26
        )

    [_raw_output] => 
<<< setup

0 0 -1 0 1 0,25 0,5 0,8 1 0 0 0 0 13
1 9 0 2500 1 0,25 0,5 0,8 1 0 7000 700 1500 13
2 4 1 900 1 0,25 0,5 0,8 1 0 3500 450 1500 13
3 8 1 890 1 0,25 0,5 0,8 1 0 5500 550 1500 13
4 5 1 910 1 0,25 0,5 0,8 1 0 2800 280 1500 13
5 2 1 860 2 0,25 0,5 0,8 1 0 2350 235 1500 13
6 8 2 880 3 0,25 0,5 0,8 1 0 2600 260 1500 13
7 3 2 800 2 0,25 0,5 0,8 1 0 2900 290 1500 13
8 6 2 780 1 0,25 0,5 0,8 1 0 1600 160 1500 13
9 5 3 790 2 0,25 0,5 0,8 1 0 1250 125 1500 13
10 9 3 750 3 0,25 0,5 0,8 1 0 1120 112 1500 13
11 2 4 690 2 0,25 0,5 0,8 1 0 1200 120 1500 13
12 1 4 660 3 0,25 0,5 0,8 1 0 1000 100 1500 13
13 3 5 600 8 0,25 0,5 0,5 1 0 1100 110 1500 13
14 1 5 640 6 0,25 0,5 0,5 1 0 1100 110 1500 13
15 9 5 700 2 0,25 0,5 0,5 1 0 1100 110 1500 13
16 9 6 660 9 0,25 0,5 0,5 1 0 2100 210 1500 13
17 3 6 580 6 0,25 0,5 0,5 1 0 2000 200 1500 13
18 7 7 550 2 0,25 0,5 0,5 1 0 2300 230 1500 13
19 2 8 570 1 0,25 0,5 0,5 1 0 1200 120 1500 13
20 9 8 600 2 0,25 0,5 0,5 1 0 1400 140 1500 13
21 2 9 540 6 0,25 0,5 0,5 1 0 1150 115 1500 13
22 6 9 510 4 0,25 0,5 0,5 1 0 1100 110 1500 13
23 3 9 590 4 0,25 0,5 0,5 1 0 1050 105 1500 13
24 6 10 400 3 0,25 0,5 0,5 1 0 950 95 1500 13
25 7 11 490 2 0,25 0,5 0,5 1 0 1000 100 1500 13
26 3 12 480 3 0,25 0,5 0,5 1 0 900 90 1500 13
Node nums: [0 1 2 3 4 5 6 7 8 9 10 11 12 13 14 15 16 17 18 19 20 21 22 23 24 25 26]
xx-Data uploaded-xx
	**** start init su array ...
0 [0 0 0 0 0 0 0 0 0 0]
1 [0 0 0 0 0 0 0 0 0 0]
2 [0 0 0 0 0 0 0 0 0 0]
3 [0 0 0 0 0 0 0 0 0 0]
4 [0 0 0 0 0 0 0 0 0 0]
5 [0 0 0 0 0 0 0 0 0 0]
6 [0 0 0 0 0 0 0 0 0 0]
7 [0 0 0 0 0 0 0 0 0 0]
8 [0 0 0 0 0 0 0 0 0 0]
9 [0 0 0 0 0 0 0 0 0 0]
10 [0 0 0 0 0 0 0 0 0 0]
11 [0 0 0 0 0 0 0 0 0 0]
12 [0 0 0 0 0 0 0 0 0 0]
13 [1 1 1 1 1 1 1 1 1 1]
14 [1 1 1 1 1 1 1 1 1 1]
15 [1 1 1 1 1 1 1 1 1 1]
16 [1 1 1 1 1 1 1 1 1 1]
17 [1 1 1 1 1 1 1 1 1 1]
18 [1 1 1 1 1 1 1 1 1 1]
19 [1 1 1 1 1 1 1 1 1 1]
20 [1 1 1 1 1 1 1 1 1 1]
21 [1 1 1 1 1 1 1 1 1 1]
22 [1 1 1 1 1 1 1 1 1 1]
23 [1 1 1 1 1 1 1 1 1 1]
24 [1 1 1 1 1 1 1 1 1 1]
25 [1 1 1 1 1 1 1 1 1 1]
26 [1 1 1 1 1 1 1 1 1 1]
	**** end init su array ...
1 2 1 700 80 0.85 0.92 0.8 (9)9
2 2 0.9 800 75 0.82 0.90 0.9 (9)9
3 1 1.1 680 90 0.88 0.95 0.5 (9)9
4 1 1 480 100 0.86 0.93 0.6 (9)9
5 5 0.6 550 40 0.72 0.78 1.5 (9)9
6 6 0.5 650 45 0.70 0.75 2.0 (9)9
7 7 0.5 1100 40 0.68 0.72 2.5 (9)9
8 5 0.3 700 30 0.65 0.70 1.8 (9)9
9 9 0.2 1700 15 0.60 0.65 3.5 (9)9
10 1 0.8 5800 40 0.80 0.88 0.7 (9)9

<<< generate

Version identifier: 20.1.0.0 | 2020-11-10 | 9bedb6d68
CPXPARAM_TimeLimit                               300
Tried aggregator 2 times.
MIP Presolve eliminated 5570 rows and 793 columns.
MIP Presolve modified 1064 coefficients.
Aggregator did 142 substitutions.
Reduced MIP has 970 rows, 496 columns, and 2908 nonzeros.
Reduced MIP has 165 binaries, 331 generals, 0 SOSs, and 0 indicators.
Presolve time = 0,00 sec. (7,27 ticks)
Probing fixed 0 vars, tightened 293 bounds.
Probing time = 0,00 sec. (1,40 ticks)
Cover probing fixed 0 vars, tightened 14 bounds.
Tried aggregator 1 time.
Detecting symmetries...
MIP Presolve eliminated 42 rows and 0 columns.
MIP Presolve modified 593 coefficients.
Reduced MIP has 928 rows, 496 columns, and 2824 nonzeros.
Reduced MIP has 165 binaries, 331 generals, 0 SOSs, and 0 indicators.
Presolve time = 0,00 sec. (2,04 ticks)
Probing fixed 0 vars, tightened 20 bounds.
Probing time = 0,00 sec. (0,72 ticks)
MIP emphasis: balance optimality and feasibility.
MIP search method: dynamic search.
Parallel mode: deterministic, using up to 20 threads.
Root relaxation solution time = 0,00 sec. (6,25 ticks)

        Nodes                                         Cuts/
   Node  Left     Objective  IInf  Best Integer    Best Bound    ItCnt     Gap

      0     0     -128,1320   137                   -128,1320      272         
      0     0     -116,7412   174                   Cuts: 153      384         
      0     0     -111,9544   209                    Cuts: 74      460         
      0     0     -111,4939   224                    Cuts: 40      486         
      0     0     -111,0940   226                    Cuts: 28      519         
      0     0     -110,3441   207                    Cuts: 31      550         
Detecting symmetries...
      0     0     -110,1929   214                    Cuts: 43      574         
      0     0     -109,9993   224                    Cuts: 27      599         
      0     0     -109,8291   235                    Cuts: 36      629         
      0     0     -109,5196   223                    Cuts: 27      651         
      0     0     -109,3770   236                    Cuts: 25      687         
      0     0     -109,0507   252                    Cuts: 37      721         
      0     0     -108,8819   226                    Cuts: 25      757         
      0     0     -108,6184   231                    Cuts: 35      794         
      0     0     -108,3026   222                    Cuts: 27      834         
      0     0     -108,0657   243                    Cuts: 49      879         
      0     0     -107,9661   235                    Cuts: 22      909         
      0     0     -107,8813   226                    Cuts: 25      937         
      0     0     -107,7287   243                    Cuts: 38      980         
      0     0     -107,5755   255                    Cuts: 22     1002         
      0     0     -107,5101   257                    Cuts: 20     1023         
      0     0     -107,4686   254                    Cuts: 11     1041         
      0     0     -107,4201   230                    Cuts: 11     1058         
      0     0     -107,4044   239                    Cuts: 15     1068         
      0     0     -107,3558   235                     Cuts: 9     1079         
      0     0     -107,3463   234                    Cuts: 21     1093         
Detecting symmetries...
      0     2     -107,3463   234                   -107,3463     1093         
Elapsed time = 0,38 sec. (320,45 ticks, tree = 0,02 MB, solutions = 0)
   2387  1360    infeasible                         -103,2517    75723         
   4430  2245    infeasible                         -101,1574   178341         
   5846  2562      -51,3538   113                    -98,9605   281413         
   7435  2612      -82,2400   101                    -96,1096   398931         
* 10244+ 3551                          -14,0000      -93,0759           564,83%
  10353  3645    infeasible            -14,0000      -92,4605   497789  560,43%

Performing restart 1

Repeating presolve.
Tried aggregator 1 time.
MIP Presolve modified 49 coefficients.
Reduced MIP has 928 rows, 496 columns, and 2824 nonzeros.
Reduced MIP has 165 binaries, 331 generals, 0 SOSs, and 0 indicators.
Presolve time = 0,00 sec. (1,51 ticks)
Tried aggregator 1 time.
MIP Presolve modified 4 coefficients.
Reduced MIP has 928 rows, 496 columns, and 2824 nonzeros.
Reduced MIP has 165 binaries, 331 generals, 0 SOSs, and 0 indicators.
Presolve time = 0,00 sec. (2,02 ticks)
Represolve time = 0,02 sec. (9,36 ticks)
* 11825+    0                          -25,0000      -91,2901           265,16%
  11825     0     -103,6059   231      -25,0000     Cuts: 218   566981  265,16%
  11825     0     -100,8927   230      -25,0000     Cuts: 144   567105  265,16%
  11825     0      -98,6964   234      -25,0000     Cuts: 157   567231  265,16%
  11825     0      -97,3102   223      -25,0000     Cuts: 134   567322  265,16%
  11825     0      -96,0034   240      -25,0000     Cuts: 141   567421  265,16%
  11825     0      -94,6886   218      -25,0000     Cuts: 160   567517  265,16%
  11825     0      -93,3277   213      -25,0000     Cuts: 137   567614  265,16%
  11825     0      -92,2627   210      -25,0000     Cuts: 173   567711  265,16%
  11825     0      -91,4273   214      -25,0000     Cuts: 132   567808  265,16%
  11825     0      -90,2955   231      -25,0000     Cuts: 112   567918  261,18%
  11825     0      -88,9431   231      -25,0000     Cuts: 106   568005  255,77%
  11825     0      -87,9866   242      -25,0000     Cuts: 116   568104  251,95%
  11825     0      -86,9726   246      -25,0000     Cuts: 133   568211  247,89%
  11825     0      -86,0681   237      -25,0000     Cuts: 102   568293  244,27%
  11825     0      -85,7537   245      -25,0000      Cuts: 96   568368  243,01%
  11825     0      -85,4044   225      -25,0000      Cuts: 96   568438  241,62%
  11825     0      -84,9781   236      -25,0000      Cuts: 70   568498  239,91%
  11825     0      -84,6577   242      -25,0000      Cuts: 97   568577  238,63%
  11825     0      -84,3981   249      -25,0000      Cuts: 65   568639  237,59%
  11825     0      -84,0969   243      -25,0000      Cuts: 83   568697  236,39%
  11825     0      -83,8731   239      -25,0000      Cuts: 57   568748  235,49%
  11825     0      -83,6084   233      -25,0000      Cuts: 51   568806  234,43%
  11825     0      -83,4397   232      -25,0000      Cuts: 46   568852  233,76%
  11825     0      -83,1859   225      -25,0000      Cuts: 76   568898  232,74%
  11825     0      -82,9707   226      -25,0000      Cuts: 42   568956  231,88%
  11825     0      -82,8084   236      -25,0000      Cuts: 79   569007  231,23%
  11825     0      -82,6726   237      -25,0000      Cuts: 78   569053  230,69%
  11825     0      -82,6083   230      -25,0000      Cuts: 39   569090  230,43%
  11825     0      -82,5345   232      -25,0000      Cuts: 70   569126  230,14%
  11825     0      -82,4438   222      -25,0000      Cuts: 40   569167  229,78%
  11825     0      -82,3189   226      -25,0000      Cuts: 33   569225  229,28%
  11825     0      -82,1767   228      -25,0000      Cuts: 41   569256  228,71%
  11825     0      -82,0674   233      -25,0000      Cuts: 31   569293  228,27%
  11825     0      -81,9640   230      -25,0000      Cuts: 56   569331  227,86%
  11825     0      -81,8749   239      -25,0000      Cuts: 57   569370  227,50%
  11825     0      -81,8645   225      -25,0000      Cuts: 15   569385  227,46%
  11825     0      -81,8440   223      -25,0000      Cuts: 14   569403  227,38%
  11825     0      -81,8241   229      -25,0000      Cuts: 16   569418  227,30%
  11825     0      -81,7959   219      -25,0000      Cuts: 17   569436  227,18%
  11825     0      -81,7492   219      -25,0000      Cuts: 17   569460  227,00%
  11825     0      -81,7059   221      -25,0000      Cuts: 26   569479  226,82%
  11825     0      -81,6886   221      -25,0000      Cuts: 14   569490  226,75%
  11825     2      -81,6886   221      -25,0000      -81,6886   569490  226,75%
  12001    12        cutoff            -25,0000      -77,1655   570734  208,66%
* 13700+  288                          -32,0000      -66,7995           108,75%
* 14099+  455                          -43,0000      -66,3063            54,20%

Cover cuts applied:  2
Implied bound cuts applied:  12
Flow cuts applied:  63
Mixed integer rounding cuts applied:  249
Zero-half cuts applied:  25
Lift and project cuts applied:  29
Gomory fractional cuts applied:  3

Root node processing (before b&c):
  Real time             =    0,36 sec. (319,90 ticks)
Parallel b&c, 20 threads:
  Real time             =    4,73 sec. (3830,57 ticks)
  Sync time (average)   =    0,51 sec.
  Wait time (average)   =    0,01 sec.
                          ------------
Total (root+branch&cut) =    5,09 sec. (4150,47 ticks)

<<< solve


OBJECTIVE: -43
xxxx
#Result <fct_obj, tot_cst, tot_ldt, Emiss>: <-43 1.0213e+6 310 2.9042e+7>#TS:1021279.1955#CS:1018375#TaxCost:2904.1955#A:[0,33,24,24,15,12,18,11,20,13,16,10,5,8,6,10,10,8,8,4,14,7,7,8,7,8,4]#X:[0,1,0,0,0,0,0,0,0,0,0,0,0,0,0,0,0,0,0,0,0,0,0,0,0,0,0]#Z:[0,0,0,0,0,0,0,0,0,0,0,0,0,0,0,0,0,0,0,0,0,0,0,0,0,0,0,0,0,0,0,0,0,0,0,0,0,0,0,0,0,0,0,0,0,0,0,0,0,0,0,0,0,0,0,0,0,0,0,0,0,0,0,0,0,0,0,0,0,0,0,0,0,0,0,0,0,0,0,0,0,0,0,0,0,0,0,0,0,0,0,0,0,0,0,0,0,0,0,0,0,0,0,0,0,0,0,0,0,0,0,0,0,0,0,0,0,0,0,0,0,0,0,0,0,0,0,0,0,0,1,1,0,0,1,0,0,1,0,1,0,1,0,0,1,0,0,1,0,1,0,0,1,1,0,0,0,0,0,1,0,0,1,1,0,0,0,0,0,1,1,1,0,1,1,0,0,1,0,1,0,0,1,1,0,0,0,0,0,1,1,1,1,1,0,0,0,0,0,1,0,1,0,0,1,0,0,1,0,1,1,1,0,1,1,0,0,1,0,1,0,0,1,1,0,0,0,0,0,1,1,1,0,1,1,0,0,1,0,1,0,0,1,1,0,0,0,0,0,1,0,0,1,1,0,0,0,0,0,1,0,0,1,1,0,0,0,0,0,1]#Q:[0,0,0,0,0,0,0,0,0,0,0,0,0,0,0,0,0,0,0,0,0,0,0,0,0,0,0,0,0,0,0,0,0,0,0,0,0,0,0,0,0,0,0,0,0,0,0,0,0,0,0,0,0,0,0,0,0,0,0,0,0,0,0,0,0,0,0,0,0,0,0,0,0,0,0,0,0,0,0,0,0,0,0,0,0,0,0,0,0,0,0,0,0,0,0,0,0,0,0,0,0,0,0,0,0,0,0,0,0,0,0,0,0,0,0,0,0,0,0,0,0,0,0,0,0,0,0,0,0,0,1,1,0,0,1,0,0,156,0,1,0,1,0,0,1,0,0,117,0,1,0,0,1,1,0,0,0,0,0,38,0,0,1,1,0,0,0,0,0,178,1,1,0,1,1,0,0,115,0,1,0,0,1,1,0,0,0,0,0,38,1,1,1,1,0,0,0,0,0,16,0,1,0,0,1,0,0,37,0,1,1,1,0,1,1,0,0,115,0,1,0,0,1,1,0,0,0,0,0,78,1,1,0,1,1,0,0,75,0,1,0,0,1,1,0,0,0,0,0,58,0,0,1,1,0,0,0,0,0,38,0,0,1,1,0,0,0,0,0,58]#E: 29041955#Cap: 29102080#Tax: 100#STABILITY_ORIGINAL_OBJECTIVE:1021589.1955#STABILITY_SCORE:43#DELIVER:
S1=>P13
S2=>P13
S5=>P13
S8=>P13
S10=>P13
S2=>P14
S5=>P14
S8=>P14
S10=>P14
S3=>P15
S4=>P15
S10=>P15
S3=>P16
S4=>P16
S10=>P16
S1=>P17
S2=>P17
S4=>P17
S5=>P17
S8=>P17
S10=>P17
S3=>P18
S4=>P18
S10=>P18
S1=>P19
S2=>P19
S3=>P19
S4=>P19
S10=>P19
S2=>P20
S5=>P20
S8=>P20
S10=>P20
S1=>P21
S2=>P21
S4=>P21
S5=>P21
S8=>P21
S10=>P21
S3=>P22
S4=>P22
S10=>P22
S1=>P23
S2=>P23
S4=>P23
S5=>P23
S8=>P23
S10=>P23
S3=>P24
S4=>P24
S10=>P24
S3=>P25
S4=>P25
S10=>P25
S3=>P26
S4=>P26
S10=>P26
xxxx

<<< post process


<<< done


)
