Array
(
    [CplexRunTime] => Total (root+branch&cut) =    1,02 sec
    [status] => OPTIMAL
    [termination_reason] => OPTIMAL
    [mip_gap] => 0
    [Result] => Array
        (
            [Objective] => -104
            [TotalCost] => 1667100
            [LeadTime] => 619
            [Emissions] => 136160000
        )

    [TS] => 1667059.9019
    [CS] => 1653444
    [TaxCost] => 13615.9019
    [A] => Array
        (
            [0] => 0
            [1] => 2
            [2] => 26
            [3] => 26
            [4] => 21
            [5] => 19
            [6] => 21
            [7] => 12
            [8] => 21
            [9] => 19
            [10] => 14
            [11] => 15
            [12] => 15
            [13] => 14
            [14] => 15
            [15] => 11
            [16] => 17
            [17] => 15
            [18] => 15
            [19] => 12
            [20] => 18
            [21] => 16
            [22] => 15
            [23] => 16
            [24] => 10
            [25] => 12
            [26] => 9
            [27] => 10
            [28] => 9
            [29] => 8
            [30] => 11
            [31] => 10
            [32] => 13
            [33] => 12
            [34] => 12
            [35] => 13
            [36] => 13
            [37] => 13
            [38] => 5
            [39] => 9
            [40] => 9
            [41] => 9
            [42] => 9
            [43] => 8
            [44] => 8
            [45] => 6
            [46] => 10
            [47] => 3
            [48] => 3
            [49] => 4
            [50] => 6
        )

    [X] => Array
        (
            [0] => 0
            [1] => 1
            [2] => 1
            [3] => 1
            [4] => 1
            [5] => 1
            [6] => 0
            [7] => 0
            [8] => 0
            [9] => 0
            [10] => 0
            [11] => 0
            [12] => 0
            [13] => 0
            [14] => 0
            [15] => 0
            [16] => 0
            [17] => 0
            [18] => 0
            [19] => 0
            [20] => 0
            [21] => 0
            [22] => 0
            [23] => 0
            [24] => 0
            [25] => 0
            [26] => 0
            [27] => 0
            [28] => 0
            [29] => 0
            [30] => 0
            [31] => 0
            [32] => 0
            [33] => 0
            [34] => 0
            [35] => 0
            [36] => 0
            [37] => 0
            [38] => 0
            [39] => 0
            [40] => 0
            [41] => 0
            [42] => 0
            [43] => 0
            [44] => 0
            [45] => 0
            [46] => 0
            [47] => 0
            [48] => 0
            [49] => 0
            [50] => 1
        )

    [Z] => Array
        (
            [0] => 0
            [1] => 0
            [2] => 0
            [3] => 0
            [4] => 0
            [5] => 0
            [6] => 0
            [7] => 0
            [8] => 0
            [9] => 0
            [10] => 0
            [11] => 0
            [12] => 0
            [13] => 0
            [14] => 0
            [15] => 0
            [16] => 0
            [17] => 0
            [18] => 0
            [19] => 0
            [20] => 0
            [21] => 0
            [22] => 0
            [23] => 0
            [24] => 0
            [25] => 0
            [26] => 0
            [27] => 0
            [28] => 0
            [29] => 0
            [30] => 0
            [31] => 0
            [32] => 0
            [33] => 0
            [34] => 0
            [35] => 0
            [36] => 0
            [37] => 0
            [38] => 0
            [39] => 0
            [40] => 0
            [41] => 0
            [42] => 0
            [43] => 0
            [44] => 0
            [45] => 0
            [46] => 0
            [47] => 0
            [48] => 0
            [49] => 0
            [50] => 0
            [51] => 0
            [52] => 0
            [53] => 0
            [54] => 0
            [55] => 0
            [56] => 0
            [57] => 0
            [58] => 0
            [59] => 0
            [60] => 0
            [61] => 0
            [62] => 0
            [63] => 0
            [64] => 0
            [65] => 0
            [66] => 0
            [67] => 0
            [68] => 0
            [69] => 0
            [70] => 0
            [71] => 0
            [72] => 0
            [73] => 0
            [74] => 0
            [75] => 1
            [76] => 1
            [77] => 1
            [78] => 1
            [79] => 0
            [80] => 0
            [81] => 0
            [82] => 0
            [83] => 0
            [84] => 0
            [85] => 0
            [86] => 0
            [87] => 0
            [88] => 0
            [89] => 0
            [90] => 0
            [91] => 0
            [92] => 0
            [93] => 0
            [94] => 0
            [95] => 0
            [96] => 0
            [97] => 0
            [98] => 0
            [99] => 0
            [100] => 0
            [101] => 0
            [102] => 0
            [103] => 0
            [104] => 0
            [105] => 0
            [106] => 0
            [107] => 0
            [108] => 0
            [109] => 0
            [110] => 0
            [111] => 0
            [112] => 0
            [113] => 0
            [114] => 0
            [115] => 0
            [116] => 0
            [117] => 0
            [118] => 0
            [119] => 0
            [120] => 0
            [121] => 0
            [122] => 0
            [123] => 0
            [124] => 0
            [125] => 0
            [126] => 0
            [127] => 0
            [128] => 0
            [129] => 0
            [130] => 0
            [131] => 0
            [132] => 0
            [133] => 0
            [134] => 0
            [135] => 0
            [136] => 0
            [137] => 0
            [138] => 0
            [139] => 0
            [140] => 0
            [141] => 0
            [142] => 0
            [143] => 0
            [144] => 0
            [145] => 0
            [146] => 0
            [147] => 0
            [148] => 0
            [149] => 0
            [150] => 0
            [151] => 0
            [152] => 0
            [153] => 0
            [154] => 1
            [155] => 1
            [156] => 1
            [157] => 1
            [158] => 1
            [159] => 0
            [160] => 0
            [161] => 0
            [162] => 0
            [163] => 0
            [164] => 0
            [165] => 0
            [166] => 0
            [167] => 0
            [168] => 0
            [169] => 0
            [170] => 0
            [171] => 0
            [172] => 0
            [173] => 0
            [174] => 1
            [175] => 1
            [176] => 1
            [177] => 1
            [178] => 1
            [179] => 0
            [180] => 0
            [181] => 0
            [182] => 0
            [183] => 0
            [184] => 0
            [185] => 0
            [186] => 0
            [187] => 0
            [188] => 0
            [189] => 0
            [190] => 0
            [191] => 0
            [192] => 0
            [193] => 0
            [194] => 1
            [195] => 1
            [196] => 1
            [197] => 1
            [198] => 1
            [199] => 0
            [200] => 0
            [201] => 0
            [202] => 0
            [203] => 0
            [204] => 0
            [205] => 0
            [206] => 0
            [207] => 0
            [208] => 0
            [209] => 0
            [210] => 0
            [211] => 0
            [212] => 0
            [213] => 0
            [214] => 1
            [215] => 1
            [216] => 1
            [217] => 1
            [218] => 1
            [219] => 0
            [220] => 0
            [221] => 0
            [222] => 0
            [223] => 0
            [224] => 1
            [225] => 1
            [226] => 1
            [227] => 1
            [228] => 1
            [229] => 0
            [230] => 0
            [231] => 0
            [232] => 0
            [233] => 0
            [234] => 0
            [235] => 0
            [236] => 0
            [237] => 0
            [238] => 0
            [239] => 0
            [240] => 0
            [241] => 1
            [242] => 0
            [243] => 0
            [244] => 1
            [245] => 1
            [246] => 0
            [247] => 1
            [248] => 0
            [249] => 1
            [250] => 0
            [251] => 0
            [252] => 0
            [253] => 0
            [254] => 1
            [255] => 1
            [256] => 1
            [257] => 0
            [258] => 1
            [259] => 0
            [260] => 0
            [261] => 0
            [262] => 0
            [263] => 0
            [264] => 1
            [265] => 1
            [266] => 0
            [267] => 1
            [268] => 0
            [269] => 1
            [270] => 0
            [271] => 0
            [272] => 0
            [273] => 0
            [274] => 0
            [275] => 0
            [276] => 0
            [277] => 0
            [278] => 0
            [279] => 0
            [280] => 1
            [281] => 1
            [282] => 0
            [283] => 0
            [284] => 1
            [285] => 0
            [286] => 0
            [287] => 1
            [288] => 0
            [289] => 1
            [290] => 0
            [291] => 0
            [292] => 0
            [293] => 0
            [294] => 1
            [295] => 0
            [296] => 0
            [297] => 1
            [298] => 0
            [299] => 1
            [300] => 0
            [301] => 0
            [302] => 0
            [303] => 0
            [304] => 0
            [305] => 0
            [306] => 0
            [307] => 0
            [308] => 0
            [309] => 0
            [310] => 0
            [311] => 1
            [312] => 0
            [313] => 0
            [314] => 1
            [315] => 0
            [316] => 0
            [317] => 1
            [318] => 0
            [319] => 1
            [320] => 0
            [321] => 0
            [322] => 0
            [323] => 0
            [324] => 0
            [325] => 0
            [326] => 0
            [327] => 0
            [328] => 0
            [329] => 0
            [330] => 0
            [331] => 0
            [332] => 0
            [333] => 0
            [334] => 0
            [335] => 0
            [336] => 0
            [337] => 0
            [338] => 0
            [339] => 0
            [340] => 1
            [341] => 1
            [342] => 1
            [343] => 1
            [344] => 1
            [345] => 1
            [346] => 1
            [347] => 1
            [348] => 1
            [349] => 1
            [350] => 0
            [351] => 0
            [352] => 0
            [353] => 0
            [354] => 0
            [355] => 0
            [356] => 0
            [357] => 0
            [358] => 0
            [359] => 0
            [360] => 1
            [361] => 1
            [362] => 0
            [363] => 1
            [364] => 1
            [365] => 1
            [366] => 1
            [367] => 1
            [368] => 1
            [369] => 1
            [370] => 0
            [371] => 0
            [372] => 0
            [373] => 0
            [374] => 0
            [375] => 0
            [376] => 0
            [377] => 0
            [378] => 0
            [379] => 0
            [380] => 0
            [381] => 0
            [382] => 1
            [383] => 1
            [384] => 0
            [385] => 0
            [386] => 0
            [387] => 0
            [388] => 0
            [389] => 1
            [390] => 0
            [391] => 0
            [392] => 0
            [393] => 0
            [394] => 0
            [395] => 0
            [396] => 0
            [397] => 0
            [398] => 0
            [399] => 0
            [400] => 1
            [401] => 1
            [402] => 1
            [403] => 1
            [404] => 1
            [405] => 0
            [406] => 0
            [407] => 1
            [408] => 0
            [409] => 1
            [410] => 1
            [411] => 1
            [412] => 1
            [413] => 1
            [414] => 1
            [415] => 0
            [416] => 0
            [417] => 1
            [418] => 0
            [419] => 1
            [420] => 1
            [421] => 1
            [422] => 1
            [423] => 1
            [424] => 1
            [425] => 0
            [426] => 0
            [427] => 1
            [428] => 0
            [429] => 1
            [430] => 1
            [431] => 1
            [432] => 1
            [433] => 1
            [434] => 1
            [435] => 0
            [436] => 0
            [437] => 1
            [438] => 0
            [439] => 1
            [440] => 1
            [441] => 1
            [442] => 1
            [443] => 1
            [444] => 1
            [445] => 0
            [446] => 0
            [447] => 1
            [448] => 0
            [449] => 1
            [450] => 0
            [451] => 0
            [452] => 0
            [453] => 0
            [454] => 0
            [455] => 0
            [456] => 0
            [457] => 0
            [458] => 0
            [459] => 0
            [460] => 1
            [461] => 1
            [462] => 1
            [463] => 1
            [464] => 1
            [465] => 0
            [466] => 0
            [467] => 1
            [468] => 0
            [469] => 1
            [470] => 0
            [471] => 0
            [472] => 0
            [473] => 0
            [474] => 0
            [475] => 0
            [476] => 0
            [477] => 0
            [478] => 0
            [479] => 0
            [480] => 0
            [481] => 0
            [482] => 1
            [483] => 1
            [484] => 0
            [485] => 0
            [486] => 0
            [487] => 0
            [488] => 0
            [489] => 1
            [490] => 0
            [491] => 0
            [492] => 1
            [493] => 1
            [494] => 0
            [495] => 0
            [496] => 0
            [497] => 0
            [498] => 0
            [499] => 1
            [500] => 0
            [501] => 0
            [502] => 0
            [503] => 0
            [504] => 0
            [505] => 0
            [506] => 0
            [507] => 0
            [508] => 0
            [509] => 1
        )

    [Q] => Array
        (
            [0] => 0
            [1] => 0
            [2] => 0
            [3] => 0
            [4] => 0
            [5] => 0
            [6] => 0
            [7] => 0
            [8] => 0
            [9] => 0
            [10] => 0
            [11] => 0
            [12] => 0
            [13] => 0
            [14] => 0
            [15] => 0
            [16] => 0
            [17] => 0
            [18] => 0
            [19] => 0
            [20] => 0
            [21] => 0
            [22] => 0
            [23] => 0
            [24] => 0
            [25] => 0
            [26] => 0
            [27] => 0
            [28] => 0
            [29] => 0
            [30] => 0
            [31] => 0
            [32] => 0
            [33] => 0
            [34] => 0
            [35] => 0
            [36] => 0
            [37] => 0
            [38] => 0
            [39] => 0
            [40] => 0
            [41] => 0
            [42] => 0
            [43] => 0
            [44] => 0
            [45] => 0
            [46] => 0
            [47] => 0
            [48] => 0
            [49] => 0
            [50] => 0
            [51] => 0
            [52] => 0
            [53] => 0
            [54] => 0
            [55] => 0
            [56] => 0
            [57] => 0
            [58] => 0
            [59] => 0
            [60] => 0
            [61] => 0
            [62] => 0
            [63] => 0
            [64] => 0
            [65] => 0
            [66] => 0
            [67] => 0
            [68] => 0
            [69] => 0
            [70] => 0
            [71] => 0
            [72] => 0
            [73] => 0
            [74] => 0
            [75] => 1
            [76] => 1
            [77] => 1
            [78] => 37
            [79] => 0
            [80] => 0
            [81] => 0
            [82] => 0
            [83] => 0
            [84] => 0
            [85] => 0
            [86] => 0
            [87] => 0
            [88] => 0
            [89] => 0
            [90] => 0
            [91] => 0
            [92] => 0
            [93] => 0
            [94] => 0
            [95] => 0
            [96] => 0
            [97] => 0
            [98] => 0
            [99] => 0
            [100] => 0
            [101] => 0
            [102] => 0
            [103] => 0
            [104] => 0
            [105] => 0
            [106] => 0
            [107] => 0
            [108] => 0
            [109] => 0
            [110] => 0
            [111] => 0
            [112] => 0
            [113] => 0
            [114] => 0
            [115] => 0
            [116] => 0
            [117] => 0
            [118] => 0
            [119] => 0
            [120] => 0
            [121] => 0
            [122] => 0
            [123] => 0
            [124] => 0
            [125] => 0
            [126] => 0
            [127] => 0
            [128] => 0
            [129] => 0
            [130] => 0
            [131] => 0
            [132] => 0
            [133] => 0
            [134] => 0
            [135] => 0
            [136] => 0
            [137] => 0
            [138] => 0
            [139] => 0
            [140] => 0
            [141] => 0
            [142] => 0
            [143] => 0
            [144] => 0
            [145] => 0
            [146] => 0
            [147] => 0
            [148] => 0
            [149] => 0
            [150] => 0
            [151] => 0
            [152] => 0
            [153] => 0
            [154] => 1
            [155] => 1
            [156] => 1
            [157] => 1
            [158] => 36
            [159] => 0
            [160] => 0
            [161] => 0
            [162] => 0
            [163] => 0
            [164] => 0
            [165] => 0
            [166] => 0
            [167] => 0
            [168] => 0
            [169] => 0
            [170] => 0
            [171] => 0
            [172] => 0
            [173] => 0
            [174] => 1
            [175] => 1
            [176] => 1
            [177] => 1
            [178] => 116
            [179] => 0
            [180] => 0
            [181] => 0
            [182] => 0
            [183] => 0
            [184] => 0
            [185] => 0
            [186] => 0
            [187] => 0
            [188] => 0
            [189] => 0
            [190] => 0
            [191] => 0
            [192] => 0
            [193] => 0
            [194] => 1
            [195] => 1
            [196] => 1
            [197] => 1
            [198] => 16
            [199] => 0
            [200] => 0
            [201] => 0
            [202] => 0
            [203] => 0
            [204] => 0
            [205] => 0
            [206] => 0
            [207] => 0
            [208] => 0
            [209] => 0
            [210] => 0
            [211] => 0
            [212] => 0
            [213] => 0
            [214] => 1
            [215] => 1
            [216] => 1
            [217] => 1
            [218] => 116
            [219] => 0
            [220] => 0
            [221] => 0
            [222] => 0
            [223] => 0
            [224] => 1
            [225] => 1
            [226] => 1
            [227] => 1
            [228] => 76
            [229] => 0
            [230] => 0
            [231] => 0
            [232] => 0
            [233] => 0
            [234] => 0
            [235] => 0
            [236] => 0
            [237] => 0
            [238] => 0
            [239] => 0
            [240] => 0
            [241] => 1
            [242] => 0
            [243] => 0
            [244] => 1
            [245] => 1
            [246] => 0
            [247] => 56
            [248] => 0
            [249] => 1
            [250] => 0
            [251] => 0
            [252] => 0
            [253] => 0
            [254] => 1
            [255] => 1
            [256] => 1
            [257] => 0
            [258] => 37
            [259] => 0
            [260] => 0
            [261] => 0
            [262] => 0
            [263] => 0
            [264] => 1
            [265] => 1
            [266] => 0
            [267] => 57
            [268] => 0
            [269] => 1
            [270] => 0
            [271] => 0
            [272] => 0
            [273] => 0
            [274] => 0
            [275] => 0
            [276] => 0
            [277] => 0
            [278] => 0
            [279] => 0
            [280] => 1
            [281] => 1
            [282] => 0
            [283] => 0
            [284] => 1
            [285] => 0
            [286] => 0
            [287] => 316
            [288] => 0
            [289] => 1
            [290] => 0
            [291] => 0
            [292] => 0
            [293] => 0
            [294] => 1
            [295] => 0
            [296] => 0
            [297] => 118
            [298] => 0
            [299] => 1
            [300] => 0
            [301] => 0
            [302] => 0
            [303] => 0
            [304] => 0
            [305] => 0
            [306] => 0
            [307] => 0
            [308] => 0
            [309] => 0
            [310] => 0
            [311] => 1
            [312] => 0
            [313] => 0
            [314] => 1
            [315] => 0
            [316] => 0
            [317] => 177
            [318] => 0
            [319] => 1
            [320] => 0
            [321] => 0
            [322] => 0
            [323] => 0
            [324] => 0
            [325] => 0
            [326] => 0
            [327] => 0
            [328] => 0
            [329] => 0
            [330] => 0
            [331] => 0
            [332] => 0
            [333] => 0
            [334] => 0
            [335] => 0
            [336] => 0
            [337] => 0
            [338] => 0
            [339] => 0
            [340] => 1
            [341] => 1
            [342] => 1
            [343] => 1
            [344] => 1
            [345] => 1
            [346] => 1
            [347] => 1
            [348] => 71
            [349] => 1
            [350] => 0
            [351] => 0
            [352] => 0
            [353] => 0
            [354] => 0
            [355] => 0
            [356] => 0
            [357] => 0
            [358] => 0
            [359] => 0
            [360] => 1
            [361] => 1
            [362] => 0
            [363] => 1
            [364] => 1
            [365] => 1
            [366] => 1
            [367] => 1
            [368] => 152
            [369] => 1
            [370] => 0
            [371] => 0
            [372] => 0
            [373] => 0
            [374] => 0
            [375] => 0
            [376] => 0
            [377] => 0
            [378] => 0
            [379] => 0
            [380] => 0
            [381] => 0
            [382] => 1
            [383] => 1
            [384] => 0
            [385] => 0
            [386] => 0
            [387] => 0
            [388] => 0
            [389] => 118
            [390] => 0
            [391] => 0
            [392] => 0
            [393] => 0
            [394] => 0
            [395] => 0
            [396] => 0
            [397] => 0
            [398] => 0
            [399] => 0
            [400] => 1
            [401] => 1
            [402] => 1
            [403] => 1
            [404] => 375
            [405] => 0
            [406] => 0
            [407] => 700
            [408] => 0
            [409] => 1
            [410] => 1
            [411] => 1
            [412] => 1
            [413] => 1
            [414] => 1
            [415] => 0
            [416] => 0
            [417] => 354
            [418] => 0
            [419] => 1
            [420] => 1
            [421] => 1
            [422] => 1
            [423] => 1
            [424] => 1
            [425] => 0
            [426] => 0
            [427] => 234
            [428] => 0
            [429] => 1
            [430] => 1
            [431] => 1
            [432] => 1
            [433] => 1
            [434] => 2
            [435] => 0
            [436] => 0
            [437] => 233
            [438] => 0
            [439] => 1
            [440] => 1
            [441] => 1
            [442] => 1
            [443] => 1
            [444] => 1
            [445] => 0
            [446] => 0
            [447] => 154
            [448] => 0
            [449] => 1
            [450] => 0
            [451] => 0
            [452] => 0
            [453] => 0
            [454] => 0
            [455] => 0
            [456] => 0
            [457] => 0
            [458] => 0
            [459] => 0
            [460] => 1
            [461] => 1
            [462] => 1
            [463] => 1
            [464] => 1
            [465] => 0
            [466] => 0
            [467] => 234
            [468] => 0
            [469] => 1
            [470] => 0
            [471] => 0
            [472] => 0
            [473] => 0
            [474] => 0
            [475] => 0
            [476] => 0
            [477] => 0
            [478] => 0
            [479] => 0
            [480] => 0
            [481] => 0
            [482] => 1
            [483] => 1
            [484] => 0
            [485] => 0
            [486] => 0
            [487] => 0
            [488] => 0
            [489] => 718
            [490] => 0
            [491] => 0
            [492] => 1
            [493] => 1
            [494] => 0
            [495] => 0
            [496] => 0
            [497] => 0
            [498] => 0
            [499] => 958
            [500] => 0
            [501] => 0
            [502] => 0
            [503] => 0
            [504] => 0
            [505] => 0
            [506] => 0
            [507] => 0
            [508] => 0
            [509] => 2160
        )

    [E] => 136159019
    [Cap] => 136203661.3
    [Tax] => 100
    [STABILITY_ORIGINAL_OBJECTIVE] => 1667678.9019
    [STABILITY_SCORE] => 104
    [DELIVER] => Array
        (
            [0] => S6=>P7
            [1] => S7=>P7
            [2] => S8=>P7
            [3] => S9=>P7
            [4] => S5=>P15
            [5] => S6=>P15
            [6] => S7=>P15
            [7] => S8=>P15
            [8] => S9=>P15
            [9] => S5=>P17
            [10] => S6=>P17
            [11] => S7=>P17
            [12] => S8=>P17
            [13] => S9=>P17
            [14] => S5=>P19
            [15] => S6=>P19
            [16] => S7=>P19
            [17] => S8=>P19
            [18] => S9=>P19
            [19] => S5=>P21
            [20] => S6=>P21
            [21] => S7=>P21
            [22] => S8=>P21
            [23] => S9=>P21
            [24] => S5=>P22
            [25] => S6=>P22
            [26] => S7=>P22
            [27] => S8=>P22
            [28] => S9=>P22
            [29] => S2=>P24
            [30] => S5=>P24
            [31] => S6=>P24
            [32] => S8=>P24
            [33] => S10=>P24
            [34] => S5=>P25
            [35] => S6=>P25
            [36] => S7=>P25
            [37] => S9=>P25
            [38] => S5=>P26
            [39] => S6=>P26
            [40] => S8=>P26
            [41] => S10=>P26
            [42] => S1=>P28
            [43] => S2=>P28
            [44] => S5=>P28
            [45] => S8=>P28
            [46] => S10=>P28
            [47] => S5=>P29
            [48] => S8=>P29
            [49] => S10=>P29
            [50] => S2=>P31
            [51] => S5=>P31
            [52] => S8=>P31
            [53] => S10=>P31
            [54] => S1=>P34
            [55] => S2=>P34
            [56] => S3=>P34
            [57] => S4=>P34
            [58] => S5=>P34
            [59] => S6=>P34
            [60] => S7=>P34
            [61] => S8=>P34
            [62] => S9=>P34
            [63] => S10=>P34
            [64] => S1=>P36
            [65] => S2=>P36
            [66] => S4=>P36
            [67] => S5=>P36
            [68] => S6=>P36
            [69] => S7=>P36
            [70] => S8=>P36
            [71] => S9=>P36
            [72] => S10=>P36
            [73] => S3=>P38
            [74] => S4=>P38
            [75] => S10=>P38
            [76] => S1=>P40
            [77] => S2=>P40
            [78] => S3=>P40
            [79] => S4=>P40
            [80] => S5=>P40
            [81] => S8=>P40
            [82] => S10=>P40
            [83] => S1=>P41
            [84] => S2=>P41
            [85] => S3=>P41
            [86] => S4=>P41
            [87] => S5=>P41
            [88] => S8=>P41
            [89] => S10=>P41
            [90] => S1=>P42
            [91] => S2=>P42
            [92] => S3=>P42
            [93] => S4=>P42
            [94] => S5=>P42
            [95] => S8=>P42
            [96] => S10=>P42
            [97] => S1=>P43
            [98] => S2=>P43
            [99] => S3=>P43
            [100] => S4=>P43
            [101] => S5=>P43
            [102] => S8=>P43
            [103] => S10=>P43
            [104] => S1=>P44
            [105] => S2=>P44
            [106] => S3=>P44
            [107] => S4=>P44
            [108] => S5=>P44
            [109] => S8=>P44
            [110] => S10=>P44
            [111] => S1=>P46
            [112] => S2=>P46
            [113] => S3=>P46
            [114] => S4=>P46
            [115] => S5=>P46
            [116] => S8=>P46
            [117] => S10=>P46
            [118] => S3=>P48
            [119] => S4=>P48
            [120] => S10=>P48
            [121] => S3=>P49
            [122] => S4=>P49
            [123] => S10=>P49
            [124] => S10=>P50
        )

    [_raw_output] => 
<<< setup

0 0 -1 0 1 0,25 0,5 0,8 1 0 0 0 0 13
1 2 0 5000 1 0,25 0,5 0,8 1 0 10000 1000 1500 13
2 5 1 900 1 0,25 0,5 0,8 1 0 9486 948,6 1500 13
3 7 1 890 1 0,25 0,5 0,8 1 0 8704 870,4 1500 13
4 6 1 910 1 0,25 0,5 0,8 1 0 8059 805,9 1500 13
5 4 1 860 2 0,25 0,5 0,8 1 0 7962 796,2 1500 13
6 4 2 880 3 0,25 0,5 0,8 1 0 7861 786,1 1500 13
7 3 2 800 2 0,25 0,5 0,8 1 0 7628 762,8 1500 13
8 3 2 780 1 0,25 0,5 0,8 1 0 7050 705 1500 13
9 3 3 790 2 0,25 0,5 0,8 1 0 6976 697,6 1500 13
10 4 3 750 3 0,25 0,5 0,8 1 0 6291 629,1 1500 13
11 3 4 690 2 0,25 0,5 0,8 1 0 6234 623,4 1500 13
12 5 4 660 3 0,25 0,5 0,8 1 0 6199 619,9 1500 13
13 5 5 600 8 0,25 0,5 0,5 1 0 6088 608,8 1500 13
14 4 5 640 6 0,25 0,5 0,5 1 0 5680 568 1500 13
15 2 5 700 2 0,25 0,5 0,5 1 0 5673 567,3 1500 13
16 4 6 660 9 0,25 0,5 0,5 1 0 5507 550,7 1500 13
17 6 6 580 6 0,25 0,5 0,5 1 0 5360 536 1500 13
18 3 67 550 2 0,25 0,5 0,5 1 0 5290 529 1500 13
19 3 8 570 1 0,25 0,5 0,5 1 0 5168 516,8 1500 13
20 5 8 600 2 0,25 0,5 0,5 1 0 4944 494,4 1500 13
21 7 9 540 6 0,25 0,5 0,5 1 0 4747 474,7 1500 13
22 6 9 510 4 0,25 0,5 0,5 1 0 4417 441,7 1500 13
23 3 9 590 4 0,25 0,5 0,5 1 0 4033 403,3 1500 13
24 4 10 400 3 0,25 0,5 0,5 1 0 3891 389,1 1500 13
25 3 11 490 2 0,25 0,5 0,5 1 0 3601 360,1 1500 13
26 3 12 480 3 0,25 0,5 0,5 1 0 3279 327,9 1500 13
27 5 12 520 6 0,25 0,5 0,5 1 0 3175 317,5 1500 13
28 4 13 400 16 0,25 0,5 0,5 1 0 2984 298,4 1500 13
29 3 14 480 6 0,25 0,5 0,5 1 0 2866 286,6 1500 13
30 2 14 490 18 0,25 0,5 0,5 1 0 2606 260,6 1500 13
31 5 16 460 9 0,25 0,5 0,5 1 0 2427 242,7 1500 13
32 4 16 500 9 0,25 0,5 0,5 1 0 2231 223,1 1500 13
33 3 18 470 6 0,25 0,5 0,5 1 0 2091 209,1 1500 13
34 3 18 300 4 0,25 0,5 0,5 1 0 1993 199,3 1500 13
35 5 20 380 4 0,25 0,5 0,5 1 0 1837 183,7 1500 13
36 4 23 330 8 0,25 0,5 0,5 1 0 1683 168,3 1500 13
37 3 23 340 12 0,25 0,5 0,5 1 0 1682 168,2 1500 13
38 4 27 350 6 0,25 0,5 0,5 1 0 1589 158,9 1500 13
39 6 30 360 18 0,25 0,5 0,5 1 0 1439 143,9 1500 13
40 4 30 310 54 0,25 0,5 0,5 1 0 1404 140,4 1500 13
41 4 32 330 18 0,25 0,5 0,5 1 0 1265 126,5 1500 13
42 4 33 290 12 0,25 0,5 0,5 1 0 1153 115,3 1500 13
43 3 33 270 12 0,25 0,5 0,5 1 0 1138 113,8 1500 13
44 3 35 260 8 0,25 0,5 0,5 1 0 1094 109,4 1500 13
45 2 37 270 12 0,25 0,5 0,5 1 0 997 99,7 1500 13
46 5 37 270 12 0,25 0,5 0,5 1 0 964 96,4 1500 13
47 3 39 100 54 0,25 0,5 0,5 1 0 917 91,7 1500 13
48 2 39 110 36 0,25 0,5 0,5 1 0 833 83,3 1500 13
49 3 45 50 48 0,25 0,5 0,5 1 0 753 75,3 1500 13
50 5 47 30 108 0,25 0,5 0,5 1 0 723 72,3 1500 13
Node nums: [0 1 2 3 4 5 6 7 8 9 10 11 12 13 14 15 16 17 18 19 20 21 22 23 24 25 26 27
     28 29 30 31 32 33 34 35 36 37 38 39 40 41 42 43 44 45 46 47 48 49 50]
xx-Data uploaded-xx
	**** start init su array ...
0 [0 0 0 0 0 0 0 0 0 0]
1 [0 0 0 0 0 0 0 0 0 0]
2 [0 0 0 0 0 0 0 0 0 0]
3 [0 0 0 0 0 0 0 0 0 0]
4 [0 0 0 0 0 0 0 0 0 0]
5 [0 0 0 0 0 0 0 0 0 0]
6 [0 0 0 0 0 0 0 0 0 0]
7 [1 1 1 1 1 1 1 1 1 1]
8 [0 0 0 0 0 0 0 0 0 0]
9 [0 0 0 0 0 0 0 0 0 0]
10 [0 0 0 0 0 0 0 0 0 0]
11 [0 0 0 0 0 0 0 0 0 0]
12 [0 0 0 0 0 0 0 0 0 0]
13 [0 0 0 0 0 0 0 0 0 0]
14 [0 0 0 0 0 0 0 0 0 0]
15 [1 1 1 1 1 1 1 1 1 1]
16 [0 0 0 0 0 0 0 0 0 0]
17 [1 1 1 1 1 1 1 1 1 1]
18 [0 0 0 0 0 0 0 0 0 0]
19 [1 1 1 1 1 1 1 1 1 1]
20 [0 0 0 0 0 0 0 0 0 0]
21 [1 1 1 1 1 1 1 1 1 1]
22 [1 1 1 1 1 1 1 1 1 1]
23 [0 0 0 0 0 0 0 0 0 0]
24 [1 1 1 1 1 1 1 1 1 1]
25 [1 1 1 1 1 1 1 1 1 1]
26 [1 1 1 1 1 1 1 1 1 1]
27 [0 0 0 0 0 0 0 0 0 0]
28 [1 1 1 1 1 1 1 1 1 1]
29 [1 1 1 1 1 1 1 1 1 1]
30 [0 0 0 0 0 0 0 0 0 0]
31 [1 1 1 1 1 1 1 1 1 1]
32 [0 0 0 0 0 0 0 0 0 0]
33 [0 0 0 0 0 0 0 0 0 0]
34 [1 1 1 1 1 1 1 1 1 1]
35 [1 1 1 1 1 1 1 1 1 1]
36 [1 1 1 1 1 1 1 1 1 1]
37 [0 0 0 0 0 0 0 0 0 0]
38 [1 1 1 1 1 1 1 1 1 1]
39 [0 0 0 0 0 0 0 0 0 0]
40 [1 1 1 1 1 1 1 1 1 1]
41 [1 1 1 1 1 1 1 1 1 1]
42 [1 1 1 1 1 1 1 1 1 1]
43 [1 1 1 1 1 1 1 1 1 1]
44 [1 1 1 1 1 1 1 1 1 1]
45 [0 0 0 0 0 0 0 0 0 0]
46 [1 1 1 1 1 1 1 1 1 1]
47 [0 0 0 0 0 0 0 0 0 0]
48 [1 1 1 1 1 1 1 1 1 1]
49 [1 1 1 1 1 1 1 1 1 1]
50 [1 1 1 1 1 1 1 1 1 1]
	**** end init su array ...
1 2 1 700 80 0.85 0.92 0.8 (9)9
2 2 0.9 800 75 0.82 0.90 0.9 (9)9
3 1 1.1 680 90 0.88 0.95 0.5 (9)9
4 1 1 480 100 0.86 0.93 0.6 (9)9
5 5 0.6 550 40 0.72 0.78 1.5 (9)9
6 6 0.5 650 45 0.70 0.75 2.0 (9)9
7 7 0.5 1100 40 0.68 0.72 2.5 (9)9
8 5 0.3 700 30 0.65 0.70 1.8 (9)9
9 9 0.2 1700 15 0.60 0.65 3.5 (9)9
10 1 0.8 5800 40 0.80 0.88 0.7 (9)9

<<< generate

Version identifier: 20.1.0.0 | 2020-11-10 | 9bedb6d68
CPXPARAM_TimeLimit                               300
Tried aggregator 3 times.
MIP Presolve eliminated 16800 rows and 1592 columns.
MIP Presolve modified 2288 coefficients.
Aggregator did 243 substitutions.
Reduced MIP has 1687 rows, 868 columns, and 5099 nonzeros.
Reduced MIP has 290 binaries, 578 generals, 0 SOSs, and 0 indicators.
Presolve time = 0,02 sec. (20,59 ticks)
Probing fixed 0 vars, tightened 279 bounds.
Probing time = 0,00 sec. (3,25 ticks)
Cover probing fixed 0 vars, tightened 24 bounds.
Tried aggregator 1 time.
Detecting symmetries...
MIP Presolve eliminated 72 rows and 0 columns.
MIP Presolve modified 992 coefficients.
Reduced MIP has 1615 rows, 868 columns, and 4955 nonzeros.
Reduced MIP has 290 binaries, 578 generals, 0 SOSs, and 0 indicators.
Presolve time = 0,00 sec. (3,55 ticks)
Probing fixed 0 vars, tightened 49 bounds.
Probing time = 0,00 sec. (1,82 ticks)
Clique table members: 1.
MIP emphasis: balance optimality and feasibility.
MIP search method: dynamic search.
Parallel mode: deterministic, using up to 20 threads.
Root relaxation solution time = 0,00 sec. (9,19 ticks)

        Nodes                                         Cuts/
   Node  Left     Objective  IInf  Best Integer    Best Bound    ItCnt     Gap

      0     0     -222,0855   164                   -222,0855      408         
      0     0     -209,1593   153                   Cuts: 151      516         
      0     0     -204,6557   181                    Cuts: 82      580         
      0     0     -203,5267   172                    Cuts: 43      623         
      0     0     -202,7849   169                    Cuts: 36      658         
      0     0     -202,3025   175                    Cuts: 33      699         
Detecting symmetries...
      0     0     -201,8817   176                    Cuts: 36      739         
      0     0     -201,6393   195                    Cuts: 29      774         
      0     0     -201,5877   225                    Cuts: 11      785         
      0     0     -201,4062   222                    Cuts: 15      810         
      0     0     -201,3620   240                     Cuts: 9      824         
      0     0     -201,3197   235                    Cuts: 10      837         
      0     0     -201,2390   249                    Cuts: 10      854         
      0     0     -201,1750   237                    Cuts: 13      871         
      0     0     -201,0937   236                    Cuts: 12      886         
      0     0     -201,0396   250                 ZeroHalf: 5      906         
      0     0     -201,0155   248                     Cuts: 6      925         
      0     0     -197,5373   253                    Cuts: 18      992         
      0     0     -195,5465   250                    Cuts: 75     1063         
      0     0     -195,1291   248                    Cuts: 52     1095         
      0     0     -194,7746   266                    Cuts: 33     1134         
      0     0     -194,4395   267                    Cuts: 19     1161         
      0     0     -194,3970   266                    Cuts: 18     1175         
Detecting symmetries...
      0     2     -194,3970   266                   -192,6229     1175         
Elapsed time = 0,45 sec. (433,30 ticks, tree = 0,02 MB, solutions = 0)
*  1338+  686                          -49,0000     -177,3569           261,95%
   1388   558      -62,3597   181      -49,0000     -177,3569    51146  261,95%
*  1554+  705                          -89,0000     -177,3569            99,28%
*  2493+  568                          -96,0000     -166,8274            73,78%
*  3537+  643                         -103,0000     -129,1606            25,40%
*  4384+  471                         -104,0000     -111,8486             7,55%

Implied bound cuts applied:  229
Mixed integer rounding cuts applied:  31
Zero-half cuts applied:  38
Lift and project cuts applied:  21
Gomory fractional cuts applied:  20

Root node processing (before b&c):
  Real time             =    0,44 sec. (432,67 ticks)
Parallel b&c, 20 threads:
  Real time             =    0,58 sec. (459,91 ticks)
  Sync time (average)   =    0,23 sec.
  Wait time (average)   =    0,00 sec.
                          ------------
Total (root+branch&cut) =    1,02 sec. (892,58 ticks)

<<< solve


OBJECTIVE: -104
xxxx
#Result <fct_obj, tot_cst, tot_ldt, Emiss>: <-104 1.6671e+6 619 1.3616e+8>#TS:1667059.9019#CS:1653444#TaxCost:13615.9019#A:[0,2,26,26,21,19,21,12,21,19,14,15,15,14,15,11,17,15,15,12,18,16,15,16,10,12,9,10,9,8,11,10,13,12,12,13,13,13,5,9,9,9,9,8,8,6,10,3,3,4,6]#X:[0,1,1,1,1,1,0,0,0,0,0,0,0,0,0,0,0,0,0,0,0,0,0,0,0,0,0,0,0,0,0,0,0,0,0,0,0,0,0,0,0,0,0,0,0,0,0,0,0,0,1]#Z:[0,0,0,0,0,0,0,0,0,0,0,0,0,0,0,0,0,0,0,0,0,0,0,0,0,0,0,0,0,0,0,0,0,0,0,0,0,0,0,0,0,0,0,0,0,0,0,0,0,0,0,0,0,0,0,0,0,0,0,0,0,0,0,0,0,0,0,0,0,0,0,0,0,0,0,1,1,1,1,0,0,0,0,0,0,0,0,0,0,0,0,0,0,0,0,0,0,0,0,0,0,0,0,0,0,0,0,0,0,0,0,0,0,0,0,0,0,0,0,0,0,0,0,0,0,0,0,0,0,0,0,0,0,0,0,0,0,0,0,0,0,0,0,0,0,0,0,0,0,0,0,0,0,0,1,1,1,1,1,0,0,0,0,0,0,0,0,0,0,0,0,0,0,0,1,1,1,1,1,0,0,0,0,0,0,0,0,0,0,0,0,0,0,0,1,1,1,1,1,0,0,0,0,0,0,0,0,0,0,0,0,0,0,0,1,1,1,1,1,0,0,0,0,0,1,1,1,1,1,0,0,0,0,0,0,0,0,0,0,0,0,1,0,0,1,1,0,1,0,1,0,0,0,0,1,1,1,0,1,0,0,0,0,0,1,1,0,1,0,1,0,0,0,0,0,0,0,0,0,0,1,1,0,0,1,0,0,1,0,1,0,0,0,0,1,0,0,1,0,1,0,0,0,0,0,0,0,0,0,0,0,1,0,0,1,0,0,1,0,1,0,0,0,0,0,0,0,0,0,0,0,0,0,0,0,0,0,0,0,0,1,1,1,1,1,1,1,1,1,1,0,0,0,0,0,0,0,0,0,0,1,1,0,1,1,1,1,1,1,1,0,0,0,0,0,0,0,0,0,0,0,0,1,1,0,0,0,0,0,1,0,0,0,0,0,0,0,0,0,0,1,1,1,1,1,0,0,1,0,1,1,1,1,1,1,0,0,1,0,1,1,1,1,1,1,0,0,1,0,1,1,1,1,1,1,0,0,1,0,1,1,1,1,1,1,0,0,1,0,1,0,0,0,0,0,0,0,0,0,0,1,1,1,1,1,0,0,1,0,1,0,0,0,0,0,0,0,0,0,0,0,0,1,1,0,0,0,0,0,1,0,0,1,1,0,0,0,0,0,1,0,0,0,0,0,0,0,0,0,1]#Q:[0,0,0,0,0,0,0,0,0,0,0,0,0,0,0,0,0,0,0,0,0,0,0,0,0,0,0,0,0,0,0,0,0,0,0,0,0,0,0,0,0,0,0,0,0,0,0,0,0,0,0,0,0,0,0,0,0,0,0,0,0,0,0,0,0,0,0,0,0,0,0,0,0,0,0,1,1,1,37,0,0,0,0,0,0,0,0,0,0,0,0,0,0,0,0,0,0,0,0,0,0,0,0,0,0,0,0,0,0,0,0,0,0,0,0,0,0,0,0,0,0,0,0,0,0,0,0,0,0,0,0,0,0,0,0,0,0,0,0,0,0,0,0,0,0,0,0,0,0,0,0,0,0,0,1,1,1,1,36,0,0,0,0,0,0,0,0,0,0,0,0,0,0,0,1,1,1,1,116,0,0,0,0,0,0,0,0,0,0,0,0,0,0,0,1,1,1,1,16,0,0,0,0,0,0,0,0,0,0,0,0,0,0,0,1,1,1,1,116,0,0,0,0,0,1,1,1,1,76,0,0,0,0,0,0,0,0,0,0,0,0,1,0,0,1,1,0,56,0,1,0,0,0,0,1,1,1,0,37,0,0,0,0,0,1,1,0,57,0,1,0,0,0,0,0,0,0,0,0,0,1,1,0,0,1,0,0,316,0,1,0,0,0,0,1,0,0,118,0,1,0,0,0,0,0,0,0,0,0,0,0,1,0,0,1,0,0,177,0,1,0,0,0,0,0,0,0,0,0,0,0,0,0,0,0,0,0,0,0,0,1,1,1,1,1,1,1,1,71,1,0,0,0,0,0,0,0,0,0,0,1,1,0,1,1,1,1,1,152,1,0,0,0,0,0,0,0,0,0,0,0,0,1,1,0,0,0,0,0,118,0,0,0,0,0,0,0,0,0,0,1,1,1,1,375,0,0,700,0,1,1,1,1,1,1,0,0,354,0,1,1,1,1,1,1,0,0,234,0,1,1,1,1,1,2,0,0,233,0,1,1,1,1,1,1,0,0,154,0,1,0,0,0,0,0,0,0,0,0,0,1,1,1,1,1,0,0,234,0,1,0,0,0,0,0,0,0,0,0,0,0,0,1,1,0,0,0,0,0,718,0,0,1,1,0,0,0,0,0,958,0,0,0,0,0,0,0,0,0,2160]#E: 136159019#Cap: 136203661.300000012#Tax: 100#STABILITY_ORIGINAL_OBJECTIVE:1667678.9019#STABILITY_SCORE:104#DELIVER:
S6=>P7
S7=>P7
S8=>P7
S9=>P7
S5=>P15
S6=>P15
S7=>P15
S8=>P15
S9=>P15
S5=>P17
S6=>P17
S7=>P17
S8=>P17
S9=>P17
S5=>P19
S6=>P19
S7=>P19
S8=>P19
S9=>P19
S5=>P21
S6=>P21
S7=>P21
S8=>P21
S9=>P21
S5=>P22
S6=>P22
S7=>P22
S8=>P22
S9=>P22
S2=>P24
S5=>P24
S6=>P24
S8=>P24
S10=>P24
S5=>P25
S6=>P25
S7=>P25
S9=>P25
S5=>P26
S6=>P26
S8=>P26
S10=>P26
S1=>P28
S2=>P28
S5=>P28
S8=>P28
S10=>P28
S5=>P29
S8=>P29
S10=>P29
S2=>P31
S5=>P31
S8=>P31
S10=>P31
S1=>P34
S2=>P34
S3=>P34
S4=>P34
S5=>P34
S6=>P34
S7=>P34
S8=>P34
S9=>P34
S10=>P34
S1=>P36
S2=>P36
S4=>P36
S5=>P36
S6=>P36
S7=>P36
S8=>P36
S9=>P36
S10=>P36
S3=>P38
S4=>P38
S10=>P38
S1=>P40
S2=>P40
S3=>P40
S4=>P40
S5=>P40
S8=>P40
S10=>P40
S1=>P41
S2=>P41
S3=>P41
S4=>P41
S5=>P41
S8=>P41
S10=>P41
S1=>P42
S2=>P42
S3=>P42
S4=>P42
S5=>P42
S8=>P42
S10=>P42
S1=>P43
S2=>P43
S3=>P43
S4=>P43
S5=>P43
S8=>P43
S10=>P43
S1=>P44
S2=>P44
S3=>P44
S4=>P44
S5=>P44
S8=>P44
S10=>P44
S1=>P46
S2=>P46
S3=>P46
S4=>P46
S5=>P46
S8=>P46
S10=>P46
S3=>P48
S4=>P48
S10=>P48
S3=>P49
S4=>P49
S10=>P49
S10=>P50
xxxx

<<< post process


<<< done


)
