Array
(
    [CplexRunTime] => -1 sec
    [status] => OPTIMAL
    [termination_reason] => OPTIMAL
    [mip_gap] => 0
    [Result] => Array
        (
            [Objective] => 48640
            [TotalCost] => 48640
            [DIO] => 31
            [WIP] => 105700
            [Emissions] => 2932200
            [RawMCost] => 6360
            [InventCost] => 42280
            [EmisCost] => 0
        )

    [CS] => 48640
    [DIO] => 31
    [WIP] => 105700
    [E] => 2932200
    [A] => Array
        (
            [0] => 1
            [1] => 2
            [2] => 5
            [3] => 12
            [4] => 5
            [5] => 6
        )

    [X] => Array
        (
            [0] => 0
            [1] => 1
            [2] => 1
            [3] => 1
            [4] => 0
            [5] => 0
        )

    [DELIVER] => Array
        (
            [0] => S10=>P2
            [1] => S1=>P4
            [2] => S2=>P4
            [3] => S10=>P4
            [4] => S4=>P5
            [5] => S10=>P5
        )

    [_raw_output] => 
<<< setup

0 0 -1 0 0 0.25 0.5 0.8 1 0 0 0 0  14
1 2 0 700 1 0.25 0.5 0.8 1 0 7000 700 1500  14
2 4 1 165 1 0.25 0.5 0.8 1 0 5000 500 1500  14
3 6 1 100 2 0.25 0.5 0.8 1 0 3500 350 1500  14
4 3 3 25 6 0.25 0.5 0.8 1 0 3000 300 1500  14
5 5 3 30 2 0.25 0.5 0.8 1 0 2500 250 1500  14
Node nums: [0 1 2 3 4 5]
xx-Data uploaded-xx
	**** start init su array ...
0 [0 0 0 0 0 0 0 0 0 0]
1 [0 0 0 0 0 0 0 0 0 0]
2 [1 1 1 1 1 1 1 1 1 1]
3 [0 0 0 0 0 0 0 0 0 0]
4 [1 1 1 1 1 1 1 1 1 1]
5 [1 1 1 1 1 1 1 1 1 1]
	**** end init su array ...
1 2 1 100 80 0.85 0.92 0.8 (9)9
2 2 0.9 60 75 0.82 0.90 0.9 (9)9
3 1 1.1 80 90 0.88 0.95 0.5 (9)9
4 1 1 80 100 0.86 0.93 0.6 (9)9
5 5 0.6 50 40 0.72 0.78 1.5 (9)9
6 6 0.5 60 45 0.70 0.75 2.0 (9)9
7 7 0.5 80 40 0.68 0.72 2.5 (9)9
8 5 0.3 25 30 0.65 0.70 1.8 (9)9
9 9 0.2 250 15 0.60 0.65 3.5 (9)9
10 1 0.8 30 40 0.80 0.88 0.7 (9)9

<<< generate

Version identifier: 20.1.0.0 | 2020-11-10 | 9bedb6d68
CPXPARAM_TimeLimit                               300

Multi-objective solve log . . .

Index  Priority  Blend          Objective      Nodes  Time (sec.)  DetTime (ticks)
    1         1      1   4,8640000000e+04          0         0,08            19,86
    2         0      1   2,9322000000e+06          0         0,06            26,53

<<< solve


OBJECTIVE: 48640; 2932200
xxxx
#Result <fct_obj, tot_cost, DIO, WIP, Emiss>: <48640 48640 31 1.057e+5 2.9322e+6 6360 42280 0>#CS:48640#DIO:31#WIP:105700#E: 2932200#A:[1,2,5,12,5,6]#X:[0,1,1,1,0,0]#DELIVER:
S10=>P2
S1=>P4
S2=>P4
S10=>P4
S4=>P5
S10=>P5
xxxx

<<< post process


<<< done


)
