Array
(
    [CplexRunTime] => -1 sec
    [status] => OPTIMAL
    [termination_reason] => OPTIMAL
    [mip_gap] => 0
    [Result] => Array
        (
            [Objective] => 358470
            [TotalCost] => 358470
            [DIO] => 480
            [WIP] => 858520
            [Emissions] => 48311000
            [RawMCost] => 26656
            [InventCost] => 331820
            [EmisCost] => 0
        )

    [CS] => 358472
    [DIO] => 480
    [WIP] => 858520
    [E] => 48310880
    [A] => Array
        (
            [0] => 1
            [1] => 9
            [2] => 29
            [3] => 24
            [4] => 5
            [5] => 18
            [6] => 25
            [7] => 24
            [8] => 25
            [9] => 16
            [10] => 16
            [11] => 2
            [12] => 1
            [13] => 16
            [14] => 15
            [15] => 16
            [16] => 17
            [17] => 16
            [18] => 21
            [19] => 15
            [20] => 19
            [21] => 9
            [22] => 11
            [23] => 8
            [24] => 7
            [25] => 12
            [26] => 4
            [27] => 13
            [28] => 14
            [29] => 7
            [30] => 8
            [31] => 13
            [32] => 14
            [33] => 13
            [34] => 10
            [35] => 7
        )

    [X] => Array
        (
            [0] => 0
            [1] => 1
            [2] => 1
            [3] => 1
            [4] => 1
            [5] => 1
            [6] => 0
            [7] => 0
            [8] => 0
            [9] => 0
            [10] => 0
            [11] => 1
            [12] => 1
            [13] => 0
            [14] => 0
            [15] => 0
            [16] => 0
            [17] => 0
            [18] => 0
            [19] => 0
            [20] => 0
            [21] => 0
            [22] => 0
            [23] => 0
            [24] => 0
            [25] => 1
            [26] => 1
            [27] => 0
            [28] => 0
            [29] => 0
            [30] => 0
            [31] => 0
            [32] => 0
            [33] => 0
            [34] => 0
            [35] => 0
        )

    [DELIVER] => Array
        (
            [0] => S8=>P22
            [1] => S8=>P23
            [2] => S10=>P24
            [3] => S8=>P25
            [4] => S10=>P26
            [5] => S9=>P27
            [6] => S9=>P28
            [7] => S10=>P29
            [8] => S10=>P30
            [9] => S8=>P31
            [10] => S8=>P32
            [11] => S9=>P33
            [12] => S8=>P34
            [13] => S10=>P35
        )

    [_raw_output] => 
<<< setup

0 0 -1 0 1 0,25 0,5 0,8 1 0 0 0 0  14
1 9 0 2000 1 0,25 0,5 0,8 1 0 9000 900 1500  14
2 4 1 180 1 0,25 0,5 0,8 1 0 4800 580 1500  14
3 8 1 360 1 0,25 0,5 0,8 1 0 6800 680 1500  14
4 5 1 150 3 0,25 0,5 0,8 1 0 3800 380 1500  14
5 2 1 120 2 0,25 0,5 0,8 1 0 3100 310 1500  14
6 8 2 110 3 0,25 0,5 0,8 1 0 3300 330 1500  14
7 3 2 105 2 0,25 0,5 0,8 1 0 3600 360 1500  14
8 6 2 100 1 0,25 0,5 0,8 1 0 2200 220 1500  14
9 5 3 108 2 0,25 0,5 0,8 1 0 1850 185 1500  14
10 9 3 98 3 0,25 0,5 0,8 1 0 1700 170 1500  14
11 2 4 92 2 0,25 0,5 0,8 1 0 1750 175 1500  14
12 1 4 88 3 0,25 0,5 0,8 1 0 1550 155 1500  14
13 3 5 82 8 0,25 0,5 0,5 1 0 1600 160 1500  14
14 1 5 86 6 0,25 0,5 0,5 1 0 1600 160 1500  14
15 9 5 90 2 0,25 0,5 0,5 1 0 1600 160 1500  14
16 9 6 84 9 0,25 0,5 0,5 1 0 2600 260 1500  14
17 3 6 78 6 0,25 0,5 0,5 1 0 2500 250 1500  14
18 7 7 75 2 0,25 0,5 0,5 1 0 2800 280 1500  14
19 2 8 76 1 0,25 0,5 0,5 1 0 1700 170 1500  14
20 9 8 80 2 0,25 0,5 0,5 1 0 1900 190 1500  14
21 2 9 74 6 0,25 0,5 0,5 1 0 1550 155 1500  14
22 6 9 71 4 0,25 0,5 0,5 1 0 1500 150 1500  14
23 3 9 79 4 0,25 0,5 0,5 1 0 1450 145 1500  14
24 6 10 70 3 0,25 0,5 0,5 1 0 1350 135 1500  14
25 7 11 74 2 0,25 0,5 0,5 1 0 1400 140 1500  14
26 3 12 72 3 0,25 0,5 0,5 1 0 1300 130 1500  14
27 4 13 68 5 0,25 0,5 0,5 1 0 1250 125 1500  14
28 5 14 66 4 0,25 0,5 0,5 1 0 1200 120 1500  14
29 6 15 64 3 0,25 0,5 0,5 1 0 1150 115 1500  14
30 7 16 62 2 0,25 0,5 0,5 1 0 1100 110 1500  14
31 8 17 60 4 0,25 0,5 0,5 1 0 1050 105 1500  14
32 9 18 58 3 0,25 0,5 0,5 1 0 1000 100 1500  14
33 4 19 56 2 0,25 0,5 0,5 1 0 950 95 1500  14
34 5 20 54 5 0,25 0,5 0,5 1 0 900 90 1500  14
35 6 21 52 4 0,25 0,5 0,5 1 0 850 85 1500  14
Node nums: [0 1 2 3 4 5 6 7 8 9 10 11 12 13 14 15 16 17 18 19 20 21 22 23 24 25 26 27
     28 29 30 31 32 33 34 35]
xx-Data uploaded-xx
	**** start init su array ...
0 [0 0 0 0 0 0 0 0 0 0]
1 [0 0 0 0 0 0 0 0 0 0]
2 [0 0 0 0 0 0 0 0 0 0]
3 [0 0 0 0 0 0 0 0 0 0]
4 [0 0 0 0 0 0 0 0 0 0]
5 [0 0 0 0 0 0 0 0 0 0]
6 [0 0 0 0 0 0 0 0 0 0]
7 [0 0 0 0 0 0 0 0 0 0]
8 [0 0 0 0 0 0 0 0 0 0]
9 [0 0 0 0 0 0 0 0 0 0]
10 [0 0 0 0 0 0 0 0 0 0]
11 [0 0 0 0 0 0 0 0 0 0]
12 [0 0 0 0 0 0 0 0 0 0]
13 [1 1 1 1 1 1 1 1 1 1]
14 [1 1 1 1 1 1 1 1 1 1]
15 [1 1 1 1 1 1 1 1 1 1]
16 [1 1 1 1 1 1 1 1 1 1]
17 [1 1 1 1 1 1 1 1 1 1]
18 [1 1 1 1 1 1 1 1 1 1]
19 [1 1 1 1 1 1 1 1 1 1]
20 [1 1 1 1 1 1 1 1 1 1]
21 [1 1 1 1 1 1 1 1 1 1]
22 [1 1 1 1 1 1 1 1 1 1]
23 [1 1 1 1 1 1 1 1 1 1]
24 [1 1 1 1 1 1 1 1 1 1]
25 [1 1 1 1 1 1 1 1 1 1]
26 [1 1 1 1 1 1 1 1 1 1]
27 [1 1 1 1 1 1 1 1 1 1]
28 [1 1 1 1 1 1 1 1 1 1]
29 [1 1 1 1 1 1 1 1 1 1]
30 [1 1 1 1 1 1 1 1 1 1]
31 [1 1 1 1 1 1 1 1 1 1]
32 [1 1 1 1 1 1 1 1 1 1]
33 [1 1 1 1 1 1 1 1 1 1]
34 [1 1 1 1 1 1 1 1 1 1]
35 [1 1 1 1 1 1 1 1 1 1]
	**** end init su array ...
1 2 1 700 80 0.85 0.92 0.8 (9)9
2 2 0.9 800 75 0.82 0.90 0.9 (9)9
3 1 1.1 680 90 0.88 0.95 0.5 (9)9
4 1 1 480 100 0.86 0.93 0.6 (9)9
5 5 0.6 550 40 0.72 0.78 1.5 (9)9
6 6 0.5 650 45 0.70 0.75 2.0 (9)9
7 7 0.5 1100 40 0.68 0.72 2.5 (9)9
8 5 0.3 700 30 0.65 0.70 1.8 (9)9
9 9 0.2 1700 15 0.60 0.65 3.5 (9)9
10 1 0.8 5800 40 0.80 0.88 0.7 (9)9

<<< generate

Version identifier: 20.1.0.0 | 2020-11-10 | 9bedb6d68
CPXPARAM_TimeLimit                               300

Multi-objective solve log . . .

Index  Priority  Blend          Objective      Nodes  Time (sec.)  DetTime (ticks)
    1         1      1   3,5847200000e+05       5388         1,75           312,11
    2         0      1   4,8310880000e+07       5340         3,86          2613,08

<<< solve


OBJECTIVE: 358472; 4.831088e+7
xxxx
#Result <fct_obj, tot_cost, DIO, WIP, Emiss>: <3.5847e+5 3.5847e+5 480 8.5852e+5 4.8311e+7 26656 3.3182e+5 0>#CS:358472#DIO:480#WIP:858520#E: 48310880#A:[1,9,29,24,5,18,25,24,25,16,16,2,1,16,15,16,17,16,21,15,19,9,11,8,7,12,4,13,14,7,8,13,14,13,10,7]#X:[0,1,1,1,1,1,0,0,0,0,0,1,1,0,0,0,0,0,0,0,0,0,0,0,0,1,1,0,0,0,0,0,0,0,0,0]#DELIVER:
S8=>P22
S8=>P23
S10=>P24
S8=>P25
S10=>P26
S9=>P27
S9=>P28
S10=>P29
S10=>P30
S8=>P31
S8=>P32
S9=>P33
S8=>P34
S10=>P35
xxxx

<<< post process


<<< done


)
