Array
(
    [CplexRunTime] => -1 sec
    [status] => OPTIMAL
    [termination_reason] => OPTIMAL
    [mip_gap] => 0
    [Result] => Array
        (
            [Objective] => 127450
            [TotalCost] => 127450
            [DIO] => 158
            [WIP] => 284500
            [Emissions] => 33150000
            [RawMCost] => 17348
            [InventCost] => 110100
            [EmisCost] => 0
        )

    [CS] => 127452
    [DIO] => 158
    [WIP] => 284500
    [E] => 33149700
    [A] => Array
        (
            [0] => 1
            [1] => 2
            [2] => 9
            [3] => 23
            [4] => 6
            [5] => 4
            [6] => 16
            [7] => 16
            [8] => 3
            [9] => 4
            [10] => 17
            [11] => 12
            [12] => 12
            [13] => 13
            [14] => 13
            [15] => 7
        )

    [X] => Array
        (
            [0] => 0
            [1] => 1
            [2] => 1
            [3] => 1
            [4] => 1
            [5] => 0
            [6] => 0
            [7] => 0
            [8] => 1
            [9] => 1
            [10] => 1
            [11] => 0
            [12] => 0
            [13] => 0
            [14] => 0
            [15] => 1
        )

    [DELIVER] => Array
        (
            [0] => S4=>P9
            [1] => S9=>P11
            [2] => S1=>P12
            [3] => S2=>P12
            [4] => S3=>P12
            [5] => S4=>P12
            [6] => S5=>P12
            [7] => S8=>P12
            [8] => S10=>P12
            [9] => S1=>P13
            [10] => S2=>P13
            [11] => S4=>P13
            [12] => S10=>P13
            [13] => S9=>P14
            [14] => S4=>P15
        )

    [_raw_output] => 
<<< setup

0 0 -1 0 1 0,25 0,5 0,8 1 0 0 0 0  14
1 2 0 1100 1 0,25 0,5 0,8 1 0 7500 750 1500  14
2 5 1 130 1 0,25 0,5 0,8 1 0 3800 480 1500  14
3 7 1 270 1 0,25 0,5 0,8 1 0 5800 580 1500  14
4 6 1 110 3 0,25 0,5 0,8 1 0 3000 300 1500  14
5 4 2 70 2 0,25 0,5 0,8 1 0 2500 250 1500  14
6 4 3 85 5 0,25 0,5 0,8 1 0 2750 275 1500  14
7 3 3 115 1 0,25 0,5 0,8 1 0 3100 310 1500  14
8 3 4 45 3 0,25 0,5 0,8 1 0 1700 170 1500  14
9 3 5 26 2 0,25 0,5 0,8 1 0 1350 135 1500  14
10 4 5 18 2 0,25 0,5 0,8 1 0 1200 120 1500  14
11 3 6 23 10 0,25 0,5 0,8 1 0 1300 130 1500  14
12 7 6 29 20 0,25 0,5 0,8 1 0 1100 110 1500  14
13 11 10 10 12 0,25 0,5 0,5 1 0 1200 120 1500  14
14 4 7 32 8 0,25 0,5 0,5 1 0 1400 140 1500  14
15 6 8 22 4 0,25 0,5 0,5 1 0 1050 105 1500  14
Node nums: [0 1 2 3 4 5 6 7 8 9 10 11 12 13 14 15]
xx-Data uploaded-xx
	**** start init su array ...
0 [0 0 0 0 0 0 0 0 0 0]
1 [0 0 0 0 0 0 0 0 0 0]
2 [0 0 0 0 0 0 0 0 0 0]
3 [0 0 0 0 0 0 0 0 0 0]
4 [0 0 0 0 0 0 0 0 0 0]
5 [0 0 0 0 0 0 0 0 0 0]
6 [0 0 0 0 0 0 0 0 0 0]
7 [0 0 0 0 0 0 0 0 0 0]
8 [0 0 0 0 0 0 0 0 0 0]
9 [1 1 1 1 1 1 1 1 1 1]
10 [1 1 1 1 1 1 1 1 1 1]
11 [1 1 1 1 1 1 1 1 1 1]
12 [1 1 1 1 1 1 1 1 1 1]
13 [1 1 1 1 1 1 1 1 1 1]
14 [1 1 1 1 1 1 1 1 1 1]
15 [1 1 1 1 1 1 1 1 1 1]
	**** end init su array ...
1 2 1 100 80 0.85 0.92 0.8 (9)9
2 2 0.9 60 75 0.82 0.90 0.9 (9)9
3 1 1.1 80 90 0.88 0.95 0.5 (9)9
4 1 1 80 100 0.86 0.93 0.6 (9)9
5 5 0.6 50 40 0.72 0.78 1.5 (9)9
6 6 0.5 60 45 0.70 0.75 2.0 (9)9
7 7 0.5 80 40 0.68 0.72 2.5 (9)9
8 5 0.3 25 30 0.65 0.70 1.8 (9)9
9 9 0.2 250 15 0.60 0.65 3.5 (9)9
10 1 0.8 30 40 0.80 0.88 0.7 (9)9

<<< generate

Version identifier: 20.1.0.0 | 2020-11-10 | 9bedb6d68
CPXPARAM_TimeLimit                               300

Multi-objective solve log . . .

Index  Priority  Blend          Objective      Nodes  Time (sec.)  DetTime (ticks)
    1         1      1   1,2745200000e+05          0         0,08            25,90
    2         0      1   3,3149700000e+07        785         0,27            52,87

<<< solve


OBJECTIVE: 127452; 3.31497e+7
xxxx
#Result <fct_obj, tot_cost, DIO, WIP, Emiss>: <1.2745e+5 1.2745e+5 158 2.845e+5 3.315e+7 17348 1.101e+5 0>#CS:127452#DIO:158#WIP:284500#E: 33149700#A:[1,2,9,23,6,4,16,16,3,4,17,12,12,13,13,7]#X:[0,1,1,1,1,0,0,0,1,1,1,0,0,0,0,1]#DELIVER:
S4=>P9
S9=>P11
S1=>P12
S2=>P12
S3=>P12
S4=>P12
S5=>P12
S8=>P12
S10=>P12
S1=>P13
S2=>P13
S4=>P13
S10=>P13
S9=>P14
S4=>P15
xxxx

<<< post process


<<< done


)
