Array
(
    [CplexRunTime] => -1 sec
    [status] => OPTIMAL
    [termination_reason] => OPTIMAL
    [mip_gap] => 0
    [Result] => Array
        (
            [Objective] => 220690
            [TotalCost] => 220690
            [DIO] => 116
            [WIP] => 417960
            [Emissions] => 18512000
            [RawMCost] => 53507
            [InventCost] => 167180
            [EmisCost] => 0
        )

    [CS] => 220691
    [DIO] => 116
    [WIP] => 417960
    [E] => 18512205
    [A] => Array
        (
            [0] => 1
            [1] => 5
            [2] => 3
            [3] => 3
            [4] => 3
            [5] => 3
            [6] => 3
            [7] => 2
            [8] => 17
            [9] => 10
            [10] => 13
            [11] => 7
            [12] => 13
            [13] => 7
            [14] => 8
            [15] => 9
            [16] => 3
            [17] => 3
            [18] => 3
        )

    [X] => Array
        (
            [0] => 0
            [1] => 1
            [2] => 0
            [3] => 0
            [4] => 0
            [5] => 0
            [6] => 0
            [7] => 1
            [8] => 1
            [9] => 1
            [10] => 0
            [11] => 0
            [12] => 0
            [13] => 0
            [14] => 0
            [15] => 0
            [16] => 1
            [17] => 1
            [18] => 1
        )

    [DELIVER] => Array
        (
            [0] => S10=>P2
            [1] => S10=>P3
            [2] => S10=>P4
            [3] => S10=>P5
            [4] => S10=>P6
            [5] => S4=>P11
            [6] => S10=>P11
            [7] => S2=>P13
            [8] => S10=>P13
            [9] => S1=>P14
            [10] => S2=>P14
            [11] => S4=>P14
            [12] => S10=>P14
            [13] => S2=>P15
            [14] => S5=>P15
            [15] => S8=>P15
            [16] => S10=>P15
            [17] => S10=>P16
            [18] => S10=>P17
            [19] => S10=>P18
        )

    [_raw_output] => 
<<< setup

0 0 -1 0 0 0.25 0.5 0.8 1 0 0 0 0  14
1 2 0 800 1 0.25 0.5 0.8 1 0 8000 800 1500  14
2 2 1 200 1 0.25 0.5 0.8 1 0 6200 620 1500  14
3 2 1 190 1 0.25 0.5 0.8 1 0 6100 610 1500  14
4 2 1 180 1 0.25 0.5 0.8 1 0 6000 600 1500  14
5 2 1 170 1 0.25 0.5 0.8 1 0 5900 590 1500  14
6 2 1 160 1 0.25 0.5 0.8 1 0 5800 580 1500  14
7 2 0 720 1 0.25 0.5 0.8 1 0 7200 720 1500  14
8 4 7 170 1 0.25 0.5 0.8 1 0 5200 520 1500  14
9 3 7 110 2 0.25 0.5 0.8 1 0 3700 370 1500  14
10 5 8 30 6 0.25 0.5 0.8 1 0 3000 300 1500  14
11 6 9 35 2 0.25 0.5 0.8 1 0 2800 280 1500  14
12 4 8 24 4 0.25 0.5 0.8 1 0 2900 290 1500  14
13 5 9 28 3 0.25 0.5 0.8 1 0 2700 270 1500  14
14 6 10 18 12 0.25 0.5 0.8 1 0 2600 260 1500  14
15 4 12 15 8 0.25 0.5 0.8 1 0 2500 250 1500  14
16 2 0 680 1 0.25 0.5 0.8 1 0 6800 680 1500  14
17 2 0 640 1 0.25 0.5 0.8 1 0 6400 640 1500  14
18 2 0 600 1 0.25 0.5 0.8 1 0 6000 600 1500  14
Node nums: [0 1 2 3 4 5 6 7 8 9 10 11 12 13 14 15 16 17 18]
xx-Data uploaded-xx
	**** start init su array ...
0 [0 0 0 0 0 0 0 0 0 0]
1 [0 0 0 0 0 0 0 0 0 0]
2 [1 1 1 1 1 1 1 1 1 1]
3 [1 1 1 1 1 1 1 1 1 1]
4 [1 1 1 1 1 1 1 1 1 1]
5 [1 1 1 1 1 1 1 1 1 1]
6 [1 1 1 1 1 1 1 1 1 1]
7 [0 0 0 0 0 0 0 0 0 0]
8 [0 0 0 0 0 0 0 0 0 0]
9 [0 0 0 0 0 0 0 0 0 0]
10 [1 1 1 1 1 1 1 1 1 1]
11 [1 1 1 1 1 1 1 1 1 1]
12 [1 1 1 1 1 1 1 1 1 1]
13 [1 1 1 1 1 1 1 1 1 1]
14 [1 1 1 1 1 1 1 1 1 1]
15 [1 1 1 1 1 1 1 1 1 1]
16 [1 1 1 1 1 1 1 1 1 1]
17 [1 1 1 1 1 1 1 1 1 1]
18 [1 1 1 1 1 1 1 1 1 1]
	**** end init su array ...
1 2 1 100 80 0.85 0.92 0.8 (9)9
2 2 0.9 60 75 0.82 0.90 0.9 (9)9
3 1 1.1 80 90 0.88 0.95 0.5 (9)9
4 1 1 80 100 0.86 0.93 0.6 (9)9
5 5 0.6 50 40 0.72 0.78 1.5 (9)9
6 6 0.5 60 45 0.70 0.75 2.0 (9)9
7 7 0.5 80 40 0.68 0.72 2.5 (9)9
8 5 0.3 25 30 0.65 0.70 1.8 (9)9
9 9 0.2 250 15 0.60 0.65 3.5 (9)9
10 1 0.8 30 40 0.80 0.88 0.7 (9)9

<<< generate

Version identifier: 20.1.0.0 | 2020-11-10 | 9bedb6d68
CPXPARAM_TimeLimit                               300

Multi-objective solve log . . .

Index  Priority  Blend          Objective      Nodes  Time (sec.)  DetTime (ticks)
    1         1      1   2,2069100000e+05          0         1,09            29,97
    2         0      1   1,8512205000e+07       1811         0,39           139,40

<<< solve


OBJECTIVE: 220691; 1.851221e+7
xxxx
#Result <fct_obj, tot_cost, DIO, WIP, Emiss>: <2.2069e+5 2.2069e+5 116 4.1796e+5 1.8512e+7 53507 1.6718e+5 0>#CS:220691#DIO:116#WIP:417960#E: 18512205#A:[1,5,3,3,3,3,3,2,17,10,13,7,13,7,8,9,3,3,3]#X:[0,1,0,0,0,0,0,1,1,1,0,0,0,0,0,0,1,1,1]#DELIVER:
S10=>P2
S10=>P3
S10=>P4
S10=>P5
S10=>P6
S4=>P11
S10=>P11
S2=>P13
S10=>P13
S1=>P14
S2=>P14
S4=>P14
S10=>P14
S2=>P15
S5=>P15
S8=>P15
S10=>P15
S10=>P16
S10=>P17
S10=>P18
xxxx

<<< post process


<<< done


)
