Array
(
    [CplexRunTime] => Total (root+branch&cut) =    0,17 sec
    [status] => OPTIMAL
    [termination_reason] => OPTIMAL
    [mip_gap] => 0
    [Result] => Array
        (
            [Objective] => 175240
            [TotalCost] => 175190
            [LeadTime] => 49
            [Emissions] => 4693800
        )

    [CS] => 175186.7
    [A] => Array
        (
            [0] => 0
            [1] => 3
            [2] => 3
            [3] => 3
            [4] => 2
            [5] => 10
            [6] => 3
            [7] => 6
            [8] => 7
            [9] => 6
            [10] => 6
        )

    [X] => Array
        (
            [0] => 0
            [1] => 1
            [2] => 1
            [3] => 1
            [4] => 1
            [5] => 1
            [6] => 1
            [7] => 0
            [8] => 1
            [9] => 0
            [10] => 1
        )

    [Z] => Array
        (
            [0] => 0
            [1] => 0
            [2] => 0
            [3] => 0
            [4] => 0
            [5] => 0
            [6] => 0
            [7] => 0
            [8] => 0
            [9] => 0
            [10] => 0
            [11] => 0
            [12] => 0
            [13] => 0
            [14] => 0
            [15] => 0
            [16] => 0
            [17] => 0
            [18] => 0
            [19] => 1
            [20] => 0
            [21] => 0
            [22] => 0
            [23] => 0
            [24] => 0
            [25] => 0
            [26] => 0
            [27] => 0
            [28] => 0
            [29] => 1
            [30] => 0
            [31] => 0
            [32] => 0
            [33] => 0
            [34] => 0
            [35] => 0
            [36] => 0
            [37] => 0
            [38] => 0
            [39] => 1
            [40] => 0
            [41] => 0
            [42] => 0
            [43] => 0
            [44] => 0
            [45] => 0
            [46] => 0
            [47] => 0
            [48] => 0
            [49] => 0
            [50] => 0
            [51] => 0
            [52] => 0
            [53] => 0
            [54] => 0
            [55] => 0
            [56] => 0
            [57] => 0
            [58] => 0
            [59] => 0
            [60] => 0
            [61] => 0
            [62] => 0
            [63] => 0
            [64] => 0
            [65] => 0
            [66] => 0
            [67] => 0
            [68] => 0
            [69] => 0
            [70] => 0
            [71] => 0
            [72] => 1
            [73] => 1
            [74] => 0
            [75] => 0
            [76] => 0
            [77] => 0
            [78] => 0
            [79] => 1
            [80] => 0
            [81] => 0
            [82] => 0
            [83] => 1
            [84] => 0
            [85] => 0
            [86] => 0
            [87] => 0
            [88] => 0
            [89] => 0
            [90] => 0
            [91] => 1
            [92] => 0
            [93] => 1
            [94] => 0
            [95] => 0
            [96] => 0
            [97] => 0
            [98] => 0
            [99] => 1
            [100] => 0
            [101] => 0
            [102] => 0
            [103] => 1
            [104] => 0
            [105] => 0
            [106] => 0
            [107] => 0
            [108] => 0
            [109] => 0
        )

    [Q] => Array
        (
            [0] => 0
            [1] => 0
            [2] => 0
            [3] => 0
            [4] => 0
            [5] => 0
            [6] => 0
            [7] => 0
            [8] => 0
            [9] => 0
            [10] => 0
            [11] => 0
            [12] => 0
            [13] => 0
            [14] => 0
            [15] => 0
            [16] => 0
            [17] => 0
            [18] => 0
            [19] => 20
            [20] => 0
            [21] => 0
            [22] => 0
            [23] => 0
            [24] => 0
            [25] => 0
            [26] => 0
            [27] => 0
            [28] => 0
            [29] => 20
            [30] => 0
            [31] => 0
            [32] => 0
            [33] => 0
            [34] => 0
            [35] => 0
            [36] => 0
            [37] => 0
            [38] => 0
            [39] => 20
            [40] => 0
            [41] => 0
            [42] => 0
            [43] => 0
            [44] => 0
            [45] => 0
            [46] => 0
            [47] => 0
            [48] => 0
            [49] => 0
            [50] => 0
            [51] => 0
            [52] => 0
            [53] => 0
            [54] => 0
            [55] => 0
            [56] => 0
            [57] => 0
            [58] => 0
            [59] => 0
            [60] => 0
            [61] => 0
            [62] => 0
            [63] => 0
            [64] => 0
            [65] => 0
            [66] => 0
            [67] => 0
            [68] => 0
            [69] => 0
            [70] => 0
            [71] => 0
            [72] => 10
            [73] => 80
            [74] => 0
            [75] => 0
            [76] => 0
            [77] => 0
            [78] => 0
            [79] => 30
            [80] => 0
            [81] => 0
            [82] => 0
            [83] => 40
            [84] => 0
            [85] => 0
            [86] => 0
            [87] => 0
            [88] => 0
            [89] => 0
            [90] => 0
            [91] => 49
            [92] => 0
            [93] => 1
            [94] => 0
            [95] => 0
            [96] => 0
            [97] => 0
            [98] => 0
            [99] => 30
            [100] => 0
            [101] => 0
            [102] => 0
            [103] => 60
            [104] => 0
            [105] => 0
            [106] => 0
            [107] => 0
            [108] => 0
            [109] => 0
        )

    [E] => 4693755
    [DELIVER] => Array
        (
            [0] => S10=>P1
            [1] => S10=>P2
            [2] => S10=>P3
            [3] => S3=>P7
            [4] => S4=>P7
            [5] => S10=>P7
            [6] => S4=>P8
            [7] => S2=>P9
            [8] => S4=>P9
            [9] => S10=>P9
            [10] => S4=>P10
        )

    [_raw_output] => 
<<< setup

0 0 -1 0 0 0.25 0.5 0.8 1 0 0 0 0  14
1 2 0 700 1 0.25 0.5 0.8 1 0 7000 700 1500  14
2 2 0 650 1 0.25 0.5 0.8 1 0 6500 650 1500  14
3 2 0 600 1 0.25 0.5 0.8 1 0 6000 600 1500  14
4 2 0 750 1 0.25 0.5 0.8 1 0 7500 750 1500  14
5 4 4 180 1 0.25 0.5 0.8 1 0 5600 560 1500  14
6 3 4 120 2 0.25 0.5 0.8 1 0 3900 390 1500  14
7 5 5 35 6 0.25 0.5 0.8 1 0 3600 360 1500  14
8 6 6 40 2 0.25 0.5 0.8 1 0 3200 320 1500  14
9 4 5 27 4 0.25 0.5 0.8 1 0 3100 310 1500  14
10 5 6 32 3 0.25 0.5 0.8 1 0 2900 290 1500  14
Node nums: [0 1 2 3 4 5 6 7 8 9 10]
xx-Data uploaded-xx
	**** start init su array ...
0 [0 0 0 0 0 0 0 0 0 0]
1 [1 1 1 1 1 1 1 1 1 1]
2 [1 1 1 1 1 1 1 1 1 1]
3 [1 1 1 1 1 1 1 1 1 1]
4 [0 0 0 0 0 0 0 0 0 0]
5 [0 0 0 0 0 0 0 0 0 0]
6 [0 0 0 0 0 0 0 0 0 0]
7 [1 1 1 1 1 1 1 1 1 1]
8 [1 1 1 1 1 1 1 1 1 1]
9 [1 1 1 1 1 1 1 1 1 1]
10 [1 1 1 1 1 1 1 1 1 1]
	**** end init su array ...
1 2 1 100 80 0.85 0.92 0.8 (9)9
2 2 0.9 60 75 0.82 0.90 0.9 (9)9
3 1 1.1 80 90 0.88 0.95 0.5 (9)9
4 1 1 80 100 0.86 0.93 0.6 (9)9
5 5 0.6 50 40 0.72 0.78 1.5 (9)9
6 6 0.5 60 45 0.70 0.75 2.0 (9)9
7 7 0.5 80 40 0.68 0.72 2.5 (9)9
8 5 0.3 25 30 0.65 0.70 1.8 (9)9
9 9 0.2 250 15 0.60 0.65 3.5 (9)9
10 1 0.8 30 40 0.80 0.88 0.7 (9)9

<<< generate

Version identifier: 20.1.0.0 | 2020-11-10 | 9bedb6d68
CPXPARAM_TimeLimit                               300
Tried aggregator 2 times.
MIP Presolve eliminated 945 rows and 126 columns.
MIP Presolve modified 120 coefficients.
Aggregator did 12 substitutions.
Reduced MIP has 452 rows, 225 columns, and 1223 nonzeros.
Reduced MIP has 76 binaries, 149 generals, 0 SOSs, and 0 indicators.
Presolve time = 0,02 sec. (2,13 ticks)
Probing time = 0,00 sec. (0,17 ticks)
Cover probing fixed 0 vars, tightened 7 bounds.
Tried aggregator 1 time.
Detecting symmetries...
MIP Presolve eliminated 21 rows and 0 columns.
MIP Presolve modified 98 coefficients.
Reduced MIP has 431 rows, 225 columns, and 1181 nonzeros.
Reduced MIP has 76 binaries, 149 generals, 0 SOSs, and 0 indicators.
Presolve time = 0,00 sec. (0,81 ticks)
Probing time = 0,00 sec. (0,15 ticks)
MIP emphasis: balance optimality and feasibility.
MIP search method: dynamic search.
Parallel mode: deterministic, using up to 20 threads.
Root relaxation solution time = 0,00 sec. (1,57 ticks)

        Nodes                                         Cuts/
   Node  Left     Objective  IInf  Best Integer    Best Bound    ItCnt     Gap

      0     0   127354,2224    96                 127354,2224      129         
      0     0   136012,6935    96                    Cuts: 90      219         
      0     0   140730,8421   116                    Cuts: 68      284         
      0     0   150544,1277    91                    Cuts: 36      310         
      0     0   166200,7045    74                    Cuts: 68      349         
      0     0   166441,9537    75                    Cuts: 20      368         
Detecting symmetries...
      0     0   166520,4857    73                    Cuts: 12      381         
      0     0   166710,7545    74                    Cuts: 14      396         
      0     0   166737,4827    76                     Cuts: 3      402         
      0     0   166745,6763    74                     Cuts: 4      407         
      0     0   166787,0037    72                     Cuts: 5      410         
      0     0   166800,1312    74                     Cuts: 4      412         
*     0+    0                       178111,3000   166800,1312             6,35%
*     0+    0                       176651,1000   166800,1312             5,58%
*     0+    0                       176648,4000   166800,1312             5,58%
      0     0  -1,00000e+75     0   176648,4000   166800,1312      412    5,58%
Detecting symmetries...
      0     2   166800,1312    74   176648,4000   166800,1312      412    5,58%
Elapsed time = 0,13 sec. (46,48 ticks, tree = 0,02 MB, solutions = 3)
*   155+   16                       176040,4000   166947,7274             5,17%
*   289+   37                       175235,7000   166947,7274             4,73%

Cover cuts applied:  2
Implied bound cuts applied:  77
Flow cuts applied:  3
Mixed integer rounding cuts applied:  28
Zero-half cuts applied:  25
Lift and project cuts applied:  7
Gomory fractional cuts applied:  26

Root node processing (before b&c):
  Real time             =    0,09 sec. (46,23 ticks)
Parallel b&c, 20 threads:
  Real time             =    0,08 sec. (15,11 ticks)
  Sync time (average)   =    0,04 sec.
  Wait time (average)   =    0,00 sec.
                          ------------
Total (root+branch&cut) =    0,17 sec. (61,34 ticks)

<<< solve


OBJECTIVE: 175235.7
xxxx
#Result <fct_obj, tot_cst, tot_ldt, Emiss>: <1.7524e+5 1.7519e+5 49 4.6938e+6>#CS:175186.7#A:[0,3,3,3,2,10,3,6,7,6,6]#X:[0,1,1,1,1,1,1,0,1,0,1]#Z:[0,0,0,0,0,0,0,0,0,0,0,0,0,0,0,0,0,0,0,1,0,0,0,0,0,0,0,0,0,1,0,0,0,0,0,0,0,0,0,1,0,0,0,0,0,0,0,0,0,0,0,0,0,0,0,0,0,0,0,0,0,0,0,0,0,0,0,0,0,0,0,0,1,1,0,0,0,0,0,1,0,0,0,1,0,0,0,0,0,0,0,1,0,1,0,0,0,0,0,1,0,0,0,1,0,0,0,0,0,0]#Q:[0,0,0,0,0,0,0,0,0,0,0,0,0,0,0,0,0,0,0,20,0,0,0,0,0,0,0,0,0,20,0,0,0,0,0,0,0,0,0,20,0,0,0,0,0,0,0,0,0,0,0,0,0,0,0,0,0,0,0,0,0,0,0,0,0,0,0,0,0,0,0,0,10,80,0,0,0,0,0,30,0,0,0,40,0,0,0,0,0,0,0,49,0,1,0,0,0,0,0,30,0,0,0,60,0,0,0,0,0,0]#E: 4693755#DELIVER:
S10=>P1
S10=>P2
S10=>P3
S3=>P7
S4=>P7
S10=>P7
S4=>P8
S2=>P9
S4=>P9
S10=>P9
S4=>P10
xxxx

<<< post process


<<< done


)
