Array
(
    [CplexRunTime] => -1 sec
    [status] => OPTIMAL
    [termination_reason] => OPTIMAL
    [mip_gap] => 0
    [Result] => Array
        (
            [Objective] => 625890
            [TotalCost] => 625890
            [DIO] => 453
            [WIP] => 1237300
            [Emissions] => 20450000
            [RawMCost] => 130960
            [InventCost] => 494930
            [EmisCost] => 0
        )

    [CS] => 625892
    [DIO] => 453
    [WIP] => 1237320
    [E] => 20449523.6
    [A] => Array
        (
            [0] => 1
            [1] => 2
            [2] => 19
            [3] => 14
            [4] => 12
            [5] => 13
            [6] => 15
            [7] => 15
            [8] => 15
            [9] => 15
            [10] => 11
            [11] => 11
            [12] => 11
            [13] => 11
            [14] => 4
            [15] => 4
            [16] => 6
            [17] => 7
            [18] => 5
            [19] => 4
            [20] => 6
            [21] => 7
            [22] => 9
            [23] => 8
            [24] => 10
            [25] => 11
            [26] => 9
            [27] => 12
            [28] => 10
            [29] => 11
            [30] => 9
            [31] => 8
            [32] => 10
            [33] => 7
            [34] => 9
            [35] => 8
            [36] => 6
            [37] => 7
            [38] => 5
            [39] => 4
            [40] => 6
            [41] => 7
            [42] => 5
            [43] => 8
            [44] => 6
            [45] => 7
            [46] => 5
            [47] => 4
            [48] => 6
            [49] => 7
            [50] => 5
            [51] => 4
            [52] => 6
            [53] => 7
            [54] => 5
            [55] => 4
        )

    [X] => Array
        (
            [0] => 0
            [1] => 1
            [2] => 1
            [3] => 1
            [4] => 1
            [5] => 1
            [6] => 0
            [7] => 0
            [8] => 0
            [9] => 0
            [10] => 0
            [11] => 0
            [12] => 0
            [13] => 0
            [14] => 0
            [15] => 0
            [16] => 0
            [17] => 0
            [18] => 0
            [19] => 0
            [20] => 0
            [21] => 0
            [22] => 0
            [23] => 0
            [24] => 0
            [25] => 0
            [26] => 0
            [27] => 0
            [28] => 0
            [29] => 0
            [30] => 0
            [31] => 0
            [32] => 0
            [33] => 0
            [34] => 0
            [35] => 0
            [36] => 0
            [37] => 0
            [38] => 0
            [39] => 0
            [40] => 0
            [41] => 0
            [42] => 0
            [43] => 0
            [44] => 0
            [45] => 0
            [46] => 0
            [47] => 0
            [48] => 0
            [49] => 1
            [50] => 0
            [51] => 0
            [52] => 1
            [53] => 1
            [54] => 1
            [55] => 1
        )

    [DELIVER] => Array
        (
            [0] => S10=>P15
            [1] => S10=>P16
            [2] => S10=>P17
            [3] => S10=>P18
            [4] => S10=>P19
            [5] => S10=>P20
            [6] => S10=>P21
            [7] => S8=>P22
            [8] => S8=>P23
            [9] => S8=>P24
            [10] => S8=>P25
            [11] => S8=>P26
            [12] => S9=>P27
            [13] => S8=>P28
            [14] => S8=>P29
            [15] => S8=>P30
            [16] => S8=>P31
            [17] => S8=>P32
            [18] => S10=>P33
            [19] => S8=>P34
            [20] => S8=>P35
            [21] => S10=>P36
            [22] => S10=>P37
            [23] => S10=>P38
            [24] => S10=>P39
            [25] => S10=>P40
            [26] => S10=>P41
            [27] => S10=>P42
            [28] => S8=>P43
            [29] => S10=>P44
            [30] => S10=>P45
            [31] => S10=>P46
            [32] => S10=>P47
            [33] => S10=>P48
            [34] => S10=>P49
            [35] => S10=>P50
            [36] => S10=>P51
            [37] => S10=>P52
            [38] => S10=>P53
            [39] => S10=>P54
            [40] => S10=>P55
        )

    [_raw_output] => 
<<< setup

0 0 -1 0 1 0,25 0,5 0,8 1 0 0 0 0 13
1 2 0 4000 1 0,25 0,5 0,8 1 0 9000 900 1500 13
2 4 1 950 1 0,25 0,5 0,8 1 0 8200 820 1500 13
3 3 1 930 1 0,25 0,5 0,8 1 0 8000 800 1500 13
4 5 1 910 1 0,25 0,5 0,8 1 0 7800 780 1500 13
5 6 1 890 1 0,25 0,5 0,8 1 0 7600 760 1500 13
6 4 2 850 1 0,25 0,5 0,8 1 0 7400 740 1500 13
7 3 2 830 1 0,25 0,5 0,8 1 0 7200 720 1500 13
8 5 2 810 1 0,25 0,5 0,8 1 0 7000 700 1500 13
9 6 2 790 1 0,25 0,5 0,8 1 0 6800 680 1500 13
10 4 3 770 1 0,25 0,5 0,8 1 0 6600 660 1500 13
11 3 3 750 1 0,25 0,5 0,8 1 0 6400 640 1500 13
12 5 3 730 1 0,25 0,5 0,8 1 0 6200 620 1500 13
13 6 3 710 1 0,25 0,5 0,8 1 0 6000 600 1500 13
14 4 4 690 1 0,25 0,5 0,8 1 0 5800 580 1500 13
15 3 4 670 1 0,25 0,5 0,8 1 0 5600 560 1500 13
16 5 4 650 1 0,25 0,5 0,8 1 0 5400 540 1500 13
17 6 4 630 1 0,25 0,5 0,8 1 0 5200 520 1500 13
18 4 5 610 1 0,25 0,5 0,8 1 0 5000 500 1500 13
19 3 5 590 1 0,25 0,5 0,8 1 0 4800 480 1500 13
20 5 5 570 1 0,25 0,5 0,8 1 0 4600 460 1500 13
21 6 5 550 1 0,25 0,5 0,8 1 0 4400 440 1500 13
22 4 6 530 1 0,25 0,5 0,8 1 0 4200 420 1500 13
23 3 6 510 1 0,25 0,5 0,8 1 0 4000 400 1500 13
24 5 6 490 1 0,25 0,5 0,8 1 0 3800 380 1500 13
25 6 6 470 1 0,25 0,5 0,8 1 0 3600 360 1500 13
26 4 7 450 1 0,25 0,5 0,8 1 0 3400 340 1500 13
27 3 7 430 1 0,25 0,5 0,8 1 0 3200 320 1500 13
28 5 7 410 1 0,25 0,5 0,8 1 0 3000 300 1500 13
29 6 7 390 1 0,25 0,5 0,8 1 0 2800 280 1500 13
30 4 8 370 1 0,25 0,5 0,8 1 0 2600 260 1500 13
31 3 8 350 1 0,25 0,5 0,8 1 0 2400 240 1500 13
32 5 8 330 1 0,25 0,5 0,8 1 0 2200 220 1500 13
33 6 8 310 1 0,25 0,5 0,8 1 0 2000 200 1500 13
34 4 9 290 1 0,25 0,5 0,8 1 0 1800 180 1500 13
35 3 9 270 1 0,25 0,5 0,8 1 0 1600 160 1500 13
36 5 9 250 1 0,25 0,5 0,8 1 0 1400 140 1500 13
37 6 9 230 1 0,25 0,5 0,8 1 0 1200 120 1500 13
38 4 10 210 1 0,25 0,5 0,8 1 0 1000 100 1500 13
39 3 10 190 1 0,25 0,5 0,8 1 0 800 80 1500 13
40 5 10 170 1 0,25 0,5 0,8 1 0 600 60 1500 13
41 6 10 150 1 0,25 0,5 0,8 1 0 400 40 1500 13
42 4 11 130 1 0,25 0,5 0,8 1 0 300 30 1500 13
43 3 11 110 1 0,25 0,5 0,8 1 0 200 20 1500 13
44 5 11 90 1 0,25 0,5 0,8 1 0 150 15 1500 13
45 6 11 70 1 0,25 0,5 0,8 1 0 100 10 1500 13
46 4 12 50 1 0,25 0,5 0,8 1 0 80 8 1500 13
47 3 12 30 1 0,25 0,5 0,8 1 0 50 5 1500 13
48 5 12 20 1 0,25 0,5 0,8 1 0 30 3 1500 13
49 6 12 15 1 0,25 0,5 0,8 1 0 20 2 1500 13
50 4 13 10 1 0,25 0,5 0,8 1 0 15 1,5 1500 13
51 3 13 8 1 0,25 0,5 0,8 1 0 12 1,2 1500 13
52 5 13 5 1 0,25 0,5 0,8 1 0 10 1 1500 13
53 6 13 3 1 0,25 0,5 0,8 1 0 8 0,8 1500 13
54 4 14 2 1 0,25 0,5 0,8 1 0 5 0,5 1500 13
55 3 14 1 1 0,25 0,5 0,8 1 0 3 0,3 1500 13
Node nums: [0 1 2 3 4 5 6 7 8 9 10 11 12 13 14 15 16 17 18 19 20 21 22 23 24 25 26 27
     28 29 30 31 32 33 34 35 36 37 38 39 40 41 42 43 44 45 46 47 48 49 50 51
     52 53 54 55]
xx-Data uploaded-xx
	**** start init su array ...
0 [0 0 0 0 0 0 0 0 0 0]
1 [0 0 0 0 0 0 0 0 0 0]
2 [0 0 0 0 0 0 0 0 0 0]
3 [0 0 0 0 0 0 0 0 0 0]
4 [0 0 0 0 0 0 0 0 0 0]
5 [0 0 0 0 0 0 0 0 0 0]
6 [0 0 0 0 0 0 0 0 0 0]
7 [0 0 0 0 0 0 0 0 0 0]
8 [0 0 0 0 0 0 0 0 0 0]
9 [0 0 0 0 0 0 0 0 0 0]
10 [0 0 0 0 0 0 0 0 0 0]
11 [0 0 0 0 0 0 0 0 0 0]
12 [0 0 0 0 0 0 0 0 0 0]
13 [0 0 0 0 0 0 0 0 0 0]
14 [0 0 0 0 0 0 0 0 0 0]
15 [1 1 1 1 1 1 1 1 1 1]
16 [1 1 1 1 1 1 1 1 1 1]
17 [1 1 1 1 1 1 1 1 1 1]
18 [1 1 1 1 1 1 1 1 1 1]
19 [1 1 1 1 1 1 1 1 1 1]
20 [1 1 1 1 1 1 1 1 1 1]
21 [1 1 1 1 1 1 1 1 1 1]
22 [1 1 1 1 1 1 1 1 1 1]
23 [1 1 1 1 1 1 1 1 1 1]
24 [1 1 1 1 1 1 1 1 1 1]
25 [1 1 1 1 1 1 1 1 1 1]
26 [1 1 1 1 1 1 1 1 1 1]
27 [1 1 1 1 1 1 1 1 1 1]
28 [1 1 1 1 1 1 1 1 1 1]
29 [1 1 1 1 1 1 1 1 1 1]
30 [1 1 1 1 1 1 1 1 1 1]
31 [1 1 1 1 1 1 1 1 1 1]
32 [1 1 1 1 1 1 1 1 1 1]
33 [1 1 1 1 1 1 1 1 1 1]
34 [1 1 1 1 1 1 1 1 1 1]
35 [1 1 1 1 1 1 1 1 1 1]
36 [1 1 1 1 1 1 1 1 1 1]
37 [1 1 1 1 1 1 1 1 1 1]
38 [1 1 1 1 1 1 1 1 1 1]
39 [1 1 1 1 1 1 1 1 1 1]
40 [1 1 1 1 1 1 1 1 1 1]
41 [1 1 1 1 1 1 1 1 1 1]
42 [1 1 1 1 1 1 1 1 1 1]
43 [1 1 1 1 1 1 1 1 1 1]
44 [1 1 1 1 1 1 1 1 1 1]
45 [1 1 1 1 1 1 1 1 1 1]
46 [1 1 1 1 1 1 1 1 1 1]
47 [1 1 1 1 1 1 1 1 1 1]
48 [1 1 1 1 1 1 1 1 1 1]
49 [1 1 1 1 1 1 1 1 1 1]
50 [1 1 1 1 1 1 1 1 1 1]
51 [1 1 1 1 1 1 1 1 1 1]
52 [1 1 1 1 1 1 1 1 1 1]
53 [1 1 1 1 1 1 1 1 1 1]
54 [1 1 1 1 1 1 1 1 1 1]
55 [1 1 1 1 1 1 1 1 1 1]
	**** end init su array ...
1 2 1 700 80 0.85 0.92 0.8 (9)9
2 2 0.9 800 75 0.82 0.90 0.9 (9)9
3 1 1.1 680 90 0.88 0.95 0.5 (9)9
4 1 1 480 100 0.86 0.93 0.6 (9)9
5 5 0.6 550 40 0.72 0.78 1.5 (9)9
6 6 0.5 650 45 0.70 0.75 2.0 (9)9
7 7 0.5 1100 40 0.68 0.72 2.5 (9)9
8 5 0.3 700 30 0.65 0.70 1.8 (9)9
9 9 0.2 1700 15 0.60 0.65 3.5 (9)9
10 1 0.8 5800 40 0.80 0.88 0.7 (9)9

<<< generate

Version identifier: 20.1.0.0 | 2020-11-10 | 9bedb6d68
CPXPARAM_TimeLimit                               300

Multi-objective solve log . . .

Index  Priority  Blend          Objective      Nodes  Time (sec.)  DetTime (ticks)
    1         1      1   6,2589200000e+05       7937         6,06          4900,68
    2         0      1   2,0449523600e+07       6265        12,52          8949,12

<<< solve


OBJECTIVE: 625892; 2.044952e+7
xxxx
#Result <fct_obj, tot_cost, DIO, WIP, Emiss>: <6.2589e+5 6.2589e+5 453 1.2373e+6 2.045e+7 1.3096e+5 4.9493e+5 0>#CS:625892#DIO:453#WIP:1237320#E: 20449523.599999998#A:[1,2,19,14,12,13,15,15,15,15,11,11,11,11,4,4,6,7,5,4,6,7,9,8,10,11,9,12,10,11,9,8,10,7,9,8,6,7,5,4,6,7,5,8,6,7,5,4,6,7,5,4,6,7,5,4]#X:[0,1,1,1,1,1,0,0,0,0,0,0,0,0,0,0,0,0,0,0,0,0,0,0,0,0,0,0,0,0,0,0,0,0,0,0,0,0,0,0,0,0,0,0,0,0,0,0,0,1,0,0,1,1,1,1]#DELIVER:
S10=>P15
S10=>P16
S10=>P17
S10=>P18
S10=>P19
S10=>P20
S10=>P21
S8=>P22
S8=>P23
S8=>P24
S8=>P25
S8=>P26
S9=>P27
S8=>P28
S8=>P29
S8=>P30
S8=>P31
S8=>P32
S10=>P33
S8=>P34
S8=>P35
S10=>P36
S10=>P37
S10=>P38
S10=>P39
S10=>P40
S10=>P41
S10=>P42
S8=>P43
S10=>P44
S10=>P45
S10=>P46
S10=>P47
S10=>P48
S10=>P49
S10=>P50
S10=>P51
S10=>P52
S10=>P53
S10=>P54
S10=>P55
xxxx

<<< post process


<<< done


)
