Array
(
    [CplexRunTime] => -1 sec
    [status] => OPTIMAL
    [termination_reason] => OPTIMAL
    [mip_gap] => 0
    [Result] => Array
        (
            [Objective] => 98537
            [TotalCost] => 98537
            [DIO] => 75
            [WIP] => 205800
            [Emissions] => 10080000
            [RawMCost] => 16217
            [InventCost] => 82320
            [EmisCost] => 0
        )

    [CS] => 98537
    [DIO] => 75
    [WIP] => 205800
    [E] => 10080095
    [A] => Array
        (
            [0] => 1
            [1] => 2
            [2] => 16
            [3] => 10
            [4] => 12
            [5] => 7
            [6] => 10
            [7] => 7
            [8] => 7
            [9] => 3
        )

    [X] => Array
        (
            [0] => 0
            [1] => 1
            [2] => 1
            [3] => 1
            [4] => 0
            [5] => 0
            [6] => 0
            [7] => 0
            [8] => 0
            [9] => 1
        )

    [DELIVER] => Array
        (
            [0] => S4=>P5
            [1] => S10=>P5
            [2] => S6=>P6
            [3] => S8=>P6
            [4] => S2=>P7
            [5] => S10=>P7
            [6] => S4=>P8
            [7] => S10=>P8
            [8] => S10=>P9
        )

    [_raw_output] => 
<<< setup

0 0 -1 0 0 0.25 0.5 0.8 1 0 0 0 0  14
1 2 0 750 1 0.25 0.5 0.8 1 0 7500 750 1500  14
2 4 1 180 1 0.25 0.5 0.8 1 0 5600 560 1500  14
3 3 1 120 2 0.25 0.5 0.8 1 0 3900 390 1500  14
4 5 2 35 6 0.25 0.5 0.8 1 0 3600 360 1500  14
5 6 3 40 2 0.25 0.5 0.8 1 0 3200 320 1500  14
6 4 2 27 4 0.25 0.5 0.8 1 0 3100 310 1500  14
7 5 3 32 3 0.25 0.5 0.8 1 0 2900 290 1500  14
8 6 4 20 5 0.25 0.5 0.8 1 0 2600 260 1500  14
9 2 0 650 1 0.25 0.5 0.8 1 0 6500 650 1500  14
Node nums: [0 1 2 3 4 5 6 7 8 9]
xx-Data uploaded-xx
	**** start init su array ...
0 [0 0 0 0 0 0 0 0 0 0]
1 [0 0 0 0 0 0 0 0 0 0]
2 [0 0 0 0 0 0 0 0 0 0]
3 [0 0 0 0 0 0 0 0 0 0]
4 [1 1 1 1 1 1 1 1 1 1]
5 [1 1 1 1 1 1 1 1 1 1]
6 [1 1 1 1 1 1 1 1 1 1]
7 [1 1 1 1 1 1 1 1 1 1]
8 [1 1 1 1 1 1 1 1 1 1]
9 [1 1 1 1 1 1 1 1 1 1]
	**** end init su array ...
1 2 1 100 80 0.85 0.92 0.8 (9)9
2 2 0.9 60 75 0.82 0.90 0.9 (9)9
3 1 1.1 80 90 0.88 0.95 0.5 (9)9
4 1 1 80 100 0.86 0.93 0.6 (9)9
5 5 0.6 50 40 0.72 0.78 1.5 (9)9
6 6 0.5 60 45 0.70 0.75 2.0 (9)9
7 7 0.5 80 40 0.68 0.72 2.5 (9)9
8 5 0.3 25 30 0.65 0.70 1.8 (9)9
9 9 0.2 250 15 0.60 0.65 3.5 (9)9
10 1 0.8 30 40 0.80 0.88 0.7 (9)9

<<< generate

Version identifier: 20.1.0.0 | 2020-11-10 | 9bedb6d68
CPXPARAM_TimeLimit                               300

Multi-objective solve log . . .

Index  Priority  Blend          Objective      Nodes  Time (sec.)  DetTime (ticks)
    1         1      1   9,8537000000e+04          0         0,09            25,69
    2         0      1   1,0080095000e+07       1182         0,14            77,60

<<< solve


OBJECTIVE: 98537; 1.00801e+7
xxxx
#Result <fct_obj, tot_cost, DIO, WIP, Emiss>: <98537 98537 75 2.058e+5 1.008e+7 16217 82320 0>#CS:98537#DIO:75#WIP:205800#E: 10080095#A:[1,2,16,10,12,7,10,7,7,3]#X:[0,1,1,1,0,0,0,0,0,1]#DELIVER:
S4=>P5
S10=>P5
S6=>P6
S8=>P6
S2=>P7
S10=>P7
S4=>P8
S10=>P8
S10=>P9
xxxx

<<< post process


<<< done


)
