Array
(
    [CplexRunTime] => Total (root+branch&cut) =    0,05 sec
    [status] => OPTIMAL
    [termination_reason] => OPTIMAL
    [mip_gap] => 0
    [Result] => Array
        (
            [Objective] => 48714
            [TotalCost] => 48684
            [LeadTime] => 30
            [Emissions] => 2932200
        )

    [TS] => 48683.983
    [CS] => 48640
    [TaxCost] => 43.983
    [A] => Array
        (
            [0] => 0
            [1] => 2
            [2] => 5
            [3] => 12
            [4] => 5
            [5] => 6
        )

    [X] => Array
        (
            [0] => 0
            [1] => 1
            [2] => 1
            [3] => 1
            [4] => 0
            [5] => 0
        )

    [Z] => Array
        (
            [0] => 0
            [1] => 0
            [2] => 0
            [3] => 0
            [4] => 0
            [5] => 0
            [6] => 0
            [7] => 0
            [8] => 0
            [9] => 0
            [10] => 0
            [11] => 0
            [12] => 0
            [13] => 0
            [14] => 0
            [15] => 0
            [16] => 0
            [17] => 0
            [18] => 0
            [19] => 0
            [20] => 0
            [21] => 0
            [22] => 0
            [23] => 0
            [24] => 0
            [25] => 0
            [26] => 0
            [27] => 0
            [28] => 0
            [29] => 1
            [30] => 0
            [31] => 0
            [32] => 0
            [33] => 0
            [34] => 0
            [35] => 0
            [36] => 0
            [37] => 0
            [38] => 0
            [39] => 0
            [40] => 1
            [41] => 1
            [42] => 0
            [43] => 0
            [44] => 0
            [45] => 0
            [46] => 0
            [47] => 0
            [48] => 0
            [49] => 1
            [50] => 0
            [51] => 0
            [52] => 0
            [53] => 1
            [54] => 0
            [55] => 0
            [56] => 0
            [57] => 0
            [58] => 0
            [59] => 1
        )

    [Q] => Array
        (
            [0] => 0
            [1] => 0
            [2] => 0
            [3] => 0
            [4] => 0
            [5] => 0
            [6] => 0
            [7] => 0
            [8] => 0
            [9] => 0
            [10] => 0
            [11] => 0
            [12] => 0
            [13] => 0
            [14] => 0
            [15] => 0
            [16] => 0
            [17] => 0
            [18] => 0
            [19] => 0
            [20] => 0
            [21] => 0
            [22] => 0
            [23] => 0
            [24] => 0
            [25] => 0
            [26] => 0
            [27] => 0
            [28] => 0
            [29] => 20
            [30] => 0
            [31] => 0
            [32] => 0
            [33] => 0
            [34] => 0
            [35] => 0
            [36] => 0
            [37] => 0
            [38] => 0
            [39] => 0
            [40] => 30
            [41] => 60
            [42] => 0
            [43] => 0
            [44] => 0
            [45] => 0
            [46] => 0
            [47] => 0
            [48] => 0
            [49] => 30
            [50] => 0
            [51] => 0
            [52] => 0
            [53] => 10
            [54] => 0
            [55] => 0
            [56] => 0
            [57] => 0
            [58] => 0
            [59] => 30
        )

    [E] => 2932200
    [Cap] => 2932200
    [Tax] => 15
    [DELIVER] => Array
        (
            [0] => S10=>P2
            [1] => S1=>P4
            [2] => S2=>P4
            [3] => S10=>P4
            [4] => S4=>P5
            [5] => S10=>P5
        )

    [_raw_output] => 
<<< setup

0 0 -1 0 0 0.25 0.5 0.8 1 0 0 0 0  14
1 2 0 700 1 0.25 0.5 0.8 1 0 7000 700 1500  14
2 4 1 165 1 0.25 0.5 0.8 1 0 5000 500 1500  14
3 6 1 100 2 0.25 0.5 0.8 1 0 3500 350 1500  14
4 3 3 25 6 0.25 0.5 0.8 1 0 3000 300 1500  14
5 5 3 30 2 0.25 0.5 0.8 1 0 2500 250 1500  14
Node nums: [0 1 2 3 4 5]
xx-Data uploaded-xx
	**** start init su array ...
0 [0 0 0 0 0 0 0 0 0 0]
1 [0 0 0 0 0 0 0 0 0 0]
2 [1 1 1 1 1 1 1 1 1 1]
3 [0 0 0 0 0 0 0 0 0 0]
4 [1 1 1 1 1 1 1 1 1 1]
5 [1 1 1 1 1 1 1 1 1 1]
	**** end init su array ...
1 2 1 100 80 0.85 0.92 0.8 (9)9
2 2 0.9 60 75 0.82 0.90 0.9 (9)9
3 1 1.1 80 90 0.88 0.95 0.5 (9)9
4 1 1 80 100 0.86 0.93 0.6 (9)9
5 5 0.6 50 40 0.72 0.78 1.5 (9)9
6 6 0.5 60 45 0.70 0.75 2.0 (9)9
7 7 0.5 80 40 0.68 0.72 2.5 (9)9
8 5 0.3 25 30 0.65 0.70 1.8 (9)9
9 9 0.2 250 15 0.60 0.65 3.5 (9)9
10 1 0.8 30 40 0.80 0.88 0.7 (9)9

<<< generate

Version identifier: 20.1.0.0 | 2020-11-10 | 9bedb6d68
CPXPARAM_TimeLimit                               300
Tried aggregator 2 times.
MIP Presolve eliminated 419 rows and 93 columns.
MIP Presolve modified 119 coefficients.
Aggregator did 5 substitutions.
Reduced MIP has 200 rows, 100 columns, and 542 nonzeros.
Reduced MIP has 34 binaries, 66 generals, 0 SOSs, and 0 indicators.
Presolve time = 0,02 sec. (1,23 ticks)
Probing time = 0,00 sec. (0,07 ticks)
Cover probing fixed 0 vars, tightened 3 bounds.
Tried aggregator 1 time.
Detecting symmetries...
MIP Presolve eliminated 9 rows and 0 columns.
MIP Presolve modified 75 coefficients.
Reduced MIP has 191 rows, 100 columns, and 524 nonzeros.
Reduced MIP has 34 binaries, 66 generals, 0 SOSs, and 0 indicators.
Presolve time = 0,00 sec. (0,50 ticks)
Probing time = 0,00 sec. (0,07 ticks)
MIP emphasis: balance optimality and feasibility.
MIP search method: dynamic search.
Parallel mode: deterministic, using up to 20 threads.
Root relaxation solution time = 0,00 sec. (0,63 ticks)

        Nodes                                         Cuts/
   Node  Left     Objective  IInf  Best Integer    Best Bound    ItCnt     Gap

      0     0    41339,6273    47                  41339,6273       59         
      0     0    41792,0537    31                    Cuts: 43       82         
      0     0    42173,6188    56                    Cuts: 29      110         
      0     0    42313,5445    64                    Cuts: 20      135         
      0     0    42326,6365    62                    Cuts: 12      146         
      0     0    42382,6414    62                    Cuts: 14      154         
Detecting symmetries...
      0     0    42384,0667    62                     Cuts: 4      157         
      0     0    42388,7617    62                     Cuts: 4      160         
      0     0    42399,8971    64                 Impl Bds: 2      163         
      0     0    42401,7090    64                     Cuts: 3      167         
*     0+    0                        71520,3642    42401,7090            40,71%
*     0+    0                        48713,9830    42401,7090            12,96%
      0     0        cutoff          48713,9830    48713,9830      167    0,00%
Elapsed time = 0,05 sec. (16,33 ticks, tree = 0,01 MB, solutions = 2)

Implied bound cuts applied:  21
Mixed integer rounding cuts applied:  4
Zero-half cuts applied:  6
Lift and project cuts applied:  1
Gomory fractional cuts applied:  4

Root node processing (before b&c):
  Real time             =    0,05 sec. (16,33 ticks)
Parallel b&c, 20 threads:
  Real time             =    0,00 sec. (0,00 ticks)
  Sync time (average)   =    0,00 sec.
  Wait time (average)   =    0,00 sec.
                          ------------
Total (root+branch&cut) =    0,05 sec. (16,33 ticks)

<<< solve


OBJECTIVE: 48713.98
xxxx
#Result <fct_obj, tot_cst, tot_ldt, Emiss>: <48714 48684 30 2.9322e+6>#TS:48683.983#CS:48640#TaxCost:43.983#A:[0,2,5,12,5,6]#X:[0,1,1,1,0,0]#Z:[0,0,0,0,0,0,0,0,0,0,0,0,0,0,0,0,0,0,0,0,0,0,0,0,0,0,0,0,0,1,0,0,0,0,0,0,0,0,0,0,1,1,0,0,0,0,0,0,0,1,0,0,0,1,0,0,0,0,0,1]#Q:[0,0,0,0,0,0,0,0,0,0,0,0,0,0,0,0,0,0,0,0,0,0,0,0,0,0,0,0,0,20,0,0,0,0,0,0,0,0,0,0,30,60,0,0,0,0,0,0,0,30,0,0,0,10,0,0,0,0,0,30]#E: 2932200#Cap: 2932200#Tax: 15#DELIVER:
S10=>P2
S1=>P4
S2=>P4
S10=>P4
S4=>P5
S10=>P5
xxxx

<<< post process


<<< done


)
