Array
(
    [CplexRunTime] => 1.69 sec
    [status] => OPTIMAL
    [termination_reason] => OPTIMAL
    [mip_gap] => 0
    [Result] => Array
        (
            [Objective] => 273090
            [TotalCost] => 273090
            [DIO] => 320
            [WIP] => 633100
            [Emissions] => 31154000
            [RawMCost] => 24910
            [InventCost] => 248180
            [EmisCost] => 0
        )

    [CS] => 273094
    [DIO] => 320
    [WIP] => 633096
    [E] => 31154440
    [A] => Array
        (
            [0] => 1
            [1] => 9
            [2] => 26
            [3] => 24
            [4] => 7
            [5] => 12
            [6] => 22
            [7] => 19
            [8] => 20
            [9] => 16
            [10] => 16
            [11] => 2
            [12] => 2
            [13] => 8
            [14] => 10
            [15] => 10
            [16] => 14
            [17] => 12
            [18] => 16
            [19] => 11
            [20] => 14
            [21] => 11
            [22] => 11
            [23] => 8
            [24] => 7
            [25] => 12
        )

    [X] => Array
        (
            [0] => 0
            [1] => 1
            [2] => 1
            [3] => 1
            [4] => 1
            [5] => 1
            [6] => 0
            [7] => 0
            [8] => 0
            [9] => 0
            [10] => 0
            [11] => 0
            [12] => 0
            [13] => 0
            [14] => 0
            [15] => 0
            [16] => 0
            [17] => 0
            [18] => 0
            [19] => 0
            [20] => 0
            [21] => 0
            [22] => 0
            [23] => 0
            [24] => 0
            [25] => 1
        )

    [DELIVER] => Array
        (
            [0] => S10=>P12
            [1] => S8=>P13
            [2] => S9=>P14
            [3] => S10=>P15
            [4] => S8=>P16
            [5] => S9=>P17
            [6] => S9=>P18
            [7] => S9=>P19
            [8] => S8=>P20
            [9] => S9=>P21
            [10] => S8=>P22
            [11] => S8=>P23
            [12] => S10=>P24
            [13] => S8=>P25
        )

    [_raw_output] => 
<<< setup

0 0 -1 0 1 0,25 0,5 0,8 1 0 0 0 0  14
1 9 0 1500 1 0,25 0,5 0,8 1 0 8500 850 1500  14
2 4 1 150 1 0,25 0,5 0,8 1 0 4200 520 1500  14
3 8 1 310 1 0,25 0,5 0,8 1 0 6200 620 1500  14
4 5 1 130 3 0,25 0,5 0,8 1 0 3400 340 1500  14
5 2 1 100 2 0,25 0,5 0,8 1 0 2700 270 1500  14
6 8 2 95 3 0,25 0,5 0,8 1 0 2900 290 1500  14
7 3 2 90 2 0,25 0,5 0,8 1 0 3200 320 1500  14
8 6 2 85 1 0,25 0,5 0,8 1 0 1900 190 1500  14
9 5 3 88 2 0,25 0,5 0,8 1 0 1550 155 1500  14
10 9 3 83 3 0,25 0,5 0,8 1 0 1400 140 1500  14
11 2 4 77 2 0,25 0,5 0,8 1 0 1450 145 1500  14
12 1 4 73 3 0,25 0,5 0,8 1 0 1250 125 1500  14
13 3 5 67 8 0,25 0,5 0,5 1 0 1300 130 1500  14
14 1 5 71 6 0,25 0,5 0,5 1 0 1300 130 1500  14
15 9 5 75 2 0,25 0,5 0,5 1 0 1300 130 1500  14
16 9 6 69 9 0,25 0,5 0,5 1 0 2300 230 1500  14
17 3 6 63 6 0,25 0,5 0,5 1 0 2200 220 1500  14
18 7 7 60 2 0,25 0,5 0,5 1 0 2500 250 1500  14
19 2 8 61 1 0,25 0,5 0,5 1 0 1400 140 1500  14
20 9 8 65 2 0,25 0,5 0,5 1 0 1600 160 1500  14
21 2 9 59 6 0,25 0,5 0,5 1 0 1250 125 1500  14
22 6 9 56 4 0,25 0,5 0,5 1 0 1200 120 1500  14
23 3 9 64 4 0,25 0,5 0,5 1 0 1150 115 1500  14
24 6 10 50 3 0,25 0,5 0,5 1 0 1050 105 1500  14
25 7 11 54 2 0,25 0,5 0,5 1 0 1100 110 1500  14
Node nums: [0 1 2 3 4 5 6 7 8 9 10 11 12 13 14 15 16 17 18 19 20 21 22 23 24 25]
xx-Data uploaded-xx
	**** start init su array ...
0 [0 0 0 0 0 0 0 0 0 0]
1 [0 0 0 0 0 0 0 0 0 0]
2 [0 0 0 0 0 0 0 0 0 0]
3 [0 0 0 0 0 0 0 0 0 0]
4 [0 0 0 0 0 0 0 0 0 0]
5 [0 0 0 0 0 0 0 0 0 0]
6 [0 0 0 0 0 0 0 0 0 0]
7 [0 0 0 0 0 0 0 0 0 0]
8 [0 0 0 0 0 0 0 0 0 0]
9 [0 0 0 0 0 0 0 0 0 0]
10 [0 0 0 0 0 0 0 0 0 0]
11 [0 0 0 0 0 0 0 0 0 0]
12 [1 1 1 1 1 1 1 1 1 1]
13 [1 1 1 1 1 1 1 1 1 1]
14 [1 1 1 1 1 1 1 1 1 1]
15 [1 1 1 1 1 1 1 1 1 1]
16 [1 1 1 1 1 1 1 1 1 1]
17 [1 1 1 1 1 1 1 1 1 1]
18 [1 1 1 1 1 1 1 1 1 1]
19 [1 1 1 1 1 1 1 1 1 1]
20 [1 1 1 1 1 1 1 1 1 1]
21 [1 1 1 1 1 1 1 1 1 1]
22 [1 1 1 1 1 1 1 1 1 1]
23 [1 1 1 1 1 1 1 1 1 1]
24 [1 1 1 1 1 1 1 1 1 1]
25 [1 1 1 1 1 1 1 1 1 1]
	**** end init su array ...
1 2 1 700 80 0.85 0.92 0.8 (9)9
2 2 0.9 800 75 0.82 0.90 0.9 (9)9
3 1 1.1 680 90 0.88 0.95 0.5 (9)9
4 1 1 480 100 0.86 0.93 0.6 (9)9
5 5 0.6 550 40 0.72 0.78 1.5 (9)9
6 6 0.5 650 45 0.70 0.75 2.0 (9)9
7 7 0.5 1100 40 0.68 0.72 2.5 (9)9
8 5 0.3 700 30 0.65 0.70 1.8 (9)9
9 9 0.2 1700 15 0.60 0.65 3.5 (9)9
10 1 0.8 5800 40 0.80 0.88 0.7 (9)9

<<< generate

Version identifier: 20.1.0.0 | 2020-11-10 | 9bedb6d68
CPXPARAM_TimeLimit                               300

Multi-objective solve log . . .

Index  Priority  Blend          Objective      Nodes  Time (sec.)  DetTime (ticks)
    1         1      1   2,7309400000e+05       3034         0,39           141,78
    2         0      1   3,1154440000e+07       9306         1,30          1151,69

<<< solve


OBJECTIVE: 273094; 3.115444e+7
xxxx
#Result <fct_obj, tot_cost, DIO, WIP, Emiss>: <2.7309e+5 2.7309e+5 320 6.331e+5 3.1154e+7 24910 2.4818e+5 0>#CS:273094#DIO:320#WIP:633096#E: 31154440#A:[1,9,26,24,7,12,22,19,20,16,16,2,2,8,10,10,14,12,16,11,14,11,11,8,7,12]#X:[0,1,1,1,1,1,0,0,0,0,0,0,0,0,0,0,0,0,0,0,0,0,0,0,0,1]#DELIVER:
S10=>P12
S8=>P13
S9=>P14
S10=>P15
S8=>P16
S9=>P17
S9=>P18
S9=>P19
S8=>P20
S9=>P21
S8=>P22
S8=>P23
S10=>P24
S8=>P25
xxxx

<<< post process


<<< done


)
