Array
(
    [CplexRunTime] => Total (root+branch&cut) =    0,25 sec
    [status] => OPTIMAL
    [termination_reason] => OPTIMAL
    [mip_gap] => 0
    [Result] => Array
        (
            [Objective] => -54
            [TotalCost] => 879830
            [LeadTime] => 440
            [Emissions] => 42410000
        )

    [TS] => 879826.966
    [A] => Array
        (
            [0] => 0
            [1] => 35
            [2] => 26
            [3] => 26
            [4] => 23
            [5] => 20
            [6] => 22
            [7] => 19
            [8] => 22
            [9] => 18
            [10] => 17
            [11] => 18
            [12] => 13
            [13] => 12
            [14] => 10
            [15] => 18
            [16] => 14
            [17] => 12
            [18] => 16
            [19] => 11
            [20] => 16
            [21] => 11
            [22] => 13
            [23] => 12
            [24] => 8
            [25] => 16
            [26] => 12
        )

    [X] => Array
        (
            [0] => 0
            [1] => 1
            [2] => 0
            [3] => 0
            [4] => 0
            [5] => 0
            [6] => 0
            [7] => 0
            [8] => 0
            [9] => 0
            [10] => 0
            [11] => 0
            [12] => 0
            [13] => 0
            [14] => 0
            [15] => 0
            [16] => 0
            [17] => 0
            [18] => 0
            [19] => 0
            [20] => 0
            [21] => 0
            [22] => 0
            [23] => 0
            [24] => 0
            [25] => 0
            [26] => 0
        )

    [Z] => Array
        (
            [0] => 0
            [1] => 0
            [2] => 0
            [3] => 0
            [4] => 0
            [5] => 0
            [6] => 0
            [7] => 0
            [8] => 0
            [9] => 0
            [10] => 0
            [11] => 0
            [12] => 0
            [13] => 0
            [14] => 0
            [15] => 0
            [16] => 0
            [17] => 0
            [18] => 0
            [19] => 0
            [20] => 0
            [21] => 0
            [22] => 0
            [23] => 0
            [24] => 0
            [25] => 0
            [26] => 0
            [27] => 0
            [28] => 0
            [29] => 0
            [30] => 0
            [31] => 0
            [32] => 0
            [33] => 0
            [34] => 0
            [35] => 0
            [36] => 0
            [37] => 0
            [38] => 0
            [39] => 0
            [40] => 0
            [41] => 0
            [42] => 0
            [43] => 0
            [44] => 0
            [45] => 0
            [46] => 0
            [47] => 0
            [48] => 0
            [49] => 0
            [50] => 0
            [51] => 0
            [52] => 0
            [53] => 0
            [54] => 0
            [55] => 0
            [56] => 0
            [57] => 0
            [58] => 0
            [59] => 0
            [60] => 0
            [61] => 0
            [62] => 0
            [63] => 0
            [64] => 0
            [65] => 0
            [66] => 0
            [67] => 0
            [68] => 0
            [69] => 0
            [70] => 0
            [71] => 0
            [72] => 0
            [73] => 0
            [74] => 0
            [75] => 0
            [76] => 0
            [77] => 0
            [78] => 0
            [79] => 0
            [80] => 0
            [81] => 0
            [82] => 0
            [83] => 0
            [84] => 0
            [85] => 0
            [86] => 0
            [87] => 0
            [88] => 0
            [89] => 0
            [90] => 0
            [91] => 0
            [92] => 0
            [93] => 0
            [94] => 0
            [95] => 0
            [96] => 0
            [97] => 0
            [98] => 0
            [99] => 0
            [100] => 0
            [101] => 0
            [102] => 0
            [103] => 0
            [104] => 0
            [105] => 0
            [106] => 0
            [107] => 0
            [108] => 0
            [109] => 0
            [110] => 0
            [111] => 0
            [112] => 0
            [113] => 0
            [114] => 0
            [115] => 0
            [116] => 0
            [117] => 0
            [118] => 0
            [119] => 0
            [120] => 0
            [121] => 0
            [122] => 0
            [123] => 0
            [124] => 0
            [125] => 0
            [126] => 0
            [127] => 0
            [128] => 0
            [129] => 0
            [130] => 0
            [131] => 0
            [132] => 0
            [133] => 0
            [134] => 1
            [135] => 1
            [136] => 1
            [137] => 1
            [138] => 1
            [139] => 0
            [140] => 0
            [141] => 0
            [142] => 0
            [143] => 0
            [144] => 1
            [145] => 1
            [146] => 1
            [147] => 1
            [148] => 1
            [149] => 0
            [150] => 0
            [151] => 0
            [152] => 0
            [153] => 0
            [154] => 0
            [155] => 1
            [156] => 1
            [157] => 1
            [158] => 1
            [159] => 0
            [160] => 0
            [161] => 0
            [162] => 0
            [163] => 0
            [164] => 1
            [165] => 0
            [166] => 0
            [167] => 1
            [168] => 0
            [169] => 0
            [170] => 0
            [171] => 0
            [172] => 0
            [173] => 0
            [174] => 1
            [175] => 1
            [176] => 1
            [177] => 1
            [178] => 1
            [179] => 0
            [180] => 0
            [181] => 0
            [182] => 0
            [183] => 0
            [184] => 1
            [185] => 1
            [186] => 1
            [187] => 1
            [188] => 1
            [189] => 0
            [190] => 0
            [191] => 0
            [192] => 0
            [193] => 0
            [194] => 1
            [195] => 1
            [196] => 1
            [197] => 1
            [198] => 1
            [199] => 0
            [200] => 0
            [201] => 0
            [202] => 0
            [203] => 0
            [204] => 1
            [205] => 1
            [206] => 1
            [207] => 1
            [208] => 0
            [209] => 1
            [210] => 0
            [211] => 0
            [212] => 0
            [213] => 0
            [214] => 1
            [215] => 1
            [216] => 1
            [217] => 1
            [218] => 1
            [219] => 0
            [220] => 0
            [221] => 0
            [222] => 0
            [223] => 0
            [224] => 1
            [225] => 1
            [226] => 1
            [227] => 1
            [228] => 0
            [229] => 1
            [230] => 0
            [231] => 0
            [232] => 0
            [233] => 0
            [234] => 1
            [235] => 1
            [236] => 1
            [237] => 1
            [238] => 1
            [239] => 0
            [240] => 1
            [241] => 1
            [242] => 1
            [243] => 1
            [244] => 0
            [245] => 0
            [246] => 0
            [247] => 0
            [248] => 0
            [249] => 1
            [250] => 0
            [251] => 0
            [252] => 0
            [253] => 0
            [254] => 1
            [255] => 1
            [256] => 1
            [257] => 1
            [258] => 1
            [259] => 1
            [260] => 0
            [261] => 0
            [262] => 0
            [263] => 0
            [264] => 1
            [265] => 1
            [266] => 1
            [267] => 1
            [268] => 1
            [269] => 1
        )

    [Q] => Array
        (
            [0] => 0
            [1] => 0
            [2] => 0
            [3] => 0
            [4] => 0
            [5] => 0
            [6] => 0
            [7] => 0
            [8] => 0
            [9] => 0
            [10] => 0
            [11] => 0
            [12] => 0
            [13] => 0
            [14] => 0
            [15] => 0
            [16] => 0
            [17] => 0
            [18] => 0
            [19] => 0
            [20] => 0
            [21] => 0
            [22] => 0
            [23] => 0
            [24] => 0
            [25] => 0
            [26] => 0
            [27] => 0
            [28] => 0
            [29] => 0
            [30] => 0
            [31] => 0
            [32] => 0
            [33] => 0
            [34] => 0
            [35] => 0
            [36] => 0
            [37] => 0
            [38] => 0
            [39] => 0
            [40] => 0
            [41] => 0
            [42] => 0
            [43] => 0
            [44] => 0
            [45] => 0
            [46] => 0
            [47] => 0
            [48] => 0
            [49] => 0
            [50] => 0
            [51] => 0
            [52] => 0
            [53] => 0
            [54] => 0
            [55] => 0
            [56] => 0
            [57] => 0
            [58] => 0
            [59] => 0
            [60] => 0
            [61] => 0
            [62] => 0
            [63] => 0
            [64] => 0
            [65] => 0
            [66] => 0
            [67] => 0
            [68] => 0
            [69] => 0
            [70] => 0
            [71] => 0
            [72] => 0
            [73] => 0
            [74] => 0
            [75] => 0
            [76] => 0
            [77] => 0
            [78] => 0
            [79] => 0
            [80] => 0
            [81] => 0
            [82] => 0
            [83] => 0
            [84] => 0
            [85] => 0
            [86] => 0
            [87] => 0
            [88] => 0
            [89] => 0
            [90] => 0
            [91] => 0
            [92] => 0
            [93] => 0
            [94] => 0
            [95] => 0
            [96] => 0
            [97] => 0
            [98] => 0
            [99] => 0
            [100] => 0
            [101] => 0
            [102] => 0
            [103] => 0
            [104] => 0
            [105] => 0
            [106] => 0
            [107] => 0
            [108] => 0
            [109] => 0
            [110] => 0
            [111] => 0
            [112] => 0
            [113] => 0
            [114] => 0
            [115] => 0
            [116] => 0
            [117] => 0
            [118] => 0
            [119] => 0
            [120] => 0
            [121] => 0
            [122] => 0
            [123] => 0
            [124] => 0
            [125] => 0
            [126] => 0
            [127] => 0
            [128] => 0
            [129] => 0
            [130] => 0
            [131] => 0
            [132] => 0
            [133] => 0
            [134] => 1
            [135] => 1
            [136] => 1
            [137] => 1
            [138] => 156
            [139] => 0
            [140] => 0
            [141] => 0
            [142] => 0
            [143] => 0
            [144] => 1
            [145] => 1
            [146] => 1
            [147] => 1
            [148] => 116
            [149] => 0
            [150] => 0
            [151] => 0
            [152] => 0
            [153] => 0
            [154] => 0
            [155] => 1
            [156] => 1
            [157] => 1
            [158] => 37
            [159] => 0
            [160] => 0
            [161] => 0
            [162] => 0
            [163] => 0
            [164] => 1
            [165] => 0
            [166] => 0
            [167] => 179
            [168] => 0
            [169] => 0
            [170] => 0
            [171] => 0
            [172] => 0
            [173] => 0
            [174] => 1
            [175] => 1
            [176] => 1
            [177] => 1
            [178] => 116
            [179] => 0
            [180] => 0
            [181] => 0
            [182] => 0
            [183] => 0
            [184] => 1
            [185] => 1
            [186] => 1
            [187] => 1
            [188] => 36
            [189] => 0
            [190] => 0
            [191] => 0
            [192] => 0
            [193] => 0
            [194] => 1
            [195] => 1
            [196] => 1
            [197] => 1
            [198] => 16
            [199] => 0
            [200] => 0
            [201] => 0
            [202] => 0
            [203] => 0
            [204] => 1
            [205] => 1
            [206] => 1
            [207] => 36
            [208] => 0
            [209] => 1
            [210] => 0
            [211] => 0
            [212] => 0
            [213] => 0
            [214] => 1
            [215] => 1
            [216] => 1
            [217] => 1
            [218] => 116
            [219] => 0
            [220] => 0
            [221] => 0
            [222] => 0
            [223] => 0
            [224] => 1
            [225] => 1
            [226] => 1
            [227] => 76
            [228] => 0
            [229] => 1
            [230] => 0
            [231] => 0
            [232] => 0
            [233] => 0
            [234] => 1
            [235] => 1
            [236] => 1
            [237] => 1
            [238] => 76
            [239] => 0
            [240] => 1
            [241] => 1
            [242] => 1
            [243] => 1
            [244] => 0
            [245] => 0
            [246] => 0
            [247] => 0
            [248] => 0
            [249] => 56
            [250] => 0
            [251] => 0
            [252] => 0
            [253] => 0
            [254] => 1
            [255] => 1
            [256] => 1
            [257] => 1
            [258] => 35
            [259] => 1
            [260] => 0
            [261] => 0
            [262] => 0
            [263] => 0
            [264] => 1
            [265] => 1
            [266] => 1
            [267] => 1
            [268] => 55
            [269] => 1
        )

    [E] => 42409660
    [STABILITY_ORIGINAL_OBJECTIVE] => 880266.966
    [STABILITY_SCORE] => 54
    [DELIVER] => Array
        (
            [0] => S5=>P13
            [1] => S6=>P13
            [2] => S7=>P13
            [3] => S8=>P13
            [4] => S9=>P13
            [5] => S5=>P14
            [6] => S6=>P14
            [7] => S7=>P14
            [8] => S8=>P14
            [9] => S9=>P14
            [10] => S6=>P15
            [11] => S7=>P15
            [12] => S8=>P15
            [13] => S9=>P15
            [14] => S5=>P16
            [15] => S8=>P16
            [16] => S5=>P17
            [17] => S6=>P17
            [18] => S7=>P17
            [19] => S8=>P17
            [20] => S9=>P17
            [21] => S5=>P18
            [22] => S6=>P18
            [23] => S7=>P18
            [24] => S8=>P18
            [25] => S9=>P18
            [26] => S5=>P19
            [27] => S6=>P19
            [28] => S7=>P19
            [29] => S8=>P19
            [30] => S9=>P19
            [31] => S5=>P20
            [32] => S6=>P20
            [33] => S7=>P20
            [34] => S8=>P20
            [35] => S10=>P20
            [36] => S5=>P21
            [37] => S6=>P21
            [38] => S7=>P21
            [39] => S8=>P21
            [40] => S9=>P21
            [41] => S5=>P22
            [42] => S6=>P22
            [43] => S7=>P22
            [44] => S8=>P22
            [45] => S10=>P22
            [46] => S5=>P23
            [47] => S6=>P23
            [48] => S7=>P23
            [49] => S8=>P23
            [50] => S9=>P23
            [51] => S1=>P24
            [52] => S2=>P24
            [53] => S3=>P24
            [54] => S4=>P24
            [55] => S10=>P24
            [56] => S5=>P25
            [57] => S6=>P25
            [58] => S7=>P25
            [59] => S8=>P25
            [60] => S9=>P25
            [61] => S10=>P25
            [62] => S5=>P26
            [63] => S6=>P26
            [64] => S7=>P26
            [65] => S8=>P26
            [66] => S9=>P26
            [67] => S10=>P26
        )

    [_raw_output] => 
<<< setup

0 0 -1 0 1 0,25 0,5 0,8 1 0 0 0 0 13
1 9 0 2500 1 0,25 0,5 0,8 1 0 7000 700 1500 13
2 4 1 900 1 0,25 0,5 0,8 1 0 3500 450 1500 13
3 8 1 890 1 0,25 0,5 0,8 1 0 5500 550 1500 13
4 5 1 910 1 0,25 0,5 0,8 1 0 2800 280 1500 13
5 2 1 860 2 0,25 0,5 0,8 1 0 2350 235 1500 13
6 8 2 880 3 0,25 0,5 0,8 1 0 2600 260 1500 13
7 3 2 800 2 0,25 0,5 0,8 1 0 2900 290 1500 13
8 6 2 780 1 0,25 0,5 0,8 1 0 1600 160 1500 13
9 5 3 790 2 0,25 0,5 0,8 1 0 1250 125 1500 13
10 9 3 750 3 0,25 0,5 0,8 1 0 1120 112 1500 13
11 2 4 690 2 0,25 0,5 0,8 1 0 1200 120 1500 13
12 1 4 660 3 0,25 0,5 0,8 1 0 1000 100 1500 13
13 3 5 600 8 0,25 0,5 0,5 1 0 1100 110 1500 13
14 1 5 640 6 0,25 0,5 0,5 1 0 1100 110 1500 13
15 9 5 700 2 0,25 0,5 0,5 1 0 1100 110 1500 13
16 9 6 660 9 0,25 0,5 0,5 1 0 2100 210 1500 13
17 3 6 580 6 0,25 0,5 0,5 1 0 2000 200 1500 13
18 7 7 550 2 0,25 0,5 0,5 1 0 2300 230 1500 13
19 2 8 570 1 0,25 0,5 0,5 1 0 1200 120 1500 13
20 9 8 600 2 0,25 0,5 0,5 1 0 1400 140 1500 13
21 2 9 540 6 0,25 0,5 0,5 1 0 1150 115 1500 13
22 6 9 510 4 0,25 0,5 0,5 1 0 1100 110 1500 13
23 3 9 590 4 0,25 0,5 0,5 1 0 1050 105 1500 13
24 6 10 400 3 0,25 0,5 0,5 1 0 950 95 1500 13
25 7 11 490 2 0,25 0,5 0,5 1 0 1000 100 1500 13
26 3 12 480 3 0,25 0,5 0,5 1 0 900 90 1500 13
Node nums: [0 1 2 3 4 5 6 7 8 9 10 11 12 13 14 15 16 17 18 19 20 21 22 23 24 25 26]
xx-Data uploaded-xx
	**** start init su array ...
0 [0 0 0 0 0 0 0 0 0 0]
1 [0 0 0 0 0 0 0 0 0 0]
2 [0 0 0 0 0 0 0 0 0 0]
3 [0 0 0 0 0 0 0 0 0 0]
4 [0 0 0 0 0 0 0 0 0 0]
5 [0 0 0 0 0 0 0 0 0 0]
6 [0 0 0 0 0 0 0 0 0 0]
7 [0 0 0 0 0 0 0 0 0 0]
8 [0 0 0 0 0 0 0 0 0 0]
9 [0 0 0 0 0 0 0 0 0 0]
10 [0 0 0 0 0 0 0 0 0 0]
11 [0 0 0 0 0 0 0 0 0 0]
12 [0 0 0 0 0 0 0 0 0 0]
13 [1 1 1 1 1 1 1 1 1 1]
14 [1 1 1 1 1 1 1 1 1 1]
15 [1 1 1 1 1 1 1 1 1 1]
16 [1 1 1 1 1 1 1 1 1 1]
17 [1 1 1 1 1 1 1 1 1 1]
18 [1 1 1 1 1 1 1 1 1 1]
19 [1 1 1 1 1 1 1 1 1 1]
20 [1 1 1 1 1 1 1 1 1 1]
21 [1 1 1 1 1 1 1 1 1 1]
22 [1 1 1 1 1 1 1 1 1 1]
23 [1 1 1 1 1 1 1 1 1 1]
24 [1 1 1 1 1 1 1 1 1 1]
25 [1 1 1 1 1 1 1 1 1 1]
26 [1 1 1 1 1 1 1 1 1 1]
	**** end init su array ...
1 2 1 700 80 0.85 0.92 0.8 (9)9
2 2 0.9 800 75 0.82 0.90 0.9 (9)9
3 1 1.1 680 90 0.88 0.95 0.5 (9)9
4 1 1 480 100 0.86 0.93 0.6 (9)9
5 5 0.6 550 40 0.72 0.78 1.5 (9)9
6 6 0.5 650 45 0.70 0.75 2.0 (9)9
7 7 0.5 1100 40 0.68 0.72 2.5 (9)9
8 5 0.3 700 30 0.65 0.70 1.8 (9)9
9 9 0.2 1700 15 0.60 0.65 3.5 (9)9
10 1 0.8 5800 40 0.80 0.88 0.7 (9)9

<<< generate

Version identifier: 20.1.0.0 | 2020-11-10 | 9bedb6d68
CPXPARAM_TimeLimit                               300
Tried aggregator 2 times.
MIP Presolve eliminated 5570 rows and 793 columns.
MIP Presolve modified 959 coefficients.
Aggregator did 142 substitutions.
Reduced MIP has 969 rows, 496 columns, and 2706 nonzeros.
Reduced MIP has 165 binaries, 331 generals, 0 SOSs, and 0 indicators.
Presolve time = 0,00 sec. (6,61 ticks)
Probing fixed 0 vars, tightened 333 bounds.
Probing time = 0,00 sec. (1,21 ticks)
Cover probing fixed 0 vars, tightened 14 bounds.
Tried aggregator 1 time.
Detecting symmetries...
MIP Presolve eliminated 42 rows and 0 columns.
MIP Presolve modified 656 coefficients.
Reduced MIP has 927 rows, 496 columns, and 2622 nonzeros.
Reduced MIP has 165 binaries, 331 generals, 0 SOSs, and 0 indicators.
Presolve time = 0,00 sec. (1,94 ticks)
Probing fixed 0 vars, tightened 26 bounds.
Probing time = 0,00 sec. (0,70 ticks)
MIP emphasis: balance optimality and feasibility.
MIP search method: dynamic search.
Parallel mode: deterministic, using up to 20 threads.
Root relaxation solution time = 0,00 sec. (3,13 ticks)

        Nodes                                         Cuts/
   Node  Left     Objective  IInf  Best Integer    Best Bound    ItCnt     Gap

      0     0     -134,5216    71                   -134,5216      204         
      0     0     -131,0780    58                    Cuts: 60      242         
      0     0     -129,5335    40                    Cuts: 26      275         
      0     0     -129,4477    52                     Cuts: 9      283         
      0     0     -129,3765    47                    Cuts: 11      291         
      0     0     -129,1746    67                     Cuts: 8      302         
Detecting symmetries...
      0     0     -129,1526    67                 ZeroHalf: 9      306         
      0     0     -129,1508    67                 ZeroHalf: 1      307         
      0     0     -129,1508    68                 ZeroHalf: 2      308         
*     0+    0                          -54,0000     -127,6668           136,42%
Detecting symmetries...
      0     2     -129,1508    68      -54,0000     -127,6668      308  136,42%
Elapsed time = 0,13 sec. (99,75 ticks, tree = 0,02 MB, solutions = 1)

Implied bound cuts applied:  61
Zero-half cuts applied:  15
Lift and project cuts applied:  6
Gomory fractional cuts applied:  12

Root node processing (before b&c):
  Real time             =    0,11 sec. (99,36 ticks)
Parallel b&c, 20 threads:
  Real time             =    0,14 sec. (48,85 ticks)
  Sync time (average)   =    0,07 sec.
  Wait time (average)   =    0,00 sec.
                          ------------
Total (root+branch&cut) =    0,25 sec. (148,21 ticks)

<<< solve


OBJECTIVE: -54
xxxx
#Result <fct_obj, tot_cst, tot_ldt, Emiss>: <-54 8.7983e+5 440 4.241e+7>#TS:879826.966#A:[0,35,26,26,23,20,22,19,22,18,17,18,13,12,10,18,14,12,16,11,16,11,13,12,8,16,12]#X:[0,1,0,0,0,0,0,0,0,0,0,0,0,0,0,0,0,0,0,0,0,0,0,0,0,0,0]#Z:[0,0,0,0,0,0,0,0,0,0,0,0,0,0,0,0,0,0,0,0,0,0,0,0,0,0,0,0,0,0,0,0,0,0,0,0,0,0,0,0,0,0,0,0,0,0,0,0,0,0,0,0,0,0,0,0,0,0,0,0,0,0,0,0,0,0,0,0,0,0,0,0,0,0,0,0,0,0,0,0,0,0,0,0,0,0,0,0,0,0,0,0,0,0,0,0,0,0,0,0,0,0,0,0,0,0,0,0,0,0,0,0,0,0,0,0,0,0,0,0,0,0,0,0,0,0,0,0,0,0,0,0,0,0,1,1,1,1,1,0,0,0,0,0,1,1,1,1,1,0,0,0,0,0,0,1,1,1,1,0,0,0,0,0,1,0,0,1,0,0,0,0,0,0,1,1,1,1,1,0,0,0,0,0,1,1,1,1,1,0,0,0,0,0,1,1,1,1,1,0,0,0,0,0,1,1,1,1,0,1,0,0,0,0,1,1,1,1,1,0,0,0,0,0,1,1,1,1,0,1,0,0,0,0,1,1,1,1,1,0,1,1,1,1,0,0,0,0,0,1,0,0,0,0,1,1,1,1,1,1,0,0,0,0,1,1,1,1,1,1]#Q:[0,0,0,0,0,0,0,0,0,0,0,0,0,0,0,0,0,0,0,0,0,0,0,0,0,0,0,0,0,0,0,0,0,0,0,0,0,0,0,0,0,0,0,0,0,0,0,0,0,0,0,0,0,0,0,0,0,0,0,0,0,0,0,0,0,0,0,0,0,0,0,0,0,0,0,0,0,0,0,0,0,0,0,0,0,0,0,0,0,0,0,0,0,0,0,0,0,0,0,0,0,0,0,0,0,0,0,0,0,0,0,0,0,0,0,0,0,0,0,0,0,0,0,0,0,0,0,0,0,0,0,0,0,0,1,1,1,1,156,0,0,0,0,0,1,1,1,1,116,0,0,0,0,0,0,1,1,1,37,0,0,0,0,0,1,0,0,179,0,0,0,0,0,0,1,1,1,1,116,0,0,0,0,0,1,1,1,1,36,0,0,0,0,0,1,1,1,1,16,0,0,0,0,0,1,1,1,36,0,1,0,0,0,0,1,1,1,1,116,0,0,0,0,0,1,1,1,76,0,1,0,0,0,0,1,1,1,1,76,0,1,1,1,1,0,0,0,0,0,56,0,0,0,0,1,1,1,1,35,1,0,0,0,0,1,1,1,1,55,1]#E: 42409660#STABILITY_ORIGINAL_OBJECTIVE:880266.966#STABILITY_SCORE:54#DELIVER:
S5=>P13
S6=>P13
S7=>P13
S8=>P13
S9=>P13
S5=>P14
S6=>P14
S7=>P14
S8=>P14
S9=>P14
S6=>P15
S7=>P15
S8=>P15
S9=>P15
S5=>P16
S8=>P16
S5=>P17
S6=>P17
S7=>P17
S8=>P17
S9=>P17
S5=>P18
S6=>P18
S7=>P18
S8=>P18
S9=>P18
S5=>P19
S6=>P19
S7=>P19
S8=>P19
S9=>P19
S5=>P20
S6=>P20
S7=>P20
S8=>P20
S10=>P20
S5=>P21
S6=>P21
S7=>P21
S8=>P21
S9=>P21
S5=>P22
S6=>P22
S7=>P22
S8=>P22
S10=>P22
S5=>P23
S6=>P23
S7=>P23
S8=>P23
S9=>P23
S1=>P24
S2=>P24
S3=>P24
S4=>P24
S10=>P24
S5=>P25
S6=>P25
S7=>P25
S8=>P25
S9=>P25
S10=>P25
S5=>P26
S6=>P26
S7=>P26
S8=>P26
S9=>P26
S10=>P26
xxxx

<<< post process


<<< done


)
