Array
(
    [CplexRunTime] => Total (root+branch&cut) =    0,55 sec
    [status] => OPTIMAL
    [termination_reason] => OPTIMAL
    [mip_gap] => 0
    [Result] => Array
        (
            [Objective] => 25445000
            [TotalCost] => 239120
            [DIO] => 249
            [WIP] => 560040
            [Emissions] => 0
        )

    [CS] => 239119.4
    [DIO] => 249
    [WIP] => 560040
    [E] => 25445120
    [A] => Array
        (
            [0] => 1
            [1] => 9
            [2] => 30
            [3] => 17
            [4] => 8
            [5] => 12
            [6] => 26
            [7] => 15
            [8] => 22
            [9] => 8
            [10] => 9
            [11] => 3
            [12] => 3
            [13] => 10
            [14] => 10
            [15] => 10
            [16] => 18
            [17] => 12
            [18] => 16
            [19] => 3
            [20] => 7
        )

    [X] => Array
        (
            [0] => 0
            [1] => 1
            [2] => 1
            [3] => 1
            [4] => 1
            [5] => 1
            [6] => 0
            [7] => 0
            [8] => 0
            [9] => 0
            [10] => 0
            [11] => 0
            [12] => 0
            [13] => 0
            [14] => 0
            [15] => 0
            [16] => 0
            [17] => 0
            [18] => 0
            [19] => 0
            [20] => 1
        )

    [DELIVER] => Array
        (
            [0] => S3=>P11
            [1] => S4=>P11
            [2] => S10=>P11
            [3] => S2=>P12
            [4] => S10=>P12
            [5] => S6=>P13
            [6] => S7=>P13
            [7] => S8=>P13
            [8] => S10=>P13
            [9] => S9=>P14
            [10] => S3=>P15
            [11] => S10=>P15
            [12] => S9=>P16
            [13] => S9=>P17
            [14] => S9=>P18
            [15] => S10=>P19
            [16] => S4=>P20
        )

    [_raw_output] => 
<<< setup

0 0 -1 0 1 0,25 0,5 0,8 1 0 0 0 0  14
1 9 0 1200 1 0,25 0,5 0,8 1 0 8000 800 1500  14
2 4 1 140 1 0,25 0,5 0,8 1 0 4000 500 1500  14
3 8 1 290 1 0,25 0,5 0,8 1 0 6000 600 1500  14
4 5 1 120 3 0,25 0,5 0,8 1 0 3200 320 1500  14
5 2 1 95 2 0,25 0,5 0,8 1 0 2600 260 1500  14
6 8 2 90 3 0,25 0,5 0,8 1 0 2800 280 1500  14
7 3 2 85 2 0,25 0,5 0,8 1 0 3100 310 1500  14
8 6 2 80 1 0,25 0,5 0,8 1 0 1800 180 1500  14
9 5 3 82 2 0,25 0,5 0,8 1 0 1450 145 1500  14
10 9 3 78 3 0,25 0,5 0,8 1 0 1300 130 1500  14
11 2 4 72 2 0,25 0,5 0,8 1 0 1350 135 1500  14
12 1 4 68 3 0,25 0,5 0,8 1 0 1150 115 1500  14
13 3 5 62 8 0,25 0,5 0,5 1 0 1200 120 1500  14
14 1 5 66 6 0,25 0,5 0,5 1 0 1200 120 1500  14
15 9 5 70 2 0,25 0,5 0,5 1 0 1200 120 1500  14
16 9 6 64 9 0,25 0,5 0,5 1 0 2200 220 1500  14
17 3 7 58 6 0,25 0,5 0,5 1 0 2100 210 1500  14
18 7 8 55 2 0,25 0,5 0,5 1 0 2400 240 1500  14
19 2 9 56 1 0,25 0,5 0,5 1 0 1300 130 1500  14
20 6 10 52 4 0,25 0,5 0,5 1 0 1250 125 1500  14
Node nums: [0 1 2 3 4 5 6 7 8 9 10 11 12 13 14 15 16 17 18 19 20]
xx-Data uploaded-xx
	**** start init su array ...
0 [0 0 0 0 0 0 0 0 0 0]
1 [0 0 0 0 0 0 0 0 0 0]
2 [0 0 0 0 0 0 0 0 0 0]
3 [0 0 0 0 0 0 0 0 0 0]
4 [0 0 0 0 0 0 0 0 0 0]
5 [0 0 0 0 0 0 0 0 0 0]
6 [0 0 0 0 0 0 0 0 0 0]
7 [0 0 0 0 0 0 0 0 0 0]
8 [0 0 0 0 0 0 0 0 0 0]
9 [0 0 0 0 0 0 0 0 0 0]
10 [0 0 0 0 0 0 0 0 0 0]
11 [1 1 1 1 1 1 1 1 1 1]
12 [1 1 1 1 1 1 1 1 1 1]
13 [1 1 1 1 1 1 1 1 1 1]
14 [1 1 1 1 1 1 1 1 1 1]
15 [1 1 1 1 1 1 1 1 1 1]
16 [1 1 1 1 1 1 1 1 1 1]
17 [1 1 1 1 1 1 1 1 1 1]
18 [1 1 1 1 1 1 1 1 1 1]
19 [1 1 1 1 1 1 1 1 1 1]
20 [1 1 1 1 1 1 1 1 1 1]
	**** end init su array ...
1 2 1 100 80 0.85 0.92 0.8 (9)9
2 2 0.9 60 75 0.82 0.90 0.9 (9)9
3 1 1.1 80 90 0.88 0.95 0.5 (9)9
4 1 1 80 100 0.86 0.93 0.6 (9)9
5 5 0.6 50 40 0.72 0.78 1.5 (9)9
6 6 0.5 60 45 0.70 0.75 2.0 (9)9
7 7 0.5 80 40 0.68 0.72 2.5 (9)9
8 5 0.3 25 30 0.65 0.70 1.8 (9)9
9 9 0.2 250 15 0.60 0.65 3.5 (9)9
10 1 0.8 30 40 0.80 0.88 0.7 (9)9

<<< generate

Version identifier: 20.1.0.0 | 2020-11-10 | 9bedb6d68
CPXPARAM_TimeLimit                               300
Tried aggregator 2 times.
MIP Presolve eliminated 3038 rows and 333 columns.
MIP Presolve modified 373 coefficients.
Aggregator did 2 substitutions.
Reduced MIP has 697 rows, 358 columns, and 1910 nonzeros.
Reduced MIP has 119 binaries, 239 generals, 0 SOSs, and 0 indicators.
Presolve time = 0,02 sec. (3,53 ticks)
Probing fixed 0 vars, tightened 186 bounds.
Probing time = 0,00 sec. (0,46 ticks)
Cover probing fixed 0 vars, tightened 10 bounds.
Tried aggregator 1 time.
Detecting symmetries...
MIP Presolve eliminated 30 rows and 0 columns.
MIP Presolve modified 325 coefficients.
Reduced MIP has 667 rows, 358 columns, and 1850 nonzeros.
Reduced MIP has 119 binaries, 239 generals, 0 SOSs, and 0 indicators.
Presolve time = 0,00 sec. (1,27 ticks)
Probing fixed 0 vars, tightened 7 bounds.
Probing time = 0,00 sec. (0,30 ticks)
Clique table members: 1.
MIP emphasis: balance optimality and feasibility.
MIP search method: dynamic search.
Parallel mode: deterministic, using up to 20 threads.
Root relaxation solution time = 0,02 sec. (3,07 ticks)

        Nodes                                         Cuts/
   Node  Left     Objective  IInf  Best Integer    Best Bound    ItCnt     Gap

      0     0   1,35515e+07   151                 1,35515e+07      181         
      0     0   1,41221e+07   131                   Cuts: 140      313         
      0     0   1,44943e+07   165                    Cuts: 83      389         
      0     0   1,45817e+07   146                    Cuts: 46      422         
      0     0   1,46261e+07   155                    Cuts: 21      438         
      0     0   1,46863e+07   167                    Cuts: 17      471         
Detecting symmetries...
      0     0   1,46910e+07   160                    Cuts: 24      485         
      0     0   1,46913e+07   167                    Cuts: 14      494         
      0     0   1,46923e+07   168                    Cuts: 14      505         
Detecting symmetries...
      0     2   1,46923e+07   168                 1,49904e+07      505         
Elapsed time = 0,22 sec. (141,82 ticks, tree = 0,02 MB, solutions = 0)
*  4009+   56                       2,54453e+07   2,17621e+07            14,47%
*  4015   112      integral     0   2,54451e+07   2,17621e+07    85144   14,47%
*  4156+   32                       2,54451e+07   2,35443e+07             7,47%

Cover cuts applied:  22
Implied bound cuts applied:  153
Flow cuts applied:  5
Mixed integer rounding cuts applied:  23
Zero-half cuts applied:  16
Lift and project cuts applied:  25
Gomory fractional cuts applied:  31

Root node processing (before b&c):
  Real time             =    0,22 sec. (141,43 ticks)
Parallel b&c, 20 threads:
  Real time             =    0,33 sec. (210,64 ticks)
  Sync time (average)   =    0,16 sec.
  Wait time (average)   =    0,00 sec.
                          ------------
Total (root+branch&cut) =    0,55 sec. (352,08 ticks)

<<< solve


OBJECTIVE: 2.544512e+7
xxxx
#Result <fct_obj, tot_cost, DIO, WIP, Emiss>: <2.5445e+7 2.3912e+5 249 5.6004e+5 2.5445e+7 23839 2.1528e+5 0>#CS:239119.4#DIO:249#WIP:560040#E: 25445120#A:[1,9,30,17,8,12,26,15,22,8,9,3,3,10,10,10,18,12,16,3,7]#X:[0,1,1,1,1,1,0,0,0,0,0,0,0,0,0,0,0,0,0,0,1]#DELIVER:
S3=>P11
S4=>P11
S10=>P11
S2=>P12
S10=>P12
S6=>P13
S7=>P13
S8=>P13
S10=>P13
S9=>P14
S3=>P15
S10=>P15
S9=>P16
S9=>P17
S9=>P18
S10=>P19
S4=>P20
xxxx

<<< post process


<<< done


)
