Array
(
    [CplexRunTime] => Total (root+branch&cut) =    0,77 sec
    [status] => OPTIMAL
    [termination_reason] => OPTIMAL
    [mip_gap] => 0
    [Result] => Array
        (
            [Objective] => 20884000
            [TotalCost] => 241280
            [DIO] => 208
            [WIP] => 537640
            [Emissions] => 0
        )

    [CS] => 241279
    [DIO] => 208
    [WIP] => 537640
    [E] => 20883915
    [A] => Array
        (
            [0] => 1
            [1] => 9
            [2] => 22
            [3] => 17
            [4] => 8
            [5] => 12
            [6] => 18
            [7] => 15
            [8] => 14
            [9] => 8
            [10] => 9
            [11] => 3
            [12] => 2
            [13] => 10
            [14] => 10
            [15] => 10
            [16] => 10
            [17] => 12
            [18] => 8
            [19] => 3
            [20] => 7
        )

    [X] => Array
        (
            [0] => 0
            [1] => 1
            [2] => 1
            [3] => 1
            [4] => 1
            [5] => 1
            [6] => 0
            [7] => 0
            [8] => 0
            [9] => 0
            [10] => 0
            [11] => 0
            [12] => 0
            [13] => 0
            [14] => 0
            [15] => 0
            [16] => 0
            [17] => 0
            [18] => 0
            [19] => 0
            [20] => 1
        )

    [DELIVER] => Array
        (
            [0] => S4=>P11
            [1] => S10=>P11
            [2] => S3=>P12
            [3] => S10=>P12
            [4] => S6=>P13
            [5] => S7=>P13
            [6] => S8=>P13
            [7] => S9=>P14
            [8] => S4=>P15
            [9] => S10=>P15
            [10] => S3=>P16
            [11] => S4=>P16
            [12] => S10=>P16
            [13] => S9=>P17
            [14] => S3=>P18
            [15] => S10=>P18
            [16] => S10=>P19
            [17] => S4=>P20
        )

    [_raw_output] => 
<<< setup

0 0 -1 0 1 0,25 0,5 0,8 1 0 0 0 0  14
1 9 0 1200 1 0,25 0,5 0,8 1 0 8000 800 1500  14
2 4 1 140 1 0,25 0,5 0,8 1 0 4000 500 1500  14
3 8 1 290 1 0,25 0,5 0,8 1 0 6000 600 1500  14
4 5 1 120 3 0,25 0,5 0,8 1 0 3200 320 1500  14
5 2 1 95 2 0,25 0,5 0,8 1 0 2600 260 1500  14
6 8 2 90 3 0,25 0,5 0,8 1 0 2800 280 1500  14
7 3 2 85 2 0,25 0,5 0,8 1 0 3100 310 1500  14
8 6 2 80 1 0,25 0,5 0,8 1 0 1800 180 1500  14
9 5 3 82 2 0,25 0,5 0,8 1 0 1450 145 1500  14
10 9 3 78 3 0,25 0,5 0,8 1 0 1300 130 1500  14
11 2 4 72 2 0,25 0,5 0,8 1 0 1350 135 1500  14
12 1 4 68 3 0,25 0,5 0,8 1 0 1150 115 1500  14
13 3 5 62 8 0,25 0,5 0,5 1 0 1200 120 1500  14
14 1 5 66 6 0,25 0,5 0,5 1 0 1200 120 1500  14
15 9 5 70 2 0,25 0,5 0,5 1 0 1200 120 1500  14
16 9 6 64 9 0,25 0,5 0,5 1 0 2200 220 1500  14
17 3 7 58 6 0,25 0,5 0,5 1 0 2100 210 1500  14
18 7 8 55 2 0,25 0,5 0,5 1 0 2400 240 1500  14
19 2 9 56 1 0,25 0,5 0,5 1 0 1300 130 1500  14
20 6 10 52 4 0,25 0,5 0,5 1 0 1250 125 1500  14
Node nums: [0 1 2 3 4 5 6 7 8 9 10 11 12 13 14 15 16 17 18 19 20]
xx-Data uploaded-xx
	**** start init su array ...
0 [0 0 0 0 0 0 0 0 0 0]
1 [0 0 0 0 0 0 0 0 0 0]
2 [0 0 0 0 0 0 0 0 0 0]
3 [0 0 0 0 0 0 0 0 0 0]
4 [0 0 0 0 0 0 0 0 0 0]
5 [0 0 0 0 0 0 0 0 0 0]
6 [0 0 0 0 0 0 0 0 0 0]
7 [0 0 0 0 0 0 0 0 0 0]
8 [0 0 0 0 0 0 0 0 0 0]
9 [0 0 0 0 0 0 0 0 0 0]
10 [0 0 0 0 0 0 0 0 0 0]
11 [1 1 1 1 1 1 1 1 1 1]
12 [1 1 1 1 1 1 1 1 1 1]
13 [1 1 1 1 1 1 1 1 1 1]
14 [1 1 1 1 1 1 1 1 1 1]
15 [1 1 1 1 1 1 1 1 1 1]
16 [1 1 1 1 1 1 1 1 1 1]
17 [1 1 1 1 1 1 1 1 1 1]
18 [1 1 1 1 1 1 1 1 1 1]
19 [1 1 1 1 1 1 1 1 1 1]
20 [1 1 1 1 1 1 1 1 1 1]
	**** end init su array ...
1 2 1 100 80 0.85 0.92 0.8 (9)9
2 2 0.9 60 75 0.82 0.90 0.9 (9)9
3 1 1.1 80 90 0.88 0.95 0.5 (9)9
4 1 1 80 100 0.86 0.93 0.6 (9)9
5 5 0.6 50 40 0.72 0.78 1.5 (9)9
6 6 0.5 60 45 0.70 0.75 2.0 (9)9
7 7 0.5 80 40 0.68 0.72 2.5 (9)9
8 5 0.3 25 30 0.65 0.70 1.8 (9)9
9 9 0.2 250 15 0.60 0.65 3.5 (9)9
10 1 0.8 30 40 0.80 0.88 0.7 (9)9

<<< generate

Version identifier: 20.1.0.0 | 2020-11-10 | 9bedb6d68
CPXPARAM_TimeLimit                               300
Tried aggregator 2 times.
MIP Presolve eliminated 3038 rows and 333 columns.
MIP Presolve modified 373 coefficients.
Aggregator did 2 substitutions.
Reduced MIP has 697 rows, 358 columns, and 1910 nonzeros.
Reduced MIP has 119 binaries, 239 generals, 0 SOSs, and 0 indicators.
Presolve time = 0,00 sec. (3,53 ticks)
Probing fixed 0 vars, tightened 178 bounds.
Probing time = 0,00 sec. (0,44 ticks)
Cover probing fixed 0 vars, tightened 10 bounds.
Tried aggregator 1 time.
Detecting symmetries...
MIP Presolve eliminated 30 rows and 0 columns.
MIP Presolve modified 325 coefficients.
Reduced MIP has 667 rows, 358 columns, and 1850 nonzeros.
Reduced MIP has 119 binaries, 239 generals, 0 SOSs, and 0 indicators.
Presolve time = 0,00 sec. (1,27 ticks)
Probing fixed 0 vars, tightened 7 bounds.
Probing time = 0,00 sec. (0,29 ticks)
Clique table members: 1.
MIP emphasis: balance optimality and feasibility.
MIP search method: dynamic search.
Parallel mode: deterministic, using up to 20 threads.
Root relaxation solution time = 0,00 sec. (3,13 ticks)

        Nodes                                         Cuts/
   Node  Left     Objective  IInf  Best Integer    Best Bound    ItCnt     Gap

      0     0   1,31559e+07   152                 1,31559e+07      180         
      0     0   1,36277e+07   132                   Cuts: 139      320         
      0     0   1,40460e+07   151                    Cuts: 85      403         
      0     0   1,41845e+07   150                    Cuts: 52      455         
      0     0   1,42240e+07   136                    Cuts: 23      473         
      0     0   1,42341e+07   133                    Cuts: 24      484         
Detecting symmetries...
      0     0   1,42392e+07   136                     Cuts: 9      489         
      0     0   1,42865e+07   165                     Cuts: 6      517         
      0     0   1,42927e+07   170                    Cuts: 11      533         
      0     0   1,42941e+07   170                    Cuts: 13      541         
      0     0   1,42956e+07   170                  MIRcuts: 5      546         
      0     0   1,42956e+07   172                  MIRcuts: 5      548         
      0     0   1,42957e+07   172                  MIRcuts: 4      550         
Detecting symmetries...
      0     2   1,42957e+07   172                 1,45699e+07      550         
Elapsed time = 0,24 sec. (151,60 ticks, tree = 0,02 MB, solutions = 0)
*  1954+  823                       2,14586e+07   1,65459e+07            22,89%
*  2845+  867                       2,10288e+07   1,70482e+07            18,93%
*  4033+  830                       2,08853e+07   1,81978e+07            12,87%
   4737   476        cutoff         2,08853e+07   1,91988e+07   112958    8,07%
*  5460+   51                       2,08844e+07   1,99353e+07             4,54%
*  5506+  141                       2,08839e+07   2,04832e+07             1,92%

Cover cuts applied:  24
Implied bound cuts applied:  140
Flow cuts applied:  7
Mixed integer rounding cuts applied:  34
Zero-half cuts applied:  20
Lift and project cuts applied:  35
Gomory fractional cuts applied:  28

Root node processing (before b&c):
  Real time             =    0,24 sec. (151,21 ticks)
Parallel b&c, 20 threads:
  Real time             =    0,53 sec. (277,10 ticks)
  Sync time (average)   =    0,29 sec.
  Wait time (average)   =    0,00 sec.
                          ------------
Total (root+branch&cut) =    0,77 sec. (428,31 ticks)

<<< solve


OBJECTIVE: 2.088392e+7
xxxx
#Result <fct_obj, tot_cost, DIO, WIP, Emiss>: <2.0884e+7 2.4128e+5 208 5.3764e+5 2.0884e+7 34959 2.0632e+5 0>#CS:241279#DIO:208#WIP:537640#E: 20883915#A:[1,9,22,17,8,12,18,15,14,8,9,3,2,10,10,10,10,12,8,3,7]#X:[0,1,1,1,1,1,0,0,0,0,0,0,0,0,0,0,0,0,0,0,1]#DELIVER:
S4=>P11
S10=>P11
S3=>P12
S10=>P12
S6=>P13
S7=>P13
S8=>P13
S9=>P14
S4=>P15
S10=>P15
S3=>P16
S4=>P16
S10=>P16
S9=>P17
S3=>P18
S10=>P18
S10=>P19
S4=>P20
xxxx

<<< post process


<<< done


)
