Array
(
    [CplexRunTime] => Total (root+branch&cut) =    0,66 sec
    [Result] => Array
        (
            [Objective] => fct_obj.
            [ServiceCost] => tot_cst.
            [LateDeliveries] => tot_ldt.
            [Emissions] => Emiss
        )

    [TS] => 273094
    [A] => Array
        (
            [0] => 0
            [1] => 9
            [2] => 26
            [3] => 24
            [4] => 7
            [5] => 12
            [6] => 22
            [7] => 19
            [8] => 20
            [9] => 16
            [10] => 16
            [11] => 2
            [12] => 2
            [13] => 8
            [14] => 10
            [15] => 10
            [16] => 14
            [17] => 12
            [18] => 16
            [19] => 11
            [20] => 14
            [21] => 11
            [22] => 11
            [23] => 8
            [24] => 7
            [25] => 12
        )

    [X] => Array
        (
            [0] => 0
            [1] => 1
            [2] => 1
            [3] => 1
            [4] => 1
            [5] => 1
            [6] => 0
            [7] => 0
            [8] => 0
            [9] => 0
            [10] => 0
            [11] => 0
            [12] => 0
            [13] => 0
            [14] => 0
            [15] => 0
            [16] => 0
            [17] => 0
            [18] => 0
            [19] => 0
            [20] => 0
            [21] => 0
            [22] => 0
            [23] => 0
            [24] => 0
            [25] => 1
        )

    [E] => 31154440
    [DELIVER] => Array
        (
            [0] => S10=>P12
            [1] => S3=>P13
            [2] => S8=>P13
            [3] => S8=>P14
            [4] => S9=>P14
            [5] => S10=>P15
            [6] => S8=>P16
            [7] => S8=>P17
            [8] => S9=>P17
            [9] => S9=>P18
            [10] => S9=>P19
            [11] => S8=>P20
            [12] => S9=>P21
            [13] => S8=>P22
            [14] => S10=>P22
            [15] => S3=>P23
            [16] => S8=>P23
            [17] => S10=>P24
            [18] => S8=>P25
        )

    [_raw_output] => 
<<< setup

0 0 -1 0 1 0,25 0,5 0,8 1 0 0 0 0  14
1 9 0 1500 1 0,25 0,5 0,8 1 0 8500 850 1500  14
2 4 1 150 1 0,25 0,5 0,8 1 0 4200 520 1500  14
3 8 1 310 1 0,25 0,5 0,8 1 0 6200 620 1500  14
4 5 1 130 3 0,25 0,5 0,8 1 0 3400 340 1500  14
5 2 1 100 2 0,25 0,5 0,8 1 0 2700 270 1500  14
6 8 2 95 3 0,25 0,5 0,8 1 0 2900 290 1500  14
7 3 2 90 2 0,25 0,5 0,8 1 0 3200 320 1500  14
8 6 2 85 1 0,25 0,5 0,8 1 0 1900 190 1500  14
9 5 3 88 2 0,25 0,5 0,8 1 0 1550 155 1500  14
10 9 3 83 3 0,25 0,5 0,8 1 0 1400 140 1500  14
11 2 4 77 2 0,25 0,5 0,8 1 0 1450 145 1500  14
12 1 4 73 3 0,25 0,5 0,8 1 0 1250 125 1500  14
13 3 5 67 8 0,25 0,5 0,5 1 0 1300 130 1500  14
14 1 5 71 6 0,25 0,5 0,5 1 0 1300 130 1500  14
15 9 5 75 2 0,25 0,5 0,5 1 0 1300 130 1500  14
16 9 6 69 9 0,25 0,5 0,5 1 0 2300 230 1500  14
17 3 6 63 6 0,25 0,5 0,5 1 0 2200 220 1500  14
18 7 7 60 2 0,25 0,5 0,5 1 0 2500 250 1500  14
19 2 8 61 1 0,25 0,5 0,5 1 0 1400 140 1500  14
20 9 8 65 2 0,25 0,5 0,5 1 0 1600 160 1500  14
21 2 9 59 6 0,25 0,5 0,5 1 0 1250 125 1500  14
22 6 9 56 4 0,25 0,5 0,5 1 0 1200 120 1500  14
23 3 9 64 4 0,25 0,5 0,5 1 0 1150 115 1500  14
24 6 10 50 3 0,25 0,5 0,5 1 0 1050 105 1500  14
25 7 11 54 2 0,25 0,5 0,5 1 0 1100 110 1500  14
Node nums: [0 1 2 3 4 5 6 7 8 9 10 11 12 13 14 15 16 17 18 19 20 21 22 23 24 25]
xx-Data uploaded-xx
	**** start init su array ...
0 [0 0 0 0 0 0 0 0 0 0]
1 [0 0 0 0 0 0 0 0 0 0]
2 [0 0 0 0 0 0 0 0 0 0]
3 [0 0 0 0 0 0 0 0 0 0]
4 [0 0 0 0 0 0 0 0 0 0]
5 [0 0 0 0 0 0 0 0 0 0]
6 [0 0 0 0 0 0 0 0 0 0]
7 [0 0 0 0 0 0 0 0 0 0]
8 [0 0 0 0 0 0 0 0 0 0]
9 [0 0 0 0 0 0 0 0 0 0]
10 [0 0 0 0 0 0 0 0 0 0]
11 [0 0 0 0 0 0 0 0 0 0]
12 [1 1 1 1 1 1 1 1 1 1]
13 [1 1 1 1 1 1 1 1 1 1]
14 [1 1 1 1 1 1 1 1 1 1]
15 [1 1 1 1 1 1 1 1 1 1]
16 [1 1 1 1 1 1 1 1 1 1]
17 [1 1 1 1 1 1 1 1 1 1]
18 [1 1 1 1 1 1 1 1 1 1]
19 [1 1 1 1 1 1 1 1 1 1]
20 [1 1 1 1 1 1 1 1 1 1]
21 [1 1 1 1 1 1 1 1 1 1]
22 [1 1 1 1 1 1 1 1 1 1]
23 [1 1 1 1 1 1 1 1 1 1]
24 [1 1 1 1 1 1 1 1 1 1]
25 [1 1 1 1 1 1 1 1 1 1]
	**** end init su array ...
1 2 1 700 80 0.85 0.92 0.8 (9)9
2 2 0.9 800 75 0.82 0.90 0.9 (9)9
3 1 1.1 680 90 0.88 0.95 0.5 (9)9
4 1 1 480 100 0.86 0.93 0.6 (9)9
5 5 0.6 550 40 0.72 0.78 1.5 (9)9
6 6 0.5 650 45 0.70 0.75 2.0 (9)9
7 7 0.5 1100 40 0.68 0.72 2.5 (9)9
8 5 0.3 700 30 0.65 0.70 1.8 (9)9
9 9 0.2 1700 15 0.60 0.65 3.5 (9)9
10 1 0.8 5800 40 0.80 0.88 0.7 (9)9

<<< generate

Version identifier: 20.1.0.0 | 2020-11-10 | 9bedb6d68
CPXPARAM_TimeLimit                               1800
Tried aggregator 2 times.
MIP Presolve eliminated 3531 rows and 243 columns.
MIP Presolve added 280 rows and 140 columns.
MIP Presolve modified 143 coefficients.
Aggregator did 2 substitutions.
Reduced MIP has 684 rows, 493 columns, and 1640 nonzeros.
Reduced MIP has 164 binaries, 189 generals, 0 SOSs, and 0 indicators.
Presolve time = 0,00 sec. (3,22 ticks)
Found incumbent of value 1,8215222e+08 after 0,00 sec. (5,64 ticks)
Probing time = 0,00 sec. (0,13 ticks)
Cover probing fixed 0 vars, tightened 14 bounds.
Tried aggregator 1 time.
Detecting symmetries...
MIP Presolve eliminated 182 rows and 0 columns.
MIP Presolve modified 196 coefficients.
Reduced MIP has 502 rows, 493 columns, and 1416 nonzeros.
Reduced MIP has 164 binaries, 189 generals, 0 SOSs, and 0 indicators.
Presolve time = 0,00 sec. (1,09 ticks)
Classifier predicts products in MIQP should be linearized.
Probing time = 0,00 sec. (0,11 ticks)
MIP emphasis: balance optimality and feasibility.
MIP search method: dynamic search.
Parallel mode: deterministic, using up to 20 threads.
Root relaxation solution time = 0,02 sec. (1,42 ticks)

        Nodes                                         Cuts/
   Node  Left     Objective  IInf  Best Integer    Best Bound    ItCnt     Gap

*     0+    0                       1,82152e+08   108143,0000            99,94%
*     0+    0                       6,20365e+07   108143,0000            99,83%
*     0+    0                       5,22466e+07   108143,0000            99,79%
*     0+    0                       5,20899e+07   108143,0000            99,79%
      0     0   258086,9720    89   5,20899e+07   258086,9720      122   99,50%
      0     0   260668,2447    89   5,20899e+07      Cuts: 63      175   99,50%
      0     0   261315,6180   107   5,20899e+07      Cuts: 47      216   99,50%
      0     0   261475,1125   111   5,20899e+07      Cuts: 15      231   99,50%
      0     0   261505,8790   112   5,20899e+07       Cuts: 6      237   99,50%
*     0+    0                       299274,0000   261505,8790            12,62%
*     0+    0                       299184,0000   261505,8790            12,59%
*     0+    0                       297957,0000   261505,8790            12,23%
      0     0  -1,00000e+75     0   297957,0000   261505,8790      237   12,23%
*     0+    0                       277271,0000   261505,8790             5,69%
Detecting symmetries...
      0     2   261505,8790   112   277271,0000   261505,8790      237    5,69%
Elapsed time = 0,08 sec. (30,40 ticks, tree = 0,02 MB, solutions = 8)
*    32+    6                       275137,0000   262115,7015             4,73%
*   131+   10                       273413,0000   264161,5736             3,38%

Performing restart 1

Repeating presolve.
Tried aggregator 2 times.
MIP Presolve eliminated 29 rows and 22 columns.
MIP Presolve modified 323 coefficients.
Aggregator did 3 substitutions.
Reduced MIP has 470 rows, 468 columns, and 1322 nonzeros.
Reduced MIP has 156 binaries, 182 generals, 0 SOSs, and 0 indicators.
Presolve time = 0,02 sec. (1,09 ticks)
Tried aggregator 1 time.
MIP Presolve eliminated 313 rows and 312 columns.
MIP Presolve modified 12 coefficients.
Reduced MIP has 157 rows, 156 columns, and 436 nonzeros.
Reduced MIP has 53 binaries, 63 generals, 0 SOSs, and 0 indicators.
Presolve time = 0,00 sec. (0,42 ticks)
Tried aggregator 1 time.
MIP Presolve modified 4 coefficients.
Reduced MIP has 157 rows, 156 columns, and 436 nonzeros.
Reduced MIP has 53 binaries, 63 generals, 0 SOSs, and 0 indicators.
Presolve time = 0,00 sec. (0,31 ticks)
Represolve time = 0,73 sec. (28,49 ticks)
*  7398     0      integral     0   273413,0000   273413,0000    36772    0,00%

Implied bound cuts applied:  17
Lift and project cuts applied:  2
Gomory fractional cuts applied:  5

Root node processing (before b&c):
  Real time             =    0,06 sec. (30,20 ticks)
Parallel b&c, 20 threads:
  Real time             =    0,95 sec. (154,28 ticks)
  Sync time (average)   =    0,09 sec.
  Wait time (average)   =    0,00 sec.
                          ------------
Total (root+branch&cut) =    1,02 sec. (184,48 ticks)

<<< solve


OBJECTIVE: 273413
xxxx
#Result <fct_obj, tot_cst, tot_ldt, Emiss>: <2.7341e+5 2.7309e+5 319 3.1154e+7>#TS:273094#A:[0,9,26,24,7,12,22,19,20,16,16,2,2,8,10,10,14,12,16,11,14,11,11,8,7,12]#X:[0,1,1,1,1,1,0,0,0,0,0,0,0,0,0,0,0,0,0,0,0,0,0,0,0,1]#E: 31154440#DELIVER:
S10=>P12
S3=>P13
S8=>P13
S8=>P14
S9=>P14
S10=>P15
S8=>P16
S8=>P17
S9=>P17
S9=>P18
S9=>P19
S8=>P20
S9=>P21
S8=>P22
S10=>P22
S3=>P23
S8=>P23
S10=>P24
S8=>P25
xxxx

<<< post process


<<< done


)
