Array
(
    [CplexRunTime] => Total (root+branch&cut) =    0,08 sec
    [Result] => Array
        (
            [Objective] => fct_obj.
            [ServiceCost] => tot_cst.
            [LateDeliveries] => tot_ldt.
            [Emissions] => Emiss
        )

    [TS] => 2795569
    [A] => Array
        (
            [0] => 0
            [1] => 2
            [2] => 27
            [3] => 66
            [4] => 21
            [5] => 68
            [6] => 22
            [7] => 22
            [8] => 21
            [9] => 59
            [10] => 17
            [11] => 15
            [12] => 15
            [13] => 18
            [14] => 64
            [15] => 11
            [16] => 18
            [17] => 15
            [18] => 19
            [19] => 12
            [20] => 18
            [21] => 16
            [22] => 15
            [23] => 56
            [24] => 13
            [25] => 12
            [26] => 8
            [27] => 10
            [28] => 13
            [29] => 12
            [30] => 60
            [31] => 14
            [32] => 13
            [33] => 16
            [34] => 12
            [35] => 13
            [36] => 13
            [37] => 53
            [38] => 5
            [39] => 58
            [40] => 13
            [41] => 9
            [42] => 13
            [43] => 12
            [44] => 8
            [45] => 50
            [46] => 14
            [47] => 52
            [48] => 49
            [49] => 48
            [50] => 49
            [51] => 47
            [52] => 45
            [53] => 44
            [54] => 43
            [55] => 42
            [56] => 38
            [57] => 41
            [58] => 38
            [59] => 33
            [60] => 38
            [61] => 32
            [62] => 31
            [63] => 34
            [64] => 29
            [65] => 26
            [66] => 32
            [67] => 25
            [68] => 20
            [69] => 29
            [70] => 20
            [71] => 18
            [72] => 25
            [73] => 14
            [74] => 15
            [75] => 20
            [76] => 12
            [77] => 11
            [78] => 14
            [79] => 9
            [80] => 6
            [81] => 12
            [82] => 5
            [83] => 2
            [84] => 9
            [85] => 6
            [86] => 3
            [87] => 5
            [88] => 2
            [89] => 4
            [90] => 6
            [91] => 3
            [92] => 5
            [93] => 2
            [94] => 4
            [95] => 17
            [96] => 16
            [97] => 20
            [98] => 11
            [99] => 13
            [100] => 15
        )

    [X] => Array
        (
            [0] => 0
            [1] => 1
            [2] => 1
            [3] => 1
            [4] => 1
            [5] => 1
            [6] => 0
            [7] => 0
            [8] => 0
            [9] => 0
            [10] => 0
            [11] => 0
            [12] => 0
            [13] => 0
            [14] => 0
            [15] => 0
            [16] => 0
            [17] => 0
            [18] => 0
            [19] => 0
            [20] => 0
            [21] => 0
            [22] => 0
            [23] => 0
            [24] => 0
            [25] => 0
            [26] => 0
            [27] => 0
            [28] => 0
            [29] => 0
            [30] => 0
            [31] => 0
            [32] => 0
            [33] => 0
            [34] => 0
            [35] => 0
            [36] => 0
            [37] => 0
            [38] => 0
            [39] => 0
            [40] => 0
            [41] => 0
            [42] => 0
            [43] => 0
            [44] => 0
            [45] => 0
            [46] => 0
            [47] => 0
            [48] => 0
            [49] => 0
            [50] => 0
            [51] => 0
            [52] => 0
            [53] => 0
            [54] => 0
            [55] => 0
            [56] => 0
            [57] => 0
            [58] => 0
            [59] => 0
            [60] => 0
            [61] => 0
            [62] => 0
            [63] => 0
            [64] => 0
            [65] => 0
            [66] => 0
            [67] => 0
            [68] => 0
            [69] => 0
            [70] => 0
            [71] => 0
            [72] => 0
            [73] => 0
            [74] => 0
            [75] => 0
            [76] => 0
            [77] => 0
            [78] => 0
            [79] => 0
            [80] => 0
            [81] => 0
            [82] => 0
            [83] => 1
            [84] => 0
            [85] => 1
            [86] => 1
            [87] => 0
            [88] => 1
            [89] => 1
            [90] => 1
            [91] => 1
            [92] => 1
            [93] => 1
            [94] => 1
            [95] => 1
            [96] => 1
            [97] => 1
            [98] => 0
            [99] => 0
            [100] => 0
        )

    [E] => 2147483647
    [DELIVER] => Array
        (
            [0] => S9=>P15
            [1] => S9=>P17
            [2] => S9=>P19
            [3] => S9=>P21
            [4] => S9=>P22
            [5] => S9=>P24
            [6] => S9=>P25
            [7] => S8=>P26
            [8] => S9=>P28
            [9] => S9=>P29
            [10] => S8=>P31
            [11] => S9=>P31
            [12] => S9=>P34
            [13] => S9=>P36
            [14] => S10=>P38
            [15] => S9=>P40
            [16] => S8=>P41
            [17] => S8=>P42
            [18] => S9=>P42
            [19] => S8=>P43
            [20] => S9=>P43
            [21] => S8=>P44
            [22] => S9=>P46
            [23] => S1=>P98
            [24] => S2=>P98
            [25] => S3=>P98
            [26] => S4=>P98
            [27] => S5=>P98
            [28] => S6=>P98
            [29] => S7=>P98
            [30] => S8=>P98
            [31] => S9=>P98
            [32] => S10=>P98
            [33] => S1=>P99
            [34] => S2=>P99
            [35] => S3=>P99
            [36] => S4=>P99
            [37] => S5=>P99
            [38] => S6=>P99
            [39] => S7=>P99
            [40] => S8=>P99
            [41] => S9=>P99
            [42] => S10=>P99
            [43] => S1=>P100
            [44] => S2=>P100
            [45] => S3=>P100
            [46] => S4=>P100
            [47] => S5=>P100
            [48] => S6=>P100
            [49] => S7=>P100
            [50] => S8=>P100
            [51] => S9=>P100
            [52] => S10=>P100
        )

    [_raw_output] => 
<<< setup

0 0 -1 0 1 0,25 0,5 0,8 1 0 0 0 0 13
1 2 0 8000 1 0,25 0,5 0,8 1 0 16000 1600 1500 13
2 5 1 980 1 0,25 0,5 0,8 1 0 9900 990 1500 13
3 7 1 970 1 0,25 0,5 0,8 1 0 9200 920 1500 13
4 6 1 990 1 0,25 0,5 0,8 1 0 8600 860 1500 13
5 4 1 940 2 0,25 0,5 0,8 1 0 8500 850 1500 13
6 4 2 960 3 0,25 0,5 0,8 1 0 8400 840 1500 13
7 3 2 880 2 0,25 0,5 0,8 1 0 8200 820 1500 13
8 3 2 860 1 0,25 0,5 0,8 1 0 7600 760 1500 13
9 3 3 870 2 0,25 0,5 0,8 1 0 7500 750 1500 13
10 4 3 830 3 0,25 0,5 0,8 1 0 6800 680 1500 13
11 3 4 770 2 0,25 0,5 0,8 1 0 6750 675 1500 13
12 5 4 740 3 0,25 0,5 0,8 1 0 6700 670 1500 13
13 5 5 680 8 0,25 0,5 0,5 1 0 6600 660 1500 13
14 4 5 720 6 0,25 0,5 0,5 1 0 6200 620 1500 13
15 2 5 780 2 0,25 0,5 0,5 1 0 6190 619 1500 13
16 4 6 740 9 0,25 0,5 0,5 1 0 6020 602 1500 13
17 6 6 660 6 0,25 0,5 0,5 1 0 5880 588 1500 13
18 3 7 630 2 0,25 0,5 0,5 1 0 5800 580 1500 13
19 3 8 650 1 0,25 0,5 0,5 1 0 5680 568 1500 13
20 5 8 680 2 0,25 0,5 0,5 1 0 5460 546 1500 13
21 7 9 620 6 0,25 0,5 0,5 1 0 5260 526 1500 13
22 6 9 590 4 0,25 0,5 0,5 1 0 4930 493 1500 13
23 3 9 670 4 0,25 0,5 0,5 1 0 4550 455 1500 13
24 4 10 480 3 0,25 0,5 0,5 1 0 4410 441 1500 13
25 3 11 570 2 0,25 0,5 0,5 1 0 4120 412 1500 13
26 3 12 560 3 0,25 0,5 0,5 1 0 3800 380 1500 13
27 5 12 600 6 0,25 0,5 0,5 1 0 3690 369 1500 13
28 4 13 480 16 0,25 0,5 0,5 1 0 3500 350 1500 13
29 3 14 560 6 0,25 0,5 0,5 1 0 3380 338 1500 13
30 2 14 570 18 0,25 0,5 0,5 1 0 3120 312 1500 13
31 5 16 550 9 0,25 0,5 0,5 1 0 2940 294 1500 13
32 4 16 590 9 0,25 0,5 0,5 1 0 2750 275 1500 13
33 3 18 560 6 0,25 0,5 0,5 1 0 2610 261 1500 13
34 3 18 390 4 0,25 0,5 0,5 1 0 2510 251 1500 13
35 5 20 470 4 0,25 0,5 0,5 1 0 2360 236 1500 13
36 4 23 420 8 0,25 0,5 0,5 1 0 2200 220 1500 13
37 3 23 430 12 0,25 0,5 0,5 1 0 2200 220 1500 13
38 4 27 440 6 0,25 0,5 0,5 1 0 2110 211 1500 13
39 6 30 450 18 0,25 0,5 0,5 1 0 1960 196 1500 13
40 4 30 400 54 0,25 0,5 0,5 1 0 1920 192 1500 13
41 4 32 420 18 0,25 0,5 0,5 1 0 1780 178 1500 13
42 4 33 390 12 0,25 0,5 0,5 1 0 1670 167 1500 13
43 3 33 370 12 0,25 0,5 0,5 1 0 1650 165 1500 13
44 3 35 360 8 0,25 0,5 0,5 1 0 1600 160 1500 13
45 2 37 370 12 0,25 0,5 0,5 1 0 1500 150 1500 13
46 5 37 370 12 0,25 0,5 0,5 1 0 1470 147 1500 13
47 3 39 170 54 0,25 0,5 0,5 1 0 1420 142 1500 13
48 2 39 180 36 0,25 0,5 0,5 1 0 1320 132 1500 13
49 3 45 100 48 0,25 0,5 0,5 1 0 1220 122 1500 13
50 5 47 70 108 0,25 0,5 0,5 1 0 1190 119 1500 13
51 4 48 80 72 0,25 0,5 0,5 1 0 1150 115 1500 13
52 3 49 90 96 0,25 0,5 0,5 1 0 1100 110 1500 13
53 6 50 60 216 0,25 0,5 0,5 1 0 1050 105 1500 13
54 2 51 75 144 0,25 0,5 0,5 1 0 1020 102 1500 13
55 4 52 85 192 0,25 0,5 0,5 1 0 980 98 1500 13
56 5 53 55 432 0,25 0,5 0,5 1 0 950 95 1500 13
57 3 54 65 288 0,25 0,5 0,5 1 0 920 92 1500 13
58 6 55 70 384 0,25 0,5 0,5 1 0 890 89 1500 13
59 2 56 50 658 0,25 0,5 0,5 1 0 860 86 1500 13
60 4 57 45 576 0,25 0,5 0,5 1 0 830 83 1500 13
61 3 58 52 658 0,25 0,5 0,5 1 0 800 80 1500 13
62 5 59 48 658 0,25 0,5 0,5 1 0 770 77 1500 13
63 2 60 42 658 0,25 0,5 0,5 1 0 740 74 1500 13
64 4 61 38 658 0,25 0,5 0,5 1 0 710 71 1500 13
65 6 62 35 658 0,25 0,5 0,5 1 0 680 68 1500 13
66 3 63 40 658 0,25 0,5 0,5 1 0 650 65 1500 13
67 5 64 32 658 0,25 0,5 0,5 1 0 620 62 1500 13
68 2 65 30 658 0,25 0,5 0,5 1 0 590 59 1500 13
69 4 66 28 658 0,25 0,5 0,5 1 0 560 56 1500 13
70 6 67 25 658 0,25 0,5 0,5 1 0 530 53 1500 13
71 3 68 22 658 0,25 0,5 0,5 1 0 500 50 1500 13
72 5 69 20 658 0,25 0,5 0,5 1 0 470 47 1500 13
73 2 70 18 658 0,25 0,5 0,5 1 0 440 44 1500 13
74 4 71 16 658 0,25 0,5 0,5 1 0 410 41 1500 13
75 6 72 15 658 0,25 0,5 0,5 1 0 380 38 1500 13
76 3 73 14 658 0,25 0,5 0,5 1 0 350 35 1500 13
77 5 74 12 658 0,25 0,5 0,5 1 0 320 32 1500 13
78 2 75 10 658 0,25 0,5 0,5 1 0 290 29 1500 13
79 4 76 8 658 0,25 0,5 0,5 1 0 260 26 1500 13
80 6 77 6 658 0,25 0,5 0,5 1 0 230 23 1500 13
81 3 78 5 658 0,25 0,5 0,5 1 0 200 20 1500 13
82 5 79 4 658 0,25 0,5 0,5 1 0 170 17 1500 13
83 2 80 3 658 0,25 0,5 0,5 1 0 140 14 1500 13
84 4 81 2 658 0,25 0,5 0,5 1 0 110 11 1500 13
85 6 82 2 658 0,25 0,5 0,5 1 0 80 8 1500 13
86 3 83 1 658 0,25 0,5 0,5 1 0 60 6 1500 13
87 5 84 1 658 0,25 0,5 0,5 1 0 50 5 1500 13
88 2 85 1 658 0,25 0,5 0,5 1 0 40 4 1500 13
89 4 86 1 658 0,25 0,5 0,5 1 0 30 3 1500 13
90 6 87 1 658 0,25 0,5 0,5 1 0 25 2,5 1500 13
91 3 88 1 658 0,25 0,5 0,5 1 0 20 2 1500 13
92 5 89 1 658 0,25 0,5 0,5 1 0 15 1,5 1500 13
93 2 90 1 658 0,25 0,5 0,5 1 0 12 1,2 1500 13
94 4 91 1 658 0,25 0,5 0,5 1 0 10 1 1500 13
95 6 92 1 658 0,25 0,5 0,5 1 0 8 0,8 1500 13
96 3 93 1 658 0,25 0,5 0,5 1 0 6 0,6 1500 13
97 5 94 1 658 0,25 0,5 0,5 1 0 5 0,5 1500 13
98 2 95 1 658 0,25 0,5 0,5 1 0 4 0,4 1500 13
99 4 96 1 658 0,25 0,5 0,5 1 0 3 0,3 1500 13
100 6 97 1 658 0,25 0,5 0,5 1 0 2 0,2 1500 13
Node nums: [0 1 2 3 4 5 6 7 8 9 10 11 12 13 14 15 16 17 18 19 20 21 22 23 24 25 26 27
     28 29 30 31 32 33 34 35 36 37 38 39 40 41 42 43 44 45 46 47 48 49 50 51
     52 53 54 55 56 57 58 59 60 61 62 63 64 65 66 67 68 69 70 71 72 73 74 75
     76 77 78 79 80 81 82 83 84 85 86 87 88 89 90 91 92 93 94 95 96 97 98 99
     100]
xx-Data uploaded-xx
	**** start init su array ...
0 [0 0 0 0 0 0 0 0 0 0]
1 [0 0 0 0 0 0 0 0 0 0]
2 [0 0 0 0 0 0 0 0 0 0]
3 [0 0 0 0 0 0 0 0 0 0]
4 [0 0 0 0 0 0 0 0 0 0]
5 [0 0 0 0 0 0 0 0 0 0]
6 [0 0 0 0 0 0 0 0 0 0]
7 [0 0 0 0 0 0 0 0 0 0]
8 [0 0 0 0 0 0 0 0 0 0]
9 [0 0 0 0 0 0 0 0 0 0]
10 [0 0 0 0 0 0 0 0 0 0]
11 [0 0 0 0 0 0 0 0 0 0]
12 [0 0 0 0 0 0 0 0 0 0]
13 [0 0 0 0 0 0 0 0 0 0]
14 [0 0 0 0 0 0 0 0 0 0]
15 [1 1 1 1 1 1 1 1 1 1]
16 [0 0 0 0 0 0 0 0 0 0]
17 [1 1 1 1 1 1 1 1 1 1]
18 [0 0 0 0 0 0 0 0 0 0]
19 [1 1 1 1 1 1 1 1 1 1]
20 [0 0 0 0 0 0 0 0 0 0]
21 [1 1 1 1 1 1 1 1 1 1]
22 [1 1 1 1 1 1 1 1 1 1]
23 [1 1 1 1 1 1 1 1 1 1]
24 [1 1 1 1 1 1 1 1 1 1]
25 [1 1 1 1 1 1 1 1 1 1]
26 [1 1 1 1 1 1 1 1 1 1]
27 [0 0 0 0 0 0 0 0 0 0]
28 [1 1 1 1 1 1 1 1 1 1]
29 [1 1 1 1 1 1 1 1 1 1]
30 [0 0 0 0 0 0 0 0 0 0]
31 [1 1 1 1 1 1 1 1 1 1]
32 [0 0 0 0 0 0 0 0 0 0]
33 [0 0 0 0 0 0 0 0 0 0]
34 [1 1 1 1 1 1 1 1 1 1]
35 [1 1 1 1 1 1 1 1 1 1]
36 [1 1 1 1 1 1 1 1 1 1]
37 [0 0 0 0 0 0 0 0 0 0]
38 [1 1 1 1 1 1 1 1 1 1]
39 [0 0 0 0 0 0 0 0 0 0]
40 [1 1 1 1 1 1 1 1 1 1]
41 [1 1 1 1 1 1 1 1 1 1]
42 [1 1 1 1 1 1 1 1 1 1]
43 [1 1 1 1 1 1 1 1 1 1]
44 [1 1 1 1 1 1 1 1 1 1]
45 [0 0 0 0 0 0 0 0 0 0]
46 [1 1 1 1 1 1 1 1 1 1]
47 [0 0 0 0 0 0 0 0 0 0]
48 [0 0 0 0 0 0 0 0 0 0]
49 [1 1 1 1 1 1 1 1 1 1]
50 [0 0 0 0 0 0 0 0 0 0]
51 [1 1 1 1 1 1 1 1 1 1]
52 [0 0 0 0 0 0 0 0 0 0]
53 [0 0 0 0 0 0 0 0 0 0]
54 [1 1 1 1 1 1 1 1 1 1]
55 [0 0 0 0 0 0 0 0 0 0]
56 [0 0 0 0 0 0 0 0 0 0]
57 [1 1 1 1 1 1 1 1 1 1]
58 [0 0 0 0 0 0 0 0 0 0]
59 [1 1 1 1 1 1 1 1 1 1]
60 [0 0 0 0 0 0 0 0 0 0]
61 [1 1 1 1 1 1 1 1 1 1]
62 [0 0 0 0 0 0 0 0 0 0]
63 [1 1 1 1 1 1 1 1 1 1]
64 [0 0 0 0 0 0 0 0 0 0]
65 [1 1 1 1 1 1 1 1 1 1]
66 [0 0 0 0 0 0 0 0 0 0]
67 [1 1 1 1 1 1 1 1 1 1]
68 [1 1 1 1 1 1 1 1 1 1]
69 [0 0 0 0 0 0 0 0 0 0]
70 [0 0 0 0 0 0 0 0 0 0]
71 [0 0 0 0 0 0 0 0 0 0]
72 [1 1 1 1 1 1 1 1 1 1]
73 [1 1 1 1 1 1 1 1 1 1]
74 [0 0 0 0 0 0 0 0 0 0]
75 [0 0 0 0 0 0 0 0 0 0]
76 [0 0 0 0 0 0 0 0 0 0]
77 [1 1 1 1 1 1 1 1 1 1]
78 [0 0 0 0 0 0 0 0 0 0]
79 [0 0 0 0 0 0 0 0 0 0]
80 [1 1 1 1 1 1 1 1 1 1]
81 [1 1 1 1 1 1 1 1 1 1]
82 [0 0 0 0 0 0 0 0 0 0]
83 [1 1 1 1 1 1 1 1 1 1]
84 [0 0 0 0 0 0 0 0 0 0]
85 [1 1 1 1 1 1 1 1 1 1]
86 [1 1 1 1 1 1 1 1 1 1]
87 [0 0 0 0 0 0 0 0 0 0]
88 [1 1 1 1 1 1 1 1 1 1]
89 [1 1 1 1 1 1 1 1 1 1]
90 [1 1 1 1 1 1 1 1 1 1]
91 [0 0 0 0 0 0 0 0 0 0]
92 [1 1 1 1 1 1 1 1 1 1]
93 [1 1 1 1 1 1 1 1 1 1]
94 [1 1 1 1 1 1 1 1 1 1]
95 [0 0 0 0 0 0 0 0 0 0]
96 [1 1 1 1 1 1 1 1 1 1]
97 [1 1 1 1 1 1 1 1 1 1]
98 [1 1 1 1 1 1 1 1 1 1]
99 [1 1 1 1 1 1 1 1 1 1]
100 [1 1 1 1 1 1 1 1 1 1]
	**** end init su array ...
1 2 1 700 80 0.85 0.92 0.8 (9)9
2 2 0.9 800 75 0.82 0.90 0.9 (9)9
3 1 1.1 680 90 0.88 0.95 0.5 (9)9
4 1 1 480 100 0.86 0.93 0.6 (9)9
5 5 0.6 550 40 0.72 0.78 1.5 (9)9
6 6 0.5 650 45 0.70 0.75 2.0 (9)9
7 7 0.5 1100 40 0.68 0.72 2.5 (9)9
8 5 0.3 700 30 0.65 0.70 1.8 (9)9
9 9 0.2 1700 15 0.60 0.65 3.5 (9)9
10 1 0.8 5800 40 0.80 0.88 0.7 (9)9

<<< generate

Version identifier: 20.1.0.0 | 2020-11-10 | 9bedb6d68
CPXPARAM_TimeLimit                               1800
Tried aggregator 2 times.
MIP Presolve eliminated 52299 rows and 1623 columns.
MIP Presolve added 400 rows and 200 columns.
MIP Presolve modified 196 coefficients.
Aggregator did 2 substitutions.
Reduced MIP has 1236 rows, 898 columns, and 2990 nonzeros.
Reduced MIP has 299 binaries, 399 generals, 0 SOSs, and 0 indicators.
Presolve time = 0,02 sec. (34,66 ticks)
Found incumbent of value 6,8194181e+09 after 0,02 sec. (41,43 ticks)
Probing time = 0,00 sec. (0,24 ticks)
Cover probing fixed 0 vars, tightened 20 bounds.
Tried aggregator 1 time.
Detecting symmetries...
MIP Presolve eliminated 260 rows and 0 columns.
MIP Presolve modified 280 coefficients.
Reduced MIP has 976 rows, 898 columns, and 2670 nonzeros.
Reduced MIP has 299 binaries, 399 generals, 0 SOSs, and 0 indicators.
Presolve time = 0,00 sec. (1,99 ticks)
Classifier predicts products in MIQP should be linearized.
Probing time = 0,00 sec. (0,20 ticks)
MIP emphasis: balance optimality and feasibility.
MIP search method: dynamic search.
Parallel mode: deterministic, using up to 20 threads.
Root relaxation solution time = 0,00 sec. (2,66 ticks)

        Nodes                                         Cuts/
   Node  Left     Objective  IInf  Best Integer    Best Bound    ItCnt     Gap

*     0+    0                       6,81942e+09   155571,0000           100,00%
*     0+    0                       4,30575e+09   155571,0000           100,00%
*     0+    0                       4,13045e+09   155571,0000           100,00%
*     0+    0                       4,11803e+09   155571,0000           100,00%
      0     0  2755339,0543    45   4,11803e+09  2755339,0543      168   99,93%
      0     0  2762125,5475    30   4,11803e+09      Cuts: 23      184   99,93%
      0     0  2765325,9216    31   4,11803e+09      Cuts: 14      191   99,93%
      0     0  2765325,9216    32   4,11803e+09    MIRcuts: 2      193   99,93%
      0     0  2765325,9216    30   4,11803e+09    MIRcuts: 2      194   99,93%
*     0+    0                      2797819,0000  2765325,9216             1,16%
      0     0        cutoff        2797819,0000  2797819,0000      194    0,00%
Elapsed time = 0,13 sec. (72,30 ticks, tree = 0,01 MB, solutions = 5)

Implied bound cuts applied:  10
Mixed integer rounding cuts applied:  4
Lift and project cuts applied:  2
Gomory fractional cuts applied:  1

Root node processing (before b&c):
  Real time             =    0,13 sec. (72,44 ticks)
Parallel b&c, 20 threads:
  Real time             =    0,00 sec. (0,00 ticks)
  Sync time (average)   =    0,00 sec.
  Wait time (average)   =    0,00 sec.
                          ------------
Total (root+branch&cut) =    0,13 sec. (72,44 ticks)

<<< solve


OBJECTIVE: 2797819
xxxx
#Result <fct_obj, tot_cst, tot_ldt, Emiss>: <2.7978e+6 2.7956e+6 2250 1.445e+10>#TS:2795569#A:[0,2,27,66,21,68,22,22,21,59,17,15,15,18,64,11,18,15,19,12,18,16,15,56,13,12,8,10,13,12,60,14,13,16,12,13,13,53,5,58,13,9,13,12,8,50,14,52,49,48,49,47,45,44,43,42,38,41,38,33,38,32,31,34,29,26,32,25,20,29,20,18,25,14,15,20,12,11,14,9,6,12,5,2,9,6,3,5,2,4,6,3,5,2,4,17,16,20,11,13,15]#X:[0,1,1,1,1,1,0,0,0,0,0,0,0,0,0,0,0,0,0,0,0,0,0,0,0,0,0,0,0,0,0,0,0,0,0,0,0,0,0,0,0,0,0,0,0,0,0,0,0,0,0,0,0,0,0,0,0,0,0,0,0,0,0,0,0,0,0,0,0,0,0,0,0,0,0,0,0,0,0,0,0,0,0,1,0,1,1,0,1,1,1,1,1,1,1,1,1,1,0,0,0]#E: 2147483647#DELIVER:
S9=>P15
S9=>P17
S9=>P19
S9=>P21
S9=>P22
S9=>P24
S9=>P25
S8=>P26
S9=>P28
S9=>P29
S8=>P31
S9=>P31
S9=>P34
S9=>P36
S10=>P38
S9=>P40
S8=>P41
S8=>P42
S9=>P42
S8=>P43
S9=>P43
S8=>P44
S9=>P46
S1=>P98
S2=>P98
S3=>P98
S4=>P98
S5=>P98
S6=>P98
S7=>P98
S8=>P98
S9=>P98
S10=>P98
S1=>P99
S2=>P99
S3=>P99
S4=>P99
S5=>P99
S6=>P99
S7=>P99
S8=>P99
S9=>P99
S10=>P99
S1=>P100
S2=>P100
S3=>P100
S4=>P100
S5=>P100
S6=>P100
S7=>P100
S8=>P100
S9=>P100
S10=>P100
xxxx

<<< post process


<<< done


)
