Array
(
    [CplexRunTime] => Total (root+branch&cut) =    1,63 sec
    [status] => INFEASIBLE
    [termination_reason] => INFEASIBLE
    [mip_gap] => 
    [Result] => Array
        (
            [Objective] => 25445000
            [TotalCost] => 239010
            [DIO] => 249
            [WIP] => 560040
            [Emissions] => 0
        )

    [CS] => 239009
    [DIO] => 249
    [WIP] => 560040
    [E] => 25445255
    [A] => Array
        (
            [0] => 1
            [1] => 9
            [2] => 30
            [3] => 17
            [4] => 8
            [5] => 12
            [6] => 26
            [7] => 15
            [8] => 22
            [9] => 8
            [10] => 9
            [11] => 3
            [12] => 3
            [13] => 10
            [14] => 10
            [15] => 10
            [16] => 18
            [17] => 12
            [18] => 16
            [19] => 3
            [20] => 7
        )

    [X] => Array
        (
            [0] => 0
            [1] => 1
            [2] => 1
            [3] => 1
            [4] => 1
            [5] => 1
            [6] => 0
            [7] => 0
            [8] => 0
            [9] => 0
            [10] => 0
            [11] => 0
            [12] => 0
            [13] => 0
            [14] => 0
            [15] => 0
            [16] => 0
            [17] => 0
            [18] => 0
            [19] => 0
            [20] => 1
        )

    [DELIVER] => Array
        (
            [0] => S4=>P11
            [1] => S10=>P11
            [2] => S2=>P12
            [3] => S10=>P12
            [4] => S6=>P13
            [5] => S7=>P13
            [6] => S8=>P13
            [7] => S9=>P14
            [8] => S3=>P15
            [9] => S4=>P15
            [10] => S10=>P15
            [11] => S9=>P16
            [12] => S9=>P17
            [13] => S9=>P18
            [14] => S10=>P19
            [15] => S4=>P20
        )

    [_raw_output] => 
<<< setup

0 0 -1 0 1 0,25 0,5 0,8 1 0 0 0 0  14
1 9 0 1200 1 0,25 0,5 0,8 1 0 8000 800 1500  14
2 4 1 140 1 0,25 0,5 0,8 1 0 4000 500 1500  14
3 8 1 290 1 0,25 0,5 0,8 1 0 6000 600 1500  14
4 5 1 120 3 0,25 0,5 0,8 1 0 3200 320 1500  14
5 2 1 95 2 0,25 0,5 0,8 1 0 2600 260 1500  14
6 8 2 90 3 0,25 0,5 0,8 1 0 2800 280 1500  14
7 3 2 85 2 0,25 0,5 0,8 1 0 3100 310 1500  14
8 6 2 80 1 0,25 0,5 0,8 1 0 1800 180 1500  14
9 5 3 82 2 0,25 0,5 0,8 1 0 1450 145 1500  14
10 9 3 78 3 0,25 0,5 0,8 1 0 1300 130 1500  14
11 2 4 72 2 0,25 0,5 0,8 1 0 1350 135 1500  14
12 1 4 68 3 0,25 0,5 0,8 1 0 1150 115 1500  14
13 3 5 62 8 0,25 0,5 0,5 1 0 1200 120 1500  14
14 1 5 66 6 0,25 0,5 0,5 1 0 1200 120 1500  14
15 9 5 70 2 0,25 0,5 0,5 1 0 1200 120 1500  14
16 9 6 64 9 0,25 0,5 0,5 1 0 2200 220 1500  14
17 3 7 58 6 0,25 0,5 0,5 1 0 2100 210 1500  14
18 7 8 55 2 0,25 0,5 0,5 1 0 2400 240 1500  14
19 2 9 56 1 0,25 0,5 0,5 1 0 1300 130 1500  14
20 6 10 52 4 0,25 0,5 0,5 1 0 1250 125 1500  14
Node nums: [0 1 2 3 4 5 6 7 8 9 10 11 12 13 14 15 16 17 18 19 20]
xx-Data uploaded-xx
	**** start init su array ...
0 [0 0 0 0 0 0 0 0 0 0]
1 [0 0 0 0 0 0 0 0 0 0]
2 [0 0 0 0 0 0 0 0 0 0]
3 [0 0 0 0 0 0 0 0 0 0]
4 [0 0 0 0 0 0 0 0 0 0]
5 [0 0 0 0 0 0 0 0 0 0]
6 [0 0 0 0 0 0 0 0 0 0]
7 [0 0 0 0 0 0 0 0 0 0]
8 [0 0 0 0 0 0 0 0 0 0]
9 [0 0 0 0 0 0 0 0 0 0]
10 [0 0 0 0 0 0 0 0 0 0]
11 [1 1 1 1 1 1 1 1 1 1]
12 [1 1 1 1 1 1 1 1 1 1]
13 [1 1 1 1 1 1 1 1 1 1]
14 [1 1 1 1 1 1 1 1 1 1]
15 [1 1 1 1 1 1 1 1 1 1]
16 [1 1 1 1 1 1 1 1 1 1]
17 [1 1 1 1 1 1 1 1 1 1]
18 [1 1 1 1 1 1 1 1 1 1]
19 [1 1 1 1 1 1 1 1 1 1]
20 [1 1 1 1 1 1 1 1 1 1]
	**** end init su array ...
1 2 1 100 80 0.85 0.92 0.8 (9)9
2 2 0.9 60 75 0.82 0.90 0.9 (9)9
3 1 1.1 80 90 0.88 0.95 0.5 (9)9
4 1 1 80 100 0.86 0.93 0.6 (9)9
5 5 0.6 50 40 0.72 0.78 1.5 (9)9
6 6 0.5 60 45 0.70 0.75 2.0 (9)9
7 7 0.5 80 40 0.68 0.72 2.5 (9)9
8 5 0.3 25 30 0.65 0.70 1.8 (9)9
9 9 0.2 250 15 0.60 0.65 3.5 (9)9
10 1 0.8 30 40 0.80 0.88 0.7 (9)9

<<< generate

Version identifier: 20.1.0.0 | 2020-11-10 | 9bedb6d68
CPXPARAM_Preprocessing_Reduce                    0
CPXPARAM_TimeLimit                               300
Tried aggregator 0 times.
Reduced MIP has 3733 rows, 693 columns, and 6991 nonzeros.
Reduced MIP has 231 binaries, 462 generals, 0 SOSs, and 0 indicators.
Presolve time = 0,00 sec. (0,41 ticks)
Probing fixed 0 vars, tightened 242 bounds.
Probing time = 0,02 sec. (7,33 ticks)
Cover probing fixed 1 vars, tightened 98 bounds.
Clique table members: 101.
MIP emphasis: balance optimality and feasibility.
MIP search method: dynamic search.
Parallel mode: deterministic, using up to 20 threads.
Root relaxation solution time = 0,00 sec. (9,89 ticks)

        Nodes                                         Cuts/
   Node  Left     Objective  IInf  Best Integer    Best Bound    ItCnt     Gap

      0     0   1,04338e+07   132                 1,04338e+07      311         
      0     0   1,33180e+07   154                   Cuts: 217      491         
      0     0   1,41055e+07   151                   Cuts: 110      579         
      0     0   1,43128e+07   153                    Cuts: 72      634         
      0     0   1,44062e+07   156                    Cuts: 51      664         
      0     0   1,45056e+07   158                    Cuts: 45      695         
      0     0   1,45334e+07   163                    Cuts: 36      718         
      0     0   1,45405e+07   175                    Cuts: 47      744         
      0     0   1,45525e+07   183                    Cuts: 42      773         
      0     0   1,45632e+07   157                    Cuts: 41      798         
      0     0   1,45804e+07   158                    Cuts: 38      818         
      0     0   1,46058e+07   168                    Cuts: 32      837         
      0     0   1,46258e+07   145                    Cuts: 39      862         
      0     0   1,46339e+07   153                    Cuts: 26      877         
      0     0   1,46521e+07   142                    Cuts: 15      891         
      0     0   1,46848e+07   140                    Cuts: 29      909         
      0     0   1,46931e+07   142                     Cuts: 9      917         
      0     0   1,46944e+07   144                     Cuts: 5      920         
      0     0   1,46944e+07   144                     Cuts: 5      922         
      0     2   1,46944e+07   144                 1,46944e+07      922         
Elapsed time = 0,44 sec. (390,66 ticks, tree = 0,02 MB, solutions = 0)
   2218  1164   1,79865e+07    49                 1,66631e+07    22925         
   5738  1832    infeasible                       1,78934e+07    93225         
   9137  1907   2,03960e+07    48                 1,90089e+07   151796         
  12450  1431    infeasible                       2,02664e+07   211049         
* 14099+  259                       2,54453e+07   2,16686e+07            14,84%
* 14116+  259                       2,54453e+07   2,16686e+07            14,84%

Cover cuts applied:  22
Implied bound cuts applied:  138
Flow cuts applied:  33
Mixed integer rounding cuts applied:  69
Zero-half cuts applied:  55
Multi commodity flow cuts applied:  3
Lift and project cuts applied:  19
Gomory fractional cuts applied:  32

Root node processing (before b&c):
  Real time             =    0,41 sec. (389,43 ticks)
Parallel b&c, 20 threads:
  Real time             =    1,22 sec. (1125,40 ticks)
  Sync time (average)   =    0,39 sec.
  Wait time (average)   =    0,00 sec.
                          ------------
Total (root+branch&cut) =    1,63 sec. (1514,82 ticks)

<<< solve


OBJECTIVE: 2.544526e+7
xxxx
#Result <fct_obj, tot_cost, DIO, WIP, Emiss>: <2.5445e+7 2.3901e+5 249 5.6004e+5 2.5445e+7 23729 2.1528e+5 0>#CS:239009#DIO:249#WIP:560040#E: 25445255#A:[1,9,30,17,8,12,26,15,22,8,9,3,3,10,10,10,18,12,16,3,7]#X:[0,1,1,1,1,1,0,0,0,0,0,0,0,0,0,0,0,0,0,0,1]#DELIVER:
S4=>P11
S10=>P11
S2=>P12
S10=>P12
S6=>P13
S7=>P13
S8=>P13
S9=>P14
S3=>P15
S4=>P15
S10=>P15
S9=>P16
S9=>P17
S9=>P18
S10=>P19
S4=>P20
xxxx

<<< post process


<<< done


)
