Array
(
    [CplexRunTime] => Total (root+branch&cut) =    1,72 sec
    [status] => INFEASIBLE
    [termination_reason] => INFEASIBLE
    [mip_gap] => 
    [Result] => Array
        (
            [Objective] => 20884000
            [TotalCost] => 241400
            [DIO] => 208
            [WIP] => 537640
            [Emissions] => 0
        )

    [CS] => 241400
    [DIO] => 208
    [WIP] => 537640
    [E] => 20883745
    [A] => Array
        (
            [0] => 1
            [1] => 9
            [2] => 22
            [3] => 17
            [4] => 8
            [5] => 12
            [6] => 18
            [7] => 15
            [8] => 14
            [9] => 8
            [10] => 9
            [11] => 3
            [12] => 2
            [13] => 10
            [14] => 10
            [15] => 10
            [16] => 10
            [17] => 12
            [18] => 8
            [19] => 3
            [20] => 7
        )

    [X] => Array
        (
            [0] => 0
            [1] => 1
            [2] => 1
            [3] => 1
            [4] => 1
            [5] => 1
            [6] => 0
            [7] => 0
            [8] => 0
            [9] => 0
            [10] => 0
            [11] => 0
            [12] => 0
            [13] => 0
            [14] => 0
            [15] => 0
            [16] => 0
            [17] => 0
            [18] => 0
            [19] => 0
            [20] => 1
        )

    [DELIVER] => Array
        (
            [0] => S3=>P11
            [1] => S10=>P11
            [2] => S3=>P12
            [3] => S10=>P12
            [4] => S6=>P13
            [5] => S7=>P13
            [6] => S8=>P13
            [7] => S9=>P14
            [8] => S3=>P15
            [9] => S4=>P15
            [10] => S10=>P15
            [11] => S3=>P16
            [12] => S4=>P16
            [13] => S10=>P16
            [14] => S9=>P17
            [15] => S3=>P18
            [16] => S10=>P18
            [17] => S10=>P19
            [18] => S4=>P20
        )

    [_raw_output] => 
<<< setup

0 0 -1 0 1 0,25 0,5 0,8 1 0 0 0 0  14
1 9 0 1200 1 0,25 0,5 0,8 1 0 8000 800 1500  14
2 4 1 140 1 0,25 0,5 0,8 1 0 4000 500 1500  14
3 8 1 290 1 0,25 0,5 0,8 1 0 6000 600 1500  14
4 5 1 120 3 0,25 0,5 0,8 1 0 3200 320 1500  14
5 2 1 95 2 0,25 0,5 0,8 1 0 2600 260 1500  14
6 8 2 90 3 0,25 0,5 0,8 1 0 2800 280 1500  14
7 3 2 85 2 0,25 0,5 0,8 1 0 3100 310 1500  14
8 6 2 80 1 0,25 0,5 0,8 1 0 1800 180 1500  14
9 5 3 82 2 0,25 0,5 0,8 1 0 1450 145 1500  14
10 9 3 78 3 0,25 0,5 0,8 1 0 1300 130 1500  14
11 2 4 72 2 0,25 0,5 0,8 1 0 1350 135 1500  14
12 1 4 68 3 0,25 0,5 0,8 1 0 1150 115 1500  14
13 3 5 62 8 0,25 0,5 0,5 1 0 1200 120 1500  14
14 1 5 66 6 0,25 0,5 0,5 1 0 1200 120 1500  14
15 9 5 70 2 0,25 0,5 0,5 1 0 1200 120 1500  14
16 9 6 64 9 0,25 0,5 0,5 1 0 2200 220 1500  14
17 3 7 58 6 0,25 0,5 0,5 1 0 2100 210 1500  14
18 7 8 55 2 0,25 0,5 0,5 1 0 2400 240 1500  14
19 2 9 56 1 0,25 0,5 0,5 1 0 1300 130 1500  14
20 6 10 52 4 0,25 0,5 0,5 1 0 1250 125 1500  14
Node nums: [0 1 2 3 4 5 6 7 8 9 10 11 12 13 14 15 16 17 18 19 20]
xx-Data uploaded-xx
	**** start init su array ...
0 [0 0 0 0 0 0 0 0 0 0]
1 [0 0 0 0 0 0 0 0 0 0]
2 [0 0 0 0 0 0 0 0 0 0]
3 [0 0 0 0 0 0 0 0 0 0]
4 [0 0 0 0 0 0 0 0 0 0]
5 [0 0 0 0 0 0 0 0 0 0]
6 [0 0 0 0 0 0 0 0 0 0]
7 [0 0 0 0 0 0 0 0 0 0]
8 [0 0 0 0 0 0 0 0 0 0]
9 [0 0 0 0 0 0 0 0 0 0]
10 [0 0 0 0 0 0 0 0 0 0]
11 [1 1 1 1 1 1 1 1 1 1]
12 [1 1 1 1 1 1 1 1 1 1]
13 [1 1 1 1 1 1 1 1 1 1]
14 [1 1 1 1 1 1 1 1 1 1]
15 [1 1 1 1 1 1 1 1 1 1]
16 [1 1 1 1 1 1 1 1 1 1]
17 [1 1 1 1 1 1 1 1 1 1]
18 [1 1 1 1 1 1 1 1 1 1]
19 [1 1 1 1 1 1 1 1 1 1]
20 [1 1 1 1 1 1 1 1 1 1]
	**** end init su array ...
1 2 1 100 80 0.85 0.92 0.8 (9)9
2 2 0.9 60 75 0.82 0.90 0.9 (9)9
3 1 1.1 80 90 0.88 0.95 0.5 (9)9
4 1 1 80 100 0.86 0.93 0.6 (9)9
5 5 0.6 50 40 0.72 0.78 1.5 (9)9
6 6 0.5 60 45 0.70 0.75 2.0 (9)9
7 7 0.5 80 40 0.68 0.72 2.5 (9)9
8 5 0.3 25 30 0.65 0.70 1.8 (9)9
9 9 0.2 250 15 0.60 0.65 3.5 (9)9
10 1 0.8 30 40 0.80 0.88 0.7 (9)9

<<< generate

Version identifier: 20.1.0.0 | 2020-11-10 | 9bedb6d68
CPXPARAM_Preprocessing_Reduce                    0
CPXPARAM_TimeLimit                               300
Tried aggregator 0 times.
Reduced MIP has 3733 rows, 693 columns, and 6991 nonzeros.
Reduced MIP has 231 binaries, 462 generals, 0 SOSs, and 0 indicators.
Presolve time = 0,00 sec. (0,41 ticks)
Probing fixed 0 vars, tightened 242 bounds.
Probing time = 0,00 sec. (7,24 ticks)
Cover probing fixed 1 vars, tightened 95 bounds.
Clique table members: 101.
MIP emphasis: balance optimality and feasibility.
MIP search method: dynamic search.
Parallel mode: deterministic, using up to 20 threads.
Root relaxation solution time = 0,02 sec. (10,73 ticks)

        Nodes                                         Cuts/
   Node  Left     Objective  IInf  Best Integer    Best Bound    ItCnt     Gap

      0     0   1,00263e+07   132                 1,00263e+07      318         
      0     0   1,28949e+07   157                   Cuts: 216      500         
      0     0   1,36959e+07   150                   Cuts: 111      588         
      0     0   1,39561e+07   165                    Cuts: 75      645         
      0     0   1,40446e+07   144                    Cuts: 49      686         
      0     0   1,40534e+07   159                    Cuts: 41      708         
      0     0   1,40656e+07   186                    Cuts: 33      738         
      0     0   1,40777e+07   170                    Cuts: 35      754         
      0     0   1,40805e+07   164                    Cuts: 37      778         
      0     0   1,40820e+07   196                    Cuts: 43      801         
      0     0   1,40910e+07   174                    Cuts: 37      825         
      0     0   1,41163e+07   143                    Cuts: 20      845         
      0     0   1,41448e+07   140                    Cuts: 24      870         
      0     0   1,41647e+07   138                    Cuts: 28      898         
      0     0   1,41694e+07   143                    Cuts: 33      918         
      0     0   1,41736e+07   148                    Cuts: 11      927         
      0     0   1,41760e+07   147                    Cuts: 10      937         
      0     0   1,41769e+07   148                    Cuts: 14      943         
      0     0   1,41811e+07   143                     Cuts: 7      952         
      0     0   1,41815e+07   146                     Cuts: 8      955         
      0     2   1,41815e+07   146                 1,43645e+07      955         
Elapsed time = 0,50 sec. (471,00 ticks, tree = 0,02 MB, solutions = 0)
   1839   859   1,92230e+07   100                 1,64632e+07    20323         
   4818  1943    infeasible                       1,77911e+07    75244         
*  7881+ 2425                       2,10756e+07   1,86788e+07            11,37%
   8038  2502    infeasible         2,10756e+07   1,87228e+07   130381   11,16%
*  9617  1562      integral     0   2,10750e+07   1,96197e+07   169854    6,91%
  10666   850    infeasible         2,10750e+07   2,02499e+07   188124    3,92%
* 11440+  422                       2,08837e+07   2,05346e+07             1,67%

Cover cuts applied:  21
Implied bound cuts applied:  131
Flow cuts applied:  20
Mixed integer rounding cuts applied:  70
Zero-half cuts applied:  60
Multi commodity flow cuts applied:  5
Lift and project cuts applied:  11
Gomory fractional cuts applied:  34

Root node processing (before b&c):
  Real time             =    0,45 sec. (469,75 ticks)
Parallel b&c, 20 threads:
  Real time             =    1,27 sec. (1037,83 ticks)
  Sync time (average)   =    0,52 sec.
  Wait time (average)   =    0,00 sec.
                          ------------
Total (root+branch&cut) =    1,72 sec. (1507,58 ticks)

<<< solve


OBJECTIVE: 2.088375e+7
xxxx
#Result <fct_obj, tot_cost, DIO, WIP, Emiss>: <2.0884e+7 2.414e+5 208 5.3764e+5 2.0884e+7 35080 2.0632e+5 0>#CS:241400#DIO:208#WIP:537640#E: 20883745#A:[1,9,22,17,8,12,18,15,14,8,9,3,2,10,10,10,10,12,8,3,7]#X:[0,1,1,1,1,1,0,0,0,0,0,0,0,0,0,0,0,0,0,0,1]#DELIVER:
S3=>P11
S10=>P11
S3=>P12
S10=>P12
S6=>P13
S7=>P13
S8=>P13
S9=>P14
S3=>P15
S4=>P15
S10=>P15
S3=>P16
S4=>P16
S10=>P16
S9=>P17
S3=>P18
S10=>P18
S10=>P19
S4=>P20
xxxx

<<< post process


<<< done


)
