Array
(
    [CplexRunTime] => Total (root+branch&cut) =    2,41 sec
    [status] => INFEASIBLE
    [termination_reason] => INFEASIBLE
    [mip_gap] => 
    [Result] => Array
        (
            [Objective] => 25445000
            [TotalCost] => 239000
            [DIO] => 249
            [WIP] => 560040
            [Emissions] => 0
        )

    [CS] => 239002
    [DIO] => 249
    [WIP] => 560040
    [E] => 25445265
    [A] => Array
        (
            [0] => 1
            [1] => 9
            [2] => 30
            [3] => 17
            [4] => 8
            [5] => 12
            [6] => 26
            [7] => 15
            [8] => 22
            [9] => 8
            [10] => 9
            [11] => 3
            [12] => 3
            [13] => 10
            [14] => 10
            [15] => 10
            [16] => 18
            [17] => 12
            [18] => 16
            [19] => 3
            [20] => 7
        )

    [X] => Array
        (
            [0] => 0
            [1] => 1
            [2] => 1
            [3] => 1
            [4] => 1
            [5] => 1
            [6] => 0
            [7] => 0
            [8] => 0
            [9] => 0
            [10] => 0
            [11] => 0
            [12] => 0
            [13] => 0
            [14] => 0
            [15] => 0
            [16] => 0
            [17] => 0
            [18] => 0
            [19] => 0
            [20] => 1
        )

    [DELIVER] => Array
        (
            [0] => S4=>P11
            [1] => S10=>P11
            [2] => S2=>P12
            [3] => S10=>P12
            [4] => S6=>P13
            [5] => S7=>P13
            [6] => S8=>P13
            [7] => S9=>P14
            [8] => S4=>P15
            [9] => S10=>P15
            [10] => S9=>P16
            [11] => S9=>P17
            [12] => S9=>P18
            [13] => S10=>P19
            [14] => S4=>P20
        )

    [_raw_output] => 
<<< setup

0 0 -1 0 1 0,25 0,5 0,8 1 0 0 0 0  14
1 9 0 1200 1 0,25 0,5 0,8 1 0 8000 800 1500  14
2 4 1 140 1 0,25 0,5 0,8 1 0 4000 500 1500  14
3 8 1 290 1 0,25 0,5 0,8 1 0 6000 600 1500  14
4 5 1 120 3 0,25 0,5 0,8 1 0 3200 320 1500  14
5 2 1 95 2 0,25 0,5 0,8 1 0 2600 260 1500  14
6 8 2 90 3 0,25 0,5 0,8 1 0 2800 280 1500  14
7 3 2 85 2 0,25 0,5 0,8 1 0 3100 310 1500  14
8 6 2 80 1 0,25 0,5 0,8 1 0 1800 180 1500  14
9 5 3 82 2 0,25 0,5 0,8 1 0 1450 145 1500  14
10 9 3 78 3 0,25 0,5 0,8 1 0 1300 130 1500  14
11 2 4 72 2 0,25 0,5 0,8 1 0 1350 135 1500  14
12 1 4 68 3 0,25 0,5 0,8 1 0 1150 115 1500  14
13 3 5 62 8 0,25 0,5 0,5 1 0 1200 120 1500  14
14 1 5 66 6 0,25 0,5 0,5 1 0 1200 120 1500  14
15 9 5 70 2 0,25 0,5 0,5 1 0 1200 120 1500  14
16 9 6 64 9 0,25 0,5 0,5 1 0 2200 220 1500  14
17 3 7 58 6 0,25 0,5 0,5 1 0 2100 210 1500  14
18 7 8 55 2 0,25 0,5 0,5 1 0 2400 240 1500  14
19 2 9 56 1 0,25 0,5 0,5 1 0 1300 130 1500  14
20 6 10 52 4 0,25 0,5 0,5 1 0 1250 125 1500  14
Node nums: [0 1 2 3 4 5 6 7 8 9 10 11 12 13 14 15 16 17 18 19 20]
xx-Data uploaded-xx
	**** start init su array ...
0 [0 0 0 0 0 0 0 0 0 0]
1 [0 0 0 0 0 0 0 0 0 0]
2 [0 0 0 0 0 0 0 0 0 0]
3 [0 0 0 0 0 0 0 0 0 0]
4 [0 0 0 0 0 0 0 0 0 0]
5 [0 0 0 0 0 0 0 0 0 0]
6 [0 0 0 0 0 0 0 0 0 0]
7 [0 0 0 0 0 0 0 0 0 0]
8 [0 0 0 0 0 0 0 0 0 0]
9 [0 0 0 0 0 0 0 0 0 0]
10 [0 0 0 0 0 0 0 0 0 0]
11 [1 1 1 1 1 1 1 1 1 1]
12 [1 1 1 1 1 1 1 1 1 1]
13 [1 1 1 1 1 1 1 1 1 1]
14 [1 1 1 1 1 1 1 1 1 1]
15 [1 1 1 1 1 1 1 1 1 1]
16 [1 1 1 1 1 1 1 1 1 1]
17 [1 1 1 1 1 1 1 1 1 1]
18 [1 1 1 1 1 1 1 1 1 1]
19 [1 1 1 1 1 1 1 1 1 1]
20 [1 1 1 1 1 1 1 1 1 1]
	**** end init su array ...
1 2 1 100 80 0.85 0.92 0.8 (9)9
2 2 0.9 60 75 0.82 0.90 0.9 (9)9
3 1 1.1 80 90 0.88 0.95 0.5 (9)9
4 1 1 80 100 0.86 0.93 0.6 (9)9
5 5 0.6 50 40 0.72 0.78 1.5 (9)9
6 6 0.5 60 45 0.70 0.75 2.0 (9)9
7 7 0.5 80 40 0.68 0.72 2.5 (9)9
8 5 0.3 25 30 0.65 0.70 1.8 (9)9
9 9 0.2 250 15 0.60 0.65 3.5 (9)9
10 1 0.8 30 40 0.80 0.88 0.7 (9)9

<<< generate

Version identifier: 20.1.0.0 | 2020-11-10 | 9bedb6d68
CPXPARAM_Preprocessing_Reduce                    0
CPXPARAM_TimeLimit                               300
Tried aggregator 0 times.
Reduced MIP has 3733 rows, 693 columns, and 6991 nonzeros.
Reduced MIP has 231 binaries, 462 generals, 0 SOSs, and 0 indicators.
Presolve time = 0,00 sec. (0,41 ticks)
Probing fixed 0 vars, tightened 242 bounds.
Probing time = 0,02 sec. (7,33 ticks)
Cover probing fixed 1 vars, tightened 97 bounds.
Clique table members: 101.
MIP emphasis: balance optimality and feasibility.
MIP search method: dynamic search.
Parallel mode: deterministic, using up to 20 threads.
Root relaxation solution time = 0,00 sec. (10,16 ticks)

        Nodes                                         Cuts/
   Node  Left     Objective  IInf  Best Integer    Best Bound    ItCnt     Gap

      0     0   1,04358e+07   132                 1,04358e+07      311         
      0     0   1,33201e+07   154                   Cuts: 217      490         
      0     0   1,41077e+07   151                   Cuts: 111      577         
      0     0   1,43163e+07   174                    Cuts: 74      640         
      0     0   1,44324e+07   172                    Cuts: 52      676         
      0     0   1,44475e+07   161                    Cuts: 38      706         
      0     0   1,44545e+07   184                    Cuts: 44      728         
      0     0   1,44668e+07   196                    Cuts: 35      752         
      0     0   1,44814e+07   184                    Cuts: 42      777         
      0     0   1,44981e+07   176                    Cuts: 38      807         
      0     0   1,45112e+07   172                    Cuts: 38      822         
      0     0   1,45201e+07   169                    Cuts: 16      831         
      0     0   1,45249e+07   170                    Cuts: 16      839         
      0     0   1,45302e+07   169                    Cuts: 13      850         
      0     0   1,45355e+07   166                    Cuts: 15      862         
      0     0   1,45384e+07   163                    Cuts: 17      872         
      0     0   1,45401e+07   165                     Cuts: 8      877         
      0     0   1,45427e+07   164                     Cuts: 8      885         
      0     0   1,45453e+07   170                     Cuts: 7      890         
      0     2   1,45453e+07   170                 1,48906e+07      890         
Elapsed time = 0,63 sec. (452,06 ticks, tree = 0,02 MB, solutions = 0)
   2159  1163   1,84393e+07    59                 1,67112e+07    21402         
   5198  2044   2,07869e+07    67                 1,80753e+07    80199         
   8077  2294   2,26529e+07    58                 1,89003e+07   146722         
  10993  2232    infeasible                       1,98060e+07   203709         
  14210  1778   2,21487e+07    86                 2,09024e+07   273360         
* 16920+  953                       2,54453e+07   2,16835e+07            14,78%
  17546   764   2,58300e+07    29   2,54453e+07   2,20841e+07   327129   13,21%

Cover cuts applied:  23
Implied bound cuts applied:  132
Flow cuts applied:  26
Mixed integer rounding cuts applied:  89
Zero-half cuts applied:  53
Multi commodity flow cuts applied:  4
Lift and project cuts applied:  15
Gomory fractional cuts applied:  31

Root node processing (before b&c):
  Real time             =    0,53 sec. (450,84 ticks)
Parallel b&c, 20 threads:
  Real time             =    1,88 sec. (1438,15 ticks)
  Sync time (average)   =    0,66 sec.
  Wait time (average)   =    0,00 sec.
                          ------------
Total (root+branch&cut) =    2,41 sec. (1888,98 ticks)

<<< solve


OBJECTIVE: 2.544526e+7
xxxx
#Result <fct_obj, tot_cost, DIO, WIP, Emiss>: <2.5445e+7 2.39e+5 249 5.6004e+5 2.5445e+7 23722 2.1528e+5 0>#CS:239002#DIO:249#WIP:560040#E: 25445265#A:[1,9,30,17,8,12,26,15,22,8,9,3,3,10,10,10,18,12,16,3,7]#X:[0,1,1,1,1,1,0,0,0,0,0,0,0,0,0,0,0,0,0,0,1]#DELIVER:
S4=>P11
S10=>P11
S2=>P12
S10=>P12
S6=>P13
S7=>P13
S8=>P13
S9=>P14
S4=>P15
S10=>P15
S9=>P16
S9=>P17
S9=>P18
S10=>P19
S4=>P20
xxxx

<<< post process


<<< done


)
