Array
(
    [CplexRunTime] => Total (root+branch&cut) =    1,81 sec
    [status] => OPTIMAL
    [termination_reason] => OPTIMAL
    [mip_gap] => 0
    [Result] => Array
        (
            [Objective] => 21315000
            [TotalCost] => 240200
            [DIO] => 216
            [WIP] => 537640
            [Emissions] => 0
        )

    [CS] => 240198.5
    [DIO] => 216
    [WIP] => 537640
    [E] => 21315270
    [A] => Array
        (
            [0] => 1
            [1] => 9
            [2] => 22
            [3] => 17
            [4] => 8
            [5] => 12
            [6] => 18
            [7] => 15
            [8] => 18
            [9] => 8
            [10] => 9
            [11] => 3
            [12] => 2
            [13] => 10
            [14] => 10
            [15] => 10
            [16] => 10
            [17] => 12
            [18] => 12
            [19] => 3
            [20] => 7
        )

    [X] => Array
        (
            [0] => 0
            [1] => 1
            [2] => 1
            [3] => 1
            [4] => 1
            [5] => 1
            [6] => 0
            [7] => 0
            [8] => 0
            [9] => 0
            [10] => 0
            [11] => 0
            [12] => 0
            [13] => 0
            [14] => 0
            [15] => 0
            [16] => 0
            [17] => 0
            [18] => 0
            [19] => 0
            [20] => 1
        )

    [DELIVER] => Array
        (
            [0] => S3=>P11
            [1] => S4=>P11
            [2] => S10=>P11
            [3] => S4=>P12
            [4] => S10=>P12
            [5] => S5=>P13
            [6] => S6=>P13
            [7] => S7=>P13
            [8] => S8=>P13
            [9] => S9=>P14
            [10] => S3=>P15
            [11] => S10=>P15
            [12] => S3=>P16
            [13] => S4=>P16
            [14] => S10=>P16
            [15] => S9=>P17
            [16] => S5=>P18
            [17] => S8=>P18
            [18] => S10=>P19
            [19] => S4=>P20
        )

    [_raw_output] => 
<<< setup

0 0 -1 0 1 0,25 0,5 0,8 1 0 0 0 0  14
1 9 0 1200 1 0,25 0,5 0,8 1 0 8000 800 1500  14
2 4 1 140 1 0,25 0,5 0,8 1 0 4000 500 1500  14
3 8 1 290 1 0,25 0,5 0,8 1 0 6000 600 1500  14
4 5 1 120 3 0,25 0,5 0,8 1 0 3200 320 1500  14
5 2 1 95 2 0,25 0,5 0,8 1 0 2600 260 1500  14
6 8 2 90 3 0,25 0,5 0,8 1 0 2800 280 1500  14
7 3 2 85 2 0,25 0,5 0,8 1 0 3100 310 1500  14
8 6 2 80 1 0,25 0,5 0,8 1 0 1800 180 1500  14
9 5 3 82 2 0,25 0,5 0,8 1 0 1450 145 1500  14
10 9 3 78 3 0,25 0,5 0,8 1 0 1300 130 1500  14
11 2 4 72 2 0,25 0,5 0,8 1 0 1350 135 1500  14
12 1 4 68 3 0,25 0,5 0,8 1 0 1150 115 1500  14
13 3 5 62 8 0,25 0,5 0,5 1 0 1200 120 1500  14
14 1 5 66 6 0,25 0,5 0,5 1 0 1200 120 1500  14
15 9 5 70 2 0,25 0,5 0,5 1 0 1200 120 1500  14
16 9 6 64 9 0,25 0,5 0,5 1 0 2200 220 1500  14
17 3 7 58 6 0,25 0,5 0,5 1 0 2100 210 1500  14
18 7 8 55 2 0,25 0,5 0,5 1 0 2400 240 1500  14
19 2 9 56 1 0,25 0,5 0,5 1 0 1300 130 1500  14
20 6 10 52 4 0,25 0,5 0,5 1 0 1250 125 1500  14
Node nums: [0 1 2 3 4 5 6 7 8 9 10 11 12 13 14 15 16 17 18 19 20]
xx-Data uploaded-xx
	**** start init su array ...
0 [0 0 0 0 0 0 0 0 0 0]
1 [0 0 0 0 0 0 0 0 0 0]
2 [0 0 0 0 0 0 0 0 0 0]
3 [0 0 0 0 0 0 0 0 0 0]
4 [0 0 0 0 0 0 0 0 0 0]
5 [0 0 0 0 0 0 0 0 0 0]
6 [0 0 0 0 0 0 0 0 0 0]
7 [0 0 0 0 0 0 0 0 0 0]
8 [0 0 0 0 0 0 0 0 0 0]
9 [0 0 0 0 0 0 0 0 0 0]
10 [0 0 0 0 0 0 0 0 0 0]
11 [1 1 1 1 1 1 1 1 1 1]
12 [1 1 1 1 1 1 1 1 1 1]
13 [1 1 1 1 1 1 1 1 1 1]
14 [1 1 1 1 1 1 1 1 1 1]
15 [1 1 1 1 1 1 1 1 1 1]
16 [1 1 1 1 1 1 1 1 1 1]
17 [1 1 1 1 1 1 1 1 1 1]
18 [1 1 1 1 1 1 1 1 1 1]
19 [1 1 1 1 1 1 1 1 1 1]
20 [1 1 1 1 1 1 1 1 1 1]
	**** end init su array ...
1 2 1 100 80 0.85 0.92 0.8 (9)9
2 2 0.9 60 75 0.82 0.90 0.9 (9)9
3 1 1.1 80 90 0.88 0.95 0.5 (9)9
4 1 1 80 100 0.86 0.93 0.6 (9)9
5 5 0.6 50 40 0.72 0.78 1.5 (9)9
6 6 0.5 60 45 0.70 0.75 2.0 (9)9
7 7 0.5 80 40 0.68 0.72 2.5 (9)9
8 5 0.3 25 30 0.65 0.70 1.8 (9)9
9 9 0.2 250 15 0.60 0.65 3.5 (9)9
10 1 0.8 30 40 0.80 0.88 0.7 (9)9

<<< generate

Version identifier: 20.1.0.0 | 2020-11-10 | 9bedb6d68
CPXPARAM_Preprocessing_Reduce                    0
CPXPARAM_TimeLimit                               300
Tried aggregator 0 times.
Reduced MIP has 3733 rows, 693 columns, and 6991 nonzeros.
Reduced MIP has 231 binaries, 462 generals, 0 SOSs, and 0 indicators.
Presolve time = 0,00 sec. (0,41 ticks)
Probing fixed 0 vars, tightened 242 bounds.
Probing time = 0,00 sec. (7,27 ticks)
Cover probing fixed 1 vars, tightened 97 bounds.
Clique table members: 101.
MIP emphasis: balance optimality and feasibility.
MIP search method: dynamic search.
Parallel mode: deterministic, using up to 20 threads.
Root relaxation solution time = 0,02 sec. (10,27 ticks)

        Nodes                                         Cuts/
   Node  Left     Objective  IInf  Best Integer    Best Bound    ItCnt     Gap

      0     0   1,02311e+07   132                 1,02311e+07      318         
      0     0   1,31061e+07   154                   Cuts: 216      500         
      0     0   1,38944e+07   151                   Cuts: 111      587         
      0     0   1,40992e+07   166                    Cuts: 74      647         
      0     0   1,41675e+07   159                    Cuts: 53      681         
      0     0   1,41818e+07   171                    Cuts: 36      708         
      0     0   1,41886e+07   160                    Cuts: 30      725         
      0     0   1,41910e+07   168                    Cuts: 31      741         
      0     0   1,41934e+07   168                    Cuts: 35      755         
      0     0   1,41942e+07   157                    Cuts: 23      768         
      0     0   1,41964e+07   143                    Cuts: 22      780         
      0     0   1,42093e+07   163                     Cuts: 5      787         
      0     0   1,42104e+07   157                     Cuts: 9      793         
      0     0   1,42170e+07   173                     Cuts: 8      798         
      0     0   1,42172e+07   173                     Cuts: 5      803         
      0     2   1,42172e+07   173                 1,45135e+07      803         
Elapsed time = 0,61 sec. (433,87 ticks, tree = 0,02 MB, solutions = 0)
   1905   995   2,08824e+07    56                 1,62294e+07    18950         
*  5034  2158      integral     0   2,13153e+07   1,74859e+07    64907   17,97%
   5373  2046        cutoff         2,13153e+07   1,75366e+07    72432   17,73%
   7802  1308   2,09458e+07    68   2,13153e+07   1,86597e+07   127425   12,46%

Cover cuts applied:  18
Implied bound cuts applied:  118
Flow cuts applied:  23
Mixed integer rounding cuts applied:  73
Zero-half cuts applied:  50
Multi commodity flow cuts applied:  6
Lift and project cuts applied:  14
Gomory fractional cuts applied:  35

Root node processing (before b&c):
  Real time             =    0,48 sec. (432,64 ticks)
Parallel b&c, 20 threads:
  Real time             =    1,33 sec. (874,33 ticks)
  Sync time (average)   =    0,56 sec.
  Wait time (average)   =    0,00 sec.
                          ------------
Total (root+branch&cut) =    1,81 sec. (1306,97 ticks)

<<< solve


OBJECTIVE: 2.131527e+7
xxxx
#Result <fct_obj, tot_cost, DIO, WIP, Emiss>: <2.1315e+7 2.402e+5 216 5.3764e+5 2.1315e+7 33879 2.0632e+5 0>#CS:240198.5#DIO:216#WIP:537640#E: 21315270#A:[1,9,22,17,8,12,18,15,18,8,9,3,2,10,10,10,10,12,12,3,7]#X:[0,1,1,1,1,1,0,0,0,0,0,0,0,0,0,0,0,0,0,0,1]#DELIVER:
S3=>P11
S4=>P11
S10=>P11
S4=>P12
S10=>P12
S5=>P13
S6=>P13
S7=>P13
S8=>P13
S9=>P14
S3=>P15
S10=>P15
S3=>P16
S4=>P16
S10=>P16
S9=>P17
S5=>P18
S8=>P18
S10=>P19
S4=>P20
xxxx

<<< post process


<<< done


)
