Array
(
    [CplexRunTime] => Total (root+branch&cut) =    1,39 sec
    [status] => OPTIMAL
    [termination_reason] => OPTIMAL
    [mip_gap] => 0
    [Result] => Array
        (
            [Objective] => 25445000
            [TotalCost] => 239120
            [DIO] => 249
            [WIP] => 560040
            [Emissions] => 0
        )

    [CS] => 239118.2
    [DIO] => 249
    [WIP] => 560040
    [E] => 25445150
    [A] => Array
        (
            [0] => 1
            [1] => 9
            [2] => 30
            [3] => 17
            [4] => 8
            [5] => 12
            [6] => 26
            [7] => 15
            [8] => 22
            [9] => 8
            [10] => 9
            [11] => 3
            [12] => 3
            [13] => 10
            [14] => 10
            [15] => 10
            [16] => 18
            [17] => 12
            [18] => 16
            [19] => 3
            [20] => 7
        )

    [X] => Array
        (
            [0] => 0
            [1] => 1
            [2] => 1
            [3] => 1
            [4] => 1
            [5] => 1
            [6] => 0
            [7] => 0
            [8] => 0
            [9] => 0
            [10] => 0
            [11] => 0
            [12] => 0
            [13] => 0
            [14] => 0
            [15] => 0
            [16] => 0
            [17] => 0
            [18] => 0
            [19] => 0
            [20] => 1
        )

    [DELIVER] => Array
        (
            [0] => S3=>P11
            [1] => S4=>P11
            [2] => S10=>P11
            [3] => S2=>P12
            [4] => S10=>P12
            [5] => S6=>P13
            [6] => S7=>P13
            [7] => S8=>P13
            [8] => S9=>P14
            [9] => S3=>P15
            [10] => S10=>P15
            [11] => S9=>P16
            [12] => S7=>P17
            [13] => S9=>P17
            [14] => S9=>P18
            [15] => S10=>P19
            [16] => S4=>P20
        )

    [_raw_output] => 
<<< setup

0 0 -1 0 1 0,25 0,5 0,8 1 0 0 0 0  14
1 9 0 1200 1 0,25 0,5 0,8 1 0 8000 800 1500  14
2 4 1 140 1 0,25 0,5 0,8 1 0 4000 500 1500  14
3 8 1 290 1 0,25 0,5 0,8 1 0 6000 600 1500  14
4 5 1 120 3 0,25 0,5 0,8 1 0 3200 320 1500  14
5 2 1 95 2 0,25 0,5 0,8 1 0 2600 260 1500  14
6 8 2 90 3 0,25 0,5 0,8 1 0 2800 280 1500  14
7 3 2 85 2 0,25 0,5 0,8 1 0 3100 310 1500  14
8 6 2 80 1 0,25 0,5 0,8 1 0 1800 180 1500  14
9 5 3 82 2 0,25 0,5 0,8 1 0 1450 145 1500  14
10 9 3 78 3 0,25 0,5 0,8 1 0 1300 130 1500  14
11 2 4 72 2 0,25 0,5 0,8 1 0 1350 135 1500  14
12 1 4 68 3 0,25 0,5 0,8 1 0 1150 115 1500  14
13 3 5 62 8 0,25 0,5 0,5 1 0 1200 120 1500  14
14 1 5 66 6 0,25 0,5 0,5 1 0 1200 120 1500  14
15 9 5 70 2 0,25 0,5 0,5 1 0 1200 120 1500  14
16 9 6 64 9 0,25 0,5 0,5 1 0 2200 220 1500  14
17 3 7 58 6 0,25 0,5 0,5 1 0 2100 210 1500  14
18 7 8 55 2 0,25 0,5 0,5 1 0 2400 240 1500  14
19 2 9 56 1 0,25 0,5 0,5 1 0 1300 130 1500  14
20 6 10 52 4 0,25 0,5 0,5 1 0 1250 125 1500  14
Node nums: [0 1 2 3 4 5 6 7 8 9 10 11 12 13 14 15 16 17 18 19 20]
xx-Data uploaded-xx
	**** start init su array ...
0 [0 0 0 0 0 0 0 0 0 0]
1 [0 0 0 0 0 0 0 0 0 0]
2 [0 0 0 0 0 0 0 0 0 0]
3 [0 0 0 0 0 0 0 0 0 0]
4 [0 0 0 0 0 0 0 0 0 0]
5 [0 0 0 0 0 0 0 0 0 0]
6 [0 0 0 0 0 0 0 0 0 0]
7 [0 0 0 0 0 0 0 0 0 0]
8 [0 0 0 0 0 0 0 0 0 0]
9 [0 0 0 0 0 0 0 0 0 0]
10 [0 0 0 0 0 0 0 0 0 0]
11 [1 1 1 1 1 1 1 1 1 1]
12 [1 1 1 1 1 1 1 1 1 1]
13 [1 1 1 1 1 1 1 1 1 1]
14 [1 1 1 1 1 1 1 1 1 1]
15 [1 1 1 1 1 1 1 1 1 1]
16 [1 1 1 1 1 1 1 1 1 1]
17 [1 1 1 1 1 1 1 1 1 1]
18 [1 1 1 1 1 1 1 1 1 1]
19 [1 1 1 1 1 1 1 1 1 1]
20 [1 1 1 1 1 1 1 1 1 1]
	**** end init su array ...
1 2 1 100 80 0.85 0.92 0.8 (9)9
2 2 0.9 60 75 0.82 0.90 0.9 (9)9
3 1 1.1 80 90 0.88 0.95 0.5 (9)9
4 1 1 80 100 0.86 0.93 0.6 (9)9
5 5 0.6 50 40 0.72 0.78 1.5 (9)9
6 6 0.5 60 45 0.70 0.75 2.0 (9)9
7 7 0.5 80 40 0.68 0.72 2.5 (9)9
8 5 0.3 25 30 0.65 0.70 1.8 (9)9
9 9 0.2 250 15 0.60 0.65 3.5 (9)9
10 1 0.8 30 40 0.80 0.88 0.7 (9)9

<<< generate

Version identifier: 20.1.0.0 | 2020-11-10 | 9bedb6d68
CPXPARAM_Preprocessing_Reduce                    0
CPXPARAM_TimeLimit                               300
Tried aggregator 0 times.
Reduced MIP has 3733 rows, 693 columns, and 6991 nonzeros.
Reduced MIP has 231 binaries, 462 generals, 0 SOSs, and 0 indicators.
Presolve time = 0,00 sec. (0,41 ticks)
Probing fixed 0 vars, tightened 242 bounds.
Probing time = 0,00 sec. (7,32 ticks)
Cover probing fixed 1 vars, tightened 97 bounds.
Clique table members: 101.
MIP emphasis: balance optimality and feasibility.
MIP search method: dynamic search.
Parallel mode: deterministic, using up to 20 threads.
Root relaxation solution time = 0,00 sec. (10,36 ticks)

        Nodes                                         Cuts/
   Node  Left     Objective  IInf  Best Integer    Best Bound    ItCnt     Gap

      0     0   1,04154e+07   132                 1,04154e+07      317         
      0     0   1,32987e+07   154                   Cuts: 217      496         
      0     0   1,40863e+07   151                   Cuts: 111      583         
      0     0   1,42941e+07   154                    Cuts: 74      646         
      0     0   1,44183e+07   169                    Cuts: 53      681         
      0     0   1,44914e+07   176                    Cuts: 46      717         
      0     0   1,45110e+07   170                    Cuts: 48      742         
      0     0   1,45202e+07   192                    Cuts: 48      768         
      0     0   1,45282e+07   188                    Cuts: 35      790         
      0     0   1,45409e+07   168                    Cuts: 45      821         
      0     0   1,45512e+07   171                    Cuts: 40      838         
      0     0   1,45653e+07   164                    Cuts: 18      853         
      0     0   1,45835e+07   149                    Cuts: 29      867         
      0     0   1,45984e+07   152                    Cuts: 20      877         
      0     0   1,46056e+07   155                    Cuts: 14      887         
      0     0   1,46108e+07   138                    Cuts: 16      894         
      0     0   1,46138e+07   146                     Cuts: 4      896         
      0     0   1,46166e+07   140                     Cuts: 5      898         
      0     0   1,46166e+07   142                  MIRcuts: 2      899         
      0     0   1,46167e+07   140                  MIRcuts: 2      900         
      0     2   1,46167e+07   140                 1,48027e+07      900         
Elapsed time = 0,48 sec. (468,64 ticks, tree = 0,02 MB, solutions = 0)
   1788   853   2,20271e+07    71                 1,69369e+07    24314         
   4798   782   2,38262e+07    89                 1,90662e+07    83625         
*  6616+  250                       2,54452e+07   2,08488e+07            18,06%

Cover cuts applied:  14
Implied bound cuts applied:  107
Flow cuts applied:  22
Mixed integer rounding cuts applied:  71
Zero-half cuts applied:  49
Multi commodity flow cuts applied:  4
Lift and project cuts applied:  15
Gomory fractional cuts applied:  31

Root node processing (before b&c):
  Real time             =    0,45 sec. (467,37 ticks)
Parallel b&c, 20 threads:
  Real time             =    0,94 sec. (655,91 ticks)
  Sync time (average)   =    0,44 sec.
  Wait time (average)   =    0,00 sec.
                          ------------
Total (root+branch&cut) =    1,39 sec. (1123,28 ticks)

<<< solve


OBJECTIVE: 2.544515e+7
xxxx
#Result <fct_obj, tot_cost, DIO, WIP, Emiss>: <2.5445e+7 2.3912e+5 249 5.6004e+5 2.5445e+7 23838 2.1528e+5 0>#CS:239118.2#DIO:249#WIP:560040#E: 25445150#A:[1,9,30,17,8,12,26,15,22,8,9,3,3,10,10,10,18,12,16,3,7]#X:[0,1,1,1,1,1,0,0,0,0,0,0,0,0,0,0,0,0,0,0,1]#DELIVER:
S3=>P11
S4=>P11
S10=>P11
S2=>P12
S10=>P12
S6=>P13
S7=>P13
S8=>P13
S9=>P14
S3=>P15
S10=>P15
S9=>P16
S7=>P17
S9=>P17
S9=>P18
S10=>P19
S4=>P20
xxxx

<<< post process


<<< done


)
