Array
(
    [CplexRunTime] => Total (root+branch&cut) =    1,64 sec
    [status] => INFEASIBLE
    [termination_reason] => INFEASIBLE
    [mip_gap] => 
    [Result] => Array
        (
            [Objective] => 25014000
            [TotalCost] => 239480
            [DIO] => 241
            [WIP] => 560040
            [Emissions] => 0
        )

    [CS] => 239476.5
    [DIO] => 241
    [WIP] => 560040
    [E] => 25014005
    [A] => Array
        (
            [0] => 1
            [1] => 9
            [2] => 30
            [3] => 17
            [4] => 8
            [5] => 12
            [6] => 26
            [7] => 15
            [8] => 18
            [9] => 8
            [10] => 9
            [11] => 3
            [12] => 3
            [13] => 10
            [14] => 10
            [15] => 10
            [16] => 18
            [17] => 12
            [18] => 12
            [19] => 3
            [20] => 7
        )

    [X] => Array
        (
            [0] => 0
            [1] => 1
            [2] => 1
            [3] => 1
            [4] => 1
            [5] => 1
            [6] => 0
            [7] => 0
            [8] => 0
            [9] => 0
            [10] => 0
            [11] => 0
            [12] => 0
            [13] => 0
            [14] => 0
            [15] => 0
            [16] => 0
            [17] => 0
            [18] => 0
            [19] => 0
            [20] => 1
        )

    [DELIVER] => Array
        (
            [0] => S4=>P11
            [1] => S10=>P11
            [2] => S2=>P12
            [3] => S10=>P12
            [4] => S6=>P13
            [5] => S7=>P13
            [6] => S8=>P13
            [7] => S9=>P14
            [8] => S3=>P15
            [9] => S4=>P15
            [10] => S10=>P15
            [11] => S9=>P16
            [12] => S9=>P17
            [13] => S5=>P18
            [14] => S8=>P18
            [15] => S10=>P19
            [16] => S4=>P20
        )

    [_raw_output] => 
<<< setup

0 0 -1 0 1 0,25 0,5 0,8 1 0 0 0 0  14
1 9 0 1200 1 0,25 0,5 0,8 1 0 8000 800 1500  14
2 4 1 140 1 0,25 0,5 0,8 1 0 4000 500 1500  14
3 8 1 290 1 0,25 0,5 0,8 1 0 6000 600 1500  14
4 5 1 120 3 0,25 0,5 0,8 1 0 3200 320 1500  14
5 2 1 95 2 0,25 0,5 0,8 1 0 2600 260 1500  14
6 8 2 90 3 0,25 0,5 0,8 1 0 2800 280 1500  14
7 3 2 85 2 0,25 0,5 0,8 1 0 3100 310 1500  14
8 6 2 80 1 0,25 0,5 0,8 1 0 1800 180 1500  14
9 5 3 82 2 0,25 0,5 0,8 1 0 1450 145 1500  14
10 9 3 78 3 0,25 0,5 0,8 1 0 1300 130 1500  14
11 2 4 72 2 0,25 0,5 0,8 1 0 1350 135 1500  14
12 1 4 68 3 0,25 0,5 0,8 1 0 1150 115 1500  14
13 3 5 62 8 0,25 0,5 0,5 1 0 1200 120 1500  14
14 1 5 66 6 0,25 0,5 0,5 1 0 1200 120 1500  14
15 9 5 70 2 0,25 0,5 0,5 1 0 1200 120 1500  14
16 9 6 64 9 0,25 0,5 0,5 1 0 2200 220 1500  14
17 3 7 58 6 0,25 0,5 0,5 1 0 2100 210 1500  14
18 7 8 55 2 0,25 0,5 0,5 1 0 2400 240 1500  14
19 2 9 56 1 0,25 0,5 0,5 1 0 1300 130 1500  14
20 6 10 52 4 0,25 0,5 0,5 1 0 1250 125 1500  14
Node nums: [0 1 2 3 4 5 6 7 8 9 10 11 12 13 14 15 16 17 18 19 20]
xx-Data uploaded-xx
	**** start init su array ...
0 [0 0 0 0 0 0 0 0 0 0]
1 [0 0 0 0 0 0 0 0 0 0]
2 [0 0 0 0 0 0 0 0 0 0]
3 [0 0 0 0 0 0 0 0 0 0]
4 [0 0 0 0 0 0 0 0 0 0]
5 [0 0 0 0 0 0 0 0 0 0]
6 [0 0 0 0 0 0 0 0 0 0]
7 [0 0 0 0 0 0 0 0 0 0]
8 [0 0 0 0 0 0 0 0 0 0]
9 [0 0 0 0 0 0 0 0 0 0]
10 [0 0 0 0 0 0 0 0 0 0]
11 [1 1 1 1 1 1 1 1 1 1]
12 [1 1 1 1 1 1 1 1 1 1]
13 [1 1 1 1 1 1 1 1 1 1]
14 [1 1 1 1 1 1 1 1 1 1]
15 [1 1 1 1 1 1 1 1 1 1]
16 [1 1 1 1 1 1 1 1 1 1]
17 [1 1 1 1 1 1 1 1 1 1]
18 [1 1 1 1 1 1 1 1 1 1]
19 [1 1 1 1 1 1 1 1 1 1]
20 [1 1 1 1 1 1 1 1 1 1]
	**** end init su array ...
1 2 1 100 80 0.85 0.92 0.8 (9)9
2 2 0.9 60 75 0.82 0.90 0.9 (9)9
3 1 1.1 80 90 0.88 0.95 0.5 (9)9
4 1 1 80 100 0.86 0.93 0.6 (9)9
5 5 0.6 50 40 0.72 0.78 1.5 (9)9
6 6 0.5 60 45 0.70 0.75 2.0 (9)9
7 7 0.5 80 40 0.68 0.72 2.5 (9)9
8 5 0.3 25 30 0.65 0.70 1.8 (9)9
9 9 0.2 250 15 0.60 0.65 3.5 (9)9
10 1 0.8 30 40 0.80 0.88 0.7 (9)9

<<< generate

Version identifier: 20.1.0.0 | 2020-11-10 | 9bedb6d68
CPXPARAM_Preprocessing_Reduce                    0
CPXPARAM_TimeLimit                               300
Tried aggregator 0 times.
Reduced MIP has 3733 rows, 693 columns, and 6991 nonzeros.
Reduced MIP has 231 binaries, 462 generals, 0 SOSs, and 0 indicators.
Presolve time = 0,00 sec. (0,41 ticks)
Probing fixed 0 vars, tightened 242 bounds.
Probing time = 0,00 sec. (7,31 ticks)
Cover probing fixed 1 vars, tightened 97 bounds.
Clique table members: 101.
MIP emphasis: balance optimality and feasibility.
MIP search method: dynamic search.
Parallel mode: deterministic, using up to 20 threads.
Root relaxation solution time = 0,00 sec. (10,36 ticks)

        Nodes                                         Cuts/
   Node  Left     Objective  IInf  Best Integer    Best Bound    ItCnt     Gap

      0     0   1,03539e+07   132                 1,03539e+07      317         
      0     0   1,32345e+07   154                   Cuts: 216      499         
      0     0   1,40223e+07   151                   Cuts: 110      587         
      0     0   1,42276e+07   153                    Cuts: 72      642         
      0     0   1,43211e+07   153                    Cuts: 51      673         
      0     0   1,44058e+07   159                    Cuts: 43      703         
      0     0   1,44199e+07   141                    Cuts: 36      725         
      0     0   1,44548e+07   175                    Cuts: 47      749         
      0     0   1,44929e+07   163                    Cuts: 44      782         
      0     0   1,45086e+07   152                    Cuts: 48      811         
      0     0   1,45258e+07   147                    Cuts: 32      830         
      0     0   1,45493e+07   149                    Cuts: 17      844         
      0     0   1,45572e+07   142                    Cuts: 15      856         
      0     0   1,45646e+07   168                    Cuts: 12      870         
      0     0   1,45722e+07   139                    Cuts: 17      882         
      0     0   1,45736e+07   141                    Cuts: 15      888         
      0     0   1,45736e+07   141                  MIRcuts: 2      889         
      0     2   1,45736e+07   141                 1,47213e+07      889         
Elapsed time = 0,52 sec. (456,06 ticks, tree = 0,02 MB, solutions = 0)
   1950   991   2,04609e+07    64                 1,66400e+07    25583         
   4835  1453   2,05757e+07    54                 1,78560e+07    85181         
   7820  1145    infeasible                       1,94317e+07   148927         
*  9678+  911                       2,52300e+07   2,02723e+07            19,65%
*  9944+  624                       2,52299e+07   2,05762e+07            18,45%
* 10675+  159                       2,50140e+07   2,31360e+07             7,51%

Cover cuts applied:  21
Implied bound cuts applied:  145
Flow cuts applied:  35
Mixed integer rounding cuts applied:  74
Zero-half cuts applied:  53
Multi commodity flow cuts applied:  3
Lift and project cuts applied:  15
Gomory fractional cuts applied:  30

Root node processing (before b&c):
  Real time             =    0,50 sec. (454,87 ticks)
Parallel b&c, 20 threads:
  Real time             =    1,14 sec. (939,41 ticks)
  Sync time (average)   =    0,44 sec.
  Wait time (average)   =    0,00 sec.
                          ------------
Total (root+branch&cut) =    1,64 sec. (1394,28 ticks)

<<< solve


OBJECTIVE: 2.501401e+7
xxxx
#Result <fct_obj, tot_cost, DIO, WIP, Emiss>: <2.5014e+7 2.3948e+5 241 5.6004e+5 2.5014e+7 24197 2.1528e+5 0>#CS:239476.5#DIO:241#WIP:560040#E: 25014005#A:[1,9,30,17,8,12,26,15,18,8,9,3,3,10,10,10,18,12,12,3,7]#X:[0,1,1,1,1,1,0,0,0,0,0,0,0,0,0,0,0,0,0,0,1]#DELIVER:
S4=>P11
S10=>P11
S2=>P12
S10=>P12
S6=>P13
S7=>P13
S8=>P13
S9=>P14
S3=>P15
S4=>P15
S10=>P15
S9=>P16
S9=>P17
S5=>P18
S8=>P18
S10=>P19
S4=>P20
xxxx

<<< post process


<<< done


)
