Array
(
    [CplexRunTime] => Total (root+branch&cut) =    0,97 sec
    [status] => OPTIMAL
    [termination_reason] => OPTIMAL
    [mip_gap] => 0
    [Result] => Array
        (
            [Objective] => 378730
            [TotalCost] => 378440
            [LeadTime] => 290
            [Emissions] => 13603000
        )

    [CS] => 378440
    [A] => Array
        (
            [0] => 0
            [1] => 2
            [2] => 21
            [3] => 19
            [4] => 17
            [5] => 17
            [6] => 16
            [7] => 15
            [8] => 12
            [9] => 11
            [10] => 11
            [11] => 11
            [12] => 12
            [13] => 11
            [14] => 11
            [15] => 12
            [16] => 6
            [17] => 7
            [18] => 5
            [19] => 4
            [20] => 6
            [21] => 7
            [22] => 5
            [23] => 8
            [24] => 6
            [25] => 7
            [26] => 5
            [27] => 4
            [28] => 6
            [29] => 7
            [30] => 9
        )

    [X] => Array
        (
            [0] => 0
            [1] => 1
            [2] => 1
            [3] => 1
            [4] => 0
            [5] => 0
            [6] => 0
            [7] => 0
            [8] => 0
            [9] => 0
            [10] => 0
            [11] => 0
            [12] => 0
            [13] => 0
            [14] => 0
            [15] => 0
            [16] => 0
            [17] => 0
            [18] => 0
            [19] => 0
            [20] => 0
            [21] => 0
            [22] => 0
            [23] => 0
            [24] => 0
            [25] => 0
            [26] => 0
            [27] => 0
            [28] => 0
            [29] => 0
            [30] => 0
        )

    [Z] => Array
        (
            [0] => 0
            [1] => 0
            [2] => 0
            [3] => 0
            [4] => 0
            [5] => 0
            [6] => 0
            [7] => 0
            [8] => 0
            [9] => 0
            [10] => 0
            [11] => 0
            [12] => 0
            [13] => 0
            [14] => 0
            [15] => 0
            [16] => 0
            [17] => 0
            [18] => 0
            [19] => 0
            [20] => 0
            [21] => 0
            [22] => 0
            [23] => 0
            [24] => 0
            [25] => 0
            [26] => 0
            [27] => 0
            [28] => 0
            [29] => 0
            [30] => 0
            [31] => 0
            [32] => 0
            [33] => 0
            [34] => 0
            [35] => 0
            [36] => 0
            [37] => 0
            [38] => 0
            [39] => 0
            [40] => 0
            [41] => 0
            [42] => 0
            [43] => 0
            [44] => 0
            [45] => 0
            [46] => 0
            [47] => 0
            [48] => 0
            [49] => 0
            [50] => 0
            [51] => 0
            [52] => 0
            [53] => 0
            [54] => 0
            [55] => 0
            [56] => 0
            [57] => 0
            [58] => 0
            [59] => 0
            [60] => 0
            [61] => 0
            [62] => 0
            [63] => 0
            [64] => 0
            [65] => 0
            [66] => 0
            [67] => 0
            [68] => 0
            [69] => 0
            [70] => 0
            [71] => 0
            [72] => 0
            [73] => 0
            [74] => 0
            [75] => 0
            [76] => 0
            [77] => 0
            [78] => 0
            [79] => 0
            [80] => 0
            [81] => 0
            [82] => 0
            [83] => 0
            [84] => 0
            [85] => 0
            [86] => 0
            [87] => 0
            [88] => 0
            [89] => 0
            [90] => 0
            [91] => 0
            [92] => 0
            [93] => 0
            [94] => 0
            [95] => 0
            [96] => 0
            [97] => 0
            [98] => 0
            [99] => 0
            [100] => 0
            [101] => 0
            [102] => 0
            [103] => 0
            [104] => 0
            [105] => 0
            [106] => 0
            [107] => 0
            [108] => 0
            [109] => 0
            [110] => 0
            [111] => 0
            [112] => 0
            [113] => 0
            [114] => 0
            [115] => 0
            [116] => 0
            [117] => 0
            [118] => 0
            [119] => 0
            [120] => 0
            [121] => 0
            [122] => 0
            [123] => 0
            [124] => 0
            [125] => 0
            [126] => 0
            [127] => 0
            [128] => 0
            [129] => 0
            [130] => 0
            [131] => 0
            [132] => 0
            [133] => 0
            [134] => 0
            [135] => 0
            [136] => 0
            [137] => 0
            [138] => 0
            [139] => 0
            [140] => 0
            [141] => 0
            [142] => 0
            [143] => 0
            [144] => 0
            [145] => 0
            [146] => 0
            [147] => 0
            [148] => 0
            [149] => 0
            [150] => 0
            [151] => 0
            [152] => 0
            [153] => 0
            [154] => 0
            [155] => 0
            [156] => 0
            [157] => 0
            [158] => 0
            [159] => 0
            [160] => 0
            [161] => 0
            [162] => 0
            [163] => 0
            [164] => 0
            [165] => 0
            [166] => 0
            [167] => 0
            [168] => 0
            [169] => 1
            [170] => 0
            [171] => 0
            [172] => 0
            [173] => 0
            [174] => 0
            [175] => 0
            [176] => 0
            [177] => 0
            [178] => 0
            [179] => 1
            [180] => 0
            [181] => 0
            [182] => 0
            [183] => 0
            [184] => 0
            [185] => 0
            [186] => 0
            [187] => 0
            [188] => 0
            [189] => 1
            [190] => 0
            [191] => 0
            [192] => 0
            [193] => 0
            [194] => 0
            [195] => 0
            [196] => 0
            [197] => 0
            [198] => 0
            [199] => 1
            [200] => 0
            [201] => 0
            [202] => 0
            [203] => 0
            [204] => 0
            [205] => 0
            [206] => 0
            [207] => 0
            [208] => 0
            [209] => 1
            [210] => 0
            [211] => 0
            [212] => 0
            [213] => 0
            [214] => 0
            [215] => 0
            [216] => 0
            [217] => 0
            [218] => 0
            [219] => 1
            [220] => 0
            [221] => 0
            [222] => 0
            [223] => 0
            [224] => 0
            [225] => 0
            [226] => 0
            [227] => 0
            [228] => 0
            [229] => 1
            [230] => 0
            [231] => 0
            [232] => 0
            [233] => 0
            [234] => 0
            [235] => 0
            [236] => 0
            [237] => 1
            [238] => 0
            [239] => 0
            [240] => 0
            [241] => 0
            [242] => 0
            [243] => 0
            [244] => 0
            [245] => 0
            [246] => 0
            [247] => 0
            [248] => 0
            [249] => 1
            [250] => 0
            [251] => 0
            [252] => 0
            [253] => 0
            [254] => 0
            [255] => 0
            [256] => 0
            [257] => 0
            [258] => 0
            [259] => 1
            [260] => 0
            [261] => 0
            [262] => 0
            [263] => 0
            [264] => 0
            [265] => 0
            [266] => 0
            [267] => 0
            [268] => 0
            [269] => 1
            [270] => 0
            [271] => 0
            [272] => 0
            [273] => 0
            [274] => 0
            [275] => 0
            [276] => 0
            [277] => 0
            [278] => 0
            [279] => 1
            [280] => 0
            [281] => 0
            [282] => 0
            [283] => 0
            [284] => 0
            [285] => 0
            [286] => 0
            [287] => 0
            [288] => 0
            [289] => 1
            [290] => 0
            [291] => 0
            [292] => 0
            [293] => 0
            [294] => 0
            [295] => 0
            [296] => 0
            [297] => 0
            [298] => 0
            [299] => 1
            [300] => 0
            [301] => 0
            [302] => 0
            [303] => 0
            [304] => 0
            [305] => 0
            [306] => 0
            [307] => 1
            [308] => 0
            [309] => 0
        )

    [Q] => Array
        (
            [0] => 0
            [1] => 0
            [2] => 0
            [3] => 0
            [4] => 0
            [5] => 0
            [6] => 0
            [7] => 0
            [8] => 0
            [9] => 0
            [10] => 0
            [11] => 0
            [12] => 0
            [13] => 0
            [14] => 0
            [15] => 0
            [16] => 0
            [17] => 0
            [18] => 0
            [19] => 0
            [20] => 0
            [21] => 0
            [22] => 0
            [23] => 0
            [24] => 0
            [25] => 0
            [26] => 0
            [27] => 0
            [28] => 0
            [29] => 0
            [30] => 0
            [31] => 0
            [32] => 0
            [33] => 0
            [34] => 0
            [35] => 0
            [36] => 0
            [37] => 0
            [38] => 0
            [39] => 0
            [40] => 0
            [41] => 0
            [42] => 0
            [43] => 0
            [44] => 0
            [45] => 0
            [46] => 0
            [47] => 0
            [48] => 0
            [49] => 0
            [50] => 0
            [51] => 0
            [52] => 0
            [53] => 0
            [54] => 0
            [55] => 0
            [56] => 0
            [57] => 0
            [58] => 0
            [59] => 0
            [60] => 0
            [61] => 0
            [62] => 0
            [63] => 0
            [64] => 0
            [65] => 0
            [66] => 0
            [67] => 0
            [68] => 0
            [69] => 0
            [70] => 0
            [71] => 0
            [72] => 0
            [73] => 0
            [74] => 0
            [75] => 0
            [76] => 0
            [77] => 0
            [78] => 0
            [79] => 0
            [80] => 0
            [81] => 0
            [82] => 0
            [83] => 0
            [84] => 0
            [85] => 0
            [86] => 0
            [87] => 0
            [88] => 0
            [89] => 0
            [90] => 0
            [91] => 0
            [92] => 0
            [93] => 0
            [94] => 0
            [95] => 0
            [96] => 0
            [97] => 0
            [98] => 0
            [99] => 0
            [100] => 0
            [101] => 0
            [102] => 0
            [103] => 0
            [104] => 0
            [105] => 0
            [106] => 0
            [107] => 0
            [108] => 0
            [109] => 0
            [110] => 0
            [111] => 0
            [112] => 0
            [113] => 0
            [114] => 0
            [115] => 0
            [116] => 0
            [117] => 0
            [118] => 0
            [119] => 0
            [120] => 0
            [121] => 0
            [122] => 0
            [123] => 0
            [124] => 0
            [125] => 0
            [126] => 0
            [127] => 0
            [128] => 0
            [129] => 0
            [130] => 0
            [131] => 0
            [132] => 0
            [133] => 0
            [134] => 0
            [135] => 0
            [136] => 0
            [137] => 0
            [138] => 0
            [139] => 0
            [140] => 0
            [141] => 0
            [142] => 0
            [143] => 0
            [144] => 0
            [145] => 0
            [146] => 0
            [147] => 0
            [148] => 0
            [149] => 0
            [150] => 0
            [151] => 0
            [152] => 0
            [153] => 0
            [154] => 0
            [155] => 0
            [156] => 0
            [157] => 0
            [158] => 0
            [159] => 0
            [160] => 0
            [161] => 0
            [162] => 0
            [163] => 0
            [164] => 0
            [165] => 0
            [166] => 0
            [167] => 0
            [168] => 0
            [169] => 20
            [170] => 0
            [171] => 0
            [172] => 0
            [173] => 0
            [174] => 0
            [175] => 0
            [176] => 0
            [177] => 0
            [178] => 0
            [179] => 20
            [180] => 0
            [181] => 0
            [182] => 0
            [183] => 0
            [184] => 0
            [185] => 0
            [186] => 0
            [187] => 0
            [188] => 0
            [189] => 20
            [190] => 0
            [191] => 0
            [192] => 0
            [193] => 0
            [194] => 0
            [195] => 0
            [196] => 0
            [197] => 0
            [198] => 0
            [199] => 20
            [200] => 0
            [201] => 0
            [202] => 0
            [203] => 0
            [204] => 0
            [205] => 0
            [206] => 0
            [207] => 0
            [208] => 0
            [209] => 20
            [210] => 0
            [211] => 0
            [212] => 0
            [213] => 0
            [214] => 0
            [215] => 0
            [216] => 0
            [217] => 0
            [218] => 0
            [219] => 20
            [220] => 0
            [221] => 0
            [222] => 0
            [223] => 0
            [224] => 0
            [225] => 0
            [226] => 0
            [227] => 0
            [228] => 0
            [229] => 20
            [230] => 0
            [231] => 0
            [232] => 0
            [233] => 0
            [234] => 0
            [235] => 0
            [236] => 0
            [237] => 20
            [238] => 0
            [239] => 0
            [240] => 0
            [241] => 0
            [242] => 0
            [243] => 0
            [244] => 0
            [245] => 0
            [246] => 0
            [247] => 0
            [248] => 0
            [249] => 20
            [250] => 0
            [251] => 0
            [252] => 0
            [253] => 0
            [254] => 0
            [255] => 0
            [256] => 0
            [257] => 0
            [258] => 0
            [259] => 20
            [260] => 0
            [261] => 0
            [262] => 0
            [263] => 0
            [264] => 0
            [265] => 0
            [266] => 0
            [267] => 0
            [268] => 0
            [269] => 20
            [270] => 0
            [271] => 0
            [272] => 0
            [273] => 0
            [274] => 0
            [275] => 0
            [276] => 0
            [277] => 0
            [278] => 0
            [279] => 20
            [280] => 0
            [281] => 0
            [282] => 0
            [283] => 0
            [284] => 0
            [285] => 0
            [286] => 0
            [287] => 0
            [288] => 0
            [289] => 20
            [290] => 0
            [291] => 0
            [292] => 0
            [293] => 0
            [294] => 0
            [295] => 0
            [296] => 0
            [297] => 0
            [298] => 0
            [299] => 20
            [300] => 0
            [301] => 0
            [302] => 0
            [303] => 0
            [304] => 0
            [305] => 0
            [306] => 0
            [307] => 20
            [308] => 0
            [309] => 0
        )

    [E] => 13603260
    [DELIVER] => Array
        (
            [0] => S10=>P16
            [1] => S10=>P17
            [2] => S10=>P18
            [3] => S10=>P19
            [4] => S10=>P20
            [5] => S10=>P21
            [6] => S10=>P22
            [7] => S8=>P23
            [8] => S10=>P24
            [9] => S10=>P25
            [10] => S10=>P26
            [11] => S10=>P27
            [12] => S10=>P28
            [13] => S10=>P29
            [14] => S8=>P30
        )

    [_raw_output] => 
<<< setup

0 0 -1 0 1 0,25 0,5 0,8 1 0 0 0 0 13
1 2 0 3000 1 0,25 0,5 0,8 1 0 8000 800 1500 13
2 4 1 850 1 0,25 0,5 0,8 1 0 7500 750 1500 13
3 3 1 820 1 0,25 0,5 0,8 1 0 7200 720 1500 13
4 5 2 680 1 0,25 0,5 0,8 1 0 6800 680 1500 13
5 6 2 650 1 0,25 0,5 0,8 1 0 6500 650 1500 13
6 4 3 720 1 0,25 0,5 0,8 1 0 7100 710 1500 13
7 3 3 700 1 0,25 0,5 0,8 1 0 7000 700 1500 13
8 5 4 580 1 0,25 0,5 0,8 1 0 5800 580 1500 13
9 6 4 560 1 0,25 0,5 0,8 1 0 5600 560 1500 13
10 4 5 540 1 0,25 0,5 0,8 1 0 5400 540 1500 13
11 3 5 520 1 0,25 0,5 0,8 1 0 5200 520 1500 13
12 5 6 500 1 0,25 0,5 0,8 1 0 5000 500 1500 13
13 6 6 480 1 0,25 0,5 0,8 1 0 4800 480 1500 13
14 4 7 460 1 0,25 0,5 0,8 1 0 4600 460 1500 13
15 3 7 440 1 0,25 0,5 0,8 1 0 4400 440 1500 13
16 5 8 420 1 0,25 0,5 0,8 1 0 4200 420 1500 13
17 6 8 400 1 0,25 0,5 0,8 1 0 4000 400 1500 13
18 4 9 380 1 0,25 0,5 0,8 1 0 3800 380 1500 13
19 3 9 360 1 0,25 0,5 0,8 1 0 3600 360 1500 13
20 5 10 340 1 0,25 0,5 0,8 1 0 3400 340 1500 13
21 6 10 320 1 0,25 0,5 0,8 1 0 3200 320 1500 13
22 4 11 300 1 0,25 0,5 0,8 1 0 3000 300 1500 13
23 3 11 280 1 0,25 0,5 0,8 1 0 2800 280 1500 13
24 5 12 260 1 0,25 0,5 0,8 1 0 2600 260 1500 13
25 6 12 240 1 0,25 0,5 0,8 1 0 2400 240 1500 13
26 4 13 220 1 0,25 0,5 0,8 1 0 2200 220 1500 13
27 3 13 200 1 0,25 0,5 0,8 1 0 2000 200 1500 13
28 5 14 180 1 0,25 0,5 0,8 1 0 1800 180 1500 13
29 6 14 160 1 0,25 0,5 0,8 1 0 1600 160 1500 13
30 4 15 140 1 0,25 0,5 0,8 1 0 1400 140 1500 13
Node nums: [0 1 2 3 4 5 6 7 8 9 10 11 12 13 14 15 16 17 18 19 20 21 22 23 24 25 26 27
     28 29 30]
xx-Data uploaded-xx
	**** start init su array ...
0 [0 0 0 0 0 0 0 0 0 0]
1 [0 0 0 0 0 0 0 0 0 0]
2 [0 0 0 0 0 0 0 0 0 0]
3 [0 0 0 0 0 0 0 0 0 0]
4 [0 0 0 0 0 0 0 0 0 0]
5 [0 0 0 0 0 0 0 0 0 0]
6 [0 0 0 0 0 0 0 0 0 0]
7 [0 0 0 0 0 0 0 0 0 0]
8 [0 0 0 0 0 0 0 0 0 0]
9 [0 0 0 0 0 0 0 0 0 0]
10 [0 0 0 0 0 0 0 0 0 0]
11 [0 0 0 0 0 0 0 0 0 0]
12 [0 0 0 0 0 0 0 0 0 0]
13 [0 0 0 0 0 0 0 0 0 0]
14 [0 0 0 0 0 0 0 0 0 0]
15 [0 0 0 0 0 0 0 0 0 0]
16 [1 1 1 1 1 1 1 1 1 1]
17 [1 1 1 1 1 1 1 1 1 1]
18 [1 1 1 1 1 1 1 1 1 1]
19 [1 1 1 1 1 1 1 1 1 1]
20 [1 1 1 1 1 1 1 1 1 1]
21 [1 1 1 1 1 1 1 1 1 1]
22 [1 1 1 1 1 1 1 1 1 1]
23 [1 1 1 1 1 1 1 1 1 1]
24 [1 1 1 1 1 1 1 1 1 1]
25 [1 1 1 1 1 1 1 1 1 1]
26 [1 1 1 1 1 1 1 1 1 1]
27 [1 1 1 1 1 1 1 1 1 1]
28 [1 1 1 1 1 1 1 1 1 1]
29 [1 1 1 1 1 1 1 1 1 1]
30 [1 1 1 1 1 1 1 1 1 1]
	**** end init su array ...
1 2 1 700 80 0.85 0.92 0.8 (9)9
2 2 0.9 800 75 0.82 0.90 0.9 (9)9
3 1 1.1 680 90 0.88 0.95 0.5 (9)9
4 1 1 480 100 0.86 0.93 0.6 (9)9
5 5 0.6 550 40 0.72 0.78 1.5 (9)9
6 6 0.5 650 45 0.70 0.75 2.0 (9)9
7 7 0.5 1100 40 0.68 0.72 2.5 (9)9
8 5 0.3 700 30 0.65 0.70 1.8 (9)9
9 9 0.2 1700 15 0.60 0.65 3.5 (9)9
10 1 0.8 5800 40 0.80 0.88 0.7 (9)9

<<< generate

Version identifier: 20.1.0.0 | 2020-11-10 | 9bedb6d68
CPXPARAM_TimeLimit                               300
Tried aggregator 2 times.
MIP Presolve eliminated 6000 rows and 483 columns.
MIP Presolve modified 304 coefficients.
Aggregator did 17 substitutions.
Reduced MIP has 1032 rows, 523 columns, and 2823 nonzeros.
Reduced MIP has 179 binaries, 344 generals, 0 SOSs, and 0 indicators.
Presolve time = 0,00 sec. (6,16 ticks)
Probing time = 0,00 sec. (0,41 ticks)
Cover probing fixed 0 vars, tightened 15 bounds.
Tried aggregator 1 time.
Detecting symmetries...
MIP Presolve eliminated 45 rows and 0 columns.
MIP Presolve modified 210 coefficients.
Reduced MIP has 987 rows, 523 columns, and 2733 nonzeros.
Reduced MIP has 179 binaries, 344 generals, 0 SOSs, and 0 indicators.
Presolve time = 0,00 sec. (1,95 ticks)
Probing time = 0,00 sec. (0,37 ticks)
MIP emphasis: balance optimality and feasibility.
MIP search method: dynamic search.
Parallel mode: deterministic, using up to 20 threads.
Root relaxation solution time = 0,00 sec. (4,35 ticks)

        Nodes                                         Cuts/
   Node  Left     Objective  IInf  Best Integer    Best Bound    ItCnt     Gap

      0     0   355291,0947   140                 355291,0947      236         
      0     0   358889,3660   163                    Cuts: 90      339         
      0     0   361308,8573   187                    Cuts: 94      429         
      0     0   361658,0681   175                    Cuts: 42      473         
      0     0   361998,2818   187                    Cuts: 29      507         
      0     0   362553,3239   189                    Cuts: 22      539         
Detecting symmetries...
      0     0   362658,0950   201                    Cuts: 16      554         
      0     0   362861,0593   207                    Cuts: 15      576         
      0     0   362888,0548   210                    Cuts: 12      587         
      0     0   362994,0142   189                    Cuts: 13      607         
*     0+    0                       500527,0000   362994,0142            27,48%
*     0+    0                       493546,0000   362994,0142            26,45%
      0     0   363022,2935   195   493546,0000       Cuts: 8      617   26,45%
*     0+    0                       410221,0000   363022,2935            11,51%
*     0+    0                       403418,0000   363022,2935            10,01%
*     0+    0                       402097,0000   363022,2935             9,72%
*     0+    0                       399304,0000   363022,2935             9,09%
      0     0  -1,00000e+75     0   399304,0000   363022,2935      617    9,09%
Detecting symmetries...
      0     2   363022,2935   195   399304,0000   363022,2935      617    9,09%
Elapsed time = 0,19 sec. (120,72 ticks, tree = 0,02 MB, solutions = 6)
*    11+    3                       380563,0000   363155,6657             4,57%
*    18+    5                       380121,0000   363162,1669             4,46%
*    44+    8                       378730,0000   363795,5499             3,94%

Implied bound cuts applied:  129
Mixed integer rounding cuts applied:  15
Zero-half cuts applied:  13
Lift and project cuts applied:  4
Gomory fractional cuts applied:  26

Root node processing (before b&c):
  Real time             =    0,19 sec. (120,27 ticks)
Parallel b&c, 20 threads:
  Real time             =    0,78 sec. (70,12 ticks)
  Sync time (average)   =    0,67 sec.
  Wait time (average)   =    0,00 sec.
                          ------------
Total (root+branch&cut) =    0,97 sec. (190,40 ticks)

<<< solve


OBJECTIVE: 378730
xxxx
#Result <fct_obj, tot_cst, tot_ldt, Emiss>: <3.7873e+5 3.7844e+5 290 1.3603e+7>#CS:378440#A:[0,2,21,19,17,17,16,15,12,11,11,11,12,11,11,12,6,7,5,4,6,7,5,8,6,7,5,4,6,7,9]#X:[0,1,1,1,0,0,0,0,0,0,0,0,0,0,0,0,0,0,0,0,0,0,0,0,0,0,0,0,0,0,0]#Z:[0,0,0,0,0,0,0,0,0,0,0,0,0,0,0,0,0,0,0,0,0,0,0,0,0,0,0,0,0,0,0,0,0,0,0,0,0,0,0,0,0,0,0,0,0,0,0,0,0,0,0,0,0,0,0,0,0,0,0,0,0,0,0,0,0,0,0,0,0,0,0,0,0,0,0,0,0,0,0,0,0,0,0,0,0,0,0,0,0,0,0,0,0,0,0,0,0,0,0,0,0,0,0,0,0,0,0,0,0,0,0,0,0,0,0,0,0,0,0,0,0,0,0,0,0,0,0,0,0,0,0,0,0,0,0,0,0,0,0,0,0,0,0,0,0,0,0,0,0,0,0,0,0,0,0,0,0,0,0,0,0,0,0,0,0,0,0,0,0,1,0,0,0,0,0,0,0,0,0,1,0,0,0,0,0,0,0,0,0,1,0,0,0,0,0,0,0,0,0,1,0,0,0,0,0,0,0,0,0,1,0,0,0,0,0,0,0,0,0,1,0,0,0,0,0,0,0,0,0,1,0,0,0,0,0,0,0,1,0,0,0,0,0,0,0,0,0,0,0,1,0,0,0,0,0,0,0,0,0,1,0,0,0,0,0,0,0,0,0,1,0,0,0,0,0,0,0,0,0,1,0,0,0,0,0,0,0,0,0,1,0,0,0,0,0,0,0,0,0,1,0,0,0,0,0,0,0,1,0,0]#Q:[0,0,0,0,0,0,0,0,0,0,0,0,0,0,0,0,0,0,0,0,0,0,0,0,0,0,0,0,0,0,0,0,0,0,0,0,0,0,0,0,0,0,0,0,0,0,0,0,0,0,0,0,0,0,0,0,0,0,0,0,0,0,0,0,0,0,0,0,0,0,0,0,0,0,0,0,0,0,0,0,0,0,0,0,0,0,0,0,0,0,0,0,0,0,0,0,0,0,0,0,0,0,0,0,0,0,0,0,0,0,0,0,0,0,0,0,0,0,0,0,0,0,0,0,0,0,0,0,0,0,0,0,0,0,0,0,0,0,0,0,0,0,0,0,0,0,0,0,0,0,0,0,0,0,0,0,0,0,0,0,0,0,0,0,0,0,0,0,0,20,0,0,0,0,0,0,0,0,0,20,0,0,0,0,0,0,0,0,0,20,0,0,0,0,0,0,0,0,0,20,0,0,0,0,0,0,0,0,0,20,0,0,0,0,0,0,0,0,0,20,0,0,0,0,0,0,0,0,0,20,0,0,0,0,0,0,0,20,0,0,0,0,0,0,0,0,0,0,0,20,0,0,0,0,0,0,0,0,0,20,0,0,0,0,0,0,0,0,0,20,0,0,0,0,0,0,0,0,0,20,0,0,0,0,0,0,0,0,0,20,0,0,0,0,0,0,0,0,0,20,0,0,0,0,0,0,0,20,0,0]#E: 13603260#DELIVER:
S10=>P16
S10=>P17
S10=>P18
S10=>P19
S10=>P20
S10=>P21
S10=>P22
S8=>P23
S10=>P24
S10=>P25
S10=>P26
S10=>P27
S10=>P28
S10=>P29
S8=>P30
xxxx

<<< post process


<<< done


)
