Array
(
    [CplexRunTime] => -1 sec
    [status] => OPTIMAL
    [termination_reason] => OPTIMAL
    [mip_gap] => 0
    [Result] => Array
        (
            [Objective] => 35520
            [TotalCost] => 35520
            [DIO] => 4
            [WIP] => 64800
            [Emissions] => 0
        )

    [CS] => 35520
    [DIO] => 4
    [WIP] => 64800
    [E] => 112400
    [A] => Array
        (
            [0] => 1
            [1] => 3
        )

    [X] => Array
        (
            [0] => 0
            [1] => 1
        )

    [DELIVER] => Array
        (
            [0] => S10=>P1
        )

    [_raw_output] => 
<<< setup

0 0 -1 0 0 0.25 0.5 0.8 1 0 0 0 0  14
1 2 0 600 1 0.25 0.5 0.8 1 0 6000 600 1500  14
Node nums: [0 1]
xx-Data uploaded-xx
	**** start init su array ...
0 [0 0 0 0 0 0 0 0 0 0]
1 [1 1 1 1 1 1 1 1 1 1]
	**** end init su array ...
1 2 1 100 80 0.85 0.92 0.8 (9)9
2 2 0.9 60 75 0.82 0.90 0.9 (9)9
3 1 1.1 80 90 0.88 0.95 0.5 (9)9
4 1 1 80 100 0.86 0.93 0.6 (9)9
5 5 0.6 50 40 0.72 0.78 1.5 (9)9
6 6 0.5 60 45 0.70 0.75 2.0 (9)9
7 7 0.5 80 40 0.68 0.72 2.5 (9)9
8 5 0.3 25 30 0.65 0.70 1.8 (9)9
9 9 0.2 250 15 0.60 0.65 3.5 (9)9
10 1 0.8 30 40 0.80 0.88 0.7 (9)9

<<< generate

Version identifier: 20.1.0.0 | 2020-11-10 | 9bedb6d68
CPXPARAM_TimeLimit                               300

Multi-objective solve log . . .

Index  Priority  Blend          Objective      Nodes  Time (sec.)  DetTime (ticks)
    1         1      1   3,5520000000e+04          0         0,02             1,29
    2         0      1   1,1240000000e+05          0         0,00             0,37

<<< solve


OBJECTIVE: 35520; 112400
xxxx
#Result <fct_obj, tot_cost, DIO, WIP, Emiss>: <35520 35520 4 64800 1.124e+5 9600 25920 0>#CS:35520#DIO:4#WIP:64800#E: 112400#A:[1,3]#X:[0,1]#DELIVER:
S10=>P1
xxxx

<<< post process


<<< done


)
