Array
(
    [CplexRunTime] => -1 sec
    [status] => OPTIMAL
    [termination_reason] => OPTIMAL
    [mip_gap] => 0
    [Result] => Array
        (
            [Objective] => 23600
            [TotalCost] => 23600
            [DIO] => 8
            [WIP] => 53000
            [Emissions] => 0
        )

    [CS] => 23600
    [DIO] => 8
    [WIP] => 53000
    [E] => 237400
    [A] => Array
        (
            [0] => 1
            [1] => 2
            [2] => 5
        )

    [X] => Array
        (
            [0] => 0
            [1] => 1
            [2] => 1
        )

    [DELIVER] => Array
        (
            [0] => S10=>P2
        )

    [_raw_output] => 
<<< setup

0 0 -1 0 0 0.25 0.5 0.8 1 0 0 0 0  14
1 2 0 650 1 0.25 0.5 0.8 1 0 6500 650 1500  14
2 4 1 150 1 0.25 0.5 0.8 1 0 4500 450 1500  14
Node nums: [0 1 2]
xx-Data uploaded-xx
	**** start init su array ...
0 [0 0 0 0 0 0 0 0 0 0]
1 [0 0 0 0 0 0 0 0 0 0]
2 [1 1 1 1 1 1 1 1 1 1]
	**** end init su array ...
1 2 1 100 80 0.85 0.92 0.8 (9)9
2 2 0.9 60 75 0.82 0.90 0.9 (9)9
3 1 1.1 80 90 0.88 0.95 0.5 (9)9
4 1 1 80 100 0.86 0.93 0.6 (9)9
5 5 0.6 50 40 0.72 0.78 1.5 (9)9
6 6 0.5 60 45 0.70 0.75 2.0 (9)9
7 7 0.5 80 40 0.68 0.72 2.5 (9)9
8 5 0.3 25 30 0.65 0.70 1.8 (9)9
9 9 0.2 250 15 0.60 0.65 3.5 (9)9
10 1 0.8 30 40 0.80 0.88 0.7 (9)9

<<< generate

Version identifier: 20.1.0.0 | 2020-11-10 | 9bedb6d68
CPXPARAM_TimeLimit                               300

Multi-objective solve log . . .

Index  Priority  Blend          Objective      Nodes  Time (sec.)  DetTime (ticks)
    1         1      1   2,3600000000e+04          0         0,02             4,48
    2         0      1   2,3740000000e+05          0         0,00             0,58

<<< solve


OBJECTIVE: 23600; 237400
xxxx
#Result <fct_obj, tot_cost, DIO, WIP, Emiss>: <23600 23600 8 53000 2.374e+5 2400 21200 0>#CS:23600#DIO:8#WIP:53000#E: 237400#A:[1,2,5]#X:[0,1,1]#DELIVER:
S10=>P2
xxxx

<<< post process


<<< done


)
