Array
(
    [CplexRunTime] => -1 sec
    [status] => OPTIMAL
    [termination_reason] => OPTIMAL
    [mip_gap] => 0
    [Result] => Array
        (
            [Objective] => 63273
            [TotalCost] => 63273
            [DIO] => 74
            [WIP] => 145000
            [Emissions] => 0
        )

    [CS] => 63273
    [DIO] => 74
    [WIP] => 145000
    [E] => 9949345
    [A] => Array
        (
            [0] => 1
            [1] => 2
            [2] => 16
            [3] => 9
            [4] => 12
            [5] => 6
            [6] => 10
            [7] => 6
            [8] => 7
            [9] => 5
        )

    [X] => Array
        (
            [0] => 0
            [1] => 1
            [2] => 1
            [3] => 1
            [4] => 0
            [5] => 0
            [6] => 0
            [7] => 0
            [8] => 0
            [9] => 1
        )

    [DELIVER] => Array
        (
            [0] => S6=>P6
            [1] => S8=>P6
            [2] => S4=>P7
            [3] => S10=>P7
            [4] => S4=>P8
            [5] => S10=>P8
            [6] => S4=>P9
        )

    [_raw_output] => 
<<< setup

0 0 -1 0 0 0.25 0.5 0.8 1 0 0 0 0  14
1 2 0 800 1 0.25 0.5 0.8 1 0 8000 800 1500  14
2 4 1 190 1 0.25 0.5 0.8 1 0 6000 600 1500  14
3 3 1 125 2 0.25 0.5 0.8 1 0 4200 420 1500  14
4 5 2 35 6 0.25 0.5 0.8 1 0 3600 360 1500  14
5 6 3 45 2 0.25 0.5 0.8 1 0 3200 320 1500  14
6 4 2 27 4 0.25 0.5 0.8 1 0 3100 310 1500  14
7 5 3 32 3 0.25 0.5 0.8 1 0 2900 290 1500  14
8 6 4 20 5 0.25 0.5 0.8 1 0 2600 260 1500  14
9 4 5 18 2 0.25 0.5 0.8 1 0 2400 240 1500  14
Node nums: [0 1 2 3 4 5 6 7 8 9]
xx-Data uploaded-xx
	**** start init su array ...
0 [0 0 0 0 0 0 0 0 0 0]
1 [0 0 0 0 0 0 0 0 0 0]
2 [1 1 1 1 1 1 1 1 1 1]
3 [0 0 0 0 0 0 0 0 0 0]
4 [1 1 1 1 1 1 1 1 1 1]
5 [1 1 1 1 1 1 1 1 1 1]
6 [1 1 1 1 1 1 1 1 1 1]
7 [1 1 1 1 1 1 1 1 1 1]
8 [1 1 1 1 1 1 1 1 1 1]
9 [1 1 1 1 1 1 1 1 1 1]
	**** end init su array ...
1 2 1 100 80 0.85 0.92 0.8 (9)9
2 2 0.9 60 75 0.82 0.90 0.9 (9)9
3 1 1.1 80 90 0.88 0.95 0.5 (9)9
4 1 1 80 100 0.86 0.93 0.6 (9)9
5 5 0.6 50 40 0.72 0.78 1.5 (9)9
6 6 0.5 60 45 0.70 0.75 2.0 (9)9
7 7 0.5 80 40 0.68 0.72 2.5 (9)9
8 5 0.3 25 30 0.65 0.70 1.8 (9)9
9 9 0.2 250 15 0.60 0.65 3.5 (9)9
10 1 0.8 30 40 0.80 0.88 0.7 (9)9

<<< generate

Version identifier: 20.1.0.0 | 2020-11-10 | 9bedb6d68
CPXPARAM_TimeLimit                               300

Multi-objective solve log . . .

Index  Priority  Blend          Objective      Nodes  Time (sec.)  DetTime (ticks)
    1         1      1   6,3273000000e+04        740         0,13            45,05
    2         0      1   9,9493450000e+06       1696         0,28            83,03

<<< solve


OBJECTIVE: 63273; 9949345
xxxx
#Result <fct_obj, tot_cost, DIO, WIP, Emiss>: <63273 63273 74 1.45e+5 9.9493e+6 5273 58000 0>#CS:63273#DIO:74#WIP:145000#E: 9949345#A:[1,2,16,9,12,6,10,6,7,5]#X:[0,1,1,1,0,0,0,0,0,1]#DELIVER:
S6=>P6
S8=>P6
S4=>P7
S10=>P7
S4=>P8
S10=>P8
S4=>P9
xxxx

<<< post process


<<< done


)
