Array
(
    [CplexRunTime] => -1 sec
    [status] => OPTIMAL
    [termination_reason] => OPTIMAL
    [mip_gap] => 0
    [Result] => Array
        (
            [Objective] => 1200800
            [TotalCost] => 1200800
            [DIO] => 532
            [WIP] => 2114200
            [Emissions] => 0
        )

    [CS] => 1200760
    [DIO] => 532
    [WIP] => 2114200
    [E] => 101719560
    [A] => Array
        (
            [0] => 1
            [1] => 2
            [2] => 23
            [3] => 22
            [4] => 21
            [5] => 23
            [6] => 18
            [7] => 18
            [8] => 18
            [9] => 15
            [10] => 13
            [11] => 15
            [12] => 15
            [13] => 18
            [14] => 19
            [15] => 11
            [16] => 14
            [17] => 11
            [18] => 15
            [19] => 12
            [20] => 15
            [21] => 12
            [22] => 11
            [23] => 12
            [24] => 9
            [25] => 12
            [26] => 8
            [27] => 10
            [28] => 13
            [29] => 12
            [30] => 15
            [31] => 10
            [32] => 9
            [33] => 12
            [34] => 12
            [35] => 10
            [36] => 9
            [37] => 8
            [38] => 5
            [39] => 11
            [40] => 13
        )

    [X] => Array
        (
            [0] => 0
            [1] => 1
            [2] => 1
            [3] => 1
            [4] => 1
            [5] => 1
            [6] => 0
            [7] => 0
            [8] => 0
            [9] => 0
            [10] => 0
            [11] => 0
            [12] => 0
            [13] => 0
            [14] => 0
            [15] => 0
            [16] => 0
            [17] => 0
            [18] => 0
            [19] => 0
            [20] => 0
            [21] => 0
            [22] => 0
            [23] => 0
            [24] => 0
            [25] => 0
            [26] => 0
            [27] => 0
            [28] => 0
            [29] => 0
            [30] => 0
            [31] => 0
            [32] => 0
            [33] => 0
            [34] => 0
            [35] => 0
            [36] => 0
            [37] => 0
            [38] => 0
            [39] => 0
            [40] => 0
        )

    [DELIVER] => Array
        (
            [0] => S9=>P15
            [1] => S8=>P17
            [2] => S9=>P19
            [3] => S8=>P21
            [4] => S8=>P22
            [5] => S8=>P24
            [6] => S9=>P25
            [7] => S8=>P26
            [8] => S9=>P28
            [9] => S9=>P29
            [10] => S8=>P31
            [11] => S8=>P32
            [12] => S9=>P33
            [13] => S9=>P34
            [14] => S8=>P35
            [15] => S8=>P36
            [16] => S8=>P37
            [17] => S10=>P38
            [18] => S8=>P39
            [19] => S9=>P40
        )

    [_raw_output] => 
<<< setup

0 0 -1 0 1 0,25 0,5 0,8 1 0 0 0 0 13
1 2 0 4500 1 0,25 0,5 0,8 1 0 9500 950 1500 13
2 5 1 880 1 0,25 0,5 0,8 1 0 9200 920 1500 13
3 7 1 870 1 0,25 0,5 0,8 1 0 8500 850 1500 13
4 6 1 890 1 0,25 0,5 0,8 1 0 7900 790 1500 13
5 4 1 840 2 0,25 0,5 0,8 1 0 7800 780 1500 13
6 4 2 860 3 0,25 0,5 0,8 1 0 7700 770 1500 13
7 3 2 780 2 0,25 0,5 0,8 1 0 7500 750 1500 13
8 3 2 760 1 0,25 0,5 0,8 1 0 6900 690 1500 13
9 3 3 770 2 0,25 0,5 0,8 1 0 6800 680 1500 13
10 4 3 730 3 0,25 0,5 0,8 1 0 6100 610 1500 13
11 3 4 670 2 0,25 0,5 0,8 1 0 6050 605 1500 13
12 5 4 640 3 0,25 0,5 0,8 1 0 6000 600 1500 13
13 5 5 580 8 0,25 0,5 0,5 1 0 5900 590 1500 13
14 4 5 620 6 0,25 0,5 0,5 1 0 5500 550 1500 13
15 2 5 680 2 0,25 0,5 0,5 1 0 5490 549 1500 13
16 4 6 640 9 0,25 0,5 0,5 1 0 5320 532 1500 13
17 6 6 560 6 0,25 0,5 0,5 1 0 5180 518 1500 13
18 3 7 530 2 0,25 0,5 0,5 1 0 5100 510 1500 13
19 3 8 550 1 0,25 0,5 0,5 1 0 4980 498 1500 13
20 5 8 580 2 0,25 0,5 0,5 1 0 4760 476 1500 13
21 7 9 520 6 0,25 0,5 0,5 1 0 4560 456 1500 13
22 6 9 490 4 0,25 0,5 0,5 1 0 4230 423 1500 13
23 3 9 570 4 0,25 0,5 0,5 1 0 3850 385 1500 13
24 4 10 380 3 0,25 0,5 0,5 1 0 3710 371 1500 13
25 3 11 470 2 0,25 0,5 0,5 1 0 3420 342 1500 13
26 3 12 460 3 0,25 0,5 0,5 1 0 3100 310 1500 13
27 5 12 500 6 0,25 0,5 0,5 1 0 2990 299 1500 13
28 4 13 380 16 0,25 0,5 0,5 1 0 2800 280 1500 13
29 3 14 460 6 0,25 0,5 0,5 1 0 2680 268 1500 13
30 2 14 470 18 0,25 0,5 0,5 1 0 2420 242 1500 13
31 5 16 440 9 0,25 0,5 0,5 1 0 2240 224 1500 13
32 4 16 480 9 0,25 0,5 0,5 1 0 2050 205 1500 13
33 3 18 450 6 0,25 0,5 0,5 1 0 1910 191 1500 13
34 3 18 280 4 0,25 0,5 0,5 1 0 1810 181 1500 13
35 5 20 360 4 0,25 0,5 0,5 1 0 1660 166 1500 13
36 4 23 310 8 0,25 0,5 0,5 1 0 1500 150 1500 13
37 3 23 320 12 0,25 0,5 0,5 1 0 1500 150 1500 13
38 4 27 330 6 0,25 0,5 0,5 1 0 1410 141 1500 13
39 6 30 340 18 0,25 0,5 0,5 1 0 1260 126 1500 13
40 4 30 290 54 0,25 0,5 0,5 1 0 1220 122 1500 13
Node nums: [0 1 2 3 4 5 6 7 8 9 10 11 12 13 14 15 16 17 18 19 20 21 22 23 24 25 26 27
     28 29 30 31 32 33 34 35 36 37 38 39 40]
xx-Data uploaded-xx
	**** start init su array ...
0 [0 0 0 0 0 0 0 0 0 0]
1 [0 0 0 0 0 0 0 0 0 0]
2 [0 0 0 0 0 0 0 0 0 0]
3 [0 0 0 0 0 0 0 0 0 0]
4 [0 0 0 0 0 0 0 0 0 0]
5 [0 0 0 0 0 0 0 0 0 0]
6 [0 0 0 0 0 0 0 0 0 0]
7 [0 0 0 0 0 0 0 0 0 0]
8 [0 0 0 0 0 0 0 0 0 0]
9 [0 0 0 0 0 0 0 0 0 0]
10 [0 0 0 0 0 0 0 0 0 0]
11 [0 0 0 0 0 0 0 0 0 0]
12 [0 0 0 0 0 0 0 0 0 0]
13 [0 0 0 0 0 0 0 0 0 0]
14 [0 0 0 0 0 0 0 0 0 0]
15 [1 1 1 1 1 1 1 1 1 1]
16 [0 0 0 0 0 0 0 0 0 0]
17 [1 1 1 1 1 1 1 1 1 1]
18 [0 0 0 0 0 0 0 0 0 0]
19 [1 1 1 1 1 1 1 1 1 1]
20 [0 0 0 0 0 0 0 0 0 0]
21 [1 1 1 1 1 1 1 1 1 1]
22 [1 1 1 1 1 1 1 1 1 1]
23 [0 0 0 0 0 0 0 0 0 0]
24 [1 1 1 1 1 1 1 1 1 1]
25 [1 1 1 1 1 1 1 1 1 1]
26 [1 1 1 1 1 1 1 1 1 1]
27 [0 0 0 0 0 0 0 0 0 0]
28 [1 1 1 1 1 1 1 1 1 1]
29 [1 1 1 1 1 1 1 1 1 1]
30 [0 0 0 0 0 0 0 0 0 0]
31 [1 1 1 1 1 1 1 1 1 1]
32 [1 1 1 1 1 1 1 1 1 1]
33 [1 1 1 1 1 1 1 1 1 1]
34 [1 1 1 1 1 1 1 1 1 1]
35 [1 1 1 1 1 1 1 1 1 1]
36 [1 1 1 1 1 1 1 1 1 1]
37 [1 1 1 1 1 1 1 1 1 1]
38 [1 1 1 1 1 1 1 1 1 1]
39 [1 1 1 1 1 1 1 1 1 1]
40 [1 1 1 1 1 1 1 1 1 1]
	**** end init su array ...
1 2 1 700 80 0.85 0.92 0.8 (9)9
2 2 0.9 800 75 0.82 0.90 0.9 (9)9
3 1 1.1 680 90 0.88 0.95 0.5 (9)9
4 1 1 480 100 0.86 0.93 0.6 (9)9
5 5 0.6 550 40 0.72 0.78 1.5 (9)9
6 6 0.5 650 45 0.70 0.75 2.0 (9)9
7 7 0.5 1100 40 0.68 0.72 2.5 (9)9
8 5 0.3 700 30 0.65 0.70 1.8 (9)9
9 9 0.2 1700 15 0.60 0.65 3.5 (9)9
10 1 0.8 5800 40 0.80 0.88 0.7 (9)9

<<< generate

Version identifier: 20.1.0.0 | 2020-11-10 | 9bedb6d68
CPXPARAM_TimeLimit                               300

Multi-objective solve log . . .

Index  Priority  Blend          Objective      Nodes  Time (sec.)  DetTime (ticks)
    1         1      1   1,2007600000e+06          0         0,23            60,36
    2         0      1   1,0171956000e+08          0         0,64           101,72

<<< solve


OBJECTIVE: 1200760; 1.017196e+8
xxxx
#Result <fct_obj, tot_cost, DIO, WIP, Emiss>: <1.2008e+6 1.2008e+6 532 2.1142e+6 1.0172e+8 3.5508e+5 8.4568e+5 0>#CS:1200760#DIO:532#WIP:2114200#E: 101719560#A:[1,2,23,22,21,23,18,18,18,15,13,15,15,18,19,11,14,11,15,12,15,12,11,12,9,12,8,10,13,12,15,10,9,12,12,10,9,8,5,11,13]#X:[0,1,1,1,1,1,0,0,0,0,0,0,0,0,0,0,0,0,0,0,0,0,0,0,0,0,0,0,0,0,0,0,0,0,0,0,0,0,0,0,0]#DELIVER:
S9=>P15
S8=>P17
S9=>P19
S8=>P21
S8=>P22
S8=>P24
S9=>P25
S8=>P26
S9=>P28
S9=>P29
S8=>P31
S8=>P32
S9=>P33
S9=>P34
S8=>P35
S8=>P36
S8=>P37
S10=>P38
S8=>P39
S9=>P40
xxxx

<<< post process


<<< done


)
