Array
(
    [CplexRunTime] => -1 sec
    [status] => OPTIMAL
    [termination_reason] => OPTIMAL
    [mip_gap] => 0
    [Result] => Array
        (
            [Objective] => 78984
            [TotalCost] => 78984
            [DIO] => 54
            [WIP] => 160600
            [Emissions] => 0
        )

    [CS] => 78984
    [DIO] => 54
    [WIP] => 160600
    [E] => 8147540
    [A] => Array
        (
            [0] => 1
            [1] => 5
            [2] => 3
            [3] => 3
            [4] => 3
            [5] => 3
            [6] => 3
            [7] => 2
            [8] => 7
            [9] => 3
            [10] => 13
            [11] => 8
        )

    [X] => Array
        (
            [0] => 0
            [1] => 1
            [2] => 0
            [3] => 0
            [4] => 0
            [5] => 0
            [6] => 0
            [7] => 1
            [8] => 1
            [9] => 0
            [10] => 1
            [11] => 0
        )

    [DELIVER] => Array
        (
            [0] => S10=>P2
            [1] => S10=>P3
            [2] => S10=>P4
            [3] => S10=>P5
            [4] => S10=>P6
            [5] => S1=>P11
            [6] => S2=>P11
            [7] => S4=>P11
            [8] => S10=>P11
        )

    [_raw_output] => 
<<< setup

0 0 -1 0 0 0.25 0.5 0.8 1 0 0 0 0  14
1 2 0 720 1 0.25 0.5 0.8 1 0 7200 720 1500  14
2 2 1 150 1 0.25 0.5 0.8 1 0 4500 450 1500  14
3 2 1 140 1 0.25 0.5 0.8 1 0 4400 440 1500  14
4 2 1 130 1 0.25 0.5 0.8 1 0 4300 430 1500  14
5 2 1 125 1 0.25 0.5 0.8 1 0 4200 420 1500  14
6 2 1 120 1 0.25 0.5 0.8 1 0 4100 410 1500  14
7 2 0 680 1 0.25 0.5 0.8 1 0 6800 680 1500  14
8 4 7 160 1 0.25 0.5 0.8 1 0 4800 480 1500  14
9 3 8 95 2 0.25 0.5 0.8 1 0 3200 320 1500  14
10 5 9 25 6 0.25 0.5 0.8 1 0 3000 300 1500  14
11 6 10 18 12 0.25 0.5 0.8 1 0 2800 280 1500  14
Node nums: [0 1 2 3 4 5 6 7 8 9 10 11]
xx-Data uploaded-xx
	**** start init su array ...
0 [0 0 0 0 0 0 0 0 0 0]
1 [0 0 0 0 0 0 0 0 0 0]
2 [1 1 1 1 1 1 1 1 1 1]
3 [1 1 1 1 1 1 1 1 1 1]
4 [1 1 1 1 1 1 1 1 1 1]
5 [1 1 1 1 1 1 1 1 1 1]
6 [1 1 1 1 1 1 1 1 1 1]
7 [0 0 0 0 0 0 0 0 0 0]
8 [0 0 0 0 0 0 0 0 0 0]
9 [0 0 0 0 0 0 0 0 0 0]
10 [0 0 0 0 0 0 0 0 0 0]
11 [1 1 1 1 1 1 1 1 1 1]
	**** end init su array ...
1 2 1 100 80 0.85 0.92 0.8 (9)9
2 2 0.9 60 75 0.82 0.90 0.9 (9)9
3 1 1.1 80 90 0.88 0.95 0.5 (9)9
4 1 1 80 100 0.86 0.93 0.6 (9)9
5 5 0.6 50 40 0.72 0.78 1.5 (9)9
6 6 0.5 60 45 0.70 0.75 2.0 (9)9
7 7 0.5 80 40 0.68 0.72 2.5 (9)9
8 5 0.3 25 30 0.65 0.70 1.8 (9)9
9 9 0.2 250 15 0.60 0.65 3.5 (9)9
10 1 0.8 30 40 0.80 0.88 0.7 (9)9

<<< generate

Version identifier: 20.1.0.0 | 2020-11-10 | 9bedb6d68
CPXPARAM_TimeLimit                               300

Multi-objective solve log . . .

Index  Priority  Blend          Objective      Nodes  Time (sec.)  DetTime (ticks)
    1         1      1   7,8984000000e+04          0         0,27            12,30
    2         0      1   8,1475400000e+06          0         0,01             6,98

<<< solve


OBJECTIVE: 78984; 8147540
xxxx
#Result <fct_obj, tot_cost, DIO, WIP, Emiss>: <78984 78984 54 1.606e+5 8.1475e+6 14744 64240 0>#CS:78984#DIO:54#WIP:160600#E: 8147540#A:[1,5,3,3,3,3,3,2,7,3,13,8]#X:[0,1,0,0,0,0,0,1,1,0,1,0]#DELIVER:
S10=>P2
S10=>P3
S10=>P4
S10=>P5
S10=>P6
S1=>P11
S2=>P11
S4=>P11
S10=>P11
xxxx

<<< post process


<<< done


)
