Array
(
    [CplexRunTime] => Total (root+branch&cut) =    0,17 sec
    [Result] => Array
        (
            [Objective] => fct_obj.
            [ServiceCost] => tot_cst.
            [LateDeliveries] => tot_ldt.
            [Emissions] => Emiss
        )

    [TS] => 3375920
    [A] => Array
        (
            [0] => 0
            [1] => 2
            [2] => 50
            [3] => 41
            [4] => 25
            [5] => 23
            [6] => 29
            [7] => 22
            [8] => 45
            [9] => 34
            [10] => 17
            [11] => 15
            [12] => 19
            [13] => 18
            [14] => 19
            [15] => 11
            [16] => 25
            [17] => 15
            [18] => 19
            [19] => 12
            [20] => 42
            [21] => 16
            [22] => 26
            [23] => 31
            [24] => 13
            [25] => 12
            [26] => 12
            [27] => 14
            [28] => 13
            [29] => 12
            [30] => 15
            [31] => 14
            [32] => 21
            [33] => 16
            [34] => 12
            [35] => 37
            [36] => 14
            [37] => 20
            [38] => 18
            [39] => 28
            [40] => 17
            [41] => 9
            [42] => 7
            [43] => 13
            [44] => 13
            [45] => 12
            [46] => 17
            [47] => 12
            [48] => 13
            [49] => 11
            [50] => 35
            [51] => 15
            [52] => 16
            [53] => 10
            [54] => 13
            [55] => 12
            [56] => 15
            [57] => 11
            [58] => 10
            [59] => 23
            [60] => 11
            [61] => 12
            [62] => 16
            [63] => 10
            [64] => 16
            [65] => 17
            [66] => 17
            [67] => 32
            [68] => 14
            [69] => 19
            [70] => 11
            [71] => 12
            [72] => 14
            [73] => 17
            [74] => 28
            [75] => 11
            [76] => 16
            [77] => 12
            [78] => 15
            [79] => 24
            [80] => 19
        )

    [X] => Array
        (
            [0] => 0
            [1] => 1
            [2] => 1
            [3] => 1
            [4] => 1
            [5] => 1
            [6] => 0
            [7] => 0
            [8] => 0
            [9] => 0
            [10] => 0
            [11] => 0
            [12] => 0
            [13] => 0
            [14] => 0
            [15] => 0
            [16] => 0
            [17] => 0
            [18] => 0
            [19] => 0
            [20] => 0
            [21] => 0
            [22] => 0
            [23] => 0
            [24] => 0
            [25] => 0
            [26] => 0
            [27] => 0
            [28] => 0
            [29] => 0
            [30] => 0
            [31] => 0
            [32] => 0
            [33] => 0
            [34] => 0
            [35] => 0
            [36] => 0
            [37] => 0
            [38] => 0
            [39] => 0
            [40] => 0
            [41] => 0
            [42] => 0
            [43] => 0
            [44] => 0
            [45] => 0
            [46] => 0
            [47] => 0
            [48] => 0
            [49] => 0
            [50] => 0
            [51] => 0
            [52] => 0
            [53] => 0
            [54] => 0
            [55] => 0
            [56] => 0
            [57] => 0
            [58] => 0
            [59] => 0
            [60] => 0
            [61] => 0
            [62] => 0
            [63] => 0
            [64] => 0
            [65] => 0
            [66] => 0
            [67] => 0
            [68] => 0
            [69] => 0
            [70] => 0
            [71] => 0
            [72] => 0
            [73] => 0
            [74] => 0
            [75] => 0
            [76] => 0
            [77] => 0
            [78] => 0
            [79] => 0
            [80] => 0
        )

    [E] => 2592579835.4
    [DELIVER] => Array
        (
            [0] => S9=>P15
            [1] => S9=>P17
            [2] => S9=>P19
            [3] => S9=>P21
            [4] => S9=>P24
            [5] => S9=>P25
            [6] => S9=>P26
            [7] => S8=>P28
            [8] => S9=>P28
            [9] => S8=>P29
            [10] => S9=>P29
            [11] => S9=>P31
            [12] => S9=>P34
            [13] => S9=>P36
            [14] => S8=>P41
            [15] => S8=>P42
            [16] => S5=>P43
            [17] => S6=>P43
            [18] => S7=>P43
            [19] => S8=>P43
            [20] => S6=>P44
            [21] => S8=>P44
            [22] => S9=>P44
            [23] => S9=>P45
            [24] => S9=>P47
            [25] => S9=>P48
            [26] => S9=>P49
            [27] => S9=>P51
            [28] => S9=>P53
            [29] => S9=>P54
            [30] => S9=>P55
            [31] => S9=>P56
            [32] => S9=>P57
            [33] => S9=>P58
            [34] => S9=>P60
            [35] => S9=>P61
            [36] => S9=>P63
            [37] => S9=>P65
            [38] => S6=>P68
            [39] => S7=>P68
            [40] => S8=>P68
            [41] => S9=>P68
            [42] => S9=>P70
            [43] => S8=>P71
            [44] => S9=>P71
            [45] => S9=>P72
            [46] => S6=>P75
            [47] => S7=>P75
            [48] => S8=>P75
            [49] => S9=>P75
            [50] => S5=>P76
            [51] => S6=>P76
            [52] => S7=>P76
            [53] => S8=>P76
            [54] => S9=>P76
            [55] => S10=>P76
            [56] => S1=>P77
            [57] => S2=>P77
            [58] => S4=>P77
            [59] => S5=>P77
            [60] => S6=>P77
            [61] => S7=>P77
            [62] => S8=>P77
            [63] => S9=>P77
            [64] => S10=>P77
            [65] => S5=>P78
            [66] => S6=>P78
            [67] => S7=>P78
            [68] => S8=>P78
            [69] => S9=>P78
            [70] => S10=>P78
            [71] => S2=>P80
            [72] => S4=>P80
            [73] => S5=>P80
            [74] => S6=>P80
            [75] => S7=>P80
            [76] => S8=>P80
            [77] => S9=>P80
            [78] => S10=>P80
        )

    [_raw_output] => 
<<< setup

0 0 -1 0 1 0,25 0,5 0,8 1 0 0 0 0 13
1 2 0 10000 1 0,25 0,5 0,8 1 0 20000 2000 1500 13
2 5 1 900 1 0,25 0,5 0,8 1 0 18812 1881,2 1500 13
3 7 1 890 1 0,25 0,5 0,8 1 0 17799 1779,9 1500 13
4 6 1 910 1 0,25 0,5 0,8 1 0 17616 1761,6 1500 13
5 4 1 860 2 0,25 0,5 0,8 1 0 17178 1717,8 1500 13
6 4 2 880 3 0,25 0,5 0,8 1 0 17044 1704,4 1500 13
7 3 2 800 2 0,25 0,5 0,8 1 0 15731 1573,1 1500 13
8 3 2 780 1 0,25 0,5 0,8 1 0 15412 1541,2 1500 13
9 3 3 790 2 0,25 0,5 0,8 1 0 13995 1399,5 1500 13
10 4 3 750 3 0,25 0,5 0,8 1 0 13604 1360,4 1500 13
11 3 4 690 2 0,25 0,5 0,8 1 0 13325 1332,5 1500 13
12 5 4 660 3 0,25 0,5 0,8 1 0 12379 1237,9 1500 13
13 5 5 600 8 0,25 0,5 0,8 1 0 11888 1188,8 1500 13
14 4 5 640 6 0,25 0,5 0,8 1 0 11691 1169,1 1500 13
15 2 5 700 2 0,25 0,5 0,8 1 0 10558 1055,8 1500 13
16 4 6 660 9 0,25 0,5 0,8 1 0 10353 1035,3 1500 13
17 6 6 580 6 0,25 0,5 0,8 1 0 10146 1014,6 1500 13
18 3 7 550 2 0,25 0,5 0,8 1 0 9525 952,5 1500 13
19 3 8 570 1 0,25 0,5 0,8 1 0 8714 871,4 1500 13
20 5 8 600 2 0,25 0,5 0,8 1 0 8520 852 1500 13
21 7 9 540 6 0,25 0,5 0,8 1 0 7944 794,4 1500 13
22 6 9 510 4 0,25 0,5 0,8 1 0 7813 781,3 1500 13
23 3 9 590 4 0,25 0,5 0,8 1 0 7420 742 1500 13
24 4 10 400 3 0,25 0,5 0,8 1 0 7325 732,5 1500 13
25 3 11 490 2 0,25 0,5 0,8 1 0 6676 667,6 1500 13
26 3 12 480 3 0,25 0,5 0,8 1 0 6224 622,4 1500 13
27 5 12 520 6 0,25 0,5 0,8 1 0 6108 610,8 1500 13
28 4 13 400 16 0,25 0,5 0,8 1 0 5852 585,2 1500 13
29 3 14 480 6 0,25 0,5 0,8 1 0 5689 568,9 1500 13
30 2 14 490 18 0,25 0,5 0,8 1 0 5169 516,9 1500 13
31 5 16 460 9 0,25 0,5 0,8 1 0 4902 490,2 1500 13
32 4 16 500 9 0,25 0,5 0,8 1 0 4579 457,9 1500 13
33 3 18 470 6 0,25 0,5 0,8 1 0 4126 412,6 1500 13
34 3 18 300 4 0,25 0,5 0,8 1 0 3724 372,4 1500 13
35 2 20 380 4 0,25 0,5 0,8 1 0 3380 338 1500 13
36 5 20 330 4 0,25 0,5 0,8 1 0 3249 324,9 1500 13
37 4 22 340 12 0,25 0,5 0,8 1 0 3231 323,1 1500 13
38 3 22 350 4 0,25 0,5 0,8 1 0 2970 297 1500 13
39 5 23 360 4 0,25 0,5 0,8 1 0 2907 290,7 1500 13
40 1 23 310 12 0,25 0,5 0,8 1 0 2849 284,9 1500 13
41 4 27 330 12 0,25 0,5 0,8 1 0 2622 262,2 1500 13
42 2 27 290 12 0,25 0,5 0,8 1 0 2367 236,7 1500 13
43 6 30 270 36 0,25 0,5 0,8 1 0 2134 213,4 1500 13
44 4 30 260 54 0,25 0,5 0,8 1 0 1933 193,3 1500 13
45 3 32 270 9 0,25 0,5 0,8 1 0 1763 176,3 1500 13
46 1 32 270 9 0,25 0,5 0,8 1 0 1697 169,7 1500 13
47 3 32 300 27 0,25 0,5 0,8 1 0 1668 166,8 1500 13
48 4 33 280 12 0,25 0,5 0,8 1 0 1520 152 1500 13
49 2 33 290 24 0,25 0,5 0,8 1 0 1482 148,2 1500 13
50 3 35 230 8 0,25 0,5 0,8 1 0 1472 147,2 1500 13
51 6 35 240 12 0,25 0,5 0,8 1 0 1386 138,6 1500 13
52 2 37 260 48 0,25 0,5 0,8 1 0 1280 128 1500 13
53 1 37 250 60 0,25 0,5 0,8 1 0 1190 119 1500 13
54 4 37 245 24 0,25 0,5 0,8 1 0 1168 116,8 1500 13
55 3 38 220 12 0,25 0,5 0,8 1 0 1059 105,9 1500 13
56 6 38 240 16 0,25 0,5 0,8 1 0 988 98,8 1500 13
57 2 38 250 20 0,25 0,5 0,8 1 0 892 89,2 1500 13
58 1 39 230 8 0,25 0,5 0,8 1 0 878 87,8 1500 13
59 4 39 270 12 0,25 0,5 0,8 1 0 800 80 1500 13
60 2 39 260 16 0,25 0,5 0,8 1 0 745 74,5 1500 13
61 3 40 200 60 0,25 0,5 0,8 1 0 744 74,4 1500 13
62 5 40 240 24 0,25 0,5 0,8 1 0 677 67,7 1500 13
63 1 46 210 27 0,25 0,5 0,8 1 0 667 66,7 1500 13
64 4 46 190 36 0,25 0,5 0,8 1 0 661 66,1 1500 13
65 8 50 240 40 0,25 0,5 0,8 1 0 641 64,1 1500 13
66 3 50 230 16 0,25 0,5 0,8 1 0 613 61,3 1500 13
67 4 50 200 24 0,25 0,5 0,8 1 0 567 56,7 1500 13
68 5 52 210 192 0,25 0,5 0,8 1 0 528 52,8 1500 13
69 3 59 180 60 0,25 0,5 0,8 1 0 504 50,4 1500 13
70 2 62 200 48 0,25 0,5 0,8 1 0 487 48,7 1500 13
71 3 64 190 108 0,25 0,5 0,8 1 0 452 45,2 1500 13
72 5 66 210 64 0,25 0,5 0,8 1 0 450 45 1500 13
73 2 67 180 120 0,25 0,5 0,8 1 0 441 44,1 1500 13
74 4 67 170 48 0,25 0,5 0,8 1 0 431 43,1 1500 13
75 2 69 150 180 0,25 0,5 0,8 1 0 408 40,8 1500 13
76 7 69 110 240 0,25 0,5 0,8 1 0 390 39 1500 13
77 3 73 50 600 0,25 0,5 0,8 1 0 366 36,6 1500 13
78 6 73 40 240 0,25 0,5 0,8 1 0 357 35,7 1500 13
79 5 74 30 144 0,25 0,5 0,8 1 0 346 34,6 1500 13
80 10 79 20 576 0,25 0,5 0,8 1 0 325 32,5 1500 13
Node nums: [0 1 2 3 4 5 6 7 8 9 10 11 12 13 14 15 16 17 18 19 20 21 22 23 24 25 26 27
     28 29 30 31 32 33 34 35 36 37 38 39 40 41 42 43 44 45 46 47 48 49 50 51
     52 53 54 55 56 57 58 59 60 61 62 63 64 65 66 67 68 69 70 71 72 73 74 75
     76 77 78 79 80]
xx-Data uploaded-xx
	**** start init su array ...
0 [0 0 0 0 0 0 0 0 0 0]
1 [0 0 0 0 0 0 0 0 0 0]
2 [0 0 0 0 0 0 0 0 0 0]
3 [0 0 0 0 0 0 0 0 0 0]
4 [0 0 0 0 0 0 0 0 0 0]
5 [0 0 0 0 0 0 0 0 0 0]
6 [0 0 0 0 0 0 0 0 0 0]
7 [0 0 0 0 0 0 0 0 0 0]
8 [0 0 0 0 0 0 0 0 0 0]
9 [0 0 0 0 0 0 0 0 0 0]
10 [0 0 0 0 0 0 0 0 0 0]
11 [0 0 0 0 0 0 0 0 0 0]
12 [0 0 0 0 0 0 0 0 0 0]
13 [0 0 0 0 0 0 0 0 0 0]
14 [0 0 0 0 0 0 0 0 0 0]
15 [1 1 1 1 1 1 1 1 1 1]
16 [0 0 0 0 0 0 0 0 0 0]
17 [1 1 1 1 1 1 1 1 1 1]
18 [0 0 0 0 0 0 0 0 0 0]
19 [1 1 1 1 1 1 1 1 1 1]
20 [0 0 0 0 0 0 0 0 0 0]
21 [1 1 1 1 1 1 1 1 1 1]
22 [0 0 0 0 0 0 0 0 0 0]
23 [0 0 0 0 0 0 0 0 0 0]
24 [1 1 1 1 1 1 1 1 1 1]
25 [1 1 1 1 1 1 1 1 1 1]
26 [1 1 1 1 1 1 1 1 1 1]
27 [0 0 0 0 0 0 0 0 0 0]
28 [1 1 1 1 1 1 1 1 1 1]
29 [1 1 1 1 1 1 1 1 1 1]
30 [0 0 0 0 0 0 0 0 0 0]
31 [1 1 1 1 1 1 1 1 1 1]
32 [0 0 0 0 0 0 0 0 0 0]
33 [0 0 0 0 0 0 0 0 0 0]
34 [1 1 1 1 1 1 1 1 1 1]
35 [0 0 0 0 0 0 0 0 0 0]
36 [1 1 1 1 1 1 1 1 1 1]
37 [0 0 0 0 0 0 0 0 0 0]
38 [0 0 0 0 0 0 0 0 0 0]
39 [0 0 0 0 0 0 0 0 0 0]
40 [0 0 0 0 0 0 0 0 0 0]
41 [1 1 1 1 1 1 1 1 1 1]
42 [1 1 1 1 1 1 1 1 1 1]
43 [1 1 1 1 1 1 1 1 1 1]
44 [1 1 1 1 1 1 1 1 1 1]
45 [1 1 1 1 1 1 1 1 1 1]
46 [0 0 0 0 0 0 0 0 0 0]
47 [1 1 1 1 1 1 1 1 1 1]
48 [1 1 1 1 1 1 1 1 1 1]
49 [1 1 1 1 1 1 1 1 1 1]
50 [0 0 0 0 0 0 0 0 0 0]
51 [1 1 1 1 1 1 1 1 1 1]
52 [0 0 0 0 0 0 0 0 0 0]
53 [1 1 1 1 1 1 1 1 1 1]
54 [1 1 1 1 1 1 1 1 1 1]
55 [1 1 1 1 1 1 1 1 1 1]
56 [1 1 1 1 1 1 1 1 1 1]
57 [1 1 1 1 1 1 1 1 1 1]
58 [1 1 1 1 1 1 1 1 1 1]
59 [0 0 0 0 0 0 0 0 0 0]
60 [1 1 1 1 1 1 1 1 1 1]
61 [1 1 1 1 1 1 1 1 1 1]
62 [0 0 0 0 0 0 0 0 0 0]
63 [1 1 1 1 1 1 1 1 1 1]
64 [0 0 0 0 0 0 0 0 0 0]
65 [1 1 1 1 1 1 1 1 1 1]
66 [0 0 0 0 0 0 0 0 0 0]
67 [0 0 0 0 0 0 0 0 0 0]
68 [1 1 1 1 1 1 1 1 1 1]
69 [0 0 0 0 0 0 0 0 0 0]
70 [1 1 1 1 1 1 1 1 1 1]
71 [1 1 1 1 1 1 1 1 1 1]
72 [1 1 1 1 1 1 1 1 1 1]
73 [0 0 0 0 0 0 0 0 0 0]
74 [0 0 0 0 0 0 0 0 0 0]
75 [1 1 1 1 1 1 1 1 1 1]
76 [1 1 1 1 1 1 1 1 1 1]
77 [1 1 1 1 1 1 1 1 1 1]
78 [1 1 1 1 1 1 1 1 1 1]
79 [0 0 0 0 0 0 0 0 0 0]
80 [1 1 1 1 1 1 1 1 1 1]
	**** end init su array ...
1 2 1 700 80 0.85 0.92 0.8 (9)9
2 2 0.9 800 75 0.82 0.90 0.9 (9)9
3 1 1.1 680 90 0.88 0.95 0.5 (9)9
4 1 1 480 100 0.86 0.93 0.6 (9)9
5 5 0.6 550 40 0.72 0.78 1.5 (9)9
6 6 0.5 650 45 0.70 0.75 2.0 (9)9
7 7 0.5 1100 40 0.68 0.72 2.5 (9)9
8 5 0.3 700 30 0.65 0.70 1.8 (9)9
9 9 0.2 1700 15 0.60 0.65 3.5 (9)9
10 1 0.8 5800 40 0.80 0.88 0.7 (9)9

<<< generate

Version identifier: 20.1.0.0 | 2020-11-10 | 9bedb6d68
CPXPARAM_TimeLimit                               1800
Tried aggregator 2 times.
MIP Presolve eliminated 33345 rows and 827 columns.
MIP Presolve added 792 rows and 396 columns.
MIP Presolve modified 283 coefficients.
Aggregator did 2 substitutions.
Reduced MIP has 1962 rows, 1430 columns, and 4706 nonzeros.
Reduced MIP has 475 binaries, 559 generals, 0 SOSs, and 0 indicators.
Presolve time = 0,02 sec. (25,05 ticks)
Found incumbent of value 2,2638149e+10 after 0,03 sec. (33,07 ticks)
Probing time = 0,00 sec. (0,38 ticks)
Cover probing fixed 0 vars, tightened 38 bounds.
Tried aggregator 1 time.
Detecting symmetries...
MIP Presolve eliminated 510 rows and 0 columns.
MIP Presolve modified 532 coefficients.
Reduced MIP has 1452 rows, 1430 columns, and 4082 nonzeros.
Reduced MIP has 475 binaries, 559 generals, 0 SOSs, and 0 indicators.
Presolve time = 0,00 sec. (3,14 ticks)
Classifier predicts products in MIQP should be linearized.
Probing time = 0,00 sec. (0,32 ticks)
Clique table members: 8.
MIP emphasis: balance optimality and feasibility.
MIP search method: dynamic search.
Parallel mode: deterministic, using up to 20 threads.
Root relaxation solution time = 0,02 sec. (3,92 ticks)

        Nodes                                         Cuts/
   Node  Left     Objective  IInf  Best Integer    Best Bound    ItCnt     Gap

*     0+    0                       2,26381e+10   418155,0000           100,00%
*     0+    0                       9,22533e+09   418155,0000           100,00%
*     0+    0                       7,69152e+09   418155,0000            99,99%
*     0+    0                       7,66840e+09   418155,0000            99,99%
      0     0  3308088,7987    33   7,66840e+09  3308088,7987      191   99,96%
      0     0  3321075,9402    30   7,66840e+09      Cuts: 22      215   99,96%
      0     0  3327783,3571    29   7,66840e+09      Cuts: 13      226   99,96%
      0     0  3328055,0000    17   7,66840e+09       Cuts: 4      231   99,96%
      0     0  3328055,0000    17   7,66840e+09       Cuts: 2      232   99,96%
*     0+    0                      3377374,0000  3328055,0000             1,46%

Implied bound cuts applied:  10
Flow cuts applied:  3
Mixed integer rounding cuts applied:  2
Lift and project cuts applied:  2
Gomory fractional cuts applied:  2

Root node processing (before b&c):
  Real time             =    0,11 sec. (76,33 ticks)
Parallel b&c, 20 threads:
  Real time             =    0,00 sec. (0,00 ticks)
  Sync time (average)   =    0,00 sec.
  Wait time (average)   =    0,00 sec.
                          ------------
Total (root+branch&cut) =    0,11 sec. (76,33 ticks)

<<< solve


OBJECTIVE: 3377374
xxxx
#Result <fct_obj, tot_cst, tot_ldt, Emiss>: <3.3774e+6 3.3759e+6 1454 2.5926e+9>#TS:3375920#A:[0,2,50,41,25,23,29,22,45,34,17,15,19,18,19,11,25,15,19,12,42,16,26,31,13,12,12,14,13,12,15,14,21,16,12,37,14,20,18,28,17,9,7,13,13,12,17,12,13,11,35,15,16,10,13,12,15,11,10,23,11,12,16,10,16,17,17,32,14,19,11,12,14,17,28,11,16,12,15,24,19]#X:[0,1,1,1,1,1,0,0,0,0,0,0,0,0,0,0,0,0,0,0,0,0,0,0,0,0,0,0,0,0,0,0,0,0,0,0,0,0,0,0,0,0,0,0,0,0,0,0,0,0,0,0,0,0,0,0,0,0,0,0,0,0,0,0,0,0,0,0,0,0,0,0,0,0,0,0,0,0,0,0,0]#E: 2592579835.400000095#DELIVER:
S9=>P15
S9=>P17
S9=>P19
S9=>P21
S9=>P24
S9=>P25
S9=>P26
S8=>P28
S9=>P28
S8=>P29
S9=>P29
S9=>P31
S9=>P34
S9=>P36
S8=>P41
S8=>P42
S5=>P43
S6=>P43
S7=>P43
S8=>P43
S6=>P44
S8=>P44
S9=>P44
S9=>P45
S9=>P47
S9=>P48
S9=>P49
S9=>P51
S9=>P53
S9=>P54
S9=>P55
S9=>P56
S9=>P57
S9=>P58
S9=>P60
S9=>P61
S9=>P63
S9=>P65
S6=>P68
S7=>P68
S8=>P68
S9=>P68
S9=>P70
S8=>P71
S9=>P71
S9=>P72
S6=>P75
S7=>P75
S8=>P75
S9=>P75
S5=>P76
S6=>P76
S7=>P76
S8=>P76
S9=>P76
S10=>P76
S1=>P77
S2=>P77
S4=>P77
S5=>P77
S6=>P77
S7=>P77
S8=>P77
S9=>P77
S10=>P77
S5=>P78
S6=>P78
S7=>P78
S8=>P78
S9=>P78
S10=>P78
S2=>P80
S4=>P80
S5=>P80
S6=>P80
S7=>P80
S8=>P80
S9=>P80
S10=>P80
xxxx

<<< post process


<<< done


)
