Array
(
    [CplexRunTime] => Total (root+branch&cut) =    0,00 sec
    [_raw_output] => 
<<< setup

0 0 -1 0 1 0,25 0,5 0,8 1 0 0 0 0 13
1 2 0 7500 1 0,25 0,5 0,8 1 0 15000 1500 1500 13
2 5 1 950 1 0,25 0,5 0,8 1 0 9800 980 1500 13
3 7 1 940 1 0,25 0,5 0,8 1 0 9100 910 1500 13
4 6 1 960 1 0,25 0,5 0,8 1 0 8500 850 1500 13
5 4 1 910 2 0,25 0,5 0,8 1 0 8400 840 1500 13
6 4 2 930 3 0,25 0,5 0,8 1 0 8300 830 1500 13
7 3 2 850 2 0,25 0,5 0,8 1 0 8100 810 1500 13
8 3 2 830 1 0,25 0,5 0,8 1 0 7500 750 1500 13
9 3 3 840 2 0,25 0,5 0,8 1 0 7400 740 1500 13
10 4 3 800 3 0,25 0,5 0,8 1 0 6700 670 1500 13
11 3 4 740 2 0,25 0,5 0,8 1 0 6650 665 1500 13
12 5 4 710 3 0,25 0,5 0,8 1 0 6600 660 1500 13
13 5 5 650 8 0,25 0,5 0,5 1 0 6500 650 1500 13
14 4 5 690 6 0,25 0,5 0,5 1 0 6100 610 1500 13
15 2 5 750 2 0,25 0,5 0,5 1 0 6090 609 1500 13
16 4 6 710 9 0,25 0,5 0,5 1 0 5920 592 1500 13
17 6 6 630 6 0,25 0,5 0,5 1 0 5780 578 1500 13
18 3 7 600 2 0,25 0,5 0,5 1 0 5700 570 1500 13
19 3 8 620 1 0,25 0,5 0,5 1 0 5580 558 1500 13
20 5 8 650 2 0,25 0,5 0,5 1 0 5360 536 1500 13
21 7 9 590 6 0,25 0,5 0,5 1 0 5160 516 1500 13
22 6 9 560 4 0,25 0,5 0,5 1 0 4830 483 1500 13
23 3 9 640 4 0,25 0,5 0,5 1 0 4450 445 1500 13
24 4 10 450 3 0,25 0,5 0,5 1 0 4310 431 1500 13
25 3 11 540 2 0,25 0,5 0,5 1 0 4020 402 1500 13
26 3 12 530 3 0,25 0,5 0,5 1 0 3700 370 1500 13
27 5 12 570 6 0,25 0,5 0,5 1 0 3590 359 1500 13
28 4 13 450 16 0,25 0,5 0,5 1 0 3400 340 1500 13
29 3 14 530 6 0,25 0,5 0,5 1 0 3280 328 1500 13
30 2 14 540 18 0,25 0,5 0,5 1 0 3020 302 1500 13
31 5 16 520 9 0,25 0,5 0,5 1 0 2840 284 1500 13
32 4 16 560 9 0,25 0,5 0,5 1 0 2650 265 1500 13
33 3 18 530 6 0,25 0,5 0,5 1 0 2510 251 1500 13
34 3 18 360 4 0,25 0,5 0,5 1 0 2410 241 1500 13
35 5 20 440 4 0,25 0,5 0,5 1 0 2260 226 1500 13
36 4 23 390 8 0,25 0,5 0,5 1 0 2100 210 1500 13
37 3 23 400 12 0,25 0,5 0,5 1 0 2100 210 1500 13
38 4 27 410 6 0,25 0,5 0,5 1 0 2010 201 1500 13
39 6 30 420 18 0,25 0,5 0,5 1 0 1860 186 1500 13
40 4 30 370 54 0,25 0,5 0,5 1 0 1820 182 1500 13
41 4 32 390 18 0,25 0,5 0,5 1 0 1680 168 1500 13
42 4 33 360 12 0,25 0,5 0,5 1 0 1570 157 1500 13
43 3 33 340 12 0,25 0,5 0,5 1 0 1550 155 1500 13
44 3 35 330 8 0,25 0,5 0,5 1 0 1500 150 1500 13
45 2 37 340 12 0,25 0,5 0,5 1 0 1400 140 1500 13
46 5 37 340 12 0,25 0,5 0,5 1 0 1370 137 1500 13
47 3 39 150 54 0,25 0,5 0,5 1 0 1320 132 1500 13
48 2 39 160 36 0,25 0,5 0,5 1 0 1220 122 1500 13
49 3 45 90 48 0,25 0,5 0,5 1 0 1120 112 1500 13
50 5 47 60 108 0,25 0,5 0,5 1 0 1090 109 1500 13
51 4 48 70 72 0,25 0,5 0,5 1 0 1050 105 1500 13
52 3 49 80 96 0,25 0,5 0,5 1 0 1000 100 1500 13
53 6 50 50 216 0,25 0,5 0,5 1 0 950 95 1500 13
54 2 51 65 144 0,25 0,5 0,5 1 0 920 92 1500 13
55 4 52 75 192 0,25 0,5 0,5 1 0 880 88 1500 13
56 5 53 45 432 0,25 0,5 0,5 1 0 850 85 1500 13
57 3 54 55 288 0,25 0,5 0,5 1 0 820 82 1500 13
58 6 55 60 384 0,25 0,5 0,5 1 0 790 79 1500 13
59 2 56 40 797 0,25 0,5 0,5 1 0 760 76 1500 13
60 4 57 35 576 0,25 0,5 0,5 1 0 730 73 1500 13
61 3 58 42 768 0,25 0,5 0,5 1 0 700 70 1500 13
62 5 59 38 797 0,25 0,5 0,5 1 0 670 67 1500 13
63 2 60 32 797 0,25 0,5 0,5 1 0 640 64 1500 13
64 4 61 28 797 0,25 0,5 0,5 1 0 610 61 1500 13
65 6 62 25 797 0,25 0,5 0,5 1 0 580 58 1500 13
66 3 63 30 797 0,25 0,5 0,5 1 0 550 55 1500 13
67 5 64 22 797 0,25 0,5 0,5 1 0 520 52 1500 13
68 2 65 20 797 0,25 0,5 0,5 1 0 490 49 1500 13
69 4 66 18 797 0,25 0,5 0,5 1 0 460 46 1500 13
70 6 67 15 797 0,25 0,5 0,5 1 0 430 43 1500 13
71 3 68 12 797 0,25 0,5 0,5 1 0 400 40 1500 13
72 5 69 10 797 0,25 0,5 0,5 1 0 370 37 1500 13
73 2 70 8 797 0,25 0,5 0,5 1 0 340 34 1500 13
74 4 71 6 797 0,25 0,5 0,5 1 0 310 31 1500 13
75 6 72 5 797 0,25 0,5 0,5 1 0 280 28 1500 13
76 3 73 4 797 0,25 0,5 0,5 1 0 250 25 1500 13
77 5 74 3 797 0,25 0,5 0,5 1 0 220 22 1500 13
78 2 75 2 797 0,25 0,5 0,5 1 0 190 19 1500 13
79 4 76 1 797 0,25 0,5 0,5 1 0 160 16 1500 13
80 6 77 1 797 0,25 0,5 0,5 1 0 130 13 1500 13
81 3 78 1 797 0,25 0,5 0,5 1 0 100 10 1500 13
82 5 79 1 797 0,25 0,5 0,5 1 0 70 7 1500 13
83 2 80 1 797 0,25 0,5 0,5 1 0 40 4 1500 13
84 4 81 1 797 0,25 0,5 0,5 1 0 30 3 1500 13
85 6 82 1 797 0,25 0,5 0,5 1 0 20 2 1500 13
86 3 83 1 797 0,25 0,5 0,5 1 0 15 1,5 1500 13
87 5 84 1 797 0,25 0,5 0,5 1 0 10 1 1500 13
88 2 85 1 797 0,25 0,5 0,5 1 0 8 0,8 1500 13
89 4 86 1 797 0,25 0,5 0,5 1 0 5 0,5 1500 13
90 6 87 1 797 0,25 0,5 0,5 1 0 3 0,3 1500 13
Node nums: [0 1 2 3 4 5 6 7 8 9 10 11 12 13 14 15 16 17 18 19 20 21 22 23 24 25 26 27
     28 29 30 31 32 33 34 35 36 37 38 39 40 41 42 43 44 45 46 47 48 49 50 51
     52 53 54 55 56 57 58 59 60 61 62 63 64 65 66 67 68 69 70 71 72 73 74 75
     76 77 78 79 80 81 82 83 84 85 86 87 88 89 90]
xx-Data uploaded-xx
	**** start init su array ...
0 [0 0 0 0 0 0 0 0 0 0]
1 [0 0 0 0 0 0 0 0 0 0]
2 [0 0 0 0 0 0 0 0 0 0]
3 [0 0 0 0 0 0 0 0 0 0]
4 [0 0 0 0 0 0 0 0 0 0]
5 [0 0 0 0 0 0 0 0 0 0]
6 [0 0 0 0 0 0 0 0 0 0]
7 [0 0 0 0 0 0 0 0 0 0]
8 [0 0 0 0 0 0 0 0 0 0]
9 [0 0 0 0 0 0 0 0 0 0]
10 [0 0 0 0 0 0 0 0 0 0]
11 [0 0 0 0 0 0 0 0 0 0]
12 [0 0 0 0 0 0 0 0 0 0]
13 [0 0 0 0 0 0 0 0 0 0]
14 [0 0 0 0 0 0 0 0 0 0]
15 [1 1 1 1 1 1 1 1 1 1]
16 [0 0 0 0 0 0 0 0 0 0]
17 [1 1 1 1 1 1 1 1 1 1]
18 [0 0 0 0 0 0 0 0 0 0]
19 [1 1 1 1 1 1 1 1 1 1]
20 [0 0 0 0 0 0 0 0 0 0]
21 [1 1 1 1 1 1 1 1 1 1]
22 [1 1 1 1 1 1 1 1 1 1]
23 [0 0 0 0 0 0 0 0 0 0]
24 [1 1 1 1 1 1 1 1 1 1]
25 [1 1 1 1 1 1 1 1 1 1]
26 [1 1 1 1 1 1 1 1 1 1]
27 [0 0 0 0 0 0 0 0 0 0]
28 [1 1 1 1 1 1 1 1 1 1]
29 [1 1 1 1 1 1 1 1 1 1]
30 [0 0 0 0 0 0 0 0 0 0]
31 [1 1 1 1 1 1 1 1 1 1]
32 [0 0 0 0 0 0 0 0 0 0]
33 [0 0 0 0 0 0 0 0 0 0]
34 [1 1 1 1 1 1 1 1 1 1]
35 [0 0 0 0 0 0 0 0 0 0]
36 [1 1 1 1 1 1 1 1 1 1]
37 [0 0 0 0 0 0 0 0 0 0]
38 [1 1 1 1 1 1 1 1 1 1]
39 [0 0 0 0 0 0 0 0 0 0]
40 [1 1 1 1 1 1 1 1 1 1]
41 [1 1 1 1 1 1 1 1 1 1]
42 [1 1 1 1 1 1 1 1 1 1]
43 [1 1 1 1 1 1 1 1 1 1]
44 [1 1 1 1 1 1 1 1 1 1]
45 [1 1 1 1 1 1 1 1 1 1]
46 [1 1 1 1 1 1 1 1 1 1]
47 [1 1 1 1 1 1 1 1 1 1]
48 [1 1 1 1 1 1 1 1 1 1]
49 [1 1 1 1 1 1 1 1 1 1]
50 [0 0 0 0 0 0 0 0 0 0]
51 [1 1 1 1 1 1 1 1 1 1]
52 [0 0 0 0 0 0 0 0 0 0]
53 [1 1 1 1 1 1 1 1 1 1]
54 [1 1 1 1 1 1 1 1 1 1]
55 [1 1 1 1 1 1 1 1 1 1]
56 [1 1 1 1 1 1 1 1 1 1]
57 [1 1 1 1 1 1 1 1 1 1]
58 [1 1 1 1 1 1 1 1 1 1]
59 [1 1 1 1 1 1 1 1 1 1]
60 [1 1 1 1 1 1 1 1 1 1]
61 [1 1 1 1 1 1 1 1 1 1]
62 [1 1 1 1 1 1 1 1 1 1]
63 [1 1 1 1 1 1 1 1 1 1]
64 [1 1 1 1 1 1 1 1 1 1]
65 [1 1 1 1 1 1 1 1 1 1]
66 [1 1 1 1 1 1 1 1 1 1]
67 [1 1 1 1 1 1 1 1 1 1]
68 [1 1 1 1 1 1 1 1 1 1]
69 [1 1 1 1 1 1 1 1 1 1]
70 [1 1 1 1 1 1 1 1 1 1]
71 [1 1 1 1 1 1 1 1 1 1]
72 [1 1 1 1 1 1 1 1 1 1]
73 [1 1 1 1 1 1 1 1 1 1]
74 [1 1 1 1 1 1 1 1 1 1]
75 [1 1 1 1 1 1 1 1 1 1]
76 [1 1 1 1 1 1 1 1 1 1]
77 [1 1 1 1 1 1 1 1 1 1]
78 [1 1 1 1 1 1 1 1 1 1]
79 [1 1 1 1 1 1 1 1 1 1]
80 [1 1 1 1 1 1 1 1 1 1]
81 [1 1 1 1 1 1 1 1 1 1]
82 [1 1 1 1 1 1 1 1 1 1]
83 [1 1 1 1 1 1 1 1 1 1]
84 [1 1 1 1 1 1 1 1 1 1]
85 [1 1 1 1 1 1 1 1 1 1]
86 [1 1 1 1 1 1 1 1 1 1]
87 [1 1 1 1 1 1 1 1 1 1]
88 [1 1 1 1 1 1 1 1 1 1]
89 [1 1 1 1 1 1 1 1 1 1]
90 [1 1 1 1 1 1 1 1 1 1]
	**** end init su array ...
1 2 1 700 80 0.85 0.92 0.8 (9)9
2 2 0.9 800 75 0.82 0.90 0.9 (9)9
3 1 1.1 680 90 0.88 0.95 0.5 (9)9
4 1 1 480 100 0.86 0.93 0.6 (9)9
5 5 0.6 550 40 0.72 0.78 1.5 (9)9
6 6 0.5 650 45 0.70 0.75 2.0 (9)9
7 7 0.5 1100 40 0.68 0.72 2.5 (9)9
8 5 0.3 700 30 0.65 0.70 1.8 (9)9
9 9 0.2 1700 15 0.60 0.65 3.5 (9)9
10 1 0.8 5800 40 0.80 0.88 0.7 (9)9

<<< generate

Version identifier: 20.1.0.0 | 2020-11-10 | 9bedb6d68
CPXPARAM_TimeLimit                               1800
Row 'ct9(88)' infeasible, all entries at implied bounds.
Presolve time = 0,00 sec. (5,54 ticks)

Root node processing (before b&c):
  Real time             =    0,00 sec. (8,02 ticks)
Parallel b&c, 20 threads:
  Real time             =    0,00 sec. (0,00 ticks)
  Sync time (average)   =    0,00 sec.
  Wait time (average)   =    0,00 sec.
                          ------------
Total (root+branch&cut) =    0,00 sec. (8,02 ticks)

<<< solve


<<< no solution


    [_is_infeasible] => 1
)
