Array
(
    [CplexRunTime] => Total (root+branch&cut) =    0,44 sec
    [Result] => Array
        (
            [Objective] => fct_obj.
            [ServiceCost] => tot_cst.
            [LateDeliveries] => tot_ldt.
            [Emissions] => Emiss
        )

    [TS] => 78984
    [A] => Array
        (
            [0] => 0
            [1] => 5
            [2] => 3
            [3] => 3
            [4] => 3
            [5] => 3
            [6] => 3
            [7] => 2
            [8] => 7
            [9] => 3
            [10] => 13
            [11] => 8
        )

    [X] => Array
        (
            [0] => 0
            [1] => 1
            [2] => 0
            [3] => 0
            [4] => 0
            [5] => 0
            [6] => 0
            [7] => 1
            [8] => 1
            [9] => 0
            [10] => 1
            [11] => 0
        )

    [E] => 8148140
    [DELIVER] => Array
        (
            [0] => S4=>P2
            [1] => S10=>P2
            [2] => S4=>P3
            [3] => S10=>P3
            [4] => S4=>P4
            [5] => S10=>P4
            [6] => S4=>P5
            [7] => S10=>P5
            [8] => S10=>P6
            [9] => S1=>P11
            [10] => S2=>P11
            [11] => S4=>P11
            [12] => S10=>P11
        )

    [_raw_output] => 
<<< setup

0 0 -1 0 0 0.25 0.5 0.8 1 0 0 0 0  14
1 2 0 720 1 0.25 0.5 0.8 1 0 7200 720 1500  14
2 2 1 150 1 0.25 0.5 0.8 1 0 4500 450 1500  14
3 2 1 140 1 0.25 0.5 0.8 1 0 4400 440 1500  14
4 2 1 130 1 0.25 0.5 0.8 1 0 4300 430 1500  14
5 2 1 125 1 0.25 0.5 0.8 1 0 4200 420 1500  14
6 2 1 120 1 0.25 0.5 0.8 1 0 4100 410 1500  14
7 2 0 680 1 0.25 0.5 0.8 1 0 6800 680 1500  14
8 4 7 160 1 0.25 0.5 0.8 1 0 4800 480 1500  14
9 3 8 95 2 0.25 0.5 0.8 1 0 3200 320 1500  14
10 5 9 25 6 0.25 0.5 0.8 1 0 3000 300 1500  14
11 6 10 18 12 0.25 0.5 0.8 1 0 2800 280 1500  14
Node nums: [0 1 2 3 4 5 6 7 8 9 10 11]
xx-Data uploaded-xx
	**** start init su array ...
0 [0 0 0 0 0 0 0 0 0 0]
1 [0 0 0 0 0 0 0 0 0 0]
2 [1 1 1 1 1 1 1 1 1 1]
3 [1 1 1 1 1 1 1 1 1 1]
4 [1 1 1 1 1 1 1 1 1 1]
5 [1 1 1 1 1 1 1 1 1 1]
6 [1 1 1 1 1 1 1 1 1 1]
7 [0 0 0 0 0 0 0 0 0 0]
8 [0 0 0 0 0 0 0 0 0 0]
9 [0 0 0 0 0 0 0 0 0 0]
10 [0 0 0 0 0 0 0 0 0 0]
11 [1 1 1 1 1 1 1 1 1 1]
	**** end init su array ...
1 2 1 100 80 0.85 0.92 0.8 (9)9
2 2 0.9 60 75 0.82 0.90 0.9 (9)9
3 1 1.1 80 90 0.88 0.95 0.5 (9)9
4 1 1 80 100 0.86 0.93 0.6 (9)9
5 5 0.6 50 40 0.72 0.78 1.5 (9)9
6 6 0.5 60 45 0.70 0.75 2.0 (9)9
7 7 0.5 80 40 0.68 0.72 2.5 (9)9
8 5 0.3 25 30 0.65 0.70 1.8 (9)9
9 9 0.2 250 15 0.60 0.65 3.5 (9)9
10 1 0.8 30 40 0.80 0.88 0.7 (9)9

<<< generate

Version identifier: 20.1.0.0 | 2020-11-10 | 9bedb6d68
CPXPARAM_TimeLimit                               1800
Tried aggregator 2 times.
MIP Presolve eliminated 812 rows and 124 columns.
MIP Presolve added 120 rows and 60 columns.
MIP Presolve modified 54 coefficients.
Aggregator did 3 substitutions.
Reduced MIP has 288 rows, 209 columns, and 690 nonzeros.
Reduced MIP has 69 binaries, 80 generals, 0 SOSs, and 0 indicators.
Presolve time = 0,00 sec. (1,09 ticks)
Found incumbent of value 7,0906722e+07 after 0,00 sec. (1,87 ticks)
Probing time = 0,00 sec. (0,05 ticks)
Cover probing fixed 0 vars, tightened 10 bounds.
Tried aggregator 1 time.
MIP Presolve eliminated 123 rows and 43 columns.
MIP Presolve modified 70 coefficients.
Reduced MIP has 165 rows, 166 columns, and 470 nonzeros.
Reduced MIP has 55 binaries, 61 generals, 0 SOSs, and 0 indicators.
Presolve time = 0,00 sec. (0,29 ticks)
Probing time = 0,00 sec. (0,03 ticks)
Tried aggregator 1 time.
Detecting symmetries...
Reduced MIP has 165 rows, 166 columns, and 470 nonzeros.
Reduced MIP has 55 binaries, 61 generals, 0 SOSs, and 0 indicators.
Presolve time = 0,00 sec. (0,33 ticks)
Classifier predicts products in MIQP should be linearized.
Probing time = 0,00 sec. (0,03 ticks)
MIP emphasis: balance optimality and feasibility.
MIP search method: dynamic search.
Parallel mode: deterministic, using up to 20 threads.
Root relaxation solution time = 0,00 sec. (0,63 ticks)

        Nodes                                         Cuts/
   Node  Left     Objective  IInf  Best Integer    Best Bound    ItCnt     Gap

*     0+    0                       4,76443e+07    51114,0000            99,89%
      0     0    77715,6262    70   4,76443e+07    77715,6262       70   99,84%
*     0+    0                        90482,0000    77715,6262            14,11%
      0     0    77928,6174    85    90482,0000     Fract: 10      100   13,87%
      0     0    78501,4748    84    90482,0000      Cuts: 59      148   13,24%
      0     0    78605,1153    90    90482,0000      Cuts: 51      198   13,13%
*     0+    0                        79037,0000    78605,1153             0,55%
      0     0        cutoff          79037,0000                    201    0,00%
Elapsed time = 0,63 sec. (11,89 ticks, tree = 0,01 MB, solutions = 5)

Implied bound cuts applied:  51
Mixed integer rounding cuts applied:  8
Zero-half cuts applied:  13
Gomory fractional cuts applied:  8

Root node processing (before b&c):
  Real time             =    0,63 sec. (11,91 ticks)
Parallel b&c, 20 threads:
  Real time             =    0,00 sec. (0,00 ticks)
  Sync time (average)   =    0,00 sec.
  Wait time (average)   =    0,00 sec.
                          ------------
Total (root+branch&cut) =    0,63 sec. (11,91 ticks)

<<< solve


OBJECTIVE: 79037
xxxx
#Result <fct_obj, tot_cst, tot_ldt, Emiss>: <79037 78984 53 8.1481e+6>#TS:78984#A:[0,5,3,3,3,3,3,2,7,3,13,8]#X:[0,1,0,0,0,0,0,1,1,0,1,0]#E: 8148140#DELIVER:
S4=>P2
S10=>P2
S4=>P3
S10=>P3
S4=>P4
S10=>P4
S4=>P5
S10=>P5
S10=>P6
S1=>P11
S2=>P11
S4=>P11
S10=>P11
xxxx

<<< post process


<<< done


)
