Array
(
    [CplexRunTime] => Total (root+branch&cut) =   20,66 sec
    [Result] => Array
        (
            [Objective] => fct_obj.
            [ServiceCost] => tot_cst.
            [LateDeliveries] => tot_ldt.
            [Emissions] => Emiss
        )

    [TS] => 583456
    [A] => Array
        (
            [0] => 0
            [1] => 2
            [2] => 26
            [3] => 24
            [4] => 22
            [5] => 22
            [6] => 21
            [7] => 21
            [8] => 16
            [9] => 17
            [10] => 16
            [11] => 15
            [12] => 17
            [13] => 17
            [14] => 18
            [15] => 18
            [16] => 11
            [17] => 10
            [18] => 11
            [19] => 11
            [20] => 12
            [21] => 11
            [22] => 11
            [23] => 12
            [24] => 12
            [25] => 11
            [26] => 11
            [27] => 11
            [28] => 12
            [29] => 14
            [30] => 15
            [31] => 12
            [32] => 5
            [33] => 6
            [34] => 4
            [35] => 3
            [36] => 6
            [37] => 7
            [38] => 5
            [39] => 8
            [40] => 6
            [41] => 7
            [42] => 5
            [43] => 4
            [44] => 6
            [45] => 7
            [46] => 9
            [47] => 8
            [48] => 6
            [49] => 7
            [50] => 5
            [51] => 4
            [52] => 6
            [53] => 7
            [54] => 5
            [55] => 8
            [56] => 6
            [57] => 7
            [58] => 5
            [59] => 8
            [60] => 10
            [61] => 11
            [62] => 9
            [63] => 8
            [64] => 6
            [65] => 7
            [66] => 5
            [67] => 4
            [68] => 6
            [69] => 7
            [70] => 5
        )

    [X] => Array
        (
            [0] => 0
            [1] => 1
            [2] => 1
            [3] => 1
            [4] => 0
            [5] => 0
            [6] => 0
            [7] => 0
            [8] => 0
            [9] => 0
            [10] => 0
            [11] => 0
            [12] => 0
            [13] => 0
            [14] => 0
            [15] => 0
            [16] => 0
            [17] => 0
            [18] => 0
            [19] => 0
            [20] => 0
            [21] => 0
            [22] => 0
            [23] => 0
            [24] => 0
            [25] => 0
            [26] => 0
            [27] => 0
            [28] => 0
            [29] => 0
            [30] => 0
            [31] => 0
            [32] => 0
            [33] => 0
            [34] => 0
            [35] => 0
            [36] => 0
            [37] => 0
            [38] => 0
            [39] => 0
            [40] => 0
            [41] => 0
            [42] => 0
            [43] => 0
            [44] => 0
            [45] => 0
            [46] => 0
            [47] => 0
            [48] => 0
            [49] => 0
            [50] => 0
            [51] => 0
            [52] => 0
            [53] => 0
            [54] => 0
            [55] => 0
            [56] => 0
            [57] => 0
            [58] => 0
            [59] => 0
            [60] => 0
            [61] => 0
            [62] => 0
            [63] => 0
            [64] => 1
            [65] => 1
            [66] => 1
            [67] => 1
            [68] => 1
            [69] => 1
            [70] => 1
        )

    [E] => 32567175
    [DELIVER] => Array
        (
            [0] => S10=>P36
            [1] => S10=>P37
            [2] => S10=>P38
            [3] => S8=>P39
            [4] => S4=>P40
            [5] => S10=>P40
            [6] => S10=>P41
            [7] => S10=>P42
            [8] => S10=>P43
            [9] => S10=>P44
            [10] => S10=>P45
            [11] => S8=>P46
            [12] => S8=>P47
            [13] => S10=>P48
            [14] => S10=>P49
            [15] => S4=>P50
            [16] => S10=>P50
            [17] => S10=>P51
            [18] => S10=>P52
            [19] => S10=>P53
            [20] => S3=>P54
            [21] => S10=>P54
            [22] => S8=>P55
            [23] => S4=>P56
            [24] => S10=>P56
            [25] => S4=>P57
            [26] => S10=>P57
            [27] => S4=>P58
            [28] => S10=>P58
            [29] => S8=>P59
            [30] => S8=>P60
            [31] => S8=>P61
            [32] => S3=>P62
            [33] => S4=>P62
            [34] => S8=>P62
            [35] => S10=>P62
            [36] => S3=>P63
            [37] => S4=>P63
            [38] => S8=>P63
            [39] => S10=>P63
            [40] => S10=>P64
            [41] => S10=>P65
            [42] => S10=>P66
            [43] => S10=>P67
            [44] => S10=>P68
            [45] => S10=>P69
            [46] => S10=>P70
        )

    [_raw_output] => 
<<< setup

0 0 -1 0 1 0,25 0,5 0,8 1 0 0 0 0 13
1 2 0 5000 1 0,25 0,5 0,8 1 0 10000 1000 1500 13
2 4 1 1100 1 0,25 0,5 0,8 1 0 9200 920 1500 13
3 3 1 1080 1 0,25 0,5 0,8 1 0 9000 900 1500 13
4 5 2 1060 1 0,25 0,5 0,8 1 0 8800 880 1500 13
5 6 2 1040 1 0,25 0,5 0,8 1 0 8600 860 1500 13
6 4 3 1020 1 0,25 0,5 0,8 1 0 8400 840 1500 13
7 3 3 1000 1 0,25 0,5 0,8 1 0 8200 820 1500 13
8 5 4 980 1 0,25 0,5 0,8 1 0 8000 800 1500 13
9 6 4 960 1 0,25 0,5 0,8 1 0 7800 780 1500 13
10 4 5 940 1 0,25 0,5 0,8 1 0 7600 760 1500 13
11 3 5 920 1 0,25 0,5 0,8 1 0 7400 740 1500 13
12 5 6 900 1 0,25 0,5 0,8 1 0 7200 720 1500 13
13 6 6 880 1 0,25 0,5 0,8 1 0 7000 700 1500 13
14 4 7 860 1 0,25 0,5 0,8 1 0 6800 680 1500 13
15 3 7 840 1 0,25 0,5 0,8 1 0 6600 660 1500 13
16 5 8 820 1 0,25 0,5 0,8 1 0 6400 640 1500 13
17 6 8 800 1 0,25 0,5 0,8 1 0 6200 620 1500 13
18 4 9 780 1 0,25 0,5 0,8 1 0 6000 600 1500 13
19 3 9 760 1 0,25 0,5 0,8 1 0 5800 580 1500 13
20 5 10 740 1 0,25 0,5 0,8 1 0 5600 560 1500 13
21 6 10 720 1 0,25 0,5 0,8 1 0 5400 540 1500 13
22 4 11 700 1 0,25 0,5 0,8 1 0 5200 520 1500 13
23 3 11 680 1 0,25 0,5 0,8 1 0 5000 500 1500 13
24 5 12 660 1 0,25 0,5 0,8 1 0 4800 480 1500 13
25 6 12 640 1 0,25 0,5 0,8 1 0 4600 460 1500 13
26 4 13 620 1 0,25 0,5 0,8 1 0 4400 440 1500 13
27 3 13 600 1 0,25 0,5 0,8 1 0 4200 420 1500 13
28 5 14 580 1 0,25 0,5 0,8 1 0 4000 400 1500 13
29 6 14 560 1 0,25 0,5 0,8 1 0 3800 380 1500 13
30 4 15 540 1 0,25 0,5 0,8 1 0 3600 360 1500 13
31 3 15 520 1 0,25 0,5 0,8 1 0 3400 340 1500 13
32 5 16 500 1 0,25 0,5 0,8 1 0 3200 320 1500 13
33 6 16 480 1 0,25 0,5 0,8 1 0 3000 300 1500 13
34 4 17 460 1 0,25 0,5 0,8 1 0 2800 280 1500 13
35 3 17 440 1 0,25 0,5 0,8 1 0 2600 260 1500 13
36 5 18 420 1 0,25 0,5 0,8 1 0 2400 240 1500 13
37 6 18 400 1 0,25 0,5 0,8 1 0 2200 220 1500 13
38 4 19 380 1 0,25 0,5 0,8 1 0 2000 200 1500 13
39 3 19 360 1 0,25 0,5 0,8 1 0 1800 180 1500 13
40 5 20 340 1 0,25 0,5 0,8 1 0 1600 160 1500 13
41 6 20 320 1 0,25 0,5 0,8 1 0 1400 140 1500 13
42 4 21 300 1 0,25 0,5 0,8 1 0 1200 120 1500 13
43 3 21 280 1 0,25 0,5 0,8 1 0 1000 100 1500 13
44 5 22 260 1 0,25 0,5 0,8 1 0 800 80 1500 13
45 6 22 240 1 0,25 0,5 0,8 1 0 600 60 1500 13
46 4 23 220 1 0,25 0,5 0,8 1 0 400 40 1500 13
47 3 23 200 1 0,25 0,5 0,8 1 0 300 30 1500 13
48 5 24 180 1 0,25 0,5 0,8 1 0 200 20 1500 13
49 6 24 160 1 0,25 0,5 0,8 1 0 150 15 1500 13
50 4 25 140 1 0,25 0,5 0,8 1 0 100 10 1500 13
51 3 25 120 1 0,25 0,5 0,8 1 0 80 8 1500 13
52 5 26 100 1 0,25 0,5 0,8 1 0 50 5 1500 13
53 6 26 80 1 0,25 0,5 0,8 1 0 30 3 1500 13
54 4 27 60 1 0,25 0,5 0,8 1 0 20 2 1500 13
55 3 27 40 1 0,25 0,5 0,8 1 0 15 1,5 1500 13
56 5 28 30 1 0,25 0,5 0,8 1 0 12 1,2 1500 13
57 6 28 20 1 0,25 0,5 0,8 1 0 10 1 1500 13
58 4 29 15 1 0,25 0,5 0,8 1 0 8 0,8 1500 13
59 3 29 10 1 0,25 0,5 0,8 1 0 5 0,5 1500 13
60 5 30 8 1 0,25 0,5 0,8 1 0 3 0,3 1500 13
61 6 30 5 1 0,25 0,5 0,8 1 0 2 0,2 1500 13
62 4 31 3 1 0,25 0,5 0,8 1 0 1 0,1 1500 13
63 3 31 2 1 0,25 0,5 0,8 1 0 1 0,1 1500 13
64 5 32 1 1 0,25 0,5 0,8 1 0 1 0,1 1500 13
65 6 32 1 1 0,25 0,5 0,8 1 0 1 0,1 1500 13
66 4 33 1 1 0,25 0,5 0,8 1 0 1 0,1 1500 13
67 3 33 1 1 0,25 0,5 0,8 1 0 1 0,1 1500 13
68 5 34 1 1 0,25 0,5 0,8 1 0 1 0,1 1500 13
69 6 34 1 1 0,25 0,5 0,8 1 0 1 0,1 1500 13
70 4 35 1 1 0,25 0,5 0,8 1 0 1 0,1 1500 13
Node nums: [0 1 2 3 4 5 6 7 8 9 10 11 12 13 14 15 16 17 18 19 20 21 22 23 24 25 26 27
     28 29 30 31 32 33 34 35 36 37 38 39 40 41 42 43 44 45 46 47 48 49 50 51
     52 53 54 55 56 57 58 59 60 61 62 63 64 65 66 67 68 69 70]
xx-Data uploaded-xx
	**** start init su array ...
0 [0 0 0 0 0 0 0 0 0 0]
1 [0 0 0 0 0 0 0 0 0 0]
2 [0 0 0 0 0 0 0 0 0 0]
3 [0 0 0 0 0 0 0 0 0 0]
4 [0 0 0 0 0 0 0 0 0 0]
5 [0 0 0 0 0 0 0 0 0 0]
6 [0 0 0 0 0 0 0 0 0 0]
7 [0 0 0 0 0 0 0 0 0 0]
8 [0 0 0 0 0 0 0 0 0 0]
9 [0 0 0 0 0 0 0 0 0 0]
10 [0 0 0 0 0 0 0 0 0 0]
11 [0 0 0 0 0 0 0 0 0 0]
12 [0 0 0 0 0 0 0 0 0 0]
13 [0 0 0 0 0 0 0 0 0 0]
14 [0 0 0 0 0 0 0 0 0 0]
15 [0 0 0 0 0 0 0 0 0 0]
16 [0 0 0 0 0 0 0 0 0 0]
17 [0 0 0 0 0 0 0 0 0 0]
18 [0 0 0 0 0 0 0 0 0 0]
19 [0 0 0 0 0 0 0 0 0 0]
20 [0 0 0 0 0 0 0 0 0 0]
21 [0 0 0 0 0 0 0 0 0 0]
22 [0 0 0 0 0 0 0 0 0 0]
23 [0 0 0 0 0 0 0 0 0 0]
24 [0 0 0 0 0 0 0 0 0 0]
25 [0 0 0 0 0 0 0 0 0 0]
26 [0 0 0 0 0 0 0 0 0 0]
27 [0 0 0 0 0 0 0 0 0 0]
28 [0 0 0 0 0 0 0 0 0 0]
29 [0 0 0 0 0 0 0 0 0 0]
30 [0 0 0 0 0 0 0 0 0 0]
31 [0 0 0 0 0 0 0 0 0 0]
32 [0 0 0 0 0 0 0 0 0 0]
33 [0 0 0 0 0 0 0 0 0 0]
34 [0 0 0 0 0 0 0 0 0 0]
35 [0 0 0 0 0 0 0 0 0 0]
36 [1 1 1 1 1 1 1 1 1 1]
37 [1 1 1 1 1 1 1 1 1 1]
38 [1 1 1 1 1 1 1 1 1 1]
39 [1 1 1 1 1 1 1 1 1 1]
40 [1 1 1 1 1 1 1 1 1 1]
41 [1 1 1 1 1 1 1 1 1 1]
42 [1 1 1 1 1 1 1 1 1 1]
43 [1 1 1 1 1 1 1 1 1 1]
44 [1 1 1 1 1 1 1 1 1 1]
45 [1 1 1 1 1 1 1 1 1 1]
46 [1 1 1 1 1 1 1 1 1 1]
47 [1 1 1 1 1 1 1 1 1 1]
48 [1 1 1 1 1 1 1 1 1 1]
49 [1 1 1 1 1 1 1 1 1 1]
50 [1 1 1 1 1 1 1 1 1 1]
51 [1 1 1 1 1 1 1 1 1 1]
52 [1 1 1 1 1 1 1 1 1 1]
53 [1 1 1 1 1 1 1 1 1 1]
54 [1 1 1 1 1 1 1 1 1 1]
55 [1 1 1 1 1 1 1 1 1 1]
56 [1 1 1 1 1 1 1 1 1 1]
57 [1 1 1 1 1 1 1 1 1 1]
58 [1 1 1 1 1 1 1 1 1 1]
59 [1 1 1 1 1 1 1 1 1 1]
60 [1 1 1 1 1 1 1 1 1 1]
61 [1 1 1 1 1 1 1 1 1 1]
62 [1 1 1 1 1 1 1 1 1 1]
63 [1 1 1 1 1 1 1 1 1 1]
64 [1 1 1 1 1 1 1 1 1 1]
65 [1 1 1 1 1 1 1 1 1 1]
66 [1 1 1 1 1 1 1 1 1 1]
67 [1 1 1 1 1 1 1 1 1 1]
68 [1 1 1 1 1 1 1 1 1 1]
69 [1 1 1 1 1 1 1 1 1 1]
70 [1 1 1 1 1 1 1 1 1 1]
	**** end init su array ...
1 2 1 700 80 0.85 0.92 0.8 (9)9
2 2 0.9 800 75 0.82 0.90 0.9 (9)9
3 1 1.1 680 90 0.88 0.95 0.5 (9)9
4 1 1 480 100 0.86 0.93 0.6 (9)9
5 5 0.6 550 40 0.72 0.78 1.5 (9)9
6 6 0.5 650 45 0.70 0.75 2.0 (9)9
7 7 0.5 1100 40 0.68 0.72 2.5 (9)9
8 5 0.3 700 30 0.65 0.70 1.8 (9)9
9 9 0.2 1700 15 0.60 0.65 3.5 (9)9
10 1 0.8 5800 40 0.80 0.88 0.7 (9)9

<<< generate

Version identifier: 20.1.0.0 | 2020-11-10 | 9bedb6d68
CPXPARAM_TimeLimit                               1800
Tried aggregator 2 times.
MIP Presolve eliminated 25659 rows and 723 columns.
MIP Presolve added 700 rows and 350 columns.
MIP Presolve modified 353 coefficients.
Aggregator did 2 substitutions.
Reduced MIP has 1746 rows, 1258 columns, and 4190 nonzeros.
Reduced MIP has 419 binaries, 489 generals, 0 SOSs, and 0 indicators.
Presolve time = 0,02 sec. (17,76 ticks)
Found incumbent of value 5,4662211e+08 after 0,02 sec. (24,55 ticks)
Probing time = 0,00 sec. (0,33 ticks)
Cover probing fixed 0 vars, tightened 35 bounds.
Tried aggregator 1 time.
Detecting symmetries...
MIP Presolve eliminated 455 rows and 0 columns.
MIP Presolve modified 490 coefficients.
Reduced MIP has 1291 rows, 1258 columns, and 3630 nonzeros.
Reduced MIP has 419 binaries, 489 generals, 0 SOSs, and 0 indicators.
Presolve time = 0,00 sec. (2,84 ticks)
Classifier predicts products in MIQP should be linearized.
Probing time = 0,00 sec. (0,27 ticks)
MIP emphasis: balance optimality and feasibility.
MIP search method: dynamic search.
Parallel mode: deterministic, using up to 20 threads.
Root relaxation solution time = 0,02 sec. (6,12 ticks)

        Nodes                                         Cuts/
   Node  Left     Objective  IInf  Best Integer    Best Bound    ItCnt     Gap

*     0+    0                       5,46622e+08    80347,0000            99,99%
*     0+    0                       3,14677e+08    80347,0000            99,97%
*     0+    0                       2,76513e+08    80347,0000            99,97%
*     0+    0                       2,75681e+08    80347,0000            99,97%
*     0+    0                       2,74850e+08    80347,0000            99,97%
*     0+    0                       2,74018e+08    80347,0000            99,97%
      0     0   547992,2129   432   2,74018e+08   547992,2129      447   99,80%
      0     0   550830,0157   465   2,74018e+08     Cuts: 132      574   99,80%
*     0+    0                      1392315,4000   550830,0157            60,44%
*     0+    0                      1392303,4000   550830,0157            60,44%
      0     0   552492,0958   518  1392303,4000     Cuts: 126      704   60,32%
      0     0   554491,9720   476  1392303,4000     Cuts: 118      843   60,17%
      0     0   554919,4174   502  1392303,4000      Cuts: 51      928   60,14%
      0     0   555047,7104   493  1392303,4000      Cuts: 34      960   60,13%
Detecting symmetries...
      0     0   555296,3577   441  1392303,4000      Cuts: 25     1008   60,12%
      0     0   555387,9918   455  1392303,4000      Cuts: 19     1041   60,11%
      0     0   555403,6793   455  1392303,4000      Cuts: 18     1062   60,11%
      0     0   555415,8322   481  1392303,4000      Cuts: 13     1080   60,11%
*     0+    0                      1388754,2000   555415,8322            60,01%
*     0+    0                      1306316,9999   555415,8322            57,48%
*     0+    0                      1159240,6000   555415,8322            52,09%
      0     0  -1,00000e+75     0  1159240,6000   555415,8322     1080   52,09%
Detecting symmetries...
      0     2   555415,8322   479  1159240,6000   555415,8322     1080   52,09%
Elapsed time = 0,34 sec. (187,68 ticks, tree = 0,02 MB, solutions = 11)
*    13+    1                      1090823,8000   555625,9951            49,06%
*    16+    1                       983959,2000   555625,9951            43,53%
*    23+    5                       944576,6000   555645,6077            41,18%
*    25+    7                       908778,6000   555645,6077            38,86%
*    29+    3                       871974,2000   555645,6077            36,28%
*    33+   13                       774964,0000   555645,6077            28,30%
*    33+   12                       714644,0000   555645,6077            22,25%
*  1523+ 1045                       702501,2000   555707,9734            20,90%
*  4244  3115      integral     0   636607,3000   555707,9734    28688   12,71%

Performing restart 1

Repeating presolve.
Tried aggregator 2 times.
MIP Presolve eliminated 3 rows and 1 columns.
MIP Presolve modified 498 coefficients.
Aggregator did 1 substitutions.
Reduced MIP has 1287 rows, 1256 columns, and 3620 nonzeros.
Reduced MIP has 418 binaries, 488 generals, 0 SOSs, and 0 indicators.
Presolve time = 0,00 sec. (2,82 ticks)
Tried aggregator 1 time.
MIP Presolve modified 96 coefficients.
Reduced MIP has 1287 rows, 1256 columns, and 3620 nonzeros.
Reduced MIP has 418 binaries, 488 generals, 0 SOSs, and 0 indicators.
Presolve time = 0,00 sec. (2,63 ticks)
Represolve time = 0,00 sec. (9,89 ticks)
*  5063+    0                       585482,0000   556887,7489             4,88%

Repeating presolve.
Tried aggregator 1 time.
MIP Presolve eliminated 597 rows and 580 columns.
MIP Presolve modified 300 coefficients.
Reduced MIP has 690 rows, 676 columns, and 2090 nonzeros.
Reduced MIP has 224 binaries, 262 generals, 0 SOSs, and 0 indicators.
Presolve time = 0,00 sec. (1,97 ticks)
Tried aggregator 1 time.
MIP Presolve modified 48 coefficients.
Reduced MIP has 690 rows, 676 columns, and 2090 nonzeros.
Reduced MIP has 224 binaries, 262 generals, 0 SOSs, and 0 indicators.
Presolve time = 0,00 sec. (1,49 ticks)
Represolve time = 0,00 sec. (8,86 ticks)
*  5063+    0                       584174,6000   566905,8890             2,96%
   5063     0   567774,5410   226   584174,6000     Cuts: 157    40554    1,95%
   5063     0   568591,1593   226   584174,6000     Cuts: 162    40635    1,95%
   5063     0   572142,1812   210   584174,6000     Cuts: 159    40757    1,95%
   5063     0   573293,2135   236   584174,6000     Cuts: 142    40890    1,86%
*  5063+    0                       584163,0000   573293,2135             1,86%
   5063     0   573930,4177   222   584163,0000     Cuts: 168    40994    1,14%
   5063     0   574213,2262   214   584163,0000     Cuts: 162    41101    1,14%
   5063     0   574456,0313   228   584163,0000     Cuts: 143    41202    1,14%
   5063     0   574639,7872   225   584163,0000     Cuts: 150    41322    0,06%
   5063     0   574962,5690   242   584163,0000     Cuts: 144    41442    0,06%
   5063     0   575083,4386   254   584163,0000     Cuts: 151    41545    0,06%
   5063     2   575157,9361   228   584163,0000   583920,9183    41572    0,04%
   5098     3   583957,7687    77   584163,0000   583956,8223    42809    0,04%

Implied bound cuts applied:  9
Flow cuts applied:  26
Mixed integer rounding cuts applied:  88
Zero-half cuts applied:  23
Lift and project cuts applied:  50
Gomory fractional cuts applied:  14

Root node processing (before b&c):
  Real time             =    0,31 sec. (187,53 ticks)
Parallel b&c, 20 threads:
  Real time             =   26,33 sec. (1165,66 ticks)
  Sync time (average)   =   22,90 sec.
  Wait time (average)   =    0,01 sec.
                          ------------
Total (root+branch&cut) =   26,64 sec. (1353,19 ticks)

<<< solve


OBJECTIVE: 584163
xxxx
#Result <fct_obj, tot_cst, tot_ldt, Emiss>: <5.8416e+5 5.8346e+5 707 3.2567e+7>#TS:583456#A:[0,2,26,24,22,22,21,21,16,17,16,15,17,17,18,18,11,10,11,11,12,11,11,12,12,11,11,11,12,14,15,12,5,6,4,3,6,7,5,8,6,7,5,4,6,7,9,8,6,7,5,4,6,7,5,8,6,7,5,8,10,11,9,8,6,7,5,4,6,7,5]#X:[0,1,1,1,0,0,0,0,0,0,0,0,0,0,0,0,0,0,0,0,0,0,0,0,0,0,0,0,0,0,0,0,0,0,0,0,0,0,0,0,0,0,0,0,0,0,0,0,0,0,0,0,0,0,0,0,0,0,0,0,0,0,0,0,1,1,1,1,1,1,1]#E: 32567174.999999996#DELIVER:
S10=>P36
S10=>P37
S10=>P38
S8=>P39
S4=>P40
S10=>P40
S10=>P41
S10=>P42
S10=>P43
S10=>P44
S10=>P45
S8=>P46
S8=>P47
S10=>P48
S10=>P49
S4=>P50
S10=>P50
S10=>P51
S10=>P52
S10=>P53
S3=>P54
S10=>P54
S8=>P55
S4=>P56
S10=>P56
S4=>P57
S10=>P57
S4=>P58
S10=>P58
S8=>P59
S8=>P60
S8=>P61
S3=>P62
S4=>P62
S8=>P62
S10=>P62
S3=>P63
S4=>P63
S8=>P63
S10=>P63
S10=>P64
S10=>P65
S10=>P66
S10=>P67
S10=>P68
S10=>P69
S10=>P70
xxxx

<<< post process


<<< done


)
