Array
(
    [CplexRunTime] => Total (root+branch&cut) =   74,27 sec
    [Result] => Array
        (
            [Objective] => fct_obj.
            [ServiceCost] => tot_cst.
            [LateDeliveries] => tot_ldt.
            [Emissions] => Emiss
        )

    [TS] => 501452.8
    [A] => Array
        (
            [0] => 0
            [1] => 2
            [2] => 30
            [3] => 18
            [4] => 26
            [5] => 26
            [6] => 15
            [7] => 14
            [8] => 21
            [9] => 21
            [10] => 20
            [11] => 19
            [12] => 11
            [13] => 10
            [14] => 10
            [15] => 11
            [16] => 16
            [17] => 15
            [18] => 15
            [19] => 15
            [20] => 16
            [21] => 15
            [22] => 15
            [23] => 16
            [24] => 5
            [25] => 6
            [26] => 4
            [27] => 3
            [28] => 5
            [29] => 6
            [30] => 4
            [31] => 8
            [32] => 11
            [33] => 11
            [34] => 9
            [35] => 8
            [36] => 10
            [37] => 11
            [38] => 9
            [39] => 12
            [40] => 10
            [41] => 11
            [42] => 9
            [43] => 8
            [44] => 10
            [45] => 11
            [46] => 13
            [47] => 12
            [48] => 6
            [49] => 7
            [50] => 5
            [51] => 4
            [52] => 6
            [53] => 7
            [54] => 5
            [55] => 4
            [56] => 6
            [57] => 7
            [58] => 5
            [59] => 4
            [60] => 6
            [61] => 7
            [62] => 5
            [63] => 4
            [64] => 6
            [65] => 7
        )

    [X] => Array
        (
            [0] => 0
            [1] => 1
            [2] => 1
            [3] => 1
            [4] => 0
            [5] => 0
            [6] => 0
            [7] => 0
            [8] => 0
            [9] => 0
            [10] => 0
            [11] => 0
            [12] => 0
            [13] => 0
            [14] => 0
            [15] => 0
            [16] => 0
            [17] => 0
            [18] => 0
            [19] => 0
            [20] => 0
            [21] => 0
            [22] => 0
            [23] => 0
            [24] => 0
            [25] => 0
            [26] => 0
            [27] => 0
            [28] => 0
            [29] => 0
            [30] => 0
            [31] => 0
            [32] => 0
            [33] => 0
            [34] => 0
            [35] => 0
            [36] => 0
            [37] => 0
            [38] => 0
            [39] => 0
            [40] => 0
            [41] => 0
            [42] => 0
            [43] => 0
            [44] => 0
            [45] => 0
            [46] => 0
            [47] => 0
            [48] => 1
            [49] => 1
            [50] => 1
            [51] => 1
            [52] => 1
            [53] => 1
            [54] => 1
            [55] => 1
            [56] => 1
            [57] => 1
            [58] => 1
            [59] => 1
            [60] => 1
            [61] => 1
            [62] => 0
            [63] => 0
            [64] => 0
            [65] => 1
        )

    [E] => 29937037.2
    [DELIVER] => Array
        (
            [0] => S8=>P33
            [1] => S3=>P34
            [2] => S4=>P34
            [3] => S8=>P34
            [4] => S10=>P34
            [5] => S8=>P35
            [6] => S3=>P36
            [7] => S8=>P36
            [8] => S10=>P36
            [9] => S8=>P37
            [10] => S3=>P38
            [11] => S4=>P38
            [12] => S8=>P38
            [13] => S9=>P39
            [14] => S10=>P39
            [15] => S8=>P40
            [16] => S3=>P41
            [17] => S4=>P41
            [18] => S8=>P41
            [19] => S3=>P42
            [20] => S8=>P42
            [21] => S3=>P43
            [22] => S4=>P43
            [23] => S8=>P43
            [24] => S3=>P44
            [25] => S4=>P44
            [26] => S8=>P44
            [27] => S10=>P44
            [28] => S3=>P45
            [29] => S4=>P45
            [30] => S8=>P45
            [31] => S9=>P46
            [32] => S3=>P47
            [33] => S4=>P47
            [34] => S9=>P47
            [35] => S10=>P47
            [36] => S10=>P48
            [37] => S10=>P49
            [38] => S10=>P50
            [39] => S10=>P51
            [40] => S10=>P52
            [41] => S10=>P53
            [42] => S10=>P54
            [43] => S10=>P55
            [44] => S10=>P56
            [45] => S10=>P57
            [46] => S10=>P58
            [47] => S10=>P59
            [48] => S10=>P60
            [49] => S10=>P61
            [50] => S10=>P62
            [51] => S3=>P63
            [52] => S4=>P63
            [53] => S10=>P63
            [54] => S10=>P64
            [55] => S10=>P65
        )

    [_raw_output] => 
<<< setup

0 0 -1 0 1 0,25 0,5 0,8 1 0 0 0 0 13
1 2 0 4500 1 0,25 0,5 0,8 1 0 9500 950 1500 13
2 4 1 1000 1 0,25 0,5 0,8 1 0 8800 880 1500 13
3 3 1 980 1 0,25 0,5 0,8 1 0 8600 860 1500 13
4 5 2 960 1 0,25 0,5 0,8 1 0 8400 840 1500 13
5 6 2 940 1 0,25 0,5 0,8 1 0 8200 820 1500 13
6 4 3 920 1 0,25 0,5 0,8 1 0 8000 800 1500 13
7 3 3 900 1 0,25 0,5 0,8 1 0 7800 780 1500 13
8 5 4 880 1 0,25 0,5 0,8 1 0 7600 760 1500 13
9 6 4 860 1 0,25 0,5 0,8 1 0 7400 740 1500 13
10 4 5 840 1 0,25 0,5 0,8 1 0 7200 720 1500 13
11 3 5 820 1 0,25 0,5 0,8 1 0 7000 700 1500 13
12 5 6 800 1 0,25 0,5 0,8 1 0 6800 680 1500 13
13 6 6 780 1 0,25 0,5 0,8 1 0 6600 660 1500 13
14 4 7 760 1 0,25 0,5 0,8 1 0 6400 640 1500 13
15 3 7 740 1 0,25 0,5 0,8 1 0 6200 620 1500 13
16 5 8 720 1 0,25 0,5 0,8 1 0 6000 600 1500 13
17 6 8 700 1 0,25 0,5 0,8 1 0 5800 580 1500 13
18 4 9 680 1 0,25 0,5 0,8 1 0 5600 560 1500 13
19 3 9 660 1 0,25 0,5 0,8 1 0 5400 540 1500 13
20 5 10 640 1 0,25 0,5 0,8 1 0 5200 520 1500 13
21 6 10 620 1 0,25 0,5 0,8 1 0 5000 500 1500 13
22 4 11 600 1 0,25 0,5 0,8 1 0 4800 480 1500 13
23 3 11 580 1 0,25 0,5 0,8 1 0 4600 460 1500 13
24 5 12 560 1 0,25 0,5 0,8 1 0 4400 440 1500 13
25 6 12 540 1 0,25 0,5 0,8 1 0 4200 420 1500 13
26 4 13 520 1 0,25 0,5 0,8 1 0 4000 400 1500 13
27 3 13 500 1 0,25 0,5 0,8 1 0 3800 380 1500 13
28 5 14 480 1 0,25 0,5 0,8 1 0 3600 360 1500 13
29 6 14 460 1 0,25 0,5 0,8 1 0 3400 340 1500 13
30 4 15 440 1 0,25 0,5 0,8 1 0 3200 320 1500 13
31 3 15 420 1 0,25 0,5 0,8 1 0 3000 300 1500 13
32 5 16 400 1 0,25 0,5 0,8 1 0 2800 280 1500 13
33 6 16 380 1 0,25 0,5 0,8 1 0 2600 260 1500 13
34 4 17 360 1 0,25 0,5 0,8 1 0 2400 240 1500 13
35 3 17 340 1 0,25 0,5 0,8 1 0 2200 220 1500 13
36 5 18 320 1 0,25 0,5 0,8 1 0 2000 200 1500 13
37 6 18 300 1 0,25 0,5 0,8 1 0 1800 180 1500 13
38 4 19 280 1 0,25 0,5 0,8 1 0 1600 160 1500 13
39 3 19 260 1 0,25 0,5 0,8 1 0 1400 140 1500 13
40 5 20 240 1 0,25 0,5 0,8 1 0 1200 120 1500 13
41 6 20 220 1 0,25 0,5 0,8 1 0 1000 100 1500 13
42 4 21 200 1 0,25 0,5 0,8 1 0 800 80 1500 13
43 3 21 180 1 0,25 0,5 0,8 1 0 600 60 1500 13
44 5 22 160 1 0,25 0,5 0,8 1 0 400 40 1500 13
45 6 22 140 1 0,25 0,5 0,8 1 0 300 30 1500 13
46 4 23 120 1 0,25 0,5 0,8 1 0 200 20 1500 13
47 3 23 100 1 0,25 0,5 0,8 1 0 150 15 1500 13
48 5 24 80 1 0,25 0,5 0,8 1 0 100 10 1500 13
49 6 24 60 1 0,25 0,5 0,8 1 0 80 8 1500 13
50 4 25 40 1 0,25 0,5 0,8 1 0 50 5 1500 13
51 3 25 30 1 0,25 0,5 0,8 1 0 30 3 1500 13
52 5 26 20 1 0,25 0,5 0,8 1 0 20 2 1500 13
53 6 26 15 1 0,25 0,5 0,8 1 0 15 1,5 1500 13
54 4 27 10 1 0,25 0,5 0,8 1 0 12 1,2 1500 13
55 3 27 8 1 0,25 0,5 0,8 1 0 10 1 1500 13
56 5 28 5 1 0,25 0,5 0,8 1 0 8 0,8 1500 13
57 6 28 3 1 0,25 0,5 0,8 1 0 5 0,5 1500 13
58 4 29 2 1 0,25 0,5 0,8 1 0 3 0,3 1500 13
59 3 29 1 1 0,25 0,5 0,8 1 0 2 0,2 1500 13
60 5 30 1 1 0,25 0,5 0,8 1 0 1 0,1 1500 13
61 6 30 1 1 0,25 0,5 0,8 1 0 1 0,1 1500 13
62 4 31 1 1 0,25 0,5 0,8 1 0 1 0,1 1500 13
63 3 31 1 1 0,25 0,5 0,8 1 0 1 0,1 1500 13
64 5 32 1 1 0,25 0,5 0,8 1 0 1 0,1 1500 13
65 6 32 1 1 0,25 0,5 0,8 1 0 1 0,1 1500 13
Node nums: [0 1 2 3 4 5 6 7 8 9 10 11 12 13 14 15 16 17 18 19 20 21 22 23 24 25 26 27
     28 29 30 31 32 33 34 35 36 37 38 39 40 41 42 43 44 45 46 47 48 49 50 51
     52 53 54 55 56 57 58 59 60 61 62 63 64 65]
xx-Data uploaded-xx
	**** start init su array ...
0 [0 0 0 0 0 0 0 0 0 0]
1 [0 0 0 0 0 0 0 0 0 0]
2 [0 0 0 0 0 0 0 0 0 0]
3 [0 0 0 0 0 0 0 0 0 0]
4 [0 0 0 0 0 0 0 0 0 0]
5 [0 0 0 0 0 0 0 0 0 0]
6 [0 0 0 0 0 0 0 0 0 0]
7 [0 0 0 0 0 0 0 0 0 0]
8 [0 0 0 0 0 0 0 0 0 0]
9 [0 0 0 0 0 0 0 0 0 0]
10 [0 0 0 0 0 0 0 0 0 0]
11 [0 0 0 0 0 0 0 0 0 0]
12 [0 0 0 0 0 0 0 0 0 0]
13 [0 0 0 0 0 0 0 0 0 0]
14 [0 0 0 0 0 0 0 0 0 0]
15 [0 0 0 0 0 0 0 0 0 0]
16 [0 0 0 0 0 0 0 0 0 0]
17 [0 0 0 0 0 0 0 0 0 0]
18 [0 0 0 0 0 0 0 0 0 0]
19 [0 0 0 0 0 0 0 0 0 0]
20 [0 0 0 0 0 0 0 0 0 0]
21 [0 0 0 0 0 0 0 0 0 0]
22 [0 0 0 0 0 0 0 0 0 0]
23 [0 0 0 0 0 0 0 0 0 0]
24 [0 0 0 0 0 0 0 0 0 0]
25 [0 0 0 0 0 0 0 0 0 0]
26 [0 0 0 0 0 0 0 0 0 0]
27 [0 0 0 0 0 0 0 0 0 0]
28 [0 0 0 0 0 0 0 0 0 0]
29 [0 0 0 0 0 0 0 0 0 0]
30 [1 1 1 1 1 1 1 1 1 1]
31 [1 1 1 1 1 1 1 1 1 1]
32 [1 1 1 1 1 1 1 1 1 1]
33 [1 1 1 1 1 1 1 1 1 1]
34 [1 1 1 1 1 1 1 1 1 1]
35 [1 1 1 1 1 1 1 1 1 1]
36 [1 1 1 1 1 1 1 1 1 1]
37 [1 1 1 1 1 1 1 1 1 1]
38 [1 1 1 1 1 1 1 1 1 1]
39 [1 1 1 1 1 1 1 1 1 1]
40 [1 1 1 1 1 1 1 1 1 1]
41 [1 1 1 1 1 1 1 1 1 1]
42 [1 1 1 1 1 1 1 1 1 1]
43 [1 1 1 1 1 1 1 1 1 1]
44 [1 1 1 1 1 1 1 1 1 1]
45 [1 1 1 1 1 1 1 1 1 1]
46 [1 1 1 1 1 1 1 1 1 1]
47 [1 1 1 1 1 1 1 1 1 1]
48 [1 1 1 1 1 1 1 1 1 1]
49 [1 1 1 1 1 1 1 1 1 1]
50 [1 1 1 1 1 1 1 1 1 1]
51 [1 1 1 1 1 1 1 1 1 1]
52 [1 1 1 1 1 1 1 1 1 1]
53 [1 1 1 1 1 1 1 1 1 1]
54 [1 1 1 1 1 1 1 1 1 1]
55 [1 1 1 1 1 1 1 1 1 1]
56 [1 1 1 1 1 1 1 1 1 1]
57 [1 1 1 1 1 1 1 1 1 1]
58 [1 1 1 1 1 1 1 1 1 1]
59 [1 1 1 1 1 1 1 1 1 1]
60 [1 1 1 1 1 1 1 1 1 1]
61 [1 1 1 1 1 1 1 1 1 1]
62 [1 1 1 1 1 1 1 1 1 1]
63 [1 1 1 1 1 1 1 1 1 1]
64 [1 1 1 1 1 1 1 1 1 1]
65 [1 1 1 1 1 1 1 1 1 1]
	**** end init su array ...
1 2 1 700 80 0.85 0.92 0.8 (9)9
2 2 0.9 800 75 0.82 0.90 0.9 (9)9
3 1 1.1 680 90 0.88 0.95 0.5 (9)9
4 1 1 480 100 0.86 0.93 0.6 (9)9
5 5 0.6 550 40 0.72 0.78 1.5 (9)9
6 6 0.5 650 45 0.70 0.75 2.0 (9)9
7 7 0.5 1100 40 0.68 0.72 2.5 (9)9
8 5 0.3 700 30 0.65 0.70 1.8 (9)9
9 9 0.2 1700 15 0.60 0.65 3.5 (9)9
10 1 0.8 5800 40 0.80 0.88 0.7 (9)9

<<< generate

Version identifier: 20.1.0.0 | 2020-11-10 | 9bedb6d68
CPXPARAM_TimeLimit                               1800
Tried aggregator 2 times.
MIP Presolve eliminated 22193 rows and 663 columns.
MIP Presolve added 660 rows and 330 columns.
MIP Presolve modified 333 coefficients.
Aggregator did 2 substitutions.
Reduced MIP has 1642 rows, 1183 columns, and 3940 nonzeros.
Reduced MIP has 394 binaries, 459 generals, 0 SOSs, and 0 indicators.
Presolve time = 0,02 sec. (15,70 ticks)
Found incumbent of value 4,5493089e+08 after 0,02 sec. (21,80 ticks)
Probing time = 0,00 sec. (0,31 ticks)
Cover probing fixed 0 vars, tightened 33 bounds.
Tried aggregator 1 time.
Detecting symmetries...
MIP Presolve eliminated 429 rows and 0 columns.
MIP Presolve modified 462 coefficients.
Reduced MIP has 1213 rows, 1183 columns, and 3412 nonzeros.
Reduced MIP has 394 binaries, 459 generals, 0 SOSs, and 0 indicators.
Presolve time = 0,00 sec. (2,67 ticks)
Classifier predicts products in MIQP should be linearized.
Probing time = 0,00 sec. (0,26 ticks)
MIP emphasis: balance optimality and feasibility.
MIP search method: dynamic search.
Parallel mode: deterministic, using up to 20 threads.
Root relaxation solution time = 0,00 sec. (5,41 ticks)

        Nodes                                         Cuts/
   Node  Left     Objective  IInf  Best Integer    Best Bound    ItCnt     Gap

*     0+    0                       4,54931e+08    72323,0000            99,98%
*     0+    0                       2,59568e+08    72323,0000            99,97%
*     0+    0                       2,28981e+08    72323,0000            99,97%
*     0+    0                       2,28293e+08    72323,0000            99,97%
*     0+    0                       2,27604e+08    72323,0000            99,97%
      0     0   465921,4637   365   2,27604e+08   465921,4637      399   99,80%
      0     0   469273,7353   454   2,27604e+08     Cuts: 117      548   99,79%
      0     0   471217,8047   387   2,27604e+08     Cuts: 179      670   99,79%
      0     0   471486,7136   376   2,27604e+08     Cuts: 110      770   99,79%
      0     0   471630,4281   388   2,27604e+08      Cuts: 56      826   99,79%
      0     0   471645,8310   382   2,27604e+08      Cuts: 27      849   99,79%
Detecting symmetries...
*     0+    0                       783611,8000   471645,8310            39,81%
*     0+    0                       783341,8000   471645,8310            39,79%
      0     0   471683,3786   385   783341,8000      Cuts: 18      869   39,32%
      0     0   471687,9962   379   783341,8000      Cuts: 15      880   39,32%
*     0+    0                       746023,0000   475331,3544            36,28%
*     0+    0                       745753,0000   475331,3544            36,26%
*     0+    0                       723207,0000   475477,3326            34,25%
      0     0  -1,00000e+75     0   723207,0000   475477,3326      880   34,25%
Detecting symmetries...
      0     2   471687,9962   379   723207,0000   475477,3326      880   34,25%
Elapsed time = 0,38 sec. (136,45 ticks, tree = 0,02 MB, solutions = 10)
*    12+    2                       710496,2000   475477,3326            33,08%
*    13+    3                       710443,4000   475477,3326            33,07%
*    15+    1                       696046,0000   475477,3326            31,69%
*    20+    6                       622970,8000   475477,3326            23,68%
*    66+    4                       575292,8000   475477,3326            17,35%
*   202+   18                       523872,4000   475477,3326             9,24%
*   252+   18                       520450,8000   475477,3326             8,64%
*  1698+ 1024                       520213,8000   478531,5115             8,01%
*  3390+ 2238                       515835,6000   479396,5798             7,06%
*  4614+ 2786                       513469,7000   479655,9858             6,59%
*  4758+ 2961                       502136,8000   479655,9858             4,48%

Performing restart 1

Repeating presolve.
Tried aggregator 2 times.
MIP Presolve eliminated 9 rows and 5 columns.
MIP Presolve modified 489 coefficients.
Aggregator did 2 substitutions.
Reduced MIP has 1202 rows, 1176 columns, and 3384 nonzeros.
Reduced MIP has 391 binaries, 455 generals, 0 SOSs, and 0 indicators.
Presolve time = 0,00 sec. (2,69 ticks)
Tried aggregator 1 time.
MIP Presolve modified 84 coefficients.
Reduced MIP has 1202 rows, 1176 columns, and 3384 nonzeros.
Reduced MIP has 391 binaries, 455 generals, 0 SOSs, and 0 indicators.
Presolve time = 0,02 sec. (2,46 ticks)
Represolve time = 0,02 sec. (8,61 ticks)

Repeating presolve.
Tried aggregator 1 time.
MIP Presolve eliminated 588 rows and 573 columns.
MIP Presolve modified 332 coefficients.
Reduced MIP has 614 rows, 603 columns, and 1861 nonzeros.
Reduced MIP has 201 binaries, 232 generals, 0 SOSs, and 0 indicators.
Presolve time = 0,00 sec. (2,03 ticks)
Tried aggregator 1 time.
MIP Presolve modified 42 coefficients.
Reduced MIP has 614 rows, 603 columns, and 1861 nonzeros.
Reduced MIP has 201 binaries, 232 generals, 0 SOSs, and 0 indicators.
Presolve time = 0,00 sec. (1,33 ticks)
Represolve time = 0,02 sec. (6,84 ticks)
   5111     0   485360,4568   176   502136,8000     Cuts: 144    34241    2,25%
   5111     0   486495,1599   172   502136,8000     Cuts: 147    34308    2,25%
   5111     0   487774,4964   160   502136,8000     Cuts: 107    34369    2,25%
   5111     0   488382,3311   171   502136,8000      Cuts: 89    34420    2,25%
   5111     0   489178,3154   180   502136,8000      Cuts: 67    34484    2,25%
   5111     0   489723,1256   175   502136,8000      Cuts: 73    34545    2,25%
   5111     0   489939,8957   170   502136,8000      Cuts: 70    34581    2,25%
   5111     0   490115,2173   160   502136,8000      Cuts: 52    34616    2,25%
   5111     0   490502,3426   168   502136,8000      Cuts: 67    34658    2,25%
   5111     0   490600,7982   176   502136,8000      Cuts: 52    34711    2,25%
   5111     0   490737,4362   160   502136,8000      Cuts: 69    34787    2,25%

Implied bound cuts applied:  29
Flow cuts applied:  25
Mixed integer rounding cuts applied:  61
Zero-half cuts applied:  33
Gomory fractional cuts applied:  5

Root node processing (before b&c):
  Real time             =    0,28 sec. (136,14 ticks)
Parallel b&c, 20 threads:
  Real time             =   43,23 sec. (586,93 ticks)
  Sync time (average)   =    0,14 sec.
  Wait time (average)   =    0,00 sec.
                          ------------
Total (root+branch&cut) =   43,52 sec. (723,07 ticks)

<<< solve


OBJECTIVE: 502136.8
xxxx
#Result <fct_obj, tot_cst, tot_ldt, Emiss>: <5.0214e+5 5.0145e+5 684 2.9937e+7>#TS:501452.8#A:[0,2,30,18,26,26,15,14,21,21,20,19,11,10,10,11,16,15,15,15,16,15,15,16,5,6,4,3,5,6,4,8,11,11,9,8,10,11,9,12,10,11,9,8,10,11,13,12,6,7,5,4,6,7,5,4,6,7,5,4,6,7,5,4,6,7]#X:[0,1,1,1,0,0,0,0,0,0,0,0,0,0,0,0,0,0,0,0,0,0,0,0,0,0,0,0,0,0,0,0,0,0,0,0,0,0,0,0,0,0,0,0,0,0,0,0,1,1,1,1,1,1,1,1,1,1,1,1,1,1,0,0,0,1]#E: 29937037.199999999#DELIVER:
S8=>P33
S3=>P34
S4=>P34
S8=>P34
S10=>P34
S8=>P35
S3=>P36
S8=>P36
S10=>P36
S8=>P37
S3=>P38
S4=>P38
S8=>P38
S9=>P39
S10=>P39
S8=>P40
S3=>P41
S4=>P41
S8=>P41
S3=>P42
S8=>P42
S3=>P43
S4=>P43
S8=>P43
S3=>P44
S4=>P44
S8=>P44
S10=>P44
S3=>P45
S4=>P45
S8=>P45
S9=>P46
S3=>P47
S4=>P47
S9=>P47
S10=>P47
S10=>P48
S10=>P49
S10=>P50
S10=>P51
S10=>P52
S10=>P53
S10=>P54
S10=>P55
S10=>P56
S10=>P57
S10=>P58
S10=>P59
S10=>P60
S10=>P61
S10=>P62
S3=>P63
S4=>P63
S10=>P63
S10=>P64
S10=>P65
xxxx

<<< post process


<<< done


)
