Array
(
    [CplexRunTime] => Total (root+branch&cut) =    1,56 sec
    [Result] => Array
        (
            [Objective] => fct_obj.
            [ServiceCost] => tot_cst.
            [LateDeliveries] => tot_ldt.
            [Emissions] => Emiss
        )

    [TS] => 426068
    [A] => Array
        (
            [0] => 0
            [1] => 2
            [2] => 26
            [3] => 19
            [4] => 22
            [5] => 22
            [6] => 16
            [7] => 15
            [8] => 17
            [9] => 17
            [10] => 16
            [11] => 15
            [12] => 12
            [13] => 11
            [14] => 11
            [15] => 12
            [16] => 12
            [17] => 11
            [18] => 11
            [19] => 11
            [20] => 12
            [21] => 11
            [22] => 11
            [23] => 12
            [24] => 6
            [25] => 7
            [26] => 5
            [27] => 4
            [28] => 6
            [29] => 7
            [30] => 9
            [31] => 8
            [32] => 6
            [33] => 7
            [34] => 5
            [35] => 4
            [36] => 6
            [37] => 7
            [38] => 5
            [39] => 8
            [40] => 6
            [41] => 7
            [42] => 5
            [43] => 4
            [44] => 6
            [45] => 7
        )

    [X] => Array
        (
            [0] => 0
            [1] => 1
            [2] => 1
            [3] => 1
            [4] => 0
            [5] => 0
            [6] => 0
            [7] => 0
            [8] => 0
            [9] => 0
            [10] => 0
            [11] => 0
            [12] => 0
            [13] => 0
            [14] => 0
            [15] => 0
            [16] => 0
            [17] => 0
            [18] => 0
            [19] => 0
            [20] => 0
            [21] => 0
            [22] => 0
            [23] => 0
            [24] => 0
            [25] => 0
            [26] => 0
            [27] => 0
            [28] => 0
            [29] => 0
            [30] => 0
            [31] => 0
            [32] => 0
            [33] => 0
            [34] => 0
            [35] => 0
            [36] => 0
            [37] => 0
            [38] => 0
            [39] => 0
            [40] => 0
            [41] => 0
            [42] => 0
            [43] => 0
            [44] => 0
            [45] => 0
        )

    [E] => 21728460
    [DELIVER] => Array
        (
            [0] => S3=>P23
            [1] => S4=>P23
            [2] => S9=>P23
            [3] => S10=>P23
            [4] => S3=>P24
            [5] => S4=>P24
            [6] => S10=>P24
            [7] => S10=>P25
            [8] => S10=>P26
            [9] => S3=>P27
            [10] => S4=>P27
            [11] => S10=>P27
            [12] => S3=>P28
            [13] => S4=>P28
            [14] => S10=>P28
            [15] => S3=>P29
            [16] => S4=>P29
            [17] => S10=>P29
            [18] => S3=>P30
            [19] => S4=>P30
            [20] => S8=>P30
            [21] => S10=>P30
            [22] => S3=>P31
            [23] => S4=>P31
            [24] => S8=>P31
            [25] => S10=>P31
            [26] => S10=>P32
            [27] => S4=>P33
            [28] => S10=>P33
            [29] => S10=>P34
            [30] => S3=>P35
            [31] => S4=>P35
            [32] => S10=>P35
            [33] => S10=>P36
            [34] => S10=>P37
            [35] => S10=>P38
            [36] => S8=>P39
            [37] => S10=>P40
            [38] => S10=>P41
            [39] => S10=>P42
            [40] => S10=>P43
            [41] => S4=>P44
            [42] => S10=>P44
            [43] => S4=>P45
            [44] => S10=>P45
        )

    [_raw_output] => 
<<< setup

0 0 -1 0 1 0,25 0,5 0,8 1 0 0 0 0 13
1 2 0 3500 1 0,25 0,5 0,8 1 0 8500 850 1500 13
2 4 1 900 1 0,25 0,5 0,8 1 0 7800 780 1500 13
3 3 1 880 1 0,25 0,5 0,8 1 0 7500 750 1500 13
4 5 2 750 1 0,25 0,5 0,8 1 0 7200 720 1500 13
5 6 2 730 1 0,25 0,5 0,8 1 0 7000 700 1500 13
6 4 3 710 1 0,25 0,5 0,8 1 0 6800 680 1500 13
7 3 3 690 1 0,25 0,5 0,8 1 0 6600 660 1500 13
8 5 4 670 1 0,25 0,5 0,8 1 0 6400 640 1500 13
9 6 4 650 1 0,25 0,5 0,8 1 0 6200 620 1500 13
10 4 5 630 1 0,25 0,5 0,8 1 0 6000 600 1500 13
11 3 5 610 1 0,25 0,5 0,8 1 0 5800 580 1500 13
12 5 6 590 1 0,25 0,5 0,8 1 0 5600 560 1500 13
13 6 6 570 1 0,25 0,5 0,8 1 0 5400 540 1500 13
14 4 7 550 1 0,25 0,5 0,8 1 0 5200 520 1500 13
15 3 7 530 1 0,25 0,5 0,8 1 0 5000 500 1500 13
16 5 8 510 1 0,25 0,5 0,8 1 0 4800 480 1500 13
17 6 8 490 1 0,25 0,5 0,8 1 0 4600 460 1500 13
18 4 9 470 1 0,25 0,5 0,8 1 0 4400 440 1500 13
19 3 9 450 1 0,25 0,5 0,8 1 0 4200 420 1500 13
20 5 10 430 1 0,25 0,5 0,8 1 0 4000 400 1500 13
21 6 10 410 1 0,25 0,5 0,8 1 0 3800 380 1500 13
22 4 11 390 1 0,25 0,5 0,8 1 0 3600 360 1500 13
23 3 11 370 1 0,25 0,5 0,8 1 0 3400 340 1500 13
24 5 12 350 1 0,25 0,5 0,8 1 0 3200 320 1500 13
25 6 12 330 1 0,25 0,5 0,8 1 0 3000 300 1500 13
26 4 13 310 1 0,25 0,5 0,8 1 0 2800 280 1500 13
27 3 13 290 1 0,25 0,5 0,8 1 0 2600 260 1500 13
28 5 14 270 1 0,25 0,5 0,8 1 0 2400 240 1500 13
29 6 14 250 1 0,25 0,5 0,8 1 0 2200 220 1500 13
30 4 15 230 1 0,25 0,5 0,8 1 0 2000 200 1500 13
31 3 15 210 1 0,25 0,5 0,8 1 0 1800 180 1500 13
32 5 16 190 1 0,25 0,5 0,8 1 0 1600 160 1500 13
33 6 16 170 1 0,25 0,5 0,8 1 0 1400 140 1500 13
34 4 17 150 1 0,25 0,5 0,8 1 0 1200 120 1500 13
35 3 17 130 1 0,25 0,5 0,8 1 0 1000 100 1500 13
36 5 18 110 1 0,25 0,5 0,8 1 0 800 80 1500 13
37 6 18 90 1 0,25 0,5 0,8 1 0 600 60 1500 13
38 4 19 70 1 0,25 0,5 0,8 1 0 400 40 1500 13
39 3 19 50 1 0,25 0,5 0,8 1 0 200 20 1500 13
40 5 20 30 1 0,25 0,5 0,8 1 0 150 15 1500 13
41 6 20 20 1 0,25 0,5 0,8 1 0 100 10 1500 13
42 4 21 15 1 0,25 0,5 0,8 1 0 80 8 1500 13
43 3 21 10 1 0,25 0,5 0,8 1 0 50 5 1500 13
44 5 22 5 1 0,25 0,5 0,8 1 0 30 3 1500 13
45 6 22 3 1 0,25 0,5 0,8 1 0 20 2 1500 13
Node nums: [0 1 2 3 4 5 6 7 8 9 10 11 12 13 14 15 16 17 18 19 20 21 22 23 24 25 26 27
     28 29 30 31 32 33 34 35 36 37 38 39 40 41 42 43 44 45]
xx-Data uploaded-xx
	**** start init su array ...
0 [0 0 0 0 0 0 0 0 0 0]
1 [0 0 0 0 0 0 0 0 0 0]
2 [0 0 0 0 0 0 0 0 0 0]
3 [0 0 0 0 0 0 0 0 0 0]
4 [0 0 0 0 0 0 0 0 0 0]
5 [0 0 0 0 0 0 0 0 0 0]
6 [0 0 0 0 0 0 0 0 0 0]
7 [0 0 0 0 0 0 0 0 0 0]
8 [0 0 0 0 0 0 0 0 0 0]
9 [0 0 0 0 0 0 0 0 0 0]
10 [0 0 0 0 0 0 0 0 0 0]
11 [0 0 0 0 0 0 0 0 0 0]
12 [0 0 0 0 0 0 0 0 0 0]
13 [0 0 0 0 0 0 0 0 0 0]
14 [0 0 0 0 0 0 0 0 0 0]
15 [0 0 0 0 0 0 0 0 0 0]
16 [0 0 0 0 0 0 0 0 0 0]
17 [0 0 0 0 0 0 0 0 0 0]
18 [0 0 0 0 0 0 0 0 0 0]
19 [0 0 0 0 0 0 0 0 0 0]
20 [0 0 0 0 0 0 0 0 0 0]
21 [0 0 0 0 0 0 0 0 0 0]
22 [0 0 0 0 0 0 0 0 0 0]
23 [1 1 1 1 1 1 1 1 1 1]
24 [1 1 1 1 1 1 1 1 1 1]
25 [1 1 1 1 1 1 1 1 1 1]
26 [1 1 1 1 1 1 1 1 1 1]
27 [1 1 1 1 1 1 1 1 1 1]
28 [1 1 1 1 1 1 1 1 1 1]
29 [1 1 1 1 1 1 1 1 1 1]
30 [1 1 1 1 1 1 1 1 1 1]
31 [1 1 1 1 1 1 1 1 1 1]
32 [1 1 1 1 1 1 1 1 1 1]
33 [1 1 1 1 1 1 1 1 1 1]
34 [1 1 1 1 1 1 1 1 1 1]
35 [1 1 1 1 1 1 1 1 1 1]
36 [1 1 1 1 1 1 1 1 1 1]
37 [1 1 1 1 1 1 1 1 1 1]
38 [1 1 1 1 1 1 1 1 1 1]
39 [1 1 1 1 1 1 1 1 1 1]
40 [1 1 1 1 1 1 1 1 1 1]
41 [1 1 1 1 1 1 1 1 1 1]
42 [1 1 1 1 1 1 1 1 1 1]
43 [1 1 1 1 1 1 1 1 1 1]
44 [1 1 1 1 1 1 1 1 1 1]
45 [1 1 1 1 1 1 1 1 1 1]
	**** end init su array ...
1 2 1 700 80 0.85 0.92 0.8 (9)9
2 2 0.9 800 75 0.82 0.90 0.9 (9)9
3 1 1.1 680 90 0.88 0.95 0.5 (9)9
4 1 1 480 100 0.86 0.93 0.6 (9)9
5 5 0.6 550 40 0.72 0.78 1.5 (9)9
6 6 0.5 650 45 0.70 0.75 2.0 (9)9
7 7 0.5 1100 40 0.68 0.72 2.5 (9)9
8 5 0.3 700 30 0.65 0.70 1.8 (9)9
9 9 0.2 1700 15 0.60 0.65 3.5 (9)9
10 1 0.8 5800 40 0.80 0.88 0.7 (9)9

<<< generate

Version identifier: 20.1.0.0 | 2020-11-10 | 9bedb6d68
CPXPARAM_TimeLimit                               1800
Tried aggregator 2 times.
MIP Presolve eliminated 10873 rows and 463 columns.
MIP Presolve added 460 rows and 230 columns.
MIP Presolve modified 233 coefficients.
Aggregator did 2 substitutions.
Reduced MIP has 1142 rows, 823 columns, and 2740 nonzeros.
Reduced MIP has 274 binaries, 319 generals, 0 SOSs, and 0 indicators.
Presolve time = 0,00 sec. (8,18 ticks)
Found incumbent of value 3,5984490e+08 after 0,00 sec. (12,25 ticks)
Probing time = 0,00 sec. (0,22 ticks)
Cover probing fixed 0 vars, tightened 23 bounds.
Tried aggregator 1 time.
Detecting symmetries...
MIP Presolve eliminated 299 rows and 0 columns.
MIP Presolve modified 322 coefficients.
Reduced MIP has 843 rows, 823 columns, and 2372 nonzeros.
Reduced MIP has 274 binaries, 319 generals, 0 SOSs, and 0 indicators.
Presolve time = 0,02 sec. (1,84 ticks)
Classifier predicts products in MIQP should be linearized.
Probing time = 0,00 sec. (0,18 ticks)
MIP emphasis: balance optimality and feasibility.
MIP search method: dynamic search.
Parallel mode: deterministic, using up to 20 threads.
Root relaxation solution time = 0,00 sec. (3,01 ticks)

        Nodes                                         Cuts/
   Node  Left     Objective  IInf  Best Integer    Best Bound    ItCnt     Gap

*     0+    0                       3,59845e+08    56223,0000            99,98%
*     0+    0                       1,77504e+08    56223,0000            99,97%
*     0+    0                       1,53181e+08    56223,0000            99,96%
*     0+    0                       1,52720e+08    56223,0000            99,96%
*     0+    0                       1,52260e+08    56223,0000            99,96%
      0     0   403729,2332   270   1,52260e+08   403729,2332      277   99,73%
      0     0   406655,7602   282   1,52260e+08      Cuts: 58      337   99,73%
      0     0   408214,8450   245   1,52260e+08      Cuts: 92      410   99,73%
      0     0   408373,8300   226   1,52260e+08      Cuts: 54      453   99,73%
      0     0   408464,5208   225   1,52260e+08      Cuts: 38      488   99,73%
      0     0   408482,1902   226   1,52260e+08      Cuts: 14      506   99,73%
Detecting symmetries...
      0     0   408495,8120   226   1,52260e+08      Cuts: 11      521   99,73%
*     0+    0                      1407059,2000   408495,8120            70,97%
*     0+    0                      1406942,2000   408495,8120            70,97%
*     0+    0                      1355408,2000   408495,8120            69,86%
      0     0  -1,00000e+75     0  1355408,2000   408495,8120      521   69,86%
Detecting symmetries...
      0     2   408495,8120   226  1355408,2000   408495,8120      521   69,86%
Elapsed time = 0,17 sec. (82,05 ticks, tree = 0,02 MB, solutions = 8)
*    14+    4                      1251866,4000   408510,0792            67,37%
*    19+    1                       831970,4000   408510,0792            50,90%
*    47+    8                       761470,4000   408602,6207            46,34%
*  1284+  805                       620823,0000   408602,6207            34,18%
*  1379  1081      integral     0   569593,2000   408602,6207     6956   28,26%
*  1399  1230      integral     0   569458,2000   408602,6207     8017   28,25%
*  1691  1295      integral     0   538929,0000   408602,6207     8368   24,18%
*  1782  1274      integral     0   480352,0000   408602,6207     8274   14,94%
*  1794+ 1274                       480343,0000   408602,6207            14,94%
*  2300  1197      integral     0   456317,1000   410073,7035    10731   10,13%
*  2449+ 1302                       433478,0000   410073,7035             5,40%
*  3869+  838                       426527,0000   411523,8187             3,52%

Performing restart 1

Repeating presolve.
Tried aggregator 2 times.
MIP Presolve eliminated 15 rows and 9 columns.
MIP Presolve modified 313 coefficients.
Aggregator did 2 substitutions.
Reduced MIP has 826 rows, 812 columns, and 2328 nonzeros.
Reduced MIP has 269 binaries, 313 generals, 0 SOSs, and 0 indicators.
Presolve time = 0,00 sec. (1,84 ticks)
Tried aggregator 1 time.
MIP Presolve eliminated 285 rows and 281 columns.
MIP Presolve modified 28 coefficients.
Reduced MIP has 541 rows, 531 columns, and 1524 nonzeros.
Reduced MIP has 176 binaries, 205 generals, 0 SOSs, and 0 indicators.
Presolve time = 0,00 sec. (0,96 ticks)
Tried aggregator 1 time.
MIP Presolve modified 6 coefficients.
Reduced MIP has 541 rows, 531 columns, and 1524 nonzeros.
Reduced MIP has 176 binaries, 205 generals, 0 SOSs, and 0 indicators.
Presolve time = 0,00 sec. (1,10 ticks)
Represolve time = 0,42 sec. (33,60 ticks)

Clique cuts applied:  1
Implied bound cuts applied:  125
Flow cuts applied:  24
Mixed integer rounding cuts applied:  167
Zero-half cuts applied:  25
Lift and project cuts applied:  33
Gomory fractional cuts applied:  23

Root node processing (before b&c):
  Real time             =    0,13 sec. (81,91 ticks)
Parallel b&c, 20 threads:
  Real time             =    1,58 sec. (269,09 ticks)
  Sync time (average)   =    0,14 sec.
  Wait time (average)   =    0,00 sec.
                          ------------
Total (root+branch&cut) =    1,70 sec. (351,00 ticks)

<<< solve


OBJECTIVE: 426527
xxxx
#Result <fct_obj, tot_cst, tot_ldt, Emiss>: <4.2653e+5 4.2607e+5 459 2.1728e+7>#TS:426068#A:[0,2,26,19,22,22,16,15,17,17,16,15,12,11,11,12,12,11,11,11,12,11,11,12,6,7,5,4,6,7,9,8,6,7,5,4,6,7,5,8,6,7,5,4,6,7]#X:[0,1,1,1,0,0,0,0,0,0,0,0,0,0,0,0,0,0,0,0,0,0,0,0,0,0,0,0,0,0,0,0,0,0,0,0,0,0,0,0,0,0,0,0,0,0]#E: 21728460#DELIVER:
S3=>P23
S4=>P23
S9=>P23
S10=>P23
S3=>P24
S4=>P24
S10=>P24
S10=>P25
S10=>P26
S3=>P27
S4=>P27
S10=>P27
S3=>P28
S4=>P28
S10=>P28
S3=>P29
S4=>P29
S10=>P29
S3=>P30
S4=>P30
S8=>P30
S10=>P30
S3=>P31
S4=>P31
S8=>P31
S10=>P31
S10=>P32
S4=>P33
S10=>P33
S10=>P34
S3=>P35
S4=>P35
S10=>P35
S10=>P36
S10=>P37
S10=>P38
S8=>P39
S10=>P40
S10=>P41
S10=>P42
S10=>P43
S4=>P44
S10=>P44
S4=>P45
S10=>P45
xxxx

<<< post process


<<< done


)
