Array
(
    [CplexRunTime] => Total (root+branch&cut) =    0,67 sec
    [Result] => Array
        (
            [Objective] => fct_obj.
            [ServiceCost] => tot_cst.
            [LateDeliveries] => tot_ldt.
            [Emissions] => Emiss
        )

    [CS] => 957140
    [A] => Array
        (
            [0] => 0
            [1] => 33
            [2] => 24
            [3] => 24
            [4] => 15
            [5] => 16
            [6] => 18
            [7] => 15
            [8] => 20
            [9] => 16
            [10] => 16
            [11] => 10
            [12] => 5
            [13] => 8
            [14] => 6
            [15] => 14
            [16] => 10
            [17] => 8
            [18] => 12
            [19] => 7
            [20] => 14
            [21] => 7
            [22] => 11
            [23] => 8
            [24] => 7
            [25] => 8
            [26] => 4
        )

    [X] => Array
        (
            [0] => 0
            [1] => 1
            [2] => 0
            [3] => 0
            [4] => 0
            [5] => 0
            [6] => 0
            [7] => 0
            [8] => 0
            [9] => 0
            [10] => 0
            [11] => 0
            [12] => 0
            [13] => 0
            [14] => 0
            [15] => 0
            [16] => 0
            [17] => 0
            [18] => 0
            [19] => 0
            [20] => 0
            [21] => 0
            [22] => 0
            [23] => 0
            [24] => 0
            [25] => 0
            [26] => 0
        )

    [E] => 31144400
    [DELIVER] => Array
        (
            [0] => S3=>P13
            [1] => S4=>P13
            [2] => S5=>P13
            [3] => S8=>P13
            [4] => S10=>P13
            [5] => S3=>P14
            [6] => S4=>P14
            [7] => S8=>P14
            [8] => S10=>P14
            [9] => S3=>P15
            [10] => S8=>P15
            [11] => S3=>P16
            [12] => S4=>P16
            [13] => S10=>P16
            [14] => S3=>P17
            [15] => S4=>P17
            [16] => S8=>P17
            [17] => S10=>P17
            [18] => S3=>P18
            [19] => S4=>P18
            [20] => S5=>P18
            [21] => S8=>P18
            [22] => S10=>P18
            [23] => S3=>P19
            [24] => S4=>P19
            [25] => S8=>P19
            [26] => S10=>P19
            [27] => S1=>P20
            [28] => S3=>P20
            [29] => S4=>P20
            [30] => S8=>P20
            [31] => S10=>P20
            [32] => S3=>P21
            [33] => S4=>P21
            [34] => S8=>P21
            [35] => S10=>P21
            [36] => S3=>P22
            [37] => S4=>P22
            [38] => S5=>P22
            [39] => S8=>P22
            [40] => S10=>P22
            [41] => S3=>P23
            [42] => S4=>P23
            [43] => S8=>P23
            [44] => S10=>P23
            [45] => S10=>P24
            [46] => S3=>P25
            [47] => S4=>P25
            [48] => S10=>P25
            [49] => S3=>P26
            [50] => S4=>P26
            [51] => S10=>P26
        )

    [_raw_output] => 
<<< setup

0 0 -1 0 1 0,25 0,5 0,8 1 0 0 0 0 13
1 9 0 2500 1 0,25 0,5 0,8 1 0 7000 700 1500 13
2 4 1 900 1 0,25 0,5 0,8 1 0 3500 450 1500 13
3 8 1 890 1 0,25 0,5 0,8 1 0 5500 550 1500 13
4 5 1 910 1 0,25 0,5 0,8 1 0 2800 280 1500 13
5 2 1 860 2 0,25 0,5 0,8 1 0 2350 235 1500 13
6 8 2 880 3 0,25 0,5 0,8 1 0 2600 260 1500 13
7 3 2 800 2 0,25 0,5 0,8 1 0 2900 290 1500 13
8 6 2 780 1 0,25 0,5 0,8 1 0 1600 160 1500 13
9 5 3 790 2 0,25 0,5 0,8 1 0 1250 125 1500 13
10 9 3 750 3 0,25 0,5 0,8 1 0 1120 112 1500 13
11 2 4 690 2 0,25 0,5 0,8 1 0 1200 120 1500 13
12 1 4 660 3 0,25 0,5 0,8 1 0 1000 100 1500 13
13 3 5 600 8 0,25 0,5 0,5 1 0 1100 110 1500 13
14 1 5 640 6 0,25 0,5 0,5 1 0 1100 110 1500 13
15 9 5 700 2 0,25 0,5 0,5 1 0 1100 110 1500 13
16 9 6 660 9 0,25 0,5 0,5 1 0 2100 210 1500 13
17 3 6 580 6 0,25 0,5 0,5 1 0 2000 200 1500 13
18 7 7 550 2 0,25 0,5 0,5 1 0 2300 230 1500 13
19 2 8 570 1 0,25 0,5 0,5 1 0 1200 120 1500 13
20 9 8 600 2 0,25 0,5 0,5 1 0 1400 140 1500 13
21 2 9 540 6 0,25 0,5 0,5 1 0 1150 115 1500 13
22 6 9 510 4 0,25 0,5 0,5 1 0 1100 110 1500 13
23 3 9 590 4 0,25 0,5 0,5 1 0 1050 105 1500 13
24 6 10 400 3 0,25 0,5 0,5 1 0 950 95 1500 13
25 7 11 490 2 0,25 0,5 0,5 1 0 1000 100 1500 13
26 3 12 480 3 0,25 0,5 0,5 1 0 900 90 1500 13
Node nums: [0 1 2 3 4 5 6 7 8 9 10 11 12 13 14 15 16 17 18 19 20 21 22 23 24 25 26]
xx-Data uploaded-xx
	**** start init su array ...
0 [0 0 0 0 0 0 0 0 0 0]
1 [0 0 0 0 0 0 0 0 0 0]
2 [0 0 0 0 0 0 0 0 0 0]
3 [0 0 0 0 0 0 0 0 0 0]
4 [0 0 0 0 0 0 0 0 0 0]
5 [0 0 0 0 0 0 0 0 0 0]
6 [0 0 0 0 0 0 0 0 0 0]
7 [0 0 0 0 0 0 0 0 0 0]
8 [0 0 0 0 0 0 0 0 0 0]
9 [0 0 0 0 0 0 0 0 0 0]
10 [0 0 0 0 0 0 0 0 0 0]
11 [0 0 0 0 0 0 0 0 0 0]
12 [0 0 0 0 0 0 0 0 0 0]
13 [1 1 1 1 1 1 1 1 1 1]
14 [1 1 1 1 1 1 1 1 1 1]
15 [1 1 1 1 1 1 1 1 1 1]
16 [1 1 1 1 1 1 1 1 1 1]
17 [1 1 1 1 1 1 1 1 1 1]
18 [1 1 1 1 1 1 1 1 1 1]
19 [1 1 1 1 1 1 1 1 1 1]
20 [1 1 1 1 1 1 1 1 1 1]
21 [1 1 1 1 1 1 1 1 1 1]
22 [1 1 1 1 1 1 1 1 1 1]
23 [1 1 1 1 1 1 1 1 1 1]
24 [1 1 1 1 1 1 1 1 1 1]
25 [1 1 1 1 1 1 1 1 1 1]
26 [1 1 1 1 1 1 1 1 1 1]
	**** end init su array ...
1 2 1 700 80 0.85 0.92 0.8 (9)9
2 2 0.9 800 75 0.82 0.90 0.9 (9)9
3 1 1.1 680 90 0.88 0.95 0.5 (9)9
4 1 1 480 100 0.86 0.93 0.6 (9)9
5 5 0.6 550 40 0.72 0.78 1.5 (9)9
6 6 0.5 650 45 0.70 0.75 2.0 (9)9
7 7 0.5 1100 40 0.68 0.72 2.5 (9)9
8 5 0.3 700 30 0.65 0.70 1.8 (9)9
9 9 0.2 1700 15 0.60 0.65 3.5 (9)9
10 1 0.8 5800 40 0.80 0.88 0.7 (9)9

<<< generate

Version identifier: 20.1.0.0 | 2020-11-10 | 9bedb6d68
CPXPARAM_TimeLimit                               1800
Tried aggregator 2 times.
MIP Presolve eliminated 3813 rows and 263 columns.
MIP Presolve added 280 rows and 140 columns.
MIP Presolve modified 283 coefficients.
Aggregator did 2 substitutions.
Reduced MIP has 689 rows, 496 columns, and 1852 nonzeros.
Reduced MIP has 165 binaries, 191 generals, 0 SOSs, and 0 indicators.
Presolve time = 0,02 sec. (3,98 ticks)
Probing time = 0,00 sec. (0,14 ticks)
Cover probing fixed 0 vars, tightened 14 bounds.
Tried aggregator 1 time.
Detecting symmetries...
MIP Presolve eliminated 182 rows and 0 columns.
MIP Presolve modified 196 coefficients.
Reduced MIP has 507 rows, 496 columns, and 1628 nonzeros.
Reduced MIP has 165 binaries, 191 generals, 0 SOSs, and 0 indicators.
Presolve time = 0,00 sec. (1,25 ticks)
Classifier predicts products in MIQP should be linearized.
Probing time = 0,00 sec. (0,12 ticks)
MIP emphasis: balance optimality and feasibility.
MIP search method: dynamic search.
Parallel mode: deterministic, using up to 20 threads.
Root relaxation solution time = 0,00 sec. (1,57 ticks)

        Nodes                                         Cuts/
   Node  Left     Objective  IInf  Best Integer    Best Bound    ItCnt     Gap

      0     0   802252,3537    92                 802252,3537      100         
      0     0   817814,6872    86                    Cuts: 70      164         
      0     0   822031,2699   105                    Cuts: 54      207         
      0     0   822325,1165   106                    Cuts: 10      224         
      0     0   822353,0656   110                    Cuts: 15      238         
      0     0   822353,4734   109                     Cuts: 6      245         
Detecting symmetries...
*     0+    0                      1206121,0000   822353,4734            31,82%
*     0+    0                      1162842,0000   822353,4734            29,28%
*     0+    0                      1162671,0000   822353,4734            29,27%
*     0+    0                      1162443,0000   825472,0462            28,99%
      0     0  -1,00000e+75     0  1162443,0000   825472,0462      245   28,99%
Detecting symmetries...
      0     2   822353,4734   109  1162443,0000   825472,0462      245   28,99%
Elapsed time = 0,11 sec. (44,74 ticks, tree = 0,02 MB, solutions = 4)
*    33+    7                      1160051,0000   825472,0462            28,84%
*   180+   17                      1160049,0000   825472,0462            28,84%
*   182+    2                      1155240,0000   825472,0462            28,55%
*  1085   803      integral     0  1153158,0000   840383,5779     8306   27,12%
*  1218   855      integral     0  1153062,0000   840383,5779     9081   27,12%
*  1234+  912                      1135321,0000   840383,5779            25,98%
*  1466  1018      integral     0  1118907,0000   840383,5779    12154   24,89%
*  1500   957      integral     0  1107811,0000   840383,5779    11063   24,14%
*  1952+ 1113                      1104320,0000   859716,4177            22,15%
*  1983  1208      integral     0  1102674,0000   859716,4177    16121   22,03%
*  2065+ 1069                       988559,0000   859716,4177            13,03%
*  3501+  859                       966066,0000   898564,0957             6,99%

Performing restart 1

Repeating presolve.
Tried aggregator 1 time.
MIP Presolve eliminated 17 rows and 15 columns.
MIP Presolve modified 332 coefficients.
Reduced MIP has 490 rows, 481 columns, and 1572 nonzeros.
Reduced MIP has 161 binaries, 190 generals, 0 SOSs, and 0 indicators.
Presolve time = 0,00 sec. (0,89 ticks)
Tried aggregator 1 time.
MIP Presolve modified 48 coefficients.
Reduced MIP has 490 rows, 481 columns, and 1572 nonzeros.
Reduced MIP has 161 binaries, 190 generals, 0 SOSs, and 0 indicators.
Presolve time = 0,00 sec. (1,14 ticks)
Represolve time = 0,00 sec. (4,11 ticks)
   7099     0   827540,6595   128   966066,0000     Cuts: 107    63587    1,95%
   7099     0   830476,8939   115   966066,0000     Cuts: 103    63665    1,95%
   7099     0   833300,1881   146   966066,0000      Cuts: 85    63724    1,95%
   7099     0   851039,4807   124   966066,0000      Cuts: 83    63787    1,95%
   7099     0   856004,6360   122   966066,0000     Cuts: 108    63853    1,95%
   7099     0   857546,5969   138   966066,0000     Cuts: 110    63916    1,95%
*  7099+    0                       964931,0000   947219,7812             1,84%
   7099     2   857546,5969   135   964931,0000   947219,7812    63916    1,84%
*  7459    46      integral     0   964676,0000   948608,9753    66483    1,67%
*  7673    37      integral     0   957476,0000   952972,4964    68082    0,47%

Implied bound cuts applied:  14
Flow cuts applied:  17
Mixed integer rounding cuts applied:  52
Zero-half cuts applied:  4
Lift and project cuts applied:  10
Gomory fractional cuts applied:  34

Root node processing (before b&c):
  Real time             =    0,13 sec. (44,58 ticks)
Parallel b&c, 20 threads:
  Real time             =    0,48 sec. (339,26 ticks)
  Sync time (average)   =    0,16 sec.
  Wait time (average)   =    0,00 sec.
                          ------------
Total (root+branch&cut) =    0,61 sec. (383,84 ticks)

<<< solve


OBJECTIVE: 957476
xxxx
#Result <fct_obj, tot_cst, tot_ldt, Emiss>: <9.5748e+5 9.5714e+5 336 3.1144e+7>#CS:957140#A:[0,33,24,24,15,16,18,15,20,16,16,10,5,8,6,14,10,8,12,7,14,7,11,8,7,8,4]#X:[0,1,0,0,0,0,0,0,0,0,0,0,0,0,0,0,0,0,0,0,0,0,0,0,0,0,0]#E: 31144400#DELIVER:
S3=>P13
S4=>P13
S5=>P13
S8=>P13
S10=>P13
S3=>P14
S4=>P14
S8=>P14
S10=>P14
S3=>P15
S8=>P15
S3=>P16
S4=>P16
S10=>P16
S3=>P17
S4=>P17
S8=>P17
S10=>P17
S3=>P18
S4=>P18
S5=>P18
S8=>P18
S10=>P18
S3=>P19
S4=>P19
S8=>P19
S10=>P19
S1=>P20
S3=>P20
S4=>P20
S8=>P20
S10=>P20
S3=>P21
S4=>P21
S8=>P21
S10=>P21
S3=>P22
S4=>P22
S5=>P22
S8=>P22
S10=>P22
S3=>P23
S4=>P23
S8=>P23
S10=>P23
S10=>P24
S3=>P25
S4=>P25
S10=>P25
S3=>P26
S4=>P26
S10=>P26
xxxx

<<< post process


<<< done


)
