Array
(
    [CplexRunTime] => Total (root+branch&cut) =    0,22 sec
    [Result] => Array
        (
            [Objective] => fct_obj.
            [ServiceCost] => tot_cst.
            [LateDeliveries] => tot_ldt.
            [Emissions] => Emiss
        )

    [CS] => 184121
    [A] => Array
        (
            [0] => 0
            [1] => 3
            [2] => 3
            [3] => 3
            [4] => 2
            [5] => 10
            [6] => 3
            [7] => 6
            [8] => 7
            [9] => 5
            [10] => 6
        )

    [X] => Array
        (
            [0] => 0
            [1] => 1
            [2] => 1
            [3] => 1
            [4] => 1
            [5] => 1
            [6] => 1
            [7] => 0
            [8] => 1
            [9] => 1
            [10] => 1
        )

    [E] => 4066280
    [DELIVER] => Array
        (
            [0] => S10=>P1
            [1] => S10=>P2
            [2] => S10=>P3
            [3] => S3=>P7
            [4] => S4=>P7
            [5] => S10=>P7
            [6] => S4=>P8
            [7] => S4=>P9
            [8] => S4=>P10
        )

    [_raw_output] => 
<<< setup

0 0 -1 0 0 0.25 0.5 0.8 1 0 0 0 0  14
1 2 0 700 1 0.25 0.5 0.8 1 0 7000 700 1500  14
2 2 0 650 1 0.25 0.5 0.8 1 0 6500 650 1500  14
3 2 0 600 1 0.25 0.5 0.8 1 0 6000 600 1500  14
4 2 0 750 1 0.25 0.5 0.8 1 0 7500 750 1500  14
5 4 4 180 1 0.25 0.5 0.8 1 0 5600 560 1500  14
6 3 4 120 2 0.25 0.5 0.8 1 0 3900 390 1500  14
7 5 5 35 6 0.25 0.5 0.8 1 0 3600 360 1500  14
8 6 6 40 2 0.25 0.5 0.8 1 0 3200 320 1500  14
9 4 5 27 4 0.25 0.5 0.8 1 0 3100 310 1500  14
10 5 6 32 3 0.25 0.5 0.8 1 0 2900 290 1500  14
Node nums: [0 1 2 3 4 5 6 7 8 9 10]
xx-Data uploaded-xx
	**** start init su array ...
0 [0 0 0 0 0 0 0 0 0 0]
1 [1 1 1 1 1 1 1 1 1 1]
2 [1 1 1 1 1 1 1 1 1 1]
3 [1 1 1 1 1 1 1 1 1 1]
4 [0 0 0 0 0 0 0 0 0 0]
5 [0 0 0 0 0 0 0 0 0 0]
6 [0 0 0 0 0 0 0 0 0 0]
7 [1 1 1 1 1 1 1 1 1 1]
8 [1 1 1 1 1 1 1 1 1 1]
9 [1 1 1 1 1 1 1 1 1 1]
10 [1 1 1 1 1 1 1 1 1 1]
	**** end init su array ...
1 2 1 100 80 0.85 0.92 0.8 (9)9
2 2 0.9 60 75 0.82 0.90 0.9 (9)9
3 1 1.1 80 90 0.88 0.95 0.5 (9)9
4 1 1 80 100 0.86 0.93 0.6 (9)9
5 5 0.6 50 40 0.72 0.78 1.5 (9)9
6 6 0.5 60 45 0.70 0.75 2.0 (9)9
7 7 0.5 80 40 0.68 0.72 2.5 (9)9
8 5 0.3 25 30 0.65 0.70 1.8 (9)9
9 9 0.2 250 15 0.60 0.65 3.5 (9)9
10 1 0.8 30 40 0.80 0.88 0.7 (9)9

<<< generate

Version identifier: 20.1.0.0 | 2020-11-10 | 9bedb6d68
CPXPARAM_TimeLimit                               1800
Tried aggregator 2 times.
MIP Presolve eliminated 664 rows and 86 columns.
MIP Presolve added 140 rows and 70 columns.
MIP Presolve modified 120 coefficients.
Aggregator did 5 substitutions.
Reduced MIP has 319 rows, 232 columns, and 861 nonzeros.
Reduced MIP has 76 binaries, 86 generals, 0 SOSs, and 0 indicators.
Presolve time = 0,00 sec. (1,25 ticks)
Probing time = 0,00 sec. (0,07 ticks)
Cover probing fixed 0 vars, tightened 7 bounds.
Tried aggregator 1 time.
Detecting symmetries...
MIP Presolve eliminated 61 rows and 0 columns.
MIP Presolve modified 128 coefficients.
Reduced MIP has 258 rows, 232 columns, and 779 nonzeros.
Reduced MIP has 76 binaries, 86 generals, 0 SOSs, and 0 indicators.
Presolve time = 0,00 sec. (0,72 ticks)
Classifier predicts products in MIQP should be linearized.
Probing time = 0,00 sec. (0,06 ticks)
MIP emphasis: balance optimality and feasibility.
MIP search method: dynamic search.
Parallel mode: deterministic, using up to 20 threads.
Root relaxation solution time = 0,00 sec. (1,50 ticks)

        Nodes                                         Cuts/
   Node  Left     Objective  IInf  Best Integer    Best Bound    ItCnt     Gap

      0     0   150596,8658    80                 150596,8658      147         
      0     0   165995,3174    52                    Cuts: 96      189         
      0     0   166524,4501    64                    Cuts: 26      217         
      0     0   166655,5753    62                    Cuts: 10      228         
      0     0   166656,4375    67                     Cuts: 7      237         
*     0+    0                       561415,0000   166656,4375            70,31%
*     0+    0                       213888,0000   166656,4375            22,08%
*     0+    0                       188071,0000   166656,4375            11,39%
*     0+    0                       184777,0000   166720,8978             9,77%
      0     0  -1,00000e+75     0   184777,0000   166720,8978      237    9,77%
Detecting symmetries...
      0     2   166656,4375    67   184777,0000   166720,8978      237    9,77%
Elapsed time = 0,05 sec. (23,40 ticks, tree = 0,02 MB, solutions = 4)
*    17+    4                       184169,0000   167042,6352             9,30%
*    37+   12                       184169,0000   167426,7070             9,09%

Cover cuts applied:  7
Implied bound cuts applied:  91
Flow cuts applied:  7
Mixed integer rounding cuts applied:  6
Zero-half cuts applied:  8
Lift and project cuts applied:  6
Gomory fractional cuts applied:  20

Root node processing (before b&c):
  Real time             =    0,05 sec. (23,22 ticks)
Parallel b&c, 20 threads:
  Real time             =    0,09 sec. (62,81 ticks)
  Sync time (average)   =    0,05 sec.
  Wait time (average)   =    0,00 sec.
                          ------------
Total (root+branch&cut) =    0,14 sec. (86,03 ticks)

<<< solve


OBJECTIVE: 184169
xxxx
#Result <fct_obj, tot_cst, tot_ldt, Emiss>: <1.8417e+5 1.8412e+5 48 4.0663e+6>#CS:184121#A:[0,3,3,3,2,10,3,6,7,5,6]#X:[0,1,1,1,1,1,1,0,1,1,1]#E: 4066280#DELIVER:
S10=>P1
S10=>P2
S10=>P3
S3=>P7
S4=>P7
S10=>P7
S4=>P8
S4=>P9
S4=>P10
xxxx

<<< post process


<<< done


)
