Array
(
    [CplexRunTime] => Total (root+branch&cut) =    0,08 sec
    [Result] => Array
        (
            [Objective] => fct_obj.
            [ServiceCost] => tot_cst.
            [LateDeliveries] => tot_ldt.
            [Emissions] => Emiss
        )

    [CS] => 60260
    [A] => Array
        (
            [0] => 0
            [1] => 2
            [2] => 5
            [3] => 6
            [4] => 4
            [5] => 6
        )

    [X] => Array
        (
            [0] => 0
            [1] => 1
            [2] => 1
            [3] => 1
            [4] => 1
            [5] => 1
        )

    [E] => 1503000
    [DELIVER] => Array
        (
            [0] => S10=>P2
            [1] => S3=>P4
            [2] => S4=>P4
            [3] => S4=>P5
        )

    [_raw_output] => 
<<< setup

0 0 -1 0 0 0.25 0.5 0.8 1 0 0 0 0  14
1 2 0 700 1 0.25 0.5 0.8 1 0 7000 700 1500  14
2 4 1 165 1 0.25 0.5 0.8 1 0 5000 500 1500  14
3 6 1 100 2 0.25 0.5 0.8 1 0 3500 350 1500  14
4 3 3 25 6 0.25 0.5 0.8 1 0 3000 300 1500  14
5 5 3 30 2 0.25 0.5 0.8 1 0 2500 250 1500  14
Node nums: [0 1 2 3 4 5]
xx-Data uploaded-xx
	**** start init su array ...
0 [0 0 0 0 0 0 0 0 0 0]
1 [0 0 0 0 0 0 0 0 0 0]
2 [1 1 1 1 1 1 1 1 1 1]
3 [0 0 0 0 0 0 0 0 0 0]
4 [1 1 1 1 1 1 1 1 1 1]
5 [1 1 1 1 1 1 1 1 1 1]
	**** end init su array ...
1 2 1 100 80 0.85 0.92 0.8 (9)9
2 2 0.9 60 75 0.82 0.90 0.9 (9)9
3 1 1.1 80 90 0.88 0.95 0.5 (9)9
4 1 1 80 100 0.86 0.93 0.6 (9)9
5 5 0.6 50 40 0.72 0.78 1.5 (9)9
6 6 0.5 60 45 0.70 0.75 2.0 (9)9
7 7 0.5 80 40 0.68 0.72 2.5 (9)9
8 5 0.3 25 30 0.65 0.70 1.8 (9)9
9 9 0.2 250 15 0.60 0.65 3.5 (9)9
10 1 0.8 30 40 0.80 0.88 0.7 (9)9

<<< generate

Version identifier: 20.1.0.0 | 2020-11-10 | 9bedb6d68
CPXPARAM_TimeLimit                               1800
Tried aggregator 2 times.
MIP Presolve eliminated 233 rows and 63 columns.
MIP Presolve added 60 rows and 30 columns.
MIP Presolve modified 74 coefficients.
Aggregator did 2 substitutions.
Reduced MIP has 143 rows, 103 columns, and 374 nonzeros.
Reduced MIP has 34 binaries, 39 generals, 0 SOSs, and 0 indicators.
Presolve time = 0,00 sec. (0,86 ticks)
Probing time = 0,00 sec. (0,04 ticks)
Cover probing fixed 0 vars, tightened 3 bounds.
Tried aggregator 1 time.
Detecting symmetries...
MIP Presolve eliminated 39 rows and 0 columns.
MIP Presolve modified 91 coefficients.
Reduced MIP has 104 rows, 103 columns, and 326 nonzeros.
Reduced MIP has 34 binaries, 39 generals, 0 SOSs, and 0 indicators.
Presolve time = 0,00 sec. (0,40 ticks)
Classifier predicts products in MIQP should be linearized.
Probing time = 0,00 sec. (0,03 ticks)
MIP emphasis: balance optimality and feasibility.
MIP search method: dynamic search.
Parallel mode: deterministic, using up to 20 threads.
Root relaxation solution time = 0,00 sec. (0,43 ticks)

        Nodes                                         Cuts/
   Node  Left     Objective  IInf  Best Integer    Best Bound    ItCnt     Gap

      0     0    41409,1379    56                  41409,1379       53         
      0     0    41441,3052    63                    Cuts: 27       73         
      0     0    41680,4387    65                    Cuts: 12       82         
      0     0    42018,1636    65                    Cuts: 15       94         
      0     0    42313,8611    38                    Cuts: 20      116         
      0     0    42320,8785    67                     Cuts: 8      119         
Detecting symmetries...
      0     0    42725,3020    58                    Cuts: 10      131         
      0     0    42756,1088    62                     Cuts: 7      136         
      0     0    42963,3617    62                     Cuts: 6      146         
      0     0    43010,6323    57                     Cuts: 7      155         
      0     0    43077,2594    59                    Cuts: 12      162         
      0     0    43348,3127    34                    Cuts: 13      176         
      0     0    43377,5550    52                     Cuts: 8      182         
      0     0    43381,3796    52                     Cuts: 2      183         
      0     0    43447,3596    48                 ZeroHalf: 1      187         
      0     0    43456,0971    50                     Cuts: 2      188         
      0     0    43462,0821    50                 ZeroHalf: 1      189         
*     0+    0                        79359,5000    43462,0821            45,23%
*     0+    0                        60283,0000    43462,0821            27,90%
      0     0        cutoff          60283,0000    60283,0000      189    0,00%
Elapsed time = 0,13 sec. (23,21 ticks, tree = 0,01 MB, solutions = 2)

Implied bound cuts applied:  13
Mixed integer rounding cuts applied:  9
Zero-half cuts applied:  12
Gomory fractional cuts applied:  5

Root node processing (before b&c):
  Real time             =    0,13 sec. (23,21 ticks)
Parallel b&c, 20 threads:
  Real time             =    0,00 sec. (0,00 ticks)
  Sync time (average)   =    0,00 sec.
  Wait time (average)   =    0,00 sec.
                          ------------
Total (root+branch&cut) =    0,13 sec. (23,21 ticks)

<<< solve


OBJECTIVE: 60283
xxxx
#Result <fct_obj, tot_cst, tot_ldt, Emiss>: <60283 60260 23 1.503e+6>#CS:60260#A:[0,2,5,6,4,6]#X:[0,1,1,1,1,1]#E: 1503000#DELIVER:
S10=>P2
S3=>P4
S4=>P4
S4=>P5
xxxx

<<< post process


<<< done


)
