Array
(
    [CplexRunTime] => Total (root+branch&cut) =    0,92 sec
    [Result] => Array
        (
            [Objective] => fct_obj.
            [ServiceCost] => tot_cst.
            [LateDeliveries] => tot_ldt.
            [Emissions] => Emiss
        )

    [CS] => 1008240
    [A] => Array
        (
            [0] => 0
            [1] => 33
            [2] => 24
            [3] => 24
            [4] => 15
            [5] => 12
            [6] => 18
            [7] => 11
            [8] => 20
            [9] => 13
            [10] => 16
            [11] => 10
            [12] => 5
            [13] => 8
            [14] => 6
            [15] => 10
            [16] => 10
            [17] => 8
            [18] => 8
            [19] => 3
            [20] => 14
            [21] => 7
            [22] => 7
            [23] => 8
            [24] => 7
            [25] => 8
            [26] => 4
        )

    [X] => Array
        (
            [0] => 0
            [1] => 1
            [2] => 0
            [3] => 0
            [4] => 0
            [5] => 0
            [6] => 0
            [7] => 0
            [8] => 0
            [9] => 0
            [10] => 0
            [11] => 0
            [12] => 0
            [13] => 0
            [14] => 0
            [15] => 0
            [16] => 0
            [17] => 0
            [18] => 0
            [19] => 0
            [20] => 0
            [21] => 0
            [22] => 0
            [23] => 0
            [24] => 0
            [25] => 0
            [26] => 0
        )

    [E] => 29010200
    [DELIVER] => Array
        (
            [0] => S3=>P13
            [1] => S4=>P13
            [2] => S8=>P13
            [3] => S10=>P13
            [4] => S3=>P14
            [5] => S4=>P14
            [6] => S8=>P14
            [7] => S10=>P14
            [8] => S3=>P15
            [9] => S4=>P15
            [10] => S10=>P15
            [11] => S3=>P16
            [12] => S4=>P16
            [13] => S10=>P16
            [14] => S3=>P17
            [15] => S4=>P17
            [16] => S8=>P17
            [17] => S10=>P17
            [18] => S3=>P18
            [19] => S4=>P18
            [20] => S10=>P18
            [21] => S3=>P19
            [22] => S4=>P19
            [23] => S10=>P19
            [24] => S1=>P20
            [25] => S3=>P20
            [26] => S4=>P20
            [27] => S5=>P20
            [28] => S8=>P20
            [29] => S10=>P20
            [30] => S3=>P21
            [31] => S4=>P21
            [32] => S8=>P21
            [33] => S10=>P21
            [34] => S10=>P22
            [35] => S1=>P23
            [36] => S2=>P23
            [37] => S3=>P23
            [38] => S4=>P23
            [39] => S8=>P23
            [40] => S10=>P23
            [41] => S10=>P24
            [42] => S3=>P25
            [43] => S10=>P25
            [44] => S3=>P26
            [45] => S4=>P26
            [46] => S10=>P26
        )

    [_raw_output] => 
<<< setup

0 0 -1 0 1 0,25 0,5 0,8 1 0 0 0 0 13
1 9 0 2500 1 0,25 0,5 0,8 1 0 7000 700 1500 13
2 4 1 900 1 0,25 0,5 0,8 1 0 3500 450 1500 13
3 8 1 890 1 0,25 0,5 0,8 1 0 5500 550 1500 13
4 5 1 910 1 0,25 0,5 0,8 1 0 2800 280 1500 13
5 2 1 860 2 0,25 0,5 0,8 1 0 2350 235 1500 13
6 8 2 880 3 0,25 0,5 0,8 1 0 2600 260 1500 13
7 3 2 800 2 0,25 0,5 0,8 1 0 2900 290 1500 13
8 6 2 780 1 0,25 0,5 0,8 1 0 1600 160 1500 13
9 5 3 790 2 0,25 0,5 0,8 1 0 1250 125 1500 13
10 9 3 750 3 0,25 0,5 0,8 1 0 1120 112 1500 13
11 2 4 690 2 0,25 0,5 0,8 1 0 1200 120 1500 13
12 1 4 660 3 0,25 0,5 0,8 1 0 1000 100 1500 13
13 3 5 600 8 0,25 0,5 0,5 1 0 1100 110 1500 13
14 1 5 640 6 0,25 0,5 0,5 1 0 1100 110 1500 13
15 9 5 700 2 0,25 0,5 0,5 1 0 1100 110 1500 13
16 9 6 660 9 0,25 0,5 0,5 1 0 2100 210 1500 13
17 3 6 580 6 0,25 0,5 0,5 1 0 2000 200 1500 13
18 7 7 550 2 0,25 0,5 0,5 1 0 2300 230 1500 13
19 2 8 570 1 0,25 0,5 0,5 1 0 1200 120 1500 13
20 9 8 600 2 0,25 0,5 0,5 1 0 1400 140 1500 13
21 2 9 540 6 0,25 0,5 0,5 1 0 1150 115 1500 13
22 6 9 510 4 0,25 0,5 0,5 1 0 1100 110 1500 13
23 3 9 590 4 0,25 0,5 0,5 1 0 1050 105 1500 13
24 6 10 400 3 0,25 0,5 0,5 1 0 950 95 1500 13
25 7 11 490 2 0,25 0,5 0,5 1 0 1000 100 1500 13
26 3 12 480 3 0,25 0,5 0,5 1 0 900 90 1500 13
Node nums: [0 1 2 3 4 5 6 7 8 9 10 11 12 13 14 15 16 17 18 19 20 21 22 23 24 25 26]
xx-Data uploaded-xx
	**** start init su array ...
0 [0 0 0 0 0 0 0 0 0 0]
1 [0 0 0 0 0 0 0 0 0 0]
2 [0 0 0 0 0 0 0 0 0 0]
3 [0 0 0 0 0 0 0 0 0 0]
4 [0 0 0 0 0 0 0 0 0 0]
5 [0 0 0 0 0 0 0 0 0 0]
6 [0 0 0 0 0 0 0 0 0 0]
7 [0 0 0 0 0 0 0 0 0 0]
8 [0 0 0 0 0 0 0 0 0 0]
9 [0 0 0 0 0 0 0 0 0 0]
10 [0 0 0 0 0 0 0 0 0 0]
11 [0 0 0 0 0 0 0 0 0 0]
12 [0 0 0 0 0 0 0 0 0 0]
13 [1 1 1 1 1 1 1 1 1 1]
14 [1 1 1 1 1 1 1 1 1 1]
15 [1 1 1 1 1 1 1 1 1 1]
16 [1 1 1 1 1 1 1 1 1 1]
17 [1 1 1 1 1 1 1 1 1 1]
18 [1 1 1 1 1 1 1 1 1 1]
19 [1 1 1 1 1 1 1 1 1 1]
20 [1 1 1 1 1 1 1 1 1 1]
21 [1 1 1 1 1 1 1 1 1 1]
22 [1 1 1 1 1 1 1 1 1 1]
23 [1 1 1 1 1 1 1 1 1 1]
24 [1 1 1 1 1 1 1 1 1 1]
25 [1 1 1 1 1 1 1 1 1 1]
26 [1 1 1 1 1 1 1 1 1 1]
	**** end init su array ...
1 2 1 700 80 0.85 0.92 0.8 (9)9
2 2 0.9 800 75 0.82 0.90 0.9 (9)9
3 1 1.1 680 90 0.88 0.95 0.5 (9)9
4 1 1 480 100 0.86 0.93 0.6 (9)9
5 5 0.6 550 40 0.72 0.78 1.5 (9)9
6 6 0.5 650 45 0.70 0.75 2.0 (9)9
7 7 0.5 1100 40 0.68 0.72 2.5 (9)9
8 5 0.3 700 30 0.65 0.70 1.8 (9)9
9 9 0.2 1700 15 0.60 0.65 3.5 (9)9
10 1 0.8 5800 40 0.80 0.88 0.7 (9)9

<<< generate

Version identifier: 20.1.0.0 | 2020-11-10 | 9bedb6d68
CPXPARAM_TimeLimit                               1800
Tried aggregator 2 times.
MIP Presolve eliminated 3813 rows and 263 columns.
MIP Presolve added 280 rows and 140 columns.
MIP Presolve modified 283 coefficients.
Aggregator did 2 substitutions.
Reduced MIP has 689 rows, 496 columns, and 1852 nonzeros.
Reduced MIP has 165 binaries, 191 generals, 0 SOSs, and 0 indicators.
Presolve time = 0,00 sec. (3,98 ticks)
Probing time = 0,00 sec. (0,14 ticks)
Cover probing fixed 0 vars, tightened 14 bounds.
Tried aggregator 1 time.
Detecting symmetries...
MIP Presolve eliminated 182 rows and 0 columns.
MIP Presolve modified 196 coefficients.
Reduced MIP has 507 rows, 496 columns, and 1628 nonzeros.
Reduced MIP has 165 binaries, 191 generals, 0 SOSs, and 0 indicators.
Presolve time = 0,00 sec. (1,25 ticks)
Classifier predicts products in MIQP should be linearized.
Probing time = 0,00 sec. (0,12 ticks)
MIP emphasis: balance optimality and feasibility.
MIP search method: dynamic search.
Parallel mode: deterministic, using up to 20 threads.
Root relaxation solution time = 0,00 sec. (1,45 ticks)

        Nodes                                         Cuts/
   Node  Left     Objective  IInf  Best Integer    Best Bound    ItCnt     Gap

      0     0   813058,5947    98                 813058,5947      103         
      0     0   832209,1589   111                    Cuts: 68      177         
      0     0   845123,0020   129                    Cuts: 60      237         
      0     0   846283,8252   126                    Cuts: 23      255         
      0     0   846396,8383   133                     Cuts: 9      268         
      0     0   846411,0855   133                    Cuts: 10      275         
Detecting symmetries...
      0     0   846434,8729   132                    Cuts: 12      284         
*     0+    0                      7549636,0000   846434,8729            88,79%
*     0+    0                      1288702,0000   846434,8729            34,32%
*     0+    0                      1288698,0000   846434,8729            34,32%
*     0+    0                      1064437,0000   850457,9829            20,10%
*     0+    0                      1044148,0000   850457,9829            18,55%
Detecting symmetries...
      0     2   846434,8729   132  1044148,0000   857773,8199      284   17,85%
Elapsed time = 0,14 sec. (67,85 ticks, tree = 0,02 MB, solutions = 5)
*    10+    1                      1043521,0000   857773,8199            17,80%
*    12+    2                      1043520,0000   867521,2907            16,87%
*   109+   12                      1025117,0000   873120,6614            14,83%
*  4489  1586      integral     0  1022519,0000   949943,0706    38424    7,10%
*  6192+ 2111                      1019116,0000   951378,5614             6,65%
*  6655  2719      integral     0  1015532,0000   951555,7256    52844    6,30%

Performing restart 1

Repeating presolve.
Tried aggregator 1 time.
MIP Presolve eliminated 20 rows and 17 columns.
MIP Presolve modified 331 coefficients.
Reduced MIP has 487 rows, 479 columns, and 1562 nonzeros.
Reduced MIP has 160 binaries, 189 generals, 0 SOSs, and 0 indicators.
Presolve time = 0,00 sec. (0,90 ticks)
Tried aggregator 1 time.
MIP Presolve modified 46 coefficients.
Reduced MIP has 487 rows, 479 columns, and 1562 nonzeros.
Reduced MIP has 160 binaries, 189 generals, 0 SOSs, and 0 indicators.
Presolve time = 0,00 sec. (1,13 ticks)
Represolve time = 0,00 sec. (4,25 ticks)
*  7849+    0                      1013708,0000   965367,8264             4,77%
   7849     0   858149,8384   148  1013708,0000     Cuts: 131    63054    4,77%
   7849     0   873090,8700   141  1013708,0000      Cuts: 82    63121    4,77%
   7849     0   881518,4550   136  1013708,0000      Cuts: 63    63186    4,77%
   7849     0   890001,8750   148  1013708,0000      Cuts: 86    63259    4,77%
   7849     0   900911,6817   140  1013708,0000     Cuts: 108    63382    4,77%
   7849     0   907253,3465   131  1013708,0000     Cuts: 105    63455    4,77%
   7849     0   911827,6165   135  1013708,0000      Cuts: 84    63516    4,77%
   7849     0   914939,0338   137  1013708,0000      Cuts: 99    63581    4,77%
   7849     0   921561,4427   145  1013708,0000      Cuts: 91    63667    4,77%
   7849     0   923270,5040   159  1013708,0000      Cuts: 80    63737    3,94%
   7850     3   949923,3814    97  1013708,0000   978024,6514    63788    3,52%
*  8533+   32                      1008550,0000   978024,6514             3,03%
*  8543    14      integral     0  1008549,0000   978024,6514    69990    3,03%

Implied bound cuts applied:  11
Flow cuts applied:  21
Mixed integer rounding cuts applied:  84
Zero-half cuts applied:  6
Lift and project cuts applied:  14
Gomory fractional cuts applied:  44

Root node processing (before b&c):
  Real time             =    0,09 sec. (67,67 ticks)
Parallel b&c, 20 threads:
  Real time             =    0,67 sec. (435,38 ticks)
  Sync time (average)   =    0,23 sec.
  Wait time (average)   =    0,00 sec.
                          ------------
Total (root+branch&cut) =    0,77 sec. (503,05 ticks)

<<< solve


OBJECTIVE: 1008549
xxxx
#Result <fct_obj, tot_cst, tot_ldt, Emiss>: <1.0085e+6 1.0082e+6 309 2.901e+7>#CS:1008240#A:[0,33,24,24,15,12,18,11,20,13,16,10,5,8,6,10,10,8,8,3,14,7,7,8,7,8,4]#X:[0,1,0,0,0,0,0,0,0,0,0,0,0,0,0,0,0,0,0,0,0,0,0,0,0,0,0]#E: 29010200#DELIVER:
S3=>P13
S4=>P13
S8=>P13
S10=>P13
S3=>P14
S4=>P14
S8=>P14
S10=>P14
S3=>P15
S4=>P15
S10=>P15
S3=>P16
S4=>P16
S10=>P16
S3=>P17
S4=>P17
S8=>P17
S10=>P17
S3=>P18
S4=>P18
S10=>P18
S3=>P19
S4=>P19
S10=>P19
S1=>P20
S3=>P20
S4=>P20
S5=>P20
S8=>P20
S10=>P20
S3=>P21
S4=>P21
S8=>P21
S10=>P21
S10=>P22
S1=>P23
S2=>P23
S3=>P23
S4=>P23
S8=>P23
S10=>P23
S10=>P24
S3=>P25
S10=>P25
S3=>P26
S4=>P26
S10=>P26
xxxx

<<< post process


<<< done


)
