Array
(
    [CplexRunTime] => Total (root+branch&cut) =    0,05 sec
    [Result] => Array
        (
            [Objective] => fct_obj.
            [ServiceCost] => tot_cst.
            [LateDeliveries] => tot_ldt.
            [Emissions] => Emiss
        )

    [CS] => 51555
    [A] => Array
        (
            [0] => 0
            [1] => 2
            [2] => 5
            [3] => 10
            [4] => 4
            [5] => 6
        )

    [X] => Array
        (
            [0] => 0
            [1] => 1
            [2] => 1
            [3] => 1
            [4] => 0
            [5] => 1
        )

    [E] => 2253700
    [DELIVER] => Array
        (
            [0] => S10=>P2
            [1] => S3=>P4
            [2] => S4=>P4
            [3] => S10=>P4
            [4] => S4=>P5
        )

    [_raw_output] => 
<<< setup

0 0 -1 0 0 0.25 0.5 0.8 1 0 0 0 0  14
1 2 0 700 1 0.25 0.5 0.8 1 0 7000 700 1500  14
2 4 1 165 1 0.25 0.5 0.8 1 0 5000 500 1500  14
3 6 1 100 2 0.25 0.5 0.8 1 0 3500 350 1500  14
4 3 3 25 6 0.25 0.5 0.8 1 0 3000 300 1500  14
5 5 3 30 2 0.25 0.5 0.8 1 0 2500 250 1500  14
Node nums: [0 1 2 3 4 5]
xx-Data uploaded-xx
	**** start init su array ...
0 [0 0 0 0 0 0 0 0 0 0]
1 [0 0 0 0 0 0 0 0 0 0]
2 [1 1 1 1 1 1 1 1 1 1]
3 [0 0 0 0 0 0 0 0 0 0]
4 [1 1 1 1 1 1 1 1 1 1]
5 [1 1 1 1 1 1 1 1 1 1]
	**** end init su array ...
1 2 1 100 80 0.85 0.92 0.8 (9)9
2 2 0.9 60 75 0.82 0.90 0.9 (9)9
3 1 1.1 80 90 0.88 0.95 0.5 (9)9
4 1 1 80 100 0.86 0.93 0.6 (9)9
5 5 0.6 50 40 0.72 0.78 1.5 (9)9
6 6 0.5 60 45 0.70 0.75 2.0 (9)9
7 7 0.5 80 40 0.68 0.72 2.5 (9)9
8 5 0.3 25 30 0.65 0.70 1.8 (9)9
9 9 0.2 250 15 0.60 0.65 3.5 (9)9
10 1 0.8 30 40 0.80 0.88 0.7 (9)9

<<< generate

Version identifier: 20.1.0.0 | 2020-11-10 | 9bedb6d68
CPXPARAM_TimeLimit                               1800
Tried aggregator 2 times.
MIP Presolve eliminated 233 rows and 63 columns.
MIP Presolve added 60 rows and 30 columns.
MIP Presolve modified 73 coefficients.
Aggregator did 2 substitutions.
Reduced MIP has 143 rows, 103 columns, and 374 nonzeros.
Reduced MIP has 34 binaries, 39 generals, 0 SOSs, and 0 indicators.
Presolve time = 0,00 sec. (0,86 ticks)
Found incumbent of value 310102,000000 after 0,00 sec. (1,54 ticks)
Probing time = 0,00 sec. (0,04 ticks)
Cover probing fixed 0 vars, tightened 32 bounds.
Tried aggregator 1 time.
Detecting symmetries...
MIP Presolve eliminated 39 rows and 0 columns.
MIP Presolve modified 114 coefficients.
Reduced MIP has 104 rows, 103 columns, and 326 nonzeros.
Reduced MIP has 34 binaries, 39 generals, 0 SOSs, and 0 indicators.
Presolve time = 0,00 sec. (0,24 ticks)
Classifier predicts products in MIQP should be linearized.
Probing fixed 0 vars, tightened 1 bounds.
Probing time = 0,00 sec. (0,04 ticks)
MIP emphasis: balance optimality and feasibility.
MIP search method: dynamic search.
Parallel mode: deterministic, using up to 20 threads.
Root relaxation solution time = 0,00 sec. (0,41 ticks)

        Nodes                                         Cuts/
   Node  Left     Objective  IInf  Best Integer    Best Bound    ItCnt     Gap

*     0+    0                       310102,0000    11217,0000            96,38%
*     0+    0                       269935,5000    11217,0000            95,84%
*     0+    0                       238572,0000    11217,0000            95,30%
*     0+    0                       207208,5000    11217,0000            94,59%
*     0+    0                       207132,0000    11217,0000            94,58%
      0     0    41313,3308    56   207132,0000    41313,3308       52   80,05%
      0     0    41344,9102    63   207132,0000      Cuts: 26       71   80,04%
      0     0    41574,4840    65   207132,0000      Cuts: 19       84   79,93%
      0     0    41821,7934    61   207132,0000      Cuts: 15       93   79,81%
      0     0    41992,0176    67   207132,0000      Cuts: 12      107   79,73%
      0     0    42135,7942    47   207132,0000       Cuts: 9      119   79,66%
Detecting symmetries...
      0     0    42144,8397    48   207132,0000       Cuts: 5      124   79,65%
      0     0    42177,8944    48   207132,0000       Cuts: 3      130   79,64%
      0     0    42308,0503    47   207132,0000       Cuts: 6      135   79,57%
      0     0    42488,8961    47   207132,0000       Cuts: 4      140   79,49%
      0     0    42495,9267    47   207132,0000       Cuts: 6      144   79,48%
      0     0    42671,6776    46   207132,0000       Cuts: 3      151   79,40%
      0     0    42771,8158    47   207132,0000       Cuts: 6      157   79,35%
      0     0    42822,7237    41   207132,0000   ZeroHalf: 1      161   79,33%
      0     0    42827,9435    45   207132,0000   ZeroHalf: 1      162   79,32%
      0     0    42850,1942    44   207132,0000   ZeroHalf: 2      165   79,31%
      0     0    42877,4526    45   207132,0000   ZeroHalf: 2      168   79,30%
      0     0    42930,8821    45   207132,0000   ZeroHalf: 1      170   79,27%
      0     0    42943,3328    45   207132,0000       Cuts: 2      172   79,27%
      0     0    42970,0451    43   207132,0000       Cuts: 3      175   79,25%
      0     0    42980,5230    45   207132,0000       Cuts: 2      176   79,25%
      0     0    42992,8922    47   207132,0000   ZeroHalf: 1      177   79,24%
      0     0    43003,3489    47   207132,0000   ZeroHalf: 1      178   79,24%
      0     0    43024,5542    39   207132,0000    MIRcuts: 1      181   79,23%
      0     0    43050,0591    46   207132,0000       Cuts: 4      185   79,22%
*     0+    0                        77455,0000    43050,0591            44,42%
*     0+    0                        77218,0000    43050,0591            44,25%
*     0+    0                        51582,0000    43050,0591            16,54%
      0     0        cutoff          51582,0000    51582,0000      185    0,00%
Elapsed time = 0,06 sec. (23,08 ticks, tree = 0,01 MB, solutions = 8)

Implied bound cuts applied:  18
Mixed integer rounding cuts applied:  10
Zero-half cuts applied:  5
Lift and project cuts applied:  1
Gomory fractional cuts applied:  2

Root node processing (before b&c):
  Real time             =    0,06 sec. (23,09 ticks)
Parallel b&c, 20 threads:
  Real time             =    0,00 sec. (0,00 ticks)
  Sync time (average)   =    0,00 sec.
  Wait time (average)   =    0,00 sec.
                          ------------
Total (root+branch&cut) =    0,06 sec. (23,09 ticks)

<<< solve


OBJECTIVE: 51582
xxxx
#Result <fct_obj, tot_cst, tot_ldt, Emiss>: <51582 51555 27 2.2537e+6>#CS:51555#A:[0,2,5,10,4,6]#X:[0,1,1,1,0,1]#E: 2253700#DELIVER:
S10=>P2
S3=>P4
S4=>P4
S10=>P4
S4=>P5
xxxx

<<< post process


<<< done


)
