Array
(
    [CplexRunTime] => Total (root+branch&cut) =    0,56 sec
    [Result] => Array
        (
            [Objective] => fct_obj.
            [ServiceCost] => tot_cst.
            [LateDeliveries] => tot_ldt.
            [Emissions] => Emiss
        )

    [CS] => 378440
    [A] => Array
        (
            [0] => 0
            [1] => 2
            [2] => 21
            [3] => 19
            [4] => 17
            [5] => 17
            [6] => 16
            [7] => 15
            [8] => 12
            [9] => 11
            [10] => 11
            [11] => 11
            [12] => 12
            [13] => 11
            [14] => 11
            [15] => 12
            [16] => 6
            [17] => 7
            [18] => 5
            [19] => 4
            [20] => 6
            [21] => 7
            [22] => 5
            [23] => 8
            [24] => 6
            [25] => 7
            [26] => 5
            [27] => 4
            [28] => 6
            [29] => 7
            [30] => 9
        )

    [X] => Array
        (
            [0] => 0
            [1] => 1
            [2] => 1
            [3] => 1
            [4] => 0
            [5] => 0
            [6] => 0
            [7] => 0
            [8] => 0
            [9] => 0
            [10] => 0
            [11] => 0
            [12] => 0
            [13] => 0
            [14] => 0
            [15] => 0
            [16] => 0
            [17] => 0
            [18] => 0
            [19] => 0
            [20] => 0
            [21] => 0
            [22] => 0
            [23] => 0
            [24] => 0
            [25] => 0
            [26] => 0
            [27] => 0
            [28] => 0
            [29] => 0
            [30] => 0
        )

    [E] => 13603260
    [DELIVER] => Array
        (
            [0] => S3=>P16
            [1] => S4=>P16
            [2] => S10=>P16
            [3] => S10=>P17
            [4] => S3=>P18
            [5] => S4=>P18
            [6] => S10=>P18
            [7] => S3=>P19
            [8] => S4=>P19
            [9] => S10=>P19
            [10] => S3=>P20
            [11] => S4=>P20
            [12] => S10=>P20
            [13] => S10=>P21
            [14] => S3=>P22
            [15] => S4=>P22
            [16] => S10=>P22
            [17] => S3=>P23
            [18] => S4=>P23
            [19] => S8=>P23
            [20] => S10=>P23
            [21] => S3=>P24
            [22] => S4=>P24
            [23] => S10=>P24
            [24] => S10=>P25
            [25] => S10=>P26
            [26] => S10=>P27
            [27] => S3=>P28
            [28] => S4=>P28
            [29] => S10=>P28
            [30] => S4=>P29
            [31] => S10=>P29
            [32] => S8=>P30
        )

    [_raw_output] => 
<<< setup

0 0 -1 0 1 0,25 0,5 0,8 1 0 0 0 0 13
1 2 0 3000 1 0,25 0,5 0,8 1 0 8000 800 1500 13
2 4 1 850 1 0,25 0,5 0,8 1 0 7500 750 1500 13
3 3 1 820 1 0,25 0,5 0,8 1 0 7200 720 1500 13
4 5 2 680 1 0,25 0,5 0,8 1 0 6800 680 1500 13
5 6 2 650 1 0,25 0,5 0,8 1 0 6500 650 1500 13
6 4 3 720 1 0,25 0,5 0,8 1 0 7100 710 1500 13
7 3 3 700 1 0,25 0,5 0,8 1 0 7000 700 1500 13
8 5 4 580 1 0,25 0,5 0,8 1 0 5800 580 1500 13
9 6 4 560 1 0,25 0,5 0,8 1 0 5600 560 1500 13
10 4 5 540 1 0,25 0,5 0,8 1 0 5400 540 1500 13
11 3 5 520 1 0,25 0,5 0,8 1 0 5200 520 1500 13
12 5 6 500 1 0,25 0,5 0,8 1 0 5000 500 1500 13
13 6 6 480 1 0,25 0,5 0,8 1 0 4800 480 1500 13
14 4 7 460 1 0,25 0,5 0,8 1 0 4600 460 1500 13
15 3 7 440 1 0,25 0,5 0,8 1 0 4400 440 1500 13
16 5 8 420 1 0,25 0,5 0,8 1 0 4200 420 1500 13
17 6 8 400 1 0,25 0,5 0,8 1 0 4000 400 1500 13
18 4 9 380 1 0,25 0,5 0,8 1 0 3800 380 1500 13
19 3 9 360 1 0,25 0,5 0,8 1 0 3600 360 1500 13
20 5 10 340 1 0,25 0,5 0,8 1 0 3400 340 1500 13
21 6 10 320 1 0,25 0,5 0,8 1 0 3200 320 1500 13
22 4 11 300 1 0,25 0,5 0,8 1 0 3000 300 1500 13
23 3 11 280 1 0,25 0,5 0,8 1 0 2800 280 1500 13
24 5 12 260 1 0,25 0,5 0,8 1 0 2600 260 1500 13
25 6 12 240 1 0,25 0,5 0,8 1 0 2400 240 1500 13
26 4 13 220 1 0,25 0,5 0,8 1 0 2200 220 1500 13
27 3 13 200 1 0,25 0,5 0,8 1 0 2000 200 1500 13
28 5 14 180 1 0,25 0,5 0,8 1 0 1800 180 1500 13
29 6 14 160 1 0,25 0,5 0,8 1 0 1600 160 1500 13
30 4 15 140 1 0,25 0,5 0,8 1 0 1400 140 1500 13
Node nums: [0 1 2 3 4 5 6 7 8 9 10 11 12 13 14 15 16 17 18 19 20 21 22 23 24 25 26 27
     28 29 30]
xx-Data uploaded-xx
	**** start init su array ...
0 [0 0 0 0 0 0 0 0 0 0]
1 [0 0 0 0 0 0 0 0 0 0]
2 [0 0 0 0 0 0 0 0 0 0]
3 [0 0 0 0 0 0 0 0 0 0]
4 [0 0 0 0 0 0 0 0 0 0]
5 [0 0 0 0 0 0 0 0 0 0]
6 [0 0 0 0 0 0 0 0 0 0]
7 [0 0 0 0 0 0 0 0 0 0]
8 [0 0 0 0 0 0 0 0 0 0]
9 [0 0 0 0 0 0 0 0 0 0]
10 [0 0 0 0 0 0 0 0 0 0]
11 [0 0 0 0 0 0 0 0 0 0]
12 [0 0 0 0 0 0 0 0 0 0]
13 [0 0 0 0 0 0 0 0 0 0]
14 [0 0 0 0 0 0 0 0 0 0]
15 [0 0 0 0 0 0 0 0 0 0]
16 [1 1 1 1 1 1 1 1 1 1]
17 [1 1 1 1 1 1 1 1 1 1]
18 [1 1 1 1 1 1 1 1 1 1]
19 [1 1 1 1 1 1 1 1 1 1]
20 [1 1 1 1 1 1 1 1 1 1]
21 [1 1 1 1 1 1 1 1 1 1]
22 [1 1 1 1 1 1 1 1 1 1]
23 [1 1 1 1 1 1 1 1 1 1]
24 [1 1 1 1 1 1 1 1 1 1]
25 [1 1 1 1 1 1 1 1 1 1]
26 [1 1 1 1 1 1 1 1 1 1]
27 [1 1 1 1 1 1 1 1 1 1]
28 [1 1 1 1 1 1 1 1 1 1]
29 [1 1 1 1 1 1 1 1 1 1]
30 [1 1 1 1 1 1 1 1 1 1]
	**** end init su array ...
1 2 1 700 80 0.85 0.92 0.8 (9)9
2 2 0.9 800 75 0.82 0.90 0.9 (9)9
3 1 1.1 680 90 0.88 0.95 0.5 (9)9
4 1 1 480 100 0.86 0.93 0.6 (9)9
5 5 0.6 550 40 0.72 0.78 1.5 (9)9
6 6 0.5 650 45 0.70 0.75 2.0 (9)9
7 7 0.5 1100 40 0.68 0.72 2.5 (9)9
8 5 0.3 700 30 0.65 0.70 1.8 (9)9
9 9 0.2 1700 15 0.60 0.65 3.5 (9)9
10 1 0.8 5800 40 0.80 0.88 0.7 (9)9

<<< generate

Version identifier: 20.1.0.0 | 2020-11-10 | 9bedb6d68
CPXPARAM_TimeLimit                               1800
Tried aggregator 2 times.
MIP Presolve eliminated 5019 rows and 323 columns.
MIP Presolve added 300 rows and 150 columns.
MIP Presolve modified 304 coefficients.
Aggregator did 2 substitutions.
Reduced MIP has 747 rows, 538 columns, and 1983 nonzeros.
Reduced MIP has 179 binaries, 209 generals, 0 SOSs, and 0 indicators.
Presolve time = 0,00 sec. (4,83 ticks)
Probing time = 0,00 sec. (0,15 ticks)
Cover probing fixed 0 vars, tightened 15 bounds.
Tried aggregator 1 time.
Detecting symmetries...
MIP Presolve eliminated 195 rows and 0 columns.
MIP Presolve modified 210 coefficients.
Reduced MIP has 552 rows, 538 columns, and 1743 nonzeros.
Reduced MIP has 179 binaries, 209 generals, 0 SOSs, and 0 indicators.
Presolve time = 0,00 sec. (1,35 ticks)
Classifier predicts products in MIQP should be linearized.
Probing time = 0,00 sec. (0,12 ticks)
MIP emphasis: balance optimality and feasibility.
MIP search method: dynamic search.
Parallel mode: deterministic, using up to 20 threads.
Root relaxation solution time = 0,02 sec. (2,81 ticks)

        Nodes                                         Cuts/
   Node  Left     Objective  IInf  Best Integer    Best Bound    ItCnt     Gap

*     0+    0                       2,32437e+08    48147,0000            99,98%
      0     0   355280,8080   149   2,32437e+08   355280,8080      192   99,85%
      0     0   358740,4769   175   2,32437e+08      Cuts: 53      253   99,85%
      0     0   360458,7354   184   2,32437e+08      Cuts: 59      307   99,84%
      0     0   360514,4176   184   2,32437e+08       Cuts: 9      318   99,84%
      0     0   360514,7715   185   2,32437e+08       Cuts: 6      322   99,84%
      0     0   360516,2734   185   2,32437e+08       Cuts: 5      326   99,84%
Detecting symmetries...
*     0+    0                       820190,0000   360516,2734            56,04%
*     0+    0                       776804,0000   360516,2734            53,59%
      0     0  -1,00000e+75     0   776804,0000   360516,2734      326   53,59%
*     0+    0                       503342,0000   360516,2734            28,38%
*     0+    0                       503300,0000   360516,2734            28,37%
Detecting symmetries...
      0     2   360516,2734   185   503300,0000   360516,2734      326   28,37%
Elapsed time = 0,13 sec. (66,03 ticks, tree = 0,02 MB, solutions = 5)
*    10+    3                       503174,0000   360566,5026            28,34%
*    12+    5                       503174,0000   360566,5026            28,34%
*    15+    2                       460516,0000   360566,5026            21,70%
*   862+  499                       450562,0000   363562,4343            19,31%
*   864+  426                       396521,0000   363562,4343             8,31%
*  2035+  444                       396359,0000   364447,4338             8,05%
*  2566   603      integral     0   395929,0000   364447,4338    15996    7,95%
*  2677   725      integral     0   391827,0000   367349,7266    17665    6,25%
*  2771+  953                       383132,0000   367349,7266             4,12%
*  2810   914      integral     0   380189,0000   367349,7266    22080    3,38%
*  3123   722      integral     0   380124,0000   367349,7266    22680    3,36%
*  3586+  753                       378730,0000   368523,5653             2,69%

Implied bound cuts applied:  203
Flow cuts applied:  1
Mixed integer rounding cuts applied:  5
Zero-half cuts applied:  1
Lift and project cuts applied:  17
Gomory fractional cuts applied:  11

Root node processing (before b&c):
  Real time             =    0,11 sec. (65,82 ticks)
Parallel b&c, 20 threads:
  Real time             =    0,53 sec. (159,91 ticks)
  Sync time (average)   =    0,35 sec.
  Wait time (average)   =    0,00 sec.
                          ------------
Total (root+branch&cut) =    0,64 sec. (225,73 ticks)

<<< solve


OBJECTIVE: 378730
xxxx
#Result <fct_obj, tot_cst, tot_ldt, Emiss>: <3.7873e+5 3.7844e+5 290 1.3603e+7>#CS:378440#A:[0,2,21,19,17,17,16,15,12,11,11,11,12,11,11,12,6,7,5,4,6,7,5,8,6,7,5,4,6,7,9]#X:[0,1,1,1,0,0,0,0,0,0,0,0,0,0,0,0,0,0,0,0,0,0,0,0,0,0,0,0,0,0,0]#E: 13603260#DELIVER:
S3=>P16
S4=>P16
S10=>P16
S10=>P17
S3=>P18
S4=>P18
S10=>P18
S3=>P19
S4=>P19
S10=>P19
S3=>P20
S4=>P20
S10=>P20
S10=>P21
S3=>P22
S4=>P22
S10=>P22
S3=>P23
S4=>P23
S8=>P23
S10=>P23
S3=>P24
S4=>P24
S10=>P24
S10=>P25
S10=>P26
S10=>P27
S3=>P28
S4=>P28
S10=>P28
S4=>P29
S10=>P29
S8=>P30
xxxx

<<< post process


<<< done


)
