Array
(
    [CplexRunTime] => Total (root+branch&cut) =    1,63 sec
    [Result] => Array
        (
            [Objective] => fct_obj.
            [ServiceCost] => tot_cst.
            [LateDeliveries] => tot_ldt.
            [Emissions] => Emiss
        )

    [CS] => 424400
    [A] => Array
        (
            [0] => 0
            [1] => 2
            [2] => 21
            [3] => 19
            [4] => 17
            [5] => 17
            [6] => 16
            [7] => 7
            [8] => 12
            [9] => 11
            [10] => 11
            [11] => 8
            [12] => 12
            [13] => 11
            [14] => 4
            [15] => 3
            [16] => 6
            [17] => 7
            [18] => 5
            [19] => 4
            [20] => 6
            [21] => 7
            [22] => 5
            [23] => 4
            [24] => 6
            [25] => 7
            [26] => 5
            [27] => 4
            [28] => 6
            [29] => 7
            [30] => 5
        )

    [X] => Array
        (
            [0] => 0
            [1] => 1
            [2] => 1
            [3] => 1
            [4] => 0
            [5] => 0
            [6] => 0
            [7] => 0
            [8] => 0
            [9] => 0
            [10] => 0
            [11] => 0
            [12] => 0
            [13] => 0
            [14] => 0
            [15] => 0
            [16] => 0
            [17] => 0
            [18] => 0
            [19] => 0
            [20] => 0
            [21] => 0
            [22] => 0
            [23] => 0
            [24] => 0
            [25] => 0
            [26] => 0
            [27] => 0
            [28] => 1
            [29] => 1
            [30] => 1
        )

    [E] => 11445260
    [DELIVER] => Array
        (
            [0] => S10=>P16
            [1] => S10=>P17
            [2] => S4=>P18
            [3] => S10=>P18
            [4] => S10=>P19
            [5] => S10=>P20
            [6] => S10=>P21
            [7] => S4=>P22
            [8] => S10=>P22
            [9] => S10=>P23
            [10] => S10=>P24
            [11] => S10=>P25
            [12] => S10=>P26
            [13] => S4=>P27
            [14] => S10=>P27
            [15] => S10=>P28
            [16] => S10=>P29
            [17] => S10=>P30
        )

    [_raw_output] => 
<<< setup

0 0 -1 0 1 0,25 0,5 0,8 1 0 0 0 0 13
1 2 0 3000 1 0,25 0,5 0,8 1 0 8000 800 1500 13
2 4 1 850 1 0,25 0,5 0,8 1 0 7500 750 1500 13
3 3 1 820 1 0,25 0,5 0,8 1 0 7200 720 1500 13
4 5 2 680 1 0,25 0,5 0,8 1 0 6800 680 1500 13
5 6 2 650 1 0,25 0,5 0,8 1 0 6500 650 1500 13
6 4 3 720 1 0,25 0,5 0,8 1 0 7100 710 1500 13
7 3 3 700 1 0,25 0,5 0,8 1 0 7000 700 1500 13
8 5 4 580 1 0,25 0,5 0,8 1 0 5800 580 1500 13
9 6 4 560 1 0,25 0,5 0,8 1 0 5600 560 1500 13
10 4 5 540 1 0,25 0,5 0,8 1 0 5400 540 1500 13
11 3 5 520 1 0,25 0,5 0,8 1 0 5200 520 1500 13
12 5 6 500 1 0,25 0,5 0,8 1 0 5000 500 1500 13
13 6 6 480 1 0,25 0,5 0,8 1 0 4800 480 1500 13
14 4 7 460 1 0,25 0,5 0,8 1 0 4600 460 1500 13
15 3 7 440 1 0,25 0,5 0,8 1 0 4400 440 1500 13
16 5 8 420 1 0,25 0,5 0,8 1 0 4200 420 1500 13
17 6 8 400 1 0,25 0,5 0,8 1 0 4000 400 1500 13
18 4 9 380 1 0,25 0,5 0,8 1 0 3800 380 1500 13
19 3 9 360 1 0,25 0,5 0,8 1 0 3600 360 1500 13
20 5 10 340 1 0,25 0,5 0,8 1 0 3400 340 1500 13
21 6 10 320 1 0,25 0,5 0,8 1 0 3200 320 1500 13
22 4 11 300 1 0,25 0,5 0,8 1 0 3000 300 1500 13
23 3 11 280 1 0,25 0,5 0,8 1 0 2800 280 1500 13
24 5 12 260 1 0,25 0,5 0,8 1 0 2600 260 1500 13
25 6 12 240 1 0,25 0,5 0,8 1 0 2400 240 1500 13
26 4 13 220 1 0,25 0,5 0,8 1 0 2200 220 1500 13
27 3 13 200 1 0,25 0,5 0,8 1 0 2000 200 1500 13
28 5 14 180 1 0,25 0,5 0,8 1 0 1800 180 1500 13
29 6 14 160 1 0,25 0,5 0,8 1 0 1600 160 1500 13
30 4 15 140 1 0,25 0,5 0,8 1 0 1400 140 1500 13
Node nums: [0 1 2 3 4 5 6 7 8 9 10 11 12 13 14 15 16 17 18 19 20 21 22 23 24 25 26 27
     28 29 30]
xx-Data uploaded-xx
	**** start init su array ...
0 [0 0 0 0 0 0 0 0 0 0]
1 [0 0 0 0 0 0 0 0 0 0]
2 [0 0 0 0 0 0 0 0 0 0]
3 [0 0 0 0 0 0 0 0 0 0]
4 [0 0 0 0 0 0 0 0 0 0]
5 [0 0 0 0 0 0 0 0 0 0]
6 [0 0 0 0 0 0 0 0 0 0]
7 [0 0 0 0 0 0 0 0 0 0]
8 [0 0 0 0 0 0 0 0 0 0]
9 [0 0 0 0 0 0 0 0 0 0]
10 [0 0 0 0 0 0 0 0 0 0]
11 [0 0 0 0 0 0 0 0 0 0]
12 [0 0 0 0 0 0 0 0 0 0]
13 [0 0 0 0 0 0 0 0 0 0]
14 [0 0 0 0 0 0 0 0 0 0]
15 [0 0 0 0 0 0 0 0 0 0]
16 [1 1 1 1 1 1 1 1 1 1]
17 [1 1 1 1 1 1 1 1 1 1]
18 [1 1 1 1 1 1 1 1 1 1]
19 [1 1 1 1 1 1 1 1 1 1]
20 [1 1 1 1 1 1 1 1 1 1]
21 [1 1 1 1 1 1 1 1 1 1]
22 [1 1 1 1 1 1 1 1 1 1]
23 [1 1 1 1 1 1 1 1 1 1]
24 [1 1 1 1 1 1 1 1 1 1]
25 [1 1 1 1 1 1 1 1 1 1]
26 [1 1 1 1 1 1 1 1 1 1]
27 [1 1 1 1 1 1 1 1 1 1]
28 [1 1 1 1 1 1 1 1 1 1]
29 [1 1 1 1 1 1 1 1 1 1]
30 [1 1 1 1 1 1 1 1 1 1]
	**** end init su array ...
1 2 1 700 80 0.85 0.92 0.8 (9)9
2 2 0.9 800 75 0.82 0.90 0.9 (9)9
3 1 1.1 680 90 0.88 0.95 0.5 (9)9
4 1 1 480 100 0.86 0.93 0.6 (9)9
5 5 0.6 550 40 0.72 0.78 1.5 (9)9
6 6 0.5 650 45 0.70 0.75 2.0 (9)9
7 7 0.5 1100 40 0.68 0.72 2.5 (9)9
8 5 0.3 700 30 0.65 0.70 1.8 (9)9
9 9 0.2 1700 15 0.60 0.65 3.5 (9)9
10 1 0.8 5800 40 0.80 0.88 0.7 (9)9

<<< generate

Version identifier: 20.1.0.0 | 2020-11-10 | 9bedb6d68
CPXPARAM_TimeLimit                               1800
Tried aggregator 2 times.
MIP Presolve eliminated 5019 rows and 323 columns.
MIP Presolve added 300 rows and 150 columns.
MIP Presolve modified 305 coefficients.
Aggregator did 2 substitutions.
Reduced MIP has 747 rows, 538 columns, and 1983 nonzeros.
Reduced MIP has 179 binaries, 209 generals, 0 SOSs, and 0 indicators.
Presolve time = 0,00 sec. (4,83 ticks)
Probing time = 0,00 sec. (0,15 ticks)
Cover probing fixed 0 vars, tightened 15 bounds.
Tried aggregator 1 time.
Detecting symmetries...
MIP Presolve eliminated 195 rows and 0 columns.
MIP Presolve modified 210 coefficients.
Reduced MIP has 552 rows, 538 columns, and 1743 nonzeros.
Reduced MIP has 179 binaries, 209 generals, 0 SOSs, and 0 indicators.
Presolve time = 0,00 sec. (1,35 ticks)
Classifier predicts products in MIQP should be linearized.
Probing time = 0,00 sec. (0,12 ticks)
MIP emphasis: balance optimality and feasibility.
MIP search method: dynamic search.
Parallel mode: deterministic, using up to 20 threads.
Root relaxation solution time = 0,02 sec. (3,04 ticks)

        Nodes                                         Cuts/
   Node  Left     Objective  IInf  Best Integer    Best Bound    ItCnt     Gap

*     0+    0                       2,32437e+08    48147,0000            99,98%
      0     0   370579,7562   207   2,32437e+08   370579,7562      203   99,84%
      0     0   373884,6959   197   2,32437e+08      Cuts: 47      242   99,84%
      0     0   374764,7230   167   2,32437e+08      Cuts: 42      273   99,84%
      0     0   375082,5691   170   2,32437e+08      Cuts: 16      291   99,84%
      0     0   375105,5613   171   2,32437e+08      Cuts: 12      300   99,84%
      0     0   375671,4976   182   2,32437e+08      Cuts: 11      312   99,84%
Detecting symmetries...
      0     0   376361,4662   182   2,32437e+08      Cuts: 18      337   99,84%
      0     0   376725,4286   170   2,32437e+08      Cuts: 17      357   99,84%
      0     0   376888,4298   154   2,32437e+08      Cuts: 16      369   99,84%
      0     0   376925,0762   175   2,32437e+08       Cuts: 8      377   99,84%
      0     0   376966,7110   170   2,32437e+08       Cuts: 9      383   99,84%
      0     0   377086,8847   174   2,32437e+08       Cuts: 6      391   99,84%
      0     0   377086,8847   173   2,32437e+08       Cuts: 8      403   99,84%
      0     0   377086,8847   174   2,32437e+08      Cuts: 10      410   99,84%
*     0+    0                       464584,0000   377086,8847            18,83%
*     0+    0                       443790,0000   377086,8847            15,03%
      0     0  -1,00000e+75     0   443790,0000   377086,8847      410   15,03%
Detecting symmetries...
      0     2   377086,8847   174   443790,0000   377086,8847      410   15,03%
Elapsed time = 0,13 sec. (90,94 ticks, tree = 0,02 MB, solutions = 3)

Performing restart 1

Repeating presolve.
Tried aggregator 1 time.
MIP Presolve modified 387 coefficients.
Reduced MIP has 552 rows, 538 columns, and 1743 nonzeros.
Reduced MIP has 179 binaries, 209 generals, 0 SOSs, and 0 indicators.
Presolve time = 0,00 sec. (0,96 ticks)
Tried aggregator 1 time.
MIP Presolve modified 226 coefficients.
Reduced MIP has 552 rows, 538 columns, and 1743 nonzeros.
Reduced MIP has 179 binaries, 209 generals, 0 SOSs, and 0 indicators.
Presolve time = 0,00 sec. (1,29 ticks)
Represolve time = 0,02 sec. (4,58 ticks)
   5201     0   381415,9731   187   443790,0000     Cuts: 158    40977   13,46%
   5201     0   384381,1776   202   443790,0000     Cuts: 178    41090   13,39%
   5201     0   385044,7385   208   443790,0000     Cuts: 139    41170   13,24%
   5201     0   386376,4034   196   443790,0000     Cuts: 121    41248   12,94%
   5201     0   387304,4901   235   443790,0000     Cuts: 101    41334   12,73%
   5201     0   388578,3654   211   443790,0000      Cuts: 93    41420   12,44%
   5201     0   389420,4828   209   443790,0000     Cuts: 104    41490   12,25%
   5201     0   390278,5777   232   443790,0000      Cuts: 86    41574   12,06%
   5201     0   390455,2646   118   443790,0000      Cuts: 93    41605   12,02%
   5201     0   390664,9182   122   443790,0000      Cuts: 31    41631   11,97%
   5201     0   391126,8565   132   443790,0000      Cuts: 48    41681   11,87%
   5201     0   391330,5235   124   443790,0000      Cuts: 24    41702   11,82%
   5201     0   391578,3734   118   443790,0000      Cuts: 29    41735   11,76%
   5201     0   391623,6035   220   443790,0000      Cuts: 21    41770   11,75%
   5201     0   391665,0529   125   443790,0000      Cuts: 50    41799   11,75%
   5201     0   391708,5542   123   443790,0000      Cuts: 22    41825   11,74%
   5201     0   391730,1639   126   443790,0000      Cuts: 17    41839   11,73%
   5201     0   391771,7152   118   443790,0000      Cuts: 17    41868   11,72%
   5201     0   391817,7569   122   443790,0000      Cuts: 20    41900   11,71%
   5201     0   391940,4273   118   443790,0000      Cuts: 27    41949   11,68%
   5201     0   391964,1567   118   443790,0000      Cuts: 23    41968   11,68%
   5201     0   391989,8361   117   443790,0000      Cuts: 27    41998   10,86%
   5201     0   392011,2917   106   443790,0000      Cuts: 14    42014   10,86%
   5201     2   392011,2917   106   443790,0000   395574,0291    42014   10,86%
*  5223+    8                       442353,0000   395574,0291            10,58%
*  6395+  650                       436352,0000   396202,1742             9,20%
   6467   544   406967,1542   132   436352,0000   396202,1742    70707    9,20%
*  6843+  632                       433464,0000   396202,1742             8,60%
*  7435+  883                       424655,0000   396317,5123             6,67%
   9276  1034        cutoff         424655,0000   410262,7137   147243    3,39%

Implied bound cuts applied:  14
Flow cuts applied:  101
Mixed integer rounding cuts applied:  205
Zero-half cuts applied:  34
Lift and project cuts applied:  16
Gomory fractional cuts applied:  13

Root node processing (before b&c):
  Real time             =    0,11 sec. (90,66 ticks)
Parallel b&c, 20 threads:
  Real time             =    1,48 sec. (1267,26 ticks)
  Sync time (average)   =    0,39 sec.
  Wait time (average)   =    0,00 sec.
                          ------------
Total (root+branch&cut) =    1,59 sec. (1357,92 ticks)

<<< solve


OBJECTIVE: 424655
xxxx
#Result <fct_obj, tot_cst, tot_ldt, Emiss>: <4.2466e+5 4.244e+5 255 1.1445e+7>#CS:424400#A:[0,2,21,19,17,17,16,7,12,11,11,8,12,11,4,3,6,7,5,4,6,7,5,4,6,7,5,4,6,7,5]#X:[0,1,1,1,0,0,0,0,0,0,0,0,0,0,0,0,0,0,0,0,0,0,0,0,0,0,0,0,1,1,1]#E: 11445260#DELIVER:
S10=>P16
S10=>P17
S4=>P18
S10=>P18
S10=>P19
S10=>P20
S10=>P21
S4=>P22
S10=>P22
S10=>P23
S10=>P24
S10=>P25
S10=>P26
S4=>P27
S10=>P27
S10=>P28
S10=>P29
S10=>P30
xxxx

<<< post process


<<< done


)
