Array
(
    [CplexRunTime] => Total (root+branch&cut) =    2,14 sec
    [Result] => Array
        (
            [Objective] => fct_obj.
            [ServiceCost] => tot_cst.
            [LateDeliveries] => tot_ldt.
            [Emissions] => Emiss
        )

    [CS] => 450800
    [A] => Array
        (
            [0] => 0
            [1] => 2
            [2] => 21
            [3] => 3
            [4] => 17
            [5] => 17
            [6] => 16
            [7] => 7
            [8] => 12
            [9] => 12
            [10] => 11
            [11] => 8
            [12] => 12
            [13] => 11
            [14] => 4
            [15] => 3
            [16] => 6
            [17] => 7
            [18] => 5
            [19] => 4
            [20] => 6
            [21] => 7
            [22] => 5
            [23] => 4
            [24] => 6
            [25] => 7
            [26] => 5
            [27] => 4
            [28] => 6
            [29] => 7
            [30] => 5
        )

    [X] => Array
        (
            [0] => 0
            [1] => 1
            [2] => 1
            [3] => 1
            [4] => 0
            [5] => 0
            [6] => 1
            [7] => 1
            [8] => 0
            [9] => 0
            [10] => 0
            [11] => 0
            [12] => 0
            [13] => 0
            [14] => 0
            [15] => 0
            [16] => 0
            [17] => 0
            [18] => 0
            [19] => 0
            [20] => 0
            [21] => 0
            [22] => 0
            [23] => 0
            [24] => 0
            [25] => 0
            [26] => 0
            [27] => 0
            [28] => 1
            [29] => 1
            [30] => 1
        )

    [E] => 10667040
    [DELIVER] => Array
        (
            [0] => S3=>P16
            [1] => S4=>P16
            [2] => S10=>P16
            [3] => S3=>P17
            [4] => S4=>P17
            [5] => S10=>P17
            [6] => S10=>P18
            [7] => S10=>P19
            [8] => S10=>P20
            [9] => S10=>P21
            [10] => S10=>P22
            [11] => S3=>P23
            [12] => S4=>P23
            [13] => S10=>P23
            [14] => S4=>P24
            [15] => S10=>P24
            [16] => S3=>P25
            [17] => S4=>P25
            [18] => S10=>P25
            [19] => S10=>P26
            [20] => S4=>P27
            [21] => S10=>P27
            [22] => S10=>P28
            [23] => S10=>P29
            [24] => S10=>P30
        )

    [_raw_output] => 
<<< setup

0 0 -1 0 1 0,25 0,5 0,8 1 0 0 0 0 13
1 2 0 3000 1 0,25 0,5 0,8 1 0 8000 800 1500 13
2 4 1 850 1 0,25 0,5 0,8 1 0 7500 750 1500 13
3 3 1 820 1 0,25 0,5 0,8 1 0 7200 720 1500 13
4 5 2 680 1 0,25 0,5 0,8 1 0 6800 680 1500 13
5 6 2 650 1 0,25 0,5 0,8 1 0 6500 650 1500 13
6 4 3 720 1 0,25 0,5 0,8 1 0 7100 710 1500 13
7 3 3 700 1 0,25 0,5 0,8 1 0 7000 700 1500 13
8 5 4 580 1 0,25 0,5 0,8 1 0 5800 580 1500 13
9 6 4 560 1 0,25 0,5 0,8 1 0 5600 560 1500 13
10 4 5 540 1 0,25 0,5 0,8 1 0 5400 540 1500 13
11 3 5 520 1 0,25 0,5 0,8 1 0 5200 520 1500 13
12 5 6 500 1 0,25 0,5 0,8 1 0 5000 500 1500 13
13 6 6 480 1 0,25 0,5 0,8 1 0 4800 480 1500 13
14 4 7 460 1 0,25 0,5 0,8 1 0 4600 460 1500 13
15 3 7 440 1 0,25 0,5 0,8 1 0 4400 440 1500 13
16 5 8 420 1 0,25 0,5 0,8 1 0 4200 420 1500 13
17 6 8 400 1 0,25 0,5 0,8 1 0 4000 400 1500 13
18 4 9 380 1 0,25 0,5 0,8 1 0 3800 380 1500 13
19 3 9 360 1 0,25 0,5 0,8 1 0 3600 360 1500 13
20 5 10 340 1 0,25 0,5 0,8 1 0 3400 340 1500 13
21 6 10 320 1 0,25 0,5 0,8 1 0 3200 320 1500 13
22 4 11 300 1 0,25 0,5 0,8 1 0 3000 300 1500 13
23 3 11 280 1 0,25 0,5 0,8 1 0 2800 280 1500 13
24 5 12 260 1 0,25 0,5 0,8 1 0 2600 260 1500 13
25 6 12 240 1 0,25 0,5 0,8 1 0 2400 240 1500 13
26 4 13 220 1 0,25 0,5 0,8 1 0 2200 220 1500 13
27 3 13 200 1 0,25 0,5 0,8 1 0 2000 200 1500 13
28 5 14 180 1 0,25 0,5 0,8 1 0 1800 180 1500 13
29 6 14 160 1 0,25 0,5 0,8 1 0 1600 160 1500 13
30 4 15 140 1 0,25 0,5 0,8 1 0 1400 140 1500 13
Node nums: [0 1 2 3 4 5 6 7 8 9 10 11 12 13 14 15 16 17 18 19 20 21 22 23 24 25 26 27
     28 29 30]
xx-Data uploaded-xx
	**** start init su array ...
0 [0 0 0 0 0 0 0 0 0 0]
1 [0 0 0 0 0 0 0 0 0 0]
2 [0 0 0 0 0 0 0 0 0 0]
3 [0 0 0 0 0 0 0 0 0 0]
4 [0 0 0 0 0 0 0 0 0 0]
5 [0 0 0 0 0 0 0 0 0 0]
6 [0 0 0 0 0 0 0 0 0 0]
7 [0 0 0 0 0 0 0 0 0 0]
8 [0 0 0 0 0 0 0 0 0 0]
9 [0 0 0 0 0 0 0 0 0 0]
10 [0 0 0 0 0 0 0 0 0 0]
11 [0 0 0 0 0 0 0 0 0 0]
12 [0 0 0 0 0 0 0 0 0 0]
13 [0 0 0 0 0 0 0 0 0 0]
14 [0 0 0 0 0 0 0 0 0 0]
15 [0 0 0 0 0 0 0 0 0 0]
16 [1 1 1 1 1 1 1 1 1 1]
17 [1 1 1 1 1 1 1 1 1 1]
18 [1 1 1 1 1 1 1 1 1 1]
19 [1 1 1 1 1 1 1 1 1 1]
20 [1 1 1 1 1 1 1 1 1 1]
21 [1 1 1 1 1 1 1 1 1 1]
22 [1 1 1 1 1 1 1 1 1 1]
23 [1 1 1 1 1 1 1 1 1 1]
24 [1 1 1 1 1 1 1 1 1 1]
25 [1 1 1 1 1 1 1 1 1 1]
26 [1 1 1 1 1 1 1 1 1 1]
27 [1 1 1 1 1 1 1 1 1 1]
28 [1 1 1 1 1 1 1 1 1 1]
29 [1 1 1 1 1 1 1 1 1 1]
30 [1 1 1 1 1 1 1 1 1 1]
	**** end init su array ...
1 2 1 700 80 0.85 0.92 0.8 (9)9
2 2 0.9 800 75 0.82 0.90 0.9 (9)9
3 1 1.1 680 90 0.88 0.95 0.5 (9)9
4 1 1 480 100 0.86 0.93 0.6 (9)9
5 5 0.6 550 40 0.72 0.78 1.5 (9)9
6 6 0.5 650 45 0.70 0.75 2.0 (9)9
7 7 0.5 1100 40 0.68 0.72 2.5 (9)9
8 5 0.3 700 30 0.65 0.70 1.8 (9)9
9 9 0.2 1700 15 0.60 0.65 3.5 (9)9
10 1 0.8 5800 40 0.80 0.88 0.7 (9)9

<<< generate

Version identifier: 20.1.0.0 | 2020-11-10 | 9bedb6d68
CPXPARAM_TimeLimit                               1800
Tried aggregator 2 times.
MIP Presolve eliminated 5019 rows and 323 columns.
MIP Presolve added 300 rows and 150 columns.
MIP Presolve modified 305 coefficients.
Aggregator did 2 substitutions.
Reduced MIP has 747 rows, 538 columns, and 1983 nonzeros.
Reduced MIP has 179 binaries, 209 generals, 0 SOSs, and 0 indicators.
Presolve time = 0,00 sec. (4,83 ticks)
Probing time = 0,00 sec. (0,15 ticks)
Cover probing fixed 0 vars, tightened 15 bounds.
Tried aggregator 1 time.
Detecting symmetries...
MIP Presolve eliminated 195 rows and 0 columns.
MIP Presolve modified 210 coefficients.
Reduced MIP has 552 rows, 538 columns, and 1743 nonzeros.
Reduced MIP has 179 binaries, 209 generals, 0 SOSs, and 0 indicators.
Presolve time = 0,00 sec. (1,35 ticks)
Classifier predicts products in MIQP should be linearized.
Probing time = 0,00 sec. (0,12 ticks)
MIP emphasis: balance optimality and feasibility.
MIP search method: dynamic search.
Parallel mode: deterministic, using up to 20 threads.
Root relaxation solution time = 0,02 sec. (2,77 ticks)

        Nodes                                         Cuts/
   Node  Left     Objective  IInf  Best Integer    Best Bound    ItCnt     Gap

*     0+    0                       2,32437e+08    48147,0000            99,98%
      0     0   377293,6018   216   2,32437e+08   377293,6018      213   99,84%
      0     0   380801,4856   212   2,32437e+08      Cuts: 60      263   99,84%
      0     0   382232,4398   221   2,32437e+08      Cuts: 47      319   99,84%
      0     0   383569,2115   215   2,32437e+08      Cuts: 43      352   99,83%
      0     0   385285,9817   219   2,32437e+08      Cuts: 40      396   99,83%
      0     0   385870,8455   196   2,32437e+08      Cuts: 21      424   99,83%
Detecting symmetries...
      0     0   386052,3291   161   2,32437e+08      Cuts: 19      446   99,83%
      0     0   386161,6714   174   2,32437e+08      Cuts: 14      459   99,83%
      0     0   386222,6901   171   2,32437e+08       Cuts: 8      468   99,83%
      0     0   386233,9045   158   2,32437e+08       Cuts: 8      478   99,83%
      0     0   386237,3075   189   2,32437e+08       Cuts: 8      489   99,83%
      0     0   386237,3075   190   2,32437e+08       Cuts: 5      492   99,83%
*     0+    0                       570171,0000   386237,3075            32,26%
*     0+    0                       569829,0000   386237,3075            32,22%
*     0+    0                       460008,0000   386237,3075            16,04%
*     0+    0                       456498,0000   386237,3075            15,39%
      0     0  -1,00000e+75     0   456498,0000   386237,3075      492   15,39%
Detecting symmetries...
      0     2   386237,3075   189   456498,0000   386237,3075      492   15,39%
Elapsed time = 0,17 sec. (78,62 ticks, tree = 0,02 MB, solutions = 5)
*    16+    2                       452985,0000   386513,8429            14,67%

Performing restart 1

Repeating presolve.
Tried aggregator 1 time.
MIP Presolve modified 387 coefficients.
Reduced MIP has 552 rows, 538 columns, and 1743 nonzeros.
Reduced MIP has 179 binaries, 209 generals, 0 SOSs, and 0 indicators.
Presolve time = 0,00 sec. (0,96 ticks)
Tried aggregator 1 time.
MIP Presolve modified 253 coefficients.
Reduced MIP has 552 rows, 538 columns, and 1743 nonzeros.
Reduced MIP has 179 binaries, 209 generals, 0 SOSs, and 0 indicators.
Presolve time = 0,00 sec. (1,29 ticks)
Represolve time = 0,00 sec. (4,71 ticks)
*  5299+    0                       452984,0000   394652,1344            12,88%
   5299     0   388744,0533   217   452984,0000     Cuts: 227    70139   12,88%
   5299     0   391091,1593   229   452984,0000     Cuts: 135    70261   12,88%
   5299     0   393452,5872   218   452984,0000     Cuts: 170    70366   12,88%
   5299     0   396009,5379   245   452984,0000     Cuts: 129    70478   12,58%
   5299     0   397474,2974   153   452984,0000     Cuts: 169    70562   12,25%
   5299     0   398145,0796   181   452984,0000      Cuts: 80    70644   12,11%
   5299     0   398870,2377   200   452984,0000     Cuts: 126    70755   11,95%
   5299     0   399615,8057   222   452984,0000      Cuts: 68    70834   11,78%
   5299     0   400477,2603   164   452984,0000     Cuts: 148    70922   11,59%
   5299     0   400753,2037   261   452984,0000      Cuts: 71    71005   11,53%
   5299     0   401154,5860   183   452984,0000      Cuts: 95    71087   11,44%
   5299     0   401233,0122   185   452984,0000      Cuts: 43    71144   11,42%
   5299     0   401597,0599   143   452984,0000      Cuts: 55    71209   11,34%
   5299     0   401706,9872   220   452984,0000      Cuts: 59    71271   11,32%
   5299     0   402040,0021   175   452984,0000      Cuts: 45    71336   11,25%
   5299     0   402055,2136   231   452984,0000      Cuts: 54    71380   11,24%
   5299     0   402623,7817   138   452984,0000      Cuts: 51    71452   11,12%
   5299     0   403010,9467   180   452984,0000      Cuts: 92    71510   11,03%
   5299     0   403232,7531   185   452984,0000      Cuts: 81    71580   10,98%
   5299     0   403539,1433   139   452984,0000      Cuts: 75    71634   10,92%
   5299     0   403794,1413   181   452984,0000      Cuts: 51    71673   10,86%
   5299     0   404035,8663   233   452984,0000      Cuts: 51    71729   10,81%
   5299     0   404194,2776   184   452984,0000      Cuts: 42    71763   10,77%
   5299     0   404287,9969   183   452984,0000      Cuts: 47    71807   10,75%
   5299     0   404341,7591   220   452984,0000      Cuts: 30    71843   10,74%
   5299     0   404393,0717   167   452984,0000      Cuts: 34    71890   10,73%
   5299     0   404476,9382   231   452984,0000      Cuts: 50    71947   10,71%
   5299     0   404571,0480   211   452984,0000      Cuts: 36    72001   10,69%
   5299     0   404611,1484   251   452984,0000      Cuts: 40    72040   10,68%
   5299     0   404647,7234   187   452984,0000      Cuts: 24    72055   10,67%
   5299     0   404675,9587   187   452984,0000      Cuts: 25    72086   10,66%
   5299     2   404675,9587   187   452984,0000   404675,9587    72086   10,66%
*  6636   546      integral     0   452721,0000   424614,8800   106270    6,21%
*  8610   712      integral     0   451123,0000   443156,3196   165619    1,77%
*  8892   314      integral     0   451122,0000   446323,9254   182039    1,06%
*  9072   188      integral     0   451040,0000   446931,6632   185323    0,91%

Implied bound cuts applied:  14
Flow cuts applied:  111
Mixed integer rounding cuts applied:  197
Zero-half cuts applied:  11
Lift and project cuts applied:  29
Gomory fractional cuts applied:  10

Root node processing (before b&c):
  Real time             =    0,16 sec. (78,39 ticks)
Parallel b&c, 20 threads:
  Real time             =    1,80 sec. (1518,72 ticks)
  Sync time (average)   =    0,22 sec.
  Wait time (average)   =    0,01 sec.
                          ------------
Total (root+branch&cut) =    1,95 sec. (1597,11 ticks)

<<< solve


OBJECTIVE: 451040
xxxx
#Result <fct_obj, tot_cst, tot_ldt, Emiss>: <4.5104e+5 4.508e+5 240 1.0667e+7>#CS:450800#A:[0,2,21,3,17,17,16,7,12,12,11,8,12,11,4,3,6,7,5,4,6,7,5,4,6,7,5,4,6,7,5]#X:[0,1,1,1,0,0,1,1,0,0,0,0,0,0,0,0,0,0,0,0,0,0,0,0,0,0,0,0,1,1,1]#E: 10667040#DELIVER:
S3=>P16
S4=>P16
S10=>P16
S3=>P17
S4=>P17
S10=>P17
S10=>P18
S10=>P19
S10=>P20
S10=>P21
S10=>P22
S3=>P23
S4=>P23
S10=>P23
S4=>P24
S10=>P24
S3=>P25
S4=>P25
S10=>P25
S10=>P26
S4=>P27
S10=>P27
S10=>P28
S10=>P29
S10=>P30
xxxx

<<< post process


<<< done


)
