Array
(
    [CplexRunTime] => Total (root+branch&cut) =    0,17 sec
    [Result] => Array
        (
            [Objective] => fct_obj.
            [ServiceCost] => tot_cst.
            [LateDeliveries] => tot_ldt.
            [Emissions] => Emiss
        )

    [CS] => 175184
    [A] => Array
        (
            [0] => 0
            [1] => 3
            [2] => 3
            [3] => 3
            [4] => 2
            [5] => 10
            [6] => 3
            [7] => 6
            [8] => 7
            [9] => 6
            [10] => 6
        )

    [X] => Array
        (
            [0] => 0
            [1] => 1
            [2] => 1
            [3] => 1
            [4] => 1
            [5] => 1
            [6] => 1
            [7] => 0
            [8] => 1
            [9] => 0
            [10] => 1
        )

    [E] => 4693730
    [DELIVER] => Array
        (
            [0] => S10=>P1
            [1] => S10=>P2
            [2] => S10=>P3
            [3] => S3=>P7
            [4] => S4=>P7
            [5] => S10=>P7
            [6] => S4=>P8
            [7] => S1=>P9
            [8] => S2=>P9
            [9] => S3=>P9
            [10] => S4=>P9
            [11] => S10=>P9
            [12] => S4=>P10
        )

    [_raw_output] => 
<<< setup

0 0 -1 0 0 0.25 0.5 0.8 1 0 0 0 0  14
1 2 0 700 1 0.25 0.5 0.8 1 0 7000 700 1500  14
2 2 0 650 1 0.25 0.5 0.8 1 0 6500 650 1500  14
3 2 0 600 1 0.25 0.5 0.8 1 0 6000 600 1500  14
4 2 0 750 1 0.25 0.5 0.8 1 0 7500 750 1500  14
5 4 4 180 1 0.25 0.5 0.8 1 0 5600 560 1500  14
6 3 4 120 2 0.25 0.5 0.8 1 0 3900 390 1500  14
7 5 5 35 6 0.25 0.5 0.8 1 0 3600 360 1500  14
8 6 6 40 2 0.25 0.5 0.8 1 0 3200 320 1500  14
9 4 5 27 4 0.25 0.5 0.8 1 0 3100 310 1500  14
10 5 6 32 3 0.25 0.5 0.8 1 0 2900 290 1500  14
Node nums: [0 1 2 3 4 5 6 7 8 9 10]
xx-Data uploaded-xx
	**** start init su array ...
0 [0 0 0 0 0 0 0 0 0 0]
1 [1 1 1 1 1 1 1 1 1 1]
2 [1 1 1 1 1 1 1 1 1 1]
3 [1 1 1 1 1 1 1 1 1 1]
4 [0 0 0 0 0 0 0 0 0 0]
5 [0 0 0 0 0 0 0 0 0 0]
6 [0 0 0 0 0 0 0 0 0 0]
7 [1 1 1 1 1 1 1 1 1 1]
8 [1 1 1 1 1 1 1 1 1 1]
9 [1 1 1 1 1 1 1 1 1 1]
10 [1 1 1 1 1 1 1 1 1 1]
	**** end init su array ...
1 2 1 100 80 0.85 0.92 0.8 (9)9
2 2 0.9 60 75 0.82 0.90 0.9 (9)9
3 1 1.1 80 90 0.88 0.95 0.5 (9)9
4 1 1 80 100 0.86 0.93 0.6 (9)9
5 5 0.6 50 40 0.72 0.78 1.5 (9)9
6 6 0.5 60 45 0.70 0.75 2.0 (9)9
7 7 0.5 80 40 0.68 0.72 2.5 (9)9
8 5 0.3 25 30 0.65 0.70 1.8 (9)9
9 9 0.2 250 15 0.60 0.65 3.5 (9)9
10 1 0.8 30 40 0.80 0.88 0.7 (9)9

<<< generate

Version identifier: 20.1.0.0 | 2020-11-10 | 9bedb6d68
CPXPARAM_TimeLimit                               1800
Tried aggregator 2 times.
MIP Presolve eliminated 664 rows and 86 columns.
MIP Presolve added 140 rows and 70 columns.
MIP Presolve modified 120 coefficients.
Aggregator did 5 substitutions.
Reduced MIP has 319 rows, 232 columns, and 861 nonzeros.
Reduced MIP has 76 binaries, 86 generals, 0 SOSs, and 0 indicators.
Presolve time = 0,00 sec. (1,25 ticks)
Probing time = 0,00 sec. (0,07 ticks)
Cover probing fixed 0 vars, tightened 7 bounds.
Tried aggregator 1 time.
Detecting symmetries...
MIP Presolve eliminated 61 rows and 0 columns.
MIP Presolve modified 128 coefficients.
Reduced MIP has 258 rows, 232 columns, and 779 nonzeros.
Reduced MIP has 76 binaries, 86 generals, 0 SOSs, and 0 indicators.
Presolve time = 0,00 sec. (0,72 ticks)
Classifier predicts products in MIQP should be linearized.
Probing time = 0,00 sec. (0,06 ticks)
MIP emphasis: balance optimality and feasibility.
MIP search method: dynamic search.
Parallel mode: deterministic, using up to 20 threads.
Root relaxation solution time = 0,00 sec. (1,31 ticks)

        Nodes                                         Cuts/
   Node  Left     Objective  IInf  Best Integer    Best Bound    ItCnt     Gap

      0     0   149272,9914    98                 149272,9914      133         
      0     0   165202,4082    39                   Cuts: 104      197         
      0     0   165581,1809    61                    Cuts: 20      235         
      0     0   165666,6685    61                    Cuts: 18      250         
      0     0   165775,5911    67                    Cuts: 13      264         
      0     0   165880,8775    66                    Cuts: 14      282         
Detecting symmetries...
      0     0   165895,2486    72                    Cuts: 18      296         
      0     0   165964,4487    73                     Cuts: 6      307         
      0     0   165993,1097    73                     Cuts: 5      310         
*     0+    0                       186658,0000   165993,1097            11,07%
*     0+    0                       175841,0000   165993,1097             5,60%
      0     0  -1,00000e+75     0   175841,0000   165993,1097      310    5,60%
Detecting symmetries...
      0     2   165993,1097    73   175841,0000   165993,1097      310    5,60%
Elapsed time = 0,06 sec. (26,09 ticks, tree = 0,02 MB, solutions = 2)
*   166+   38                       175233,0000   166286,8550             5,11%

Cover cuts applied:  1
Implied bound cuts applied:  86
Flow cuts applied:  5
Mixed integer rounding cuts applied:  15
Zero-half cuts applied:  12
Lift and project cuts applied:  4
Gomory fractional cuts applied:  22

Root node processing (before b&c):
  Real time             =    0,05 sec. (25,85 ticks)
Parallel b&c, 20 threads:
  Real time             =    0,09 sec. (51,15 ticks)
  Sync time (average)   =    0,04 sec.
  Wait time (average)   =    0,00 sec.
                          ------------
Total (root+branch&cut) =    0,14 sec. (77,00 ticks)

<<< solve


OBJECTIVE: 175233
xxxx
#Result <fct_obj, tot_cst, tot_ldt, Emiss>: <1.7523e+5 1.7518e+5 49 4.6937e+6>#CS:175184#A:[0,3,3,3,2,10,3,6,7,6,6]#X:[0,1,1,1,1,1,1,0,1,0,1]#E: 4693730#DELIVER:
S10=>P1
S10=>P2
S10=>P3
S3=>P7
S4=>P7
S10=>P7
S4=>P8
S1=>P9
S2=>P9
S3=>P9
S4=>P9
S10=>P9
S4=>P10
xxxx

<<< post process


<<< done


)
