Array
(
    [CplexRunTime] => Total (root+branch&cut) =    0,47 sec
    [Result] => Array
        (
            [Objective] => fct_obj.
            [ServiceCost] => tot_cst.
            [LateDeliveries] => tot_ldt.
            [Emissions] => Emiss
        )

    [CS] => 170516
    [A] => Array
        (
            [0] => 0
            [1] => 2
            [2] => 9
            [3] => 7
            [4] => 6
            [5] => 4
            [6] => 16
            [7] => 4
            [8] => 4
            [9] => 4
            [10] => 4
            [11] => 5
            [12] => 12
            [13] => 13
        )

    [X] => Array
        (
            [0] => 0
            [1] => 1
            [2] => 1
            [3] => 1
            [4] => 1
            [5] => 0
            [6] => 1
            [7] => 1
            [8] => 1
            [9] => 1
            [10] => 1
            [11] => 0
            [12] => 0
            [13] => 1
        )

    [E] => 19963682
    [DELIVER] => Array
        (
            [0] => S10=>P7
            [1] => S4=>P8
            [2] => S4=>P9
            [3] => S1=>P11
            [4] => S2=>P11
            [5] => S3=>P11
            [6] => S4=>P11
            [7] => S10=>P11
            [8] => S1=>P12
            [9] => S2=>P12
            [10] => S3=>P12
            [11] => S4=>P12
            [12] => S5=>P12
            [13] => S8=>P12
            [14] => S10=>P12
            [15] => S1=>P13
            [16] => S2=>P13
            [17] => S4=>P13
        )

    [_raw_output] => 
<<< setup

0 0 -1 0 1 0,25 0,5 0,8 1 0 0 0 0  14
1 2 0 1000 1 0,25 0,5 0,8 1 0 7000 700 1500  14
2 5 1 120 1 0,25 0,5 0,8 1 0 3500 450 1500  14
3 7 1 250 1 0,25 0,5 0,8 1 0 5500 550 1500  14
4 6 1 100 3 0,25 0,5 0,8 1 0 2800 280 1500  14
5 4 2 65 2 0,25 0,5 0,8 1 0 2350 235 1500  14
6 4 3 80 5 0,25 0,5 0,8 1 0 2600 260 1500  14
7 3 3 110 1 0,25 0,5 0,8 1 0 2900 290 1500  14
8 3 4 40 3 0,25 0,5 0,8 1 0 1600 160 1500  14
9 3 5 24 2 0,25 0,5 0,8 1 0 1250 125 1500  14
10 4 5 16 2 0,25 0,5 0,8 1 0 1120 112 1500  14
11 3 6 21 10 0,25 0,5 0,8 1 0 1200 120 1500  14
12 7 6 27 20 0,25 0,5 0,8 1 0 1000 100 1500  14
13 11 10 9 12 0,25 0,5 0,5 1 0 1100 110 1500  14
Node nums: [0 1 2 3 4 5 6 7 8 9 10 11 12 13]
xx-Data uploaded-xx
	**** start init su array ...
0 [0 0 0 0 0 0 0 0 0 0]
1 [0 0 0 0 0 0 0 0 0 0]
2 [0 0 0 0 0 0 0 0 0 0]
3 [0 0 0 0 0 0 0 0 0 0]
4 [0 0 0 0 0 0 0 0 0 0]
5 [0 0 0 0 0 0 0 0 0 0]
6 [0 0 0 0 0 0 0 0 0 0]
7 [1 1 1 1 1 1 1 1 1 1]
8 [1 1 1 1 1 1 1 1 1 1]
9 [1 1 1 1 1 1 1 1 1 1]
10 [0 0 0 0 0 0 0 0 0 0]
11 [1 1 1 1 1 1 1 1 1 1]
12 [1 1 1 1 1 1 1 1 1 1]
13 [1 1 1 1 1 1 1 1 1 1]
	**** end init su array ...
1 2 1 100 80 0.85 0.92 0.8 (9)9
2 2 0.9 60 75 0.82 0.90 0.9 (9)9
3 1 1.1 80 90 0.88 0.95 0.5 (9)9
4 1 1 80 100 0.86 0.93 0.6 (9)9
5 5 0.6 50 40 0.72 0.78 1.5 (9)9
6 6 0.5 60 45 0.70 0.75 2.0 (9)9
7 7 0.5 80 40 0.68 0.72 2.5 (9)9
8 5 0.3 25 30 0.65 0.70 1.8 (9)9
9 9 0.2 250 15 0.60 0.65 3.5 (9)9
10 1 0.8 30 40 0.80 0.88 0.7 (9)9

<<< generate

Version identifier: 20.1.0.0 | 2020-11-10 | 9bedb6d68
CPXPARAM_TimeLimit                               1800
Tried aggregator 2 times.
MIP Presolve eliminated 1103 rows and 163 columns.
MIP Presolve added 120 rows and 60 columns.
MIP Presolve modified 88 coefficients.
Aggregator did 2 substitutions.
Reduced MIP has 301 rows, 217 columns, and 811 nonzeros.
Reduced MIP has 72 binaries, 85 generals, 0 SOSs, and 0 indicators.
Presolve time = 0,02 sec. (1,46 ticks)
Probing time = 0,00 sec. (0,06 ticks)
Cover probing fixed 0 vars, tightened 19 bounds.
Tried aggregator 1 time.
Detecting symmetries...
MIP Presolve eliminated 86 rows and 0 columns.
MIP Presolve modified 68 coefficients.
Reduced MIP has 215 rows, 217 columns, and 699 nonzeros.
Reduced MIP has 72 binaries, 85 generals, 0 SOSs, and 0 indicators.
Presolve time = 0,00 sec. (0,52 ticks)
Classifier predicts products in MIQP should be linearized.
Probing time = 0,00 sec. (0,05 ticks)
MIP emphasis: balance optimality and feasibility.
MIP search method: dynamic search.
Parallel mode: deterministic, using up to 20 threads.
Root relaxation solution time = 0,00 sec. (0,93 ticks)

        Nodes                                         Cuts/
   Node  Left     Objective  IInf  Best Integer    Best Bound    ItCnt     Gap

*     0+    0                       6,06607e+07    16074,0000            99,97%
      0     0   122433,0932    72   6,06607e+07   122433,0932      104   99,80%
      0     0   123269,3944    52   6,06607e+07      Cuts: 65      139   99,80%
      0     0   125083,0179    79   6,06607e+07      Cuts: 24      166   99,79%
      0     0   126839,7056    78   6,06607e+07      Cuts: 23      190   99,79%
      0     0   127292,8922    94   6,06607e+07      Cuts: 15      206   99,79%
      0     0   127528,0994    98   6,06607e+07       Cuts: 4      211   99,79%
Detecting symmetries...
      0     0   127552,5990    98   6,06607e+07       Cuts: 6      213   99,79%
      0     0   127560,1763    98   6,06607e+07       Cuts: 2      215   99,79%
      0     0   127566,5393    98   6,06607e+07       Cuts: 3      216   99,79%
*     0+    0                       489049,6000   127566,5393            73,92%
*     0+    0                       179109,0000   127566,5393            28,78%
*     0+    0                       178338,0000   127566,5393            28,47%
Detecting symmetries...
      0     2   127566,5393    98   178338,0000   128062,0562      216   28,19%
Elapsed time = 0,11 sec. (28,90 ticks, tree = 0,02 MB, solutions = 4)
*    14+    5                       175946,0000   128062,0562            27,22%
*    28+    4                       175946,0000   128062,0562            27,22%
*  1397   596      integral     0   175058,6000   133492,0752     6586   23,74%
*  1407+  595                       174287,6000   133492,0752            23,41%
*  2453+  945                       172599,0000   140880,9764            18,38%
*  2992+  995                       171087,0000   140880,9764            17,66%

Performing restart 1

Repeating presolve.
Tried aggregator 1 time.
MIP Presolve modified 156 coefficients.
Reduced MIP has 215 rows, 217 columns, and 699 nonzeros.
Reduced MIP has 72 binaries, 85 generals, 0 SOSs, and 0 indicators.
Presolve time = 0,00 sec. (0,37 ticks)
Tried aggregator 1 time.
MIP Presolve modified 129 coefficients.
Reduced MIP has 215 rows, 217 columns, and 699 nonzeros.
Reduced MIP has 72 binaries, 85 generals, 0 SOSs, and 0 indicators.
Presolve time = 0,00 sec. (0,49 ticks)
Represolve time = 0,02 sec. (2,26 ticks)
   7544     0   138611,4327    71   171087,0000      Cuts: 77    40532    5,52%
   7544     0   148057,8687    91   171087,0000      Cuts: 77    40602    5,52%
   7544     0   151456,0315    76   171087,0000      Cuts: 57    40643    5,52%
   7544     0   151862,5154    50   171087,0000      Cuts: 36    40657    5,52%
   7544     0   152731,1285    46   171087,0000      Cuts: 29    40682    5,52%
   7544     0   153103,2659    52   171087,0000      Cuts: 36    40702    5,52%
   7544     0   153281,1173    56   171087,0000      Cuts: 29    40727    5,52%
   7544     0   153394,8326    58   171087,0000      Cuts: 37    40742    5,52%
*  7544+    0                       170606,0000   161648,2123             5,25%

Cover cuts applied:  14
Implied bound cuts applied:  14
Flow cuts applied:  28
Mixed integer rounding cuts applied:  57
Zero-half cuts applied:  2
Lift and project cuts applied:  2
Gomory fractional cuts applied:  26

Root node processing (before b&c):
  Real time             =    0,08 sec. (28,73 ticks)
Parallel b&c, 20 threads:
  Real time             =    0,61 sec. (214,46 ticks)
  Sync time (average)   =    0,34 sec.
  Wait time (average)   =    0,01 sec.
                          ------------
Total (root+branch&cut) =    0,69 sec. (243,20 ticks)

<<< solve


OBJECTIVE: 170606
xxxx
#Result <fct_obj, tot_cst, tot_ldt, Emiss>: <1.7061e+5 1.7052e+5 90 1.9964e+7>#CS:170516#A:[0,2,9,7,6,4,16,4,4,4,4,5,12,13]#X:[0,1,1,1,1,0,1,1,1,1,1,0,0,1]#E: 19963682#DELIVER:
S10=>P7
S4=>P8
S4=>P9
S1=>P11
S2=>P11
S3=>P11
S4=>P11
S10=>P11
S1=>P12
S2=>P12
S3=>P12
S4=>P12
S5=>P12
S8=>P12
S10=>P12
S1=>P13
S2=>P13
S4=>P13
xxxx

<<< post process


<<< done


)
