Array
(
    [CplexRunTime] => Total (root+branch&cut) =    0,41 sec
    [Result] => Array
        (
            [Objective] => fct_obj.
            [ServiceCost] => tot_cst.
            [LateDeliveries] => tot_ldt.
            [Emissions] => Emiss
        )

    [CS] => 1636980
    [A] => Array
        (
            [0] => 0
            [1] => 2
            [2] => 26
            [3] => 26
            [4] => 21
            [5] => 19
            [6] => 21
            [7] => 12
            [8] => 21
            [9] => 19
            [10] => 17
            [11] => 11
            [12] => 15
            [13] => 14
            [14] => 15
            [15] => 11
            [16] => 17
            [17] => 15
            [18] => 15
            [19] => 12
            [20] => 18
            [21] => 16
            [22] => 15
            [23] => 16
            [24] => 13
            [25] => 8
            [26] => 8
            [27] => 10
            [28] => 9
            [29] => 8
            [30] => 11
            [31] => 10
            [32] => 13
            [33] => 12
            [34] => 12
            [35] => 13
            [36] => 13
            [37] => 13
            [38] => 5
            [39] => 9
            [40] => 9
            [41] => 9
            [42] => 9
            [43] => 8
            [44] => 8
            [45] => 6
            [46] => 10
            [47] => 3
            [48] => 3
            [49] => 4
            [50] => 6
        )

    [X] => Array
        (
            [0] => 0
            [1] => 1
            [2] => 1
            [3] => 1
            [4] => 1
            [5] => 1
            [6] => 0
            [7] => 0
            [8] => 0
            [9] => 0
            [10] => 0
            [11] => 0
            [12] => 0
            [13] => 0
            [14] => 0
            [15] => 0
            [16] => 0
            [17] => 0
            [18] => 0
            [19] => 0
            [20] => 0
            [21] => 0
            [22] => 0
            [23] => 0
            [24] => 0
            [25] => 0
            [26] => 0
            [27] => 0
            [28] => 0
            [29] => 0
            [30] => 0
            [31] => 0
            [32] => 0
            [33] => 0
            [34] => 0
            [35] => 0
            [36] => 0
            [37] => 0
            [38] => 0
            [39] => 0
            [40] => 0
            [41] => 0
            [42] => 0
            [43] => 0
            [44] => 0
            [45] => 0
            [46] => 0
            [47] => 0
            [48] => 0
            [49] => 0
            [50] => 1
        )

    [E] => 136143294
    [DELIVER] => Array
        (
            [0] => S3=>P7
            [1] => S4=>P7
            [2] => S9=>P7
            [3] => S10=>P7
            [4] => S3=>P15
            [5] => S4=>P15
            [6] => S9=>P15
            [7] => S10=>P15
            [8] => S3=>P17
            [9] => S4=>P17
            [10] => S8=>P17
            [11] => S9=>P17
            [12] => S10=>P17
            [13] => S3=>P19
            [14] => S4=>P19
            [15] => S9=>P19
            [16] => S10=>P19
            [17] => S3=>P21
            [18] => S4=>P21
            [19] => S8=>P21
            [20] => S9=>P21
            [21] => S10=>P21
            [22] => S3=>P22
            [23] => S4=>P22
            [24] => S7=>P22
            [25] => S9=>P22
            [26] => S10=>P22
            [27] => S3=>P24
            [28] => S4=>P24
            [29] => S7=>P24
            [30] => S9=>P24
            [31] => S10=>P24
            [32] => S3=>P25
            [33] => S4=>P25
            [34] => S8=>P25
            [35] => S10=>P25
            [36] => S3=>P26
            [37] => S4=>P26
            [38] => S8=>P26
            [39] => S10=>P26
            [40] => S3=>P28
            [41] => S4=>P28
            [42] => S8=>P28
            [43] => S10=>P28
            [44] => S3=>P29
            [45] => S4=>P29
            [46] => S8=>P29
            [47] => S10=>P29
            [48] => S3=>P31
            [49] => S4=>P31
            [50] => S8=>P31
            [51] => S10=>P31
            [52] => S3=>P34
            [53] => S4=>P34
            [54] => S5=>P34
            [55] => S9=>P34
            [56] => S10=>P34
            [57] => S3=>P36
            [58] => S4=>P36
            [59] => S9=>P36
            [60] => S10=>P36
            [61] => S3=>P38
            [62] => S4=>P38
            [63] => S10=>P38
            [64] => S3=>P40
            [65] => S4=>P40
            [66] => S5=>P40
            [67] => S8=>P40
            [68] => S10=>P40
            [69] => S3=>P41
            [70] => S4=>P41
            [71] => S8=>P41
            [72] => S10=>P41
            [73] => S3=>P42
            [74] => S4=>P42
            [75] => S8=>P42
            [76] => S10=>P42
            [77] => S1=>P43
            [78] => S3=>P43
            [79] => S4=>P43
            [80] => S8=>P43
            [81] => S10=>P43
            [82] => S3=>P44
            [83] => S4=>P44
            [84] => S8=>P44
            [85] => S10=>P44
            [86] => S3=>P46
            [87] => S4=>P46
            [88] => S8=>P46
            [89] => S10=>P46
            [90] => S3=>P48
            [91] => S4=>P48
            [92] => S10=>P48
            [93] => S3=>P49
            [94] => S4=>P49
            [95] => S10=>P49
            [96] => S10=>P50
        )

    [_raw_output] => 
<<< setup

0 0 -1 0 1 0,25 0,5 0,8 1 0 0 0 0 13
1 2 0 5000 1 0,25 0,5 0,8 1 0 10000 1000 1500 13
2 5 1 900 1 0,25 0,5 0,8 1 0 9486 948,6 1500 13
3 7 1 890 1 0,25 0,5 0,8 1 0 8704 870,4 1500 13
4 6 1 910 1 0,25 0,5 0,8 1 0 8059 805,9 1500 13
5 4 1 860 2 0,25 0,5 0,8 1 0 7962 796,2 1500 13
6 4 2 880 3 0,25 0,5 0,8 1 0 7861 786,1 1500 13
7 3 2 800 2 0,25 0,5 0,8 1 0 7628 762,8 1500 13
8 3 2 780 1 0,25 0,5 0,8 1 0 7050 705 1500 13
9 3 3 790 2 0,25 0,5 0,8 1 0 6976 697,6 1500 13
10 4 3 750 3 0,25 0,5 0,8 1 0 6291 629,1 1500 13
11 3 4 690 2 0,25 0,5 0,8 1 0 6234 623,4 1500 13
12 5 4 660 3 0,25 0,5 0,8 1 0 6199 619,9 1500 13
13 5 5 600 8 0,25 0,5 0,5 1 0 6088 608,8 1500 13
14 4 5 640 6 0,25 0,5 0,5 1 0 5680 568 1500 13
15 2 5 700 2 0,25 0,5 0,5 1 0 5673 567,3 1500 13
16 4 6 660 9 0,25 0,5 0,5 1 0 5507 550,7 1500 13
17 6 6 580 6 0,25 0,5 0,5 1 0 5360 536 1500 13
18 3 67 550 2 0,25 0,5 0,5 1 0 5290 529 1500 13
19 3 8 570 1 0,25 0,5 0,5 1 0 5168 516,8 1500 13
20 5 8 600 2 0,25 0,5 0,5 1 0 4944 494,4 1500 13
21 7 9 540 6 0,25 0,5 0,5 1 0 4747 474,7 1500 13
22 6 9 510 4 0,25 0,5 0,5 1 0 4417 441,7 1500 13
23 3 9 590 4 0,25 0,5 0,5 1 0 4033 403,3 1500 13
24 4 10 400 3 0,25 0,5 0,5 1 0 3891 389,1 1500 13
25 3 11 490 2 0,25 0,5 0,5 1 0 3601 360,1 1500 13
26 3 12 480 3 0,25 0,5 0,5 1 0 3279 327,9 1500 13
27 5 12 520 6 0,25 0,5 0,5 1 0 3175 317,5 1500 13
28 4 13 400 16 0,25 0,5 0,5 1 0 2984 298,4 1500 13
29 3 14 480 6 0,25 0,5 0,5 1 0 2866 286,6 1500 13
30 2 14 490 18 0,25 0,5 0,5 1 0 2606 260,6 1500 13
31 5 16 460 9 0,25 0,5 0,5 1 0 2427 242,7 1500 13
32 4 16 500 9 0,25 0,5 0,5 1 0 2231 223,1 1500 13
33 3 18 470 6 0,25 0,5 0,5 1 0 2091 209,1 1500 13
34 3 18 300 4 0,25 0,5 0,5 1 0 1993 199,3 1500 13
35 5 20 380 4 0,25 0,5 0,5 1 0 1837 183,7 1500 13
36 4 23 330 8 0,25 0,5 0,5 1 0 1683 168,3 1500 13
37 3 23 340 12 0,25 0,5 0,5 1 0 1682 168,2 1500 13
38 4 27 350 6 0,25 0,5 0,5 1 0 1589 158,9 1500 13
39 6 30 360 18 0,25 0,5 0,5 1 0 1439 143,9 1500 13
40 4 30 310 54 0,25 0,5 0,5 1 0 1404 140,4 1500 13
41 4 32 330 18 0,25 0,5 0,5 1 0 1265 126,5 1500 13
42 4 33 290 12 0,25 0,5 0,5 1 0 1153 115,3 1500 13
43 3 33 270 12 0,25 0,5 0,5 1 0 1138 113,8 1500 13
44 3 35 260 8 0,25 0,5 0,5 1 0 1094 109,4 1500 13
45 2 37 270 12 0,25 0,5 0,5 1 0 997 99,7 1500 13
46 5 37 270 12 0,25 0,5 0,5 1 0 964 96,4 1500 13
47 3 39 100 54 0,25 0,5 0,5 1 0 917 91,7 1500 13
48 2 39 110 36 0,25 0,5 0,5 1 0 833 83,3 1500 13
49 3 45 50 48 0,25 0,5 0,5 1 0 753 75,3 1500 13
50 5 47 30 108 0,25 0,5 0,5 1 0 723 72,3 1500 13
Node nums: [0 1 2 3 4 5 6 7 8 9 10 11 12 13 14 15 16 17 18 19 20 21 22 23 24 25 26 27
     28 29 30 31 32 33 34 35 36 37 38 39 40 41 42 43 44 45 46 47 48 49 50]
xx-Data uploaded-xx
	**** start init su array ...
0 [0 0 0 0 0 0 0 0 0 0]
1 [0 0 0 0 0 0 0 0 0 0]
2 [0 0 0 0 0 0 0 0 0 0]
3 [0 0 0 0 0 0 0 0 0 0]
4 [0 0 0 0 0 0 0 0 0 0]
5 [0 0 0 0 0 0 0 0 0 0]
6 [0 0 0 0 0 0 0 0 0 0]
7 [1 1 1 1 1 1 1 1 1 1]
8 [0 0 0 0 0 0 0 0 0 0]
9 [0 0 0 0 0 0 0 0 0 0]
10 [0 0 0 0 0 0 0 0 0 0]
11 [0 0 0 0 0 0 0 0 0 0]
12 [0 0 0 0 0 0 0 0 0 0]
13 [0 0 0 0 0 0 0 0 0 0]
14 [0 0 0 0 0 0 0 0 0 0]
15 [1 1 1 1 1 1 1 1 1 1]
16 [0 0 0 0 0 0 0 0 0 0]
17 [1 1 1 1 1 1 1 1 1 1]
18 [0 0 0 0 0 0 0 0 0 0]
19 [1 1 1 1 1 1 1 1 1 1]
20 [0 0 0 0 0 0 0 0 0 0]
21 [1 1 1 1 1 1 1 1 1 1]
22 [1 1 1 1 1 1 1 1 1 1]
23 [0 0 0 0 0 0 0 0 0 0]
24 [1 1 1 1 1 1 1 1 1 1]
25 [1 1 1 1 1 1 1 1 1 1]
26 [1 1 1 1 1 1 1 1 1 1]
27 [0 0 0 0 0 0 0 0 0 0]
28 [1 1 1 1 1 1 1 1 1 1]
29 [1 1 1 1 1 1 1 1 1 1]
30 [0 0 0 0 0 0 0 0 0 0]
31 [1 1 1 1 1 1 1 1 1 1]
32 [0 0 0 0 0 0 0 0 0 0]
33 [0 0 0 0 0 0 0 0 0 0]
34 [1 1 1 1 1 1 1 1 1 1]
35 [1 1 1 1 1 1 1 1 1 1]
36 [1 1 1 1 1 1 1 1 1 1]
37 [0 0 0 0 0 0 0 0 0 0]
38 [1 1 1 1 1 1 1 1 1 1]
39 [0 0 0 0 0 0 0 0 0 0]
40 [1 1 1 1 1 1 1 1 1 1]
41 [1 1 1 1 1 1 1 1 1 1]
42 [1 1 1 1 1 1 1 1 1 1]
43 [1 1 1 1 1 1 1 1 1 1]
44 [1 1 1 1 1 1 1 1 1 1]
45 [0 0 0 0 0 0 0 0 0 0]
46 [1 1 1 1 1 1 1 1 1 1]
47 [0 0 0 0 0 0 0 0 0 0]
48 [1 1 1 1 1 1 1 1 1 1]
49 [1 1 1 1 1 1 1 1 1 1]
50 [1 1 1 1 1 1 1 1 1 1]
	**** end init su array ...
1 2 1 700 80 0.85 0.92 0.8 (9)9
2 2 0.9 800 75 0.82 0.90 0.9 (9)9
3 1 1.1 680 90 0.88 0.95 0.5 (9)9
4 1 1 480 100 0.86 0.93 0.6 (9)9
5 5 0.6 550 40 0.72 0.78 1.5 (9)9
6 6 0.5 650 45 0.70 0.75 2.0 (9)9
7 7 0.5 1100 40 0.68 0.72 2.5 (9)9
8 5 0.3 700 30 0.65 0.70 1.8 (9)9
9 9 0.2 1700 15 0.60 0.65 3.5 (9)9
10 1 0.8 5800 40 0.80 0.88 0.7 (9)9

<<< generate

Version identifier: 20.1.0.0 | 2020-11-10 | 9bedb6d68
CPXPARAM_TimeLimit                               1800
Tried aggregator 2 times.
MIP Presolve eliminated 13362 rows and 543 columns.
MIP Presolve added 480 rows and 240 columns.
MIP Presolve modified 454 coefficients.
Aggregator did 2 substitutions.
Reduced MIP has 1204 rows, 868 columns, and 3251 nonzeros.
Reduced MIP has 289 binaries, 339 generals, 0 SOSs, and 0 indicators.
Presolve time = 0,02 sec. (12,01 ticks)
Probing time = 0,00 sec. (0,24 ticks)
Cover probing fixed 0 vars, tightened 24 bounds.
Tried aggregator 1 time.
Detecting symmetries...
MIP Presolve eliminated 312 rows and 0 columns.
MIP Presolve modified 336 coefficients.
Reduced MIP has 892 rows, 868 columns, and 2867 nonzeros.
Reduced MIP has 289 binaries, 339 generals, 0 SOSs, and 0 indicators.
Presolve time = 0,00 sec. (2,16 ticks)
Classifier predicts products in MIQP should be linearized.
Probing time = 0,00 sec. (0,20 ticks)
MIP emphasis: balance optimality and feasibility.
MIP search method: dynamic search.
Parallel mode: deterministic, using up to 20 threads.
Root relaxation solution time = 0,02 sec. (3,38 ticks)

        Nodes                                         Cuts/
   Node  Left     Objective  IInf  Best Integer    Best Bound    ItCnt     Gap

      0     0  1406161,5723   138                1406161,5723      193         
      0     0  1449852,8628   152                    Cuts: 98      292         
      0     0  1472770,5003   148                    Cuts: 70      356         
      0     0  1475425,2231   147                    Cuts: 30      386         
      0     0  1477672,9662   160                    Cuts: 16      397         
      0     0  1481362,9812   165                    Cuts: 18      416         
Detecting symmetries...
      0     0  1483453,4513   171                    Cuts: 11      434         
      0     0  1484145,0347   165                     Cuts: 9      446         
      0     0  1484788,4238   165                    Cuts: 11      455         
      0     0  1485369,1174   165                    Cuts: 10      468         
      0     0  1485601,0748   167                     Cuts: 9      475         
      0     0  1485994,4904   165                     Cuts: 4      481         
      0     0  1486726,6942   166                    Cuts: 11      492         
      0     0  1486787,4717   162                     Cuts: 5      502         
*     0+    0                      1798175,0000  1486787,4717            17,32%
*     0+    0                      1796762,0000  1486787,4717            17,25%
      0     0  1487000,0692   166  1796762,0000       Cuts: 5      507   17,24%
      0     0  1522478,1923   137  1796762,0000      Cuts: 55      583   15,27%
      0     0  1523845,5983   141  1796762,0000      Cuts: 30      615   15,19%
      0     0  1523979,3266   156  1796762,0000      Cuts: 15      629   15,18%
*     0+    0                      1663224,0000  1523979,3266             8,37%
*     0+    0                      1644072,0000  1523979,3266             7,30%
      0     0  -1,00000e+75     0  1644072,0000  1523979,3266      629    7,30%
Detecting symmetries...
      0     2  1523979,3266   155  1644072,0000  1523979,3266      629    7,30%
Elapsed time = 0,19 sec. (136,85 ticks, tree = 0,02 MB, solutions = 4)
*    62+   10                      1642120,0000  1530030,9076             6,83%
*  2483   453      integral     0  1640920,0000  1626752,4522    15654    0,86%
*  2801   332      integral     0  1638036,0000  1631867,7705    18477    0,38%
*  2937    96      integral     0  1637596,0000  1631867,7705    19074    0,35%

Cover cuts applied:  1
Implied bound cuts applied:  157
Flow cuts applied:  3
Mixed integer rounding cuts applied:  18
Zero-half cuts applied:  15
Lift and project cuts applied:  35
Gomory fractional cuts applied:  22

Root node processing (before b&c):
  Real time             =    0,19 sec. (136,45 ticks)
Parallel b&c, 20 threads:
  Real time             =    0,16 sec. (119,96 ticks)
  Sync time (average)   =    0,08 sec.
  Wait time (average)   =    0,00 sec.
                          ------------
Total (root+branch&cut) =    0,34 sec. (256,42 ticks)

<<< solve


OBJECTIVE: 1637596
xxxx
#Result <fct_obj, tot_cst, tot_ldt, Emiss>: <1.6376e+6 1.637e+6 616 1.3614e+8>#CS:1636980#A:[0,2,26,26,21,19,21,12,21,19,17,11,15,14,15,11,17,15,15,12,18,16,15,16,13,8,8,10,9,8,11,10,13,12,12,13,13,13,5,9,9,9,9,8,8,6,10,3,3,4,6]#X:[0,1,1,1,1,1,0,0,0,0,0,0,0,0,0,0,0,0,0,0,0,0,0,0,0,0,0,0,0,0,0,0,0,0,0,0,0,0,0,0,0,0,0,0,0,0,0,0,0,0,1]#E: 136143294#DELIVER:
S3=>P7
S4=>P7
S9=>P7
S10=>P7
S3=>P15
S4=>P15
S9=>P15
S10=>P15
S3=>P17
S4=>P17
S8=>P17
S9=>P17
S10=>P17
S3=>P19
S4=>P19
S9=>P19
S10=>P19
S3=>P21
S4=>P21
S8=>P21
S9=>P21
S10=>P21
S3=>P22
S4=>P22
S7=>P22
S9=>P22
S10=>P22
S3=>P24
S4=>P24
S7=>P24
S9=>P24
S10=>P24
S3=>P25
S4=>P25
S8=>P25
S10=>P25
S3=>P26
S4=>P26
S8=>P26
S10=>P26
S3=>P28
S4=>P28
S8=>P28
S10=>P28
S3=>P29
S4=>P29
S8=>P29
S10=>P29
S3=>P31
S4=>P31
S8=>P31
S10=>P31
S3=>P34
S4=>P34
S5=>P34
S9=>P34
S10=>P34
S3=>P36
S4=>P36
S9=>P36
S10=>P36
S3=>P38
S4=>P38
S10=>P38
S3=>P40
S4=>P40
S5=>P40
S8=>P40
S10=>P40
S3=>P41
S4=>P41
S8=>P41
S10=>P41
S3=>P42
S4=>P42
S8=>P42
S10=>P42
S1=>P43
S3=>P43
S4=>P43
S8=>P43
S10=>P43
S3=>P44
S4=>P44
S8=>P44
S10=>P44
S3=>P46
S4=>P46
S8=>P46
S10=>P46
S3=>P48
S4=>P48
S10=>P48
S3=>P49
S4=>P49
S10=>P49
S10=>P50
xxxx

<<< post process


<<< done


)
