Array
(
    [CplexRunTime] => Total (root+branch&cut) =    1,13 sec
    [Result] => Array
        (
            [Objective] => fct_obj.
            [ServiceCost] => tot_cst.
            [LateDeliveries] => tot_ldt.
            [Emissions] => Emiss
        )

    [CS] => 469360
    [A] => Array
        (
            [0] => 0
            [1] => 2
            [2] => 21
            [3] => 7
            [4] => 17
            [5] => 17
            [6] => 4
            [7] => 3
            [8] => 12
            [9] => 11
            [10] => 11
            [11] => 8
            [12] => 12
            [13] => 6
            [14] => 4
            [15] => 3
            [16] => 6
            [17] => 7
            [18] => 5
            [19] => 4
            [20] => 6
            [21] => 7
            [22] => 5
            [23] => 4
            [24] => 6
            [25] => 7
            [26] => 5
            [27] => 4
            [28] => 6
            [29] => 7
            [30] => 5
        )

    [X] => Array
        (
            [0] => 0
            [1] => 1
            [2] => 1
            [3] => 1
            [4] => 0
            [5] => 0
            [6] => 0
            [7] => 0
            [8] => 0
            [9] => 0
            [10] => 0
            [11] => 0
            [12] => 1
            [13] => 1
            [14] => 1
            [15] => 1
            [16] => 0
            [17] => 0
            [18] => 0
            [19] => 0
            [20] => 0
            [21] => 0
            [22] => 0
            [23] => 0
            [24] => 0
            [25] => 0
            [26] => 1
            [27] => 1
            [28] => 1
            [29] => 1
            [30] => 1
        )

    [E] => 9349860
    [DELIVER] => Array
        (
            [0] => S10=>P16
            [1] => S10=>P17
            [2] => S10=>P18
            [3] => S10=>P19
            [4] => S10=>P20
            [5] => S10=>P21
            [6] => S10=>P22
            [7] => S10=>P23
            [8] => S4=>P24
            [9] => S10=>P24
            [10] => S10=>P25
            [11] => S10=>P26
            [12] => S10=>P27
            [13] => S10=>P28
            [14] => S10=>P29
            [15] => S10=>P30
        )

    [_raw_output] => 
<<< setup

0 0 -1 0 1 0,25 0,5 0,8 1 0 0 0 0 13
1 2 0 3000 1 0,25 0,5 0,8 1 0 8000 800 1500 13
2 4 1 850 1 0,25 0,5 0,8 1 0 7500 750 1500 13
3 3 1 820 1 0,25 0,5 0,8 1 0 7200 720 1500 13
4 5 2 680 1 0,25 0,5 0,8 1 0 6800 680 1500 13
5 6 2 650 1 0,25 0,5 0,8 1 0 6500 650 1500 13
6 4 3 720 1 0,25 0,5 0,8 1 0 7100 710 1500 13
7 3 3 700 1 0,25 0,5 0,8 1 0 7000 700 1500 13
8 5 4 580 1 0,25 0,5 0,8 1 0 5800 580 1500 13
9 6 4 560 1 0,25 0,5 0,8 1 0 5600 560 1500 13
10 4 5 540 1 0,25 0,5 0,8 1 0 5400 540 1500 13
11 3 5 520 1 0,25 0,5 0,8 1 0 5200 520 1500 13
12 5 6 500 1 0,25 0,5 0,8 1 0 5000 500 1500 13
13 6 6 480 1 0,25 0,5 0,8 1 0 4800 480 1500 13
14 4 7 460 1 0,25 0,5 0,8 1 0 4600 460 1500 13
15 3 7 440 1 0,25 0,5 0,8 1 0 4400 440 1500 13
16 5 8 420 1 0,25 0,5 0,8 1 0 4200 420 1500 13
17 6 8 400 1 0,25 0,5 0,8 1 0 4000 400 1500 13
18 4 9 380 1 0,25 0,5 0,8 1 0 3800 380 1500 13
19 3 9 360 1 0,25 0,5 0,8 1 0 3600 360 1500 13
20 5 10 340 1 0,25 0,5 0,8 1 0 3400 340 1500 13
21 6 10 320 1 0,25 0,5 0,8 1 0 3200 320 1500 13
22 4 11 300 1 0,25 0,5 0,8 1 0 3000 300 1500 13
23 3 11 280 1 0,25 0,5 0,8 1 0 2800 280 1500 13
24 5 12 260 1 0,25 0,5 0,8 1 0 2600 260 1500 13
25 6 12 240 1 0,25 0,5 0,8 1 0 2400 240 1500 13
26 4 13 220 1 0,25 0,5 0,8 1 0 2200 220 1500 13
27 3 13 200 1 0,25 0,5 0,8 1 0 2000 200 1500 13
28 5 14 180 1 0,25 0,5 0,8 1 0 1800 180 1500 13
29 6 14 160 1 0,25 0,5 0,8 1 0 1600 160 1500 13
30 4 15 140 1 0,25 0,5 0,8 1 0 1400 140 1500 13
Node nums: [0 1 2 3 4 5 6 7 8 9 10 11 12 13 14 15 16 17 18 19 20 21 22 23 24 25 26 27
     28 29 30]
xx-Data uploaded-xx
	**** start init su array ...
0 [0 0 0 0 0 0 0 0 0 0]
1 [0 0 0 0 0 0 0 0 0 0]
2 [0 0 0 0 0 0 0 0 0 0]
3 [0 0 0 0 0 0 0 0 0 0]
4 [0 0 0 0 0 0 0 0 0 0]
5 [0 0 0 0 0 0 0 0 0 0]
6 [0 0 0 0 0 0 0 0 0 0]
7 [0 0 0 0 0 0 0 0 0 0]
8 [0 0 0 0 0 0 0 0 0 0]
9 [0 0 0 0 0 0 0 0 0 0]
10 [0 0 0 0 0 0 0 0 0 0]
11 [0 0 0 0 0 0 0 0 0 0]
12 [0 0 0 0 0 0 0 0 0 0]
13 [0 0 0 0 0 0 0 0 0 0]
14 [0 0 0 0 0 0 0 0 0 0]
15 [0 0 0 0 0 0 0 0 0 0]
16 [1 1 1 1 1 1 1 1 1 1]
17 [1 1 1 1 1 1 1 1 1 1]
18 [1 1 1 1 1 1 1 1 1 1]
19 [1 1 1 1 1 1 1 1 1 1]
20 [1 1 1 1 1 1 1 1 1 1]
21 [1 1 1 1 1 1 1 1 1 1]
22 [1 1 1 1 1 1 1 1 1 1]
23 [1 1 1 1 1 1 1 1 1 1]
24 [1 1 1 1 1 1 1 1 1 1]
25 [1 1 1 1 1 1 1 1 1 1]
26 [1 1 1 1 1 1 1 1 1 1]
27 [1 1 1 1 1 1 1 1 1 1]
28 [1 1 1 1 1 1 1 1 1 1]
29 [1 1 1 1 1 1 1 1 1 1]
30 [1 1 1 1 1 1 1 1 1 1]
	**** end init su array ...
1 2 1 700 80 0.85 0.92 0.8 (9)9
2 2 0.9 800 75 0.82 0.90 0.9 (9)9
3 1 1.1 680 90 0.88 0.95 0.5 (9)9
4 1 1 480 100 0.86 0.93 0.6 (9)9
5 5 0.6 550 40 0.72 0.78 1.5 (9)9
6 6 0.5 650 45 0.70 0.75 2.0 (9)9
7 7 0.5 1100 40 0.68 0.72 2.5 (9)9
8 5 0.3 700 30 0.65 0.70 1.8 (9)9
9 9 0.2 1700 15 0.60 0.65 3.5 (9)9
10 1 0.8 5800 40 0.80 0.88 0.7 (9)9

<<< generate

Version identifier: 20.1.0.0 | 2020-11-10 | 9bedb6d68
CPXPARAM_TimeLimit                               1800
Tried aggregator 2 times.
MIP Presolve eliminated 5019 rows and 323 columns.
MIP Presolve added 300 rows and 150 columns.
MIP Presolve modified 305 coefficients.
Aggregator did 2 substitutions.
Reduced MIP has 747 rows, 538 columns, and 1983 nonzeros.
Reduced MIP has 179 binaries, 209 generals, 0 SOSs, and 0 indicators.
Presolve time = 0,02 sec. (4,83 ticks)
Probing time = 0,00 sec. (0,15 ticks)
Cover probing fixed 0 vars, tightened 15 bounds.
Tried aggregator 1 time.
Detecting symmetries...
MIP Presolve eliminated 195 rows and 0 columns.
MIP Presolve modified 210 coefficients.
Reduced MIP has 552 rows, 538 columns, and 1743 nonzeros.
Reduced MIP has 179 binaries, 209 generals, 0 SOSs, and 0 indicators.
Presolve time = 0,00 sec. (1,35 ticks)
Classifier predicts products in MIQP should be linearized.
Probing time = 0,00 sec. (0,12 ticks)
MIP emphasis: balance optimality and feasibility.
MIP search method: dynamic search.
Parallel mode: deterministic, using up to 20 threads.
Root relaxation solution time = 0,00 sec. (2,56 ticks)

        Nodes                                         Cuts/
   Node  Left     Objective  IInf  Best Integer    Best Bound    ItCnt     Gap

*     0+    0                       2,32437e+08    48147,0000            99,98%
      0     0   395410,3498   221   2,32437e+08   395410,3498      233   99,83%
      0     0   397748,5278   226   2,32437e+08      Cuts: 68      271   99,83%
      0     0   402952,2271   218   2,32437e+08      Cuts: 54      322   99,83%
      0     0   405230,8469   185   2,32437e+08      Cuts: 73      378   99,83%
      0     0   406596,2812   209   2,32437e+08      Cuts: 40      442   99,83%
      0     0   407207,2114   140   2,32437e+08      Cuts: 29      473   99,82%
Detecting symmetries...
      0     0   407674,0757   172   2,32437e+08       Cuts: 8      505   99,82%
      0     0   407819,8909   188   2,32437e+08       Cuts: 9      515   99,82%
      0     0   407954,3902   161   2,32437e+08       Cuts: 9      531   99,82%
      0     0   408005,5205   189   2,32437e+08       Cuts: 8      543   99,82%
      0     0   408053,8944   192   2,32437e+08       Cuts: 5      550   99,82%
      0     0   408079,3986   152   2,32437e+08       Cuts: 6      560   99,82%
      0     0   408109,3569   166   2,32437e+08       Cuts: 5      576   99,82%
      0     0   408122,0259   184   2,32437e+08       Cuts: 7      586   99,82%
*     0+    0                       482638,0000   408122,0259            15,44%
Detecting symmetries...
      0     2   408122,0259   184   482638,0000   408122,0259      586   15,44%
Elapsed time = 0,13 sec. (80,01 ticks, tree = 0,02 MB, solutions = 2)
*   234+   16                       469582,0000   409272,5634            12,84%

Performing restart 1

Repeating presolve.
Tried aggregator 1 time.
MIP Presolve modified 387 coefficients.
Reduced MIP has 552 rows, 538 columns, and 1743 nonzeros.
Reduced MIP has 179 binaries, 209 generals, 0 SOSs, and 0 indicators.
Presolve time = 0,00 sec. (0,96 ticks)
Tried aggregator 1 time.
MIP Presolve modified 290 coefficients.
Reduced MIP has 552 rows, 538 columns, and 1743 nonzeros.
Reduced MIP has 179 binaries, 209 generals, 0 SOSs, and 0 indicators.
Presolve time = 0,00 sec. (1,29 ticks)
Represolve time = 0,00 sec. (4,22 ticks)
   5359     0   412721,5088   193   469582,0000     Cuts: 203    76508    9,64%
   5359     0   416006,1793   238   469582,0000     Cuts: 198    76622    9,64%
   5359     0   419958,4257   229   469582,0000     Cuts: 176    76754    9,64%
   5359     0   422879,1537   219   469582,0000     Cuts: 118    76869    9,64%
   5359     0   426455,5525   250   469582,0000     Cuts: 111    76987    9,18%
   5359     0   429353,8647   205   469582,0000     Cuts: 105    77069    8,57%
   5359     0   430029,6056   264   469582,0000      Cuts: 62    77141    8,42%
   5359     0   430620,6571   291   469582,0000      Cuts: 73    77204    8,30%
   5359     0   431172,9936   300   469582,0000      Cuts: 50    77259    8,18%
   5359     0   431516,1447   286   469582,0000      Cuts: 58    77309    7,80%
   5359     0   434137,5156   263   469582,0000     Cuts: 105    77384    7,55%
   5359     0   435180,9995   244   469582,0000      Cuts: 82    77459    7,33%
   5359     0   435788,1460   260   469582,0000      Cuts: 71    77516    7,20%
   5359     0   436359,1763   261   469582,0000      Cuts: 57    77582    7,07%
   5359     0   436524,5991   228   469582,0000      Cuts: 45    77638    7,04%
   5359     0   436613,4235   224   469582,0000      Cuts: 47    77665    7,02%
   5359     0   436676,4620   220   469582,0000      Cuts: 36    77686    7,01%
   5359     0   436716,8258   255   469582,0000      Cuts: 21    77711    7,00%
   5359     0   436914,8984   225   469582,0000      Cuts: 41    77737    6,96%
   5359     0   436925,8185   241   469582,0000      Cuts: 19    77748    6,95%
   5359     0   436955,3643   240   469582,0000      Cuts: 14    77757    6,95%
   5359     0   436961,2303   246   469582,0000      Cuts: 10    77765    6,95%
   5359     0   436962,4848   248   469582,0000       Cuts: 5    77771    6,95%
   5359     2   436962,4848   248   469582,0000   436962,4848    77771    6,95%

Implied bound cuts applied:  11
Flow cuts applied:  115
Mixed integer rounding cuts applied:  161
Zero-half cuts applied:  11
Lift and project cuts applied:  2
Gomory fractional cuts applied:  11

Root node processing (before b&c):
  Real time             =    0,11 sec. (79,62 ticks)
Parallel b&c, 20 threads:
  Real time             =    1,02 sec. (892,77 ticks)
  Sync time (average)   =    0,19 sec.
  Wait time (average)   =    0,01 sec.
                          ------------
Total (root+branch&cut) =    1,13 sec. (972,39 ticks)

<<< solve


OBJECTIVE: 469582
xxxx
#Result <fct_obj, tot_cst, tot_ldt, Emiss>: <4.6958e+5 4.6936e+5 222 9.3499e+6>#CS:469360#A:[0,2,21,7,17,17,4,3,12,11,11,8,12,6,4,3,6,7,5,4,6,7,5,4,6,7,5,4,6,7,5]#X:[0,1,1,1,0,0,0,0,0,0,0,0,1,1,1,1,0,0,0,0,0,0,0,0,0,0,1,1,1,1,1]#E: 9349860#DELIVER:
S10=>P16
S10=>P17
S10=>P18
S10=>P19
S10=>P20
S10=>P21
S10=>P22
S10=>P23
S4=>P24
S10=>P24
S10=>P25
S10=>P26
S10=>P27
S10=>P28
S10=>P29
S10=>P30
xxxx

<<< post process


<<< done


)
