Array
(
    [CplexRunTime] => Total (root+branch&cut) =    1,03 sec
    [Result] => Array
        (
            [Objective] => fct_obj.
            [ServiceCost] => tot_cst.
            [LateDeliveries] => tot_ldt.
            [Emissions] => Emiss
        )

    [CS] => 408848
    [A] => Array
        (
            [0] => 0
            [1] => 2
            [2] => 21
            [3] => 19
            [4] => 17
            [5] => 17
            [6] => 16
            [7] => 13
            [8] => 12
            [9] => 11
            [10] => 11
            [11] => 8
            [12] => 12
            [13] => 11
            [14] => 10
            [15] => 3
            [16] => 6
            [17] => 7
            [18] => 5
            [19] => 4
            [20] => 6
            [21] => 7
            [22] => 5
            [23] => 4
            [24] => 6
            [25] => 7
            [26] => 5
            [27] => 4
            [28] => 6
            [29] => 7
            [30] => 5
        )

    [X] => Array
        (
            [0] => 0
            [1] => 1
            [2] => 1
            [3] => 1
            [4] => 0
            [5] => 0
            [6] => 0
            [7] => 0
            [8] => 0
            [9] => 0
            [10] => 0
            [11] => 0
            [12] => 0
            [13] => 0
            [14] => 0
            [15] => 0
            [16] => 0
            [17] => 0
            [18] => 0
            [19] => 0
            [20] => 0
            [21] => 0
            [22] => 0
            [23] => 0
            [24] => 0
            [25] => 0
            [26] => 0
            [27] => 0
            [28] => 0
            [29] => 1
            [30] => 1
        )

    [E] => 12176900
    [DELIVER] => Array
        (
            [0] => S10=>P16
            [1] => S10=>P17
            [2] => S10=>P18
            [3] => S10=>P19
            [4] => S10=>P20
            [5] => S10=>P21
            [6] => S10=>P22
            [7] => S10=>P23
            [8] => S4=>P24
            [9] => S10=>P24
            [10] => S10=>P25
            [11] => S10=>P26
            [12] => S4=>P27
            [13] => S10=>P27
            [14] => S10=>P28
            [15] => S10=>P29
            [16] => S10=>P30
        )

    [_raw_output] => 
<<< setup

0 0 -1 0 1 0,25 0,5 0,8 1 0 0 0 0 13
1 2 0 3000 1 0,25 0,5 0,8 1 0 8000 800 1500 13
2 4 1 850 1 0,25 0,5 0,8 1 0 7500 750 1500 13
3 3 1 820 1 0,25 0,5 0,8 1 0 7200 720 1500 13
4 5 2 680 1 0,25 0,5 0,8 1 0 6800 680 1500 13
5 6 2 650 1 0,25 0,5 0,8 1 0 6500 650 1500 13
6 4 3 720 1 0,25 0,5 0,8 1 0 7100 710 1500 13
7 3 3 700 1 0,25 0,5 0,8 1 0 7000 700 1500 13
8 5 4 580 1 0,25 0,5 0,8 1 0 5800 580 1500 13
9 6 4 560 1 0,25 0,5 0,8 1 0 5600 560 1500 13
10 4 5 540 1 0,25 0,5 0,8 1 0 5400 540 1500 13
11 3 5 520 1 0,25 0,5 0,8 1 0 5200 520 1500 13
12 5 6 500 1 0,25 0,5 0,8 1 0 5000 500 1500 13
13 6 6 480 1 0,25 0,5 0,8 1 0 4800 480 1500 13
14 4 7 460 1 0,25 0,5 0,8 1 0 4600 460 1500 13
15 3 7 440 1 0,25 0,5 0,8 1 0 4400 440 1500 13
16 5 8 420 1 0,25 0,5 0,8 1 0 4200 420 1500 13
17 6 8 400 1 0,25 0,5 0,8 1 0 4000 400 1500 13
18 4 9 380 1 0,25 0,5 0,8 1 0 3800 380 1500 13
19 3 9 360 1 0,25 0,5 0,8 1 0 3600 360 1500 13
20 5 10 340 1 0,25 0,5 0,8 1 0 3400 340 1500 13
21 6 10 320 1 0,25 0,5 0,8 1 0 3200 320 1500 13
22 4 11 300 1 0,25 0,5 0,8 1 0 3000 300 1500 13
23 3 11 280 1 0,25 0,5 0,8 1 0 2800 280 1500 13
24 5 12 260 1 0,25 0,5 0,8 1 0 2600 260 1500 13
25 6 12 240 1 0,25 0,5 0,8 1 0 2400 240 1500 13
26 4 13 220 1 0,25 0,5 0,8 1 0 2200 220 1500 13
27 3 13 200 1 0,25 0,5 0,8 1 0 2000 200 1500 13
28 5 14 180 1 0,25 0,5 0,8 1 0 1800 180 1500 13
29 6 14 160 1 0,25 0,5 0,8 1 0 1600 160 1500 13
30 4 15 140 1 0,25 0,5 0,8 1 0 1400 140 1500 13
Node nums: [0 1 2 3 4 5 6 7 8 9 10 11 12 13 14 15 16 17 18 19 20 21 22 23 24 25 26 27
     28 29 30]
xx-Data uploaded-xx
	**** start init su array ...
0 [0 0 0 0 0 0 0 0 0 0]
1 [0 0 0 0 0 0 0 0 0 0]
2 [0 0 0 0 0 0 0 0 0 0]
3 [0 0 0 0 0 0 0 0 0 0]
4 [0 0 0 0 0 0 0 0 0 0]
5 [0 0 0 0 0 0 0 0 0 0]
6 [0 0 0 0 0 0 0 0 0 0]
7 [0 0 0 0 0 0 0 0 0 0]
8 [0 0 0 0 0 0 0 0 0 0]
9 [0 0 0 0 0 0 0 0 0 0]
10 [0 0 0 0 0 0 0 0 0 0]
11 [0 0 0 0 0 0 0 0 0 0]
12 [0 0 0 0 0 0 0 0 0 0]
13 [0 0 0 0 0 0 0 0 0 0]
14 [0 0 0 0 0 0 0 0 0 0]
15 [0 0 0 0 0 0 0 0 0 0]
16 [1 1 1 1 1 1 1 1 1 1]
17 [1 1 1 1 1 1 1 1 1 1]
18 [1 1 1 1 1 1 1 1 1 1]
19 [1 1 1 1 1 1 1 1 1 1]
20 [1 1 1 1 1 1 1 1 1 1]
21 [1 1 1 1 1 1 1 1 1 1]
22 [1 1 1 1 1 1 1 1 1 1]
23 [1 1 1 1 1 1 1 1 1 1]
24 [1 1 1 1 1 1 1 1 1 1]
25 [1 1 1 1 1 1 1 1 1 1]
26 [1 1 1 1 1 1 1 1 1 1]
27 [1 1 1 1 1 1 1 1 1 1]
28 [1 1 1 1 1 1 1 1 1 1]
29 [1 1 1 1 1 1 1 1 1 1]
30 [1 1 1 1 1 1 1 1 1 1]
	**** end init su array ...
1 2 1 700 80 0.85 0.92 0.8 (9)9
2 2 0.9 800 75 0.82 0.90 0.9 (9)9
3 1 1.1 680 90 0.88 0.95 0.5 (9)9
4 1 1 480 100 0.86 0.93 0.6 (9)9
5 5 0.6 550 40 0.72 0.78 1.5 (9)9
6 6 0.5 650 45 0.70 0.75 2.0 (9)9
7 7 0.5 1100 40 0.68 0.72 2.5 (9)9
8 5 0.3 700 30 0.65 0.70 1.8 (9)9
9 9 0.2 1700 15 0.60 0.65 3.5 (9)9
10 1 0.8 5800 40 0.80 0.88 0.7 (9)9

<<< generate

Version identifier: 20.1.0.0 | 2020-11-10 | 9bedb6d68
CPXPARAM_TimeLimit                               1800
Tried aggregator 2 times.
MIP Presolve eliminated 5019 rows and 323 columns.
MIP Presolve added 300 rows and 150 columns.
MIP Presolve modified 305 coefficients.
Aggregator did 2 substitutions.
Reduced MIP has 747 rows, 538 columns, and 1983 nonzeros.
Reduced MIP has 179 binaries, 209 generals, 0 SOSs, and 0 indicators.
Presolve time = 0,00 sec. (4,83 ticks)
Probing time = 0,00 sec. (0,15 ticks)
Cover probing fixed 0 vars, tightened 15 bounds.
Tried aggregator 1 time.
Detecting symmetries...
MIP Presolve eliminated 195 rows and 0 columns.
MIP Presolve modified 210 coefficients.
Reduced MIP has 552 rows, 538 columns, and 1743 nonzeros.
Reduced MIP has 179 binaries, 209 generals, 0 SOSs, and 0 indicators.
Presolve time = 0,00 sec. (1,35 ticks)
Classifier predicts products in MIQP should be linearized.
Probing time = 0,00 sec. (0,12 ticks)
MIP emphasis: balance optimality and feasibility.
MIP search method: dynamic search.
Parallel mode: deterministic, using up to 20 threads.
Root relaxation solution time = 0,00 sec. (2,65 ticks)

        Nodes                                         Cuts/
   Node  Left     Objective  IInf  Best Integer    Best Bound    ItCnt     Gap

*     0+    0                       2,32437e+08    48147,0000            99,98%
      0     0   364691,3269   201   2,32437e+08   364691,3269      193   99,84%
      0     0   367985,4035   193   2,32437e+08      Cuts: 49      234   99,84%
      0     0   368726,9407   149   2,32437e+08      Cuts: 45      263   99,84%
      0     0   368879,4137   153   2,32437e+08      Cuts: 15      279   99,84%
      0     0   368946,9798   156   2,32437e+08      Cuts: 10      286   99,84%
      0     0   369909,2676   153   2,32437e+08      Cuts: 10      301   99,84%
Detecting symmetries...
      0     0   370554,9234   164   2,32437e+08      Cuts: 20      321   99,84%
      0     0   371093,6190   150   2,32437e+08      Cuts: 11      335   99,84%
      0     0   371242,1995   148   2,32437e+08       Cuts: 8      342   99,84%
      0     0   371337,7880   154   2,32437e+08       Cuts: 9      352   99,84%
      0     0   371337,7880   154   2,32437e+08       Cuts: 3      355   99,84%
      0     0   371337,7880   154   2,32437e+08       Cuts: 5      358   99,84%
*     0+    0                       558971,0000   371337,7880            33,57%
*     0+    0                       558581,0000   371337,7880            33,52%
*     0+    0                       549673,0000   371337,7880            32,44%
      0     0  -1,00000e+75     0   549673,0000   371337,7880      358   32,44%
Detecting symmetries...
      0     2   371337,7880   154   549673,0000   371337,7880      358   32,44%
Elapsed time = 0,11 sec. (86,80 ticks, tree = 0,02 MB, solutions = 4)
*    11+    1                       545101,0000   371449,8319            31,86%
*    16+    2                       542293,0000   371530,4101            31,49%
*    28+    3                       541610,0000   371887,7083            31,34%
*    97+   20                       539503,0000   372986,8938            30,86%
*   105+   20                       539503,0000   372986,8938            30,86%
*   126+   16                       462934,0000   372986,8938            19,43%
*  2463+ 1342                       452053,0000   377000,3804            16,60%
*  4220+ 2212                       421862,0000   377050,1166            10,62%

Performing restart 1

Repeating presolve.
Tried aggregator 1 time.
MIP Presolve modified 387 coefficients.
Reduced MIP has 552 rows, 538 columns, and 1743 nonzeros.
Reduced MIP has 179 binaries, 209 generals, 0 SOSs, and 0 indicators.
Presolve time = 0,00 sec. (0,97 ticks)
Tried aggregator 1 time.
MIP Presolve modified 58 coefficients.
Reduced MIP has 552 rows, 538 columns, and 1743 nonzeros.
Reduced MIP has 179 binaries, 209 generals, 0 SOSs, and 0 indicators.
Presolve time = 0,00 sec. (1,27 ticks)
Represolve time = 0,00 sec. (4,86 ticks)
   5437     0   374829,7509   211   421862,0000     Cuts: 131    53602    9,71%
   5437     0   376463,2998   219   421862,0000     Cuts: 114    53702    9,71%
   5437     0   377216,2983   215   421862,0000     Cuts: 141    53785    9,71%
   5437     0   378971,7801   197   421862,0000      Cuts: 90    53865    9,71%
   5437     0   379504,4462   226   421862,0000      Cuts: 72    53933    9,71%
   5437     0   380071,3956   248   421862,0000     Cuts: 100    54005    9,71%
   5437     0   381654,1284   239   421862,0000      Cuts: 83    54097    9,53%
   5437     0   382095,1114   223   421862,0000      Cuts: 82    54161    9,43%
   5437     0   382506,9159   214   421862,0000      Cuts: 93    54216    9,33%
   5437     0   382834,7784   224   421862,0000      Cuts: 57    54267    9,25%
   5437     0   383006,2596   189   421862,0000      Cuts: 56    54322    9,21%
*  5437+    0                       419892,0000   383006,2596             8,78%
*  5437+    0                       419787,0000   383006,2596             8,76%
   5437     0   383086,4040   226   419787,0000      Cuts: 42    54364    7,03%
   5437     0   383197,9080   228   419787,0000      Cuts: 60    54431    7,03%
   5437     0   383272,0008   234   419787,0000      Cuts: 46    54465    7,03%
   5437     0   383376,5405   226   419787,0000      Cuts: 40    54505    7,03%
*  5437+    0                       409115,0000   390259,3854             4,61%
   5437     2   383376,5405   225   409115,0000   394204,9816    54505    3,64%
   8436   153        cutoff         409115,0000   399841,9804    94978    2,27%

Implied bound cuts applied:  16
Flow cuts applied:  60
Mixed integer rounding cuts applied:  144
Zero-half cuts applied:  24
Lift and project cuts applied:  13
Gomory fractional cuts applied:  12

Root node processing (before b&c):
  Real time             =    0,09 sec. (86,63 ticks)
Parallel b&c, 20 threads:
  Real time             =    0,86 sec. (778,54 ticks)
  Sync time (average)   =    0,21 sec.
  Wait time (average)   =    0,01 sec.
                          ------------
Total (root+branch&cut) =    0,95 sec. (865,17 ticks)

<<< solve


OBJECTIVE: 409115
xxxx
#Result <fct_obj, tot_cst, tot_ldt, Emiss>: <4.0912e+5 4.0885e+5 267 1.2177e+7>#CS:408848#A:[0,2,21,19,17,17,16,13,12,11,11,8,12,11,10,3,6,7,5,4,6,7,5,4,6,7,5,4,6,7,5]#X:[0,1,1,1,0,0,0,0,0,0,0,0,0,0,0,0,0,0,0,0,0,0,0,0,0,0,0,0,0,1,1]#E: 12176900#DELIVER:
S10=>P16
S10=>P17
S10=>P18
S10=>P19
S10=>P20
S10=>P21
S10=>P22
S10=>P23
S4=>P24
S10=>P24
S10=>P25
S10=>P26
S4=>P27
S10=>P27
S10=>P28
S10=>P29
S10=>P30
xxxx

<<< post process


<<< done


)
