Array
(
    [CplexRunTime] => Total (root+branch&cut) =    1,44 sec
    [Result] => Array
        (
            [Objective] => fct_obj.
            [ServiceCost] => tot_cst.
            [LateDeliveries] => tot_ldt.
            [Emissions] => Emiss
        )

    [CS] => 455600
    [A] => Array
        (
            [0] => 0
            [1] => 2
            [2] => 21
            [3] => 10
            [4] => 17
            [5] => 17
            [6] => 4
            [7] => 7
            [8] => 12
            [9] => 11
            [10] => 11
            [11] => 8
            [12] => 12
            [13] => 11
            [14] => 4
            [15] => 3
            [16] => 6
            [17] => 7
            [18] => 5
            [19] => 4
            [20] => 6
            [21] => 7
            [22] => 5
            [23] => 4
            [24] => 6
            [25] => 7
            [26] => 5
            [27] => 4
            [28] => 6
            [29] => 7
            [30] => 5
        )

    [X] => Array
        (
            [0] => 0
            [1] => 1
            [2] => 1
            [3] => 1
            [4] => 0
            [5] => 0
            [6] => 0
            [7] => 0
            [8] => 0
            [9] => 0
            [10] => 0
            [11] => 0
            [12] => 1
            [13] => 1
            [14] => 0
            [15] => 0
            [16] => 0
            [17] => 0
            [18] => 0
            [19] => 0
            [20] => 0
            [21] => 0
            [22] => 0
            [23] => 0
            [24] => 0
            [25] => 0
            [26] => 0
            [27] => 0
            [28] => 1
            [29] => 1
            [30] => 1
        )

    [E] => 10152660
    [DELIVER] => Array
        (
            [0] => S10=>P16
            [1] => S10=>P17
            [2] => S10=>P18
            [3] => S10=>P19
            [4] => S10=>P20
            [5] => S10=>P21
            [6] => S10=>P22
            [7] => S4=>P23
            [8] => S10=>P23
            [9] => S3=>P24
            [10] => S4=>P24
            [11] => S10=>P24
            [12] => S4=>P25
            [13] => S10=>P25
            [14] => S3=>P26
            [15] => S4=>P26
            [16] => S10=>P26
            [17] => S3=>P27
            [18] => S10=>P27
            [19] => S10=>P28
            [20] => S10=>P29
            [21] => S10=>P30
        )

    [_raw_output] => 
<<< setup

0 0 -1 0 1 0,25 0,5 0,8 1 0 0 0 0 13
1 2 0 3000 1 0,25 0,5 0,8 1 0 8000 800 1500 13
2 4 1 850 1 0,25 0,5 0,8 1 0 7500 750 1500 13
3 3 1 820 1 0,25 0,5 0,8 1 0 7200 720 1500 13
4 5 2 680 1 0,25 0,5 0,8 1 0 6800 680 1500 13
5 6 2 650 1 0,25 0,5 0,8 1 0 6500 650 1500 13
6 4 3 720 1 0,25 0,5 0,8 1 0 7100 710 1500 13
7 3 3 700 1 0,25 0,5 0,8 1 0 7000 700 1500 13
8 5 4 580 1 0,25 0,5 0,8 1 0 5800 580 1500 13
9 6 4 560 1 0,25 0,5 0,8 1 0 5600 560 1500 13
10 4 5 540 1 0,25 0,5 0,8 1 0 5400 540 1500 13
11 3 5 520 1 0,25 0,5 0,8 1 0 5200 520 1500 13
12 5 6 500 1 0,25 0,5 0,8 1 0 5000 500 1500 13
13 6 6 480 1 0,25 0,5 0,8 1 0 4800 480 1500 13
14 4 7 460 1 0,25 0,5 0,8 1 0 4600 460 1500 13
15 3 7 440 1 0,25 0,5 0,8 1 0 4400 440 1500 13
16 5 8 420 1 0,25 0,5 0,8 1 0 4200 420 1500 13
17 6 8 400 1 0,25 0,5 0,8 1 0 4000 400 1500 13
18 4 9 380 1 0,25 0,5 0,8 1 0 3800 380 1500 13
19 3 9 360 1 0,25 0,5 0,8 1 0 3600 360 1500 13
20 5 10 340 1 0,25 0,5 0,8 1 0 3400 340 1500 13
21 6 10 320 1 0,25 0,5 0,8 1 0 3200 320 1500 13
22 4 11 300 1 0,25 0,5 0,8 1 0 3000 300 1500 13
23 3 11 280 1 0,25 0,5 0,8 1 0 2800 280 1500 13
24 5 12 260 1 0,25 0,5 0,8 1 0 2600 260 1500 13
25 6 12 240 1 0,25 0,5 0,8 1 0 2400 240 1500 13
26 4 13 220 1 0,25 0,5 0,8 1 0 2200 220 1500 13
27 3 13 200 1 0,25 0,5 0,8 1 0 2000 200 1500 13
28 5 14 180 1 0,25 0,5 0,8 1 0 1800 180 1500 13
29 6 14 160 1 0,25 0,5 0,8 1 0 1600 160 1500 13
30 4 15 140 1 0,25 0,5 0,8 1 0 1400 140 1500 13
Node nums: [0 1 2 3 4 5 6 7 8 9 10 11 12 13 14 15 16 17 18 19 20 21 22 23 24 25 26 27
     28 29 30]
xx-Data uploaded-xx
	**** start init su array ...
0 [0 0 0 0 0 0 0 0 0 0]
1 [0 0 0 0 0 0 0 0 0 0]
2 [0 0 0 0 0 0 0 0 0 0]
3 [0 0 0 0 0 0 0 0 0 0]
4 [0 0 0 0 0 0 0 0 0 0]
5 [0 0 0 0 0 0 0 0 0 0]
6 [0 0 0 0 0 0 0 0 0 0]
7 [0 0 0 0 0 0 0 0 0 0]
8 [0 0 0 0 0 0 0 0 0 0]
9 [0 0 0 0 0 0 0 0 0 0]
10 [0 0 0 0 0 0 0 0 0 0]
11 [0 0 0 0 0 0 0 0 0 0]
12 [0 0 0 0 0 0 0 0 0 0]
13 [0 0 0 0 0 0 0 0 0 0]
14 [0 0 0 0 0 0 0 0 0 0]
15 [0 0 0 0 0 0 0 0 0 0]
16 [1 1 1 1 1 1 1 1 1 1]
17 [1 1 1 1 1 1 1 1 1 1]
18 [1 1 1 1 1 1 1 1 1 1]
19 [1 1 1 1 1 1 1 1 1 1]
20 [1 1 1 1 1 1 1 1 1 1]
21 [1 1 1 1 1 1 1 1 1 1]
22 [1 1 1 1 1 1 1 1 1 1]
23 [1 1 1 1 1 1 1 1 1 1]
24 [1 1 1 1 1 1 1 1 1 1]
25 [1 1 1 1 1 1 1 1 1 1]
26 [1 1 1 1 1 1 1 1 1 1]
27 [1 1 1 1 1 1 1 1 1 1]
28 [1 1 1 1 1 1 1 1 1 1]
29 [1 1 1 1 1 1 1 1 1 1]
30 [1 1 1 1 1 1 1 1 1 1]
	**** end init su array ...
1 2 1 700 80 0.85 0.92 0.8 (9)9
2 2 0.9 800 75 0.82 0.90 0.9 (9)9
3 1 1.1 680 90 0.88 0.95 0.5 (9)9
4 1 1 480 100 0.86 0.93 0.6 (9)9
5 5 0.6 550 40 0.72 0.78 1.5 (9)9
6 6 0.5 650 45 0.70 0.75 2.0 (9)9
7 7 0.5 1100 40 0.68 0.72 2.5 (9)9
8 5 0.3 700 30 0.65 0.70 1.8 (9)9
9 9 0.2 1700 15 0.60 0.65 3.5 (9)9
10 1 0.8 5800 40 0.80 0.88 0.7 (9)9

<<< generate

Version identifier: 20.1.0.0 | 2020-11-10 | 9bedb6d68
CPXPARAM_TimeLimit                               1800
Tried aggregator 2 times.
MIP Presolve eliminated 5019 rows and 323 columns.
MIP Presolve added 300 rows and 150 columns.
MIP Presolve modified 304 coefficients.
Aggregator did 2 substitutions.
Reduced MIP has 747 rows, 538 columns, and 1983 nonzeros.
Reduced MIP has 179 binaries, 209 generals, 0 SOSs, and 0 indicators.
Presolve time = 0,00 sec. (4,83 ticks)
Probing time = 0,00 sec. (0,15 ticks)
Cover probing fixed 0 vars, tightened 15 bounds.
Tried aggregator 1 time.
Detecting symmetries...
MIP Presolve eliminated 195 rows and 0 columns.
MIP Presolve modified 210 coefficients.
Reduced MIP has 552 rows, 538 columns, and 1743 nonzeros.
Reduced MIP has 179 binaries, 209 generals, 0 SOSs, and 0 indicators.
Presolve time = 0,00 sec. (1,35 ticks)
Classifier predicts products in MIQP should be linearized.
Probing time = 0,00 sec. (0,12 ticks)
MIP emphasis: balance optimality and feasibility.
MIP search method: dynamic search.
Parallel mode: deterministic, using up to 20 threads.
Root relaxation solution time = 0,00 sec. (2,70 ticks)

        Nodes                                         Cuts/
   Node  Left     Objective  IInf  Best Integer    Best Bound    ItCnt     Gap

*     0+    0                       2,32437e+08    48147,0000            99,98%
      0     0   385011,7176   181   2,32437e+08   385011,7176      222   99,83%
      0     0   388605,2698   211   2,32437e+08      Cuts: 95      300   99,83%
      0     0   390933,2356   235   2,32437e+08      Cuts: 60      360   99,83%
      0     0   392226,5837   237   2,32437e+08      Cuts: 58      411   99,83%
      0     0   394151,6843   147   2,32437e+08      Cuts: 51      454   99,83%
      0     0   394935,2453   179   2,32437e+08      Cuts: 39      502   99,83%
Detecting symmetries...
      0     0   395898,3629   171   2,32437e+08       Cuts: 9      530   99,83%
      0     0   396023,5585   183   2,32437e+08       Cuts: 9      541   99,83%
      0     0   396327,5922   191   2,32437e+08      Cuts: 10      566   99,83%
      0     0   396512,5814   158   2,32437e+08       Cuts: 9      580   99,83%
      0     0   396578,2403   151   2,32437e+08       Cuts: 8      590   99,83%
      0     0   396890,3327   156   2,32437e+08      Cuts: 14      609   99,83%
      0     0   396982,1425   156   2,32437e+08       Cuts: 6      616   99,83%
      0     0   397122,4946   170   2,32437e+08       Cuts: 6      626   99,83%
      0     0   397130,9862   182   2,32437e+08   Impl Bds: 2      633   99,83%
      0     0   397132,7740   178   2,32437e+08       Cuts: 6      639   99,83%
*     0+    0                       498971,0000   397132,7740            20,41%
Detecting symmetries...
      0     2   397132,7740   178   498971,0000   397132,7740      639   20,41%
Elapsed time = 0,13 sec. (97,12 ticks, tree = 0,02 MB, solutions = 2)
*     8+    2                       477372,0000   397242,9891            16,79%

Performing restart 1

Repeating presolve.
Tried aggregator 1 time.
MIP Presolve modified 387 coefficients.
Reduced MIP has 552 rows, 538 columns, and 1743 nonzeros.
Reduced MIP has 179 binaries, 209 generals, 0 SOSs, and 0 indicators.
Presolve time = 0,00 sec. (0,96 ticks)
Tried aggregator 1 time.
MIP Presolve modified 58 coefficients.
Reduced MIP has 552 rows, 538 columns, and 1743 nonzeros.
Reduced MIP has 179 binaries, 209 generals, 0 SOSs, and 0 indicators.
Presolve time = 0,00 sec. (1,27 ticks)
Represolve time = 0,02 sec. (4,59 ticks)
   5204     0   399612,7701   209   477372,0000     Cuts: 219    92980   15,28%
   5204     0   405295,7124   219   477372,0000     Cuts: 190    93114   15,10%
   5204     0   408230,1533   231   477372,0000     Cuts: 170    93251   14,48%
   5204     0   410133,5419   129   477372,0000     Cuts: 160    93332   14,09%
   5204     0   411877,0246   236   477372,0000      Cuts: 81    93444   13,72%
   5204     0   413282,6833   242   477372,0000     Cuts: 110    93548   13,43%
   5204     0   414828,6809   249   477372,0000     Cuts: 102    93621   13,10%
   5204     0   416127,2012   152   477372,0000     Cuts: 127    93689   12,83%
   5204     0   416663,5819   146   477372,0000      Cuts: 89    93746   12,72%
   5204     0   417017,2194   139   477372,0000      Cuts: 56    93789   12,64%
   5204     0   417390,1217   131   477372,0000      Cuts: 51    93820   12,57%
   5204     0   417554,5962   160   477372,0000      Cuts: 42    93854   12,53%
   5204     0   417762,1742   135   477372,0000      Cuts: 53    93897   12,49%
   5204     0   417869,2456   134   477372,0000      Cuts: 36    93931   12,46%
   5204     0   418011,5899   147   477372,0000      Cuts: 33    93973   12,43%
*  5204+    0                       456494,0000   418011,5899             8,43%
   5204     0   418253,0666   140   456494,0000      Cuts: 32    94001    8,38%
   5204     0   418465,5617   230   456494,0000      Cuts: 38    94037    8,33%
   5204     0   418582,5766   150   456494,0000      Cuts: 67    94067    8,30%
   5204     0   418835,3748   145   456494,0000      Cuts: 33    94104    8,25%
   5204     0   418958,0898   139   456494,0000      Cuts: 43    94126    8,22%
   5204     0   419072,8155   142   456494,0000      Cuts: 17    94166    8,20%
   5204     0   419204,2503   255   456494,0000      Cuts: 39    94227    8,17%
   5204     0   419245,4864   131   456494,0000      Cuts: 40    94256    8,16%
   5204     0   419294,5644   149   456494,0000      Cuts: 27    94277    8,15%
   5204     0   419458,0370   148   456494,0000      Cuts: 36    94323    8,11%
   5204     0   419598,3071   146   456494,0000      Cuts: 29    94349    8,08%
   5204     0   419761,6593   232   456494,0000      Cuts: 21    94377    8,05%
   5204     0   419814,3888   148   456494,0000      Cuts: 39    94399    8,04%
   5204     0   419890,8727   149   456494,0000       Cuts: 8    94419    8,02%
   5204     0   419962,9927   150   456494,0000      Cuts: 20    94431    8,00%
   5204     0   420096,1558   148   456494,0000      Cuts: 13    94447    7,97%
   5204     0   420150,3437   153   456494,0000      Cuts: 20    94464    7,96%
   5204     2   420150,3437   153   456494,0000   420150,3437    94464    7,96%
*  5446    12      integral     0   455835,0000   429292,3517   102600    5,82%
*  5467    11      integral     0   455834,0000   429292,3517   103326    5,82%

Implied bound cuts applied:  6
Flow cuts applied:  124
Mixed integer rounding cuts applied:  163
Zero-half cuts applied:  13
Lift and project cuts applied:  19
Gomory fractional cuts applied:  12

Root node processing (before b&c):
  Real time             =    0,11 sec. (96,78 ticks)
Parallel b&c, 20 threads:
  Real time             =    1,33 sec. (1156,93 ticks)
  Sync time (average)   =    0,20 sec.
  Wait time (average)   =    0,01 sec.
                          ------------
Total (root+branch&cut) =    1,44 sec. (1253,71 ticks)

<<< solve


OBJECTIVE: 455834
xxxx
#Result <fct_obj, tot_cst, tot_ldt, Emiss>: <4.5583e+5 4.556e+5 234 1.0153e+7>#CS:455600#A:[0,2,21,10,17,17,4,7,12,11,11,8,12,11,4,3,6,7,5,4,6,7,5,4,6,7,5,4,6,7,5]#X:[0,1,1,1,0,0,0,0,0,0,0,0,1,1,0,0,0,0,0,0,0,0,0,0,0,0,0,0,1,1,1]#E: 10152660#DELIVER:
S10=>P16
S10=>P17
S10=>P18
S10=>P19
S10=>P20
S10=>P21
S10=>P22
S4=>P23
S10=>P23
S3=>P24
S4=>P24
S10=>P24
S4=>P25
S10=>P25
S3=>P26
S4=>P26
S10=>P26
S3=>P27
S10=>P27
S10=>P28
S10=>P29
S10=>P30
xxxx

<<< post process


<<< done


)
