Array
(
    [CplexRunTime] => Total (root+branch&cut) =    0,20 sec
    [Result] => Array
        (
            [Objective] => fct_obj.
            [ServiceCost] => tot_cst.
            [LateDeliveries] => tot_ldt.
            [Emissions] => Emiss
        )

    [CS] => 888160
    [A] => Array
        (
            [0] => 0
            [1] => 35
            [2] => 26
            [3] => 24
            [4] => 19
            [5] => 16
            [6] => 22
            [7] => 15
            [8] => 20
            [9] => 16
            [10] => 16
            [11] => 14
            [12] => 9
            [13] => 12
            [14] => 10
            [15] => 14
            [16] => 14
            [17] => 12
            [18] => 12
            [19] => 11
            [20] => 14
            [21] => 7
            [22] => 11
            [23] => 8
            [24] => 7
            [25] => 12
            [26] => 8
        )

    [X] => Array
        (
            [0] => 0
            [1] => 1
            [2] => 0
            [3] => 0
            [4] => 0
            [5] => 0
            [6] => 0
            [7] => 0
            [8] => 0
            [9] => 0
            [10] => 0
            [11] => 0
            [12] => 0
            [13] => 0
            [14] => 0
            [15] => 0
            [16] => 0
            [17] => 0
            [18] => 0
            [19] => 0
            [20] => 0
            [21] => 0
            [22] => 0
            [23] => 0
            [24] => 0
            [25] => 0
            [26] => 0
        )

    [E] => 37236100
    [DELIVER] => Array
        (
            [0] => S9=>P13
            [1] => S9=>P14
            [2] => S3=>P15
            [3] => S4=>P15
            [4] => S8=>P15
            [5] => S10=>P15
            [6] => S3=>P16
            [7] => S4=>P16
            [8] => S8=>P16
            [9] => S9=>P17
            [10] => S8=>P18
            [11] => S9=>P19
            [12] => S8=>P20
            [13] => S8=>P21
            [14] => S8=>P22
            [15] => S8=>P23
            [16] => S10=>P24
            [17] => S8=>P25
            [18] => S8=>P26
        )

    [_raw_output] => 
<<< setup

0 0 -1 0 1 0,25 0,5 0,8 1 0 0 0 0 13
1 9 0 2500 1 0,25 0,5 0,8 1 0 7000 700 1500 13
2 4 1 900 1 0,25 0,5 0,8 1 0 3500 450 1500 13
3 8 1 890 1 0,25 0,5 0,8 1 0 5500 550 1500 13
4 5 1 910 1 0,25 0,5 0,8 1 0 2800 280 1500 13
5 2 1 860 2 0,25 0,5 0,8 1 0 2350 235 1500 13
6 8 2 880 3 0,25 0,5 0,8 1 0 2600 260 1500 13
7 3 2 800 2 0,25 0,5 0,8 1 0 2900 290 1500 13
8 6 2 780 1 0,25 0,5 0,8 1 0 1600 160 1500 13
9 5 3 790 2 0,25 0,5 0,8 1 0 1250 125 1500 13
10 9 3 750 3 0,25 0,5 0,8 1 0 1120 112 1500 13
11 2 4 690 2 0,25 0,5 0,8 1 0 1200 120 1500 13
12 1 4 660 3 0,25 0,5 0,8 1 0 1000 100 1500 13
13 3 5 600 8 0,25 0,5 0,5 1 0 1100 110 1500 13
14 1 5 640 6 0,25 0,5 0,5 1 0 1100 110 1500 13
15 9 5 700 2 0,25 0,5 0,5 1 0 1100 110 1500 13
16 9 6 660 9 0,25 0,5 0,5 1 0 2100 210 1500 13
17 3 6 580 6 0,25 0,5 0,5 1 0 2000 200 1500 13
18 7 7 550 2 0,25 0,5 0,5 1 0 2300 230 1500 13
19 2 8 570 1 0,25 0,5 0,5 1 0 1200 120 1500 13
20 9 8 600 2 0,25 0,5 0,5 1 0 1400 140 1500 13
21 2 9 540 6 0,25 0,5 0,5 1 0 1150 115 1500 13
22 6 9 510 4 0,25 0,5 0,5 1 0 1100 110 1500 13
23 3 9 590 4 0,25 0,5 0,5 1 0 1050 105 1500 13
24 6 10 400 3 0,25 0,5 0,5 1 0 950 95 1500 13
25 7 11 490 2 0,25 0,5 0,5 1 0 1000 100 1500 13
26 3 12 480 3 0,25 0,5 0,5 1 0 900 90 1500 13
Node nums: [0 1 2 3 4 5 6 7 8 9 10 11 12 13 14 15 16 17 18 19 20 21 22 23 24 25 26]
xx-Data uploaded-xx
	**** start init su array ...
0 [0 0 0 0 0 0 0 0 0 0]
1 [0 0 0 0 0 0 0 0 0 0]
2 [0 0 0 0 0 0 0 0 0 0]
3 [0 0 0 0 0 0 0 0 0 0]
4 [0 0 0 0 0 0 0 0 0 0]
5 [0 0 0 0 0 0 0 0 0 0]
6 [0 0 0 0 0 0 0 0 0 0]
7 [0 0 0 0 0 0 0 0 0 0]
8 [0 0 0 0 0 0 0 0 0 0]
9 [0 0 0 0 0 0 0 0 0 0]
10 [0 0 0 0 0 0 0 0 0 0]
11 [0 0 0 0 0 0 0 0 0 0]
12 [0 0 0 0 0 0 0 0 0 0]
13 [1 1 1 1 1 1 1 1 1 1]
14 [1 1 1 1 1 1 1 1 1 1]
15 [1 1 1 1 1 1 1 1 1 1]
16 [1 1 1 1 1 1 1 1 1 1]
17 [1 1 1 1 1 1 1 1 1 1]
18 [1 1 1 1 1 1 1 1 1 1]
19 [1 1 1 1 1 1 1 1 1 1]
20 [1 1 1 1 1 1 1 1 1 1]
21 [1 1 1 1 1 1 1 1 1 1]
22 [1 1 1 1 1 1 1 1 1 1]
23 [1 1 1 1 1 1 1 1 1 1]
24 [1 1 1 1 1 1 1 1 1 1]
25 [1 1 1 1 1 1 1 1 1 1]
26 [1 1 1 1 1 1 1 1 1 1]
	**** end init su array ...
1 2 1 700 80 0.85 0.92 0.8 (9)9
2 2 0.9 800 75 0.82 0.90 0.9 (9)9
3 1 1.1 680 90 0.88 0.95 0.5 (9)9
4 1 1 480 100 0.86 0.93 0.6 (9)9
5 5 0.6 550 40 0.72 0.78 1.5 (9)9
6 6 0.5 650 45 0.70 0.75 2.0 (9)9
7 7 0.5 1100 40 0.68 0.72 2.5 (9)9
8 5 0.3 700 30 0.65 0.70 1.8 (9)9
9 9 0.2 1700 15 0.60 0.65 3.5 (9)9
10 1 0.8 5800 40 0.80 0.88 0.7 (9)9

<<< generate

Version identifier: 20.1.0.0 | 2020-11-10 | 9bedb6d68
CPXPARAM_TimeLimit                               1800
Tried aggregator 2 times.
MIP Presolve eliminated 3813 rows and 263 columns.
MIP Presolve added 280 rows and 140 columns.
MIP Presolve modified 283 coefficients.
Aggregator did 2 substitutions.
Reduced MIP has 689 rows, 496 columns, and 1852 nonzeros.
Reduced MIP has 165 binaries, 191 generals, 0 SOSs, and 0 indicators.
Presolve time = 0,02 sec. (3,98 ticks)
Probing time = 0,00 sec. (0,14 ticks)
Cover probing fixed 0 vars, tightened 14 bounds.
Tried aggregator 1 time.
Detecting symmetries...
MIP Presolve eliminated 182 rows and 0 columns.
MIP Presolve modified 196 coefficients.
Reduced MIP has 507 rows, 496 columns, and 1628 nonzeros.
Reduced MIP has 165 binaries, 191 generals, 0 SOSs, and 0 indicators.
Presolve time = 0,00 sec. (1,25 ticks)
Classifier predicts products in MIQP should be linearized.
Probing time = 0,00 sec. (0,12 ticks)
MIP emphasis: balance optimality and feasibility.
MIP search method: dynamic search.
Parallel mode: deterministic, using up to 20 threads.
Root relaxation solution time = 0,00 sec. (1,35 ticks)

        Nodes                                         Cuts/
   Node  Left     Objective  IInf  Best Integer    Best Bound    ItCnt     Gap

      0     0   784093,3810    53                 784093,3810       84         
      0     0   797124,5091    50                    Cuts: 42      126         
      0     0   802810,5928    65                    Cuts: 33      152         
      0     0   803145,2928    67                    Cuts: 11      163         
      0     0   803334,3926    67                     Cuts: 4      167         
      0     0   803334,5153    67                     Cuts: 2      169         
Detecting symmetries...
      0     0   803334,7290    66                     Cuts: 2      171         
*     0+    0                      4988110,0000   803334,7290            83,90%
*     0+    0                       900396,0000   803334,7290            10,78%
*     0+    0                       899260,0000   827021,4333             8,03%
      0     0  -1,00000e+75     0   899260,0000   827021,4333      171    8,03%
Detecting symmetries...
      0     2   803334,7290    66   899260,0000   827021,4333      171    8,03%
Elapsed time = 0,13 sec. (55,03 ticks, tree = 0,02 MB, solutions = 3)
*     8+    1                       895948,0000   827021,4333             7,69%
*    13+    4                       891664,0000   827021,4333             7,25%
*    17+    2                       889024,0000   827021,4333             6,97%
*    45+    9                       888544,0000   827021,4333             6,92%

Implied bound cuts applied:  84
Mixed integer rounding cuts applied:  8
Zero-half cuts applied:  1
Lift and project cuts applied:  6
Gomory fractional cuts applied:  10

Root node processing (before b&c):
  Real time             =    0,09 sec. (54,86 ticks)
Parallel b&c, 20 threads:
  Real time             =    0,27 sec. (43,89 ticks)
  Sync time (average)   =    0,19 sec.
  Wait time (average)   =    0,00 sec.
                          ------------
Total (root+branch&cut) =    0,36 sec. (98,75 ticks)

<<< solve


OBJECTIVE: 888544
xxxx
#Result <fct_obj, tot_cst, tot_ldt, Emiss>: <8.8854e+5 8.8816e+5 384 3.7236e+7>#CS:888160#A:[0,35,26,24,19,16,22,15,20,16,16,14,9,12,10,14,14,12,12,11,14,7,11,8,7,12,8]#X:[0,1,0,0,0,0,0,0,0,0,0,0,0,0,0,0,0,0,0,0,0,0,0,0,0,0,0]#E: 37236100#DELIVER:
S9=>P13
S9=>P14
S3=>P15
S4=>P15
S8=>P15
S10=>P15
S3=>P16
S4=>P16
S8=>P16
S9=>P17
S8=>P18
S9=>P19
S8=>P20
S8=>P21
S8=>P22
S8=>P23
S10=>P24
S8=>P25
S8=>P26
xxxx

<<< post process


<<< done


)
