Array
(
    [CplexRunTime] => Total (root+branch&cut) =    0,47 sec
    [Result] => Array
        (
            [Objective] => fct_obj.
            [ServiceCost] => tot_cst.
            [LateDeliveries] => tot_ldt.
            [Emissions] => Emiss
        )

    [TS] => 1578556
    [A] => Array
        (
            [0] => 0
            [1] => 33
            [2] => 24
            [3] => 24
            [4] => 15
            [5] => 16
            [6] => 18
            [7] => 11
            [8] => 20
            [9] => 16
            [10] => 16
            [11] => 10
            [12] => 5
            [13] => 8
            [14] => 6
            [15] => 14
            [16] => 10
            [17] => 8
            [18] => 8
            [19] => 7
            [20] => 14
            [21] => 7
            [22] => 11
            [23] => 8
            [24] => 7
            [25] => 8
            [26] => 4
        )

    [X] => Array
        (
            [0] => 0
            [1] => 1
            [2] => 0
            [3] => 0
            [4] => 0
            [5] => 0
            [6] => 0
            [7] => 0
            [8] => 0
            [9] => 0
            [10] => 0
            [11] => 0
            [12] => 0
            [13] => 0
            [14] => 0
            [15] => 0
            [16] => 0
            [17] => 0
            [18] => 0
            [19] => 0
            [20] => 0
            [21] => 0
            [22] => 0
            [23] => 0
            [24] => 0
            [25] => 0
            [26] => 0
        )

    [E] => 30520800
    [DELIVER] => Array
        (
            [0] => S3=>P13
            [1] => S4=>P13
            [2] => S8=>P13
            [3] => S10=>P13
            [4] => S8=>P14
            [5] => S8=>P15
            [6] => S10=>P16
            [7] => S3=>P17
            [8] => S4=>P17
            [9] => S8=>P17
            [10] => S10=>P17
            [11] => S3=>P18
            [12] => S4=>P18
            [13] => S10=>P18
            [14] => S3=>P19
            [15] => S8=>P19
            [16] => S10=>P19
            [17] => S3=>P20
            [18] => S4=>P20
            [19] => S8=>P20
            [20] => S10=>P20
            [21] => S3=>P21
            [22] => S4=>P21
            [23] => S8=>P21
            [24] => S10=>P21
            [25] => S8=>P22
            [26] => S10=>P22
            [27] => S3=>P23
            [28] => S4=>P23
            [29] => S8=>P23
            [30] => S10=>P23
            [31] => S10=>P24
            [32] => S10=>P25
            [33] => S10=>P26
        )

    [_raw_output] => 
<<< setup

0 0 -1 0 1 0,25 0,5 0,8 1 0 0 0 0 13
1 9 0 2500 1 0,25 0,5 0,8 1 0 7000 700 1500 13
2 4 1 900 1 0,25 0,5 0,8 1 0 3500 450 1500 13
3 8 1 890 1 0,25 0,5 0,8 1 0 5500 550 1500 13
4 5 1 910 1 0,25 0,5 0,8 1 0 2800 280 1500 13
5 2 1 860 2 0,25 0,5 0,8 1 0 2350 235 1500 13
6 8 2 880 3 0,25 0,5 0,8 1 0 2600 260 1500 13
7 3 2 800 2 0,25 0,5 0,8 1 0 2900 290 1500 13
8 6 2 780 1 0,25 0,5 0,8 1 0 1600 160 1500 13
9 5 3 790 2 0,25 0,5 0,8 1 0 1250 125 1500 13
10 9 3 750 3 0,25 0,5 0,8 1 0 1120 112 1500 13
11 2 4 690 2 0,25 0,5 0,8 1 0 1200 120 1500 13
12 1 4 660 3 0,25 0,5 0,8 1 0 1000 100 1500 13
13 3 5 600 8 0,25 0,5 0,5 1 0 1100 110 1500 13
14 1 5 640 6 0,25 0,5 0,5 1 0 1100 110 1500 13
15 9 5 700 2 0,25 0,5 0,5 1 0 1100 110 1500 13
16 9 6 660 9 0,25 0,5 0,5 1 0 2100 210 1500 13
17 3 6 580 6 0,25 0,5 0,5 1 0 2000 200 1500 13
18 7 7 550 2 0,25 0,5 0,5 1 0 2300 230 1500 13
19 2 8 570 1 0,25 0,5 0,5 1 0 1200 120 1500 13
20 9 8 600 2 0,25 0,5 0,5 1 0 1400 140 1500 13
21 2 9 540 6 0,25 0,5 0,5 1 0 1150 115 1500 13
22 6 9 510 4 0,25 0,5 0,5 1 0 1100 110 1500 13
23 3 9 590 4 0,25 0,5 0,5 1 0 1050 105 1500 13
24 6 10 400 3 0,25 0,5 0,5 1 0 950 95 1500 13
25 7 11 490 2 0,25 0,5 0,5 1 0 1000 100 1500 13
26 3 12 480 3 0,25 0,5 0,5 1 0 900 90 1500 13
Node nums: [0 1 2 3 4 5 6 7 8 9 10 11 12 13 14 15 16 17 18 19 20 21 22 23 24 25 26]
xx-Data uploaded-xx
	**** start init su array ...
0 [0 0 0 0 0 0 0 0 0 0]
1 [0 0 0 0 0 0 0 0 0 0]
2 [0 0 0 0 0 0 0 0 0 0]
3 [0 0 0 0 0 0 0 0 0 0]
4 [0 0 0 0 0 0 0 0 0 0]
5 [0 0 0 0 0 0 0 0 0 0]
6 [0 0 0 0 0 0 0 0 0 0]
7 [0 0 0 0 0 0 0 0 0 0]
8 [0 0 0 0 0 0 0 0 0 0]
9 [0 0 0 0 0 0 0 0 0 0]
10 [0 0 0 0 0 0 0 0 0 0]
11 [0 0 0 0 0 0 0 0 0 0]
12 [0 0 0 0 0 0 0 0 0 0]
13 [1 1 1 1 1 1 1 1 1 1]
14 [1 1 1 1 1 1 1 1 1 1]
15 [1 1 1 1 1 1 1 1 1 1]
16 [1 1 1 1 1 1 1 1 1 1]
17 [1 1 1 1 1 1 1 1 1 1]
18 [1 1 1 1 1 1 1 1 1 1]
19 [1 1 1 1 1 1 1 1 1 1]
20 [1 1 1 1 1 1 1 1 1 1]
21 [1 1 1 1 1 1 1 1 1 1]
22 [1 1 1 1 1 1 1 1 1 1]
23 [1 1 1 1 1 1 1 1 1 1]
24 [1 1 1 1 1 1 1 1 1 1]
25 [1 1 1 1 1 1 1 1 1 1]
26 [1 1 1 1 1 1 1 1 1 1]
	**** end init su array ...
1 2 1 700 80 0.85 0.92 0.8 (9)9
2 2 0.9 800 75 0.82 0.90 0.9 (9)9
3 1 1.1 680 90 0.88 0.95 0.5 (9)9
4 1 1 480 100 0.86 0.93 0.6 (9)9
5 5 0.6 550 40 0.72 0.78 1.5 (9)9
6 6 0.5 650 45 0.70 0.75 2.0 (9)9
7 7 0.5 1100 40 0.68 0.72 2.5 (9)9
8 5 0.3 700 30 0.65 0.70 1.8 (9)9
9 9 0.2 1700 15 0.60 0.65 3.5 (9)9
10 1 0.8 5800 40 0.80 0.88 0.7 (9)9

<<< generate

Version identifier: 20.1.0.0 | 2020-11-10 | 9bedb6d68
CPXPARAM_TimeLimit                               1800
Tried aggregator 2 times.
MIP Presolve eliminated 3813 rows and 263 columns.
MIP Presolve added 280 rows and 140 columns.
MIP Presolve modified 143 coefficients.
Aggregator did 2 substitutions.
Reduced MIP has 688 rows, 496 columns, and 1650 nonzeros.
Reduced MIP has 165 binaries, 191 generals, 0 SOSs, and 0 indicators.
Presolve time = 0,02 sec. (3,36 ticks)
Found incumbent of value 5,1474812e+08 after 0,02 sec. (3,93 ticks)
Probing time = 0,00 sec. (0,13 ticks)
Cover probing fixed 0 vars, tightened 14 bounds.
Tried aggregator 1 time.
Detecting symmetries...
MIP Presolve eliminated 182 rows and 0 columns.
MIP Presolve modified 196 coefficients.
Reduced MIP has 506 rows, 496 columns, and 1426 nonzeros.
Reduced MIP has 165 binaries, 191 generals, 0 SOSs, and 0 indicators.
Presolve time = 0,00 sec. (1,08 ticks)
Classifier predicts products in MIQP should be linearized.
Probing time = 0,00 sec. (0,11 ticks)
MIP emphasis: balance optimality and feasibility.
MIP search method: dynamic search.
Parallel mode: deterministic, using up to 20 threads.
Root relaxation solution time = 0,00 sec. (1,26 ticks)

        Nodes                                         Cuts/
   Node  Left     Objective  IInf  Best Integer    Best Bound    ItCnt     Gap

*     0+    0                       5,14748e+08   480958,0000            99,91%
*     0+    0                       5,12998e+08   480958,0000            99,91%
*     0+    0                       4,42972e+07   480958,0000            98,91%
*     0+    0                       2,64928e+07   480958,0000            98,18%
      0     0  1371844,2877   124   2,64928e+07  1371844,2877      130   94,82%
      0     0  1411619,0846   106   2,64928e+07      Cuts: 92      204   94,67%
      0     0  1422785,9322   151   2,64928e+07      Cuts: 70      261   94,63%
      0     0  1423676,8891   155   2,64928e+07      Cuts: 13      274   94,63%
      0     0  1424053,7153   156   2,64928e+07      Cuts: 13      286   94,62%
      0     0  1424156,1600   156   2,64928e+07       Cuts: 5      290   94,62%
Detecting symmetries...
      0     0  1424156,1600   156   2,64928e+07      Fract: 1      292   94,62%
*     0+    0                      1626319,0000  1424156,1600            12,43%
Detecting symmetries...
      0     2  1424156,1600   154  1626319,0000  1424305,3094      292   12,42%
Elapsed time = 0,08 sec. (33,69 ticks, tree = 0,02 MB, solutions = 5)
*    10+    5                      1597808,0000  1435777,9206            10,14%
*   196+   23                      1589920,0000  1451293,3292             8,72%
*  2184   793      integral     0  1586158,0000  1515854,9369     8980    4,43%
*  2645   820      integral     0  1580322,0000  1524253,8268     8913    3,55%
*  4233+  780                      1578884,0000  1541960,5925             2,34%

Performing restart 1

Repeating presolve.
Tried aggregator 1 time.
MIP Presolve eliminated 20 rows and 19 columns.
MIP Presolve modified 331 coefficients.
Reduced MIP has 486 rows, 477 columns, and 1362 nonzeros.
Reduced MIP has 160 binaries, 187 generals, 0 SOSs, and 0 indicators.
Presolve time = 0,00 sec. (0,80 ticks)
Tried aggregator 1 time.
MIP Presolve modified 153 coefficients.
Reduced MIP has 486 rows, 477 columns, and 1362 nonzeros.
Reduced MIP has 160 binaries, 187 generals, 0 SOSs, and 0 indicators.
Presolve time = 0,00 sec. (0,99 ticks)
Represolve time = 0,00 sec. (3,59 ticks)
   7247     0  1435979,1875   148  1578884,0000     Cuts: 118    27333    1,27%
   7247     0  1441195,3023   154  1578884,0000      Cuts: 97    27406    1,27%
   7247     0  1449723,3441   169  1578884,0000      Cuts: 99    27471    1,27%
   7247     0  1462901,3623   149  1578884,0000     Cuts: 103    27547    1,27%
   7247     0  1474619,7048   161  1578884,0000      Cuts: 95    27628    1,27%
   7247     0  1477412,7368   164  1578884,0000      Cuts: 85    27692    1,27%
   7247     0  1480591,4446   167  1578884,0000     Cuts: 124    27754    1,27%
   7392    17        cutoff        1578884,0000  1558790,9491    29180    1,27%

Implied bound cuts applied:  14
Flow cuts applied:  20
Mixed integer rounding cuts applied:  62
Zero-half cuts applied:  4
Lift and project cuts applied:  3
Gomory fractional cuts applied:  50

Root node processing (before b&c):
  Real time             =    0,06 sec. (33,48 ticks)
Parallel b&c, 20 threads:
  Real time             =    0,42 sec. (254,39 ticks)
  Sync time (average)   =    0,16 sec.
  Wait time (average)   =    0,01 sec.
                          ------------
Total (root+branch&cut) =    0,48 sec. (287,88 ticks)

<<< solve


OBJECTIVE: 1578884
xxxx
#Result <fct_obj, tot_cst, tot_ldt, Emiss>: <1.5789e+6 1.5786e+6 328 3.0521e+7>#TS:1578556#A:[0,33,24,24,15,16,18,11,20,16,16,10,5,8,6,14,10,8,8,7,14,7,11,8,7,8,4]#X:[0,1,0,0,0,0,0,0,0,0,0,0,0,0,0,0,0,0,0,0,0,0,0,0,0,0,0]#E: 30520800#DELIVER:
S3=>P13
S4=>P13
S8=>P13
S10=>P13
S8=>P14
S8=>P15
S10=>P16
S3=>P17
S4=>P17
S8=>P17
S10=>P17
S3=>P18
S4=>P18
S10=>P18
S3=>P19
S8=>P19
S10=>P19
S3=>P20
S4=>P20
S8=>P20
S10=>P20
S3=>P21
S4=>P21
S8=>P21
S10=>P21
S8=>P22
S10=>P22
S3=>P23
S4=>P23
S8=>P23
S10=>P23
S10=>P24
S10=>P25
S10=>P26
xxxx

<<< post process


<<< done


)
