Array
(
    [CplexRunTime] => CP Time = 0,05
    [Result] => Array
        (
            [fctObj] => 51582
            [StCosts] => 51555
            [lts] => 27
            [emiss] => 2253700
        )

    [CS] => 51555
    [E] => 2253700
    [A] => Array
        (
            [0] => 0
            [1] => 2
            [2] => 5
            [3] => 10
            [4] => 4
            [5] => 6
        )

    [X] => Array
        (
            [0] => 0
            [1] => 1
            [2] => 1
            [3] => 1
            [4] => 0
            [5] => 1
        )

    [DELIVER] => Array
        (
            [0] => S10=>P2
            [1] => S3=>P4
            [2] => S4=>P4
            [3] => S10=>P4
            [4] => S4=>P5
        )

    [_raw_output] => 
<<< setup

0 0 -1 0 0 0.25 0.5 0.8 1 0 0 0 0  14
1 2 0 700 1 0.25 0.5 0.8 1 0 7000 700 1500  14
2 4 1 165 1 0.25 0.5 0.8 1 0 5000 500 1500  14
3 6 1 100 2 0.25 0.5 0.8 1 0 3500 350 1500  14
4 3 3 25 6 0.25 0.5 0.8 1 0 3000 300 1500  14
5 5 3 30 2 0.25 0.5 0.8 1 0 2500 250 1500  14
Node nums: [0 1 2 3 4 5]
xx-Data uploaded-xx
	**** start init su array ...
0 [0 0 0 0 0 0 0 0 0 0]
1 [0 0 0 0 0 0 0 0 0 0]
2 [1 1 1 1 1 1 1 1 1 1]
3 [0 0 0 0 0 0 0 0 0 0]
4 [1 1 1 1 1 1 1 1 1 1]
5 [1 1 1 1 1 1 1 1 1 1]
	**** end init su array ...
1 2 1 100 80 0.85 0.92 0.8 (9)9
2 2 0.9 60 75 0.82 0.90 0.9 (9)9
3 1 1.1 80 90 0.88 0.95 0.5 (9)9
4 1 1 80 100 0.86 0.93 0.6 (9)9
5 5 0.6 50 40 0.72 0.78 1.5 (9)9
6 6 0.5 60 45 0.70 0.75 2.0 (9)9
7 7 0.5 80 40 0.68 0.72 2.5 (9)9
8 5 0.3 25 30 0.65 0.70 1.8 (9)9
9 9 0.2 250 15 0.60 0.65 3.5 (9)9
10 1 0.8 30 40 0.80 0.88 0.7 (9)9

<<< generate

 ! --------------------------------------------------- CP Optimizer 20.1.0.0 --
 ! Minimization problem - 132 variables, 188 constraints
 ! Presolve      : 3 extractables eliminated
 ! TimeLimit            = 1 800
 ! Initial process time : 0,01s (0,01s extraction + 0,00s propagation)
 !  . Log search space  : 205,7 (before), 205,7 (after)
 !  . Memory usage      : 508,5 kB (before), 508,5 kB (after)
 ! Using parallel search with 20 workers.
 ! ----------------------------------------------------------------------------
 !          Best Branches  Non-fixed    W       Branch decision
                        0        132                 -
 + New bound is 11 220
                        0         69    1            -
 + New bound is 33296.99
 *        76 366       32  0,05s        1      (gap is 56,40%)
 *        73 385      410  0,05s        1      (gap is 54,63%)
 *        73 015      429  0,05s        1      (gap is 54,40%)
 *      68870.00      507  0,05s        1      (gap is 51,65%)
 *      68855.00      549  0,05s        1      (gap is 51,64%)
        68855.00    1 000          1    1         1  = a(0)
 *      54392.00      174  0,05s        2      (gap is 38,78%)
        54392.00    1 000          1    3         1 != q(5)(6)
 *      54195.00      624  0,05s        4      (gap is 38,56%)
        54195.00    1 000          1    4        20 != q(4)(8)
        54195.00    1 000          1    5         1 != q(5)(6)
        54195.00    1 000          1    6        47  = q(4)(6)
        54195.00    1 000          1    7         1 != q(4)(4)
        54195.00    1 000          1    8   F     1  = x(0)
        54195.00    1 000          1    9         0  = z(2)(10)
        54195.00    1 000          1   10   F    10  = q(2)(2)
        54195.00    1 000          1   12        82 != q(4)(1)
        54195.00    1 000          1   13   F    27  = q(4)(2)
 ! Time = 0,05s, Average fail depth = 17, Memory usage = 12,2 MB
 ! Current bound is 33296.99 (gap is 38,56%)
 !          Best Branches  Non-fixed    W       Branch decision
        54195.00    1 000          2   14         0  = z(4)(10)
        54195.00    1 000          1   15        27 != q(5)(3)
        54195.00    1 000          2   16   F     0  = q(5)(2)
        54195.00    1 000          1   17        62 != q(4)(4)
        54195.00    1 000          2   18   F     0 != z(4)(8)
 *      52868.00       47  0,05s       19      (gap is 37,02%)
 *      52413.00      249  0,05s       19      (gap is 36,47%)
        52413.00    1 000          1   20   F     6  = q(2)(4)
        52413.00    2 000         16    6         0  = z(5)(2)
        52413.00    2 000         21   10   F     0 != z(5)(4)
        52413.00    2 000         18   18   F     0 != z(4)(4)
        52413.00    2 000         10   20         0  = z(2)(1)
        52413.00    2 000          2    1   F    17  = a(2)
        52413.00    1 000          1    2        19 != q(4)(8)
        52413.00    2 000         11    4   F    13  = a(3)
        52413.00    2 000          1    7         7 != q(5)(4)
        52413.00    1 000          1   11         0  = q(2)(4)
        52413.00    2 000          2   15         9 != a(5)
        52413.00    2 000         15   16   F     0 != z(2)(10)
        52413.00    2 000          1   17        78 != q(4)(1)
 ! Time = 0,07s, Average fail depth = 18, Memory usage = 18,5 MB
 ! Current bound is 33296.99 (gap is 36,47%)
 !          Best Branches  Non-fixed    W       Branch decision
        52413.00    1 000          1   19   F     8  = a(2)
        52413.00    3 000         15   20         0  = q(2)(3)
        52413.00    2 000          2    3   F    33  = q(4)(1)
        52413.00    2 000          2    5   F    33  = q(4)(1)
        52413.00    3 000         13    6   F     0 != z(2)(5)
        52413.00    2 000         14    8         0  = z(4)(10)
        52413.00    2 000          1    9   F     1  = x(2)
        52413.00    2 000         14   12            -
        52413.00    2 000          2   14   F     0  = z(5)(2)
        52413.00    3 000          8   16   F     0 != q(4)(7)
 *      52215.00    1 203  0,10s        2      (gap is 36,23%)
        52215.00    3 000          2    4   F     0 != z(4)(10)
        52215.00    1 918          8   11   F     0 != z(4)(1)
 + New bound is 43714.99 (gap is 16,28%)
        52215.00    2 000          8   11         0  = z(5)(6)
        52215.00    3 000          1   15         0  = z(2)(3)
 *      51757.00    2 828  0,10s       18      (gap is 15,54%)
        51757.00    3 000          1   18   F    92  = q(4)(1)
        51757.00    2 000          1    2        17 != q(2)(4)
        51757.00    3 000         16    3   F     1  = z(2)(3)
        51757.00    3 000         16    5   F     1  = z(2)(3)
 ! Time = 0,12s, Average fail depth = 19, Memory usage = 19,3 MB
 ! Current bound is 43714.99 (gap is 15,54%)
 !          Best Branches  Non-fixed    W       Branch decision
        51757.00    3 000          1    7   F    16  = a(2)
        51757.00    3 000         13    8        23 != q(4)(5)
        51757.00    3 000          2    9        19 != q(4)(10)
        51757.00    3 000         10   10   F     0 != z(4)(5)
        51757.00    3 000          6   12   F     0 != z(2)(9)
        51757.00    2 000          1   13   F     0 != q(2)(10)
        51757.00    3 000         17   14            -
        51757.00    3 000          1   17         4 != a(2)
        51757.00    2 000          1   19   F    26  = q(5)(1)
        51757.00    3 000          2    1        15 != q(2)(3)
        51757.00    4 000          1    4         5 != a(2)
        51757.00    2 032         24   11   F     5 != a(4)
 + New bound is 48923.99 (gap is 5,47%)
        51757.00    3 386          1   17   F    11 != a(2)
 + New bound is 49909.49 (gap is 3,57%)
        51757.00    4 000          5   20   F    23  = a(2)
        51757.00    4 000         17    3         0 != x(0)
        51757.00    4 000         17    5         0 != x(0)
        51757.00    4 000         19    6   F     2  = q(5)(10)
        51757.00    4 000         20    8         2 != q(2)(1)
        51757.00    4 000          1    9        13 != q(4)(10)
        51757.00    4 000         11   10   F     2 != a(1)
 ! Time = 0,15s, Average fail depth = 19, Memory usage = 20,4 MB
 ! Current bound is 49909.49 (gap is 3,57%)
 !          Best Branches  Non-fixed    W       Branch decision
        51757.00    3 000          3   11   F    11  = q(2)(3)
        51757.00    4 000         13   12   F     0 != q(4)(1)
        51757.00    4 000         16   14        21 != q(4)(2)
        51757.00    4 000          1   15         5  = a(2)
        51757.00    4 000         11   16        18 != a(2)
        51757.00    4 000          1   17   F     1  = z(2)(4)
        51757.00    4 000         22   18   F     8  = a(5)
        51757.00    4 000          1    1   F     7  = a(2)
        51757.00    3 000          9    2   F     5 != a(5)
        51757.00    3 080          9    2   F     0 != z(2)(5)
 + New bound is 50751.74 (gap is 1,94%)
        51757.00    5 000          2    4   F     0  = q(2)(10)
 *      51738.00    4 692  0,15s        6      (gap is 1,91%)
        51738.00    4 000          1    7         0  = z(5)(4)
 *      51734.50    4 742  0,15s       12      (gap is 1,90%)
        51734.50    3 000          1   13         0 != z(2)(8)
 *      51727.00    3 212  0,15s       13      (gap is 1,89%)
 *      51695.50    4 324  0,15s       15      (gap is 1,83%)
        51695.50    3 000          9   19         0  = z(5)(3)
        51695.50    5 000         14   20        42 != q(4)(1)
        51695.50    4 000          3    2   F     0  = z(5)(4)
 ! Time = 0,18s, Average fail depth = 19, Memory usage = 21,5 MB
 ! Current bound is 50751.74 (gap is 1,83%)
 !          Best Branches  Non-fixed    W       Branch decision
        51695.50    5 000         16    3   F    20 != q(2)(10)
        51695.50    5 000         16    5   F    20 != q(2)(10)
        51695.50    5 000          2    6        26 != q(4)(3)
        51695.50    5 000         15    8            -
        51695.50    5 000          1    9   F    42  = q(4)(4)
        51695.50    5 000         24   10   F     0 != q(5)(2)
        51695.50    4 000          3   11   F    75  = q(4)(4)
        51695.50    5 000          2   12   F     0 != z(5)(8)
        51695.50    4 000          1   13   F     3  = q(5)(5)
        51695.50    5 000         13   14         0  = q(5)(5)
        51695.50    5 000          1   15        24 != q(4)(10)
        51695.50    5 000         12   16         0 != z(2)(4)
        51695.50    5 000          8   17         5  = a(2)
        51695.50    5 000         22   18         1 != z(4)(3)
        51695.50    4 000          5   19         0  = z(5)(4)
 *      51638.00    5 276  0,18s        4      (gap is 1,72%)
 *      51602.00    5 297  0,18s        4      (gap is 1,65%)
 *      51582.00    5 331  0,18s        4      (gap is 1,61%)
 ! ----------------------------------------------------------------------------
 ! Search completed, 18 solutions found.
 ! Best objective         : 51582.00 (optimal - effective tol. is 5,1582)
 ! Best bound             : 50751.74
 ! ----------------------------------------------------------------------------
 ! Number of branches     : 124 969
 ! Number of fails        : 59 858
 ! Total memory usage     : 22,0 MB (21,3 MB CP Optimizer + 0,6 MB Concert)
 ! Time spent in solve    : 0,20s (0,20s engine + 0,01s extraction)
 ! Search speed (br. / s) : 650 880,2
 ! ----------------------------------------------------------------------------

<<< solve


OBJECTIVE: 51582
xxxx
#Result <fct_obj, tot_cst, tot_ldt, Emiss>: <51582 51555 27 2.2537e+6>#CS:51555#A:[0,2,5,10,4,6]#X:[0,1,1,1,0,1]#E: 2253700#DELIVER:
S10=>P2
S3=>P4
S4=>P4
S10=>P4
S4=>P5
xxxx

<<< post process


<<< done


)
