Array
(
    [CplexRunTime] => CP Time = 0,10
    [Result] => Array
        (
            [fctObj] => 74119
            [StCosts] => 74092
            [lts] => 27
            [emiss] => 2253700
        )

    [TS] => 74092
    [E] => 2253700
    [A] => Array
        (
            [0] => 0
            [1] => 2
            [2] => 5
            [3] => 10
            [4] => 4
            [5] => 6
        )

    [X] => Array
        (
            [0] => 0
            [1] => 1
            [2] => 1
            [3] => 1
            [4] => 0
            [5] => 1
        )

    [DELIVER] => Array
        (
            [0] => S10=>P2
            [1] => S3=>P4
            [2] => S4=>P4
            [3] => S10=>P4
            [4] => S4=>P5
        )

    [_raw_output] => 
<<< setup

0 0 -1 0 0 0.25 0.5 0.8 1 0 0 0 0  14
1 2 0 700 1 0.25 0.5 0.8 1 0 7000 700 1500  14
2 4 1 165 1 0.25 0.5 0.8 1 0 5000 500 1500  14
3 6 1 100 2 0.25 0.5 0.8 1 0 3500 350 1500  14
4 3 3 25 6 0.25 0.5 0.8 1 0 3000 300 1500  14
5 5 3 30 2 0.25 0.5 0.8 1 0 2500 250 1500  14
Node nums: [0 1 2 3 4 5]
xx-Data uploaded-xx
	**** start init su array ...
0 [0 0 0 0 0 0 0 0 0 0]
1 [0 0 0 0 0 0 0 0 0 0]
2 [1 1 1 1 1 1 1 1 1 1]
3 [0 0 0 0 0 0 0 0 0 0]
4 [1 1 1 1 1 1 1 1 1 1]
5 [1 1 1 1 1 1 1 1 1 1]
	**** end init su array ...
1 2 1 100 80 0.85 0.92 0.8 (9)9
2 2 0.9 60 75 0.82 0.90 0.9 (9)9
3 1 1.1 80 90 0.88 0.95 0.5 (9)9
4 1 1 80 100 0.86 0.93 0.6 (9)9
5 5 0.6 50 40 0.72 0.78 1.5 (9)9
6 6 0.5 60 45 0.70 0.75 2.0 (9)9
7 7 0.5 80 40 0.68 0.72 2.5 (9)9
8 5 0.3 25 30 0.65 0.70 1.8 (9)9
9 9 0.2 250 15 0.60 0.65 3.5 (9)9
10 1 0.8 30 40 0.80 0.88 0.7 (9)9

<<< generate

 ! --------------------------------------------------- CP Optimizer 20.1.0.0 --
 ! Minimization problem - 132 variables, 187 constraints
 ! Presolve      : 3 extractables eliminated
 ! TimeLimit            = 1 800
 ! Initial process time : 0,01s (0,01s extraction + 0,00s propagation)
 !  . Log search space  : 408,5 (before), 408,5 (after)
 !  . Memory usage      : 509,9 kB (before), 509,9 kB (after)
 ! Using parallel search with 20 workers.
 ! ----------------------------------------------------------------------------
 !          Best Branches  Non-fixed    W       Branch decision
                        0        132                 -
 + New bound is 12339.99
                        0         71                 -
 + New bound is 23609.99
                        0         71    1            -
 + New bound is 45799.84
 *      188500.0       35  0,10s        1      (gap is 75,70%)
 *      188397.3      121  0,10s        1      (gap is 75,69%)
 *      186945.5      161  0,10s        1      (gap is 75,50%)
 *      185142.8      192  0,10s        1      (gap is 75,26%)
 *      126323.0      247  0,10s        1      (gap is 63,74%)
        126323.0    1 000          1    2            -
        126323.0    1 000          1    3   F    63  = q(4)(4)
        126323.0    1 000          1    4            -
        126323.0    1 000          1    5   F    63  = q(4)(4)
        126323.0    1 000          1    6            -
        126323.0    1 000          1    7            -
        126323.0    1 000          1    8            -
        126323.0    1 000          1    9            -
 *      96533.00      554  0,10s       10      (gap is 52,56%)
        96533.00    1 000          1   10   F    71  = a(3)
        96533.00    1 000          1   11            -
        96533.00    1 000          1   12         0  = z(4)(6)
 ! Time = 0,10s, Average fail depth = 8, Memory usage = 10,9 MB
 ! Current bound is 45799.84 (gap is 52,56%)
 !          Best Branches  Non-fixed    W       Branch decision
        96533.00    1 000          1   14   F     8 != q(2)(1)
        96533.00    1 000          1   16            -
        96533.00    1 000          1   17            -
        96533.00    1 000          1   18        14 != a(1)
        96533.00    1 000          1   20            -
        96533.00    2 000          9    3   F    16  = q(5)(7)
        96533.00    2 000          9    5   F    16  = q(5)(7)
        96533.00    2 000         71    6            -
        96533.00    2 000         71    8            -
        96533.00    2 000         71   16            -
        96533.00    2 000         71   20            -
        96533.00    1 000          1    1       169 != a(3)
 *      81823.00    1 513  0,12s       10      (gap is 44,03%)
        81823.00    2 000          2   10        87 != q(4)(9)
        81823.00    2 000          2   12   F     0  = x(5)
        81823.00    1 000          1   13            -
        81823.00    2 000          2   14         0  = q(5)(1)
        81823.00    1 000          1   15            -
        81823.00    2 000          1   17            -
        81823.00    2 000          2   18        86 != a(3)
 ! Time = 0,12s, Average fail depth = 13, Memory usage = 23,7 MB
 ! Current bound is 45799.84 (gap is 44,03%)
 !          Best Branches  Non-fixed    W       Branch decision
        81823.00    1 000          1   19         2 != q(5)(7)
        81823.00    3 000         21    3   F     0  = x(2)
        81823.00    3 000         21    5   F     0  = x(2)
        81823.00    3 000         27   10         7 != a(1)
        81823.00    3 000          1   12   F     0  = a(0)
        81823.00    2 000          2   13   F   305  = a(2)
        81823.00    2 000          2   15       221 != a(2)
        81823.00    3 000         14   16         0  = z(4)(4)
        81823.00    2 000          1    2   F    59  = a(2)
        81823.00    2 000          1    4        56  = q(4)(3)
        81823.00    2 000          1    7            -
        81823.00    2 000          1    9            -
        81823.00    2 000          1   11            -
 *      81708.40    3 002  0,15s       12      (gap is 43,95%)
 *      78913.90    2 483  0,15s       14      (gap is 41,96%)
        78913.90    3 000          2   14   F     0  = z(4)(3)
        78913.90    3 000         18   20   F    28  = q(4)(3)
        78913.90    4 000         13    3         0  = z(4)(3)
        78913.90    4 000         13    5         0  = z(4)(3)
        78913.90    3 000         14    6   F     0 != x(4)
 ! Time = 0,18s, Average fail depth = 16, Memory usage = 25,7 MB
 ! Current bound is 45799.84 (gap is 41,96%)
 !          Best Branches  Non-fixed    W       Branch decision
        78913.90    3 000          4    7   F    37  = q(5)(2)
        78913.90    3 000         25    8        49 != a(3)
        78913.90    4 000         12   10         7  = a(3)
        78913.90    4 000         16   14         0 != z(4)(10)
        78913.90    3 000         44   18        16 != q(2)(8)
        78913.90    3 000          3    4   F    85  = a(3)
        78913.90    3 000          1    9   F   190  = a(2)
        78913.90    4 000          2   12        90 != q(4)(1)
        78913.90    3 000          1   17         9 != a(3)
        78913.90    2 000          1   19   F    13  = q(2)(4)
        78913.90    4 000          9   20         0  = z(2)(1)
        78913.90    4 000         14    6         0  = z(2)(5)
        78913.90    4 000          7    8         3 != q(5)(2)
        78913.90    5 000         18   10         6 != a(2)
        78913.90    5 000         14   12         0  = x(2)
        78913.90    5 000         14   14   F     0 != x(4)
        78913.90    4 000         13   16   F     9 != a(2)
        78913.90    4 000          1   17   F    77  = a(2)
        78913.90    4 000         27   18   F     9 != a(1)
        78913.90    2 000          2    1         0  = z(4)(5)
 ! Time = 0,22s, Average fail depth = 18, Memory usage = 27,2 MB
 ! Current bound is 45799.84 (gap is 41,96%)
 !          Best Branches  Non-fixed    W       Branch decision
        78913.90    3 000          1    2        33 != a(2)
        78913.90    3 000          1   11         0  = z(4)(10)
        78913.90    3 000          2   13   F   145  = a(2)
 *      78488.00    4 242  0,22s       16      (gap is 41,65%)
        78488.00    5 000         13   20         0  = z(2)(3)
        78488.00    5 000         18    3   F     0  = x(5)
        78488.00    5 000         18    5   F     0  = x(5)
        78488.00    5 000          7    8   F     0 != z(2)(9)
        78488.00    6 000         17   10            -
        78488.00    3 000          1   15   F    14  = q(2)(10)
        78488.00    5 000          2   16         0  = q(4)(6)
        78488.00    5 000         10   18         0 != x(3)
 *      78480.00    5 053  0,26s       20      (gap is 41,64%)
        78480.00    3 000          1    1         1 != z(5)(7)
 *      78428.40    4 843  0,26s        6      (gap is 41,60%)
        78428.40    5 000          1    6   F    86  = q(4)(1)
 *      77887.00    5 067  0,26s        8      (gap is 41,20%)
        77887.00    3 000          1   19   F     0 != x(4)
        77887.00    6 000          3   20         9  = q(5)(10)
        77887.00    6 000         15    3            -
 ! Time = 0,30s, Average fail depth = 22, Memory usage = 30,5 MB
 ! Current bound is 45799.84 (gap is 41,20%)
 !          Best Branches  Non-fixed    W       Branch decision
        77887.00    6 000         15    5            -
        77887.00    6 000          6    6   F    27 != q(4)(4)
        77887.00    6 000          1    8   F     1  = z(2)(8)
        77887.00    4 000          1    9       129 != a(2)
        77887.00    6 000         11   12         0 != z(4)(8)
        77887.00    6 000          2   14   F     1  = q(5)(10)
        77887.00    6 000         24   16   F    23  = q(4)(2)
        77887.00    6 000         13   18            -
        77887.00    4 000          1    1         1 != z(5)(4)
        77887.00    4 000          1   11   F    20  = a(2)
        77887.00    4 000          1   13        20 != a(3)
        77887.00    4 000          2   19        19 != q(2)(9)
        77887.00    4 000          1    2   F     9  = a(3)
        77887.00    7 000         20    3   F    40  = q(4)(4)
        77887.00    7 000         20    5   F    40  = q(4)(4)
        77887.00    7 000          6    6         4 != a(2)
        77887.00    7 000         18    8        12  = q(2)(3)
        77887.00    7 000         15   10   F    30  = q(4)(10)
        77887.00    7 000         15   12        35 != q(4)(4)
        77887.00    7 000          3   14   F    86  = q(4)(9)
 ! Time = 0,35s, Average fail depth = 22, Memory usage = 31,3 MB
 ! Current bound is 45799.84 (gap is 41,20%)
 !          Best Branches  Non-fixed    W       Branch decision
        77887.00    4 000          1   15        72 != a(2)
        77887.00    7 000         21   16   F     1 != x(4)
        77887.00    7 000         11   18   F    53  = q(4)(2)
 *      76356.80    7 685  0,35s        3      (gap is 40,02%)
        76356.80    4 000          1    4         0  = z(4)(9)
        76356.80    5 000          7   11         0  = z(5)(2)
 *      75888.00    5 393  0,35s       11      (gap is 39,65%)
        75888.00    5 000          2   19         1 != z(5)(4)
        75888.00    5 000          2    1   F     7  = a(3)
        75888.00    8 000          2    3         4  = q(2)(2)
        75888.00    8 000          2    5         4  = q(2)(2)
        75888.00    8 000         11    6        49 != a(2)
        75888.00    4 000          2    7        22 != q(4)(4)
        75888.00    5 000          2    9        18 != a(4)
        75888.00    8 000         14   10   F     0 != z(4)(1)
        75888.00    6 000          1   11   F    19  = a(2)
        75888.00    8 000          4   12   F     5  = a(5)
        75888.00    8 000         14   14   F     0  = q(4)(2)
        75888.00    8 000         13   18         0 != z(4)(4)
 *      75660.00    6 919  0,39s       20      (gap is 39,47%)
 ! Time = 0,39s, Average fail depth = 25, Memory usage = 32,7 MB
 ! Current bound is 45799.84 (gap is 39,47%)
 !          Best Branches  Non-fixed    W       Branch decision
        75660.00    7 000          2   20         5  = a(2)
        75660.00    5 320         25    1   F     5 != a(2)
 + New bound is 62143.92 (gap is 17,86%)
        75660.00    5 000          1    4         0  = z(4)(6)
        75660.00    8 000          2    8   F     1 != x(4)
 *      75620.00    8 176  0,39s        8      (gap is 17,82%)
        75620.00    5 000          1   13   F    36  = a(4)
        75620.00    5 000          5   15   F     5  = a(2)
        75620.00    5 000          2   17         0  = z(5)(2)
        75620.00    6 000          1   19   F     1  = q(2)(8)
        75620.00    8 000         13   20       115 != q(4)(9)
        75620.00    6 000         12    1   F     0 != x(2)
        75620.00    9 000         11    3   F     0  = x(4)
        75620.00    9 000         11    5   F     0  = x(4)
        75620.00    5 000          1    7   F    38  = a(2)
        75620.00    9 000          1    8        18 != q(5)(8)
        75620.00    9 000         15   10   F    13  = q(4)(4)
        75620.00    9 000         18   14   F   149  = a(2)
        75620.00    8 000         19   16   F     4 != a(2)
        75620.00    9 000         10   18            -
        75620.00    5 000          1    2   F     0 != x(4)
 ! Time = 0,44s, Average fail depth = 25, Memory usage = 34,9 MB
 ! Current bound is 62143.92 (gap is 17,82%)
 !          Best Branches  Non-fixed    W       Branch decision
        75620.00    6 000          1    9        20 != a(3)
        75620.00    7 000          2   11   F     9 != a(2)
        75620.00    9 000          1   12   F     0 != z(4)(10)
 *      75575.00    9 788  0,44s       14      (gap is 17,77%)
        75575.00    6 000          1   17        38 != q(4)(4)
        75575.00    7 000          1   19   F    42  = q(4)(4)
        75575.00    9 000         15   20         0  = z(2)(7)
        75575.00    7 000         12    1   F     1  = z(2)(2)
        75575.00   10 000         36    3   F     0 != x(2)
        75575.00    6 000          2    4   F   110  = a(2)
        75575.00   10 000         36    5   F     0 != x(2)
        75575.00    9 000         34    6   F    11  = q(4)(7)
        75575.00   10 000         12   10         0  = z(4)(5)
        75575.00   10 000          2   14        62 != q(4)(7)
        75575.00    6 000          1   15   F     3  = q(2)(10)
        75575.00    9 000         10   16   F     0 != z(5)(8)
        75575.00   10 000         10   18   F     0 != x(5)
        75575.00    6 000         11    2   F     0 != z(2)(2)
        75575.00    7 000          1    9         0  = z(5)(2)
        75575.00    8 000          2   11         8 != a(3)
 ! Time = 0,48s, Average fail depth = 25, Memory usage = 35,6 MB
 ! Current bound is 62143.92 (gap is 17,77%)
 !          Best Branches  Non-fixed    W       Branch decision
 *      75553.80    9 575  0,48s       12      (gap is 17,75%)
        75553.80   10 000          1   12   F     1  = z(4)(7)
        75553.80    6 000          1   13        21  = q(5)(2)
 *      75334.00    9 552  0,48s       16      (gap is 17,51%)
        75334.00    7 000          2   17   F     6  = a(3)
        75334.00   10 000         19   20   F    62  = q(4)(4)
        75334.00    8 000         20    1   F     7  = a(2)
        75334.00   11 000         16    3   F     9  = a(4)
        75334.00    7 000         12    4         1 != z(4)(6)
        75334.00   11 000         16    5   F     9  = a(4)
        75334.00   10 000         16    6         8 != a(3)
        75334.00   10 000         20    8         0  = z(5)(7)
        75334.00   11 000         17   10   F     0 != z(5)(2)
        75334.00   11 000          8   12   F     8  = q(4)(3)
        75334.00   11 000         29   14   F    66  = q(4)(1)
        75334.00    7 000          1   15   F     3  = a(4)
        75334.00   10 000          2   16            -
        75334.00    8 000         28   17   F     4  = a(2)
        75334.00   11 000          7   18   F     0  = x(5)
        75334.00    8 000         12   19   F     4 != a(4)
 ! Time = 0,51s, Average fail depth = 25, Memory usage = 35,8 MB
 ! Current bound is 62143.92 (gap is 17,51%)
 !          Best Branches  Non-fixed    W       Branch decision
        75334.00    8 000          1    9   F    63  = a(2)
        75334.00   12 000          4   14        11 != q(5)(10)
        75334.00    8 000         17   15   F    10  = a(5)
        75334.00   11 000         14   16         0  = z(2)(8)
        75334.00   12 000         14   18   F     0 != z(2)(6)
        75334.00    9 000         12   19         0  = q(2)(5)
        75334.00    9 000         12    1         4 != q(2)(3)
        75334.00   12 000          7    3         0  = z(2)(3)
        75334.00   12 000          7    5         0  = z(2)(3)
        75334.00   11 000         17    6   F    66  = a(2)
        75334.00    6 000          2    7        20 != q(4)(2)
        75334.00   11 000          9    8        12  = a(3)
        75334.00   12 000          3   10   F   152  = a(2)
        75334.00    9 000          6   11         8 != a(2)
        75334.00   12 000          8   12   F     5  = q(4)(4)
        75334.00    7 000          2   13         1 != z(4)(3)
 *      75326.00   10 737  0,55s       20      (gap is 17,50%)
        75326.00   11 000          2   20         1 != z(4)(5)
        75326.00    7 000          2    2   F     9  = a(2)
 *      75325.80   11 397  0,55s        8      (gap is 17,50%)
 ! Time = 0,55s, Average fail depth = 25, Memory usage = 36,2 MB
 ! Current bound is 62143.92 (gap is 17,50%)
 !          Best Branches  Non-fixed    W       Branch decision
        75325.80    9 000          2    9   F     6  = q(4)(4)
        75325.80   13 000          4   14   F     9  = q(4)(8)
        75325.80    9 000         17   15         5 != a(2)
        75325.80   12 000         11   16        15 != q(4)(5)
        75325.80    9 000          1   17        13 != a(1)
        75325.80   13 000         21   18   F    82  = q(4)(1)
        75325.80   10 000         14   19         8 != a(3)
        75325.80   12 000          3   20   F    29  = q(4)(4)
        75325.80   10 000         12    1   F     3  = q(2)(3)
        75325.80   13 000         21    3   F     0 != q(4)(5)
        75325.80   13 000         21    5   F     0 != q(4)(5)
        75325.80   12 000         16    6        13 != q(2)(3)
        75325.80   12 000          1    8   F     0 != z(5)(9)
        75325.80   13 000         17   10   F     0 != z(4)(9)
        75325.80   10 000          1   11         0  = z(2)(2)
        75325.80   13 000          8   12            -
        75325.80    8 000          2   13   F    26  = q(4)(10)
        75325.80    8 000         12    2   F     2  = q(2)(5)
        75325.80    8 000          1    4         7 != a(2)
        75325.80    7 000          1    7   F     0 != z(4)(6)
 ! Time = 0,59s, Average fail depth = 25, Memory usage = 36,4 MB
 ! Current bound is 62143.92 (gap is 17,50%)
 !          Best Branches  Non-fixed    W       Branch decision
        75325.80   14 000          9   14         0 != x(2)
        75325.80   13 000         39   16   F    46  = a(3)
        75325.80   10 000          9   17         6  = a(2)
        75325.80   14 000         22   18   F    18  = q(5)(7)
        75325.80   11 000         11   19         1 != z(4)(4)
        75325.80   13 000          4   20        14 != q(2)(2)
        75325.80   11 000         12    1         1  = x(3)
        75325.80   14 000         10    3         0  = z(2)(5)
        75325.80   14 000         10    5         0  = z(2)(5)
        75325.80   13 000         10    6         0  = z(2)(2)
        75325.80   14 000         12   10         5  = q(4)(4)
        75325.80   14 000         12   12   F     6 != a(5)
        75325.80    9 000         10   13         1  = x(0)
        75325.80    9 461         20   15   F     8 != a(4)
 + New bound is 68859.46 (gap is 8,58%)
        75325.80    9 000          2    4         0  = z(2)(4)
        75325.80   10 000         14    9   F     0 != z(2)(3)
        75325.80   11 000          5   11   F     7 != a(3)
        75325.80   15 000         16   14         0 != z(5)(3)
        75325.80   10 000         11   15         6 != a(2)
        75325.80   14 000         10   16   F     2 != a(1)
 ! Time = 0,67s, Average fail depth = 24, Memory usage = 36,5 MB
 ! Current bound is 68859.46 (gap is 8,58%)
 !          Best Branches  Non-fixed    W       Branch decision
        75325.80   11 000          1   17         3 != a(4)
        75325.80   15 000         11   18   F     0 != z(2)(3)
        75325.80   12 000         15   19   F     5  = a(2)
        75325.80   14 000         20   20         0 != z(5)(2)
        75325.80   12 000          2    1        41 != q(4)(2)
        75325.80    9 000          2    2        30 != a(3)
        75325.80   15 000          3    3         0  = z(5)(3)
        75325.80   15 000          3    5         0  = z(5)(3)
        75325.80   14 000          8    6        22 != q(5)(3)
        75325.80   13 000         10    8            -
        75325.80   15 000         22   10         5  = a(4)
        75325.80   12 000         22   11         0  = q(4)(4)
        75325.80   15 000          5   12   F     4  = q(5)(4)
        75325.80   10 000          4   13   F     7  = a(5)
 *      74691.00   14 165  0,67s       16      (gap is 7,81%)
        74691.00    8 000          2    7         7  = a(5)
        74691.00   16 000          9   14   F     0  = q(2)(8)
        74691.00   11 000         13   15   F     6 != a(4)
        74691.00   15 000          1   16   F     0 != z(5)(5)
        74691.00   12 000         17   17   F    15  = a(3)
 ! Time = 0,72s, Average fail depth = 24, Memory usage = 36,5 MB
 ! Current bound is 68859.46 (gap is 7,81%)
 !          Best Branches  Non-fixed    W       Branch decision
        74691.00   16 000         16   18   F     7  = a(5)
        74691.00   13 000         17   19   F     5  = a(4)
        74691.00   15 000         20   20   F     0  = x(4)
        74691.00   10 000          8    2        17 != a(3)
        74691.00   16 000         14    3   F     0 != z(2)(1)
        74691.00   16 000         14    5   F     0 != z(2)(1)
        74691.00   15 000          6    6   F    34  = q(5)(7)
        74691.00   14 000         13    8   F     2  = q(2)(4)
        74691.00   13 000         22   11   F     0  = q(4)(10)
        74691.00   16 000          6   12         0  = z(5)(9)
        74691.00   10 000          1    4   F    26  = q(4)(10)
        74691.00   11 000          3    9   F    12  = a(4)
 *      74455.00   15 810  0,72s       10      (gap is 7,52%)
        74455.00   16 000          2   10   F    84  = a(2)
        74455.00   17 000          3   14   F     0 != z(2)(8)
        74455.00   12 000         13   15   F    11  = a(5)
        74455.00   16 000         12   16   F     0  = x(4)
        74455.00   13 000         14   17   F     0 != q(2)(10)
        74455.00   17 000          8   18        11 != q(4)(3)
        74455.00   14 000         15   19         0  = z(5)(7)
 ! Time = 0,77s, Average fail depth = 25, Memory usage = 36,8 MB
 ! Current bound is 68859.46 (gap is 7,52%)
 !          Best Branches  Non-fixed    W       Branch decision
        74455.00   16 000         12   20            -
        74455.00   13 000          1    1        28 != q(5)(2)
        74455.00   11 000         13    2   F     0 != z(5)(8)
        74455.00   17 000         21    3   F     0 != q(2)(10)
        74455.00   17 000         21    5   F     0 != q(2)(10)
        74455.00   16 000         10    6        86 != a(2)
        74455.00   15 000         17    8        53 != q(4)(4)
        74455.00   12 000         13    9   F     1  = q(4)(10)
        74455.00   17 000         45   10        31 != q(4)(3)
        74455.00   17 000         15   12   F     3  = q(2)(10)
        74455.00   11 000         11   13         6  = a(3)
        74455.00    9 000          2    7   F     4  = a(2)
        74455.00   16 000         17    8   F    30  = q(4)(6)
        74455.00   13 000         11    9   F     5  = q(4)(3)
        74455.00   18 000         17   10        56 != q(4)(4)
        74455.00   14 000         22   11        20 != q(5)(6)
        74455.00   18 000         10   12            -
        74455.00   12 000         11   13         5  = a(4)
        74455.00   18 000          9   14         0  = z(2)(2)
        74455.00   13 000         13   15   F     1 != x(5)
 ! Time = 0,81s, Average fail depth = 25, Memory usage = 36,9 MB
 ! Current bound is 68859.46 (gap is 7,52%)
 !          Best Branches  Non-fixed    W       Branch decision
        74455.00   17 000         15   16   F     8 != a(1)
        74455.00   14 000         20   17   F     0  = q(2)(3)
        74455.00   18 000          8   18         0 != z(4)(1)
        74455.00   15 000         12   19   F     0 != q(2)(2)
        74455.00   17 000         16   20        13 != q(5)(3)
        74455.00   14 000          1    1         0  = z(5)(1)
        74455.00   12 000          8    2         0  = z(4)(5)
        74455.00   18 000         13    3         0 != z(2)(10)
        74455.00   11 000         14    4   F    37  = q(5)(3)
        74455.00   18 000         13    5         0 != z(2)(10)
        74455.00   17 000         24    6   F     0  = x(4)
        74455.00   10 000          2    7   F     1  = q(5)(2)
 *      74362.40   18 251  0,81s       12      (gap is 7,40%)
 *      74359.00   18 293  0,81s        3      (gap is 7,40%)
        74359.00   17 000         11    8            -
        74359.00   15 000         13   11        15 != a(3)
        74359.00   13 000         11   13        11  = a(3)
        74359.00   14 000         14   15         0  = z(4)(7)
        74359.00   15 000         18   17        15 != a(3)
        74359.00   19 000         11   18         0  = z(2)(4)
 ! Time = 0,86s, Average fail depth = 25, Memory usage = 37,4 MB
 ! Current bound is 68859.46 (gap is 7,40%)
 !          Best Branches  Non-fixed    W       Branch decision
        74359.00   16 000          6   19         5 != a(2)
        74359.00   18 000          5   20         0  = q(2)(5)
        74359.00   15 000          1    1        28 != q(5)(10)
        74359.00   13 000          9    2         0  = z(5)(9)
        74359.00   19 000          2    3         0  = z(2)(7)
        74359.00   12 000         13    4   F     0 != z(2)(10)
        74359.00   19 000          2    5         0  = z(2)(7)
 *      74351.00   17 878  0,86s        6      (gap is 7,39%)
        74351.00   11 000          1    7   F     0  = q(2)(6)
        74351.00   14 000         14    9         0 != z(4)(1)
        74351.00   19 000         12   10   F     0 != z(5)(5)
        74351.00   16 000         13   11   F     0  = x(5)
        74351.00   19 000          2   12   F     6  = q(2)(2)
        74351.00   14 000         14   13   F     0 != z(2)(5)
        74351.00   19 000         10   14        10 != a(2)
        74351.00   15 000         12   15        10  = a(5)
        74351.00   16 000         17   17   F     1  = z(4)(3)
        74351.00   20 000         19   18        32 != a(2)
        74351.00   19 000         16   20        20 != a(3)
        74351.00   16 000          4    1        29 != q(4)(2)
 ! Time = 0,94s, Average fail depth = 25, Memory usage = 37,9 MB
 ! Current bound is 68859.46 (gap is 7,39%)
 !          Best Branches  Non-fixed    W       Branch decision
        74351.00   14 000          9    2   F     0 != q(2)(6)
        74351.00   13 000         13    4   F     4  = a(2)
        74351.00   18 000          3    6        17 != q(5)(3)
        74351.00   12 000         13    7   F     2  = q(5)(9)
        74351.00   18 000          3    8         0  = q(5)(1)
 *      74326.40   19 137  0,94s       10      (gap is 7,36%)
 *      74311.00   19 306  0,94s       10      (gap is 7,34%)
        74311.00   18 000          2   16         0 != z(4)(3)
 *      74186.20   16 527  0,94s       19      (gap is 7,18%)
 *      74121.40   16 888  0,94s       19      (gap is 7,10%)
 *      74119.00   16 911  0,94s       19      (gap is 7,10%)
        74119.00   17 000          2   19        29 != q(4)(10)
        74119.00   20 000          1    3            -
        74119.00   20 000          1    5            -
        74119.00   19 000          3    8   F        -
        74119.00   15 000         14    9         4 != a(2)
        74119.00   20 000          2   10         0 != z(2)(4)
        74119.00   17 000         13   11         0 != z(2)(1)
        74119.00   20 000          3   12   F        -
        74119.00   15 000         11   13         7 != a(4)
 ! Time = 1,00s, Average fail depth = 25, Memory usage = 37,9 MB
 ! Current bound is 68859.46 (gap is 7,10%)
 !          Best Branches  Non-fixed    W       Branch decision
        74119.00   20 000          3   14         4 != a(2)
        74119.00   16 000         14   15   F     6 != a(2)
        74119.00   17 000         17   17   F     4 != a(2)
        74119.00   21 000         24   18         1 != z(4)(8)
        74119.00   20 000         11   20        70 != a(2)
        74119.00   17 000          3    1         0 != z(4)(4)
        74119.00   15 000         10    2   F     0 != q(2)(8)
        74119.00   21 000         17    3         0 != q(5)(8)
        74119.00   14 000         13    4         0  = z(4)(1)
        74119.00   21 000         17    5         0 != q(5)(8)
        74119.00   19 000          1    6         0  = q(5)(3)
        74119.00   19 000          2   16   F    52  = q(4)(7)
        74119.00   18 000         17   17   F     0  = z(2)(10)
        74119.00   22 000         10   18   F     0 != z(4)(10)
        74119.00   18 000          3   19   F     0 != x(4)
        74119.00   18 000          3    1   F     1  = q(5)(1)
        74119.00   16 000          9    2         1  = z(2)(5)
        74119.00   22 000         13    3   F     0 != z(4)(2)
        74119.00   15 000         13    4        30 != q(4)(10)
        74119.00   22 000         13    5   F     0 != z(4)(2)
 ! Time = 1,08s, Average fail depth = 25, Memory usage = 38,0 MB
 ! Current bound is 68859.46 (gap is 7,10%)
 !          Best Branches  Non-fixed    W       Branch decision
        74119.00   20 000          5    6   F    72  = a(3)
        74119.00   13 000         13    7   F     0 != q(2)(6)
        74119.00   20 000         18    8         5 != a(2)
        74119.00   16 000         14    9   F     7  = a(3)
        74119.00   21 000         16   10         0  = z(2)(7)
        74119.00   18 000         13   11         4 != a(4)
        74119.00   21 000          5   12   F     0 != z(2)(6)
        74119.00   16 000         12   13         5  = a(4)
        74119.00   21 000          5   14         0 != z(5)(7)
        74119.00   17 000          2   15         4 != q(4)(10)
        74119.00   20 000          9   16   F     0 != z(2)(4)
        74119.00   23 000          3    3        20 != a(2)
        74119.00   16 000         13    4   F    55  = q(4)(4)
        74119.00   23 000          3    5        20 != a(2)
        74119.00   21 000         11    6   F    17  = a(3)
        74119.00   14 000         15    7         4 != a(4)
        74119.00   17 000         14    9         9  = a(2)
        74119.00   22 000          9   10   F    26  = q(4)(6)
        74119.00   19 000         13   11         3 != a(4)
        74119.00   22 000          3   12   F    70  = q(4)(4)
 ! Time = 1,17s, Average fail depth = 25, Memory usage = 38,2 MB
 ! Current bound is 68859.46 (gap is 7,10%)
 !          Best Branches  Non-fixed    W       Branch decision
        74119.00   22 000          9   14   F     1  = x(4)
        74119.00   18 000          3   15   F     0 != z(5)(7)
        74119.00   21 000         12   16   F    13  = q(2)(5)
        74119.00   23 000         12   18   F     0 != x(5)
        74119.00   19 000          3   19        26 != q(4)(10)
        74119.00   21 000          3   20   F     0 != z(2)(5)
        74119.00   19 000          1    1         1  = z(4)(3)
        74119.00   19 000          1   17   F    70  = q(4)(4)
        74119.00   17 000          1    2   F    13  = q(4)(10)
        74119.00   24 000         32    3         0  = x(2)
        74119.00   17 000         13    4         0 != z(2)(3)
        74119.00   24 000         32    5         0  = x(2)
        74119.00   22 000          6    6   F    20  = q(4)(4)
        74119.00   15 000         13    7         0  = z(4)(4)
        74119.00   21 000          3    8   F     0 != z(5)(8)
        74119.00   18 000         14    9   F    12  = a(3)
        74119.00   23 000          8   10         0 != z(5)(3)
        74119.00   20 000          5   11        22 != q(4)(3)
        74119.00   23 000          3   12   F    38  = q(4)(4)
        74119.00   17 000         13   13        78 != q(4)(1)
 ! Time = 1,25s, Average fail depth = 25, Memory usage = 38,3 MB
 ! Current bound is 68859.46 (gap is 7,10%)
 !          Best Branches  Non-fixed    W       Branch decision
        74119.00   23 000         11   14   F     1  = z(2)(5)
        74119.00   22 000         14   16         1 != z(2)(10)
        74119.00   24 000         12   18   F     0  = z(4)(2)
        74119.00   20 000          3   19   F     0  = q(2)(6)
        74119.00   22 000         14   20         0  = z(4)(7)
        74119.00   20 000          2    1        34 != q(4)(4)
        74119.00   18 000          3    2        25 != q(4)(10)
        74119.00   25 000         12    3   F     0 != x(4)
        74119.00   18 000          3    4   F     6  = q(4)(10)
        74119.00   25 000         12    5   F     0 != x(4)
        74119.00   23 000          5    6            -
        74119.00   16 000         13    7   F     0  = z(5)(8)
        74119.00   22 000         10    8        56 != q(4)(4)
        74119.00   24 000          9   10   F    29  = q(4)(3)
        74119.00   21 000          1   11   F     4  = q(4)(10)
        74119.00   24 000          5   12         6 != q(2)(4)
        74119.00   18 000          2   13         6  = a(5)
        74119.00   24 000         18   14         4 != q(2)(3)
        74119.00   19 000          5   15         7 != q(4)(10)
        74119.00   23 000         14   16            -
 ! Time = 1,29s, Average fail depth = 25, Memory usage = 38,3 MB
 ! Current bound is 68859.46 (gap is 7,10%)
 !          Best Branches  Non-fixed    W       Branch decision
        74119.00   20 000          3   17   F    20  = q(2)(10)
        74119.00   25 000         17   18   F     0  = z(2)(2)
        74119.00   21 000          4   19   F     0 != z(5)(2)
        74119.00   23 000          3   20   F    62  = q(4)(4)
        74119.00   21 000          3    1   F    47  = q(4)(4)
        74119.00   19 000          3    2   F     0 != z(5)(5)
        74119.00   26 000         11    3         2 != q(4)(6)
        74119.00   26 000         11    5         2 != q(4)(6)
        74119.00   24 000         14    6         0 != q(2)(10)
        74119.00   23 000         12    8         0  = q(2)(8)
        74119.00   19 000          3    9   F    18  = q(4)(3)
        74119.00   25 000          9   10         0 != z(4)(1)
        74119.00   25 000          5   12   F     1 != x(4)
        74119.00   19 000          3   13         0  = z(5)(10)
        74119.00   25 000         10   14   F     6  = a(2)
        74119.00   20 000          5   15        10 != a(3)
        74119.00   24 000          8   16   F     5  = a(5)
        74119.00   21 000          3   17         0  = q(2)(3)
        74119.00   26 000         16   18        20 != q(2)(5)
        74119.00   22 000          3   19         0  = z(5)(6)
 ! Time = 1,36s, Average fail depth = 25, Memory usage = 38,3 MB
 ! Current bound is 68859.46 (gap is 7,10%)
 !          Best Branches  Non-fixed    W       Branch decision
        74119.00   22 000          3    1        32 != q(4)(4)
        74119.00   20 000          3    2   F    77  = q(4)(4)
        74119.00   19 000          3    4         0  = q(4)(1)
        74119.00   25 000          3    6         6  = a(5)
        74119.00   17 000         13    7        12 != a(5)
        74119.00   24 000          9    8   F     0 != x(4)
        74119.00   20 000          3    9        12  = a(3)
        74119.00   26 000          3   10         5  = a(4)
        74119.00   22 000          3   11        23 != q(4)(3)
        74119.00   26 000         16   12   F     0 != z(2)(2)
        74119.00   20 000          3   13   F     1  = z(5)(4)
        74119.00   21 000          4   15        25 != q(4)(10)
        74119.00   25 000         10   16   F     0 != z(2)(7)
        74119.00   22 000          3   17   F     0 != z(5)(2)
        74119.00   27 000          8   18   F        -
        74119.00   23 000          4   19        15  = q(4)(3)
        74119.00   24 000          3   20   F     0  = x(5)
        74119.00   23 000          4    1   F     1 != x(5)
        74119.00   21 000          3    2         0  = q(4)(9)
        74119.00   27 000         12    3        17 != q(4)(3)
 ! Time = 1,48s, Average fail depth = 25, Memory usage = 38,3 MB
 ! Current bound is 68859.46 (gap is 7,10%)
 !          Best Branches  Non-fixed    W       Branch decision
        74119.00   20 000          3    4   F    20  = q(4)(10)
        74119.00   27 000         12    5        17 != q(4)(3)
        74119.00   26 000         10    6   F     2 != a(1)
        74119.00   18 000         13    7         0  = q(5)(9)
        74119.00   25 000          5    8   F     1 != x(5)
        74119.00   21 000          3    9        36 != q(4)(3)
        74119.00   23 000          3   11   F    20  = q(2)(10)
        74119.00   27 000         16   12        32 != q(4)(3)
        74119.00   21 000          3   13   F     0 != x(4)
        74119.00   26 000          5   14         0  = z(5)(1)
        74119.00   22 000          5   15   F     0  = q(2)(7)
        74119.00   26 000          9   16   F     0 != z(2)(1)
        74119.00   23 000          5   17         0  = q(2)(10)
        74119.00   28 000          5   18   F     2  = q(4)(10)
        74119.00   24 000          3   19         0  = z(2)(4)
        74119.00   25 000          8   20        79  = q(4)(3)
        74119.00   24 000          4    1   F     0 != z(5)(8)
        74119.00   22 000          6    2         0  = q(5)(8)
        74119.00   28 000         10    3         0  = z(5)(1)
        74119.00   21 000          2    4         1 != z(4)(10)
 ! Time = 1,55s, Average fail depth = 25, Memory usage = 38,3 MB
 ! Current bound is 68859.46 (gap is 7,10%)
 !          Best Branches  Non-fixed    W       Branch decision
        74119.00   28 000         10    5         0  = z(5)(1)
        74119.00   27 000          5    6       117  = q(4)(9)
        74119.00   19 000          4    7   F     1 != z(4)(4)
        74119.00   26 000         10    8   F     6  = a(5)
        74119.00   22 000          3    9   F    55  = q(4)(4)
        74119.00   27 000         10   10   F     0 != z(5)(10)
        74119.00   24 000          3   11        14 != q(4)(4)
        74119.00   28 000          3   12   F    17  = q(2)(4)
        74119.00   27 000          3   14         7 != a(2)
        74119.00   23 000          5   15         0  = z(2)(3)
        74119.00   27 000          3   16        38 != a(2)
        74119.00   24 000          4   17   F     0  = q(5)(1)
        74119.00   25 000          3   19   F     1  = z(4)(4)
        74119.00   26 000         13   20         0  = q(2)(8)
        74119.00   25 000          4    1   F    29  = q(4)(4)
        74119.00   29 000         15    3   F    10  = q(2)(4)
        74119.00   22 000          3    4         6 != q(4)(10)
        74119.00   29 000         15    5   F    10  = q(2)(4)
        74119.00   20 000          3    7   F    39  = q(4)(4)
        74119.00   27 000          3    8        81 != q(4)(1)
 ! Time = 1,63s, Average fail depth = 25, Memory usage = 38,3 MB
 ! Current bound is 68859.46 (gap is 7,10%)
 !          Best Branches  Non-fixed    W       Branch decision
        74119.00   23 000          3    9         1 != q(5)(1)
        74119.00   28 000         18   10   F     1  = z(4)(1)
        74119.00   29 000          3   12   F   128  = a(2)
        74119.00   22 000          5   13        12 != q(4)(10)
        74119.00   28 000          8   14            -
        74119.00   24 000          3   15         2 != q(4)(10)
        74119.00   28 000          6   16   F     5  = a(1)
        74119.00   25 000          3   17   F    61  = q(4)(4)
        74119.00   29 000          3   18         0  = z(4)(1)
        74119.00   26 000          4   19   F    22  = q(4)(10)
        74119.00   27 000          5   20   F    17  = q(4)(10)
        74119.00   26 000          4    1   F     1  = x(5)
        74119.00   23 000          3    2         9 != a(5)
        74119.00   30 000          3    3        24 != a(2)
        74119.00   30 000          3    5        24 != a(2)
        74119.00   28 000          3    6   F     4  = q(4)(3)
        74119.00   21 000          3    7   F    59  = q(4)(4)
        74119.00   29 000          5   10   F     0 != z(5)(1)
        74119.00   25 000          3   11        25  = q(4)(10)
        74119.00   23 000          3   13         5  = a(2)
 ! Time = 1,69s, Average fail depth = 25, Memory usage = 38,3 MB
 ! Current bound is 68859.46 (gap is 7,10%)
 !          Best Branches  Non-fixed    W       Branch decision
        74119.00   29 000         15   14   F     1  = z(5)(6)
        74119.00   25 000          4   15   F     0 != q(2)(3)
        74119.00   26 000          3   17        31 != q(5)(4)
        74119.00   30 000         10   18         1 != z(2)(3)
        74119.00   28 000          3   20   F     5 != a(2)
        74119.00   27 000          4    1        27 != q(4)(4)
        74119.00   24 000          3    2         0  = z(5)(2)
        74119.00   31 000         13    3         5 != a(4)
        74119.00   23 000          3    4         0  = z(5)(5)
        74119.00   31 000         13    5         5 != a(4)
        74119.00   29 000         18    6   F     0 != z(4)(4)
        74119.00   22 000          3    7   F     8  = q(4)(10)
        74119.00   28 000          3    8         0 != q(2)(1)
        74119.00   24 000          3    9   F     1 != x(5)
        74119.00   30 000         12   10            -
        74119.00   26 000          4   11   F    10 != a(5)
        74119.00   30 000          5   12        24 != q(4)(2)
        74119.00   24 000          3   13   F    74  = q(4)(3)
        74119.00   30 000          3   14        15 != q(5)(5)
        74119.00   26 000          5   15   F     0 != z(2)(3)
 ! Time = 1,76s, Average fail depth = 25, Memory usage = 38,3 MB
 ! Current bound is 68859.46 (gap is 7,10%)
 !          Best Branches  Non-fixed    W       Branch decision
        74119.00   29 000          3   16   F     0 != z(2)(2)
        74119.00   27 000          3   17        14 != q(4)(3)
        74119.00   31 000          7   18   F     0 != x(5)
        74119.00   27 000          4   19         0  = q(2)(8)
        74119.00   29 000         24   20        19 != q(4)(7)
        74119.00   28 000          3    1        20  = q(2)(10)
        74119.00   25 000          3    2   F     0 != q(2)(3)
        74119.00   32 000         10    3   F     0 != z(5)(9)
        74119.00   24 000          3    4   F     1 != z(5)(4)
        74119.00   32 000         10    5   F     0 != z(5)(9)
        74119.00   30 000         18    6   F     0 != x(4)
        74119.00   23 000          3    7   F     9  = q(4)(10)
        74119.00   29 000         17    8        87 != a(2)
        74119.00   25 000          3    9        58 != q(4)(4)
        74119.00   31 000         12   10   F    13 != a(3)
        74119.00   27 000          3   11   F     1  = q(4)(10)
        74119.00   31 000          3   12   F     0 != z(5)(1)
        74119.00   31 000          8   14   F    22  = a(3)
        74119.00   27 000          3   15   F    15  = q(4)(10)
        74119.00   30 000          3   16   F     7 != a(5)
 ! Time = 1,83s, Average fail depth = 25, Memory usage = 38,2 MB
 ! Current bound is 68859.46 (gap is 7,10%)
 !          Best Branches  Non-fixed    W       Branch decision
        74119.00   28 000          3   17   F    17  = q(4)(3)
        74119.00   32 000         11   18   F     0 != z(4)(4)
        74119.00   28 000          5   19         0  = z(5)(8)
        74119.00   30 000         10   20         2 != q(2)(4)
        74119.00   29 000          5    1        15 != q(4)(4)
        74119.00   26 000          3    2   F    22  = q(4)(10)
        74119.00   33 000          5    3   F     7  = a(2)
        74119.00   25 000          3    4   F    30  = q(4)(10)
        74119.00   33 000          5    5   F     7  = a(2)
        74119.00   24 000          3    7   F     2  = q(4)(10)
        74119.00   30 000          9    8         0  = z(2)(6)
        74119.00   26 000          3    9        40  = q(5)(4)
        74119.00   32 000          3   10   F     0 != z(4)(2)
        74119.00   28 000          3   11   F    33  = q(4)(3)
        74119.00   32 000          9   12   F    38  = a(2)
        74119.00   25 000          3   13   F    19  = q(4)(3)
        74119.00   32 000          3   14   F     0 != z(2)(1)
        74119.00   28 000          3   15         0  = z(5)(8)
        74119.00   31 000         11   16   F     0 != z(5)(9)
        74119.00   29 000          3   17         0  = z(2)(9)
 ! Time = 1,89s, Average fail depth = 25, Memory usage = 38,2 MB
 ! Current bound is 68859.46 (gap is 7,10%)
 !          Best Branches  Non-fixed    W       Branch decision
        74119.00   33 000         11   18         0  = z(2)(3)
        74119.00   29 000          3   19   F     3 != a(4)
        74119.00   31 000         34   20        70 != a(2)
        74119.00   30 000          3    1   F    31  = q(4)(4)
        74119.00   27 000          3    2        10  = a(3)
        74119.00   34 000         22    3   F    18  = a(2)
        74119.00   26 000          4    4   F     0  = x(4)
        74119.00   34 000         22    5   F    18  = a(2)
        74119.00   31 000          3    6        20 != q(2)(6)
        74119.00   27 000          3    9        40 != q(4)(3)
        74119.00   33 000         14   10            -
        74119.00   29 000          3   11   F     0  = q(2)(4)
        74119.00   26 000          3   13   F    32  = q(4)(3)
        74119.00   33 000         12   14   F     4  = a(2)
        74119.00   32 000         27   16   F    20  = a(3)
        74119.00   30 000          3   17   F    59  = q(4)(4)
        74119.00   34 000         11   18        48  = q(4)(1)
        74119.00   30 000         14   19         0  = z(5)(9)
        74119.00   32 000          5   20        42 != q(4)(4)
        74119.00   31 000          5    1         0  = q(5)(10)
 ! Time = 1,94s, Average fail depth = 25, Memory usage = 38,2 MB
 ! Current bound is 68859.46 (gap is 7,10%)
 !          Best Branches  Non-fixed    W       Branch decision
        74119.00   30 477         21   19            -
 + New bound is 74111.58 (gap is 0,01%)
 ! ----------------------------------------------------------------------------
 ! Search completed, 32 solutions found.
 ! Best objective         : 74119.00 (optimal - effective tol. is 7,4119)
 ! Best bound             : 74111.58
 ! ----------------------------------------------------------------------------
 ! Number of branches     : 628 908
 ! Number of fails        : 294 541
 ! Total memory usage     : 35,7 MB (35,0 MB CP Optimizer + 0,6 MB Concert)
 ! Time spent in solve    : 1,99s (1,98s engine + 0,01s extraction)
 ! Search speed (br. / s) : 317 790,8
 ! ----------------------------------------------------------------------------

<<< solve


OBJECTIVE: 74119
xxxx
#Result <fct_obj, tot_cst, tot_ldt, Emiss>: <74119 74092 27 2.2537e+6>#TS:74092#A:[0,2,5,10,4,6]#X:[0,1,1,1,0,1]#E: 2253700#DELIVER:
S10=>P2
S3=>P4
S4=>P4
S10=>P4
S4=>P5
xxxx

<<< post process


<<< done


)
