Array
(
    [CplexRunTime] => Total (root+branch&cut) =    0,13 sec
    [Result] => Array
        (
            [Objective] => fct_obj.
            [ServiceCost] => tot_cst.
            [LateDeliveries] => tot_ldt.
            [Emissions] => Emiss
        )

    [CS] => 50264
    [A] => Array
        (
            [0] => 0
            [1] => 2
            [2] => 5
            [3] => 10
            [4] => 4
            [5] => 6
        )

    [X] => Array
        (
            [0] => 0
            [1] => 1
            [2] => 1
            [3] => 1
            [4] => 0
            [5] => 1
        )

    [E] => 2246000
    [DELIVER] => Array
        (
            [0] => S10=>P2
            [1] => S10=>P4
            [2] => S10=>P5
        )

    [_raw_output] => 
<<< setup

0 0 -1 0 0 0.25 0.5 0.8 1 0 0 0 0  14
1 2 0 700 1 0.25 0.5 0.8 1 0 7000 700 1500  14
2 4 1 165 1 0.25 0.5 0.8 1 0 5000 500 1500  14
3 6 1 100 2 0.25 0.5 0.8 1 0 3500 350 1500  14
4 3 3 25 6 0.25 0.5 0.8 1 0 3000 300 1500  14
5 5 3 30 2 0.25 0.5 0.8 1 0 2500 250 1500  14
Node nums: [0 1 2 3 4 5]
xx-Data uploaded-xx
	**** start init su array ...
0 [0 0 0 0 0 0 0 0 0 0]
1 [0 0 0 0 0 0 0 0 0 0]
2 [1 1 1 1 1 1 1 1 1 1]
3 [0 0 0 0 0 0 0 0 0 0]
4 [1 1 1 1 1 1 1 1 1 1]
5 [1 1 1 1 1 1 1 1 1 1]
	**** end init su array ...
1 2 1 700 80 0.85 0.92 0.8 (9)9
2 2 0.9 800 75 0.82 0.90 0.9 (9)9
3 1 1.1 680 90 0.88 0.95 0.5 (9)9
4 1 1 480 100 0.86 0.93 0.6 (9)9
5 5 0.6 550 40 0.72 0.78 1.5 (9)9
6 6 0.5 650 45 0.70 0.75 2.0 (9)9
7 7 0.5 1100 40 0.68 0.72 2.5 (9)9
8 5 0.3 700 30 0.65 0.70 1.8 (9)9
9 9 0.2 1700 15 0.60 0.65 3.5 (9)9
10 1 0.8 5800 40 0.80 0.88 0.7 (9)9

<<< generate

Version identifier: 20.1.0.0 | 2020-11-10 | 9bedb6d68
CPXPARAM_TimeLimit                               1800
Tried aggregator 2 times.
MIP Presolve eliminated 233 rows and 63 columns.
MIP Presolve added 60 rows and 30 columns.
MIP Presolve modified 84 coefficients.
Aggregator did 2 substitutions.
Reduced MIP has 143 rows, 103 columns, and 374 nonzeros.
Reduced MIP has 34 binaries, 39 generals, 0 SOSs, and 0 indicators.
Presolve time = 0,00 sec. (0,86 ticks)
Probing time = 0,00 sec. (0,04 ticks)
Cover probing fixed 0 vars, tightened 3 bounds.
Tried aggregator 1 time.
Detecting symmetries...
MIP Presolve eliminated 39 rows and 0 columns.
MIP Presolve modified 91 coefficients.
Reduced MIP has 104 rows, 103 columns, and 326 nonzeros.
Reduced MIP has 34 binaries, 39 generals, 0 SOSs, and 0 indicators.
Presolve time = 0,00 sec. (0,40 ticks)
Classifier predicts products in MIQP should be linearized.
Probing time = 0,00 sec. (0,03 ticks)
MIP emphasis: balance optimality and feasibility.
MIP search method: dynamic search.
Parallel mode: deterministic, using up to 20 threads.
Root relaxation solution time = 0,00 sec. (0,34 ticks)

        Nodes                                         Cuts/
   Node  Left     Objective  IInf  Best Integer    Best Bound    ItCnt     Gap

*     0+    0                       1,59967e+07    11217,0000            99,93%
      0     0    40787,7702    30   1,59967e+07    40787,7702       41   99,75%
      0     0    40787,7702    31   1,59967e+07      Cuts: 12       48   99,75%
      0     0    40875,3922    37   1,59967e+07       Cuts: 8       61   99,74%
      0     0    41236,1034    45   1,59967e+07      Cuts: 18       74   99,74%
      0     0    41397,1436    51   1,59967e+07      Cuts: 15       88   99,74%
      0     0    41431,0175    49   1,59967e+07       Cuts: 8       93   99,74%
Detecting symmetries...
      0     0    41434,9918    49   1,59967e+07   Impl Bds: 1       94   99,74%
*     0+    0                        69026,0000    41434,9918            39,97%
*     0+    0                        50291,0000    41434,9918            17,61%
Detecting symmetries...
      0     2    41514,8972    40    50291,0000    42382,7717       94   15,72%
Elapsed time = 0,05 sec. (7,83 ticks, tree = 0,02 MB, solutions = 3)

Implied bound cuts applied:  32
Mixed integer rounding cuts applied:  6
Zero-half cuts applied:  2
Multi commodity flow cuts applied:  2
Gomory fractional cuts applied:  4

Root node processing (before b&c):
  Real time             =    0,05 sec. (7,76 ticks)
Parallel b&c, 20 threads:
  Real time             =    0,02 sec. (3,51 ticks)
  Sync time (average)   =    0,01 sec.
  Wait time (average)   =    0,00 sec.
                          ------------
Total (root+branch&cut) =    0,06 sec. (11,27 ticks)

<<< solve


OBJECTIVE: 50291
xxxx
#Result <fct_obj, tot_cst, tot_ldt, Emiss>: <50291 50264 27 2.246e+6>#CS:50264#A:[0,2,5,10,4,6]#X:[0,1,1,1,0,1]#E: 2246000#DELIVER:
S10=>P2
S10=>P4
S10=>P5
xxxx

<<< post process


<<< done


)
