Array
(
    [CplexRunTime] => Total (root+branch&cut) =    0,19 sec
    [Result] => Array
        (
            [Objective] => fct_obj.
            [ServiceCost] => tot_cst.
            [LateDeliveries] => tot_ldt.
            [Emissions] => Emiss
        )

    [TS] => 346416.64
    [A] => Array
        (
            [0] => 0
            [1] => 2
            [2] => 5
            [3] => 7
            [4] => 6
            [5] => 4
            [6] => 4
            [7] => 4
            [8] => 4
            [9] => 4
            [10] => 4
            [11] => 4
            [12] => 8
            [13] => 12
        )

    [X] => Array
        (
            [0] => 0
            [1] => 1
            [2] => 1
            [3] => 1
            [4] => 1
            [5] => 1
            [6] => 1
            [7] => 1
            [8] => 1
            [9] => 1
            [10] => 1
            [11] => 1
            [12] => 1
            [13] => 1
        )

    [E] => 7953792
    [DELIVER] => Array
        (
            [0] => S10=>P7
            [1] => S10=>P8
            [2] => S10=>P9
            [3] => S10=>P11
            [4] => S10=>P12
            [5] => S10=>P13
        )

    [_raw_output] => 
<<< setup

0 0 -1 0 1 0,25 0,5 0,8 1 0 0 0 0  14
1 2 0 1000 1 0,25 0,5 0,8 1 0 7000 700 1500  14
2 5 1 120 1 0,25 0,5 0,8 1 0 3500 450 1500  14
3 7 1 250 1 0,25 0,5 0,8 1 0 5500 550 1500  14
4 6 1 100 3 0,25 0,5 0,8 1 0 2800 280 1500  14
5 4 2 65 2 0,25 0,5 0,8 1 0 2350 235 1500  14
6 4 3 80 5 0,25 0,5 0,8 1 0 2600 260 1500  14
7 3 3 110 1 0,25 0,5 0,8 1 0 2900 290 1500  14
8 3 4 40 3 0,25 0,5 0,8 1 0 1600 160 1500  14
9 3 5 24 2 0,25 0,5 0,8 1 0 1250 125 1500  14
10 4 5 16 2 0,25 0,5 0,8 1 0 1120 112 1500  14
11 3 6 21 10 0,25 0,5 0,8 1 0 1200 120 1500  14
12 7 6 27 20 0,25 0,5 0,8 1 0 1000 100 1500  14
13 11 10 9 12 0,25 0,5 0,5 1 0 1100 110 1500  14
Node nums: [0 1 2 3 4 5 6 7 8 9 10 11 12 13]
xx-Data uploaded-xx
	**** start init su array ...
0 [0 0 0 0 0 0 0 0 0 0]
1 [0 0 0 0 0 0 0 0 0 0]
2 [0 0 0 0 0 0 0 0 0 0]
3 [0 0 0 0 0 0 0 0 0 0]
4 [0 0 0 0 0 0 0 0 0 0]
5 [0 0 0 0 0 0 0 0 0 0]
6 [0 0 0 0 0 0 0 0 0 0]
7 [1 1 1 1 1 1 1 1 1 1]
8 [1 1 1 1 1 1 1 1 1 1]
9 [1 1 1 1 1 1 1 1 1 1]
10 [0 0 0 0 0 0 0 0 0 0]
11 [1 1 1 1 1 1 1 1 1 1]
12 [1 1 1 1 1 1 1 1 1 1]
13 [1 1 1 1 1 1 1 1 1 1]
	**** end init su array ...
1 2 1 700 80 0.85 0.92 0.8 (9)9
2 2 0.9 800 75 0.82 0.90 0.9 (9)9
3 1 1.1 680 90 0.88 0.95 0.5 (9)9
4 1 1 480 100 0.86 0.93 0.6 (9)9
5 5 0.6 550 40 0.72 0.78 1.5 (9)9
6 6 0.5 650 45 0.70 0.75 2.0 (9)9
7 7 0.5 1100 40 0.68 0.72 2.5 (9)9
8 5 0.3 700 30 0.65 0.70 1.8 (9)9
9 9 0.2 1700 15 0.60 0.65 3.5 (9)9
10 1 0.8 5800 40 0.80 0.88 0.7 (9)9

<<< generate

Version identifier: 20.1.0.0 | 2020-11-10 | 9bedb6d68
CPXPARAM_TimeLimit                               1800
Tried aggregator 2 times.
MIP Presolve eliminated 1103 rows and 163 columns.
MIP Presolve added 120 rows and 60 columns.
MIP Presolve modified 63 coefficients.
Aggregator did 2 substitutions.
Reduced MIP has 300 rows, 217 columns, and 720 nonzeros.
Reduced MIP has 72 binaries, 85 generals, 0 SOSs, and 0 indicators.
Presolve time = 0,00 sec. (1,19 ticks)
Found incumbent of value 6,0272494e+07 after 0,00 sec. (1,41 ticks)
Probing time = 0,00 sec. (0,06 ticks)
Cover probing fixed 0 vars, tightened 6 bounds.
Tried aggregator 1 time.
Detecting symmetries...
MIP Presolve eliminated 78 rows and 0 columns.
MIP Presolve modified 84 coefficients.
Reduced MIP has 222 rows, 217 columns, and 624 nonzeros.
Reduced MIP has 72 binaries, 85 generals, 0 SOSs, and 0 indicators.
Presolve time = 0,02 sec. (0,47 ticks)
Classifier predicts products in MIQP should be linearized.
Probing time = 0,00 sec. (0,05 ticks)
MIP emphasis: balance optimality and feasibility.
MIP search method: dynamic search.
Parallel mode: deterministic, using up to 20 threads.
Root relaxation solution time = 0,00 sec. (0,87 ticks)

        Nodes                                         Cuts/
   Node  Left     Objective  IInf  Best Integer    Best Bound    ItCnt     Gap

*     0+    0                       6,02725e+07  -1,67709e+07           127,83%
*     0+    0                       6,00041e+07  -1,67709e+07           127,95%
*     0+    0                       5,97356e+07  -1,67709e+07           128,08%
*     0+    0                       5,94672e+07  -1,67709e+07           128,20%
      0     0   300663,2710    48   5,94672e+07   300663,2710      117   99,49%
      0     0   306406,0811    50   5,94672e+07      Cuts: 39      143   99,48%
*     0+    0                       407487,8400   306406,0811            24,81%
      0     0   308381,0405   109   407487,8400      Cuts: 11      156   24,32%
      0     0   308445,8325    95   407487,8400      Cuts: 10      164   24,31%
      0     0   308445,8325    96   407487,8400    MIRcuts: 1      165   24,31%
      0     0   308504,2649   109   407487,8400    MIRcuts: 1      170   24,29%
Detecting symmetries...
*     0+    0                       374301,4400   308504,2649            17,58%
*     0+    0                       346484,6400   308504,2649            10,96%
Detecting symmetries...
      0     2   311923,0234    99   346484,6400   330421,6111      170    4,64%
Elapsed time = 0,06 sec. (15,23 ticks, tree = 0,02 MB, solutions = 7)

Implied bound cuts applied:  42
Mixed integer rounding cuts applied:  14
Zero-half cuts applied:  2
Lift and project cuts applied:  1
Gomory fractional cuts applied:  11

Root node processing (before b&c):
  Real time             =    0,05 sec. (15,11 ticks)
Parallel b&c, 20 threads:
  Real time             =    0,22 sec. (9,78 ticks)
  Sync time (average)   =    0,17 sec.
  Wait time (average)   =    0,00 sec.
                          ------------
Total (root+branch&cut) =    0,27 sec. (24,89 ticks)

<<< solve


OBJECTIVE: 346484.6
xxxx
#Result <fct_obj, tot_cst, tot_ldt, Emiss>: <3.4648e+5 3.4642e+5 68 7.9538e+6>#TS:346416.64#A:[0,2,5,7,6,4,4,4,4,4,4,4,8,12]#X:[0,1,1,1,1,1,1,1,1,1,1,1,1,1]#E: 7953792#DELIVER:
S10=>P7
S10=>P8
S10=>P9
S10=>P11
S10=>P12
S10=>P13
xxxx

<<< post process


<<< done


)
