Array
(
    [CplexRunTime] => Total (root+branch&cut) =    0,16 sec
    [Result] => Array
        (
            [Objective] => fct_obj.
            [ServiceCost] => tot_cst.
            [LateDeliveries] => tot_ldt.
            [Emissions] => Emiss
        )

    [TS] => 360946.72
    [CS] => 129208
    [TaxCost] => 231738.72
    [A] => Array
        (
            [0] => 0
            [1] => 2
            [2] => 5
            [3] => 23
            [4] => 6
            [5] => 4
            [6] => 16
            [7] => 4
            [8] => 4
            [9] => 4
            [10] => 4
            [11] => 5
            [12] => 12
            [13] => 20
        )

    [X] => Array
        (
            [0] => 0
            [1] => 1
            [2] => 1
            [3] => 1
            [4] => 1
            [5] => 1
            [6] => 0
            [7] => 0
            [8] => 1
            [9] => 1
            [10] => 1
            [11] => 0
            [12] => 0
            [13] => 1
        )

    [E] => 23173872
    [Cap] => 23596756
    [Tax] => 0.01
    [DELIVER] => Array
        (
            [0] => S10=>P7
            [1] => S4=>P8
            [2] => S4=>P9
            [3] => S1=>P11
            [4] => S2=>P11
            [5] => S4=>P11
            [6] => S10=>P11
            [7] => S1=>P12
            [8] => S2=>P12
            [9] => S3=>P12
            [10] => S4=>P12
            [11] => S5=>P12
            [12] => S8=>P12
            [13] => S10=>P12
            [14] => S9=>P13
        )

    [_raw_output] => 
<<< setup

0 0 -1 0 1 0,25 0,5 0,8 1 0 0 0 0  14
1 2 0 1000 1 0,25 0,5 0,8 1 0 7000 700 1500  14
2 5 1 120 1 0,25 0,5 0,8 1 0 3500 450 1500  14
3 7 1 250 1 0,25 0,5 0,8 1 0 5500 550 1500  14
4 6 1 100 3 0,25 0,5 0,8 1 0 2800 280 1500  14
5 4 2 65 2 0,25 0,5 0,8 1 0 2350 235 1500  14
6 4 3 80 5 0,25 0,5 0,8 1 0 2600 260 1500  14
7 3 3 110 1 0,25 0,5 0,8 1 0 2900 290 1500  14
8 3 4 40 3 0,25 0,5 0,8 1 0 1600 160 1500  14
9 3 5 24 2 0,25 0,5 0,8 1 0 1250 125 1500  14
10 4 5 16 2 0,25 0,5 0,8 1 0 1120 112 1500  14
11 3 6 21 10 0,25 0,5 0,8 1 0 1200 120 1500  14
12 7 6 27 20 0,25 0,5 0,8 1 0 1000 100 1500  14
13 11 10 9 12 0,25 0,5 0,5 1 0 1100 110 1500  14
Node nums: [0 1 2 3 4 5 6 7 8 9 10 11 12 13]
xx-Data uploaded-xx
	**** start init su array ...
0 [0 0 0 0 0 0 0 0 0 0]
1 [0 0 0 0 0 0 0 0 0 0]
2 [0 0 0 0 0 0 0 0 0 0]
3 [0 0 0 0 0 0 0 0 0 0]
4 [0 0 0 0 0 0 0 0 0 0]
5 [0 0 0 0 0 0 0 0 0 0]
6 [0 0 0 0 0 0 0 0 0 0]
7 [1 1 1 1 1 1 1 1 1 1]
8 [1 1 1 1 1 1 1 1 1 1]
9 [1 1 1 1 1 1 1 1 1 1]
10 [0 0 0 0 0 0 0 0 0 0]
11 [1 1 1 1 1 1 1 1 1 1]
12 [1 1 1 1 1 1 1 1 1 1]
13 [1 1 1 1 1 1 1 1 1 1]
	**** end init su array ...
1 2 1 100 80 0.85 0.92 0.8 (9)9
2 2 0.9 60 75 0.82 0.90 0.9 (9)9
3 1 1.1 80 90 0.88 0.95 0.5 (9)9
4 1 1 80 100 0.86 0.93 0.6 (9)9
5 5 0.6 50 40 0.72 0.78 1.5 (9)9
6 6 0.5 60 45 0.70 0.75 2.0 (9)9
7 7 0.5 80 40 0.68 0.72 2.5 (9)9
8 5 0.3 25 30 0.65 0.70 1.8 (9)9
9 9 0.2 250 15 0.60 0.65 3.5 (9)9
10 1 0.8 30 40 0.80 0.88 0.7 (9)9

<<< generate

Version identifier: 20.1.0.0 | 2020-11-10 | 9bedb6d68
CPXPARAM_TimeLimit                               1800
Tried aggregator 2 times.
MIP Presolve eliminated 1103 rows and 163 columns.
MIP Presolve added 120 rows and 60 columns.
MIP Presolve modified 88 coefficients.
Aggregator did 2 substitutions.
Reduced MIP has 301 rows, 217 columns, and 811 nonzeros.
Reduced MIP has 72 binaries, 85 generals, 0 SOSs, and 0 indicators.
Presolve time = 0,00 sec. (1,46 ticks)
Probing time = 0,00 sec. (0,06 ticks)
Cover probing fixed 0 vars, tightened 19 bounds.
Tried aggregator 1 time.
Detecting symmetries...
MIP Presolve eliminated 86 rows and 0 columns.
MIP Presolve modified 68 coefficients.
Reduced MIP has 215 rows, 217 columns, and 699 nonzeros.
Reduced MIP has 72 binaries, 85 generals, 0 SOSs, and 0 indicators.
Presolve time = 0,02 sec. (0,52 ticks)
Classifier predicts products in MIQP should be linearized.
Probing time = 0,00 sec. (0,05 ticks)
MIP emphasis: balance optimality and feasibility.
MIP search method: dynamic search.
Parallel mode: deterministic, using up to 20 threads.
Root relaxation solution time = 0,00 sec. (0,79 ticks)

        Nodes                                         Cuts/
   Node  Left     Objective  IInf  Best Integer    Best Bound    ItCnt     Gap

      0     0   260862,3498    48                 260862,3498      116         
      0     0   284067,4581    79                    Cuts: 58      159         
      0     0   296077,3808    81                    Cuts: 25      174         
      0     0   297548,3041    85                    Cuts: 16      187         
      0     0   297911,9426    72                    Cuts: 13      194         
      0     0   298701,7424    79                     Cuts: 9      204         
Detecting symmetries...
      0     0   298804,3213    81                    Cuts: 10      209         
      0     0   298912,2011    70                     Cuts: 4      212         
      0     0   299370,7854    83                     Cuts: 6      224         
      0     0   299559,3193    79                    Cuts: 10      237         
      0     0   299610,5521    78                     Cuts: 9      243         
      0     0   300096,8718    82                     Cuts: 3      249         
      0     0   300265,4443    85                    Cuts: 11      256         
      0     0   300360,0717    82                     Cuts: 4      259         
      0     0   300398,7898    82                     Cuts: 2      264         
      0     0   300398,8046    82                  MIRcuts: 3      266         
*     0+    0                       550654,9700   300398,8046            45,45%
*     0+    0                       372366,5200   300398,8046            19,33%
Detecting symmetries...
      0     2   300398,8046    82   372366,5200   331399,2485      266   11,00%
Elapsed time = 0,06 sec. (24,49 ticks, tree = 0,02 MB, solutions = 2)
*    16+    5                       371299,7200   331399,2485            10,75%
*   325+   94                       368419,5200   331399,2485            10,05%
*   449   115      integral     0   368139,9200   331399,2485     2372    9,98%
*   505   113      integral     0   367128,3200   331399,2485     2694    9,73%
*  1160   339      integral     0   364759,3200   343441,1919     4345    5,84%
*  1774+  350                       361647,5200   343444,4919             5,03%
*  3319+  550                       361401,9200   350766,8136             2,94%
*  3568+  530                       361301,3200   352313,0553             2,49%
*  4054   507      integral     0   361196,7200   355918,0416    16924    1,46%
*  4680   315      integral     0   361055,7200   356342,0879    21093    1,31%

Cover cuts applied:  35
Implied bound cuts applied:  77
Flow cuts applied:  4
Mixed integer rounding cuts applied:  18
Zero-half cuts applied:  11
Gomory fractional cuts applied:  19

Root node processing (before b&c):
  Real time             =    0,06 sec. (24,41 ticks)
Parallel b&c, 20 threads:
  Real time             =    0,11 sec. (50,58 ticks)
  Sync time (average)   =    0,06 sec.
  Wait time (average)   =    0,00 sec.
                          ------------
Total (root+branch&cut) =    0,17 sec. (74,99 ticks)

<<< solve


OBJECTIVE: 361055.7
xxxx
#Result <fct_obj, tot_cst, tot_ldt, Emiss>: <3.6106e+5 3.6095e+5 109 2.3174e+7>#TS:360946.72#CS:129208#TaxCost:231738.72#A:[0,2,5,23,6,4,16,4,4,4,4,5,12,20]#X:[0,1,1,1,1,1,0,0,1,1,1,0,0,1]#E: 23173872#Cap: 23596756#Tax: 0.01#DELIVER:
S10=>P7
S4=>P8
S4=>P9
S1=>P11
S2=>P11
S4=>P11
S10=>P11
S1=>P12
S2=>P12
S3=>P12
S4=>P12
S5=>P12
S8=>P12
S10=>P12
S9=>P13
xxxx

<<< post process


<<< done


)
