Array
(
    [CplexRunTime] => Total (root+branch&cut) =    1,11 sec
    [Result] => Array
        (
            [Objective] => fct_obj.
            [ServiceCost] => tot_cst.
            [LateDeliveries] => tot_ldt.
            [Emissions] => Emiss
        )

    [TS] => 4092840.756
    [CS] => 2252340
    [TaxCost] => 1840500.756
    [A] => Array
        (
            [0] => 0
            [1] => 2
            [2] => 23
            [3] => 22
            [4] => 21
            [5] => 16
            [6] => 18
            [7] => 8
            [8] => 17
            [9] => 15
            [10] => 9
            [11] => 7
            [12] => 15
            [13] => 10
            [14] => 12
            [15] => 7
            [16] => 14
            [17] => 11
            [18] => 11
            [19] => 8
            [20] => 14
            [21] => 12
            [22] => 11
            [23] => 12
            [24] => 5
            [25] => 4
            [26] => 8
            [27] => 10
            [28] => 5
            [29] => 8
            [30] => 8
            [31] => 10
            [32] => 9
            [33] => 8
            [34] => 8
            [35] => 9
            [36] => 9
            [37] => 9
            [38] => 5
            [39] => 6
            [40] => 5
            [41] => 5
            [42] => 5
            [43] => 4
            [44] => 4
            [45] => 2
            [46] => 6
            [47] => 3
            [48] => 3
            [49] => 4
            [50] => 6
        )

    [X] => Array
        (
            [0] => 0
            [1] => 1
            [2] => 1
            [3] => 1
            [4] => 1
            [5] => 1
            [6] => 0
            [7] => 0
            [8] => 0
            [9] => 0
            [10] => 0
            [11] => 0
            [12] => 0
            [13] => 0
            [14] => 0
            [15] => 0
            [16] => 0
            [17] => 0
            [18] => 0
            [19] => 0
            [20] => 0
            [21] => 0
            [22] => 0
            [23] => 0
            [24] => 0
            [25] => 0
            [26] => 0
            [27] => 0
            [28] => 0
            [29] => 0
            [30] => 0
            [31] => 0
            [32] => 0
            [33] => 0
            [34] => 0
            [35] => 0
            [36] => 0
            [37] => 0
            [38] => 0
            [39] => 0
            [40] => 0
            [41] => 0
            [42] => 0
            [43] => 0
            [44] => 0
            [45] => 0
            [46] => 0
            [47] => 1
            [48] => 1
            [49] => 1
            [50] => 1
        )

    [E] => 92025037.8
    [Cap] => 155661327
    [Tax] => 0.02
    [DELIVER] => Array
        (
            [0] => S8=>P7
            [1] => S8=>P15
            [2] => S8=>P17
            [3] => S8=>P19
            [4] => S8=>P21
            [5] => S8=>P22
            [6] => S10=>P24
            [7] => S10=>P25
            [8] => S8=>P26
            [9] => S10=>P26
            [10] => S3=>P28
            [11] => S4=>P28
            [12] => S10=>P28
            [13] => S8=>P29
            [14] => S8=>P31
            [15] => S10=>P31
            [16] => S8=>P34
            [17] => S8=>P36
            [18] => S10=>P36
            [19] => S10=>P38
            [20] => S10=>P40
            [21] => S10=>P41
            [22] => S10=>P42
            [23] => S10=>P43
            [24] => S10=>P44
            [25] => S10=>P46
            [26] => S10=>P48
            [27] => S10=>P49
            [28] => S10=>P50
        )

    [_raw_output] => 
<<< setup

0 0 -1 0 1 0,25 0,5 0,8 1 0 0 0 0 13
1 2 0 5000 1 0,25 0,5 0,8 1 0 10000 1000 1500 13
2 5 1 900 1 0,25 0,5 0,8 1 0 9486 948,6 1500 13
3 7 1 890 1 0,25 0,5 0,8 1 0 8704 870,4 1500 13
4 6 1 910 1 0,25 0,5 0,8 1 0 8059 805,9 1500 13
5 4 1 860 2 0,25 0,5 0,8 1 0 7962 796,2 1500 13
6 4 2 880 3 0,25 0,5 0,8 1 0 7861 786,1 1500 13
7 3 2 800 2 0,25 0,5 0,8 1 0 7628 762,8 1500 13
8 3 2 780 1 0,25 0,5 0,8 1 0 7050 705 1500 13
9 3 3 790 2 0,25 0,5 0,8 1 0 6976 697,6 1500 13
10 4 3 750 3 0,25 0,5 0,8 1 0 6291 629,1 1500 13
11 3 4 690 2 0,25 0,5 0,8 1 0 6234 623,4 1500 13
12 5 4 660 3 0,25 0,5 0,8 1 0 6199 619,9 1500 13
13 5 5 600 8 0,25 0,5 0,5 1 0 6088 608,8 1500 13
14 4 5 640 6 0,25 0,5 0,5 1 0 5680 568 1500 13
15 2 5 700 2 0,25 0,5 0,5 1 0 5673 567,3 1500 13
16 4 6 660 9 0,25 0,5 0,5 1 0 5507 550,7 1500 13
17 6 6 580 6 0,25 0,5 0,5 1 0 5360 536 1500 13
18 3 67 550 2 0,25 0,5 0,5 1 0 5290 529 1500 13
19 3 8 570 1 0,25 0,5 0,5 1 0 5168 516,8 1500 13
20 5 8 600 2 0,25 0,5 0,5 1 0 4944 494,4 1500 13
21 7 9 540 6 0,25 0,5 0,5 1 0 4747 474,7 1500 13
22 6 9 510 4 0,25 0,5 0,5 1 0 4417 441,7 1500 13
23 3 9 590 4 0,25 0,5 0,5 1 0 4033 403,3 1500 13
24 4 10 400 3 0,25 0,5 0,5 1 0 3891 389,1 1500 13
25 3 11 490 2 0,25 0,5 0,5 1 0 3601 360,1 1500 13
26 3 12 480 3 0,25 0,5 0,5 1 0 3279 327,9 1500 13
27 5 12 520 6 0,25 0,5 0,5 1 0 3175 317,5 1500 13
28 4 13 400 16 0,25 0,5 0,5 1 0 2984 298,4 1500 13
29 3 14 480 6 0,25 0,5 0,5 1 0 2866 286,6 1500 13
30 2 14 490 18 0,25 0,5 0,5 1 0 2606 260,6 1500 13
31 5 16 460 9 0,25 0,5 0,5 1 0 2427 242,7 1500 13
32 4 16 500 9 0,25 0,5 0,5 1 0 2231 223,1 1500 13
33 3 18 470 6 0,25 0,5 0,5 1 0 2091 209,1 1500 13
34 3 18 300 4 0,25 0,5 0,5 1 0 1993 199,3 1500 13
35 5 20 380 4 0,25 0,5 0,5 1 0 1837 183,7 1500 13
36 4 23 330 8 0,25 0,5 0,5 1 0 1683 168,3 1500 13
37 3 23 340 12 0,25 0,5 0,5 1 0 1682 168,2 1500 13
38 4 27 350 6 0,25 0,5 0,5 1 0 1589 158,9 1500 13
39 6 30 360 18 0,25 0,5 0,5 1 0 1439 143,9 1500 13
40 4 30 310 54 0,25 0,5 0,5 1 0 1404 140,4 1500 13
41 4 32 330 18 0,25 0,5 0,5 1 0 1265 126,5 1500 13
42 4 33 290 12 0,25 0,5 0,5 1 0 1153 115,3 1500 13
43 3 33 270 12 0,25 0,5 0,5 1 0 1138 113,8 1500 13
44 3 35 260 8 0,25 0,5 0,5 1 0 1094 109,4 1500 13
45 2 37 270 12 0,25 0,5 0,5 1 0 997 99,7 1500 13
46 5 37 270 12 0,25 0,5 0,5 1 0 964 96,4 1500 13
47 3 39 100 54 0,25 0,5 0,5 1 0 917 91,7 1500 13
48 2 39 110 36 0,25 0,5 0,5 1 0 833 83,3 1500 13
49 3 45 50 48 0,25 0,5 0,5 1 0 753 75,3 1500 13
50 5 47 30 108 0,25 0,5 0,5 1 0 723 72,3 1500 13
Node nums: [0 1 2 3 4 5 6 7 8 9 10 11 12 13 14 15 16 17 18 19 20 21 22 23 24 25 26 27
     28 29 30 31 32 33 34 35 36 37 38 39 40 41 42 43 44 45 46 47 48 49 50]
xx-Data uploaded-xx
	**** start init su array ...
0 [0 0 0 0 0 0 0 0 0 0]
1 [0 0 0 0 0 0 0 0 0 0]
2 [0 0 0 0 0 0 0 0 0 0]
3 [0 0 0 0 0 0 0 0 0 0]
4 [0 0 0 0 0 0 0 0 0 0]
5 [0 0 0 0 0 0 0 0 0 0]
6 [0 0 0 0 0 0 0 0 0 0]
7 [1 1 1 1 1 1 1 1 1 1]
8 [0 0 0 0 0 0 0 0 0 0]
9 [0 0 0 0 0 0 0 0 0 0]
10 [0 0 0 0 0 0 0 0 0 0]
11 [0 0 0 0 0 0 0 0 0 0]
12 [0 0 0 0 0 0 0 0 0 0]
13 [0 0 0 0 0 0 0 0 0 0]
14 [0 0 0 0 0 0 0 0 0 0]
15 [1 1 1 1 1 1 1 1 1 1]
16 [0 0 0 0 0 0 0 0 0 0]
17 [1 1 1 1 1 1 1 1 1 1]
18 [0 0 0 0 0 0 0 0 0 0]
19 [1 1 1 1 1 1 1 1 1 1]
20 [0 0 0 0 0 0 0 0 0 0]
21 [1 1 1 1 1 1 1 1 1 1]
22 [1 1 1 1 1 1 1 1 1 1]
23 [0 0 0 0 0 0 0 0 0 0]
24 [1 1 1 1 1 1 1 1 1 1]
25 [1 1 1 1 1 1 1 1 1 1]
26 [1 1 1 1 1 1 1 1 1 1]
27 [0 0 0 0 0 0 0 0 0 0]
28 [1 1 1 1 1 1 1 1 1 1]
29 [1 1 1 1 1 1 1 1 1 1]
30 [0 0 0 0 0 0 0 0 0 0]
31 [1 1 1 1 1 1 1 1 1 1]
32 [0 0 0 0 0 0 0 0 0 0]
33 [0 0 0 0 0 0 0 0 0 0]
34 [1 1 1 1 1 1 1 1 1 1]
35 [1 1 1 1 1 1 1 1 1 1]
36 [1 1 1 1 1 1 1 1 1 1]
37 [0 0 0 0 0 0 0 0 0 0]
38 [1 1 1 1 1 1 1 1 1 1]
39 [0 0 0 0 0 0 0 0 0 0]
40 [1 1 1 1 1 1 1 1 1 1]
41 [1 1 1 1 1 1 1 1 1 1]
42 [1 1 1 1 1 1 1 1 1 1]
43 [1 1 1 1 1 1 1 1 1 1]
44 [1 1 1 1 1 1 1 1 1 1]
45 [0 0 0 0 0 0 0 0 0 0]
46 [1 1 1 1 1 1 1 1 1 1]
47 [0 0 0 0 0 0 0 0 0 0]
48 [1 1 1 1 1 1 1 1 1 1]
49 [1 1 1 1 1 1 1 1 1 1]
50 [1 1 1 1 1 1 1 1 1 1]
	**** end init su array ...
1 2 1 700 80 0.85 0.92 0.8 (9)9
2 2 0.9 800 75 0.82 0.90 0.9 (9)9
3 1 1.1 680 90 0.88 0.95 0.5 (9)9
4 1 1 480 100 0.86 0.93 0.6 (9)9
5 5 0.6 550 40 0.72 0.78 1.5 (9)9
6 6 0.5 650 45 0.70 0.75 2.0 (9)9
7 7 0.5 1100 40 0.68 0.72 2.5 (9)9
8 5 0.3 700 30 0.65 0.70 1.8 (9)9
9 9 0.2 1700 15 0.60 0.65 3.5 (9)9
10 1 0.8 5800 40 0.80 0.88 0.7 (9)9

<<< generate

Version identifier: 20.1.0.0 | 2020-11-10 | 9bedb6d68
CPXPARAM_TimeLimit                               1800
Tried aggregator 2 times.
MIP Presolve eliminated 13362 rows and 543 columns.
MIP Presolve added 480 rows and 240 columns.
MIP Presolve modified 454 coefficients.
Aggregator did 2 substitutions.
Reduced MIP has 1204 rows, 868 columns, and 3251 nonzeros.
Reduced MIP has 289 binaries, 339 generals, 0 SOSs, and 0 indicators.
Presolve time = 0,00 sec. (11,96 ticks)
Probing time = 0,02 sec. (0,24 ticks)
Cover probing fixed 0 vars, tightened 24 bounds.
Tried aggregator 1 time.
Detecting symmetries...
MIP Presolve eliminated 312 rows and 0 columns.
MIP Presolve modified 336 coefficients.
Reduced MIP has 892 rows, 868 columns, and 2867 nonzeros.
Reduced MIP has 289 binaries, 339 generals, 0 SOSs, and 0 indicators.
Presolve time = 0,00 sec. (2,11 ticks)
Classifier predicts products in MIQP should be linearized.
Probing time = 0,00 sec. (0,20 ticks)
MIP emphasis: balance optimality and feasibility.
MIP search method: dynamic search.
Parallel mode: deterministic, using up to 20 threads.
Root relaxation solution time = 0,00 sec. (2,67 ticks)

        Nodes                                         Cuts/
   Node  Left     Objective  IInf  Best Integer    Best Bound    ItCnt     Gap

      0     0  3641566,2150   246                3641566,2150      267         
      0     0  3774678,4048   222                   Cuts: 162      403         
      0     0  3827242,0053   211                    Cuts: 98      496         
      0     0  3834100,4149   210                    Cuts: 36      524         
      0     0  3837907,3411   218                    Cuts: 23      545         
      0     0  3843630,2588   230                     Cuts: 9      554         
Detecting symmetries...
      0     0  3844301,2338   220                     Cuts: 8      558         
*     0+    0                      4808922,2840  3844301,2338            20,06%
*     0+    0                      4440085,0839  3844301,2338            13,42%
*     0+    0                      4431088,9839  3844301,2338            13,24%
*     0+    0                      4364900,6839  3844301,2338            11,93%
      0     0  -1,00000e+75     0  4364900,6839  3844301,2338      558   11,93%
Detecting symmetries...
      0     2  3844301,2338   220  4364900,6839  3844301,2338      558   11,93%
Elapsed time = 0,11 sec. (93,95 ticks, tree = 0,02 MB, solutions = 4)
*    20+    1                      4201706,6240  3865269,8595             8,01%
*    22+    9                      4198284,7280  3865269,8595             7,93%

Performing restart 1

Repeating presolve.
Tried aggregator 1 time.
MIP Presolve modified 567 coefficients.
Reduced MIP has 892 rows, 868 columns, and 2867 nonzeros.
Reduced MIP has 289 binaries, 339 generals, 0 SOSs, and 0 indicators.
Presolve time = 0,00 sec. (1,52 ticks)
Tried aggregator 1 time.
MIP Presolve modified 262 coefficients.
Reduced MIP has 892 rows, 868 columns, and 2867 nonzeros.
Reduced MIP has 289 binaries, 339 generals, 0 SOSs, and 0 indicators.
Presolve time = 0,02 sec. (2,04 ticks)
Represolve time = 0,02 sec. (6,15 ticks)
*  5237+    0                      4143056,7280  3923829,3816             5,29%
   5237     0  3905800,4414   252  4143056,7280     Cuts: 179    20002    5,29%
   5237     0  3954574,9974   270  4143056,7280     Cuts: 187    20145    4,55%
   5237     0  3979134,6589   286  4143056,7280     Cuts: 217    20291    3,96%
   5237     0  3995205,7364   279  4143056,7280     Cuts: 216    20418    3,57%
   5237     0  4013052,2946   265  4143056,7280     Cuts: 197    20530    3,14%
   5237     0  4034331,1968   264  4143056,7280     Cuts: 160    20641    2,62%
   5237     0  4042984,2603   263  4143056,7280     Cuts: 167    20740    2,42%
   5237     0  4054304,7990   271  4143056,7280     Cuts: 122    20828    2,14%
   5237     0  4057416,4707   207  4143056,7280     Cuts: 149    20903    2,07%
*  5237+    0                      4093303,7560  4057416,4707             0,88%
   5237     0  4060997,0662   241  4093303,7560     Cuts: 118    20977    0,79%
   5237     0  4063964,2215   195  4093303,7560      Cuts: 96    21043    0,72%
   5237     0  4066686,3837   233  4093303,7560      Cuts: 99    21112    0,65%
   5237     0  4067805,0060   237  4093303,7560      Cuts: 89    21173    0,62%
   5237     0  4069111,5782   233  4093303,7560      Cuts: 71    21238    0,59%
   5237     0  4070354,2065   230  4093303,7560      Cuts: 58    21292    0,56%
   5237     0  4070647,6674   231  4093303,7560      Cuts: 49    21322    0,55%
   5237     0  4071446,2674   231  4093303,7560      Cuts: 49    21362    0,53%
*  5237+    0                      4093303,7560  4071446,2674             0,53%
   5237     0  4071926,4056   230  4093303,7560      Cuts: 43    21390    0,52%
   5237     0  4074900,2897   201  4093303,7560      Cuts: 48    21433    0,45%
   5237     0  4076481,3537   156  4093303,7560      Cuts: 78    21476    0,41%
   5237     0  4079298,0476   170  4093303,7560      Cuts: 61    21529    0,34%
   5237     0  4080582,7592   169  4093303,7560      Cuts: 54    21567    0,31%
   5237     0  4081204,7741   178  4093303,7560      Cuts: 53    21606    0,30%
   5237     0  4081753,1208   187  4093303,7560      Cuts: 54    21641    0,28%
   5237     0  4081830,2301   146  4093303,7560      Cuts: 61    21674    0,28%
   5237     0  4082147,3401   136  4093303,7560      Cuts: 19    21692    0,27%
   5237     0  4082222,3401   135  4093303,7560      Cuts: 18    21699    0,27%
   5237     0  4082501,2139   135  4093303,7560      Cuts: 21    21711    0,26%
   5237     0  4093279,1560     6  4093303,7560  4082501,2139    21723    0,26%

Cover cuts applied:  2
Implied bound cuts applied:  30
Flow cuts applied:  49
Mixed integer rounding cuts applied:  131
Zero-half cuts applied:  9
Lift and project cuts applied:  30
Gomory fractional cuts applied:  22

Root node processing (before b&c):
  Real time             =    0,11 sec. (93,61 ticks)
Parallel b&c, 20 threads:
  Real time             =    1,05 sec. (819,74 ticks)
  Sync time (average)   =    0,12 sec.
  Wait time (average)   =    0,01 sec.
                          ------------
Total (root+branch&cut) =    1,16 sec. (913,35 ticks)

<<< solve


OBJECTIVE: 4093304
xxxx
#Result <fct_obj, tot_cst, tot_ldt, Emiss>: <4.0933e+6 4.0928e+6 463 9.2025e+7>#TS:4092840.756#CS:2252340#TaxCost:1840500.756#A:[0,2,23,22,21,16,18,8,17,15,9,7,15,10,12,7,14,11,11,8,14,12,11,12,5,4,8,10,5,8,8,10,9,8,8,9,9,9,5,6,5,5,5,4,4,2,6,3,3,4,6]#X:[0,1,1,1,1,1,0,0,0,0,0,0,0,0,0,0,0,0,0,0,0,0,0,0,0,0,0,0,0,0,0,0,0,0,0,0,0,0,0,0,0,0,0,0,0,0,0,1,1,1,1]#E: 92025037.799999997#Cap: 155661327#Tax: 0.02#DELIVER:
S8=>P7
S8=>P15
S8=>P17
S8=>P19
S8=>P21
S8=>P22
S10=>P24
S10=>P25
S8=>P26
S10=>P26
S3=>P28
S4=>P28
S10=>P28
S8=>P29
S8=>P31
S10=>P31
S8=>P34
S8=>P36
S10=>P36
S10=>P38
S10=>P40
S10=>P41
S10=>P42
S10=>P43
S10=>P44
S10=>P46
S10=>P48
S10=>P49
S10=>P50
xxxx

<<< post process


<<< done


)
