Array
(
    [CplexRunTime] => Total (root+branch&cut) =    1,14 sec
    [Result] => Array
        (
            [Objective] => fct_obj.
            [ServiceCost] => tot_cst.
            [LateDeliveries] => tot_ldt.
            [Emissions] => Emiss
        )

    [TS] => 4092840.756
    [CS] => 2252340
    [TaxCost] => 1840500.756
    [A] => Array
        (
            [0] => 0
            [1] => 2
            [2] => 23
            [3] => 22
            [4] => 21
            [5] => 16
            [6] => 18
            [7] => 8
            [8] => 17
            [9] => 15
            [10] => 9
            [11] => 7
            [12] => 15
            [13] => 10
            [14] => 12
            [15] => 7
            [16] => 14
            [17] => 11
            [18] => 11
            [19] => 8
            [20] => 14
            [21] => 12
            [22] => 11
            [23] => 12
            [24] => 5
            [25] => 4
            [26] => 8
            [27] => 10
            [28] => 5
            [29] => 8
            [30] => 8
            [31] => 10
            [32] => 9
            [33] => 8
            [34] => 8
            [35] => 9
            [36] => 9
            [37] => 9
            [38] => 5
            [39] => 6
            [40] => 5
            [41] => 5
            [42] => 5
            [43] => 4
            [44] => 4
            [45] => 2
            [46] => 6
            [47] => 3
            [48] => 3
            [49] => 4
            [50] => 6
        )

    [X] => Array
        (
            [0] => 0
            [1] => 1
            [2] => 1
            [3] => 1
            [4] => 1
            [5] => 1
            [6] => 0
            [7] => 0
            [8] => 0
            [9] => 0
            [10] => 0
            [11] => 0
            [12] => 0
            [13] => 0
            [14] => 0
            [15] => 0
            [16] => 0
            [17] => 0
            [18] => 0
            [19] => 0
            [20] => 0
            [21] => 0
            [22] => 0
            [23] => 0
            [24] => 0
            [25] => 0
            [26] => 0
            [27] => 0
            [28] => 0
            [29] => 0
            [30] => 0
            [31] => 0
            [32] => 0
            [33] => 0
            [34] => 0
            [35] => 0
            [36] => 0
            [37] => 0
            [38] => 0
            [39] => 0
            [40] => 0
            [41] => 0
            [42] => 0
            [43] => 0
            [44] => 0
            [45] => 0
            [46] => 0
            [47] => 1
            [48] => 1
            [49] => 1
            [50] => 1
        )

    [E] => 92025037.8
    [Cap] => 136203661
    [Tax] => 0.02
    [DELIVER] => Array
        (
            [0] => S8=>P7
            [1] => S8=>P15
            [2] => S8=>P17
            [3] => S8=>P19
            [4] => S8=>P21
            [5] => S8=>P22
            [6] => S10=>P24
            [7] => S4=>P25
            [8] => S10=>P25
            [9] => S3=>P26
            [10] => S4=>P26
            [11] => S8=>P26
            [12] => S10=>P26
            [13] => S10=>P28
            [14] => S8=>P29
            [15] => S8=>P31
            [16] => S8=>P34
            [17] => S8=>P36
            [18] => S3=>P38
            [19] => S4=>P38
            [20] => S10=>P38
            [21] => S10=>P40
            [22] => S10=>P41
            [23] => S3=>P42
            [24] => S4=>P42
            [25] => S10=>P42
            [26] => S3=>P43
            [27] => S4=>P43
            [28] => S10=>P43
            [29] => S10=>P44
            [30] => S10=>P46
            [31] => S10=>P48
            [32] => S10=>P49
            [33] => S10=>P50
        )

    [_raw_output] => 
<<< setup

0 0 -1 0 1 0,25 0,5 0,8 1 0 0 0 0 13
1 2 0 5000 1 0,25 0,5 0,8 1 0 10000 1000 1500 13
2 5 1 900 1 0,25 0,5 0,8 1 0 9486 948,6 1500 13
3 7 1 890 1 0,25 0,5 0,8 1 0 8704 870,4 1500 13
4 6 1 910 1 0,25 0,5 0,8 1 0 8059 805,9 1500 13
5 4 1 860 2 0,25 0,5 0,8 1 0 7962 796,2 1500 13
6 4 2 880 3 0,25 0,5 0,8 1 0 7861 786,1 1500 13
7 3 2 800 2 0,25 0,5 0,8 1 0 7628 762,8 1500 13
8 3 2 780 1 0,25 0,5 0,8 1 0 7050 705 1500 13
9 3 3 790 2 0,25 0,5 0,8 1 0 6976 697,6 1500 13
10 4 3 750 3 0,25 0,5 0,8 1 0 6291 629,1 1500 13
11 3 4 690 2 0,25 0,5 0,8 1 0 6234 623,4 1500 13
12 5 4 660 3 0,25 0,5 0,8 1 0 6199 619,9 1500 13
13 5 5 600 8 0,25 0,5 0,5 1 0 6088 608,8 1500 13
14 4 5 640 6 0,25 0,5 0,5 1 0 5680 568 1500 13
15 2 5 700 2 0,25 0,5 0,5 1 0 5673 567,3 1500 13
16 4 6 660 9 0,25 0,5 0,5 1 0 5507 550,7 1500 13
17 6 6 580 6 0,25 0,5 0,5 1 0 5360 536 1500 13
18 3 67 550 2 0,25 0,5 0,5 1 0 5290 529 1500 13
19 3 8 570 1 0,25 0,5 0,5 1 0 5168 516,8 1500 13
20 5 8 600 2 0,25 0,5 0,5 1 0 4944 494,4 1500 13
21 7 9 540 6 0,25 0,5 0,5 1 0 4747 474,7 1500 13
22 6 9 510 4 0,25 0,5 0,5 1 0 4417 441,7 1500 13
23 3 9 590 4 0,25 0,5 0,5 1 0 4033 403,3 1500 13
24 4 10 400 3 0,25 0,5 0,5 1 0 3891 389,1 1500 13
25 3 11 490 2 0,25 0,5 0,5 1 0 3601 360,1 1500 13
26 3 12 480 3 0,25 0,5 0,5 1 0 3279 327,9 1500 13
27 5 12 520 6 0,25 0,5 0,5 1 0 3175 317,5 1500 13
28 4 13 400 16 0,25 0,5 0,5 1 0 2984 298,4 1500 13
29 3 14 480 6 0,25 0,5 0,5 1 0 2866 286,6 1500 13
30 2 14 490 18 0,25 0,5 0,5 1 0 2606 260,6 1500 13
31 5 16 460 9 0,25 0,5 0,5 1 0 2427 242,7 1500 13
32 4 16 500 9 0,25 0,5 0,5 1 0 2231 223,1 1500 13
33 3 18 470 6 0,25 0,5 0,5 1 0 2091 209,1 1500 13
34 3 18 300 4 0,25 0,5 0,5 1 0 1993 199,3 1500 13
35 5 20 380 4 0,25 0,5 0,5 1 0 1837 183,7 1500 13
36 4 23 330 8 0,25 0,5 0,5 1 0 1683 168,3 1500 13
37 3 23 340 12 0,25 0,5 0,5 1 0 1682 168,2 1500 13
38 4 27 350 6 0,25 0,5 0,5 1 0 1589 158,9 1500 13
39 6 30 360 18 0,25 0,5 0,5 1 0 1439 143,9 1500 13
40 4 30 310 54 0,25 0,5 0,5 1 0 1404 140,4 1500 13
41 4 32 330 18 0,25 0,5 0,5 1 0 1265 126,5 1500 13
42 4 33 290 12 0,25 0,5 0,5 1 0 1153 115,3 1500 13
43 3 33 270 12 0,25 0,5 0,5 1 0 1138 113,8 1500 13
44 3 35 260 8 0,25 0,5 0,5 1 0 1094 109,4 1500 13
45 2 37 270 12 0,25 0,5 0,5 1 0 997 99,7 1500 13
46 5 37 270 12 0,25 0,5 0,5 1 0 964 96,4 1500 13
47 3 39 100 54 0,25 0,5 0,5 1 0 917 91,7 1500 13
48 2 39 110 36 0,25 0,5 0,5 1 0 833 83,3 1500 13
49 3 45 50 48 0,25 0,5 0,5 1 0 753 75,3 1500 13
50 5 47 30 108 0,25 0,5 0,5 1 0 723 72,3 1500 13
Node nums: [0 1 2 3 4 5 6 7 8 9 10 11 12 13 14 15 16 17 18 19 20 21 22 23 24 25 26 27
     28 29 30 31 32 33 34 35 36 37 38 39 40 41 42 43 44 45 46 47 48 49 50]
xx-Data uploaded-xx
	**** start init su array ...
0 [0 0 0 0 0 0 0 0 0 0]
1 [0 0 0 0 0 0 0 0 0 0]
2 [0 0 0 0 0 0 0 0 0 0]
3 [0 0 0 0 0 0 0 0 0 0]
4 [0 0 0 0 0 0 0 0 0 0]
5 [0 0 0 0 0 0 0 0 0 0]
6 [0 0 0 0 0 0 0 0 0 0]
7 [1 1 1 1 1 1 1 1 1 1]
8 [0 0 0 0 0 0 0 0 0 0]
9 [0 0 0 0 0 0 0 0 0 0]
10 [0 0 0 0 0 0 0 0 0 0]
11 [0 0 0 0 0 0 0 0 0 0]
12 [0 0 0 0 0 0 0 0 0 0]
13 [0 0 0 0 0 0 0 0 0 0]
14 [0 0 0 0 0 0 0 0 0 0]
15 [1 1 1 1 1 1 1 1 1 1]
16 [0 0 0 0 0 0 0 0 0 0]
17 [1 1 1 1 1 1 1 1 1 1]
18 [0 0 0 0 0 0 0 0 0 0]
19 [1 1 1 1 1 1 1 1 1 1]
20 [0 0 0 0 0 0 0 0 0 0]
21 [1 1 1 1 1 1 1 1 1 1]
22 [1 1 1 1 1 1 1 1 1 1]
23 [0 0 0 0 0 0 0 0 0 0]
24 [1 1 1 1 1 1 1 1 1 1]
25 [1 1 1 1 1 1 1 1 1 1]
26 [1 1 1 1 1 1 1 1 1 1]
27 [0 0 0 0 0 0 0 0 0 0]
28 [1 1 1 1 1 1 1 1 1 1]
29 [1 1 1 1 1 1 1 1 1 1]
30 [0 0 0 0 0 0 0 0 0 0]
31 [1 1 1 1 1 1 1 1 1 1]
32 [0 0 0 0 0 0 0 0 0 0]
33 [0 0 0 0 0 0 0 0 0 0]
34 [1 1 1 1 1 1 1 1 1 1]
35 [1 1 1 1 1 1 1 1 1 1]
36 [1 1 1 1 1 1 1 1 1 1]
37 [0 0 0 0 0 0 0 0 0 0]
38 [1 1 1 1 1 1 1 1 1 1]
39 [0 0 0 0 0 0 0 0 0 0]
40 [1 1 1 1 1 1 1 1 1 1]
41 [1 1 1 1 1 1 1 1 1 1]
42 [1 1 1 1 1 1 1 1 1 1]
43 [1 1 1 1 1 1 1 1 1 1]
44 [1 1 1 1 1 1 1 1 1 1]
45 [0 0 0 0 0 0 0 0 0 0]
46 [1 1 1 1 1 1 1 1 1 1]
47 [0 0 0 0 0 0 0 0 0 0]
48 [1 1 1 1 1 1 1 1 1 1]
49 [1 1 1 1 1 1 1 1 1 1]
50 [1 1 1 1 1 1 1 1 1 1]
	**** end init su array ...
1 2 1 700 80 0.85 0.92 0.8 (9)9
2 2 0.9 800 75 0.82 0.90 0.9 (9)9
3 1 1.1 680 90 0.88 0.95 0.5 (9)9
4 1 1 480 100 0.86 0.93 0.6 (9)9
5 5 0.6 550 40 0.72 0.78 1.5 (9)9
6 6 0.5 650 45 0.70 0.75 2.0 (9)9
7 7 0.5 1100 40 0.68 0.72 2.5 (9)9
8 5 0.3 700 30 0.65 0.70 1.8 (9)9
9 9 0.2 1700 15 0.60 0.65 3.5 (9)9
10 1 0.8 5800 40 0.80 0.88 0.7 (9)9

<<< generate

Version identifier: 20.1.0.0 | 2020-11-10 | 9bedb6d68
CPXPARAM_TimeLimit                               1800
Tried aggregator 2 times.
MIP Presolve eliminated 13362 rows and 543 columns.
MIP Presolve added 480 rows and 240 columns.
MIP Presolve modified 454 coefficients.
Aggregator did 2 substitutions.
Reduced MIP has 1204 rows, 868 columns, and 3251 nonzeros.
Reduced MIP has 289 binaries, 339 generals, 0 SOSs, and 0 indicators.
Presolve time = 0,00 sec. (11,96 ticks)
Probing time = 0,00 sec. (0,24 ticks)
Cover probing fixed 0 vars, tightened 24 bounds.
Tried aggregator 1 time.
Detecting symmetries...
MIP Presolve eliminated 312 rows and 0 columns.
MIP Presolve modified 336 coefficients.
Reduced MIP has 892 rows, 868 columns, and 2867 nonzeros.
Reduced MIP has 289 binaries, 339 generals, 0 SOSs, and 0 indicators.
Presolve time = 0,02 sec. (2,11 ticks)
Classifier predicts products in MIQP should be linearized.
Probing time = 0,00 sec. (0,20 ticks)
MIP emphasis: balance optimality and feasibility.
MIP search method: dynamic search.
Parallel mode: deterministic, using up to 20 threads.
Root relaxation solution time = 0,00 sec. (2,67 ticks)

        Nodes                                         Cuts/
   Node  Left     Objective  IInf  Best Integer    Best Bound    ItCnt     Gap

      0     0  3641566,2150   246                3641566,2150      267         
      0     0  3774678,4048   222                   Cuts: 162      403         
      0     0  3827242,0053   211                    Cuts: 98      496         
      0     0  3834100,4149   210                    Cuts: 36      524         
      0     0  3837907,3411   218                    Cuts: 23      545         
      0     0  3843630,2588   230                     Cuts: 9      554         
Detecting symmetries...
      0     0  3844301,2338   220                     Cuts: 8      558         
*     0+    0                      4803253,8840  3844301,2338            19,96%
*     0+    0                      4248213,1240  3844301,2338             9,51%
*     0+    0                      4246161,5240  3844301,2338             9,46%
*     0+    0                      4243936,7240  3844301,2338             9,42%
      0     0  -1,00000e+75     0  4243936,7240  3844301,2338      558    9,42%
Detecting symmetries...
      0     2  3844301,2338   220  4243936,7240  3844301,2338      558    9,42%
Elapsed time = 0,13 sec. (84,77 ticks, tree = 0,02 MB, solutions = 4)
*    10+    1                      4230111,5240  3865269,8595             8,62%
*    40+    8                      4219638,5240  3880940,3044             8,03%
*   115+   19                      4216964,5240  3880940,3044             7,97%
*   122+   16                      4208662,1240  3880940,3044             7,79%
*   222+   15                      4183868,6240  3880940,3044             7,24%
*  1641+  943                      4166786,0680  3900706,6926             6,39%

Performing restart 1

Repeating presolve.
Tried aggregator 1 time.
MIP Presolve modified 587 coefficients.
Reduced MIP has 892 rows, 868 columns, and 2867 nonzeros.
Reduced MIP has 289 binaries, 339 generals, 0 SOSs, and 0 indicators.
Presolve time = 0,00 sec. (1,52 ticks)
Tried aggregator 1 time.
MIP Presolve eliminated 2 rows and 4 columns.
MIP Presolve modified 280 coefficients.
Reduced MIP has 890 rows, 864 columns, and 2858 nonzeros.
Reduced MIP has 289 binaries, 338 generals, 0 SOSs, and 0 indicators.
Presolve time = 0,00 sec. (2,12 ticks)
Represolve time = 0,00 sec. (6,53 ticks)
*  5230+    0                      4112219,7560  3943147,2112             4,11%
   5230     0  3902166,6443   228  4112219,7560     Cuts: 234    19957    4,11%
   5230     0  3936553,6779   246  4112219,7560     Cuts: 173    20067    4,11%
   5230     0  3963995,9930   244  4112219,7560     Cuts: 143    20210    3,60%
   5230     0  3983520,0095   266  4112219,7560     Cuts: 177    20343    3,13%
   5230     0  4006879,5093   245  4112219,7560     Cuts: 180    20468    2,56%
   5230     0  4013555,1003   255  4112219,7560     Cuts: 178    20568    2,40%
   5230     0  4023081,9560   256  4112219,7560     Cuts: 162    20672    2,17%
   5230     0  4042776,9232   243  4112219,7560     Cuts: 189    20804    1,69%
   5230     0  4055077,0504   188  4112219,7560     Cuts: 186    20903    1,39%
*  5230+    0                      4111367,7560  4055077,0504             1,37%
   5230     0  4062726,0230   200  4111367,7560     Cuts: 120    20989    1,18%
   5230     0  4065035,8847   208  4111367,7560      Cuts: 91    21053    1,13%
   5230     0  4068945,0318   188  4111367,7560      Cuts: 96    21119    1,03%
   5230     0  4071092,8145   195  4111367,7560      Cuts: 94    21177    0,98%
   5230     0  4072619,6004   200  4111367,7560      Cuts: 65    21226    0,94%
   5230     0  4074665,3217   153  4111367,7560      Cuts: 93    21289    0,89%
   5230     0  4074962,1121   157  4111367,7560      Cuts: 60    21329    0,89%
   5230     0  4076041,7805   153  4111367,7560      Cuts: 73    21364    0,86%
   5230     0  4077691,3378   157  4111367,7560      Cuts: 75    21408    0,82%
*  5230+    0                      4102823,7560  4077691,3378             0,61%
   5230     0  4078403,8515   171  4102823,7560      Cuts: 77    21446    0,60%
   5230     0  4078535,1527   110  4102823,7560      Cuts: 58    21472    0,59%
   5230     0  4078622,2706    94  4102823,7560      Cuts: 40    21484    0,59%
   5230     0  4078770,7689   104  4102823,7560      Cuts: 32    21496    0,59%
   5230     0  4079253,5540    85  4102823,7560      Cuts: 33    21514    0,57%
   5230     0  4079814,4563   140  4102823,7560      Cuts: 37    21540    0,56%
   5230     1  4082459,1474    91  4102823,7560  4079814,4563    21554    0,56%
*  5236+    2                      4098925,9560  4084354,5905             0,36%
*  5236+    1                      4098637,3560  4084354,5905             0,35%
*  5236+    1                      4093303,7560  4084354,5905             0,22%

Cover cuts applied:  3
Implied bound cuts applied:  32
Flow cuts applied:  37
Mixed integer rounding cuts applied:  150
Zero-half cuts applied:  3
Lift and project cuts applied:  38
Gomory fractional cuts applied:  20

Root node processing (before b&c):
  Real time             =    0,11 sec. (84,44 ticks)
Parallel b&c, 20 threads:
  Real time             =    1,02 sec. (788,39 ticks)
  Sync time (average)   =    0,14 sec.
  Wait time (average)   =    0,01 sec.
                          ------------
Total (root+branch&cut) =    1,13 sec. (872,84 ticks)

<<< solve


OBJECTIVE: 4093304
xxxx
#Result <fct_obj, tot_cst, tot_ldt, Emiss>: <4.0933e+6 4.0928e+6 463 9.2025e+7>#TS:4092840.756#CS:2252340#TaxCost:1840500.756#A:[0,2,23,22,21,16,18,8,17,15,9,7,15,10,12,7,14,11,11,8,14,12,11,12,5,4,8,10,5,8,8,10,9,8,8,9,9,9,5,6,5,5,5,4,4,2,6,3,3,4,6]#X:[0,1,1,1,1,1,0,0,0,0,0,0,0,0,0,0,0,0,0,0,0,0,0,0,0,0,0,0,0,0,0,0,0,0,0,0,0,0,0,0,0,0,0,0,0,0,0,1,1,1,1]#E: 92025037.799999997#Cap: 136203661#Tax: 0.02#DELIVER:
S8=>P7
S8=>P15
S8=>P17
S8=>P19
S8=>P21
S8=>P22
S10=>P24
S4=>P25
S10=>P25
S3=>P26
S4=>P26
S8=>P26
S10=>P26
S10=>P28
S8=>P29
S8=>P31
S8=>P34
S8=>P36
S3=>P38
S4=>P38
S10=>P38
S10=>P40
S10=>P41
S3=>P42
S4=>P42
S10=>P42
S3=>P43
S4=>P43
S10=>P43
S10=>P44
S10=>P46
S10=>P48
S10=>P49
S10=>P50
xxxx

<<< post process


<<< done


)
