Array
(
    [CplexRunTime] => Total (root+branch&cut) =    0,52 sec
    [Result] => Array
        (
            [Objective] => fct_obj.
            [ServiceCost] => tot_cst.
            [LateDeliveries] => tot_ldt.
            [Emissions] => Emiss
        )

    [TS] => 1578556
    [CS] => 968140
    [TaxCost] => 610416
    [A] => Array
        (
            [0] => 0
            [1] => 33
            [2] => 24
            [3] => 24
            [4] => 15
            [5] => 16
            [6] => 18
            [7] => 11
            [8] => 20
            [9] => 16
            [10] => 16
            [11] => 10
            [12] => 5
            [13] => 8
            [14] => 6
            [15] => 14
            [16] => 10
            [17] => 8
            [18] => 8
            [19] => 7
            [20] => 14
            [21] => 7
            [22] => 11
            [23] => 8
            [24] => 7
            [25] => 8
            [26] => 4
        )

    [X] => Array
        (
            [0] => 0
            [1] => 1
            [2] => 0
            [3] => 0
            [4] => 0
            [5] => 0
            [6] => 0
            [7] => 0
            [8] => 0
            [9] => 0
            [10] => 0
            [11] => 0
            [12] => 0
            [13] => 0
            [14] => 0
            [15] => 0
            [16] => 0
            [17] => 0
            [18] => 0
            [19] => 0
            [20] => 0
            [21] => 0
            [22] => 0
            [23] => 0
            [24] => 0
            [25] => 0
            [26] => 0
        )

    [E] => 30520800
    [Cap] => 33259520
    [Tax] => 0.02
    [DELIVER] => Array
        (
            [0] => S8=>P13
            [1] => S10=>P13
            [2] => S8=>P14
            [3] => S4=>P15
            [4] => S8=>P15
            [5] => S10=>P15
            [6] => S3=>P16
            [7] => S4=>P16
            [8] => S10=>P16
            [9] => S8=>P17
            [10] => S10=>P18
            [11] => S3=>P19
            [12] => S4=>P19
            [13] => S8=>P19
            [14] => S10=>P19
            [15] => S3=>P20
            [16] => S5=>P20
            [17] => S8=>P20
            [18] => S10=>P20
            [19] => S4=>P21
            [20] => S8=>P21
            [21] => S8=>P22
            [22] => S10=>P22
            [23] => S8=>P23
            [24] => S10=>P24
            [25] => S10=>P25
            [26] => S3=>P26
            [27] => S4=>P26
            [28] => S10=>P26
        )

    [_raw_output] => 
<<< setup

0 0 -1 0 1 0,25 0,5 0,8 1 0 0 0 0 13
1 9 0 2500 1 0,25 0,5 0,8 1 0 7000 700 1500 13
2 4 1 900 1 0,25 0,5 0,8 1 0 3500 450 1500 13
3 8 1 890 1 0,25 0,5 0,8 1 0 5500 550 1500 13
4 5 1 910 1 0,25 0,5 0,8 1 0 2800 280 1500 13
5 2 1 860 2 0,25 0,5 0,8 1 0 2350 235 1500 13
6 8 2 880 3 0,25 0,5 0,8 1 0 2600 260 1500 13
7 3 2 800 2 0,25 0,5 0,8 1 0 2900 290 1500 13
8 6 2 780 1 0,25 0,5 0,8 1 0 1600 160 1500 13
9 5 3 790 2 0,25 0,5 0,8 1 0 1250 125 1500 13
10 9 3 750 3 0,25 0,5 0,8 1 0 1120 112 1500 13
11 2 4 690 2 0,25 0,5 0,8 1 0 1200 120 1500 13
12 1 4 660 3 0,25 0,5 0,8 1 0 1000 100 1500 13
13 3 5 600 8 0,25 0,5 0,5 1 0 1100 110 1500 13
14 1 5 640 6 0,25 0,5 0,5 1 0 1100 110 1500 13
15 9 5 700 2 0,25 0,5 0,5 1 0 1100 110 1500 13
16 9 6 660 9 0,25 0,5 0,5 1 0 2100 210 1500 13
17 3 6 580 6 0,25 0,5 0,5 1 0 2000 200 1500 13
18 7 7 550 2 0,25 0,5 0,5 1 0 2300 230 1500 13
19 2 8 570 1 0,25 0,5 0,5 1 0 1200 120 1500 13
20 9 8 600 2 0,25 0,5 0,5 1 0 1400 140 1500 13
21 2 9 540 6 0,25 0,5 0,5 1 0 1150 115 1500 13
22 6 9 510 4 0,25 0,5 0,5 1 0 1100 110 1500 13
23 3 9 590 4 0,25 0,5 0,5 1 0 1050 105 1500 13
24 6 10 400 3 0,25 0,5 0,5 1 0 950 95 1500 13
25 7 11 490 2 0,25 0,5 0,5 1 0 1000 100 1500 13
26 3 12 480 3 0,25 0,5 0,5 1 0 900 90 1500 13
Node nums: [0 1 2 3 4 5 6 7 8 9 10 11 12 13 14 15 16 17 18 19 20 21 22 23 24 25 26]
xx-Data uploaded-xx
	**** start init su array ...
0 [0 0 0 0 0 0 0 0 0 0]
1 [0 0 0 0 0 0 0 0 0 0]
2 [0 0 0 0 0 0 0 0 0 0]
3 [0 0 0 0 0 0 0 0 0 0]
4 [0 0 0 0 0 0 0 0 0 0]
5 [0 0 0 0 0 0 0 0 0 0]
6 [0 0 0 0 0 0 0 0 0 0]
7 [0 0 0 0 0 0 0 0 0 0]
8 [0 0 0 0 0 0 0 0 0 0]
9 [0 0 0 0 0 0 0 0 0 0]
10 [0 0 0 0 0 0 0 0 0 0]
11 [0 0 0 0 0 0 0 0 0 0]
12 [0 0 0 0 0 0 0 0 0 0]
13 [1 1 1 1 1 1 1 1 1 1]
14 [1 1 1 1 1 1 1 1 1 1]
15 [1 1 1 1 1 1 1 1 1 1]
16 [1 1 1 1 1 1 1 1 1 1]
17 [1 1 1 1 1 1 1 1 1 1]
18 [1 1 1 1 1 1 1 1 1 1]
19 [1 1 1 1 1 1 1 1 1 1]
20 [1 1 1 1 1 1 1 1 1 1]
21 [1 1 1 1 1 1 1 1 1 1]
22 [1 1 1 1 1 1 1 1 1 1]
23 [1 1 1 1 1 1 1 1 1 1]
24 [1 1 1 1 1 1 1 1 1 1]
25 [1 1 1 1 1 1 1 1 1 1]
26 [1 1 1 1 1 1 1 1 1 1]
	**** end init su array ...
1 2 1 700 80 0.85 0.92 0.8 (9)9
2 2 0.9 800 75 0.82 0.90 0.9 (9)9
3 1 1.1 680 90 0.88 0.95 0.5 (9)9
4 1 1 480 100 0.86 0.93 0.6 (9)9
5 5 0.6 550 40 0.72 0.78 1.5 (9)9
6 6 0.5 650 45 0.70 0.75 2.0 (9)9
7 7 0.5 1100 40 0.68 0.72 2.5 (9)9
8 5 0.3 700 30 0.65 0.70 1.8 (9)9
9 9 0.2 1700 15 0.60 0.65 3.5 (9)9
10 1 0.8 5800 40 0.80 0.88 0.7 (9)9

<<< generate

Version identifier: 20.1.0.0 | 2020-11-10 | 9bedb6d68
CPXPARAM_TimeLimit                               1800
Tried aggregator 2 times.
MIP Presolve eliminated 3813 rows and 263 columns.
MIP Presolve added 280 rows and 140 columns.
MIP Presolve modified 283 coefficients.
Aggregator did 2 substitutions.
Reduced MIP has 689 rows, 496 columns, and 1852 nonzeros.
Reduced MIP has 165 binaries, 191 generals, 0 SOSs, and 0 indicators.
Presolve time = 0,00 sec. (3,97 ticks)
Probing time = 0,00 sec. (0,14 ticks)
Cover probing fixed 0 vars, tightened 14 bounds.
Tried aggregator 1 time.
Detecting symmetries...
MIP Presolve eliminated 182 rows and 0 columns.
MIP Presolve modified 196 coefficients.
Reduced MIP has 507 rows, 496 columns, and 1628 nonzeros.
Reduced MIP has 165 binaries, 191 generals, 0 SOSs, and 0 indicators.
Presolve time = 0,00 sec. (1,24 ticks)
Classifier predicts products in MIQP should be linearized.
Probing time = 0,00 sec. (0,12 ticks)
MIP emphasis: balance optimality and feasibility.
MIP search method: dynamic search.
Parallel mode: deterministic, using up to 20 threads.
Root relaxation solution time = 0,00 sec. (1,31 ticks)

        Nodes                                         Cuts/
   Node  Left     Objective  IInf  Best Integer    Best Bound    ItCnt     Gap

      0     0  1371844,2877   124                1371844,2877      130         
      0     0  1411619,0846   106                    Cuts: 95      204         
      0     0  1422785,9322   151                    Cuts: 72      261         
      0     0  1423676,8891   155                    Cuts: 13      274         
      0     0  1424053,7153   156                    Cuts: 13      286         
      0     0  1424156,1600   156                     Cuts: 5      290         
Detecting symmetries...
      0     0  1424156,1600   156                    Fract: 1      292         
*     0+    0                      8874398,7600  1424156,1600            83,95%
*     0+    0                      1658301,0000  1424156,1600            14,12%
Detecting symmetries...
      0     2  1424156,1600   154  1658301,0000  1467943,3801      292   11,48%
Elapsed time = 0,08 sec. (59,53 ticks, tree = 0,02 MB, solutions = 2)
*   160+   19                      1627757,0000  1467943,3801             9,82%
*  1747+ 1027                      1624572,1000  1472709,7330             9,35%
*  1847  1088      integral     0  1623816,3000  1472709,7330     8696    9,31%
*  1884  1087      integral     0  1620227,3000  1472709,7330     8968    9,10%
*  2036+ 1074                      1619528,9000  1485378,2807             8,28%
*  2099  1120      integral     0  1618740,1000  1485378,2807    10154    8,24%
*  2107+ 1120                      1617976,6000  1485378,2807             8,20%
*  2860  1211      integral     0  1614859,0000  1488746,5475    13119    7,81%
*  3554  1275      integral     0  1613073,9000  1508296,4153    13842    6,50%
*  3715  1217      integral     0  1595529,0000  1513176,0311    14430    5,16%
*  4447   881      integral     0  1593201,0000  1513176,0311    18894    5,02%
*  6261+ 1743                      1580404,0000  1529994,2913             3,19%

Performing restart 1

Repeating presolve.
Tried aggregator 1 time.
MIP Presolve eliminated 19 rows and 16 columns.
MIP Presolve modified 335 coefficients.
Reduced MIP has 488 rows, 480 columns, and 1566 nonzeros.
Reduced MIP has 161 binaries, 189 generals, 0 SOSs, and 0 indicators.
Presolve time = 0,00 sec. (1,73 ticks)
Tried aggregator 1 time.
MIP Presolve modified 135 coefficients.
Reduced MIP has 488 rows, 480 columns, and 1566 nonzeros.
Reduced MIP has 161 binaries, 189 generals, 0 SOSs, and 0 indicators.
Presolve time = 0,00 sec. (1,44 ticks)
Represolve time = 0,00 sec. (5,07 ticks)
*  7350+    0                      1578884,0000  1540133,4139             2,45%
   7350     0  1447460,6956   155  1578884,0000     Cuts: 140    32309    2,45%
   7350     0  1457567,9611   140  1578884,0000     Cuts: 105    32379    2,45%
   7350     0  1471690,0569   147  1578884,0000      Cuts: 93    32435    2,45%
   7350     0  1476471,3420   174  1578884,0000      Cuts: 98    32504    2,45%
   7350     0  1480814,7099   175  1578884,0000     Cuts: 113    32564    2,45%
   7350     0  1493298,1142   173  1578884,0000     Cuts: 133    32654    2,45%
   7350     0  1498576,4698   167  1578884,0000     Cuts: 123    32730    2,45%
   7350     0  1503948,5341   165  1578884,0000     Cuts: 118    32795    2,45%
   7350     0  1509256,7627   170  1578884,0000      Cuts: 97    32857    2,12%
   7350     0  1511178,9355   185  1578884,0000     Cuts: 136    32920    2,12%
   7350     0  1515839,9748   178  1578884,0000      Cuts: 98    32985    2,12%
   7350     0  1519414,6922   188  1578884,0000      Cuts: 96    33066    2,12%
   7350     0  1522385,1217   183  1578884,0000      Cuts: 97    33131    2,12%
   7350     0  1525315,6941   160  1578884,0000      Cuts: 77    33184    2,12%
   7350     0  1526816,1715   155  1578884,0000      Cuts: 66    33227    2,12%

Implied bound cuts applied:  12
Flow cuts applied:  15
Mixed integer rounding cuts applied:  76
Zero-half cuts applied:  3
Lift and project cuts applied:  5
Gomory fractional cuts applied:  15

Root node processing (before b&c):
  Real time             =    0,06 sec. (59,37 ticks)
Parallel b&c, 20 threads:
  Real time             =    0,45 sec. (362,91 ticks)
  Sync time (average)   =    0,07 sec.
  Wait time (average)   =    0,00 sec.
                          ------------
Total (root+branch&cut) =    0,52 sec. (422,28 ticks)

<<< solve


OBJECTIVE: 1578884
xxxx
#Result <fct_obj, tot_cst, tot_ldt, Emiss>: <1.5789e+6 1.5786e+6 328 3.0521e+7>#TS:1578556#CS:968140#TaxCost:610416#A:[0,33,24,24,15,16,18,11,20,16,16,10,5,8,6,14,10,8,8,7,14,7,11,8,7,8,4]#X:[0,1,0,0,0,0,0,0,0,0,0,0,0,0,0,0,0,0,0,0,0,0,0,0,0,0,0]#E: 30520800#Cap: 33259520#Tax: 0.02#DELIVER:
S8=>P13
S10=>P13
S8=>P14
S4=>P15
S8=>P15
S10=>P15
S3=>P16
S4=>P16
S10=>P16
S8=>P17
S10=>P18
S3=>P19
S4=>P19
S8=>P19
S10=>P19
S3=>P20
S5=>P20
S8=>P20
S10=>P20
S4=>P21
S8=>P21
S8=>P22
S10=>P22
S8=>P23
S10=>P24
S10=>P25
S3=>P26
S4=>P26
S10=>P26
xxxx

<<< post process


<<< done


)
