Array
(
    [CplexRunTime] => Total (root+branch&cut) =    0,31 sec
    [Result] => Array
        (
            [Objective] => fct_obj.
            [ServiceCost] => tot_cst.
            [LateDeliveries] => tot_ldt.
            [Emissions] => Emiss
        )

    [TS] => 105350
    [CS] => 60260
    [TaxCost] => 45090
    [A] => Array
        (
            [0] => 0
            [1] => 2
            [2] => 5
            [3] => 6
            [4] => 4
            [5] => 6
        )

    [X] => Array
        (
            [0] => 0
            [1] => 1
            [2] => 1
            [3] => 1
            [4] => 1
            [5] => 1
        )

    [E] => 1503000
    [Cap] => 2345760
    [Tax] => 0.03
    [DELIVER] => Array
        (
            [0] => S10=>P2
            [1] => S3=>P4
            [2] => S4=>P4
            [3] => S4=>P5
        )

    [_raw_output] => 
<<< setup

0 0 -1 0 0 0.25 0.5 0.8 1 0 0 0 0  14
1 2 0 700 1 0.25 0.5 0.8 1 0 7000 700 1500  14
2 4 1 165 1 0.25 0.5 0.8 1 0 5000 500 1500  14
3 6 1 100 2 0.25 0.5 0.8 1 0 3500 350 1500  14
4 3 3 25 6 0.25 0.5 0.8 1 0 3000 300 1500  14
5 5 3 30 2 0.25 0.5 0.8 1 0 2500 250 1500  14
Node nums: [0 1 2 3 4 5]
xx-Data uploaded-xx
	**** start init su array ...
0 [0 0 0 0 0 0 0 0 0 0]
1 [0 0 0 0 0 0 0 0 0 0]
2 [1 1 1 1 1 1 1 1 1 1]
3 [0 0 0 0 0 0 0 0 0 0]
4 [1 1 1 1 1 1 1 1 1 1]
5 [1 1 1 1 1 1 1 1 1 1]
	**** end init su array ...
1 2 1 100 80 0.85 0.92 0.8 (9)9
2 2 0.9 60 75 0.82 0.90 0.9 (9)9
3 1 1.1 80 90 0.88 0.95 0.5 (9)9
4 1 1 80 100 0.86 0.93 0.6 (9)9
5 5 0.6 50 40 0.72 0.78 1.5 (9)9
6 6 0.5 60 45 0.70 0.75 2.0 (9)9
7 7 0.5 80 40 0.68 0.72 2.5 (9)9
8 5 0.3 25 30 0.65 0.70 1.8 (9)9
9 9 0.2 250 15 0.60 0.65 3.5 (9)9
10 1 0.8 30 40 0.80 0.88 0.7 (9)9

<<< generate

Version identifier: 20.1.0.0 | 2020-11-10 | 9bedb6d68
CPXPARAM_TimeLimit                               1800
Tried aggregator 2 times.
MIP Presolve eliminated 233 rows and 63 columns.
MIP Presolve added 60 rows and 30 columns.
MIP Presolve modified 63 coefficients.
Aggregator did 2 substitutions.
Reduced MIP has 143 rows, 103 columns, and 374 nonzeros.
Reduced MIP has 34 binaries, 39 generals, 0 SOSs, and 0 indicators.
Presolve time = 0,00 sec. (0,53 ticks)
Probing time = 0,00 sec. (0,07 ticks)
Cover probing fixed 0 vars, tightened 4 bounds.
Tried aggregator 1 time.
Detecting symmetries...
MIP Presolve eliminated 39 rows and 0 columns.
MIP Presolve modified 65 coefficients.
Reduced MIP has 104 rows, 103 columns, and 326 nonzeros.
Reduced MIP has 34 binaries, 39 generals, 0 SOSs, and 0 indicators.
Presolve time = 0,00 sec. (0,24 ticks)
Classifier predicts products in MIQP should be linearized.
Probing time = 0,00 sec. (0,04 ticks)
MIP emphasis: balance optimality and feasibility.
MIP search method: dynamic search.
Parallel mode: deterministic, using up to 20 threads.
Root relaxation solution time = 0,00 sec. (0,36 ticks)

        Nodes                                         Cuts/
   Node  Left     Objective  IInf  Best Integer    Best Bound    ItCnt     Gap

      0     0    86218,7945    18                  86218,7945       62         
*     0+    0                       111013,0000    86218,7945            22,33%
      0     0    88907,6145    36   111013,0000      Cuts: 22       75   19,91%
      0     0    91549,9816    38   111013,0000      Cuts: 26       93   17,53%
      0     0    96670,3045    30   111013,0000      Cuts: 11       99   12,92%
      0     0    97169,9763    28   111013,0000       Cuts: 9      103   12,47%
      0     0    97392,9041    15   111013,0000       Cuts: 3      105   12,27%
Detecting symmetries...
      0     0    97554,9478    18   111013,0000       Cuts: 8      108   12,12%
      0     0    97585,0563    16   111013,0000       Cuts: 4      110   12,10%
      0     0    97613,6045    14   111013,0000   Impl Bds: 2      112   12,07%
*     0+    0                       105373,0000    97613,6045             7,36%
Detecting symmetries...
      0     2    97613,6045    14   105373,0000    98411,6231      112    6,61%
Elapsed time = 0,05 sec. (7,11 ticks, tree = 0,02 MB, solutions = 2)

Cover cuts applied:  3
Implied bound cuts applied:  36
Mixed integer rounding cuts applied:  6
Zero-half cuts applied:  10
Gomory fractional cuts applied:  7

Root node processing (before b&c):
  Real time             =    0,03 sec. (7,04 ticks)
Parallel b&c, 20 threads:
  Real time             =    0,14 sec. (2,02 ticks)
  Sync time (average)   =    0,12 sec.
  Wait time (average)   =    0,00 sec.
                          ------------
Total (root+branch&cut) =    0,17 sec. (9,05 ticks)

<<< solve


OBJECTIVE: 105373
xxxx
#Result <fct_obj, tot_cst, tot_ldt, Emiss>: <1.0537e+5 1.0535e+5 23 1.503e+6>#TS:105350#CS:60260#TaxCost:45090#A:[0,2,5,6,4,6]#X:[0,1,1,1,1,1]#E: 1503000#Cap: 2345760#Tax: 0.03#DELIVER:
S10=>P2
S3=>P4
S4=>P4
S4=>P5
xxxx

<<< post process


<<< done


)
