Array
(
    [CplexRunTime] => Total (root+branch&cut) =    0,56 sec
    [Result] => Array
        (
            [Objective] => fct_obj.
            [ServiceCost] => tot_cst.
            [LateDeliveries] => tot_ldt.
            [Emissions] => Emiss
        )

    [TS] => 1859973.5
    [CS] => 1050140
    [TaxCost] => 809833.5
    [A] => Array
        (
            [0] => 0
            [1] => 31
            [2] => 22
            [3] => 21
            [4] => 15
            [5] => 12
            [6] => 18
            [7] => 11
            [8] => 16
            [9] => 13
            [10] => 9
            [11] => 10
            [12] => 5
            [13] => 8
            [14] => 6
            [15] => 10
            [16] => 10
            [17] => 8
            [18] => 8
            [19] => 7
            [20] => 10
            [21] => 7
            [22] => 7
            [23] => 8
            [24] => 7
            [25] => 8
            [26] => 4
        )

    [X] => Array
        (
            [0] => 0
            [1] => 1
            [2] => 0
            [3] => 0
            [4] => 0
            [5] => 0
            [6] => 0
            [7] => 0
            [8] => 0
            [9] => 0
            [10] => 0
            [11] => 0
            [12] => 0
            [13] => 0
            [14] => 0
            [15] => 0
            [16] => 0
            [17] => 0
            [18] => 0
            [19] => 0
            [20] => 0
            [21] => 0
            [22] => 0
            [23] => 0
            [24] => 1
            [25] => 0
            [26] => 0
        )

    [E] => 26994450
    [Cap] => 29102080
    [Tax] => 0.03
    [DELIVER] => Array
        (
            [0] => S5=>P13
            [1] => S8=>P13
            [2] => S10=>P13
            [3] => S2=>P14
            [4] => S3=>P14
            [5] => S4=>P14
            [6] => S5=>P14
            [7] => S8=>P14
            [8] => S10=>P14
            [9] => S3=>P15
            [10] => S4=>P15
            [11] => S10=>P15
            [12] => S3=>P16
            [13] => S4=>P16
            [14] => S10=>P16
            [15] => S3=>P17
            [16] => S4=>P17
            [17] => S8=>P17
            [18] => S10=>P17
            [19] => S3=>P18
            [20] => S4=>P18
            [21] => S10=>P18
            [22] => S3=>P19
            [23] => S4=>P19
            [24] => S8=>P19
            [25] => S10=>P19
            [26] => S3=>P20
            [27] => S4=>P20
            [28] => S10=>P20
            [29] => S3=>P21
            [30] => S4=>P21
            [31] => S5=>P21
            [32] => S8=>P21
            [33] => S10=>P21
            [34] => S10=>P22
            [35] => S3=>P23
            [36] => S4=>P23
            [37] => S5=>P23
            [38] => S8=>P23
            [39] => S10=>P23
            [40] => S10=>P24
            [41] => S10=>P25
            [42] => S3=>P26
            [43] => S10=>P26
        )

    [_raw_output] => 
<<< setup

0 0 -1 0 1 0,25 0,5 0,8 1 0 0 0 0 13
1 9 0 2500 1 0,25 0,5 0,8 1 0 7000 700 1500 13
2 4 1 900 1 0,25 0,5 0,8 1 0 3500 450 1500 13
3 8 1 890 1 0,25 0,5 0,8 1 0 5500 550 1500 13
4 5 1 910 1 0,25 0,5 0,8 1 0 2800 280 1500 13
5 2 1 860 2 0,25 0,5 0,8 1 0 2350 235 1500 13
6 8 2 880 3 0,25 0,5 0,8 1 0 2600 260 1500 13
7 3 2 800 2 0,25 0,5 0,8 1 0 2900 290 1500 13
8 6 2 780 1 0,25 0,5 0,8 1 0 1600 160 1500 13
9 5 3 790 2 0,25 0,5 0,8 1 0 1250 125 1500 13
10 9 3 750 3 0,25 0,5 0,8 1 0 1120 112 1500 13
11 2 4 690 2 0,25 0,5 0,8 1 0 1200 120 1500 13
12 1 4 660 3 0,25 0,5 0,8 1 0 1000 100 1500 13
13 3 5 600 8 0,25 0,5 0,5 1 0 1100 110 1500 13
14 1 5 640 6 0,25 0,5 0,5 1 0 1100 110 1500 13
15 9 5 700 2 0,25 0,5 0,5 1 0 1100 110 1500 13
16 9 6 660 9 0,25 0,5 0,5 1 0 2100 210 1500 13
17 3 6 580 6 0,25 0,5 0,5 1 0 2000 200 1500 13
18 7 7 550 2 0,25 0,5 0,5 1 0 2300 230 1500 13
19 2 8 570 1 0,25 0,5 0,5 1 0 1200 120 1500 13
20 9 8 600 2 0,25 0,5 0,5 1 0 1400 140 1500 13
21 2 9 540 6 0,25 0,5 0,5 1 0 1150 115 1500 13
22 6 9 510 4 0,25 0,5 0,5 1 0 1100 110 1500 13
23 3 9 590 4 0,25 0,5 0,5 1 0 1050 105 1500 13
24 6 10 400 3 0,25 0,5 0,5 1 0 950 95 1500 13
25 7 11 490 2 0,25 0,5 0,5 1 0 1000 100 1500 13
26 3 12 480 3 0,25 0,5 0,5 1 0 900 90 1500 13
Node nums: [0 1 2 3 4 5 6 7 8 9 10 11 12 13 14 15 16 17 18 19 20 21 22 23 24 25 26]
xx-Data uploaded-xx
	**** start init su array ...
0 [0 0 0 0 0 0 0 0 0 0]
1 [0 0 0 0 0 0 0 0 0 0]
2 [0 0 0 0 0 0 0 0 0 0]
3 [0 0 0 0 0 0 0 0 0 0]
4 [0 0 0 0 0 0 0 0 0 0]
5 [0 0 0 0 0 0 0 0 0 0]
6 [0 0 0 0 0 0 0 0 0 0]
7 [0 0 0 0 0 0 0 0 0 0]
8 [0 0 0 0 0 0 0 0 0 0]
9 [0 0 0 0 0 0 0 0 0 0]
10 [0 0 0 0 0 0 0 0 0 0]
11 [0 0 0 0 0 0 0 0 0 0]
12 [0 0 0 0 0 0 0 0 0 0]
13 [1 1 1 1 1 1 1 1 1 1]
14 [1 1 1 1 1 1 1 1 1 1]
15 [1 1 1 1 1 1 1 1 1 1]
16 [1 1 1 1 1 1 1 1 1 1]
17 [1 1 1 1 1 1 1 1 1 1]
18 [1 1 1 1 1 1 1 1 1 1]
19 [1 1 1 1 1 1 1 1 1 1]
20 [1 1 1 1 1 1 1 1 1 1]
21 [1 1 1 1 1 1 1 1 1 1]
22 [1 1 1 1 1 1 1 1 1 1]
23 [1 1 1 1 1 1 1 1 1 1]
24 [1 1 1 1 1 1 1 1 1 1]
25 [1 1 1 1 1 1 1 1 1 1]
26 [1 1 1 1 1 1 1 1 1 1]
	**** end init su array ...
1 2 1 700 80 0.85 0.92 0.8 (9)9
2 2 0.9 800 75 0.82 0.90 0.9 (9)9
3 1 1.1 680 90 0.88 0.95 0.5 (9)9
4 1 1 480 100 0.86 0.93 0.6 (9)9
5 5 0.6 550 40 0.72 0.78 1.5 (9)9
6 6 0.5 650 45 0.70 0.75 2.0 (9)9
7 7 0.5 1100 40 0.68 0.72 2.5 (9)9
8 5 0.3 700 30 0.65 0.70 1.8 (9)9
9 9 0.2 1700 15 0.60 0.65 3.5 (9)9
10 1 0.8 5800 40 0.80 0.88 0.7 (9)9

<<< generate

Version identifier: 20.1.0.0 | 2020-11-10 | 9bedb6d68
CPXPARAM_TimeLimit                               1800
Tried aggregator 2 times.
MIP Presolve eliminated 3813 rows and 263 columns.
MIP Presolve added 280 rows and 140 columns.
MIP Presolve modified 283 coefficients.
Aggregator did 2 substitutions.
Reduced MIP has 689 rows, 496 columns, and 1852 nonzeros.
Reduced MIP has 165 binaries, 191 generals, 0 SOSs, and 0 indicators.
Presolve time = 0,00 sec. (3,97 ticks)
Probing time = 0,00 sec. (0,14 ticks)
Cover probing fixed 0 vars, tightened 14 bounds.
Tried aggregator 1 time.
Detecting symmetries...
MIP Presolve eliminated 182 rows and 0 columns.
MIP Presolve modified 196 coefficients.
Reduced MIP has 507 rows, 496 columns, and 1628 nonzeros.
Reduced MIP has 165 binaries, 191 generals, 0 SOSs, and 0 indicators.
Presolve time = 0,00 sec. (1,24 ticks)
Classifier predicts products in MIQP should be linearized.
Probing time = 0,00 sec. (0,12 ticks)
MIP emphasis: balance optimality and feasibility.
MIP search method: dynamic search.
Parallel mode: deterministic, using up to 20 threads.
Root relaxation solution time = 0,00 sec. (1,39 ticks)

        Nodes                                         Cuts/
   Node  Left     Objective  IInf  Best Integer    Best Bound    ItCnt     Gap

      0     0  1614420,5100   147                1614420,5100      146         
      0     0  1656069,5246   172                   Cuts: 116      252         
      0     0  1659594,8775   158                    Cuts: 72      294         
      0     0  1661624,7227   163                    Cuts: 16      317         
      0     0  1661724,2969   162                     Cuts: 7      327         
      0     0  1661991,0078   161                    Cuts: 11      336         
Detecting symmetries...
      0     0  1662002,6399   161                     Cuts: 4      340         
      0     0  1662034,8968   161                     Cuts: 3      343         
*     0+    0                      6556583,0000  1662034,8968            74,65%
*     0+    0                      1907892,4500  1662034,8968            12,89%
*     0+    0                      1907720,1000  1662034,8968            12,88%
*     0+    0                      1907260,5000  1669722,6807            12,45%
      0     0  -1,00000e+75     0  1907260,5000  1669722,6807      343   12,45%
Detecting symmetries...
      0     2  1662034,8968   161  1907260,5000  1669722,6807      343   12,45%
Elapsed time = 0,09 sec. (65,35 ticks, tree = 0,02 MB, solutions = 4)
*    21+    1                      1906214,5000  1684325,9561            11,64%
*    38+    9                      1902362,5000  1684325,9561            11,46%
*   229+   18                      1877468,5000  1698544,0141             9,53%
*  7613  3247      integral     0  1875668,5000  1806402,8096    28750    3,69%

Performing restart 1

Repeating presolve.
Tried aggregator 1 time.
MIP Presolve modified 355 coefficients.
Reduced MIP has 507 rows, 496 columns, and 1628 nonzeros.
Reduced MIP has 165 binaries, 191 generals, 0 SOSs, and 0 indicators.
Presolve time = 0,00 sec. (0,89 ticks)
Tried aggregator 1 time.
MIP Presolve modified 157 coefficients.
Reduced MIP has 507 rows, 496 columns, and 1628 nonzeros.
Reduced MIP has 165 binaries, 191 generals, 0 SOSs, and 0 indicators.
Presolve time = 0,00 sec. (1,19 ticks)
Represolve time = 0,00 sec. (4,52 ticks)
*  7661+    0                      1862734,5000  1811521,8096             2,75%
   7661     0  1688939,5546   177  1862734,5000     Cuts: 152    33030    2,75%
   7661     0  1709401,9782   168  1862734,5000     Cuts: 120    33119    2,75%
   7661     0  1713022,2286   160  1862734,5000      Cuts: 94    33180    2,75%
   7661     0  1742261,7305   154  1862734,5000      Cuts: 85    33246    2,75%
   7661     0  1749423,8319   147  1862734,5000      Cuts: 78    33326    2,75%
   7661     0  1760475,8211   173  1862734,5000      Cuts: 81    33406    2,75%
   7661     0  1770969,7157   183  1862734,5000      Cuts: 99    33504    2,75%
   7661     0  1780313,9735   171  1862734,5000      Cuts: 88    33585    2,75%
   7661     0  1788621,6099   130  1862734,5000      Cuts: 90    33647    2,75%
   7661     0  1790119,2521   139  1862734,5000      Cuts: 78    33684    2,75%
   7661     0  1791772,9161   137  1862734,5000      Cuts: 68    33724    2,75%
   7661     0  1792456,9046   143  1862734,5000      Cuts: 70    33765    2,75%
   7661     2  1792783,6457   134  1862734,5000  1811521,8096    33765    2,75%
*  7711     7      integral     0  1860264,5000  1811521,8096    34205    2,62%

Implied bound cuts applied:  11
Flow cuts applied:  21
Mixed integer rounding cuts applied:  122
Zero-half cuts applied:  17
Lift and project cuts applied:  1
Gomory fractional cuts applied:  41

Root node processing (before b&c):
  Real time             =    0,09 sec. (65,13 ticks)
Parallel b&c, 20 threads:
  Real time             =    0,47 sec. (385,62 ticks)
  Sync time (average)   =    0,09 sec.
  Wait time (average)   =    0,01 sec.
                          ------------
Total (root+branch&cut) =    0,56 sec. (450,75 ticks)

<<< solve


OBJECTIVE: 1860265
xxxx
#Result <fct_obj, tot_cst, tot_ldt, Emiss>: <1.8603e+6 1.86e+6 291 2.6994e+7>#TS:1859973.5#CS:1050140#TaxCost:809833.5#A:[0,31,22,21,15,12,18,11,16,13,9,10,5,8,6,10,10,8,8,7,10,7,7,8,7,8,4]#X:[0,1,0,0,0,0,0,0,0,0,0,0,0,0,0,0,0,0,0,0,0,0,0,0,1,0,0]#E: 26994450#Cap: 29102080#Tax: 0.03#DELIVER:
S5=>P13
S8=>P13
S10=>P13
S2=>P14
S3=>P14
S4=>P14
S5=>P14
S8=>P14
S10=>P14
S3=>P15
S4=>P15
S10=>P15
S3=>P16
S4=>P16
S10=>P16
S3=>P17
S4=>P17
S8=>P17
S10=>P17
S3=>P18
S4=>P18
S10=>P18
S3=>P19
S4=>P19
S8=>P19
S10=>P19
S3=>P20
S4=>P20
S10=>P20
S3=>P21
S4=>P21
S5=>P21
S8=>P21
S10=>P21
S10=>P22
S3=>P23
S4=>P23
S5=>P23
S8=>P23
S10=>P23
S10=>P24
S10=>P25
S3=>P26
S10=>P26
xxxx

<<< post process


<<< done


)
