Array
(
    [CplexRunTime] => Total (root+branch&cut) =    0,56 sec
    [Result] => Array
        (
            [Objective] => fct_obj.
            [ServiceCost] => tot_cst.
            [LateDeliveries] => tot_ldt.
            [Emissions] => Emiss
        )

    [TS] => 1859973.5
    [CS] => 1050140
    [TaxCost] => 809833.5
    [A] => Array
        (
            [0] => 0
            [1] => 31
            [2] => 22
            [3] => 21
            [4] => 15
            [5] => 12
            [6] => 18
            [7] => 11
            [8] => 16
            [9] => 13
            [10] => 9
            [11] => 10
            [12] => 5
            [13] => 8
            [14] => 6
            [15] => 10
            [16] => 10
            [17] => 8
            [18] => 8
            [19] => 7
            [20] => 10
            [21] => 7
            [22] => 7
            [23] => 8
            [24] => 7
            [25] => 8
            [26] => 4
        )

    [X] => Array
        (
            [0] => 0
            [1] => 1
            [2] => 0
            [3] => 0
            [4] => 0
            [5] => 0
            [6] => 0
            [7] => 0
            [8] => 0
            [9] => 0
            [10] => 0
            [11] => 0
            [12] => 0
            [13] => 0
            [14] => 0
            [15] => 0
            [16] => 0
            [17] => 0
            [18] => 0
            [19] => 0
            [20] => 0
            [21] => 0
            [22] => 0
            [23] => 0
            [24] => 1
            [25] => 0
            [26] => 0
        )

    [E] => 26994450
    [Cap] => 33259520
    [Tax] => 0.03
    [DELIVER] => Array
        (
            [0] => S3=>P13
            [1] => S4=>P13
            [2] => S8=>P13
            [3] => S10=>P13
            [4] => S8=>P14
            [5] => S3=>P15
            [6] => S10=>P15
            [7] => S10=>P16
            [8] => S8=>P17
            [9] => S10=>P18
            [10] => S8=>P19
            [11] => S10=>P20
            [12] => S8=>P21
            [13] => S10=>P21
            [14] => S10=>P22
            [15] => S8=>P23
            [16] => S10=>P24
            [17] => S4=>P25
            [18] => S10=>P25
            [19] => S10=>P26
        )

    [_raw_output] => 
<<< setup

0 0 -1 0 1 0,25 0,5 0,8 1 0 0 0 0 13
1 9 0 2500 1 0,25 0,5 0,8 1 0 7000 700 1500 13
2 4 1 900 1 0,25 0,5 0,8 1 0 3500 450 1500 13
3 8 1 890 1 0,25 0,5 0,8 1 0 5500 550 1500 13
4 5 1 910 1 0,25 0,5 0,8 1 0 2800 280 1500 13
5 2 1 860 2 0,25 0,5 0,8 1 0 2350 235 1500 13
6 8 2 880 3 0,25 0,5 0,8 1 0 2600 260 1500 13
7 3 2 800 2 0,25 0,5 0,8 1 0 2900 290 1500 13
8 6 2 780 1 0,25 0,5 0,8 1 0 1600 160 1500 13
9 5 3 790 2 0,25 0,5 0,8 1 0 1250 125 1500 13
10 9 3 750 3 0,25 0,5 0,8 1 0 1120 112 1500 13
11 2 4 690 2 0,25 0,5 0,8 1 0 1200 120 1500 13
12 1 4 660 3 0,25 0,5 0,8 1 0 1000 100 1500 13
13 3 5 600 8 0,25 0,5 0,5 1 0 1100 110 1500 13
14 1 5 640 6 0,25 0,5 0,5 1 0 1100 110 1500 13
15 9 5 700 2 0,25 0,5 0,5 1 0 1100 110 1500 13
16 9 6 660 9 0,25 0,5 0,5 1 0 2100 210 1500 13
17 3 6 580 6 0,25 0,5 0,5 1 0 2000 200 1500 13
18 7 7 550 2 0,25 0,5 0,5 1 0 2300 230 1500 13
19 2 8 570 1 0,25 0,5 0,5 1 0 1200 120 1500 13
20 9 8 600 2 0,25 0,5 0,5 1 0 1400 140 1500 13
21 2 9 540 6 0,25 0,5 0,5 1 0 1150 115 1500 13
22 6 9 510 4 0,25 0,5 0,5 1 0 1100 110 1500 13
23 3 9 590 4 0,25 0,5 0,5 1 0 1050 105 1500 13
24 6 10 400 3 0,25 0,5 0,5 1 0 950 95 1500 13
25 7 11 490 2 0,25 0,5 0,5 1 0 1000 100 1500 13
26 3 12 480 3 0,25 0,5 0,5 1 0 900 90 1500 13
Node nums: [0 1 2 3 4 5 6 7 8 9 10 11 12 13 14 15 16 17 18 19 20 21 22 23 24 25 26]
xx-Data uploaded-xx
	**** start init su array ...
0 [0 0 0 0 0 0 0 0 0 0]
1 [0 0 0 0 0 0 0 0 0 0]
2 [0 0 0 0 0 0 0 0 0 0]
3 [0 0 0 0 0 0 0 0 0 0]
4 [0 0 0 0 0 0 0 0 0 0]
5 [0 0 0 0 0 0 0 0 0 0]
6 [0 0 0 0 0 0 0 0 0 0]
7 [0 0 0 0 0 0 0 0 0 0]
8 [0 0 0 0 0 0 0 0 0 0]
9 [0 0 0 0 0 0 0 0 0 0]
10 [0 0 0 0 0 0 0 0 0 0]
11 [0 0 0 0 0 0 0 0 0 0]
12 [0 0 0 0 0 0 0 0 0 0]
13 [1 1 1 1 1 1 1 1 1 1]
14 [1 1 1 1 1 1 1 1 1 1]
15 [1 1 1 1 1 1 1 1 1 1]
16 [1 1 1 1 1 1 1 1 1 1]
17 [1 1 1 1 1 1 1 1 1 1]
18 [1 1 1 1 1 1 1 1 1 1]
19 [1 1 1 1 1 1 1 1 1 1]
20 [1 1 1 1 1 1 1 1 1 1]
21 [1 1 1 1 1 1 1 1 1 1]
22 [1 1 1 1 1 1 1 1 1 1]
23 [1 1 1 1 1 1 1 1 1 1]
24 [1 1 1 1 1 1 1 1 1 1]
25 [1 1 1 1 1 1 1 1 1 1]
26 [1 1 1 1 1 1 1 1 1 1]
	**** end init su array ...
1 2 1 700 80 0.85 0.92 0.8 (9)9
2 2 0.9 800 75 0.82 0.90 0.9 (9)9
3 1 1.1 680 90 0.88 0.95 0.5 (9)9
4 1 1 480 100 0.86 0.93 0.6 (9)9
5 5 0.6 550 40 0.72 0.78 1.5 (9)9
6 6 0.5 650 45 0.70 0.75 2.0 (9)9
7 7 0.5 1100 40 0.68 0.72 2.5 (9)9
8 5 0.3 700 30 0.65 0.70 1.8 (9)9
9 9 0.2 1700 15 0.60 0.65 3.5 (9)9
10 1 0.8 5800 40 0.80 0.88 0.7 (9)9

<<< generate

Version identifier: 20.1.0.0 | 2020-11-10 | 9bedb6d68
CPXPARAM_TimeLimit                               1800
Tried aggregator 2 times.
MIP Presolve eliminated 3813 rows and 263 columns.
MIP Presolve added 280 rows and 140 columns.
MIP Presolve modified 283 coefficients.
Aggregator did 2 substitutions.
Reduced MIP has 689 rows, 496 columns, and 1852 nonzeros.
Reduced MIP has 165 binaries, 191 generals, 0 SOSs, and 0 indicators.
Presolve time = 0,00 sec. (3,97 ticks)
Probing time = 0,00 sec. (0,14 ticks)
Cover probing fixed 0 vars, tightened 14 bounds.
Tried aggregator 1 time.
Detecting symmetries...
MIP Presolve eliminated 182 rows and 0 columns.
MIP Presolve modified 196 coefficients.
Reduced MIP has 507 rows, 496 columns, and 1628 nonzeros.
Reduced MIP has 165 binaries, 191 generals, 0 SOSs, and 0 indicators.
Presolve time = 0,00 sec. (1,24 ticks)
Classifier predicts products in MIQP should be linearized.
Probing time = 0,00 sec. (0,12 ticks)
MIP emphasis: balance optimality and feasibility.
MIP search method: dynamic search.
Parallel mode: deterministic, using up to 20 threads.
Root relaxation solution time = 0,00 sec. (1,39 ticks)

        Nodes                                         Cuts/
   Node  Left     Objective  IInf  Best Integer    Best Bound    ItCnt     Gap

      0     0  1614420,5100   147                1614420,5100      146         
      0     0  1656069,5246   172                   Cuts: 116      252         
      0     0  1659594,8775   158                    Cuts: 72      294         
      0     0  1661624,7227   163                    Cuts: 16      317         
      0     0  1661724,2969   162                     Cuts: 7      327         
      0     0  1661991,0078   161                    Cuts: 11      336         
Detecting symmetries...
      0     0  1662002,6399   161                     Cuts: 4      340         
      0     0  1662034,8968   161                     Cuts: 3      343         
*     0+    0                      6501745,5000  1662034,8968            74,44%
*     0+    0                      1928574,5000  1662034,8968            13,82%
*     0+    0                      1903364,5000  1662034,8968            12,68%
*     0+    0                      1902318,5000  1669723,6200            12,23%
      0     0  -1,00000e+75     0  1902318,5000  1669723,6200      343   12,23%
Detecting symmetries...
      0     2  1662034,8968   161  1902318,5000  1669723,6200      343   12,23%
Elapsed time = 0,09 sec. (66,66 ticks, tree = 0,02 MB, solutions = 4)
*    76+   21                      1883186,5000  1692152,5857            10,14%
*  3085+ 1085                      1879789,2500  1791206,1760             4,71%
*  3149+ 1085                      1877514,8500  1791206,1760             4,60%
*  4993+ 1856                      1867450,5000  1793930,9469             3,94%

Performing restart 1

Repeating presolve.
Tried aggregator 1 time.
MIP Presolve modified 355 coefficients.
Reduced MIP has 507 rows, 496 columns, and 1628 nonzeros.
Reduced MIP has 165 binaries, 191 generals, 0 SOSs, and 0 indicators.
Presolve time = 0,00 sec. (0,89 ticks)
Tried aggregator 1 time.
MIP Presolve modified 157 coefficients.
Reduced MIP has 507 rows, 496 columns, and 1628 nonzeros.
Reduced MIP has 165 binaries, 191 generals, 0 SOSs, and 0 indicators.
Presolve time = 0,00 sec. (1,19 ticks)
Represolve time = 0,00 sec. (4,43 ticks)
   7978     0  1691705,8033   168  1867450,5000     Cuts: 129    29436    3,31%
   7978     0  1706747,8291   180  1867450,5000     Cuts: 111    29523    3,31%
   7978     0  1712713,2324   177  1867450,5000     Cuts: 122    29616    3,31%
   7978     0  1722746,1112   143  1867450,5000     Cuts: 121    29670    3,31%
   7978     0  1737914,4697   157  1867450,5000      Cuts: 97    29732    3,31%
   7978     0  1742127,4652   158  1867450,5000      Cuts: 89    29776    3,31%
   7978     0  1743300,8344   177  1867450,5000      Cuts: 55    29824    3,31%
   7978     0  1745778,5131   130  1867450,5000      Cuts: 89    29860    3,31%
   7978     0  1749578,1994   122  1867450,5000      Cuts: 67    29924    3,31%
*  7978+    0                      1862734,5000  1805694,3935             3,06%
   7978     0  1750366,9180   136  1862734,5000      Cuts: 53    29965    3,06%
   7978     2  1750366,9180   136  1862734,5000  1805694,3935    29965    3,06%
*  8000+    5                      1860264,5000  1811831,8270             2,60%

Implied bound cuts applied:  4
Flow cuts applied:  17
Mixed integer rounding cuts applied:  62
Zero-half cuts applied:  5
Lift and project cuts applied:  1
Gomory fractional cuts applied:  46

Root node processing (before b&c):
  Real time             =    0,09 sec. (66,43 ticks)
Parallel b&c, 20 threads:
  Real time             =    0,45 sec. (356,40 ticks)
  Sync time (average)   =    0,11 sec.
  Wait time (average)   =    0,01 sec.
                          ------------
Total (root+branch&cut) =    0,55 sec. (422,83 ticks)

<<< solve


OBJECTIVE: 1860265
xxxx
#Result <fct_obj, tot_cst, tot_ldt, Emiss>: <1.8603e+6 1.86e+6 291 2.6994e+7>#TS:1859973.5#CS:1050140#TaxCost:809833.5#A:[0,31,22,21,15,12,18,11,16,13,9,10,5,8,6,10,10,8,8,7,10,7,7,8,7,8,4]#X:[0,1,0,0,0,0,0,0,0,0,0,0,0,0,0,0,0,0,0,0,0,0,0,0,1,0,0]#E: 26994450#Cap: 33259520#Tax: 0.03#DELIVER:
S3=>P13
S4=>P13
S8=>P13
S10=>P13
S8=>P14
S3=>P15
S10=>P15
S10=>P16
S8=>P17
S10=>P18
S8=>P19
S10=>P20
S8=>P21
S10=>P21
S10=>P22
S8=>P23
S10=>P24
S4=>P25
S10=>P25
S10=>P26
xxxx

<<< post process


<<< done


)
