Array
(
    [CplexRunTime] => Total (root+branch&cut) =    1,30 sec
    [Result] => Array
        (
            [Objective] => fct_obj.
            [ServiceCost] => tot_cst.
            [LateDeliveries] => tot_ldt.
            [Emissions] => Emiss
        )

    [TS] => 4988164.028
    [CS] => 2397440
    [TaxCost] => 2590724.028
    [A] => Array
        (
            [0] => 0
            [1] => 2
            [2] => 22
            [3] => 22
            [4] => 16
            [5] => 16
            [6] => 17
            [7] => 8
            [8] => 17
            [9] => 15
            [10] => 9
            [11] => 7
            [12] => 10
            [13] => 10
            [14] => 12
            [15] => 7
            [16] => 13
            [17] => 11
            [18] => 11
            [19] => 8
            [20] => 14
            [21] => 12
            [22] => 11
            [23] => 12
            [24] => 5
            [25] => 4
            [26] => 4
            [27] => 5
            [28] => 5
            [29] => 8
            [30] => 8
            [31] => 6
            [32] => 9
            [33] => 8
            [34] => 4
            [35] => 9
            [36] => 5
            [37] => 9
            [38] => 5
            [39] => 6
            [40] => 5
            [41] => 5
            [42] => 5
            [43] => 4
            [44] => 4
            [45] => 2
            [46] => 6
            [47] => 3
            [48] => 3
            [49] => 4
            [50] => 6
        )

    [X] => Array
        (
            [0] => 0
            [1] => 1
            [2] => 1
            [3] => 1
            [4] => 1
            [5] => 1
            [6] => 0
            [7] => 0
            [8] => 0
            [9] => 0
            [10] => 0
            [11] => 0
            [12] => 0
            [13] => 0
            [14] => 0
            [15] => 0
            [16] => 0
            [17] => 0
            [18] => 0
            [19] => 0
            [20] => 0
            [21] => 0
            [22] => 0
            [23] => 0
            [24] => 0
            [25] => 0
            [26] => 0
            [27] => 0
            [28] => 0
            [29] => 0
            [30] => 0
            [31] => 0
            [32] => 0
            [33] => 0
            [34] => 0
            [35] => 0
            [36] => 0
            [37] => 0
            [38] => 1
            [39] => 0
            [40] => 0
            [41] => 0
            [42] => 0
            [43] => 0
            [44] => 0
            [45] => 0
            [46] => 0
            [47] => 1
            [48] => 1
            [49] => 1
            [50] => 1
        )

    [E] => 86357467.6
    [Cap] => 155661327
    [Tax] => 0.03
    [DELIVER] => Array
        (
            [0] => S3=>P7
            [1] => S4=>P7
            [2] => S8=>P7
            [3] => S10=>P7
            [4] => S8=>P15
            [5] => S8=>P17
            [6] => S3=>P19
            [7] => S4=>P19
            [8] => S8=>P19
            [9] => S10=>P19
            [10] => S3=>P21
            [11] => S4=>P21
            [12] => S8=>P21
            [13] => S10=>P21
            [14] => S3=>P22
            [15] => S4=>P22
            [16] => S8=>P22
            [17] => S10=>P22
            [18] => S10=>P24
            [19] => S10=>P25
            [20] => S10=>P26
            [21] => S10=>P28
            [22] => S8=>P29
            [23] => S10=>P31
            [24] => S3=>P34
            [25] => S4=>P34
            [26] => S10=>P34
            [27] => S3=>P36
            [28] => S4=>P36
            [29] => S10=>P36
            [30] => S10=>P38
            [31] => S10=>P40
            [32] => S10=>P41
            [33] => S10=>P42
            [34] => S10=>P43
            [35] => S10=>P44
            [36] => S3=>P46
            [37] => S4=>P46
            [38] => S10=>P46
            [39] => S10=>P48
            [40] => S10=>P49
            [41] => S10=>P50
        )

    [_raw_output] => 
<<< setup

0 0 -1 0 1 0,25 0,5 0,8 1 0 0 0 0 13
1 2 0 5000 1 0,25 0,5 0,8 1 0 10000 1000 1500 13
2 5 1 900 1 0,25 0,5 0,8 1 0 9486 948,6 1500 13
3 7 1 890 1 0,25 0,5 0,8 1 0 8704 870,4 1500 13
4 6 1 910 1 0,25 0,5 0,8 1 0 8059 805,9 1500 13
5 4 1 860 2 0,25 0,5 0,8 1 0 7962 796,2 1500 13
6 4 2 880 3 0,25 0,5 0,8 1 0 7861 786,1 1500 13
7 3 2 800 2 0,25 0,5 0,8 1 0 7628 762,8 1500 13
8 3 2 780 1 0,25 0,5 0,8 1 0 7050 705 1500 13
9 3 3 790 2 0,25 0,5 0,8 1 0 6976 697,6 1500 13
10 4 3 750 3 0,25 0,5 0,8 1 0 6291 629,1 1500 13
11 3 4 690 2 0,25 0,5 0,8 1 0 6234 623,4 1500 13
12 5 4 660 3 0,25 0,5 0,8 1 0 6199 619,9 1500 13
13 5 5 600 8 0,25 0,5 0,5 1 0 6088 608,8 1500 13
14 4 5 640 6 0,25 0,5 0,5 1 0 5680 568 1500 13
15 2 5 700 2 0,25 0,5 0,5 1 0 5673 567,3 1500 13
16 4 6 660 9 0,25 0,5 0,5 1 0 5507 550,7 1500 13
17 6 6 580 6 0,25 0,5 0,5 1 0 5360 536 1500 13
18 3 67 550 2 0,25 0,5 0,5 1 0 5290 529 1500 13
19 3 8 570 1 0,25 0,5 0,5 1 0 5168 516,8 1500 13
20 5 8 600 2 0,25 0,5 0,5 1 0 4944 494,4 1500 13
21 7 9 540 6 0,25 0,5 0,5 1 0 4747 474,7 1500 13
22 6 9 510 4 0,25 0,5 0,5 1 0 4417 441,7 1500 13
23 3 9 590 4 0,25 0,5 0,5 1 0 4033 403,3 1500 13
24 4 10 400 3 0,25 0,5 0,5 1 0 3891 389,1 1500 13
25 3 11 490 2 0,25 0,5 0,5 1 0 3601 360,1 1500 13
26 3 12 480 3 0,25 0,5 0,5 1 0 3279 327,9 1500 13
27 5 12 520 6 0,25 0,5 0,5 1 0 3175 317,5 1500 13
28 4 13 400 16 0,25 0,5 0,5 1 0 2984 298,4 1500 13
29 3 14 480 6 0,25 0,5 0,5 1 0 2866 286,6 1500 13
30 2 14 490 18 0,25 0,5 0,5 1 0 2606 260,6 1500 13
31 5 16 460 9 0,25 0,5 0,5 1 0 2427 242,7 1500 13
32 4 16 500 9 0,25 0,5 0,5 1 0 2231 223,1 1500 13
33 3 18 470 6 0,25 0,5 0,5 1 0 2091 209,1 1500 13
34 3 18 300 4 0,25 0,5 0,5 1 0 1993 199,3 1500 13
35 5 20 380 4 0,25 0,5 0,5 1 0 1837 183,7 1500 13
36 4 23 330 8 0,25 0,5 0,5 1 0 1683 168,3 1500 13
37 3 23 340 12 0,25 0,5 0,5 1 0 1682 168,2 1500 13
38 4 27 350 6 0,25 0,5 0,5 1 0 1589 158,9 1500 13
39 6 30 360 18 0,25 0,5 0,5 1 0 1439 143,9 1500 13
40 4 30 310 54 0,25 0,5 0,5 1 0 1404 140,4 1500 13
41 4 32 330 18 0,25 0,5 0,5 1 0 1265 126,5 1500 13
42 4 33 290 12 0,25 0,5 0,5 1 0 1153 115,3 1500 13
43 3 33 270 12 0,25 0,5 0,5 1 0 1138 113,8 1500 13
44 3 35 260 8 0,25 0,5 0,5 1 0 1094 109,4 1500 13
45 2 37 270 12 0,25 0,5 0,5 1 0 997 99,7 1500 13
46 5 37 270 12 0,25 0,5 0,5 1 0 964 96,4 1500 13
47 3 39 100 54 0,25 0,5 0,5 1 0 917 91,7 1500 13
48 2 39 110 36 0,25 0,5 0,5 1 0 833 83,3 1500 13
49 3 45 50 48 0,25 0,5 0,5 1 0 753 75,3 1500 13
50 5 47 30 108 0,25 0,5 0,5 1 0 723 72,3 1500 13
Node nums: [0 1 2 3 4 5 6 7 8 9 10 11 12 13 14 15 16 17 18 19 20 21 22 23 24 25 26 27
     28 29 30 31 32 33 34 35 36 37 38 39 40 41 42 43 44 45 46 47 48 49 50]
xx-Data uploaded-xx
	**** start init su array ...
0 [0 0 0 0 0 0 0 0 0 0]
1 [0 0 0 0 0 0 0 0 0 0]
2 [0 0 0 0 0 0 0 0 0 0]
3 [0 0 0 0 0 0 0 0 0 0]
4 [0 0 0 0 0 0 0 0 0 0]
5 [0 0 0 0 0 0 0 0 0 0]
6 [0 0 0 0 0 0 0 0 0 0]
7 [1 1 1 1 1 1 1 1 1 1]
8 [0 0 0 0 0 0 0 0 0 0]
9 [0 0 0 0 0 0 0 0 0 0]
10 [0 0 0 0 0 0 0 0 0 0]
11 [0 0 0 0 0 0 0 0 0 0]
12 [0 0 0 0 0 0 0 0 0 0]
13 [0 0 0 0 0 0 0 0 0 0]
14 [0 0 0 0 0 0 0 0 0 0]
15 [1 1 1 1 1 1 1 1 1 1]
16 [0 0 0 0 0 0 0 0 0 0]
17 [1 1 1 1 1 1 1 1 1 1]
18 [0 0 0 0 0 0 0 0 0 0]
19 [1 1 1 1 1 1 1 1 1 1]
20 [0 0 0 0 0 0 0 0 0 0]
21 [1 1 1 1 1 1 1 1 1 1]
22 [1 1 1 1 1 1 1 1 1 1]
23 [0 0 0 0 0 0 0 0 0 0]
24 [1 1 1 1 1 1 1 1 1 1]
25 [1 1 1 1 1 1 1 1 1 1]
26 [1 1 1 1 1 1 1 1 1 1]
27 [0 0 0 0 0 0 0 0 0 0]
28 [1 1 1 1 1 1 1 1 1 1]
29 [1 1 1 1 1 1 1 1 1 1]
30 [0 0 0 0 0 0 0 0 0 0]
31 [1 1 1 1 1 1 1 1 1 1]
32 [0 0 0 0 0 0 0 0 0 0]
33 [0 0 0 0 0 0 0 0 0 0]
34 [1 1 1 1 1 1 1 1 1 1]
35 [1 1 1 1 1 1 1 1 1 1]
36 [1 1 1 1 1 1 1 1 1 1]
37 [0 0 0 0 0 0 0 0 0 0]
38 [1 1 1 1 1 1 1 1 1 1]
39 [0 0 0 0 0 0 0 0 0 0]
40 [1 1 1 1 1 1 1 1 1 1]
41 [1 1 1 1 1 1 1 1 1 1]
42 [1 1 1 1 1 1 1 1 1 1]
43 [1 1 1 1 1 1 1 1 1 1]
44 [1 1 1 1 1 1 1 1 1 1]
45 [0 0 0 0 0 0 0 0 0 0]
46 [1 1 1 1 1 1 1 1 1 1]
47 [0 0 0 0 0 0 0 0 0 0]
48 [1 1 1 1 1 1 1 1 1 1]
49 [1 1 1 1 1 1 1 1 1 1]
50 [1 1 1 1 1 1 1 1 1 1]
	**** end init su array ...
1 2 1 700 80 0.85 0.92 0.8 (9)9
2 2 0.9 800 75 0.82 0.90 0.9 (9)9
3 1 1.1 680 90 0.88 0.95 0.5 (9)9
4 1 1 480 100 0.86 0.93 0.6 (9)9
5 5 0.6 550 40 0.72 0.78 1.5 (9)9
6 6 0.5 650 45 0.70 0.75 2.0 (9)9
7 7 0.5 1100 40 0.68 0.72 2.5 (9)9
8 5 0.3 700 30 0.65 0.70 1.8 (9)9
9 9 0.2 1700 15 0.60 0.65 3.5 (9)9
10 1 0.8 5800 40 0.80 0.88 0.7 (9)9

<<< generate

Version identifier: 20.1.0.0 | 2020-11-10 | 9bedb6d68
CPXPARAM_TimeLimit                               1800
Tried aggregator 2 times.
MIP Presolve eliminated 13362 rows and 543 columns.
MIP Presolve added 480 rows and 240 columns.
MIP Presolve modified 454 coefficients.
Aggregator did 2 substitutions.
Reduced MIP has 1204 rows, 868 columns, and 3251 nonzeros.
Reduced MIP has 289 binaries, 339 generals, 0 SOSs, and 0 indicators.
Presolve time = 0,02 sec. (11,96 ticks)
Probing time = 0,00 sec. (0,24 ticks)
Cover probing fixed 0 vars, tightened 24 bounds.
Tried aggregator 1 time.
Detecting symmetries...
MIP Presolve eliminated 312 rows and 0 columns.
MIP Presolve modified 336 coefficients.
Reduced MIP has 892 rows, 868 columns, and 2867 nonzeros.
Reduced MIP has 289 binaries, 339 generals, 0 SOSs, and 0 indicators.
Presolve time = 0,00 sec. (2,11 ticks)
Classifier predicts products in MIQP should be linearized.
Probing time = 0,00 sec. (0,20 ticks)
MIP emphasis: balance optimality and feasibility.
MIP search method: dynamic search.
Parallel mode: deterministic, using up to 20 threads.
Root relaxation solution time = 0,02 sec. (2,95 ticks)

        Nodes                                         Cuts/
   Node  Left     Objective  IInf  Best Integer    Best Bound    ItCnt     Gap

      0     0  4518777,4099   259                4518777,4099      296         
      0     0  4656951,1237   247                   Cuts: 188      476         
      0     0  4696166,0272   250                   Cuts: 117      572         
      0     0  4715747,0511   244                    Cuts: 38      606         
      0     0  4721763,1401   257                    Cuts: 20      621         
      0     0  4726879,1103   248                    Cuts: 11      632         
Detecting symmetries...
      0     0  4728255,4078   257                    Cuts: 10      640         
      0     0  4728899,6460   255                     Cuts: 5      643         
      0     0  4730934,5141   248                     Cuts: 6      647         
      0     0  4731303,9185   259                    Cuts: 12      652         
      0     0  4731581,8408   258                     Cuts: 6      657         
*     0+    0                       1,80196e+07  4731581,8408            73,74%
*     0+    0                      5414940,4440  4731581,8408            12,62%
*     0+    0                      5414928,6440  4731581,8408            12,62%
*     0+    0                      5355528,6440  4768460,9059            10,96%
      0     0  -1,00000e+75     0  5355528,6440  4768460,9059      657   10,96%
Detecting symmetries...
      0     2  4731581,8408   256  5355528,6440  4768460,9059      657   10,96%
Elapsed time = 0,20 sec. (188,12 ticks, tree = 0,02 MB, solutions = 4)
*    10+    2                      5325796,0600  4768460,9059            10,46%
*    19+    5                      5303028,6440  4768460,9059            10,08%
*    24+    4                      5303028,6440  4768460,9059            10,08%
*    73+   10                      5255028,6440  4768460,9059             9,26%
*    78+   13                      5225296,0600  4768460,9059             8,74%
*   166+   23                      5138825,0600  4768460,9059             7,21%
*   235+   17                      5135503,7100  4768460,9059             7,15%
*   261+   17                      5117835,0600  4768460,9059             6,83%

Performing restart 1

Repeating presolve.
Tried aggregator 1 time.
MIP Presolve modified 444 coefficients.
Reduced MIP has 892 rows, 868 columns, and 2867 nonzeros.
Reduced MIP has 289 binaries, 339 generals, 0 SOSs, and 0 indicators.
Presolve time = 0,02 sec. (1,50 ticks)
Tried aggregator 1 time.
MIP Presolve modified 260 coefficients.
Reduced MIP has 892 rows, 868 columns, and 2867 nonzeros.
Reduced MIP has 289 binaries, 339 generals, 0 SOSs, and 0 indicators.
Presolve time = 0,00 sec. (2,04 ticks)
Represolve time = 0,02 sec. (6,93 ticks)
*  5316+    0                      4993329,0280  4811222,8118             3,65%
   5316     0  4824797,3389   205  4993329,0280     Cuts: 218    25903    3,38%
   5316     0  4861954,8769   204  4993329,0280     Cuts: 176    26010    2,63%
   5316     0  4889134,2558   200  4993329,0280     Cuts: 170    26119    2,09%
*  5316+    0                      4990973,0280  4889134,2558             2,04%
   5316     0  4910911,4921   212  4990973,0280     Cuts: 169    26234    1,60%
   5316     0  4922151,9612   228  4990973,0280     Cuts: 135    26324    1,38%
   5316     0  4930975,4191   178  4990973,0280     Cuts: 159    26396    1,20%
   5316     0  4936342,9587   144  4990973,0280     Cuts: 159    26458    1,09%
   5316     0  4939207,4425   147  4990973,0280      Cuts: 87    26510    1,04%
   5316     0  4941599,6475   138  4990973,0280     Cuts: 104    26577    0,99%
   5316     0  4944587,0284   133  4990973,0280      Cuts: 93    26636    0,93%
   5316     0  4946383,0693   120  4990973,0280      Cuts: 84    26681    0,89%
   5316     0  4947484,8599   129  4990973,0280      Cuts: 63    26717    0,87%
   5316     0  4948122,5783   124  4990973,0280      Cuts: 78    26758    0,86%
   5316     0  4948683,6976   124  4990973,0280      Cuts: 77    26797    0,85%
   5316     0  4950192,8551   141  4990973,0280      Cuts: 70    26862    0,82%
   5316     0  4951385,2969   140  4990973,0280     Cuts: 104    26923    0,79%
   5316     0  4952287,1594   144  4990973,0280      Cuts: 62    26957    0,78%
   5316     0  4953734,4878   138  4990973,0280      Cuts: 80    27007    0,75%
   5316     0  4954487,7835   139  4990973,0280      Cuts: 69    27049    0,73%
   5316     0  4954936,2666   138  4990973,0280      Cuts: 45    27078    0,72%
   5316     0  4955423,5402   139  4990973,0280      Cuts: 23    27106    0,71%
   5316     0  4955457,3466   140  4990973,0280      Cuts: 29    27121    0,71%
   5316     0  4955590,1922   137  4990973,0280      Cuts: 33    27137    0,71%
*  5316+    0                      4988593,0280  4955590,1922             0,66%
   5316     1  4955764,8747   137  4988593,0280  4961726,7780    27137    0,54%

Clique cuts applied:  3
Cover cuts applied:  1
Implied bound cuts applied:  58
Flow cuts applied:  34
Mixed integer rounding cuts applied:  175
Zero-half cuts applied:  11
Lift and project cuts applied:  29
Gomory fractional cuts applied:  39

Root node processing (before b&c):
  Real time             =    0,19 sec. (187,85 ticks)
Parallel b&c, 20 threads:
  Real time             =    1,27 sec. (814,90 ticks)
  Sync time (average)   =    0,33 sec.
  Wait time (average)   =    0,00 sec.
                          ------------
Total (root+branch&cut) =    1,45 sec. (1002,75 ticks)

<<< solve


OBJECTIVE: 4988593
xxxx
#Result <fct_obj, tot_cst, tot_ldt, Emiss>: <4.9886e+6 4.9882e+6 429 8.6357e+7>#TS:4988164.028#CS:2397440#TaxCost:2590724.028#A:[0,2,22,22,16,16,17,8,17,15,9,7,10,10,12,7,13,11,11,8,14,12,11,12,5,4,4,5,5,8,8,6,9,8,4,9,5,9,5,6,5,5,5,4,4,2,6,3,3,4,6]#X:[0,1,1,1,1,1,0,0,0,0,0,0,0,0,0,0,0,0,0,0,0,0,0,0,0,0,0,0,0,0,0,0,0,0,0,0,0,0,1,0,0,0,0,0,0,0,0,1,1,1,1]#E: 86357467.599999994#Cap: 155661327#Tax: 0.03#DELIVER:
S3=>P7
S4=>P7
S8=>P7
S10=>P7
S8=>P15
S8=>P17
S3=>P19
S4=>P19
S8=>P19
S10=>P19
S3=>P21
S4=>P21
S8=>P21
S10=>P21
S3=>P22
S4=>P22
S8=>P22
S10=>P22
S10=>P24
S10=>P25
S10=>P26
S10=>P28
S8=>P29
S10=>P31
S3=>P34
S4=>P34
S10=>P34
S3=>P36
S4=>P36
S10=>P36
S10=>P38
S10=>P40
S10=>P41
S10=>P42
S10=>P43
S10=>P44
S3=>P46
S4=>P46
S10=>P46
S10=>P48
S10=>P49
S10=>P50
xxxx

<<< post process


<<< done


)
