Array
(
    [CplexRunTime] => Total (root+branch&cut) =    0,17 sec
    [Result] => Array
        (
            [Objective] => fct_obj.
            [ServiceCost] => tot_cst.
            [LateDeliveries] => tot_ldt.
            [Emissions] => Emiss
        )

    [TS] => 2417975
    [A] => Array
        (
            [0] => 0
            [1] => 2
            [2] => 27
            [3] => 43
            [4] => 21
            [5] => 46
            [6] => 22
            [7] => 22
            [8] => 21
            [9] => 36
            [10] => 17
            [11] => 15
            [12] => 15
            [13] => 18
            [14] => 42
            [15] => 11
            [16] => 18
            [17] => 15
            [18] => 19
            [19] => 12
            [20] => 18
            [21] => 16
            [22] => 15
            [23] => 33
            [24] => 13
            [25] => 12
            [26] => 8
            [27] => 10
            [28] => 13
            [29] => 12
            [30] => 38
            [31] => 14
            [32] => 13
            [33] => 16
            [34] => 12
            [35] => 13
            [36] => 13
            [37] => 30
            [38] => 5
            [39] => 36
            [40] => 13
            [41] => 9
            [42] => 13
            [43] => 12
            [44] => 8
            [45] => 27
            [46] => 14
            [47] => 30
            [48] => 24
            [49] => 25
            [50] => 27
            [51] => 22
            [52] => 22
            [53] => 22
            [54] => 18
            [55] => 19
            [56] => 16
            [57] => 16
            [58] => 15
            [59] => 11
            [60] => 13
        )

    [X] => Array
        (
            [0] => 0
            [1] => 1
            [2] => 1
            [3] => 1
            [4] => 1
            [5] => 1
            [6] => 0
            [7] => 0
            [8] => 0
            [9] => 0
            [10] => 0
            [11] => 0
            [12] => 0
            [13] => 0
            [14] => 0
            [15] => 0
            [16] => 0
            [17] => 0
            [18] => 0
            [19] => 0
            [20] => 0
            [21] => 0
            [22] => 0
            [23] => 0
            [24] => 0
            [25] => 0
            [26] => 0
            [27] => 0
            [28] => 0
            [29] => 0
            [30] => 0
            [31] => 0
            [32] => 0
            [33] => 0
            [34] => 0
            [35] => 0
            [36] => 0
            [37] => 0
            [38] => 0
            [39] => 0
            [40] => 0
            [41] => 0
            [42] => 0
            [43] => 0
            [44] => 0
            [45] => 0
            [46] => 0
            [47] => 0
            [48] => 0
            [49] => 0
            [50] => 0
            [51] => 0
            [52] => 0
            [53] => 0
            [54] => 0
            [55] => 0
            [56] => 0
            [57] => 0
            [58] => 0
            [59] => 0
            [60] => 0
        )

    [E] => 1787786670
    [DELIVER] => Array
        (
            [0] => S9=>P15
            [1] => S9=>P17
            [2] => S9=>P19
            [3] => S9=>P21
            [4] => S9=>P22
            [5] => S9=>P24
            [6] => S9=>P25
            [7] => S8=>P26
            [8] => S9=>P28
            [9] => S9=>P29
            [10] => S8=>P31
            [11] => S9=>P31
            [12] => S9=>P34
            [13] => S9=>P36
            [14] => S10=>P38
            [15] => S9=>P40
            [16] => S8=>P41
            [17] => S8=>P42
            [18] => S9=>P42
            [19] => S8=>P43
            [20] => S9=>P43
            [21] => S8=>P44
            [22] => S9=>P46
            [23] => S5=>P58
            [24] => S6=>P58
            [25] => S7=>P58
            [26] => S8=>P58
            [27] => S9=>P58
            [28] => S10=>P58
            [29] => S1=>P59
            [30] => S2=>P59
            [31] => S3=>P59
            [32] => S4=>P59
            [33] => S5=>P59
            [34] => S6=>P59
            [35] => S7=>P59
            [36] => S8=>P59
            [37] => S9=>P59
            [38] => S10=>P59
            [39] => S2=>P60
            [40] => S4=>P60
            [41] => S5=>P60
            [42] => S6=>P60
            [43] => S7=>P60
            [44] => S8=>P60
            [45] => S9=>P60
            [46] => S10=>P60
        )

    [_raw_output] => 
<<< setup

0 0 -1 0 1 0,25 0,5 0,8 1 0 0 0 0 13
1 2 0 6000 1 0,25 0,5 0,8 1 0 12000 1200 1500 13
2 5 1 920 1 0,25 0,5 0,8 1 0 9600 960 1500 13
3 7 1 910 1 0,25 0,5 0,8 1 0 8900 890 1500 13
4 6 1 930 1 0,25 0,5 0,8 1 0 8300 830 1500 13
5 4 1 880 2 0,25 0,5 0,8 1 0 8200 820 1500 13
6 4 2 900 3 0,25 0,5 0,8 1 0 8100 810 1500 13
7 3 2 820 2 0,25 0,5 0,8 1 0 7900 790 1500 13
8 3 2 800 1 0,25 0,5 0,8 1 0 7300 730 1500 13
9 3 3 810 2 0,25 0,5 0,8 1 0 7200 720 1500 13
10 4 3 770 3 0,25 0,5 0,8 1 0 6500 650 1500 13
11 3 4 710 2 0,25 0,5 0,8 1 0 6450 645 1500 13
12 5 4 680 3 0,25 0,5 0,8 1 0 6400 640 1500 13
13 5 5 620 8 0,25 0,5 0,5 1 0 6300 630 1500 13
14 4 5 660 6 0,25 0,5 0,5 1 0 5900 590 1500 13
15 2 5 720 2 0,25 0,5 0,5 1 0 5890 589 1500 13
16 4 6 680 9 0,25 0,5 0,5 1 0 5720 572 1500 13
17 6 6 600 6 0,25 0,5 0,5 1 0 5580 558 1500 13
18 3 7 570 2 0,25 0,5 0,5 1 0 5500 550 1500 13
19 3 8 590 1 0,25 0,5 0,5 1 0 5380 538 1500 13
20 5 8 620 2 0,25 0,5 0,5 1 0 5160 516 1500 13
21 7 9 560 6 0,25 0,5 0,5 1 0 4960 496 1500 13
22 6 9 530 4 0,25 0,5 0,5 1 0 4630 463 1500 13
23 3 9 610 4 0,25 0,5 0,5 1 0 4250 425 1500 13
24 4 10 420 3 0,25 0,5 0,5 1 0 4110 411 1500 13
25 3 11 510 2 0,25 0,5 0,5 1 0 3820 382 1500 13
26 3 12 500 3 0,25 0,5 0,5 1 0 3500 350 1500 13
27 5 12 540 6 0,25 0,5 0,5 1 0 3390 339 1500 13
28 4 13 420 16 0,25 0,5 0,5 1 0 3200 320 1500 13
29 3 14 500 6 0,25 0,5 0,5 1 0 3080 308 1500 13
30 2 14 510 18 0,25 0,5 0,5 1 0 2820 282 1500 13
31 5 16 490 9 0,25 0,5 0,5 1 0 2640 264 1500 13
32 4 16 530 9 0,25 0,5 0,5 1 0 2450 245 1500 13
33 3 18 500 6 0,25 0,5 0,5 1 0 2310 231 1500 13
34 3 18 330 4 0,25 0,5 0,5 1 0 2210 221 1500 13
35 5 20 410 4 0,25 0,5 0,5 1 0 2060 206 1500 13
36 4 23 360 8 0,25 0,5 0,5 1 0 1900 190 1500 13
37 3 23 370 12 0,25 0,5 0,5 1 0 1900 190 1500 13
38 4 27 380 6 0,25 0,5 0,5 1 0 1810 181 1500 13
39 6 30 390 18 0,25 0,5 0,5 1 0 1660 166 1500 13
40 4 30 340 54 0,25 0,5 0,5 1 0 1620 162 1500 13
41 4 32 360 18 0,25 0,5 0,5 1 0 1480 148 1500 13
42 4 33 330 12 0,25 0,5 0,5 1 0 1370 137 1500 13
43 3 33 310 12 0,25 0,5 0,5 1 0 1350 135 1500 13
44 3 35 300 8 0,25 0,5 0,5 1 0 1300 130 1500 13
45 2 37 310 12 0,25 0,5 0,5 1 0 1200 120 1500 13
46 5 37 310 12 0,25 0,5 0,5 1 0 1170 117 1500 13
47 3 39 130 54 0,25 0,5 0,5 1 0 1120 112 1500 13
48 2 39 140 36 0,25 0,5 0,5 1 0 1020 102 1500 13
49 3 45 80 48 0,25 0,5 0,5 1 0 920 92 1500 13
50 5 47 50 108 0,25 0,5 0,5 1 0 890 89 1500 13
51 4 48 60 72 0,25 0,5 0,5 1 0 850 85 1500 13
52 3 49 70 96 0,25 0,5 0,5 1 0 800 80 1500 13
53 6 50 40 216 0,25 0,5 0,5 1 0 750 75 1500 13
54 2 51 55 144 0,25 0,5 0,5 1 0 720 72 1500 13
55 4 52 65 192 0,25 0,5 0,5 1 0 680 68 1500 13
56 5 53 35 432 0,25 0,5 0,5 1 0 650 65 1500 13
57 3 54 45 288 0,25 0,5 0,5 1 0 620 62 1500 13
58 6 55 50 384 0,25 0,5 0,5 1 0 590 59 1500 13
59 2 56 30 658 0,25 0,5 0,5 1 0 560 56 1500 13
60 4 57 25 576 0,25 0,5 0,5 1 0 530 53 1500 13
Node nums: [0 1 2 3 4 5 6 7 8 9 10 11 12 13 14 15 16 17 18 19 20 21 22 23 24 25 26 27
     28 29 30 31 32 33 34 35 36 37 38 39 40 41 42 43 44 45 46 47 48 49 50 51
     52 53 54 55 56 57 58 59 60]
xx-Data uploaded-xx
	**** start init su array ...
0 [0 0 0 0 0 0 0 0 0 0]
1 [0 0 0 0 0 0 0 0 0 0]
2 [0 0 0 0 0 0 0 0 0 0]
3 [0 0 0 0 0 0 0 0 0 0]
4 [0 0 0 0 0 0 0 0 0 0]
5 [0 0 0 0 0 0 0 0 0 0]
6 [0 0 0 0 0 0 0 0 0 0]
7 [0 0 0 0 0 0 0 0 0 0]
8 [0 0 0 0 0 0 0 0 0 0]
9 [0 0 0 0 0 0 0 0 0 0]
10 [0 0 0 0 0 0 0 0 0 0]
11 [0 0 0 0 0 0 0 0 0 0]
12 [0 0 0 0 0 0 0 0 0 0]
13 [0 0 0 0 0 0 0 0 0 0]
14 [0 0 0 0 0 0 0 0 0 0]
15 [1 1 1 1 1 1 1 1 1 1]
16 [0 0 0 0 0 0 0 0 0 0]
17 [1 1 1 1 1 1 1 1 1 1]
18 [0 0 0 0 0 0 0 0 0 0]
19 [1 1 1 1 1 1 1 1 1 1]
20 [0 0 0 0 0 0 0 0 0 0]
21 [1 1 1 1 1 1 1 1 1 1]
22 [1 1 1 1 1 1 1 1 1 1]
23 [0 0 0 0 0 0 0 0 0 0]
24 [1 1 1 1 1 1 1 1 1 1]
25 [1 1 1 1 1 1 1 1 1 1]
26 [1 1 1 1 1 1 1 1 1 1]
27 [0 0 0 0 0 0 0 0 0 0]
28 [1 1 1 1 1 1 1 1 1 1]
29 [1 1 1 1 1 1 1 1 1 1]
30 [0 0 0 0 0 0 0 0 0 0]
31 [1 1 1 1 1 1 1 1 1 1]
32 [0 0 0 0 0 0 0 0 0 0]
33 [0 0 0 0 0 0 0 0 0 0]
34 [1 1 1 1 1 1 1 1 1 1]
35 [1 1 1 1 1 1 1 1 1 1]
36 [1 1 1 1 1 1 1 1 1 1]
37 [0 0 0 0 0 0 0 0 0 0]
38 [1 1 1 1 1 1 1 1 1 1]
39 [0 0 0 0 0 0 0 0 0 0]
40 [1 1 1 1 1 1 1 1 1 1]
41 [1 1 1 1 1 1 1 1 1 1]
42 [1 1 1 1 1 1 1 1 1 1]
43 [1 1 1 1 1 1 1 1 1 1]
44 [1 1 1 1 1 1 1 1 1 1]
45 [0 0 0 0 0 0 0 0 0 0]
46 [1 1 1 1 1 1 1 1 1 1]
47 [0 0 0 0 0 0 0 0 0 0]
48 [1 1 1 1 1 1 1 1 1 1]
49 [1 1 1 1 1 1 1 1 1 1]
50 [1 1 1 1 1 1 1 1 1 1]
51 [1 1 1 1 1 1 1 1 1 1]
52 [1 1 1 1 1 1 1 1 1 1]
53 [1 1 1 1 1 1 1 1 1 1]
54 [1 1 1 1 1 1 1 1 1 1]
55 [1 1 1 1 1 1 1 1 1 1]
56 [1 1 1 1 1 1 1 1 1 1]
57 [1 1 1 1 1 1 1 1 1 1]
58 [1 1 1 1 1 1 1 1 1 1]
59 [1 1 1 1 1 1 1 1 1 1]
60 [1 1 1 1 1 1 1 1 1 1]
	**** end init su array ...
1 2 1 700 80 0.85 0.92 0.8 (9)9
2 2 0.9 800 75 0.82 0.90 0.9 (9)9
3 1 1.1 680 90 0.88 0.95 0.5 (9)9
4 1 1 480 100 0.86 0.93 0.6 (9)9
5 5 0.6 550 40 0.72 0.78 1.5 (9)9
6 6 0.5 650 45 0.70 0.75 2.0 (9)9
7 7 0.5 1100 40 0.68 0.72 2.5 (9)9
8 5 0.3 700 30 0.65 0.70 1.8 (9)9
9 9 0.2 1700 15 0.60 0.65 3.5 (9)9
10 1 0.8 5800 40 0.80 0.88 0.7 (9)9

<<< generate

Version identifier: 20.1.0.0 | 2020-11-10 | 9bedb6d68
CPXPARAM_TimeLimit                               1800
Tried aggregator 2 times.
MIP Presolve eliminated 19193 rows and 786 columns.
MIP Presolve added 434 rows and 217 columns.
MIP Presolve modified 224 coefficients.
Aggregator did 2 substitutions.
Reduced MIP has 1136 rows, 832 columns, and 2726 nonzeros.
Reduced MIP has 276 binaries, 339 generals, 0 SOSs, and 0 indicators.
Presolve time = 0,00 sec. (14,09 ticks)
Found incumbent of value 5,9530485e+09 after 0,02 sec. (18,69 ticks)
Probing time = 0,00 sec. (0,22 ticks)
Cover probing fixed 0 vars, tightened 21 bounds.
Tried aggregator 1 time.
Detecting symmetries...
MIP Presolve eliminated 279 rows and 0 columns.
MIP Presolve modified 290 coefficients.
Reduced MIP has 857 rows, 832 columns, and 2385 nonzeros.
Reduced MIP has 276 binaries, 339 generals, 0 SOSs, and 0 indicators.
Presolve time = 0,00 sec. (1,81 ticks)
Classifier predicts products in MIQP should be linearized.
Probing time = 0,00 sec. (0,18 ticks)
Clique table members: 6.
MIP emphasis: balance optimality and feasibility.
MIP search method: dynamic search.
Parallel mode: deterministic, using up to 20 threads.
Root relaxation solution time = 0,00 sec. (2,18 ticks)

        Nodes                                         Cuts/
   Node  Left     Objective  IInf  Best Integer    Best Bound    ItCnt     Gap

*     0+    0                       5,95305e+09   463865,0000            99,99%
*     0+    0                       3,57309e+09   463865,0000            99,99%
*     0+    0                       3,11413e+09   463865,0000            99,99%
      0     0  2390332,4042    47   3,11413e+09  2390332,4042      128   99,92%
      0     0  2396973,3077    26   3,11413e+09      Cuts: 24      143   99,92%
      0     0  2399912,8182    29   3,11413e+09      Cuts: 14      150   99,92%
      0     0  2399921,0000    24   3,11413e+09   Impl Bds: 1      151   99,92%
*     0+    0                      2448943,0000  2399921,0000             2,00%
*     0+    0                      2419113,0000  2399921,0000             0,79%
      0     0        cutoff        2419113,0000  2419113,0000      151    0,00%
Elapsed time = 0,11 sec. (40,31 ticks, tree = 0,01 MB, solutions = 5)

Implied bound cuts applied:  14
Zero-half cuts applied:  1
Lift and project cuts applied:  3

Root node processing (before b&c):
  Real time             =    0,11 sec. (40,40 ticks)
Parallel b&c, 20 threads:
  Real time             =    0,00 sec. (0,00 ticks)
  Sync time (average)   =    0,00 sec.
  Wait time (average)   =    0,00 sec.
                          ------------
Total (root+branch&cut) =    0,11 sec. (40,40 ticks)

<<< solve


OBJECTIVE: 2419113
xxxx
#Result <fct_obj, tot_cst, tot_ldt, Emiss>: <2.4191e+6 2.418e+6 1138 1.7878e+9>#TS:2417975#A:[0,2,27,43,21,46,22,22,21,36,17,15,15,18,42,11,18,15,19,12,18,16,15,33,13,12,8,10,13,12,38,14,13,16,12,13,13,30,5,36,13,9,13,12,8,27,14,30,24,25,27,22,22,22,18,19,16,16,15,11,13]#X:[0,1,1,1,1,1,0,0,0,0,0,0,0,0,0,0,0,0,0,0,0,0,0,0,0,0,0,0,0,0,0,0,0,0,0,0,0,0,0,0,0,0,0,0,0,0,0,0,0,0,0,0,0,0,0,0,0,0,0,0,0]#E: 1787786670#DELIVER:
S9=>P15
S9=>P17
S9=>P19
S9=>P21
S9=>P22
S9=>P24
S9=>P25
S8=>P26
S9=>P28
S9=>P29
S8=>P31
S9=>P31
S9=>P34
S9=>P36
S10=>P38
S9=>P40
S8=>P41
S8=>P42
S9=>P42
S8=>P43
S9=>P43
S8=>P44
S9=>P46
S5=>P58
S6=>P58
S7=>P58
S8=>P58
S9=>P58
S10=>P58
S1=>P59
S2=>P59
S3=>P59
S4=>P59
S5=>P59
S6=>P59
S7=>P59
S8=>P59
S9=>P59
S10=>P59
S2=>P60
S4=>P60
S5=>P60
S6=>P60
S7=>P60
S8=>P60
S9=>P60
S10=>P60
xxxx

<<< post process


<<< done


)
