Array
(
    [CplexRunTime] => Total (root+branch&cut) =    0,31 sec
    [Result] => Array
        (
            [Objective] => fct_obj.
            [ServiceCost] => tot_cst.
            [LateDeliveries] => tot_ldt.
            [Emissions] => Emiss
        )

    [TS] => 63273
    [A] => Array
        (
            [0] => 0
            [1] => 2
            [2] => 16
            [3] => 9
            [4] => 12
            [5] => 6
            [6] => 10
            [7] => 6
            [8] => 7
            [9] => 5
        )

    [X] => Array
        (
            [0] => 0
            [1] => 1
            [2] => 1
            [3] => 1
            [4] => 0
            [5] => 0
            [6] => 0
            [7] => 0
            [8] => 0
            [9] => 1
        )

    [E] => 9949345
    [DELIVER] => Array
        (
            [0] => S5=>P6
            [1] => S6=>P6
            [2] => S8=>P6
            [3] => S10=>P6
            [4] => S4=>P7
            [5] => S10=>P7
            [6] => S4=>P8
            [7] => S10=>P8
            [8] => S4=>P9
        )

    [_raw_output] => 
<<< setup

0 0 -1 0 0 0.25 0.5 0.8 1 0 0 0 0  14
1 2 0 800 1 0.25 0.5 0.8 1 0 8000 800 1500  14
2 4 1 190 1 0.25 0.5 0.8 1 0 6000 600 1500  14
3 3 1 125 2 0.25 0.5 0.8 1 0 4200 420 1500  14
4 5 2 35 6 0.25 0.5 0.8 1 0 3600 360 1500  14
5 6 3 45 2 0.25 0.5 0.8 1 0 3200 320 1500  14
6 4 2 27 4 0.25 0.5 0.8 1 0 3100 310 1500  14
7 5 3 32 3 0.25 0.5 0.8 1 0 2900 290 1500  14
8 6 4 20 5 0.25 0.5 0.8 1 0 2600 260 1500  14
9 4 5 18 2 0.25 0.5 0.8 1 0 2400 240 1500  14
Node nums: [0 1 2 3 4 5 6 7 8 9]
xx-Data uploaded-xx
	**** start init su array ...
0 [0 0 0 0 0 0 0 0 0 0]
1 [0 0 0 0 0 0 0 0 0 0]
2 [1 1 1 1 1 1 1 1 1 1]
3 [0 0 0 0 0 0 0 0 0 0]
4 [1 1 1 1 1 1 1 1 1 1]
5 [1 1 1 1 1 1 1 1 1 1]
6 [1 1 1 1 1 1 1 1 1 1]
7 [1 1 1 1 1 1 1 1 1 1]
8 [1 1 1 1 1 1 1 1 1 1]
9 [1 1 1 1 1 1 1 1 1 1]
	**** end init su array ...
1 2 1 100 80 0.85 0.92 0.8 (9)9
2 2 0.9 60 75 0.82 0.90 0.9 (9)9
3 1 1.1 80 90 0.88 0.95 0.5 (9)9
4 1 1 80 100 0.86 0.93 0.6 (9)9
5 5 0.6 50 40 0.72 0.78 1.5 (9)9
6 6 0.5 60 45 0.70 0.75 2.0 (9)9
7 7 0.5 80 40 0.68 0.72 2.5 (9)9
8 5 0.3 25 30 0.65 0.70 1.8 (9)9
9 9 0.2 250 15 0.60 0.65 3.5 (9)9
10 1 0.8 30 40 0.80 0.88 0.7 (9)9

<<< generate

Version identifier: 20.1.0.0 | 2020-11-10 | 9bedb6d68
CPXPARAM_TimeLimit                               1800
Tried aggregator 2 times.
MIP Presolve eliminated 599 rows and 123 columns.
MIP Presolve added 80 rows and 40 columns.
MIP Presolve modified 19 coefficients.
Aggregator did 2 substitutions.
Reduced MIP has 200 rows, 145 columns, and 480 nonzeros.
Reduced MIP has 48 binaries, 57 generals, 0 SOSs, and 0 indicators.
Presolve time = 0,00 sec. (0,73 ticks)
Found incumbent of value 3,3823800e+07 after 0,02 sec. (1,27 ticks)
Probing time = 0,00 sec. (0,04 ticks)
Cover probing fixed 0 vars, tightened 4 bounds.
Tried aggregator 1 time.
Detecting symmetries...
MIP Presolve eliminated 52 rows and 0 columns.
MIP Presolve modified 56 coefficients.
Reduced MIP has 148 rows, 145 columns, and 416 nonzeros.
Reduced MIP has 48 binaries, 57 generals, 0 SOSs, and 0 indicators.
Presolve time = 0,00 sec. (0,32 ticks)
Classifier predicts products in MIQP should be linearized.
Probing time = 0,00 sec. (0,03 ticks)
MIP emphasis: balance optimality and feasibility.
MIP search method: dynamic search.
Parallel mode: deterministic, using up to 20 threads.
Root relaxation solution time = 0,00 sec. (0,56 ticks)

        Nodes                                         Cuts/
   Node  Left     Objective  IInf  Best Integer    Best Bound    ItCnt     Gap

*     0+    0                       3,38238e+07    12843,0000            99,96%
*     0+    0                       1,76585e+07    12843,0000            99,93%
*     0+    0                       1,13496e+07    12843,0000            99,89%
*     0+    0                      6348998,1000    12843,0000            99,80%
*     0+    0                       128774,1000    12843,0000            90,03%
*     0+    0                       128644,2000    12843,0000            90,02%
*     0+    0                       128514,3000    12843,0000            90,01%
      0     0    54513,8833    53   128514,3000    54513,8833       71   57,58%
      0     0    54883,3647    31   128514,3000      Cuts: 42      108   57,29%
*     0+    0                        90471,0000    54883,3647            39,34%
      0     0    55098,2350    49    90471,0000      Cuts: 19      126   39,10%
      0     0    55254,6635    56    90471,0000      Cuts: 20      147   38,93%
      0     0    55334,0635    59    90471,0000      Cuts: 10      153   38,84%
      0     0    55362,1490    53    90471,0000       Cuts: 5      160   38,81%
Detecting symmetries...
      0     0    55414,1571    57    90471,0000       Cuts: 9      165   38,75%
      0     0    55445,6706    58    90471,0000       Cuts: 5      169   38,71%
      0     0    55447,9207    57    90471,0000   ZeroHalf: 1      171   38,71%
      0     0    55454,2424    53    90471,0000   ZeroHalf: 1      174   38,70%
      0     0    55477,1681    54    90471,0000       Cuts: 4      180   38,68%
      0     0    55477,5593    54    90471,0000       Cuts: 3      182   38,68%
*     0+    0                        73789,4000    55477,5593            24,82%
*     0+    0                        63347,0000    55477,5593            12,42%
Detecting symmetries...
      0     2    55477,5593    54    63347,0000    55477,5593      182   12,42%
Elapsed time = 0,08 sec. (14,43 ticks, tree = 0,02 MB, solutions = 10)
*    69+   12                        63346,0000    55484,3740            12,41%
*    82+   14                        63346,0000    55755,1086            11,98%

Cover cuts applied:  4
Implied bound cuts applied:  62
Flow cuts applied:  5
Mixed integer rounding cuts applied:  18
Zero-half cuts applied:  6
Lift and project cuts applied:  3
Gomory fractional cuts applied:  8

Root node processing (before b&c):
  Real time             =    0,06 sec. (14,35 ticks)
Parallel b&c, 20 threads:
  Real time             =    0,19 sec. (13,71 ticks)
  Sync time (average)   =    0,15 sec.
  Wait time (average)   =    0,00 sec.
                          ------------
Total (root+branch&cut) =    0,25 sec. (28,06 ticks)

<<< solve


OBJECTIVE: 63346
xxxx
#Result <fct_obj, tot_cst, tot_ldt, Emiss>: <63346 63273 73 9.9493e+6>#TS:63273#A:[0,2,16,9,12,6,10,6,7,5]#X:[0,1,1,1,0,0,0,0,0,1]#E: 9949345#DELIVER:
S5=>P6
S6=>P6
S8=>P6
S10=>P6
S4=>P7
S10=>P7
S4=>P8
S10=>P8
S4=>P9
xxxx

<<< post process


<<< done


)
