Array
(
    [CplexRunTime] => Total (root+branch&cut) =    0,20 sec
    [Result] => Array
        (
            [Objective] => fct_obj.
            [ServiceCost] => tot_cst.
            [LateDeliveries] => tot_ldt.
            [Emissions] => Emiss
        )

    [TS] => 42620
    [A] => Array
        (
            [0] => 0
            [1] => 2
            [2] => 10
            [3] => 3
            [4] => 6
            [5] => 7
        )

    [X] => Array
        (
            [0] => 0
            [1] => 1
            [2] => 1
            [3] => 1
            [4] => 0
            [5] => 1
        )

    [E] => 2681960
    [DELIVER] => Array
        (
            [0] => S3=>P4
            [1] => S4=>P4
            [2] => S10=>P4
            [3] => S4=>P5
        )

    [_raw_output] => 
<<< setup

0 0 -1 0 0 0.25 0.5 0.8 1 0 0 0 0  14
1 2 0 720 1 0.25 0.5 0.8 1 0 7200 720 1500  14
2 4 1 170 1 0.25 0.5 0.8 1 0 5200 520 1500  14
3 3 1 105 2 0.25 0.5 0.8 1 0 3700 370 1500  14
4 5 2 28 6 0.25 0.5 0.8 1 0 3200 320 1500  14
5 6 3 35 2 0.25 0.5 0.8 1 0 2800 280 1500  14
Node nums: [0 1 2 3 4 5]
xx-Data uploaded-xx
	**** start init su array ...
0 [0 0 0 0 0 0 0 0 0 0]
1 [0 0 0 0 0 0 0 0 0 0]
2 [1 1 1 1 1 1 1 1 1 1]
3 [0 0 0 0 0 0 0 0 0 0]
4 [1 1 1 1 1 1 1 1 1 1]
5 [1 1 1 1 1 1 1 1 1 1]
	**** end init su array ...
1 2 1 100 80 0.85 0.92 0.8 (9)9
2 2 0.9 60 75 0.82 0.90 0.9 (9)9
3 1 1.1 80 90 0.88 0.95 0.5 (9)9
4 1 1 80 100 0.86 0.93 0.6 (9)9
5 5 0.6 50 40 0.72 0.78 1.5 (9)9
6 6 0.5 60 45 0.70 0.75 2.0 (9)9
7 7 0.5 80 40 0.68 0.72 2.5 (9)9
8 5 0.3 25 30 0.65 0.70 1.8 (9)9
9 9 0.2 250 15 0.60 0.65 3.5 (9)9
10 1 0.8 30 40 0.80 0.88 0.7 (9)9

<<< generate

Version identifier: 20.1.0.0 | 2020-11-10 | 9bedb6d68
CPXPARAM_TimeLimit                               1800
Tried aggregator 2 times.
MIP Presolve eliminated 255 rows and 83 columns.
MIP Presolve added 40 rows and 20 columns.
MIP Presolve modified 12 coefficients.
Aggregator did 2 substitutions.
Reduced MIP has 100 rows, 73 columns, and 240 nonzeros.
Reduced MIP has 24 binaries, 29 generals, 0 SOSs, and 0 indicators.
Presolve time = 0,00 sec. (0,35 ticks)
Found incumbent of value 2,3850912e+07 after 0,00 sec. (0,61 ticks)
Probing time = 0,00 sec. (0,02 ticks)
Cover probing fixed 0 vars, tightened 2 bounds.
Tried aggregator 1 time.
Detecting symmetries...
MIP Presolve eliminated 26 rows and 0 columns.
MIP Presolve modified 28 coefficients.
Reduced MIP has 74 rows, 73 columns, and 208 nonzeros.
Reduced MIP has 24 binaries, 29 generals, 0 SOSs, and 0 indicators.
Presolve time = 0,00 sec. (0,16 ticks)
Classifier predicts products in MIQP should be linearized.
Probing time = 0,00 sec. (0,02 ticks)
MIP emphasis: balance optimality and feasibility.
MIP search method: dynamic search.
Parallel mode: deterministic, using up to 20 threads.
Root relaxation solution time = 0,00 sec. (0,26 ticks)

        Nodes                                         Cuts/
   Node  Left     Objective  IInf  Best Integer    Best Bound    ItCnt     Gap

*     0+    0                       2,38509e+07    11542,0000            99,95%
*     0+    0                       1,27898e+07    11542,0000            99,91%
*     0+    0                      6844938,6000    11542,0000            99,83%
*     0+    0                      6824269,2000    11542,0000            99,83%
*     0+    0                      6803599,8000    11542,0000            99,83%
      0     0    38364,8004    35  6803599,8000    38364,8004       39   99,44%
      0     0    38492,5900    37  6803599,8000      Cuts: 16       51   99,43%
      0     0    38672,0509    20  6803599,8000      Cuts: 21       67   99,43%
*     0+    0                        45707,0000    38672,0509            15,39%
      0     0    38803,4037    12    45707,0000       Cuts: 9       75   15,10%
      0     0    38882,1220    12    45707,0000       Cuts: 9       86   14,93%
*     0+    0                        43180,0000    38882,1220             9,95%
      0     0    40881,2174    10    43180,0000    MIRcuts: 1       87    5,32%
Detecting symmetries...
      0     0    41062,1266    10    43180,0000       Cuts: 2       88    4,90%
      0     0    41082,3600    10    43180,0000   ZeroHalf: 1       89    4,86%
*     0+    0                        42648,0000    41082,3600             3,67%
      0     0        cutoff          42648,0000    42648,0000       89    0,00%
Elapsed time = 0,14 sec. (5,17 ticks, tree = 0,01 MB, solutions = 8)

Cover cuts applied:  2
Implied bound cuts applied:  2
Mixed integer rounding cuts applied:  14
Zero-half cuts applied:  1
Gomory fractional cuts applied:  7

Root node processing (before b&c):
  Real time             =    0,14 sec. (5,18 ticks)
Parallel b&c, 20 threads:
  Real time             =    0,00 sec. (0,00 ticks)
  Sync time (average)   =    0,00 sec.
  Wait time (average)   =    0,00 sec.
                          ------------
Total (root+branch&cut) =    0,14 sec. (5,18 ticks)

<<< solve


OBJECTIVE: 42648
xxxx
#Result <fct_obj, tot_cst, tot_ldt, Emiss>: <42648 42620 28 2.682e+6>#TS:42620#A:[0,2,10,3,6,7]#X:[0,1,1,1,0,1]#E: 2681960#DELIVER:
S3=>P4
S4=>P4
S10=>P4
S4=>P5
xxxx

<<< post process


<<< done


)
