Array
(
    [CplexRunTime] => Total (root+branch&cut) =    0,16 sec
    [Result] => Array
        (
            [Objective] => fct_obj.
            [ServiceCost] => tot_cst.
            [LateDeliveries] => tot_ldt.
            [Emissions] => Emiss
        )

    [TS] => 48640
    [A] => Array
        (
            [0] => 0
            [1] => 2
            [2] => 5
            [3] => 12
            [4] => 5
            [5] => 6
        )

    [X] => Array
        (
            [0] => 0
            [1] => 1
            [2] => 1
            [3] => 1
            [4] => 0
            [5] => 0
        )

    [E] => 2932200
    [DELIVER] => Array
        (
            [0] => S10=>P2
            [1] => S1=>P4
            [2] => S2=>P4
            [3] => S10=>P4
            [4] => S4=>P5
            [5] => S10=>P5
        )

    [_raw_output] => 
<<< setup

0 0 -1 0 0 0.25 0.5 0.8 1 0 0 0 0  14
1 2 0 700 1 0.25 0.5 0.8 1 0 7000 700 1500  14
2 4 1 165 1 0.25 0.5 0.8 1 0 5000 500 1500  14
3 6 1 100 2 0.25 0.5 0.8 1 0 3500 350 1500  14
4 3 3 25 6 0.25 0.5 0.8 1 0 3000 300 1500  14
5 5 3 30 2 0.25 0.5 0.8 1 0 2500 250 1500  14
Node nums: [0 1 2 3 4 5]
xx-Data uploaded-xx
	**** start init su array ...
0 [0 0 0 0 0 0 0 0 0 0]
1 [0 0 0 0 0 0 0 0 0 0]
2 [1 1 1 1 1 1 1 1 1 1]
3 [0 0 0 0 0 0 0 0 0 0]
4 [1 1 1 1 1 1 1 1 1 1]
5 [1 1 1 1 1 1 1 1 1 1]
	**** end init su array ...
1 2 1 100 80 0.85 0.92 0.8 (9)9
2 2 0.9 60 75 0.82 0.90 0.9 (9)9
3 1 1.1 80 90 0.88 0.95 0.5 (9)9
4 1 1 80 100 0.86 0.93 0.6 (9)9
5 5 0.6 50 40 0.72 0.78 1.5 (9)9
6 6 0.5 60 45 0.70 0.75 2.0 (9)9
7 7 0.5 80 40 0.68 0.72 2.5 (9)9
8 5 0.3 25 30 0.65 0.70 1.8 (9)9
9 9 0.2 250 15 0.60 0.65 3.5 (9)9
10 1 0.8 30 40 0.80 0.88 0.7 (9)9

<<< generate

Version identifier: 20.1.0.0 | 2020-11-10 | 9bedb6d68
CPXPARAM_TimeLimit                               1800
Tried aggregator 2 times.
MIP Presolve eliminated 233 rows and 63 columns.
MIP Presolve added 60 rows and 30 columns.
MIP Presolve modified 22 coefficients.
Aggregator did 2 substitutions.
Reduced MIP has 142 rows, 103 columns, and 340 nonzeros.
Reduced MIP has 34 binaries, 39 generals, 0 SOSs, and 0 indicators.
Presolve time = 0,00 sec. (0,40 ticks)
Found incumbent of value 3,0912400e+07 after 0,00 sec. (0,76 ticks)
Probing time = 0,00 sec. (0,03 ticks)
Cover probing fixed 0 vars, tightened 3 bounds.
Tried aggregator 1 time.
Detecting symmetries...
MIP Presolve eliminated 39 rows and 0 columns.
MIP Presolve modified 42 coefficients.
Reduced MIP has 103 rows, 103 columns, and 292 nonzeros.
Reduced MIP has 34 binaries, 39 generals, 0 SOSs, and 0 indicators.
Presolve time = 0,00 sec. (0,22 ticks)
Classifier predicts products in MIQP should be linearized.
Probing time = 0,00 sec. (0,02 ticks)
MIP emphasis: balance optimality and feasibility.
MIP search method: dynamic search.
Parallel mode: deterministic, using up to 20 threads.
Root relaxation solution time = 0,00 sec. (0,36 ticks)

        Nodes                                         Cuts/
   Node  Left     Objective  IInf  Best Integer    Best Bound    ItCnt     Gap

*     0+    0                       3,09124e+07    11217,0000            99,96%
*     0+    0                       1,40739e+07    11217,0000            99,92%
*     0+    0                      7333553,0000    11217,0000            99,85%
*     0+    0                      5542704,0000    11217,0000            99,80%
*     0+    0                        86357,0000    11217,0000            87,01%
*     0+    0                        86273,0000    11217,0000            87,00%
*     0+    0                        86189,0000    11217,0000            86,99%
      0     0    41272,6928    47    86189,0000    41272,6928       47   52,11%
      0     0    41296,3973    48    86189,0000      Cuts: 23       61   52,09%
      0     0    41400,4706    36    86189,0000      Cuts: 22       80   51,97%
      0     0    41723,3991    31    86189,0000      Cuts: 16       89   51,59%
      0     0    41761,8946    22    86189,0000       Cuts: 7       94   51,55%
      0     0    41868,8501    32    86189,0000       Cuts: 3       98   51,42%
Detecting symmetries...
      0     0    41893,6972    33    86189,0000   ZeroHalf: 2      100   51,39%
      0     0    41897,8134    33    86189,0000       Cuts: 2      102   51,39%
      0     0    41897,8134    33    86189,0000   ZeroHalf: 1      103   51,39%
      0     0    41897,8309    35    86189,0000    MIRcuts: 1      106   51,39%
*     0+    0                        66318,0000    41897,8309            36,82%
*     0+    0                        48670,0000    41897,8309            13,91%
      0     0        cutoff          48670,0000    48670,0000      106    0,00%
Elapsed time = 0,05 sec. (9,18 ticks, tree = 0,01 MB, solutions = 9)

Implied bound cuts applied:  15
Flow cuts applied:  1
Mixed integer rounding cuts applied:  6
Zero-half cuts applied:  2
Lift and project cuts applied:  1
Gomory fractional cuts applied:  4

Root node processing (before b&c):
  Real time             =    0,05 sec. (9,19 ticks)
Parallel b&c, 20 threads:
  Real time             =    0,00 sec. (0,00 ticks)
  Sync time (average)   =    0,00 sec.
  Wait time (average)   =    0,00 sec.
                          ------------
Total (root+branch&cut) =    0,05 sec. (9,19 ticks)

<<< solve


OBJECTIVE: 48670
xxxx
#Result <fct_obj, tot_cst, tot_ldt, Emiss>: <48670 48640 30 2.9322e+6>#TS:48640#A:[0,2,5,12,5,6]#X:[0,1,1,1,0,0]#E: 2932200#DELIVER:
S10=>P2
S1=>P4
S2=>P4
S10=>P4
S4=>P5
S10=>P5
xxxx

<<< post process


<<< done


)
