Array
(
    [CplexRunTime] => Total (root+branch&cut) =    0,05 sec
    [Result] => Array
        (
            [Objective] => fct_obj.
            [ServiceCost] => tot_cst.
            [LateDeliveries] => tot_ldt.
            [Emissions] => Emiss
        )

    [TS] => 46120
    [A] => Array
        (
            [0] => 0
            [1] => 2
            [2] => 10
            [3] => 3
            [4] => 6
            [5] => 7
            [6] => 6
        )

    [X] => Array
        (
            [0] => 0
            [1] => 1
            [2] => 1
            [3] => 1
            [4] => 0
            [5] => 1
            [6] => 0
        )

    [E] => 3853590
    [DELIVER] => Array
        (
            [0] => S3=>P4
            [1] => S4=>P4
            [2] => S10=>P4
            [3] => S4=>P5
            [4] => S2=>P6
            [5] => S10=>P6
        )

    [_raw_output] => 
<<< setup

0 0 -1 0 0 0.25 0.5 0.8 1 0 0 0 0  14
1 2 0 740 1 0.25 0.5 0.8 1 0 7400 740 1500  14
2 4 1 175 1 0.25 0.5 0.8 1 0 5400 540 1500  14
3 3 1 110 2 0.25 0.5 0.8 1 0 3800 380 1500  14
4 5 2 30 6 0.25 0.5 0.8 1 0 3300 330 1500  14
5 6 3 38 2 0.25 0.5 0.8 1 0 2900 290 1500  14
6 4 2 22 4 0.25 0.5 0.8 1 0 2800 280 1500  14
Node nums: [0 1 2 3 4 5 6]
xx-Data uploaded-xx
	**** start init su array ...
0 [0 0 0 0 0 0 0 0 0 0]
1 [0 0 0 0 0 0 0 0 0 0]
2 [1 1 1 1 1 1 1 1 1 1]
3 [0 0 0 0 0 0 0 0 0 0]
4 [1 1 1 1 1 1 1 1 1 1]
5 [1 1 1 1 1 1 1 1 1 1]
6 [1 1 1 1 1 1 1 1 1 1]
	**** end init su array ...
1 2 1 100 80 0.85 0.92 0.8 (9)9
2 2 0.9 60 75 0.82 0.90 0.9 (9)9
3 1 1.1 80 90 0.88 0.95 0.5 (9)9
4 1 1 80 100 0.86 0.93 0.6 (9)9
5 5 0.6 50 40 0.72 0.78 1.5 (9)9
6 6 0.5 60 45 0.70 0.75 2.0 (9)9
7 7 0.5 80 40 0.68 0.72 2.5 (9)9
8 5 0.3 25 30 0.65 0.70 1.8 (9)9
9 9 0.2 250 15 0.60 0.65 3.5 (9)9
10 1 0.8 30 40 0.80 0.88 0.7 (9)9

<<< generate

Version identifier: 20.1.0.0 | 2020-11-10 | 9bedb6d68
CPXPARAM_TimeLimit                               1800
Tried aggregator 2 times.
MIP Presolve eliminated 315 rows and 83 columns.
MIP Presolve added 60 rows and 30 columns.
MIP Presolve modified 14 coefficients.
Aggregator did 2 substitutions.
Reduced MIP has 146 rows, 106 columns, and 350 nonzeros.
Reduced MIP has 35 binaries, 41 generals, 0 SOSs, and 0 indicators.
Presolve time = 0,00 sec. (0,46 ticks)
Found incumbent of value 3,0833620e+07 after 0,00 sec. (0,83 ticks)
Probing time = 0,00 sec. (0,03 ticks)
Cover probing fixed 0 vars, tightened 3 bounds.
Tried aggregator 1 time.
Detecting symmetries...
MIP Presolve eliminated 39 rows and 0 columns.
MIP Presolve modified 42 coefficients.
Reduced MIP has 107 rows, 106 columns, and 302 nonzeros.
Reduced MIP has 35 binaries, 41 generals, 0 SOSs, and 0 indicators.
Presolve time = 0,00 sec. (0,23 ticks)
Classifier predicts products in MIQP should be linearized.
Probing time = 0,00 sec. (0,02 ticks)
MIP emphasis: balance optimality and feasibility.
MIP search method: dynamic search.
Parallel mode: deterministic, using up to 20 threads.
Root relaxation solution time = 0,00 sec. (0,35 ticks)

        Nodes                                         Cuts/
   Node  Left     Objective  IInf  Best Integer    Best Bound    ItCnt     Gap

*     0+    0                       3,08336e+07    11867,0000            99,96%
*     0+    0                       1,57859e+07    11867,0000            99,92%
*     0+    0                      8657669,0000    11867,0000            99,86%
*     0+    0                      8631500,0000    11867,0000            99,86%
*     0+    0                      8605331,0000    11867,0000            99,86%
      0     0    40962,9049    41  8605331,0000    40962,9049       46   99,52%
      0     0    41338,9460    47  8605331,0000      Cuts: 28       80   99,52%
      0     0    41608,1376    26  8605331,0000      Cuts: 24       96   99,52%
      0     0    41751,0856    49  8605331,0000       Cuts: 7      104   99,51%
      0     0    41823,5889    31  8605331,0000       Cuts: 6      112   99,51%
      0     0    41823,8222    26  8605331,0000      Cuts: 10      117   99,51%
Detecting symmetries...
      0     0    41824,5363    52  8605331,0000       Cuts: 2      122   99,51%
      0     0    41824,5363    52  8605331,0000       Cuts: 2      123   99,51%
*     0+    0                        46154,0000    41824,5363             9,38%
*     0+    0                        46154,0000    41824,5363             9,38%
      0     0        cutoff          46154,0000    46154,0000      123    0,00%
Elapsed time = 0,08 sec. (8,94 ticks, tree = 0,01 MB, solutions = 7)

Implied bound cuts applied:  15
Flow cuts applied:  2
Mixed integer rounding cuts applied:  2
Lift and project cuts applied:  3
Gomory fractional cuts applied:  3

Root node processing (before b&c):
  Real time             =    0,08 sec. (8,95 ticks)
Parallel b&c, 20 threads:
  Real time             =    0,00 sec. (0,00 ticks)
  Sync time (average)   =    0,00 sec.
  Wait time (average)   =    0,00 sec.
                          ------------
Total (root+branch&cut) =    0,08 sec. (8,95 ticks)

<<< solve


OBJECTIVE: 46154
xxxx
#Result <fct_obj, tot_cst, tot_ldt, Emiss>: <46154 46120 34 3.8536e+6>#TS:46120#A:[0,2,10,3,6,7,6]#X:[0,1,1,1,0,1,0]#E: 3853590#DELIVER:
S3=>P4
S4=>P4
S10=>P4
S4=>P5
S2=>P6
S10=>P6
xxxx

<<< post process


<<< done


)
