Array
(
    [CplexRunTime] => Total (root+branch&cut) =    0,13 sec
    [Result] => Array
        (
            [Objective] => fct_obj.
            [ServiceCost] => tot_cst.
            [LateDeliveries] => tot_ldt.
            [Emissions] => Emiss
        )

    [TS] => 79364
    [A] => Array
        (
            [0] => 2
            [1] => 2
            [2] => 5
            [3] => 6
            [4] => 4
            [5] => 6
        )

    [X] => Array
        (
            [0] => 0
            [1] => 0
            [2] => 1
            [3] => 1
            [4] => 1
            [5] => 1
        )

    [E] => 1515200
    [DELIVER] => Array
        (
            [0] => S10=>P2
            [1] => S3=>P4
            [2] => S4=>P4
            [3] => S4=>P5
        )

    [_raw_output] => 
<<< setup

0 0 -1 0 0 0.25 0.5 0.8 1 0 0 0 0  14
1 2 0 700 1 0.25 0.5 0.8 1 0 7000 700 1500  14
2 4 1 165 1 0.25 0.5 0.8 1 0 5000 500 1500  14
3 6 1 100 2 0.25 0.5 0.8 1 0 3500 350 1500  14
4 3 3 25 6 0.25 0.5 0.8 1 0 3000 300 1500  14
5 5 3 30 2 0.25 0.5 0.8 1 0 2500 250 1500  14
Node nums: [0 1 2 3 4 5]
xx-Data uploaded-xx
	**** start init su array ...
0 [0 0 0 0 0 0 0 0 0 0]
1 [0 0 0 0 0 0 0 0 0 0]
2 [1 1 1 1 1 1 1 1 1 1]
3 [0 0 0 0 0 0 0 0 0 0]
4 [1 1 1 1 1 1 1 1 1 1]
5 [1 1 1 1 1 1 1 1 1 1]
	**** end init su array ...
1 2 1 100 80 0.85 0.92 0.8 (9)9
2 2 0.9 60 75 0.82 0.90 0.9 (9)9
3 1 1.1 80 90 0.88 0.95 0.5 (9)9
4 1 1 80 100 0.86 0.93 0.6 (9)9
5 5 0.6 50 40 0.72 0.78 1.5 (9)9
6 6 0.5 60 45 0.70 0.75 2.0 (9)9
7 7 0.5 80 40 0.68 0.72 2.5 (9)9
8 5 0.3 25 30 0.65 0.70 1.8 (9)9
9 9 0.2 250 15 0.60 0.65 3.5 (9)9
10 1 0.8 30 40 0.80 0.88 0.7 (9)9

<<< generate

Version identifier: 20.1.0.0 | 2020-11-10 | 9bedb6d68
CPXPARAM_TimeLimit                               1800
Tried aggregator 1 time.
MIP Presolve eliminated 228 rows and 60 columns.
MIP Presolve added 60 rows and 30 columns.
MIP Presolve modified 22 coefficients.
Reduced MIP has 149 rows, 108 columns, and 357 nonzeros.
Reduced MIP has 36 binaries, 42 generals, 0 SOSs, and 0 indicators.
Presolve time = 0,02 sec. (0,36 ticks)
Found incumbent of value 2,0701034e+07 after 0,02 sec. (0,45 ticks)
Probing time = 0,00 sec. (0,03 ticks)
Cover probing fixed 0 vars, tightened 3 bounds.
Tried aggregator 1 time.
Detecting symmetries...
MIP Presolve eliminated 39 rows and 0 columns.
MIP Presolve modified 42 coefficients.
Reduced MIP has 110 rows, 108 columns, and 309 nonzeros.
Reduced MIP has 36 binaries, 42 generals, 0 SOSs, and 0 indicators.
Presolve time = 0,00 sec. (0,23 ticks)
Classifier predicts products in MIQP should be linearized.
Probing time = 0,00 sec. (0,02 ticks)
Clique table members: 1.
MIP emphasis: balance optimality and feasibility.
MIP search method: dynamic search.
Parallel mode: deterministic, using up to 20 threads.
Root relaxation solution time = 0,00 sec. (0,36 ticks)

        Nodes                                         Cuts/
   Node  Left     Objective  IInf  Best Integer    Best Bound    ItCnt     Gap

*     0+    0                       2,07010e+07 -1926703,0000           109,31%
*     0+    0                       2,06390e+07 -1926703,0000           109,34%
*     0+    0                       2,05769e+07 -1926703,0000           109,36%
*     0+    0                       2,05148e+07 -1926703,0000           109,39%
      0     0    59598,5830    30   2,05148e+07    59598,5830       60   99,71%
*     0+    0                        85062,0000    59598,5830            29,94%
      0     0    62771,3501    38    85062,0000      Cuts: 22       80   26,21%
      0     0    65399,3783    45    85062,0000      Cuts: 22       98   23,12%
      0     0    66120,1295    32    85062,0000      Cuts: 22      114   22,27%
      0     0    70408,6160    27    85062,0000       Cuts: 7      118   17,23%
      0     0    70531,0210    23    85062,0000       Cuts: 2      123   17,08%
Detecting symmetries...
      0     0    70583,5510    23    85062,0000       Cuts: 4      126   17,02%
      0     0    70623,2410    21    85062,0000   Impl Bds: 1      127   16,97%
*     0+    0                        79389,0000    70623,2410            11,04%
Detecting symmetries...
      0     2    70623,2410    21    79389,0000    70623,2410      127   11,04%
Elapsed time = 0,08 sec. (6,26 ticks, tree = 0,02 MB, solutions = 6)

Implied bound cuts applied:  25
Flow cuts applied:  1
Mixed integer rounding cuts applied:  6
Zero-half cuts applied:  3
Lift and project cuts applied:  1
Gomory fractional cuts applied:  10

Root node processing (before b&c):
  Real time             =    0,05 sec. (6,19 ticks)
Parallel b&c, 20 threads:
  Real time             =    0,31 sec. (2,34 ticks)
  Sync time (average)   =    0,27 sec.
  Wait time (average)   =    0,00 sec.
                          ------------
Total (root+branch&cut) =    0,36 sec. (8,53 ticks)

<<< solve


OBJECTIVE: 79389
xxxx
#Result <fct_obj, tot_cst, tot_ldt, Emiss>: <79389 79364 25 1.5152e+6>#TS:79364#A:[2,2,5,6,4,6]#X:[0,0,1,1,1,1]#E: 1515200#DELIVER:
S10=>P2
S3=>P4
S4=>P4
S4=>P5
xxxx

<<< post process


<<< done


)
