Array
(
    [CplexRunTime] => Total (root+branch&cut) =    0,19 sec
    [Result] => Array
        (
            [Objective] => fct_obj.
            [ServiceCost] => tot_cst.
            [LateDeliveries] => tot_ldt.
            [Emissions] => Emiss
        )

    [CS] => 111100.5
    [A] => Array
        (
            [0] => 2
            [1] => 2
            [2] => 5
            [3] => 23
            [4] => 6
            [5] => 4
            [6] => 16
            [7] => 12
            [8] => 4
            [9] => 4
            [10] => 4
            [11] => 8
            [12] => 12
            [13] => 20
        )

    [X] => Array
        (
            [0] => 0
            [1] => 0
            [2] => 1
            [3] => 1
            [4] => 1
            [5] => 1
            [6] => 0
            [7] => 0
            [8] => 1
            [9] => 1
            [10] => 1
            [11] => 0
            [12] => 0
            [13] => 1
        )

    [E] => 25006122
    [DELIVER] => Array
        (
            [0] => S3=>P7
            [1] => S4=>P7
            [2] => S9=>P7
            [3] => S4=>P8
            [4] => S4=>P9
            [5] => S1=>P11
            [6] => S2=>P11
            [7] => S4=>P11
            [8] => S5=>P11
            [9] => S8=>P11
            [10] => S10=>P11
            [11] => S1=>P12
            [12] => S2=>P12
            [13] => S3=>P12
            [14] => S4=>P12
            [15] => S5=>P12
            [16] => S8=>P12
            [17] => S10=>P12
            [18] => S9=>P13
        )

    [_raw_output] => 
<<< setup

0 0 -1 0 1 0,25 0,5 0,8 1 0 0 0 0  14
1 2 0 1000 1 0,25 0,5 0,8 1 0 7000 700 1500  14
2 5 1 120 1 0,25 0,5 0,8 1 0 3500 450 1500  14
3 7 1 250 1 0,25 0,5 0,8 1 0 5500 550 1500  14
4 6 1 100 3 0,25 0,5 0,8 1 0 2800 280 1500  14
5 4 2 65 2 0,25 0,5 0,8 1 0 2350 235 1500  14
6 4 3 80 5 0,25 0,5 0,8 1 0 2600 260 1500  14
7 3 3 110 1 0,25 0,5 0,8 1 0 2900 290 1500  14
8 3 4 40 3 0,25 0,5 0,8 1 0 1600 160 1500  14
9 3 5 24 2 0,25 0,5 0,8 1 0 1250 125 1500  14
10 4 5 16 2 0,25 0,5 0,8 1 0 1120 112 1500  14
11 3 6 21 10 0,25 0,5 0,8 1 0 1200 120 1500  14
12 7 6 27 20 0,25 0,5 0,8 1 0 1000 100 1500  14
13 11 10 9 12 0,25 0,5 0,5 1 0 1100 110 1500  14
Node nums: [0 1 2 3 4 5 6 7 8 9 10 11 12 13]
xx-Data uploaded-xx
	**** start init su array ...
0 [0 0 0 0 0 0 0 0 0 0]
1 [0 0 0 0 0 0 0 0 0 0]
2 [0 0 0 0 0 0 0 0 0 0]
3 [0 0 0 0 0 0 0 0 0 0]
4 [0 0 0 0 0 0 0 0 0 0]
5 [0 0 0 0 0 0 0 0 0 0]
6 [0 0 0 0 0 0 0 0 0 0]
7 [1 1 1 1 1 1 1 1 1 1]
8 [1 1 1 1 1 1 1 1 1 1]
9 [1 1 1 1 1 1 1 1 1 1]
10 [0 0 0 0 0 0 0 0 0 0]
11 [1 1 1 1 1 1 1 1 1 1]
12 [1 1 1 1 1 1 1 1 1 1]
13 [1 1 1 1 1 1 1 1 1 1]
	**** end init su array ...
1 2 1 100 80 0.85 0.92 0.8 (9)9
2 2 0.9 60 75 0.82 0.90 0.9 (9)9
3 1 1.1 80 90 0.88 0.95 0.5 (9)9
4 1 1 80 100 0.86 0.93 0.6 (9)9
5 5 0.6 50 40 0.72 0.78 1.5 (9)9
6 6 0.5 60 45 0.70 0.75 2.0 (9)9
7 7 0.5 80 40 0.68 0.72 2.5 (9)9
8 5 0.3 25 30 0.65 0.70 1.8 (9)9
9 9 0.2 250 15 0.60 0.65 3.5 (9)9
10 1 0.8 30 40 0.80 0.88 0.7 (9)9

<<< generate

Version identifier: 20.1.0.0 | 2020-11-10 | 9bedb6d68
CPXPARAM_TimeLimit                               1800
Tried aggregator 1 time.
MIP Presolve eliminated 1098 rows and 160 columns.
MIP Presolve added 120 rows and 60 columns.
MIP Presolve modified 88 coefficients.
Reduced MIP has 308 rows, 222 columns, and 830 nonzeros.
Reduced MIP has 74 binaries, 88 generals, 0 SOSs, and 0 indicators.
Presolve time = 0,00 sec. (1,20 ticks)
Probing time = 0,00 sec. (0,06 ticks)
Cover probing fixed 0 vars, tightened 18 bounds.
Tried aggregator 1 time.
Detecting symmetries...
MIP Presolve eliminated 86 rows and 0 columns.
MIP Presolve modified 68 coefficients.
Reduced MIP has 222 rows, 222 columns, and 718 nonzeros.
Reduced MIP has 74 binaries, 88 generals, 0 SOSs, and 0 indicators.
Presolve time = 0,00 sec. (0,53 ticks)
Classifier predicts products in MIQP should be linearized.
Probing time = 0,00 sec. (0,05 ticks)
Clique table members: 3.
MIP emphasis: balance optimality and feasibility.
MIP search method: dynamic search.
Parallel mode: deterministic, using up to 20 threads.
Root relaxation solution time = 0,00 sec. (0,83 ticks)

        Nodes                                         Cuts/
   Node  Left     Objective  IInf  Best Integer    Best Bound    ItCnt     Gap

      0     0    92645,3882    67                  92645,3882       94         
      0     0    93190,0712    47                    Cuts: 60      130         
      0     0    95178,5434    77                    Cuts: 24      148         
      0     0    95242,5096    69                    Cuts: 27      163         
      0     0    96000,7396    98                    Cuts: 15      194         
      0     0    96173,9875    97                    Cuts: 13      206         
Detecting symmetries...
      0     0    96186,9157   108                    Cuts: 12      216         
      0     0    96251,5703   108                     Cuts: 6      224         
      0     0    96731,1825    84                     Cuts: 6      231         
      0     0    96742,4668    85                     Cuts: 8      233         
      0     0    96781,3705    83                     Cuts: 4      241         
      0     0    96852,4257    92                     Cuts: 3      247         
*     0+    0                       137693,1000    96852,4257            29,66%
*     0+    0                       113154,2000    96852,4257            14,41%
Detecting symmetries...
      0     2    98875,0682    64   113154,2000    98719,1032      247   12,76%
Elapsed time = 0,06 sec. (23,12 ticks, tree = 0,02 MB, solutions = 2)
*    11+    2                       113010,9000    99594,2476            11,87%
*    15+    2                       112901,7000    99594,2476            11,79%
*   110+   14                       111299,0000   100471,1706             9,73%
*  1908+  604                       111222,5000   100556,1978             9,59%

Cover cuts applied:  17
Implied bound cuts applied:  58
Flow cuts applied:  5
Mixed integer rounding cuts applied:  10
Zero-half cuts applied:  11
Lift and project cuts applied:  5
Gomory fractional cuts applied:  9

Root node processing (before b&c):
  Real time             =    0,06 sec. (22,99 ticks)
Parallel b&c, 20 threads:
  Real time             =    0,13 sec. (49,02 ticks)
  Sync time (average)   =    0,09 sec.
  Wait time (average)   =    0,00 sec.
                          ------------
Total (root+branch&cut) =    0,19 sec. (72,01 ticks)

<<< solve


OBJECTIVE: 111222.5
xxxx
#Result <fct_obj, tot_cst, tot_ldt, Emiss>: <1.1122e+5 1.111e+5 122 2.5006e+7>#CS:111100.5#A:[2,2,5,23,6,4,16,12,4,4,4,8,12,20]#X:[0,0,1,1,1,1,0,0,1,1,1,0,0,1]#E: 25006122#DELIVER:
S3=>P7
S4=>P7
S9=>P7
S4=>P8
S4=>P9
S1=>P11
S2=>P11
S4=>P11
S5=>P11
S8=>P11
S10=>P11
S1=>P12
S2=>P12
S3=>P12
S4=>P12
S5=>P12
S8=>P12
S10=>P12
S9=>P13
xxxx

<<< post process


<<< done


)
