Array
(
    [CplexRunTime] => Total (root+branch&cut) =    0,03 sec
    [Result] => Array
        (
            [Objective] => fct_obj.
            [ServiceCost] => tot_cst.
            [LateDeliveries] => tot_ldt.
            [Emissions] => Emiss
        )

    [CS] => 40355
    [A] => Array
        (
            [0] => 2
            [1] => 2
            [2] => 5
            [3] => 10
            [4] => 4
            [5] => 6
        )

    [X] => Array
        (
            [0] => 0
            [1] => 0
            [2] => 1
            [3] => 1
            [4] => 0
            [5] => 1
        )

    [E] => 2265900
    [DELIVER] => Array
        (
            [0] => S10=>P2
            [1] => S3=>P4
            [2] => S4=>P4
            [3] => S10=>P4
            [4] => S4=>P5
        )

    [_raw_output] => 
<<< setup

0 0 -1 0 0 0.25 0.5 0.8 1 0 0 0 0  14
1 2 0 700 1 0.25 0.5 0.8 1 0 7000 700 1500  14
2 4 1 165 1 0.25 0.5 0.8 1 0 5000 500 1500  14
3 6 1 100 2 0.25 0.5 0.8 1 0 3500 350 1500  14
4 3 3 25 6 0.25 0.5 0.8 1 0 3000 300 1500  14
5 5 3 30 2 0.25 0.5 0.8 1 0 2500 250 1500  14
Node nums: [0 1 2 3 4 5]
xx-Data uploaded-xx
	**** start init su array ...
0 [0 0 0 0 0 0 0 0 0 0]
1 [0 0 0 0 0 0 0 0 0 0]
2 [1 1 1 1 1 1 1 1 1 1]
3 [0 0 0 0 0 0 0 0 0 0]
4 [1 1 1 1 1 1 1 1 1 1]
5 [1 1 1 1 1 1 1 1 1 1]
	**** end init su array ...
1 2 1 100 80 0.85 0.92 0.8 (9)9
2 2 0.9 60 75 0.82 0.90 0.9 (9)9
3 1 1.1 80 90 0.88 0.95 0.5 (9)9
4 1 1 80 100 0.86 0.93 0.6 (9)9
5 5 0.6 50 40 0.72 0.78 1.5 (9)9
6 6 0.5 60 45 0.70 0.75 2.0 (9)9
7 7 0.5 80 40 0.68 0.72 2.5 (9)9
8 5 0.3 25 30 0.65 0.70 1.8 (9)9
9 9 0.2 250 15 0.60 0.65 3.5 (9)9
10 1 0.8 30 40 0.80 0.88 0.7 (9)9

<<< generate

Version identifier: 20.1.0.0 | 2020-11-10 | 9bedb6d68
CPXPARAM_TimeLimit                               1800
Tried aggregator 1 time.
MIP Presolve eliminated 228 rows and 60 columns.
MIP Presolve added 60 rows and 30 columns.
MIP Presolve modified 58 coefficients.
Reduced MIP has 150 rows, 108 columns, and 393 nonzeros.
Reduced MIP has 36 binaries, 42 generals, 0 SOSs, and 0 indicators.
Presolve time = 0,00 sec. (0,41 ticks)
Probing time = 0,00 sec. (0,09 ticks)
Cover probing fixed 0 vars, tightened 5 bounds.
Tried aggregator 1 time.
Detecting symmetries...
MIP Presolve eliminated 39 rows and 0 columns.
MIP Presolve modified 65 coefficients.
Reduced MIP has 111 rows, 108 columns, and 345 nonzeros.
Reduced MIP has 36 binaries, 42 generals, 0 SOSs, and 0 indicators.
Presolve time = 0,00 sec. (0,25 ticks)
Classifier predicts products in MIQP should be linearized.
Probing time = 0,00 sec. (0,05 ticks)
Clique table members: 1.
MIP emphasis: balance optimality and feasibility.
MIP search method: dynamic search.
Parallel mode: deterministic, using up to 20 threads.
Root relaxation solution time = 0,00 sec. (0,43 ticks)

        Nodes                                         Cuts/
   Node  Left     Objective  IInf  Best Integer    Best Bound    ItCnt     Gap

      0     0    27184,4385    56                  27184,4385       53         
      0     0    27215,9412    65                    Cuts: 21       74         
      0     0    27432,1297    64                    Cuts: 14       89         
      0     0    28945,8657    60                    Cuts: 23      100         
      0     0    29145,6928    68                    Cuts: 11      114         
      0     0    29145,7908    68                     Cuts: 3      116         
Detecting symmetries...
      0     0    29145,7908    68                 ZeroHalf: 1      117         
*     0+    0                        64241,0000    29145,7908            54,63%
*     0+    0                        60060,0000    29145,7908            51,47%
*     0+    0                        40384,0000    29145,7908            27,83%
      0     0        cutoff          40384,0000    40384,0000      117    0,00%
Elapsed time = 0,03 sec. (12,10 ticks, tree = 0,01 MB, solutions = 3)

Clique cuts applied:  1
Implied bound cuts applied:  19
Mixed integer rounding cuts applied:  4
Zero-half cuts applied:  3
Lift and project cuts applied:  1
Gomory fractional cuts applied:  5

Root node processing (before b&c):
  Real time             =    0,03 sec. (12,11 ticks)
Parallel b&c, 20 threads:
  Real time             =    0,00 sec. (0,00 ticks)
  Sync time (average)   =    0,00 sec.
  Wait time (average)   =    0,00 sec.
                          ------------
Total (root+branch&cut) =    0,03 sec. (12,11 ticks)

<<< solve


OBJECTIVE: 40384
xxxx
#Result <fct_obj, tot_cst, tot_ldt, Emiss>: <40384 40355 29 2.2659e+6>#CS:40355#A:[2,2,5,10,4,6]#X:[0,0,1,1,0,1]#E: 2265900#DELIVER:
S10=>P2
S3=>P4
S4=>P4
S10=>P4
S4=>P5
xxxx

<<< post process


<<< done


)
