Array
(
    [CplexRunTime] => Total (root+branch&cut) =    0,63 sec
    [Result] => Array
        (
            [Objective] => fct_obj.
            [ServiceCost] => tot_cst.
            [LateDeliveries] => tot_ldt.
            [Emissions] => Emiss
        )

    [TS] => 1578556
    [A] => Array
        (
            [0] => 0
            [1] => 33
            [2] => 24
            [3] => 24
            [4] => 15
            [5] => 16
            [6] => 18
            [7] => 11
            [8] => 20
            [9] => 16
            [10] => 16
            [11] => 10
            [12] => 5
            [13] => 8
            [14] => 6
            [15] => 14
            [16] => 10
            [17] => 8
            [18] => 8
            [19] => 7
            [20] => 14
            [21] => 7
            [22] => 11
            [23] => 8
            [24] => 7
            [25] => 8
            [26] => 4
        )

    [X] => Array
        (
            [0] => 0
            [1] => 1
            [2] => 0
            [3] => 0
            [4] => 0
            [5] => 0
            [6] => 0
            [7] => 0
            [8] => 0
            [9] => 0
            [10] => 0
            [11] => 0
            [12] => 0
            [13] => 0
            [14] => 0
            [15] => 0
            [16] => 0
            [17] => 0
            [18] => 0
            [19] => 0
            [20] => 0
            [21] => 0
            [22] => 0
            [23] => 0
            [24] => 0
            [25] => 0
            [26] => 0
        )

    [E] => 30520800
    [DELIVER] => Array
        (
            [0] => S1=>P13
            [1] => S3=>P13
            [2] => S4=>P13
            [3] => S8=>P13
            [4] => S10=>P13
            [5] => S3=>P14
            [6] => S4=>P14
            [7] => S8=>P14
            [8] => S10=>P14
            [9] => S4=>P15
            [10] => S8=>P15
            [11] => S10=>P15
            [12] => S3=>P16
            [13] => S4=>P16
            [14] => S10=>P16
            [15] => S2=>P17
            [16] => S3=>P17
            [17] => S4=>P17
            [18] => S8=>P17
            [19] => S10=>P17
            [20] => S3=>P18
            [21] => S4=>P18
            [22] => S10=>P18
            [23] => S1=>P19
            [24] => S2=>P19
            [25] => S3=>P19
            [26] => S4=>P19
            [27] => S8=>P19
            [28] => S10=>P19
            [29] => S1=>P20
            [30] => S2=>P20
            [31] => S3=>P20
            [32] => S4=>P20
            [33] => S8=>P20
            [34] => S10=>P20
            [35] => S1=>P21
            [36] => S2=>P21
            [37] => S3=>P21
            [38] => S4=>P21
            [39] => S5=>P21
            [40] => S8=>P21
            [41] => S10=>P21
            [42] => S8=>P22
            [43] => S3=>P23
            [44] => S4=>P23
            [45] => S8=>P23
            [46] => S10=>P23
            [47] => S3=>P24
            [48] => S10=>P24
            [49] => S3=>P25
            [50] => S10=>P25
            [51] => S10=>P26
        )

    [_raw_output] => 
<<< setup

0 0 -1 0 1 0,25 0,5 0,8 1 0 0 0 0 13
1 9 0 2500 1 0,25 0,5 0,8 1 0 7000 700 1500 13
2 4 1 900 1 0,25 0,5 0,8 1 0 3500 450 1500 13
3 8 1 890 1 0,25 0,5 0,8 1 0 5500 550 1500 13
4 5 1 910 1 0,25 0,5 0,8 1 0 2800 280 1500 13
5 2 1 860 2 0,25 0,5 0,8 1 0 2350 235 1500 13
6 8 2 880 3 0,25 0,5 0,8 1 0 2600 260 1500 13
7 3 2 800 2 0,25 0,5 0,8 1 0 2900 290 1500 13
8 6 2 780 1 0,25 0,5 0,8 1 0 1600 160 1500 13
9 5 3 790 2 0,25 0,5 0,8 1 0 1250 125 1500 13
10 9 3 750 3 0,25 0,5 0,8 1 0 1120 112 1500 13
11 2 4 690 2 0,25 0,5 0,8 1 0 1200 120 1500 13
12 1 4 660 3 0,25 0,5 0,8 1 0 1000 100 1500 13
13 3 5 600 8 0,25 0,5 0,5 1 0 1100 110 1500 13
14 1 5 640 6 0,25 0,5 0,5 1 0 1100 110 1500 13
15 9 5 700 2 0,25 0,5 0,5 1 0 1100 110 1500 13
16 9 6 660 9 0,25 0,5 0,5 1 0 2100 210 1500 13
17 3 6 580 6 0,25 0,5 0,5 1 0 2000 200 1500 13
18 7 7 550 2 0,25 0,5 0,5 1 0 2300 230 1500 13
19 2 8 570 1 0,25 0,5 0,5 1 0 1200 120 1500 13
20 9 8 600 2 0,25 0,5 0,5 1 0 1400 140 1500 13
21 2 9 540 6 0,25 0,5 0,5 1 0 1150 115 1500 13
22 6 9 510 4 0,25 0,5 0,5 1 0 1100 110 1500 13
23 3 9 590 4 0,25 0,5 0,5 1 0 1050 105 1500 13
24 6 10 400 3 0,25 0,5 0,5 1 0 950 95 1500 13
25 7 11 490 2 0,25 0,5 0,5 1 0 1000 100 1500 13
26 3 12 480 3 0,25 0,5 0,5 1 0 900 90 1500 13
Node nums: [0 1 2 3 4 5 6 7 8 9 10 11 12 13 14 15 16 17 18 19 20 21 22 23 24 25 26]
xx-Data uploaded-xx
	**** start init su array ...
0 [0 0 0 0 0 0 0 0 0 0]
1 [0 0 0 0 0 0 0 0 0 0]
2 [0 0 0 0 0 0 0 0 0 0]
3 [0 0 0 0 0 0 0 0 0 0]
4 [0 0 0 0 0 0 0 0 0 0]
5 [0 0 0 0 0 0 0 0 0 0]
6 [0 0 0 0 0 0 0 0 0 0]
7 [0 0 0 0 0 0 0 0 0 0]
8 [0 0 0 0 0 0 0 0 0 0]
9 [0 0 0 0 0 0 0 0 0 0]
10 [0 0 0 0 0 0 0 0 0 0]
11 [0 0 0 0 0 0 0 0 0 0]
12 [0 0 0 0 0 0 0 0 0 0]
13 [1 1 1 1 1 1 1 1 1 1]
14 [1 1 1 1 1 1 1 1 1 1]
15 [1 1 1 1 1 1 1 1 1 1]
16 [1 1 1 1 1 1 1 1 1 1]
17 [1 1 1 1 1 1 1 1 1 1]
18 [1 1 1 1 1 1 1 1 1 1]
19 [1 1 1 1 1 1 1 1 1 1]
20 [1 1 1 1 1 1 1 1 1 1]
21 [1 1 1 1 1 1 1 1 1 1]
22 [1 1 1 1 1 1 1 1 1 1]
23 [1 1 1 1 1 1 1 1 1 1]
24 [1 1 1 1 1 1 1 1 1 1]
25 [1 1 1 1 1 1 1 1 1 1]
26 [1 1 1 1 1 1 1 1 1 1]
	**** end init su array ...
1 2 1 700 80 0.85 0.92 0.8 (9)9
2 2 0.9 800 75 0.82 0.90 0.9 (9)9
3 1 1.1 680 90 0.88 0.95 0.5 (9)9
4 1 1 480 100 0.86 0.93 0.6 (9)9
5 5 0.6 550 40 0.72 0.78 1.5 (9)9
6 6 0.5 650 45 0.70 0.75 2.0 (9)9
7 7 0.5 1100 40 0.68 0.72 2.5 (9)9
8 5 0.3 700 30 0.65 0.70 1.8 (9)9
9 9 0.2 1700 15 0.60 0.65 3.5 (9)9
10 1 0.8 5800 40 0.80 0.88 0.7 (9)9

<<< generate

Version identifier: 20.1.0.0 | 2020-11-10 | 9bedb6d68
CPXPARAM_TimeLimit                               1800
Tried aggregator 2 times.
MIP Presolve eliminated 3814 rows and 264 columns.
MIP Presolve added 280 rows and 140 columns.
MIP Presolve modified 140 coefficients.
Aggregator did 1 substitutions.
Reduced MIP has 688 rows, 496 columns, and 1650 nonzeros.
Reduced MIP has 165 binaries, 191 generals, 0 SOSs, and 0 indicators.
Presolve time = 0,00 sec. (3,36 ticks)
Found incumbent of value 5,1474812e+08 after 0,00 sec. (3,93 ticks)
Probing time = 0,00 sec. (0,13 ticks)
Cover probing fixed 0 vars, tightened 14 bounds.
Tried aggregator 1 time.
Detecting symmetries...
MIP Presolve eliminated 182 rows and 0 columns.
MIP Presolve modified 196 coefficients.
Reduced MIP has 506 rows, 496 columns, and 1426 nonzeros.
Reduced MIP has 165 binaries, 191 generals, 0 SOSs, and 0 indicators.
Presolve time = 0,00 sec. (1,08 ticks)
Classifier predicts products in MIQP should be linearized.
Probing time = 0,00 sec. (0,11 ticks)
MIP emphasis: balance optimality and feasibility.
MIP search method: dynamic search.
Parallel mode: deterministic, using up to 20 threads.
Root relaxation solution time = 0,00 sec. (1,26 ticks)

        Nodes                                         Cuts/
   Node  Left     Objective  IInf  Best Integer    Best Bound    ItCnt     Gap

*     0+    0                       5,14748e+08   480958,0000            99,91%
*     0+    0                       5,12998e+08   480958,0000            99,91%
*     0+    0                       4,42972e+07   480958,0000            98,91%
*     0+    0                       2,64928e+07   480958,0000            98,18%
      0     0  1371844,2877   124   2,64928e+07  1371844,2877      130   94,82%
      0     0  1411849,7519   106   2,64928e+07      Cuts: 93      205   94,67%
      0     0  1424898,8183   150   2,64928e+07      Cuts: 70      270   94,62%
      0     0  1425795,4219   156   2,64928e+07      Cuts: 13      284   94,62%
      0     0  1426242,3473   157   2,64928e+07      Cuts: 16      298   94,62%
      0     0  1426339,4763   159   2,64928e+07       Cuts: 7      303   94,62%
Detecting symmetries...
*     0+    0                      1707120,0000  1426339,4763            16,45%
*     0+    0                      1695730,0000  1426339,4763            15,89%
      0     0  -1,00000e+75     0  1695730,0000  1426339,4763      303   15,89%
*     0+    0                      1626319,0000  1426339,4763            12,30%
Detecting symmetries...
      0     2  1426339,4763   159  1626319,0000  1426339,4763      303   12,30%
Elapsed time = 0,06 sec. (33,40 ticks, tree = 0,02 MB, solutions = 7)
*    17+    4                      1597808,0000  1437976,2268            10,00%
*   123+   18                      1588252,0000  1448433,2319             8,80%
*  2446   846      integral     0  1586128,0000  1514590,5358     9769    4,51%
*  2462+  829                      1580364,0000  1514590,5358             4,16%

Performing restart 1

Repeating presolve.
Tried aggregator 1 time.
MIP Presolve eliminated 20 rows and 19 columns.
MIP Presolve modified 331 coefficients.
Reduced MIP has 486 rows, 477 columns, and 1362 nonzeros.
Reduced MIP has 160 binaries, 187 generals, 0 SOSs, and 0 indicators.
Presolve time = 0,00 sec. (0,80 ticks)
Tried aggregator 1 time.
MIP Presolve modified 153 coefficients.
Reduced MIP has 486 rows, 477 columns, and 1362 nonzeros.
Reduced MIP has 160 binaries, 187 generals, 0 SOSs, and 0 indicators.
Presolve time = 0,00 sec. (0,99 ticks)
Represolve time = 0,00 sec. (3,78 ticks)
   7929     0  1440554,2503   166  1580364,0000     Cuts: 130    28703    2,45%
   7929     0  1449753,1469   163  1580364,0000     Cuts: 107    28787    2,45%
   7929     0  1467620,8941   121  1580364,0000     Cuts: 106    28851    2,45%
   7929     0  1474825,2310   131  1580364,0000     Cuts: 102    28927    2,45%
   7929     0  1484680,1080   134  1580364,0000     Cuts: 122    28987    2,45%
   7929     0  1494079,2448   128  1580364,0000      Cuts: 95    29060    2,45%
   7929     0  1496326,0408   141  1580364,0000      Cuts: 97    29113    2,45%
   7929     0  1499340,0011   148  1580364,0000      Cuts: 82    29176    2,45%
   7929     2  1499340,0011   148  1580364,0000  1541677,3367    29176    2,45%
*  7970     4      integral     0  1578884,0000  1578431,1507    29594    0,03%

Clique cuts applied:  1
Implied bound cuts applied:  11
Flow cuts applied:  12
Mixed integer rounding cuts applied:  50
Zero-half cuts applied:  9
Lift and project cuts applied:  8
Gomory fractional cuts applied:  29

Root node processing (before b&c):
  Real time             =    0,05 sec. (33,19 ticks)
Parallel b&c, 20 threads:
  Real time             =    0,44 sec. (287,90 ticks)
  Sync time (average)   =    0,14 sec.
  Wait time (average)   =    0,01 sec.
                          ------------
Total (root+branch&cut) =    0,48 sec. (321,09 ticks)

<<< solve


OBJECTIVE: 1578884
xxxx
#Result <fct_obj, tot_cst, tot_ldt, Emiss>: <1.5789e+6 1.5786e+6 328 3.0521e+7>#TS:1578556#A:[0,33,24,24,15,16,18,11,20,16,16,10,5,8,6,14,10,8,8,7,14,7,11,8,7,8,4]#X:[0,1,0,0,0,0,0,0,0,0,0,0,0,0,0,0,0,0,0,0,0,0,0,0,0,0,0]#E: 30520800#DELIVER:
S1=>P13
S3=>P13
S4=>P13
S8=>P13
S10=>P13
S3=>P14
S4=>P14
S8=>P14
S10=>P14
S4=>P15
S8=>P15
S10=>P15
S3=>P16
S4=>P16
S10=>P16
S2=>P17
S3=>P17
S4=>P17
S8=>P17
S10=>P17
S3=>P18
S4=>P18
S10=>P18
S1=>P19
S2=>P19
S3=>P19
S4=>P19
S8=>P19
S10=>P19
S1=>P20
S2=>P20
S3=>P20
S4=>P20
S8=>P20
S10=>P20
S1=>P21
S2=>P21
S3=>P21
S4=>P21
S5=>P21
S8=>P21
S10=>P21
S8=>P22
S3=>P23
S4=>P23
S8=>P23
S10=>P23
S3=>P24
S10=>P24
S3=>P25
S10=>P25
S10=>P26
xxxx

<<< post process


<<< done


)
