Array
(
    [CplexRunTime] => Total (root+branch&cut) =    0,73 sec
    [Result] => Array
        (
            [Objective] => fct_obj.
            [ServiceCost] => tot_cst.
            [LateDeliveries] => tot_ldt.
            [Emissions] => Emiss
        )

    [CS] => 1497760
    [A] => Array
        (
            [0] => 0
            [1] => 2
            [2] => 26
            [3] => 22
            [4] => 21
            [5] => 25
            [6] => 21
            [7] => 8
            [8] => 21
            [9] => 15
            [10] => 13
            [11] => 11
            [12] => 15
            [13] => 14
            [14] => 21
            [15] => 11
            [16] => 17
            [17] => 15
            [18] => 15
            [19] => 12
            [20] => 18
            [21] => 12
            [22] => 11
            [23] => 12
            [24] => 9
            [25] => 8
            [26] => 8
            [27] => 10
            [28] => 9
            [29] => 12
            [30] => 17
            [31] => 10
            [32] => 13
            [33] => 12
            [34] => 8
            [35] => 13
            [36] => 9
            [37] => 9
            [38] => 5
            [39] => 15
            [40] => 13
            [41] => 9
            [42] => 9
            [43] => 8
            [44] => 8
            [45] => 6
            [46] => 6
            [47] => 9
            [48] => 3
            [49] => 4
            [50] => 6
        )

    [X] => Array
        (
            [0] => 0
            [1] => 1
            [2] => 1
            [3] => 1
            [4] => 1
            [5] => 1
            [6] => 0
            [7] => 0
            [8] => 0
            [9] => 0
            [10] => 0
            [11] => 0
            [12] => 0
            [13] => 0
            [14] => 0
            [15] => 0
            [16] => 0
            [17] => 0
            [18] => 0
            [19] => 0
            [20] => 0
            [21] => 0
            [22] => 0
            [23] => 0
            [24] => 0
            [25] => 0
            [26] => 0
            [27] => 0
            [28] => 0
            [29] => 0
            [30] => 0
            [31] => 0
            [32] => 0
            [33] => 0
            [34] => 0
            [35] => 0
            [36] => 0
            [37] => 0
            [38] => 0
            [39] => 0
            [40] => 0
            [41] => 0
            [42] => 0
            [43] => 0
            [44] => 0
            [45] => 0
            [46] => 0
            [47] => 0
            [48] => 0
            [49] => 0
            [50] => 0
        )

    [E] => 165252592.6
    [DELIVER] => Array
        (
            [0] => S8=>P7
            [1] => S9=>P15
            [2] => S9=>P17
            [3] => S7=>P19
            [4] => S8=>P19
            [5] => S9=>P19
            [6] => S8=>P21
            [7] => S8=>P22
            [8] => S8=>P24
            [9] => S8=>P25
            [10] => S10=>P25
            [11] => S8=>P26
            [12] => S3=>P28
            [13] => S4=>P28
            [14] => S8=>P28
            [15] => S10=>P28
            [16] => S9=>P29
            [17] => S8=>P31
            [18] => S8=>P34
            [19] => S8=>P36
            [20] => S10=>P38
            [21] => S3=>P40
            [22] => S4=>P40
            [23] => S7=>P40
            [24] => S8=>P40
            [25] => S9=>P40
            [26] => S10=>P40
            [27] => S8=>P41
            [28] => S8=>P42
            [29] => S8=>P43
            [30] => S8=>P44
            [31] => S4=>P46
            [32] => S10=>P46
            [33] => S10=>P48
            [34] => S10=>P49
            [35] => S3=>P50
            [36] => S4=>P50
            [37] => S10=>P50
        )

    [_raw_output] => 
<<< setup

0 0 -1 0 1 0,25 0,5 0,8 1 0 0 0 0 13
1 2 0 5000 1 0,25 0,5 0,8 1 0 10000 1000 1500 13
2 5 1 900 1 0,25 0,5 0,8 1 0 9486 948,6 1500 13
3 7 1 890 1 0,25 0,5 0,8 1 0 8704 870,4 1500 13
4 6 1 910 1 0,25 0,5 0,8 1 0 8059 805,9 1500 13
5 4 1 860 2 0,25 0,5 0,8 1 0 7962 796,2 1500 13
6 4 2 880 3 0,25 0,5 0,8 1 0 7861 786,1 1500 13
7 3 2 800 2 0,25 0,5 0,8 1 0 7628 762,8 1500 13
8 3 2 780 1 0,25 0,5 0,8 1 0 7050 705 1500 13
9 3 3 790 2 0,25 0,5 0,8 1 0 6976 697,6 1500 13
10 4 3 750 3 0,25 0,5 0,8 1 0 6291 629,1 1500 13
11 3 4 690 2 0,25 0,5 0,8 1 0 6234 623,4 1500 13
12 5 4 660 3 0,25 0,5 0,8 1 0 6199 619,9 1500 13
13 5 5 600 8 0,25 0,5 0,5 1 0 6088 608,8 1500 13
14 4 5 640 6 0,25 0,5 0,5 1 0 5680 568 1500 13
15 2 5 700 2 0,25 0,5 0,5 1 0 5673 567,3 1500 13
16 4 6 660 9 0,25 0,5 0,5 1 0 5507 550,7 1500 13
17 6 6 580 6 0,25 0,5 0,5 1 0 5360 536 1500 13
18 3 67 550 2 0,25 0,5 0,5 1 0 5290 529 1500 13
19 3 8 570 1 0,25 0,5 0,5 1 0 5168 516,8 1500 13
20 5 8 600 2 0,25 0,5 0,5 1 0 4944 494,4 1500 13
21 7 9 540 6 0,25 0,5 0,5 1 0 4747 474,7 1500 13
22 6 9 510 4 0,25 0,5 0,5 1 0 4417 441,7 1500 13
23 3 9 590 4 0,25 0,5 0,5 1 0 4033 403,3 1500 13
24 4 10 400 3 0,25 0,5 0,5 1 0 3891 389,1 1500 13
25 3 11 490 2 0,25 0,5 0,5 1 0 3601 360,1 1500 13
26 3 12 480 3 0,25 0,5 0,5 1 0 3279 327,9 1500 13
27 5 12 520 6 0,25 0,5 0,5 1 0 3175 317,5 1500 13
28 4 13 400 16 0,25 0,5 0,5 1 0 2984 298,4 1500 13
29 3 14 480 6 0,25 0,5 0,5 1 0 2866 286,6 1500 13
30 2 14 490 18 0,25 0,5 0,5 1 0 2606 260,6 1500 13
31 5 16 460 9 0,25 0,5 0,5 1 0 2427 242,7 1500 13
32 4 16 500 9 0,25 0,5 0,5 1 0 2231 223,1 1500 13
33 3 18 470 6 0,25 0,5 0,5 1 0 2091 209,1 1500 13
34 3 18 300 4 0,25 0,5 0,5 1 0 1993 199,3 1500 13
35 5 20 380 4 0,25 0,5 0,5 1 0 1837 183,7 1500 13
36 4 23 330 8 0,25 0,5 0,5 1 0 1683 168,3 1500 13
37 3 23 340 12 0,25 0,5 0,5 1 0 1682 168,2 1500 13
38 4 27 350 6 0,25 0,5 0,5 1 0 1589 158,9 1500 13
39 6 30 360 18 0,25 0,5 0,5 1 0 1439 143,9 1500 13
40 4 30 310 54 0,25 0,5 0,5 1 0 1404 140,4 1500 13
41 4 32 330 18 0,25 0,5 0,5 1 0 1265 126,5 1500 13
42 4 33 290 12 0,25 0,5 0,5 1 0 1153 115,3 1500 13
43 3 33 270 12 0,25 0,5 0,5 1 0 1138 113,8 1500 13
44 3 35 260 8 0,25 0,5 0,5 1 0 1094 109,4 1500 13
45 2 37 270 12 0,25 0,5 0,5 1 0 997 99,7 1500 13
46 5 37 270 12 0,25 0,5 0,5 1 0 964 96,4 1500 13
47 3 39 100 54 0,25 0,5 0,5 1 0 917 91,7 1500 13
48 2 39 110 36 0,25 0,5 0,5 1 0 833 83,3 1500 13
49 3 45 50 48 0,25 0,5 0,5 1 0 753 75,3 1500 13
50 5 47 30 108 0,25 0,5 0,5 1 0 723 72,3 1500 13
Node nums: [0 1 2 3 4 5 6 7 8 9 10 11 12 13 14 15 16 17 18 19 20 21 22 23 24 25 26 27
     28 29 30 31 32 33 34 35 36 37 38 39 40 41 42 43 44 45 46 47 48 49 50]
xx-Data uploaded-xx
	**** start init su array ...
0 [0 0 0 0 0 0 0 0 0 0]
1 [0 0 0 0 0 0 0 0 0 0]
2 [0 0 0 0 0 0 0 0 0 0]
3 [0 0 0 0 0 0 0 0 0 0]
4 [0 0 0 0 0 0 0 0 0 0]
5 [0 0 0 0 0 0 0 0 0 0]
6 [0 0 0 0 0 0 0 0 0 0]
7 [1 1 1 1 1 1 1 1 1 1]
8 [0 0 0 0 0 0 0 0 0 0]
9 [0 0 0 0 0 0 0 0 0 0]
10 [0 0 0 0 0 0 0 0 0 0]
11 [0 0 0 0 0 0 0 0 0 0]
12 [0 0 0 0 0 0 0 0 0 0]
13 [0 0 0 0 0 0 0 0 0 0]
14 [0 0 0 0 0 0 0 0 0 0]
15 [1 1 1 1 1 1 1 1 1 1]
16 [0 0 0 0 0 0 0 0 0 0]
17 [1 1 1 1 1 1 1 1 1 1]
18 [0 0 0 0 0 0 0 0 0 0]
19 [1 1 1 1 1 1 1 1 1 1]
20 [0 0 0 0 0 0 0 0 0 0]
21 [1 1 1 1 1 1 1 1 1 1]
22 [1 1 1 1 1 1 1 1 1 1]
23 [0 0 0 0 0 0 0 0 0 0]
24 [1 1 1 1 1 1 1 1 1 1]
25 [1 1 1 1 1 1 1 1 1 1]
26 [1 1 1 1 1 1 1 1 1 1]
27 [0 0 0 0 0 0 0 0 0 0]
28 [1 1 1 1 1 1 1 1 1 1]
29 [1 1 1 1 1 1 1 1 1 1]
30 [0 0 0 0 0 0 0 0 0 0]
31 [1 1 1 1 1 1 1 1 1 1]
32 [0 0 0 0 0 0 0 0 0 0]
33 [0 0 0 0 0 0 0 0 0 0]
34 [1 1 1 1 1 1 1 1 1 1]
35 [1 1 1 1 1 1 1 1 1 1]
36 [1 1 1 1 1 1 1 1 1 1]
37 [0 0 0 0 0 0 0 0 0 0]
38 [1 1 1 1 1 1 1 1 1 1]
39 [0 0 0 0 0 0 0 0 0 0]
40 [1 1 1 1 1 1 1 1 1 1]
41 [1 1 1 1 1 1 1 1 1 1]
42 [1 1 1 1 1 1 1 1 1 1]
43 [1 1 1 1 1 1 1 1 1 1]
44 [1 1 1 1 1 1 1 1 1 1]
45 [0 0 0 0 0 0 0 0 0 0]
46 [1 1 1 1 1 1 1 1 1 1]
47 [0 0 0 0 0 0 0 0 0 0]
48 [1 1 1 1 1 1 1 1 1 1]
49 [1 1 1 1 1 1 1 1 1 1]
50 [1 1 1 1 1 1 1 1 1 1]
	**** end init su array ...
1 2 1 700 80 0.85 0.92 0.8 (9)9
2 2 0.9 800 75 0.82 0.90 0.9 (9)9
3 1 1.1 680 90 0.88 0.95 0.5 (9)9
4 1 1 480 100 0.86 0.93 0.6 (9)9
5 5 0.6 550 40 0.72 0.78 1.5 (9)9
6 6 0.5 650 45 0.70 0.75 2.0 (9)9
7 7 0.5 1100 40 0.68 0.72 2.5 (9)9
8 5 0.3 700 30 0.65 0.70 1.8 (9)9
9 9 0.2 1700 15 0.60 0.65 3.5 (9)9
10 1 0.8 5800 40 0.80 0.88 0.7 (9)9

<<< generate

Version identifier: 20.1.0.0 | 2020-11-10 | 9bedb6d68
CPXPARAM_TimeLimit                               1800
Tried aggregator 2 times.
MIP Presolve eliminated 13363 rows and 544 columns.
MIP Presolve added 480 rows and 240 columns.
MIP Presolve modified 451 coefficients.
Aggregator did 1 substitutions.
Reduced MIP has 1204 rows, 868 columns, and 3251 nonzeros.
Reduced MIP has 289 binaries, 339 generals, 0 SOSs, and 0 indicators.
Presolve time = 0,00 sec. (12,01 ticks)
Probing time = 0,00 sec. (0,24 ticks)
Cover probing fixed 0 vars, tightened 24 bounds.
Tried aggregator 1 time.
Detecting symmetries...
MIP Presolve eliminated 312 rows and 0 columns.
MIP Presolve modified 336 coefficients.
Reduced MIP has 892 rows, 868 columns, and 2867 nonzeros.
Reduced MIP has 289 binaries, 339 generals, 0 SOSs, and 0 indicators.
Presolve time = 0,00 sec. (2,16 ticks)
Classifier predicts products in MIQP should be linearized.
Probing time = 0,00 sec. (0,20 ticks)
MIP emphasis: balance optimality and feasibility.
MIP search method: dynamic search.
Parallel mode: deterministic, using up to 20 threads.
Root relaxation solution time = 0,00 sec. (3,30 ticks)

        Nodes                                         Cuts/
   Node  Left     Objective  IInf  Best Integer    Best Bound    ItCnt     Gap

      0     0  1350886,5090   101                1350886,5090      166         
      0     0  1375437,5228   127                    Cuts: 59      229         
      0     0  1378107,8593    92                    Cuts: 55      263         
      0     0  1378107,8593    92                  MIRcuts: 4      265         
      0     0  1378133,7883    95                     Cuts: 3      268         
*     0+    0                      1744984,0000  1378133,7883            21,02%
*     0+    0                      1602557,0000  1378133,7883            14,00%
*     0+    0                      1591397,0000  1387360,9143            12,82%
      0     0  -1,00000e+75     0  1591397,0000  1387360,9143      268   12,82%
Detecting symmetries...
      0     2  1378133,7883    95  1591397,0000  1387360,9143      268   12,82%
Elapsed time = 0,13 sec. (81,25 ticks, tree = 0,02 MB, solutions = 3)
*     9+    1                      1571312,0000  1387360,9143            11,71%
*    10+    4                      1568920,0000  1387360,9143            11,57%
*    27+    8                      1567667,0000  1387456,8582            11,50%
*    40+    7                      1565712,0000  1398833,6248            10,66%
*    73+   12                      1545835,0000  1398833,6248             9,51%
*   800   489      integral     0  1516709,0000  1410460,6018     3718    7,01%
*  2702+ 1066                      1513271,0000  1440161,7877             4,83%
*  6061  1585      integral     0  1505641,0000  1472265,6614    46512    2,22%

Performing restart 1

Repeating presolve.
Tried aggregator 2 times.
MIP Presolve eliminated 39 rows and 33 columns.
MIP Presolve modified 581 coefficients.
Aggregator did 1 substitutions.
Reduced MIP has 852 rows, 834 columns, and 2736 nonzeros.
Reduced MIP has 280 binaries, 334 generals, 0 SOSs, and 0 indicators.
Presolve time = 0,00 sec. (4,62 ticks)
Tried aggregator 1 time.
MIP Presolve modified 115 coefficients.
Reduced MIP has 852 rows, 834 columns, and 2736 nonzeros.
Reduced MIP has 280 binaries, 334 generals, 0 SOSs, and 0 indicators.
Presolve time = 0,00 sec. (1,96 ticks)
Represolve time = 0,02 sec. (10,34 ticks)
*  7259+    0                      1498366,0000  1473675,8715             1,65%
   7259     0  1392633,8203   149  1498366,0000      Cuts: 89    58131    1,65%
   7259     0  1402166,1403   155  1498366,0000      Cuts: 55    58201    1,65%
   7259     0  1406422,7387   135  1498366,0000      Cuts: 65    58244    1,65%
   7259     0  1412382,0044   125  1498366,0000      Cuts: 71    58282    1,65%
   7259     0  1418148,0207   101  1498366,0000      Cuts: 45    58317    1,65%
   7259     0  1418523,3882   113  1498366,0000      Cuts: 43    58348    1,65%
   7259     0  1422776,2585   107  1498366,0000      Cuts: 51    58382    1,65%
   7259     0  1424458,8420   122  1498366,0000      Cuts: 45    58420    1,65%
   7259     0  1424901,5634   114  1498366,0000      Cuts: 35    58450    1,65%
   7259     2  1426410,7838   115  1498366,0000  1473675,8715    58450    1,65%

Clique cuts applied:  1
Implied bound cuts applied:  14
Flow cuts applied:  12
Mixed integer rounding cuts applied:  35
Zero-half cuts applied:  5
Lift and project cuts applied:  1
Gomory fractional cuts applied:  37

Root node processing (before b&c):
  Real time             =    0,11 sec. (81,00 ticks)
Parallel b&c, 20 threads:
  Real time             =    0,69 sec. (527,73 ticks)
  Sync time (average)   =    0,23 sec.
  Wait time (average)   =    0,02 sec.
                          ------------
Total (root+branch&cut) =    0,80 sec. (608,73 ticks)

<<< solve


OBJECTIVE: 1498366
xxxx
#Result <fct_obj, tot_cst, tot_ldt, Emiss>: <1.4984e+6 1.4978e+6 606 1.6525e+8>#CS:1497760#A:[0,2,26,22,21,25,21,8,21,15,13,11,15,14,21,11,17,15,15,12,18,12,11,12,9,8,8,10,9,12,17,10,13,12,8,13,9,9,5,15,13,9,9,8,8,6,6,9,3,4,6]#X:[0,1,1,1,1,1,0,0,0,0,0,0,0,0,0,0,0,0,0,0,0,0,0,0,0,0,0,0,0,0,0,0,0,0,0,0,0,0,0,0,0,0,0,0,0,0,0,0,0,0,0]#E: 165252592.599999994#DELIVER:
S8=>P7
S9=>P15
S9=>P17
S7=>P19
S8=>P19
S9=>P19
S8=>P21
S8=>P22
S8=>P24
S8=>P25
S10=>P25
S8=>P26
S3=>P28
S4=>P28
S8=>P28
S10=>P28
S9=>P29
S8=>P31
S8=>P34
S8=>P36
S10=>P38
S3=>P40
S4=>P40
S7=>P40
S8=>P40
S9=>P40
S10=>P40
S8=>P41
S8=>P42
S8=>P43
S8=>P44
S4=>P46
S10=>P46
S10=>P48
S10=>P49
S3=>P50
S4=>P50
S10=>P50
xxxx

<<< post process


<<< done


)
