Array
(
    [CplexRunTime] => Total (root+branch&cut) =    0,77 sec
    [Result] => Array
        (
            [Objective] => fct_obj.
            [ServiceCost] => tot_cst.
            [LateDeliveries] => tot_ldt.
            [Emissions] => Emiss
        )

    [CS] => 1497760
    [A] => Array
        (
            [0] => 0
            [1] => 2
            [2] => 26
            [3] => 22
            [4] => 21
            [5] => 25
            [6] => 21
            [7] => 8
            [8] => 21
            [9] => 15
            [10] => 13
            [11] => 11
            [12] => 15
            [13] => 14
            [14] => 21
            [15] => 11
            [16] => 17
            [17] => 15
            [18] => 15
            [19] => 12
            [20] => 18
            [21] => 12
            [22] => 11
            [23] => 12
            [24] => 9
            [25] => 8
            [26] => 8
            [27] => 10
            [28] => 9
            [29] => 12
            [30] => 17
            [31] => 10
            [32] => 13
            [33] => 12
            [34] => 8
            [35] => 13
            [36] => 9
            [37] => 9
            [38] => 5
            [39] => 15
            [40] => 13
            [41] => 9
            [42] => 9
            [43] => 8
            [44] => 8
            [45] => 6
            [46] => 6
            [47] => 9
            [48] => 3
            [49] => 4
            [50] => 6
        )

    [X] => Array
        (
            [0] => 0
            [1] => 1
            [2] => 1
            [3] => 1
            [4] => 1
            [5] => 1
            [6] => 0
            [7] => 0
            [8] => 0
            [9] => 0
            [10] => 0
            [11] => 0
            [12] => 0
            [13] => 0
            [14] => 0
            [15] => 0
            [16] => 0
            [17] => 0
            [18] => 0
            [19] => 0
            [20] => 0
            [21] => 0
            [22] => 0
            [23] => 0
            [24] => 0
            [25] => 0
            [26] => 0
            [27] => 0
            [28] => 0
            [29] => 0
            [30] => 0
            [31] => 0
            [32] => 0
            [33] => 0
            [34] => 0
            [35] => 0
            [36] => 0
            [37] => 0
            [38] => 0
            [39] => 0
            [40] => 0
            [41] => 0
            [42] => 0
            [43] => 0
            [44] => 0
            [45] => 0
            [46] => 0
            [47] => 0
            [48] => 0
            [49] => 0
            [50] => 0
        )

    [E] => 165252592.6
    [DELIVER] => Array
        (
            [0] => S3=>P7
            [1] => S4=>P7
            [2] => S8=>P7
            [3] => S10=>P7
            [4] => S3=>P15
            [5] => S4=>P15
            [6] => S9=>P15
            [7] => S10=>P15
            [8] => S8=>P17
            [9] => S9=>P17
            [10] => S3=>P19
            [11] => S4=>P19
            [12] => S9=>P19
            [13] => S10=>P19
            [14] => S8=>P21
            [15] => S8=>P22
            [16] => S8=>P24
            [17] => S10=>P24
            [18] => S8=>P25
            [19] => S10=>P25
            [20] => S3=>P26
            [21] => S4=>P26
            [22] => S8=>P26
            [23] => S10=>P26
            [24] => S3=>P28
            [25] => S4=>P28
            [26] => S8=>P28
            [27] => S10=>P28
            [28] => S3=>P29
            [29] => S4=>P29
            [30] => S9=>P29
            [31] => S10=>P29
            [32] => S8=>P31
            [33] => S3=>P34
            [34] => S4=>P34
            [35] => S8=>P34
            [36] => S10=>P34
            [37] => S8=>P36
            [38] => S10=>P38
            [39] => S3=>P40
            [40] => S4=>P40
            [41] => S7=>P40
            [42] => S9=>P40
            [43] => S10=>P40
            [44] => S1=>P41
            [45] => S8=>P41
            [46] => S4=>P42
            [47] => S8=>P42
            [48] => S3=>P43
            [49] => S4=>P43
            [50] => S8=>P43
            [51] => S10=>P43
            [52] => S8=>P44
            [53] => S10=>P44
            [54] => S10=>P46
            [55] => S10=>P48
            [56] => S3=>P49
            [57] => S10=>P49
            [58] => S10=>P50
        )

    [_raw_output] => 
<<< setup

0 0 -1 0 1 0,25 0,5 0,8 1 0 0 0 0 13
1 2 0 5000 1 0,25 0,5 0,8 1 0 10000 1000 1500 13
2 5 1 900 1 0,25 0,5 0,8 1 0 9486 948,6 1500 13
3 7 1 890 1 0,25 0,5 0,8 1 0 8704 870,4 1500 13
4 6 1 910 1 0,25 0,5 0,8 1 0 8059 805,9 1500 13
5 4 1 860 2 0,25 0,5 0,8 1 0 7962 796,2 1500 13
6 4 2 880 3 0,25 0,5 0,8 1 0 7861 786,1 1500 13
7 3 2 800 2 0,25 0,5 0,8 1 0 7628 762,8 1500 13
8 3 2 780 1 0,25 0,5 0,8 1 0 7050 705 1500 13
9 3 3 790 2 0,25 0,5 0,8 1 0 6976 697,6 1500 13
10 4 3 750 3 0,25 0,5 0,8 1 0 6291 629,1 1500 13
11 3 4 690 2 0,25 0,5 0,8 1 0 6234 623,4 1500 13
12 5 4 660 3 0,25 0,5 0,8 1 0 6199 619,9 1500 13
13 5 5 600 8 0,25 0,5 0,5 1 0 6088 608,8 1500 13
14 4 5 640 6 0,25 0,5 0,5 1 0 5680 568 1500 13
15 2 5 700 2 0,25 0,5 0,5 1 0 5673 567,3 1500 13
16 4 6 660 9 0,25 0,5 0,5 1 0 5507 550,7 1500 13
17 6 6 580 6 0,25 0,5 0,5 1 0 5360 536 1500 13
18 3 67 550 2 0,25 0,5 0,5 1 0 5290 529 1500 13
19 3 8 570 1 0,25 0,5 0,5 1 0 5168 516,8 1500 13
20 5 8 600 2 0,25 0,5 0,5 1 0 4944 494,4 1500 13
21 7 9 540 6 0,25 0,5 0,5 1 0 4747 474,7 1500 13
22 6 9 510 4 0,25 0,5 0,5 1 0 4417 441,7 1500 13
23 3 9 590 4 0,25 0,5 0,5 1 0 4033 403,3 1500 13
24 4 10 400 3 0,25 0,5 0,5 1 0 3891 389,1 1500 13
25 3 11 490 2 0,25 0,5 0,5 1 0 3601 360,1 1500 13
26 3 12 480 3 0,25 0,5 0,5 1 0 3279 327,9 1500 13
27 5 12 520 6 0,25 0,5 0,5 1 0 3175 317,5 1500 13
28 4 13 400 16 0,25 0,5 0,5 1 0 2984 298,4 1500 13
29 3 14 480 6 0,25 0,5 0,5 1 0 2866 286,6 1500 13
30 2 14 490 18 0,25 0,5 0,5 1 0 2606 260,6 1500 13
31 5 16 460 9 0,25 0,5 0,5 1 0 2427 242,7 1500 13
32 4 16 500 9 0,25 0,5 0,5 1 0 2231 223,1 1500 13
33 3 18 470 6 0,25 0,5 0,5 1 0 2091 209,1 1500 13
34 3 18 300 4 0,25 0,5 0,5 1 0 1993 199,3 1500 13
35 5 20 380 4 0,25 0,5 0,5 1 0 1837 183,7 1500 13
36 4 23 330 8 0,25 0,5 0,5 1 0 1683 168,3 1500 13
37 3 23 340 12 0,25 0,5 0,5 1 0 1682 168,2 1500 13
38 4 27 350 6 0,25 0,5 0,5 1 0 1589 158,9 1500 13
39 6 30 360 18 0,25 0,5 0,5 1 0 1439 143,9 1500 13
40 4 30 310 54 0,25 0,5 0,5 1 0 1404 140,4 1500 13
41 4 32 330 18 0,25 0,5 0,5 1 0 1265 126,5 1500 13
42 4 33 290 12 0,25 0,5 0,5 1 0 1153 115,3 1500 13
43 3 33 270 12 0,25 0,5 0,5 1 0 1138 113,8 1500 13
44 3 35 260 8 0,25 0,5 0,5 1 0 1094 109,4 1500 13
45 2 37 270 12 0,25 0,5 0,5 1 0 997 99,7 1500 13
46 5 37 270 12 0,25 0,5 0,5 1 0 964 96,4 1500 13
47 3 39 100 54 0,25 0,5 0,5 1 0 917 91,7 1500 13
48 2 39 110 36 0,25 0,5 0,5 1 0 833 83,3 1500 13
49 3 45 50 48 0,25 0,5 0,5 1 0 753 75,3 1500 13
50 5 47 30 108 0,25 0,5 0,5 1 0 723 72,3 1500 13
Node nums: [0 1 2 3 4 5 6 7 8 9 10 11 12 13 14 15 16 17 18 19 20 21 22 23 24 25 26 27
     28 29 30 31 32 33 34 35 36 37 38 39 40 41 42 43 44 45 46 47 48 49 50]
xx-Data uploaded-xx
	**** start init su array ...
0 [0 0 0 0 0 0 0 0 0 0]
1 [0 0 0 0 0 0 0 0 0 0]
2 [0 0 0 0 0 0 0 0 0 0]
3 [0 0 0 0 0 0 0 0 0 0]
4 [0 0 0 0 0 0 0 0 0 0]
5 [0 0 0 0 0 0 0 0 0 0]
6 [0 0 0 0 0 0 0 0 0 0]
7 [1 1 1 1 1 1 1 1 1 1]
8 [0 0 0 0 0 0 0 0 0 0]
9 [0 0 0 0 0 0 0 0 0 0]
10 [0 0 0 0 0 0 0 0 0 0]
11 [0 0 0 0 0 0 0 0 0 0]
12 [0 0 0 0 0 0 0 0 0 0]
13 [0 0 0 0 0 0 0 0 0 0]
14 [0 0 0 0 0 0 0 0 0 0]
15 [1 1 1 1 1 1 1 1 1 1]
16 [0 0 0 0 0 0 0 0 0 0]
17 [1 1 1 1 1 1 1 1 1 1]
18 [0 0 0 0 0 0 0 0 0 0]
19 [1 1 1 1 1 1 1 1 1 1]
20 [0 0 0 0 0 0 0 0 0 0]
21 [1 1 1 1 1 1 1 1 1 1]
22 [1 1 1 1 1 1 1 1 1 1]
23 [0 0 0 0 0 0 0 0 0 0]
24 [1 1 1 1 1 1 1 1 1 1]
25 [1 1 1 1 1 1 1 1 1 1]
26 [1 1 1 1 1 1 1 1 1 1]
27 [0 0 0 0 0 0 0 0 0 0]
28 [1 1 1 1 1 1 1 1 1 1]
29 [1 1 1 1 1 1 1 1 1 1]
30 [0 0 0 0 0 0 0 0 0 0]
31 [1 1 1 1 1 1 1 1 1 1]
32 [0 0 0 0 0 0 0 0 0 0]
33 [0 0 0 0 0 0 0 0 0 0]
34 [1 1 1 1 1 1 1 1 1 1]
35 [1 1 1 1 1 1 1 1 1 1]
36 [1 1 1 1 1 1 1 1 1 1]
37 [0 0 0 0 0 0 0 0 0 0]
38 [1 1 1 1 1 1 1 1 1 1]
39 [0 0 0 0 0 0 0 0 0 0]
40 [1 1 1 1 1 1 1 1 1 1]
41 [1 1 1 1 1 1 1 1 1 1]
42 [1 1 1 1 1 1 1 1 1 1]
43 [1 1 1 1 1 1 1 1 1 1]
44 [1 1 1 1 1 1 1 1 1 1]
45 [0 0 0 0 0 0 0 0 0 0]
46 [1 1 1 1 1 1 1 1 1 1]
47 [0 0 0 0 0 0 0 0 0 0]
48 [1 1 1 1 1 1 1 1 1 1]
49 [1 1 1 1 1 1 1 1 1 1]
50 [1 1 1 1 1 1 1 1 1 1]
	**** end init su array ...
1 2 1 700 80 0.85 0.92 0.8 (9)9
2 2 0.9 800 75 0.82 0.90 0.9 (9)9
3 1 1.1 680 90 0.88 0.95 0.5 (9)9
4 1 1 480 100 0.86 0.93 0.6 (9)9
5 5 0.6 550 40 0.72 0.78 1.5 (9)9
6 6 0.5 650 45 0.70 0.75 2.0 (9)9
7 7 0.5 1100 40 0.68 0.72 2.5 (9)9
8 5 0.3 700 30 0.65 0.70 1.8 (9)9
9 9 0.2 1700 15 0.60 0.65 3.5 (9)9
10 1 0.8 5800 40 0.80 0.88 0.7 (9)9

<<< generate

Version identifier: 20.1.0.0 | 2020-11-10 | 9bedb6d68
CPXPARAM_TimeLimit                               1800
Tried aggregator 2 times.
MIP Presolve eliminated 13362 rows and 543 columns.
MIP Presolve added 480 rows and 240 columns.
MIP Presolve modified 454 coefficients.
Aggregator did 2 substitutions.
Reduced MIP has 1204 rows, 868 columns, and 3251 nonzeros.
Reduced MIP has 289 binaries, 339 generals, 0 SOSs, and 0 indicators.
Presolve time = 0,00 sec. (12,01 ticks)
Probing time = 0,00 sec. (0,24 ticks)
Cover probing fixed 0 vars, tightened 24 bounds.
Tried aggregator 1 time.
Detecting symmetries...
MIP Presolve eliminated 312 rows and 0 columns.
MIP Presolve modified 336 coefficients.
Reduced MIP has 892 rows, 868 columns, and 2867 nonzeros.
Reduced MIP has 289 binaries, 339 generals, 0 SOSs, and 0 indicators.
Presolve time = 0,00 sec. (2,16 ticks)
Classifier predicts products in MIQP should be linearized.
Probing time = 0,00 sec. (0,20 ticks)
MIP emphasis: balance optimality and feasibility.
MIP search method: dynamic search.
Parallel mode: deterministic, using up to 20 threads.
Root relaxation solution time = 0,00 sec. (3,30 ticks)

        Nodes                                         Cuts/
   Node  Left     Objective  IInf  Best Integer    Best Bound    ItCnt     Gap

      0     0  1350886,5090   101                1350886,5090      166         
      0     0  1375675,5757   129                    Cuts: 61      231         
      0     0  1377965,8142    92                    Cuts: 53      264         
      0     0  1377965,8142    92                  MIRcuts: 4      266         
      0     0  1377991,7432    95                     Cuts: 3      269         
*     0+    0                      1727914,0000  1377991,7432            20,25%
*     0+    0                      1602557,0000  1377991,7432            14,01%
*     0+    0                      1594281,0000  1387360,9143            12,98%
      0     0  -1,00000e+75     0  1594281,0000  1387360,9143      269   12,98%
Detecting symmetries...
      0     2  1377991,7432    95  1594281,0000  1387360,9143      269   12,98%
Elapsed time = 0,13 sec. (79,37 ticks, tree = 0,02 MB, solutions = 3)
*     9+    1                      1574196,0000  1387360,9143            11,87%
*     9+    4                      1568920,0000  1387360,9143            11,57%
*    43+    7                      1568596,0000  1398695,1930            10,83%
*    68+   12                      1545835,0000  1398695,1930             9,52%
*  3405+ 1791                      1540230,0000  1426867,7200             7,36%
*  5258+ 2303                      1539752,0000  1442180,7227             6,34%
   7405  3046        cutoff        1539752,0000  1452814,8675    53624    5,65%

Performing restart 1

Repeating presolve.
Tried aggregator 1 time.
MIP Presolve eliminated 18 rows and 15 columns.
MIP Presolve modified 594 coefficients.
Reduced MIP has 874 rows, 853 columns, and 2809 nonzeros.
Reduced MIP has 285 binaries, 338 generals, 0 SOSs, and 0 indicators.
Presolve time = 0,00 sec. (1,54 ticks)
Tried aggregator 1 time.
MIP Presolve eliminated 1 rows and 1 columns.
MIP Presolve modified 119 coefficients.
Reduced MIP has 873 rows, 852 columns, and 2805 nonzeros.
Reduced MIP has 285 binaries, 337 generals, 0 SOSs, and 0 indicators.
Presolve time = 0,00 sec. (2,11 ticks)
Represolve time = 0,00 sec. (7,00 ticks)
   7525     0  1397869,2660   167  1539752,0000      Cuts: 87    66253    5,46%
   7525     0  1408415,8944   120  1539752,0000      Cuts: 82    66309    5,46%
   7525     0  1414237,7347   164  1539752,0000      Cuts: 70    66364    5,46%
   7525     0  1421831,3983   131  1539752,0000      Cuts: 50    66414    5,46%
   7525     0  1424599,7297   146  1539752,0000      Cuts: 41    66450    5,46%
   7525     0  1431241,7615   131  1539752,0000      Cuts: 52    66501    5,46%
   7525     0  1432245,0192   119  1539752,0000      Cuts: 58    66538    5,46%
   7525     0  1433167,2175   130  1539752,0000      Cuts: 37    66566    5,46%
*  7525+    0                      1532390,0000  1455613,4453             5,01%
   7525     0  1435572,3806   109  1532390,0000      Cuts: 26    66588    5,01%
   7525     0  1436767,6425   109  1532390,0000      Cuts: 32    66613    5,01%
   7525     0  1438841,2752   108  1532390,0000      Cuts: 22    66638    5,01%
   7525     0  1439140,6777   111  1532390,0000      Cuts: 38    66660    5,01%
*  7525+    0                      1513558,0000  1455613,4453             3,83%
*  7525+    0                      1511606,0000  1455613,4453             3,70%
   7535     4  1463921,3493    66  1511606,0000  1457053,5323    66851    3,61%
*  7547+    4                      1499666,0000  1465278,9731             2,29%
*  7556+    8                      1498366,0000  1478299,2096             1,34%

Clique cuts applied:  3
Implied bound cuts applied:  33
Flow cuts applied:  27
Mixed integer rounding cuts applied:  57
Zero-half cuts applied:  9
Lift and project cuts applied:  3
Gomory fractional cuts applied:  54

Root node processing (before b&c):
  Real time             =    0,11 sec. (79,16 ticks)
Parallel b&c, 20 threads:
  Real time             =    0,70 sec. (561,78 ticks)
  Sync time (average)   =    0,19 sec.
  Wait time (average)   =    0,00 sec.
                          ------------
Total (root+branch&cut) =    0,81 sec. (640,94 ticks)

<<< solve


OBJECTIVE: 1498366
xxxx
#Result <fct_obj, tot_cst, tot_ldt, Emiss>: <1.4984e+6 1.4978e+6 606 1.6525e+8>#CS:1497760#A:[0,2,26,22,21,25,21,8,21,15,13,11,15,14,21,11,17,15,15,12,18,12,11,12,9,8,8,10,9,12,17,10,13,12,8,13,9,9,5,15,13,9,9,8,8,6,6,9,3,4,6]#X:[0,1,1,1,1,1,0,0,0,0,0,0,0,0,0,0,0,0,0,0,0,0,0,0,0,0,0,0,0,0,0,0,0,0,0,0,0,0,0,0,0,0,0,0,0,0,0,0,0,0,0]#E: 165252592.599999994#DELIVER:
S3=>P7
S4=>P7
S8=>P7
S10=>P7
S3=>P15
S4=>P15
S9=>P15
S10=>P15
S8=>P17
S9=>P17
S3=>P19
S4=>P19
S9=>P19
S10=>P19
S8=>P21
S8=>P22
S8=>P24
S10=>P24
S8=>P25
S10=>P25
S3=>P26
S4=>P26
S8=>P26
S10=>P26
S3=>P28
S4=>P28
S8=>P28
S10=>P28
S3=>P29
S4=>P29
S9=>P29
S10=>P29
S8=>P31
S3=>P34
S4=>P34
S8=>P34
S10=>P34
S8=>P36
S10=>P38
S3=>P40
S4=>P40
S7=>P40
S9=>P40
S10=>P40
S1=>P41
S8=>P41
S4=>P42
S8=>P42
S3=>P43
S4=>P43
S8=>P43
S10=>P43
S8=>P44
S10=>P44
S10=>P46
S10=>P48
S3=>P49
S10=>P49
S10=>P50
xxxx

<<< post process


<<< done


)
