Array
(
    [CplexRunTime] => Total (root+branch&cut) =    0,22 sec
    [Result] => Array
        (
            [Objective] => fct_obj.
            [ServiceCost] => tot_cst.
            [LateDeliveries] => tot_ldt.
            [Emissions] => Emiss
        )

    [CS] => 127100.5
    [A] => Array
        (
            [0] => 0
            [1] => 2
            [2] => 5
            [3] => 23
            [4] => 6
            [5] => 4
            [6] => 16
            [7] => 12
            [8] => 4
            [9] => 4
            [10] => 4
            [11] => 8
            [12] => 12
            [13] => 20
        )

    [X] => Array
        (
            [0] => 0
            [1] => 1
            [2] => 1
            [3] => 1
            [4] => 1
            [5] => 1
            [6] => 0
            [7] => 0
            [8] => 1
            [9] => 1
            [10] => 1
            [11] => 0
            [12] => 0
            [13] => 1
        )

    [E] => 24993922
    [DELIVER] => Array
        (
            [0] => S3=>P7
            [1] => S4=>P7
            [2] => S9=>P7
            [3] => S4=>P8
            [4] => S4=>P9
            [5] => S1=>P11
            [6] => S2=>P11
            [7] => S3=>P11
            [8] => S4=>P11
            [9] => S5=>P11
            [10] => S8=>P11
            [11] => S10=>P11
            [12] => S1=>P12
            [13] => S2=>P12
            [14] => S3=>P12
            [15] => S4=>P12
            [16] => S5=>P12
            [17] => S8=>P12
            [18] => S10=>P12
            [19] => S9=>P13
        )

    [_raw_output] => 
<<< setup

0 0 -1 0 1 0,25 0,5 0,8 1 0 0 0 0  14
1 2 0 1000 1 0,25 0,5 0,8 1 0 7000 700 1500  14
2 5 1 120 1 0,25 0,5 0,8 1 0 3500 450 1500  14
3 7 1 250 1 0,25 0,5 0,8 1 0 5500 550 1500  14
4 6 1 100 3 0,25 0,5 0,8 1 0 2800 280 1500  14
5 4 2 65 2 0,25 0,5 0,8 1 0 2350 235 1500  14
6 4 3 80 5 0,25 0,5 0,8 1 0 2600 260 1500  14
7 3 3 110 1 0,25 0,5 0,8 1 0 2900 290 1500  14
8 3 4 40 3 0,25 0,5 0,8 1 0 1600 160 1500  14
9 3 5 24 2 0,25 0,5 0,8 1 0 1250 125 1500  14
10 4 5 16 2 0,25 0,5 0,8 1 0 1120 112 1500  14
11 3 6 21 10 0,25 0,5 0,8 1 0 1200 120 1500  14
12 7 6 27 20 0,25 0,5 0,8 1 0 1000 100 1500  14
13 11 10 9 12 0,25 0,5 0,5 1 0 1100 110 1500  14
Node nums: [0 1 2 3 4 5 6 7 8 9 10 11 12 13]
xx-Data uploaded-xx
	**** start init su array ...
0 [0 0 0 0 0 0 0 0 0 0]
1 [0 0 0 0 0 0 0 0 0 0]
2 [0 0 0 0 0 0 0 0 0 0]
3 [0 0 0 0 0 0 0 0 0 0]
4 [0 0 0 0 0 0 0 0 0 0]
5 [0 0 0 0 0 0 0 0 0 0]
6 [0 0 0 0 0 0 0 0 0 0]
7 [1 1 1 1 1 1 1 1 1 1]
8 [1 1 1 1 1 1 1 1 1 1]
9 [1 1 1 1 1 1 1 1 1 1]
10 [0 0 0 0 0 0 0 0 0 0]
11 [1 1 1 1 1 1 1 1 1 1]
12 [1 1 1 1 1 1 1 1 1 1]
13 [1 1 1 1 1 1 1 1 1 1]
	**** end init su array ...
1 2 1 100 80 0.85 0.92 0.8 (9)9
2 2 0.9 60 75 0.82 0.90 0.9 (9)9
3 1 1.1 80 90 0.88 0.95 0.5 (9)9
4 1 1 80 100 0.86 0.93 0.6 (9)9
5 5 0.6 50 40 0.72 0.78 1.5 (9)9
6 6 0.5 60 45 0.70 0.75 2.0 (9)9
7 7 0.5 80 40 0.68 0.72 2.5 (9)9
8 5 0.3 25 30 0.65 0.70 1.8 (9)9
9 9 0.2 250 15 0.60 0.65 3.5 (9)9
10 1 0.8 30 40 0.80 0.88 0.7 (9)9

<<< generate

Version identifier: 20.1.0.0 | 2020-11-10 | 9bedb6d68
CPXPARAM_TimeLimit                               1800
Tried aggregator 2 times.
MIP Presolve eliminated 1104 rows and 164 columns.
MIP Presolve added 120 rows and 60 columns.
MIP Presolve modified 85 coefficients.
Aggregator did 1 substitutions.
Reduced MIP has 301 rows, 217 columns, and 811 nonzeros.
Reduced MIP has 72 binaries, 85 generals, 0 SOSs, and 0 indicators.
Presolve time = 0,00 sec. (1,45 ticks)
Probing time = 0,00 sec. (0,06 ticks)
Cover probing fixed 0 vars, tightened 19 bounds.
Tried aggregator 1 time.
Detecting symmetries...
MIP Presolve eliminated 86 rows and 0 columns.
MIP Presolve modified 68 coefficients.
Reduced MIP has 215 rows, 217 columns, and 699 nonzeros.
Reduced MIP has 72 binaries, 85 generals, 0 SOSs, and 0 indicators.
Presolve time = 0,00 sec. (0,52 ticks)
Classifier predicts products in MIQP should be linearized.
Probing time = 0,00 sec. (0,05 ticks)
MIP emphasis: balance optimality and feasibility.
MIP search method: dynamic search.
Parallel mode: deterministic, using up to 20 threads.
Root relaxation solution time = 0,00 sec. (0,81 ticks)

        Nodes                                         Cuts/
   Node  Left     Objective  IInf  Best Integer    Best Bound    ItCnt     Gap

*     0+    0                       6,06607e+07    16074,0000            99,97%
      0     0   113820,7142    67   6,06607e+07   113820,7142       92   99,81%
      0     0   114333,6121    35   6,06607e+07      Cuts: 58      123   99,81%
      0     0   114772,1190    61   6,06607e+07      Cuts: 19      146   99,81%
      0     0   114813,8042    63   6,06607e+07      Cuts: 11      157   99,81%
      0     0   114833,0144    63   6,06607e+07      Cuts: 10      163   99,81%
      0     0   114836,4010    66   6,06607e+07       Cuts: 5      165   99,81%
Detecting symmetries...
      0     0   114836,7114    65   6,06607e+07       Cuts: 4      166   99,81%
*     0+    0                       154536,2000   114836,7114            25,69%
*     0+    0                       131921,0000   114836,7114            12,95%
Detecting symmetries...
      0     2   114836,7114    65   131921,0000   115544,4407      166   12,41%
Elapsed time = 0,06 sec. (19,28 ticks, tree = 0,02 MB, solutions = 3)
*    91+    5                       129610,0000   116394,6983            10,20%
*  1754   469      integral     0   128170,0000   116485,9609     5095    9,12%
*  2299   654      integral     0   128065,0000   118098,6159     9037    7,78%
*  3045   714      integral     0   127921,0000   119704,9784    14569    6,42%
*  3354   749      integral     0   127701,5000   121069,1827    15803    5,19%
*  4785   193      integral     0   127220,5000   123187,0169    25086    3,17%

Cover cuts applied:  13
Implied bound cuts applied:  71
Flow cuts applied:  3
Mixed integer rounding cuts applied:  12
Zero-half cuts applied:  2
Lift and project cuts applied:  6
Gomory fractional cuts applied:  7

Root node processing (before b&c):
  Real time             =    0,05 sec. (19,18 ticks)
Parallel b&c, 20 threads:
  Real time             =    0,16 sec. (42,89 ticks)
  Sync time (average)   =    0,10 sec.
  Wait time (average)   =    0,00 sec.
                          ------------
Total (root+branch&cut) =    0,20 sec. (62,07 ticks)

<<< solve


OBJECTIVE: 127220.5
xxxx
#Result <fct_obj, tot_cst, tot_ldt, Emiss>: <1.2722e+5 1.271e+5 120 2.4994e+7>#CS:127100.5#A:[0,2,5,23,6,4,16,12,4,4,4,8,12,20]#X:[0,1,1,1,1,1,0,0,1,1,1,0,0,1]#E: 24993922#DELIVER:
S3=>P7
S4=>P7
S9=>P7
S4=>P8
S4=>P9
S1=>P11
S2=>P11
S3=>P11
S4=>P11
S5=>P11
S8=>P11
S10=>P11
S1=>P12
S2=>P12
S3=>P12
S4=>P12
S5=>P12
S8=>P12
S10=>P12
S9=>P13
xxxx

<<< post process


<<< done


)
