Array
(
    [CplexRunTime] => Total (root+branch&cut) =    0,84 sec
    [Result] => Array
        (
            [Objective] => fct_obj.
            [ServiceCost] => tot_cst.
            [LateDeliveries] => tot_ldt.
            [Emissions] => Emiss
        )

    [TS] => 4012640.756
    [A] => Array
        (
            [0] => 2
            [1] => 2
            [2] => 23
            [3] => 22
            [4] => 21
            [5] => 16
            [6] => 18
            [7] => 8
            [8] => 17
            [9] => 15
            [10] => 9
            [11] => 7
            [12] => 15
            [13] => 10
            [14] => 12
            [15] => 7
            [16] => 14
            [17] => 11
            [18] => 11
            [19] => 8
            [20] => 14
            [21] => 12
            [22] => 11
            [23] => 12
            [24] => 5
            [25] => 4
            [26] => 8
            [27] => 10
            [28] => 5
            [29] => 8
            [30] => 8
            [31] => 10
            [32] => 9
            [33] => 8
            [34] => 8
            [35] => 9
            [36] => 9
            [37] => 9
            [38] => 5
            [39] => 6
            [40] => 5
            [41] => 5
            [42] => 5
            [43] => 4
            [44] => 4
            [45] => 2
            [46] => 6
            [47] => 3
            [48] => 3
            [49] => 4
            [50] => 6
        )

    [X] => Array
        (
            [0] => 0
            [1] => 0
            [2] => 1
            [3] => 1
            [4] => 1
            [5] => 1
            [6] => 0
            [7] => 0
            [8] => 0
            [9] => 0
            [10] => 0
            [11] => 0
            [12] => 0
            [13] => 0
            [14] => 0
            [15] => 0
            [16] => 0
            [17] => 0
            [18] => 0
            [19] => 0
            [20] => 0
            [21] => 0
            [22] => 0
            [23] => 0
            [24] => 0
            [25] => 0
            [26] => 0
            [27] => 0
            [28] => 0
            [29] => 0
            [30] => 0
            [31] => 0
            [32] => 0
            [33] => 0
            [34] => 0
            [35] => 0
            [36] => 0
            [37] => 0
            [38] => 0
            [39] => 0
            [40] => 0
            [41] => 0
            [42] => 0
            [43] => 0
            [44] => 0
            [45] => 0
            [46] => 0
            [47] => 1
            [48] => 1
            [49] => 1
            [50] => 1
        )

    [E] => 92015037.8
    [DELIVER] => Array
        (
            [0] => S8=>P7
            [1] => S8=>P15
            [2] => S8=>P17
            [3] => S8=>P19
            [4] => S4=>P21
            [5] => S8=>P21
            [6] => S10=>P21
            [7] => S8=>P22
            [8] => S10=>P24
            [9] => S10=>P25
            [10] => S8=>P26
            [11] => S10=>P26
            [12] => S10=>P28
            [13] => S8=>P29
            [14] => S8=>P31
            [15] => S5=>P34
            [16] => S8=>P34
            [17] => S8=>P36
            [18] => S10=>P38
            [19] => S10=>P40
            [20] => S10=>P41
            [21] => S10=>P42
            [22] => S10=>P43
            [23] => S10=>P44
            [24] => S10=>P46
            [25] => S10=>P48
            [26] => S10=>P49
            [27] => S10=>P50
        )

    [_raw_output] => 
<<< setup

0 0 -1 0 1 0,25 0,5 0,8 1 0 0 0 0 13
1 2 0 5000 1 0,25 0,5 0,8 1 0 10000 1000 1500 13
2 5 1 900 1 0,25 0,5 0,8 1 0 9486 948,6 1500 13
3 7 1 890 1 0,25 0,5 0,8 1 0 8704 870,4 1500 13
4 6 1 910 1 0,25 0,5 0,8 1 0 8059 805,9 1500 13
5 4 1 860 2 0,25 0,5 0,8 1 0 7962 796,2 1500 13
6 4 2 880 3 0,25 0,5 0,8 1 0 7861 786,1 1500 13
7 3 2 800 2 0,25 0,5 0,8 1 0 7628 762,8 1500 13
8 3 2 780 1 0,25 0,5 0,8 1 0 7050 705 1500 13
9 3 3 790 2 0,25 0,5 0,8 1 0 6976 697,6 1500 13
10 4 3 750 3 0,25 0,5 0,8 1 0 6291 629,1 1500 13
11 3 4 690 2 0,25 0,5 0,8 1 0 6234 623,4 1500 13
12 5 4 660 3 0,25 0,5 0,8 1 0 6199 619,9 1500 13
13 5 5 600 8 0,25 0,5 0,5 1 0 6088 608,8 1500 13
14 4 5 640 6 0,25 0,5 0,5 1 0 5680 568 1500 13
15 2 5 700 2 0,25 0,5 0,5 1 0 5673 567,3 1500 13
16 4 6 660 9 0,25 0,5 0,5 1 0 5507 550,7 1500 13
17 6 6 580 6 0,25 0,5 0,5 1 0 5360 536 1500 13
18 3 67 550 2 0,25 0,5 0,5 1 0 5290 529 1500 13
19 3 8 570 1 0,25 0,5 0,5 1 0 5168 516,8 1500 13
20 5 8 600 2 0,25 0,5 0,5 1 0 4944 494,4 1500 13
21 7 9 540 6 0,25 0,5 0,5 1 0 4747 474,7 1500 13
22 6 9 510 4 0,25 0,5 0,5 1 0 4417 441,7 1500 13
23 3 9 590 4 0,25 0,5 0,5 1 0 4033 403,3 1500 13
24 4 10 400 3 0,25 0,5 0,5 1 0 3891 389,1 1500 13
25 3 11 490 2 0,25 0,5 0,5 1 0 3601 360,1 1500 13
26 3 12 480 3 0,25 0,5 0,5 1 0 3279 327,9 1500 13
27 5 12 520 6 0,25 0,5 0,5 1 0 3175 317,5 1500 13
28 4 13 400 16 0,25 0,5 0,5 1 0 2984 298,4 1500 13
29 3 14 480 6 0,25 0,5 0,5 1 0 2866 286,6 1500 13
30 2 14 490 18 0,25 0,5 0,5 1 0 2606 260,6 1500 13
31 5 16 460 9 0,25 0,5 0,5 1 0 2427 242,7 1500 13
32 4 16 500 9 0,25 0,5 0,5 1 0 2231 223,1 1500 13
33 3 18 470 6 0,25 0,5 0,5 1 0 2091 209,1 1500 13
34 3 18 300 4 0,25 0,5 0,5 1 0 1993 199,3 1500 13
35 5 20 380 4 0,25 0,5 0,5 1 0 1837 183,7 1500 13
36 4 23 330 8 0,25 0,5 0,5 1 0 1683 168,3 1500 13
37 3 23 340 12 0,25 0,5 0,5 1 0 1682 168,2 1500 13
38 4 27 350 6 0,25 0,5 0,5 1 0 1589 158,9 1500 13
39 6 30 360 18 0,25 0,5 0,5 1 0 1439 143,9 1500 13
40 4 30 310 54 0,25 0,5 0,5 1 0 1404 140,4 1500 13
41 4 32 330 18 0,25 0,5 0,5 1 0 1265 126,5 1500 13
42 4 33 290 12 0,25 0,5 0,5 1 0 1153 115,3 1500 13
43 3 33 270 12 0,25 0,5 0,5 1 0 1138 113,8 1500 13
44 3 35 260 8 0,25 0,5 0,5 1 0 1094 109,4 1500 13
45 2 37 270 12 0,25 0,5 0,5 1 0 997 99,7 1500 13
46 5 37 270 12 0,25 0,5 0,5 1 0 964 96,4 1500 13
47 3 39 100 54 0,25 0,5 0,5 1 0 917 91,7 1500 13
48 2 39 110 36 0,25 0,5 0,5 1 0 833 83,3 1500 13
49 3 45 50 48 0,25 0,5 0,5 1 0 753 75,3 1500 13
50 5 47 30 108 0,25 0,5 0,5 1 0 723 72,3 1500 13
Node nums: [0 1 2 3 4 5 6 7 8 9 10 11 12 13 14 15 16 17 18 19 20 21 22 23 24 25 26 27
     28 29 30 31 32 33 34 35 36 37 38 39 40 41 42 43 44 45 46 47 48 49 50]
xx-Data uploaded-xx
	**** start init su array ...
0 [0 0 0 0 0 0 0 0 0 0]
1 [0 0 0 0 0 0 0 0 0 0]
2 [0 0 0 0 0 0 0 0 0 0]
3 [0 0 0 0 0 0 0 0 0 0]
4 [0 0 0 0 0 0 0 0 0 0]
5 [0 0 0 0 0 0 0 0 0 0]
6 [0 0 0 0 0 0 0 0 0 0]
7 [1 1 1 1 1 1 1 1 1 1]
8 [0 0 0 0 0 0 0 0 0 0]
9 [0 0 0 0 0 0 0 0 0 0]
10 [0 0 0 0 0 0 0 0 0 0]
11 [0 0 0 0 0 0 0 0 0 0]
12 [0 0 0 0 0 0 0 0 0 0]
13 [0 0 0 0 0 0 0 0 0 0]
14 [0 0 0 0 0 0 0 0 0 0]
15 [1 1 1 1 1 1 1 1 1 1]
16 [0 0 0 0 0 0 0 0 0 0]
17 [1 1 1 1 1 1 1 1 1 1]
18 [0 0 0 0 0 0 0 0 0 0]
19 [1 1 1 1 1 1 1 1 1 1]
20 [0 0 0 0 0 0 0 0 0 0]
21 [1 1 1 1 1 1 1 1 1 1]
22 [1 1 1 1 1 1 1 1 1 1]
23 [0 0 0 0 0 0 0 0 0 0]
24 [1 1 1 1 1 1 1 1 1 1]
25 [1 1 1 1 1 1 1 1 1 1]
26 [1 1 1 1 1 1 1 1 1 1]
27 [0 0 0 0 0 0 0 0 0 0]
28 [1 1 1 1 1 1 1 1 1 1]
29 [1 1 1 1 1 1 1 1 1 1]
30 [0 0 0 0 0 0 0 0 0 0]
31 [1 1 1 1 1 1 1 1 1 1]
32 [0 0 0 0 0 0 0 0 0 0]
33 [0 0 0 0 0 0 0 0 0 0]
34 [1 1 1 1 1 1 1 1 1 1]
35 [1 1 1 1 1 1 1 1 1 1]
36 [1 1 1 1 1 1 1 1 1 1]
37 [0 0 0 0 0 0 0 0 0 0]
38 [1 1 1 1 1 1 1 1 1 1]
39 [0 0 0 0 0 0 0 0 0 0]
40 [1 1 1 1 1 1 1 1 1 1]
41 [1 1 1 1 1 1 1 1 1 1]
42 [1 1 1 1 1 1 1 1 1 1]
43 [1 1 1 1 1 1 1 1 1 1]
44 [1 1 1 1 1 1 1 1 1 1]
45 [0 0 0 0 0 0 0 0 0 0]
46 [1 1 1 1 1 1 1 1 1 1]
47 [0 0 0 0 0 0 0 0 0 0]
48 [1 1 1 1 1 1 1 1 1 1]
49 [1 1 1 1 1 1 1 1 1 1]
50 [1 1 1 1 1 1 1 1 1 1]
	**** end init su array ...
1 2 1 700 80 0.85 0.92 0.8 (9)9
2 2 0.9 800 75 0.82 0.90 0.9 (9)9
3 1 1.1 680 90 0.88 0.95 0.5 (9)9
4 1 1 480 100 0.86 0.93 0.6 (9)9
5 5 0.6 550 40 0.72 0.78 1.5 (9)9
6 6 0.5 650 45 0.70 0.75 2.0 (9)9
7 7 0.5 1100 40 0.68 0.72 2.5 (9)9
8 5 0.3 700 30 0.65 0.70 1.8 (9)9
9 9 0.2 1700 15 0.60 0.65 3.5 (9)9
10 1 0.8 5800 40 0.80 0.88 0.7 (9)9

<<< generate

Version identifier: 20.1.0.0 | 2020-11-10 | 9bedb6d68
CPXPARAM_TimeLimit                               1800
Tried aggregator 1 time.
MIP Presolve eliminated 13357 rows and 540 columns.
MIP Presolve added 480 rows and 240 columns.
MIP Presolve modified 214 coefficients.
Reduced MIP has 1210 rows, 873 columns, and 2904 nonzeros.
Reduced MIP has 291 binaries, 342 generals, 0 SOSs, and 0 indicators.
Presolve time = 0,02 sec. (9,23 ticks)
Found incumbent of value 1,5339285e+09 after 0,02 sec. (10,80 ticks)
Probing time = 0,00 sec. (0,23 ticks)
Cover probing fixed 0 vars, tightened 24 bounds.
Tried aggregator 1 time.
MIP Presolve eliminated 418 rows and 105 columns.
MIP Presolve modified 294 coefficients.
Reduced MIP has 792 rows, 768 columns, and 2221 nonzeros.
Reduced MIP has 256 binaries, 302 generals, 0 SOSs, and 0 indicators.
Presolve time = 0,00 sec. (1,29 ticks)
Probing time = 0,00 sec. (0,17 ticks)
Tried aggregator 1 time.
Detecting symmetries...
Reduced MIP has 792 rows, 768 columns, and 2221 nonzeros.
Reduced MIP has 256 binaries, 302 generals, 0 SOSs, and 0 indicators.
Presolve time = 0,00 sec. (1,53 ticks)
Classifier predicts products in MIQP should be linearized.
Probing time = 0,00 sec. (0,16 ticks)
Clique table members: 4.
MIP emphasis: balance optimality and feasibility.
MIP search method: dynamic search.
Parallel mode: deterministic, using up to 20 threads.
Root relaxation solution time = 0,00 sec. (2,26 ticks)

        Nodes                                         Cuts/
   Node  Left     Objective  IInf  Best Integer    Best Bound    ItCnt     Gap

*     0+    0                       1,42139e+09  -2,78769e+07           101,96%
      0     0  3562453,3322   215   1,42139e+09  3562453,3322      237   99,75%
      0     0  3685469,8814   214   1,42139e+09     Cuts: 146      354   99,74%
      0     0  3736864,9772   239   1,42139e+09      Cuts: 98      448   99,74%
      0     0  3744404,4340   205   1,42139e+09      Cuts: 35      476   99,74%
      0     0  3747722,7306   207   1,42139e+09      Cuts: 22      495   99,74%
      0     0  3753739,9593   219   1,42139e+09      Cuts: 12      506   99,74%
Detecting symmetries...
      0     0  3754410,9343   209   1,42139e+09       Cuts: 8      510   99,74%
*     0+    0                      4522271,4160  3754410,9343            16,98%
*     0+    0                      4522238,6160  3754410,9343            16,98%
*     0+    0                      4474188,2160  3754410,9343            16,09%
      0     0  -1,00000e+75     0  4474188,2160  3754410,9343      510   16,09%
Detecting symmetries...
*     0+    0                      4145628,4360  3754410,9343             9,44%
*     0+    0                      4145387,5360  3754410,9343             9,43%
      0     2  3754410,9343   209  4145387,5360  3754410,9343      510    9,43%
Elapsed time = 0,13 sec. (70,30 ticks, tree = 0,02 MB, solutions = 8)
*    11+    1                      4139791,3360  3775379,5599             8,80%
*    39+    3                      4123240,7800  3775379,5599             8,44%
*    45+    7                      4117372,5800  3775379,5599             8,31%
*    48+    9                      4095120,2000  3775379,5599             7,81%
*    48+    3                      4070745,4440  3775379,5599             7,26%
*   190+   19                      4064132,1440  3791050,0048             6,72%

Performing restart 1

Repeating presolve.
Tried aggregator 1 time.
MIP Presolve modified 501 coefficients.
Reduced MIP has 792 rows, 768 columns, and 2221 nonzeros.
Reduced MIP has 256 binaries, 302 generals, 0 SOSs, and 0 indicators.
Presolve time = 0,00 sec. (1,20 ticks)
Tried aggregator 1 time.
MIP Presolve modified 257 coefficients.
Reduced MIP has 792 rows, 768 columns, and 2221 nonzeros.
Reduced MIP has 256 binaries, 302 generals, 0 SOSs, and 0 indicators.
Presolve time = 0,00 sec. (1,60 ticks)
Represolve time = 0,00 sec. (5,75 ticks)
*  5126+    0                      4042883,4440  3883113,2016             3,95%
   5126     0  3857130,3371   229  4042883,4440     Cuts: 162    19711    3,95%
   5126     0  3891671,7834   196  4042883,4440     Cuts: 179    19834    3,74%
   5126     0  3910162,2927   257  4042883,4440     Cuts: 161    19945    3,28%
   5126     0  3920174,7668   249  4042883,4440     Cuts: 192    20058    3,04%
   5126     0  3935278,8427   234  4042883,4440     Cuts: 185    20174    2,66%
   5126     0  3953041,3308   239  4042883,4440     Cuts: 158    20272    2,22%
   5126     0  3966234,5521   216  4042883,4440     Cuts: 166    20352    1,90%
   5126     0  3973258,3986   174  4042883,4440     Cuts: 116    20423    1,72%
*  5126+    0                      4013105,7560  3973258,3986             0,99%
   5126     0  3978050,1091   171  4013105,7560      Cuts: 91    20476    0,87%
   5126     0  3983840,4257   166  4013105,7560     Cuts: 120    20537    0,73%
   5126     0  3986533,9019   139  4013105,7560     Cuts: 102    20596    0,66%
   5126     0  3987103,5872   109  4013105,7560      Cuts: 67    20628    0,65%
   5126     0  3987606,3422    90  4013105,7560      Cuts: 49    20655    0,64%
   5126     0  3988987,2724    93  4013105,7560      Cuts: 44    20684    0,60%
   5126     0  3990244,0372    90  4013105,7560      Cuts: 45    20715    0,57%
   5126     0  3992564,7370    59  4013105,7560      Cuts: 50    20757    0,51%
   5126     0  3993487,6440    92  4013105,7560      Cuts: 54    20786    0,49%
   5126     0  3994244,4780    87  4013105,7560      Cuts: 33    20813    0,47%
   5126     0  3995682,8913    85  4013105,7560      Cuts: 29    20834    0,43%
   5126     0  3996574,9107    88  4013105,7560      Cuts: 39    20856    0,41%
   5126     0  3997717,3412    88  4013105,7560      Cuts: 32    20883    0,38%
   5126     0  3998312,4109    87  4013105,7560      Cuts: 37    20904    0,37%
   5126     0  3998861,8898    84  4013105,7560      Cuts: 25    20925    0,35%
   5126     0  3999081,1879    90  4013105,7560      Cuts: 29    20937    0,35%

Clique cuts applied:  3
Cover cuts applied:  1
Implied bound cuts applied:  28
Flow cuts applied:  47
Mixed integer rounding cuts applied:  146
Zero-half cuts applied:  13
Lift and project cuts applied:  33
Gomory fractional cuts applied:  34

Root node processing (before b&c):
  Real time             =    0,13 sec. (70,11 ticks)
Parallel b&c, 20 threads:
  Real time             =    0,75 sec. (634,85 ticks)
  Sync time (average)   =    0,06 sec.
  Wait time (average)   =    0,00 sec.
                          ------------
Total (root+branch&cut) =    0,88 sec. (704,96 ticks)

<<< solve


OBJECTIVE: 4013106
xxxx
#Result <fct_obj, tot_cst, tot_ldt, Emiss>: <4.0131e+6 4.0126e+6 465 9.2015e+7>#TS:4012640.756#A:[2,2,23,22,21,16,18,8,17,15,9,7,15,10,12,7,14,11,11,8,14,12,11,12,5,4,8,10,5,8,8,10,9,8,8,9,9,9,5,6,5,5,5,4,4,2,6,3,3,4,6]#X:[0,0,1,1,1,1,0,0,0,0,0,0,0,0,0,0,0,0,0,0,0,0,0,0,0,0,0,0,0,0,0,0,0,0,0,0,0,0,0,0,0,0,0,0,0,0,0,1,1,1,1]#E: 92015037.799999997#DELIVER:
S8=>P7
S8=>P15
S8=>P17
S8=>P19
S4=>P21
S8=>P21
S10=>P21
S8=>P22
S10=>P24
S10=>P25
S8=>P26
S10=>P26
S10=>P28
S8=>P29
S8=>P31
S5=>P34
S8=>P34
S8=>P36
S10=>P38
S10=>P40
S10=>P41
S10=>P42
S10=>P43
S10=>P44
S10=>P46
S10=>P48
S10=>P49
S10=>P50
xxxx

<<< post process


<<< done


)
