Array
(
    [CplexRunTime] => Total (root+branch&cut) =    0,06 sec
    [Result] => Array
        (
            [Objective] => fct_obj.
            [ServiceCost] => tot_cst.
            [LateDeliveries] => tot_ldt.
            [Emissions] => Emiss
        )

    [CS] => 51555
    [A] => Array
        (
            [0] => 0
            [1] => 2
            [2] => 5
            [3] => 10
            [4] => 4
            [5] => 6
        )

    [X] => Array
        (
            [0] => 0
            [1] => 1
            [2] => 1
            [3] => 1
            [4] => 0
            [5] => 1
        )

    [E] => 2253700
    [DELIVER] => Array
        (
            [0] => S10=>P2
            [1] => S3=>P4
            [2] => S4=>P4
            [3] => S10=>P4
            [4] => S4=>P5
        )

    [_raw_output] => 
<<< setup

0 0 -1 0 0 0.25 0.5 0.8 1 0 0 0 0  14
1 2 0 700 1 0.25 0.5 0.8 1 0 7000 700 1500  14
2 4 1 165 1 0.25 0.5 0.8 1 0 5000 500 1500  14
3 6 1 100 2 0.25 0.5 0.8 1 0 3500 350 1500  14
4 3 3 25 6 0.25 0.5 0.8 1 0 3000 300 1500  14
5 5 3 30 2 0.25 0.5 0.8 1 0 2500 250 1500  14
Node nums: [0 1 2 3 4 5]
xx-Data uploaded-xx
	**** start init su array ...
0 [0 0 0 0 0 0 0 0 0 0]
1 [0 0 0 0 0 0 0 0 0 0]
2 [1 1 1 1 1 1 1 1 1 1]
3 [0 0 0 0 0 0 0 0 0 0]
4 [1 1 1 1 1 1 1 1 1 1]
5 [1 1 1 1 1 1 1 1 1 1]
	**** end init su array ...
1 2 1 100 80 0.85 0.92 0.8 (9)9
2 2 0.9 60 75 0.82 0.90 0.9 (9)9
3 1 1.1 80 90 0.88 0.95 0.5 (9)9
4 1 1 80 100 0.86 0.93 0.6 (9)9
5 5 0.6 50 40 0.72 0.78 1.5 (9)9
6 6 0.5 60 45 0.70 0.75 2.0 (9)9
7 7 0.5 80 40 0.68 0.72 2.5 (9)9
8 5 0.3 25 30 0.65 0.70 1.8 (9)9
9 9 0.2 250 15 0.60 0.65 3.5 (9)9
10 1 0.8 30 40 0.80 0.88 0.7 (9)9

<<< generate

Version identifier: 20.1.0.0 | 2020-11-10 | 9bedb6d68
CPXPARAM_TimeLimit                               1800
Tried aggregator 2 times.
MIP Presolve eliminated 234 rows and 64 columns.
MIP Presolve added 60 rows and 30 columns.
MIP Presolve modified 70 coefficients.
Aggregator did 1 substitutions.
Reduced MIP has 143 rows, 103 columns, and 374 nonzeros.
Reduced MIP has 34 binaries, 39 generals, 0 SOSs, and 0 indicators.
Presolve time = 0,00 sec. (0,85 ticks)
Probing time = 0,00 sec. (0,04 ticks)
Cover probing fixed 0 vars, tightened 3 bounds.
Tried aggregator 1 time.
Detecting symmetries...
MIP Presolve eliminated 39 rows and 0 columns.
MIP Presolve modified 91 coefficients.
Reduced MIP has 104 rows, 103 columns, and 326 nonzeros.
Reduced MIP has 34 binaries, 39 generals, 0 SOSs, and 0 indicators.
Presolve time = 0,00 sec. (0,40 ticks)
Classifier predicts products in MIQP should be linearized.
Probing time = 0,00 sec. (0,03 ticks)
MIP emphasis: balance optimality and feasibility.
MIP search method: dynamic search.
Parallel mode: deterministic, using up to 20 threads.
Root relaxation solution time = 0,00 sec. (0,37 ticks)

        Nodes                                         Cuts/
   Node  Left     Objective  IInf  Best Integer    Best Bound    ItCnt     Gap

      0     0    41272,6928    47                  41272,6928       47         
      0     0    41296,0276    49                    Cuts: 22       60         
      0     0    41398,6355    36                    Cuts: 23       80         
      0     0    41721,5641    31                    Cuts: 14       87         
      0     0    41867,0151    33                     Cuts: 7       94         
      0     0    41891,8622    33                 ZeroHalf: 2       95         
Detecting symmetries...
      0     0    41895,9783    33                 Impl Bds: 1       96         
*     0+    0                        69486,0000    41895,9783            39,71%
*     0+    0                        51582,0000    41895,9783            18,78%
Detecting symmetries...
      0     2    41895,9783    33    51582,0000    42244,5441       96   18,10%
Elapsed time = 0,05 sec. (8,46 ticks, tree = 0,02 MB, solutions = 2)

Cover cuts applied:  2
Implied bound cuts applied:  33
Mixed integer rounding cuts applied:  10
Zero-half cuts applied:  1
Lift and project cuts applied:  1
Gomory fractional cuts applied:  7

Root node processing (before b&c):
  Real time             =    0,03 sec. (8,38 ticks)
Parallel b&c, 20 threads:
  Real time             =    0,03 sec. (3,92 ticks)
  Sync time (average)   =    0,00 sec.
  Wait time (average)   =    0,00 sec.
                          ------------
Total (root+branch&cut) =    0,06 sec. (12,30 ticks)

<<< solve


OBJECTIVE: 51582
xxxx
#Result <fct_obj, tot_cst, tot_ldt, Emiss>: <51582 51555 27 2.2537e+6>#CS:51555#A:[0,2,5,10,4,6]#X:[0,1,1,1,0,1]#E: 2253700#DELIVER:
S10=>P2
S3=>P4
S4=>P4
S10=>P4
S4=>P5
xxxx

<<< post process


<<< done


)
