Array
(
    [CplexRunTime] => Total (root+branch&cut) =    0,41 sec
    [Result] => Array
        (
            [Objective] => fct_obj.
            [ServiceCost] => tot_cst.
            [LateDeliveries] => tot_ldt.
            [Emissions] => Emiss
        )

    [TS] => 542942.34
    [A] => Array
        (
            [0] => 2
            [1] => 2
            [2] => 5
            [3] => 7
            [4] => 6
            [5] => 4
            [6] => 4
            [7] => 4
            [8] => 4
            [9] => 4
            [10] => 4
            [11] => 5
            [12] => 16
            [13] => 13
        )

    [X] => Array
        (
            [0] => 0
            [1] => 0
            [2] => 1
            [3] => 1
            [4] => 1
            [5] => 1
            [6] => 1
            [7] => 1
            [8] => 1
            [9] => 1
            [10] => 1
            [11] => 1
            [12] => 1
            [13] => 1
        )

    [E] => 11401617
    [DELIVER] => Array
        (
            [0] => S10=>P7
            [1] => S4=>P8
            [2] => S4=>P9
            [3] => S1=>P11
            [4] => S4=>P11
            [5] => S10=>P11
            [6] => S6=>P12
            [7] => S7=>P12
            [8] => S8=>P12
            [9] => S9=>P12
            [10] => S1=>P13
            [11] => S2=>P13
            [12] => S4=>P13
        )

    [_raw_output] => 
<<< setup

0 0 -1 0 1 0,25 0,5 0,8 1 0 0 0 0  14
1 2 0 1000 1 0,25 0,5 0,8 1 0 7000 700 1500  14
2 5 1 120 1 0,25 0,5 0,8 1 0 3500 450 1500  14
3 7 1 250 1 0,25 0,5 0,8 1 0 5500 550 1500  14
4 6 1 100 3 0,25 0,5 0,8 1 0 2800 280 1500  14
5 4 2 65 2 0,25 0,5 0,8 1 0 2350 235 1500  14
6 4 3 80 5 0,25 0,5 0,8 1 0 2600 260 1500  14
7 3 3 110 1 0,25 0,5 0,8 1 0 2900 290 1500  14
8 3 4 40 3 0,25 0,5 0,8 1 0 1600 160 1500  14
9 3 5 24 2 0,25 0,5 0,8 1 0 1250 125 1500  14
10 4 5 16 2 0,25 0,5 0,8 1 0 1120 112 1500  14
11 3 6 21 10 0,25 0,5 0,8 1 0 1200 120 1500  14
12 7 6 27 20 0,25 0,5 0,8 1 0 1000 100 1500  14
13 11 10 9 12 0,25 0,5 0,5 1 0 1100 110 1500  14
Node nums: [0 1 2 3 4 5 6 7 8 9 10 11 12 13]
xx-Data uploaded-xx
	**** start init su array ...
0 [0 0 0 0 0 0 0 0 0 0]
1 [0 0 0 0 0 0 0 0 0 0]
2 [0 0 0 0 0 0 0 0 0 0]
3 [0 0 0 0 0 0 0 0 0 0]
4 [0 0 0 0 0 0 0 0 0 0]
5 [0 0 0 0 0 0 0 0 0 0]
6 [0 0 0 0 0 0 0 0 0 0]
7 [1 1 1 1 1 1 1 1 1 1]
8 [1 1 1 1 1 1 1 1 1 1]
9 [1 1 1 1 1 1 1 1 1 1]
10 [0 0 0 0 0 0 0 0 0 0]
11 [1 1 1 1 1 1 1 1 1 1]
12 [1 1 1 1 1 1 1 1 1 1]
13 [1 1 1 1 1 1 1 1 1 1]
	**** end init su array ...
1 2 1 100 80 0.85 0.92 0.8 (9)9
2 2 0.9 60 75 0.82 0.90 0.9 (9)9
3 1 1.1 80 90 0.88 0.95 0.5 (9)9
4 1 1 80 100 0.86 0.93 0.6 (9)9
5 5 0.6 50 40 0.72 0.78 1.5 (9)9
6 6 0.5 60 45 0.70 0.75 2.0 (9)9
7 7 0.5 80 40 0.68 0.72 2.5 (9)9
8 5 0.3 25 30 0.65 0.70 1.8 (9)9
9 9 0.2 250 15 0.60 0.65 3.5 (9)9
10 1 0.8 30 40 0.80 0.88 0.7 (9)9

<<< generate

Version identifier: 20.1.0.0 | 2020-11-10 | 9bedb6d68
CPXPARAM_TimeLimit                               1800
Tried aggregator 1 time.
MIP Presolve eliminated 1098 rows and 160 columns.
MIP Presolve added 120 rows and 60 columns.
MIP Presolve modified 28 coefficients.
Reduced MIP has 307 rows, 222 columns, and 737 nonzeros.
Reduced MIP has 74 binaries, 88 generals, 0 SOSs, and 0 indicators.
Presolve time = 0,00 sec. (1,07 ticks)
Found incumbent of value 6,6320426e+07 after 0,00 sec. (1,32 ticks)
Probing time = 0,00 sec. (0,06 ticks)
Cover probing fixed 0 vars, tightened 20 bounds.
Tried aggregator 1 time.
Detecting symmetries...
MIP Presolve eliminated 86 rows and 0 columns.
MIP Presolve modified 68 coefficients.
Reduced MIP has 221 rows, 222 columns, and 625 nonzeros.
Reduced MIP has 74 binaries, 88 generals, 0 SOSs, and 0 indicators.
Presolve time = 0,00 sec. (0,47 ticks)
Classifier predicts products in MIQP should be linearized.
Probing time = 0,00 sec. (0,05 ticks)
Clique table members: 3.
MIP emphasis: balance optimality and feasibility.
MIP search method: dynamic search.
Parallel mode: deterministic, using up to 20 threads.
Root relaxation solution time = 0,00 sec. (0,81 ticks)

        Nodes                                         Cuts/
   Node  Left     Objective  IInf  Best Integer    Best Bound    ItCnt     Gap

*     0+    0                       6,63204e+07  -1,66930e+07           125,17%
*     0+    0                       6,39082e+07  -1,66930e+07           126,12%
*     0+    0                       6,37159e+07  -1,66930e+07           126,20%
*     0+    0                       6,35236e+07  -1,66930e+07           126,28%
      0     0   342457,5090    66   6,35236e+07   342457,5090      121   99,46%
      0     0   379473,7666    75   6,35236e+07      Cuts: 68      173   99,40%
      0     0   401780,2193   132   6,35236e+07      Cuts: 40      204   99,37%
      0     0   403047,7477   122   6,35236e+07      Cuts: 24      222   99,37%
      0     0   403862,5390   118   6,35236e+07      Cuts: 13      235   99,36%
      0     0   403867,1361   118   6,35236e+07       Cuts: 2      236   99,36%
Detecting symmetries...
      0     0   403875,7663   118   6,35236e+07    MIRcuts: 1      238   99,36%
*     0+    0                       659037,2400   403875,7663            38,72%
*     0+    0                       558248,7400   403875,7663            27,65%
*     0+    0                       558247,6400   403875,7663            27,65%
*     0+    0                       557198,8400   403875,7663            27,52%
      0     0  -1,00000e+75     0   557198,8400   403875,7663      238   27,52%
Detecting symmetries...
      0     2   403875,7663   118   557198,8400   403875,7663      238   27,52%
Elapsed time = 0,06 sec. (20,39 ticks, tree = 0,02 MB, solutions = 8)
*    12+    7                       549293,9400   417116,8418            24,06%
*    28+    5                       548897,8400   417116,8418            24,01%
*   218+   19                       547763,9400   417333,6443            23,81%
*  1999+  661                       545742,3400   421413,7244            22,78%
*  5260  2051      integral     0   544431,9400   506905,9486    17860    6,89%
*  5314  2010      integral     0   544190,3400   506905,9486    19451    6,85%
*  6914+ 2195                       543022,3400   515713,5525             5,03%
*  7020+ 2156                       543022,3400   515713,5525             5,03%

Performing restart 1

Repeating presolve.
Tried aggregator 1 time.
MIP Presolve modified 35 coefficients.
Reduced MIP has 221 rows, 222 columns, and 625 nonzeros.
Reduced MIP has 74 binaries, 88 generals, 0 SOSs, and 0 indicators.
Presolve time = 0,00 sec. (0,33 ticks)
Tried aggregator 1 time.
MIP Presolve modified 90 coefficients.
Reduced MIP has 221 rows, 222 columns, and 625 nonzeros.
Reduced MIP has 74 binaries, 88 generals, 0 SOSs, and 0 indicators.
Presolve time = 0,00 sec. (0,45 ticks)
Represolve time = 0,00 sec. (1,74 ticks)
   7085     0   443805,8266   113   543022,3400      Cuts: 70    32341    4,55%
   7085     0   469849,0870    78   543022,3400      Cuts: 86    32395    4,55%
   7085     0   481482,6031    82   543022,3400      Cuts: 52    32434    4,55%
   7085     0   491240,5538    73   543022,3400      Cuts: 59    32472    4,55%
   7085     0   503074,0809    65   543022,3400      Cuts: 41    32516    4,55%
   7085     0   507647,4319   100   543022,3400      Cuts: 39    32562    4,55%
   7085     0   510887,4780    98   543022,3400      Cuts: 28    32586    4,55%
   7085     0   511764,9219    57   543022,3400      Cuts: 53    32595    4,55%
   7085     0   513734,7602    70   543022,3400      Cuts: 36    32615    4,55%
   7085     0   514352,6269    74   543022,3400      Cuts: 21    32636    4,55%
   7085     0   515415,8635    70   543022,3400      Cuts: 20    32652    4,55%
   7085     0   516206,3380    63   543022,3400      Cuts: 12    32665    4,55%
   7085     0   516814,0883    70   543022,3400      Cuts: 12    32682    4,55%
   7085     0   516994,9281    66   543022,3400       Cuts: 9    32695    4,55%
   7085     0   517161,7821    60   543022,3400      Cuts: 16    32702    4,55%

Cover cuts applied:  1
Implied bound cuts applied:  9
Flow cuts applied:  36
Mixed integer rounding cuts applied:  85
Zero-half cuts applied:  3
Lift and project cuts applied:  6
Gomory fractional cuts applied:  38

Root node processing (before b&c):
  Real time             =    0,06 sec. (20,28 ticks)
Parallel b&c, 20 threads:
  Real time             =    0,31 sec. (188,92 ticks)
  Sync time (average)   =    0,08 sec.
  Wait time (average)   =    0,00 sec.
                          ------------
Total (root+branch&cut) =    0,38 sec. (209,19 ticks)

<<< solve


OBJECTIVE: 543022.3
xxxx
#Result <fct_obj, tot_cst, tot_ldt, Emiss>: <5.4302e+5 5.4294e+5 80 1.1402e+7>#TS:542942.34#A:[2,2,5,7,6,4,4,4,4,4,4,5,16,13]#X:[0,0,1,1,1,1,1,1,1,1,1,1,1,1]#E: 11401617#DELIVER:
S10=>P7
S4=>P8
S4=>P9
S1=>P11
S4=>P11
S10=>P11
S6=>P12
S7=>P12
S8=>P12
S9=>P12
S1=>P13
S2=>P13
S4=>P13
xxxx

<<< post process


<<< done


)
