Array
(
    [CplexRunTime] => Total (root+branch&cut) =    0,81 sec
    [Result] => Array
        (
            [Objective] => fct_obj.
            [ServiceCost] => tot_cst.
            [LateDeliveries] => tot_ldt.
            [Emissions] => Emiss
        )

    [TS] => 1193594
    [A] => Array
        (
            [0] => 0
            [1] => 2
            [2] => 4
            [3] => 3
            [4] => 5
            [5] => 6
            [6] => 4
            [7] => 3
            [8] => 5
            [9] => 6
            [10] => 4
            [11] => 3
            [12] => 5
            [13] => 6
            [14] => 4
            [15] => 3
            [16] => 6
            [17] => 7
            [18] => 5
            [19] => 4
            [20] => 6
            [21] => 7
            [22] => 5
            [23] => 4
            [24] => 6
            [25] => 7
            [26] => 5
            [27] => 4
            [28] => 6
            [29] => 7
            [30] => 5
        )

    [X] => Array
        (
            [0] => 0
            [1] => 1
            [2] => 1
            [3] => 1
            [4] => 1
            [5] => 1
            [6] => 1
            [7] => 1
            [8] => 1
            [9] => 1
            [10] => 1
            [11] => 1
            [12] => 1
            [13] => 1
            [14] => 1
            [15] => 1
            [16] => 1
            [17] => 1
            [18] => 1
            [19] => 1
            [20] => 1
            [21] => 1
            [22] => 1
            [23] => 1
            [24] => 1
            [25] => 1
            [26] => 1
            [27] => 1
            [28] => 1
            [29] => 1
            [30] => 1
        )

    [E] => 4452740
    [DELIVER] => Array
        (
            [0] => S10=>P16
            [1] => S10=>P17
            [2] => S10=>P18
            [3] => S10=>P19
            [4] => S10=>P20
            [5] => S10=>P21
            [6] => S10=>P22
            [7] => S10=>P23
            [8] => S10=>P24
            [9] => S10=>P25
            [10] => S10=>P26
            [11] => S10=>P27
            [12] => S10=>P28
            [13] => S10=>P29
            [14] => S10=>P30
        )

    [_raw_output] => 
<<< setup

0 0 -1 0 1 0,25 0,5 0,8 1 0 0 0 0 13
1 2 0 3000 1 0,25 0,5 0,8 1 0 8000 800 1500 13
2 4 1 850 1 0,25 0,5 0,8 1 0 7500 750 1500 13
3 3 1 820 1 0,25 0,5 0,8 1 0 7200 720 1500 13
4 5 2 680 1 0,25 0,5 0,8 1 0 6800 680 1500 13
5 6 2 650 1 0,25 0,5 0,8 1 0 6500 650 1500 13
6 4 3 720 1 0,25 0,5 0,8 1 0 7100 710 1500 13
7 3 3 700 1 0,25 0,5 0,8 1 0 7000 700 1500 13
8 5 4 580 1 0,25 0,5 0,8 1 0 5800 580 1500 13
9 6 4 560 1 0,25 0,5 0,8 1 0 5600 560 1500 13
10 4 5 540 1 0,25 0,5 0,8 1 0 5400 540 1500 13
11 3 5 520 1 0,25 0,5 0,8 1 0 5200 520 1500 13
12 5 6 500 1 0,25 0,5 0,8 1 0 5000 500 1500 13
13 6 6 480 1 0,25 0,5 0,8 1 0 4800 480 1500 13
14 4 7 460 1 0,25 0,5 0,8 1 0 4600 460 1500 13
15 3 7 440 1 0,25 0,5 0,8 1 0 4400 440 1500 13
16 5 8 420 1 0,25 0,5 0,8 1 0 4200 420 1500 13
17 6 8 400 1 0,25 0,5 0,8 1 0 4000 400 1500 13
18 4 9 380 1 0,25 0,5 0,8 1 0 3800 380 1500 13
19 3 9 360 1 0,25 0,5 0,8 1 0 3600 360 1500 13
20 5 10 340 1 0,25 0,5 0,8 1 0 3400 340 1500 13
21 6 10 320 1 0,25 0,5 0,8 1 0 3200 320 1500 13
22 4 11 300 1 0,25 0,5 0,8 1 0 3000 300 1500 13
23 3 11 280 1 0,25 0,5 0,8 1 0 2800 280 1500 13
24 5 12 260 1 0,25 0,5 0,8 1 0 2600 260 1500 13
25 6 12 240 1 0,25 0,5 0,8 1 0 2400 240 1500 13
26 4 13 220 1 0,25 0,5 0,8 1 0 2200 220 1500 13
27 3 13 200 1 0,25 0,5 0,8 1 0 2000 200 1500 13
28 5 14 180 1 0,25 0,5 0,8 1 0 1800 180 1500 13
29 6 14 160 1 0,25 0,5 0,8 1 0 1600 160 1500 13
30 4 15 140 1 0,25 0,5 0,8 1 0 1400 140 1500 13
Node nums: [0 1 2 3 4 5 6 7 8 9 10 11 12 13 14 15 16 17 18 19 20 21 22 23 24 25 26 27
     28 29 30]
xx-Data uploaded-xx
	**** start init su array ...
0 [0 0 0 0 0 0 0 0 0 0]
1 [0 0 0 0 0 0 0 0 0 0]
2 [0 0 0 0 0 0 0 0 0 0]
3 [0 0 0 0 0 0 0 0 0 0]
4 [0 0 0 0 0 0 0 0 0 0]
5 [0 0 0 0 0 0 0 0 0 0]
6 [0 0 0 0 0 0 0 0 0 0]
7 [0 0 0 0 0 0 0 0 0 0]
8 [0 0 0 0 0 0 0 0 0 0]
9 [0 0 0 0 0 0 0 0 0 0]
10 [0 0 0 0 0 0 0 0 0 0]
11 [0 0 0 0 0 0 0 0 0 0]
12 [0 0 0 0 0 0 0 0 0 0]
13 [0 0 0 0 0 0 0 0 0 0]
14 [0 0 0 0 0 0 0 0 0 0]
15 [0 0 0 0 0 0 0 0 0 0]
16 [1 1 1 1 1 1 1 1 1 1]
17 [1 1 1 1 1 1 1 1 1 1]
18 [1 1 1 1 1 1 1 1 1 1]
19 [1 1 1 1 1 1 1 1 1 1]
20 [1 1 1 1 1 1 1 1 1 1]
21 [1 1 1 1 1 1 1 1 1 1]
22 [1 1 1 1 1 1 1 1 1 1]
23 [1 1 1 1 1 1 1 1 1 1]
24 [1 1 1 1 1 1 1 1 1 1]
25 [1 1 1 1 1 1 1 1 1 1]
26 [1 1 1 1 1 1 1 1 1 1]
27 [1 1 1 1 1 1 1 1 1 1]
28 [1 1 1 1 1 1 1 1 1 1]
29 [1 1 1 1 1 1 1 1 1 1]
30 [1 1 1 1 1 1 1 1 1 1]
	**** end init su array ...
1 2 1 700 80 0.85 0.92 0.8 (9)9
2 2 0.9 800 75 0.82 0.90 0.9 (9)9
3 1 1.1 680 90 0.88 0.95 0.5 (9)9
4 1 1 480 100 0.86 0.93 0.6 (9)9
5 5 0.6 550 40 0.72 0.78 1.5 (9)9
6 6 0.5 650 45 0.70 0.75 2.0 (9)9
7 7 0.5 1100 40 0.68 0.72 2.5 (9)9
8 5 0.3 700 30 0.65 0.70 1.8 (9)9
9 9 0.2 1700 15 0.60 0.65 3.5 (9)9
10 1 0.8 5800 40 0.80 0.88 0.7 (9)9

<<< generate

Version identifier: 20.1.0.0 | 2020-11-10 | 9bedb6d68
CPXPARAM_TimeLimit                               1800
Tried aggregator 2 times.
MIP Presolve eliminated 5019 rows and 323 columns.
MIP Presolve added 300 rows and 150 columns.
MIP Presolve modified 153 coefficients.
Aggregator did 2 substitutions.
Reduced MIP has 746 rows, 538 columns, and 1790 nonzeros.
Reduced MIP has 179 binaries, 209 generals, 0 SOSs, and 0 indicators.
Presolve time = 0,02 sec. (4,09 ticks)
Found incumbent of value 2,4985769e+08 after 0,02 sec. (4,75 ticks)
Probing time = 0,00 sec. (0,14 ticks)
Cover probing fixed 0 vars, tightened 15 bounds.
Tried aggregator 1 time.
Detecting symmetries...
MIP Presolve eliminated 195 rows and 0 columns.
MIP Presolve modified 210 coefficients.
Reduced MIP has 551 rows, 538 columns, and 1550 nonzeros.
Reduced MIP has 179 binaries, 209 generals, 0 SOSs, and 0 indicators.
Presolve time = 0,00 sec. (1,19 ticks)
Classifier predicts products in MIQP should be linearized.
Probing time = 0,00 sec. (0,12 ticks)
MIP emphasis: balance optimality and feasibility.
MIP search method: dynamic search.
Parallel mode: deterministic, using up to 20 threads.
Root relaxation solution time = 0,00 sec. (2,31 ticks)

        Nodes                                         Cuts/
   Node  Left     Objective  IInf  Best Integer    Best Bound    ItCnt     Gap

*     0+    0                       2,49858e+08 -6030733,0000           102,41%
*     0+    0                       2,48827e+08 -6030733,0000           102,42%
*     0+    0                       2,47796e+08 -6030733,0000           102,43%
*     0+    0                       2,46765e+08 -6030733,0000           102,44%
*     0+    0                       2,45734e+08 -6030733,0000           102,45%
      0     0  1030375,0000    89   2,45734e+08  1030375,0000      301   99,58%
      0     0  1061323,3431   228   2,45734e+08     Cuts: 111      361   99,57%
*     0+    0                      1250101,0000  1061323,3431            15,10%
      0     0  1062218,8766   270  1250101,0000      Fract: 3      367   15,03%
*     0+    0                      1193741,0000  1062218,8766            11,02%
Detecting symmetries...
      0     2  1062218,8766   270  1193741,0000  1064176,5336      367   10,85%
Elapsed time = 0,08 sec. (32,57 ticks, tree = 0,02 MB, solutions = 7)

Performing restart 1

Repeating presolve.
Tried aggregator 1 time.
MIP Presolve modified 42 coefficients.
Reduced MIP has 551 rows, 538 columns, and 1550 nonzeros.
Reduced MIP has 179 binaries, 209 generals, 0 SOSs, and 0 indicators.
Presolve time = 0,00 sec. (0,80 ticks)
Tried aggregator 1 time.
MIP Presolve modified 345 coefficients.
Reduced MIP has 551 rows, 538 columns, and 1550 nonzeros.
Reduced MIP has 179 binaries, 209 generals, 0 SOSs, and 0 indicators.
Presolve time = 0,02 sec. (1,13 ticks)
Represolve time = 0,02 sec. (3,41 ticks)
   5795     0  1079893,7618   191  1193741,0000     Cuts: 134    15202    9,54%
   5795     0  1106051,6722   157  1193741,0000     Cuts: 189    15324    7,35%
   5795     0  1128308,7661   209  1193741,0000     Cuts: 162    15435    5,48%
   5795     0  1141517,2116   193  1193741,0000     Cuts: 195    15545    4,37%
   5795     0  1148462,2892   204  1193741,0000     Cuts: 168    15609    3,79%
   5795     0  1151934,3106   211  1193741,0000     Cuts: 111    15666    3,50%
   5795     0  1156128,3757   195  1193741,0000      Cuts: 93    15724    3,15%
   5795     0  1158658,0171   183  1193741,0000     Cuts: 110    15788    2,94%
   5795     0  1160137,9118   171  1193741,0000      Cuts: 60    15824    2,81%
   5795     0  1161386,5079   185  1193741,0000      Cuts: 55    15856    2,71%
   5795     0  1162739,6253   187  1193741,0000      Cuts: 50    15898    2,60%
   5795     0  1163777,8990   199  1193741,0000      Cuts: 56    15934    2,51%
   5795     0  1164784,5598   194  1193741,0000      Cuts: 54    15981    2,43%
   5795     0  1165604,3935   202  1193741,0000      Cuts: 37    16021    2,36%
   5795     0  1166297,8423   192  1193741,0000      Cuts: 32    16055    2,30%
   5795     0  1166570,8174   203  1193741,0000      Cuts: 25    16088    2,28%
   5795     0  1166917,4058   191  1193741,0000      Cuts: 21    16107    2,25%
   5795     0  1167175,6696   189  1193741,0000      Cuts: 34    16126    2,23%
   5795     0  1167759,7686   201  1193741,0000      Cuts: 30    16150    2,18%
   5795     0  1168128,7539   199  1193741,0000      Cuts: 39    16183    2,15%
   5795     0  1168318,3180   202  1193741,0000      Cuts: 21    16200    2,13%
   5795     0  1168492,6623   197  1193741,0000      Cuts: 20    16218    2,12%
   5795     0  1168679,4898   200  1193741,0000      Cuts: 16    16237    2,10%
   5795     0  1168936,0107   205  1193741,0000      Cuts: 12    16259    2,08%
   5795     0  1169038,4319   203  1193741,0000      Cuts: 23    16275    2,07%
   5795     0  1169226,0184   214  1193741,0000      Cuts: 15    16291    2,05%
   5795     0  1169408,6555   217  1193741,0000      Cuts: 33    16309    2,04%
   5795     0  1169552,8572   203  1193741,0000      Cuts: 13    16327    2,03%
   5795     0  1169632,6150   210  1193741,0000      Cuts: 10    16345    2,02%
   5795     2  1169736,0844   177  1193741,0000  1169632,6150    16345    2,02%

Implied bound cuts applied:  15
Flow cuts applied:  70
Mixed integer rounding cuts applied:  168
Zero-half cuts applied:  1
Lift and project cuts applied:  10
Gomory fractional cuts applied:  37

Root node processing (before b&c):
  Real time             =    0,06 sec. (32,28 ticks)
Parallel b&c, 20 threads:
  Real time             =    0,75 sec. (614,68 ticks)
  Sync time (average)   =    0,11 sec.
  Wait time (average)   =    0,01 sec.
                          ------------
Total (root+branch&cut) =    0,81 sec. (646,96 ticks)

<<< solve


OBJECTIVE: 1193741
xxxx
#Result <fct_obj, tot_cst, tot_ldt, Emiss>: <1.1937e+6 1.1936e+6 147 4.4527e+6>#TS:1193594#A:[0,2,4,3,5,6,4,3,5,6,4,3,5,6,4,3,6,7,5,4,6,7,5,4,6,7,5,4,6,7,5]#X:[0,1,1,1,1,1,1,1,1,1,1,1,1,1,1,1,1,1,1,1,1,1,1,1,1,1,1,1,1,1,1]#E: 4452740#DELIVER:
S10=>P16
S10=>P17
S10=>P18
S10=>P19
S10=>P20
S10=>P21
S10=>P22
S10=>P23
S10=>P24
S10=>P25
S10=>P26
S10=>P27
S10=>P28
S10=>P29
S10=>P30
xxxx

<<< post process


<<< done


)
