Array
(
    [CplexRunTime] => Total (root+branch&cut) =    0,17 sec
    [Result] => Array
        (
            [Objective] => fct_obj.
            [ServiceCost] => tot_cst.
            [LateDeliveries] => tot_ldt.
            [Emissions] => Emiss
        )

    [TS] => 360946.72
    [A] => Array
        (
            [0] => 0
            [1] => 2
            [2] => 5
            [3] => 23
            [4] => 6
            [5] => 4
            [6] => 16
            [7] => 4
            [8] => 4
            [9] => 4
            [10] => 4
            [11] => 5
            [12] => 12
            [13] => 20
        )

    [X] => Array
        (
            [0] => 0
            [1] => 1
            [2] => 1
            [3] => 1
            [4] => 1
            [5] => 1
            [6] => 0
            [7] => 0
            [8] => 1
            [9] => 1
            [10] => 1
            [11] => 0
            [12] => 0
            [13] => 1
        )

    [E] => 23173872
    [DELIVER] => Array
        (
            [0] => S10=>P7
            [1] => S4=>P8
            [2] => S4=>P9
            [3] => S1=>P11
            [4] => S2=>P11
            [5] => S4=>P11
            [6] => S10=>P11
            [7] => S1=>P12
            [8] => S2=>P12
            [9] => S3=>P12
            [10] => S4=>P12
            [11] => S5=>P12
            [12] => S8=>P12
            [13] => S10=>P12
            [14] => S9=>P13
        )

    [_raw_output] => 
<<< setup

0 0 -1 0 1 0,25 0,5 0,8 1 0 0 0 0  14
1 2 0 1000 1 0,25 0,5 0,8 1 0 7000 700 1500  14
2 5 1 120 1 0,25 0,5 0,8 1 0 3500 450 1500  14
3 7 1 250 1 0,25 0,5 0,8 1 0 5500 550 1500  14
4 6 1 100 3 0,25 0,5 0,8 1 0 2800 280 1500  14
5 4 2 65 2 0,25 0,5 0,8 1 0 2350 235 1500  14
6 4 3 80 5 0,25 0,5 0,8 1 0 2600 260 1500  14
7 3 3 110 1 0,25 0,5 0,8 1 0 2900 290 1500  14
8 3 4 40 3 0,25 0,5 0,8 1 0 1600 160 1500  14
9 3 5 24 2 0,25 0,5 0,8 1 0 1250 125 1500  14
10 4 5 16 2 0,25 0,5 0,8 1 0 1120 112 1500  14
11 3 6 21 10 0,25 0,5 0,8 1 0 1200 120 1500  14
12 7 6 27 20 0,25 0,5 0,8 1 0 1000 100 1500  14
13 11 10 9 12 0,25 0,5 0,5 1 0 1100 110 1500  14
Node nums: [0 1 2 3 4 5 6 7 8 9 10 11 12 13]
xx-Data uploaded-xx
	**** start init su array ...
0 [0 0 0 0 0 0 0 0 0 0]
1 [0 0 0 0 0 0 0 0 0 0]
2 [0 0 0 0 0 0 0 0 0 0]
3 [0 0 0 0 0 0 0 0 0 0]
4 [0 0 0 0 0 0 0 0 0 0]
5 [0 0 0 0 0 0 0 0 0 0]
6 [0 0 0 0 0 0 0 0 0 0]
7 [1 1 1 1 1 1 1 1 1 1]
8 [1 1 1 1 1 1 1 1 1 1]
9 [1 1 1 1 1 1 1 1 1 1]
10 [0 0 0 0 0 0 0 0 0 0]
11 [1 1 1 1 1 1 1 1 1 1]
12 [1 1 1 1 1 1 1 1 1 1]
13 [1 1 1 1 1 1 1 1 1 1]
	**** end init su array ...
1 2 1 100 80 0.85 0.92 0.8 (9)9
2 2 0.9 60 75 0.82 0.90 0.9 (9)9
3 1 1.1 80 90 0.88 0.95 0.5 (9)9
4 1 1 80 100 0.86 0.93 0.6 (9)9
5 5 0.6 50 40 0.72 0.78 1.5 (9)9
6 6 0.5 60 45 0.70 0.75 2.0 (9)9
7 7 0.5 80 40 0.68 0.72 2.5 (9)9
8 5 0.3 25 30 0.65 0.70 1.8 (9)9
9 9 0.2 250 15 0.60 0.65 3.5 (9)9
10 1 0.8 30 40 0.80 0.88 0.7 (9)9

<<< generate

Version identifier: 20.1.0.0 | 2020-11-10 | 9bedb6d68
CPXPARAM_TimeLimit                               1800
Tried aggregator 2 times.
MIP Presolve eliminated 1103 rows and 163 columns.
MIP Presolve added 120 rows and 60 columns.
MIP Presolve modified 28 coefficients.
Aggregator did 2 substitutions.
Reduced MIP has 300 rows, 217 columns, and 720 nonzeros.
Reduced MIP has 72 binaries, 85 generals, 0 SOSs, and 0 indicators.
Presolve time = 0,00 sec. (1,19 ticks)
Found incumbent of value 5,3894512e+07 after 0,00 sec. (1,43 ticks)
Probing time = 0,00 sec. (0,06 ticks)
Cover probing fixed 0 vars, tightened 20 bounds.
Tried aggregator 1 time.
Detecting symmetries...
MIP Presolve eliminated 86 rows and 0 columns.
MIP Presolve modified 68 coefficients.
Reduced MIP has 214 rows, 217 columns, and 608 nonzeros.
Reduced MIP has 72 binaries, 85 generals, 0 SOSs, and 0 indicators.
Presolve time = 0,00 sec. (0,46 ticks)
Classifier predicts products in MIQP should be linearized.
Probing time = 0,00 sec. (0,04 ticks)
MIP emphasis: balance optimality and feasibility.
MIP search method: dynamic search.
Parallel mode: deterministic, using up to 20 threads.
Root relaxation solution time = 0,00 sec. (0,76 ticks)

        Nodes                                         Cuts/
   Node  Left     Objective  IInf  Best Integer    Best Bound    ItCnt     Gap

*     0+    0                       5,38945e+07 -4414208,0000           108,19%
*     0+    0                       5,14357e+07 -4414208,0000           108,58%
*     0+    0                       5,11968e+07 -4414208,0000           108,62%
*     0+    0                       5,09580e+07 -4414208,0000           108,66%
      0     0   260862,3498    48   5,09580e+07   260862,3498      116   99,49%
      0     0   284067,4581    79   5,09580e+07      Cuts: 56      159   99,44%
      0     0   296077,3808    81   5,09580e+07      Cuts: 25      174   99,42%
      0     0   297548,3041    85   5,09580e+07      Cuts: 16      187   99,42%
      0     0   297911,9426    72   5,09580e+07      Cuts: 13      194   99,42%
      0     0   298701,7424    79   5,09580e+07       Cuts: 9      204   99,41%
Detecting symmetries...
      0     0   298804,3213    81   5,09580e+07      Cuts: 10      209   99,41%
      0     0   298912,2011    70   5,09580e+07       Cuts: 4      212   99,41%
      0     0   299370,7854    83   5,09580e+07       Cuts: 6      224   99,41%
      0     0   299559,3193    79   5,09580e+07      Cuts: 10      237   99,41%
      0     0   299610,5521    78   5,09580e+07       Cuts: 9      243   99,41%
      0     0   300096,8718    82   5,09580e+07       Cuts: 3      249   99,41%
      0     0   300265,4443    85   5,09580e+07      Cuts: 11      256   99,41%
      0     0   300360,0717    82   5,09580e+07       Cuts: 4      259   99,41%
      0     0   300398,7898    82   5,09580e+07       Cuts: 2      264   99,41%
      0     0   300398,8046    82   5,09580e+07    MIRcuts: 3      266   99,41%
*     0+    0                       550654,9700   300398,8046            45,45%
*     0+    0                       376868,3600   300398,8046            20,29%
*     0+    0                       375801,5600   300398,8046            20,06%
      0     0  -1,00000e+75     0   375801,5600   300398,8046      266   20,06%
Detecting symmetries...
      0     2   300398,8046    82   375801,5600   300398,8046      266   20,06%
Elapsed time = 0,11 sec. (21,80 ticks, tree = 0,02 MB, solutions = 7)
*   773+  101                       373529,3200   334598,1279            10,42%
*   859   275      integral     0   373015,5200   335588,3038     4122   10,03%
*  1608   304      integral     0   372828,2200   342420,6787     5899    8,16%
*  1637+  286                       372304,3200   342628,9881             7,97%
*  1647   293      integral     0   370954,1200   342628,9881     5929    7,64%
*  1808+  513                       368412,5200   342634,6281             7,00%
*  1954+  451                       366157,3200   342634,6281             6,42%
*  2270   509      integral     0   362557,9200   344158,9313     9176    5,07%
*  2892+  487                       361055,7200   344985,2207             4,45%

Cover cuts applied:  19
Implied bound cuts applied:  77
Flow cuts applied:  3
Mixed integer rounding cuts applied:  18
Zero-half cuts applied:  11
Lift and project cuts applied:  1
Gomory fractional cuts applied:  21

Root node processing (before b&c):
  Real time             =    0,09 sec. (21,74 ticks)
Parallel b&c, 20 threads:
  Real time             =    0,30 sec. (52,22 ticks)
  Sync time (average)   =    0,23 sec.
  Wait time (average)   =    0,00 sec.
                          ------------
Total (root+branch&cut) =    0,39 sec. (73,96 ticks)

<<< solve


OBJECTIVE: 361055.7
xxxx
#Result <fct_obj, tot_cst, tot_ldt, Emiss>: <3.6106e+5 3.6095e+5 109 2.3174e+7>#TS:360946.72#A:[0,2,5,23,6,4,16,4,4,4,4,5,12,20]#X:[0,1,1,1,1,1,0,0,1,1,1,0,0,1]#E: 23173872#DELIVER:
S10=>P7
S4=>P8
S4=>P9
S1=>P11
S2=>P11
S4=>P11
S10=>P11
S1=>P12
S2=>P12
S3=>P12
S4=>P12
S5=>P12
S8=>P12
S10=>P12
S9=>P13
xxxx

<<< post process


<<< done


)
