Array
(
    [CplexRunTime] => Total (root+branch&cut) =    0,03 sec
    [Result] => Array
        (
            [Objective] => fct_obj.
            [ServiceCost] => tot_cst.
            [LateDeliveries] => tot_ldt.
            [Emissions] => Emiss
        )

    [TS] => 135410
    [A] => Array
        (
            [0] => 0
            [1] => 2
            [2] => 5
            [3] => 6
            [4] => 4
            [5] => 6
        )

    [X] => Array
        (
            [0] => 0
            [1] => 1
            [2] => 1
            [3] => 1
            [4] => 1
            [5] => 1
        )

    [E] => 1503000
    [DELIVER] => Array
        (
            [0] => S10=>P2
            [1] => S3=>P4
            [2] => S4=>P4
            [3] => S4=>P5
        )

    [_raw_output] => 
<<< setup

0 0 -1 0 0 0.25 0.5 0.8 1 0 0 0 0  14
1 2 0 700 1 0.25 0.5 0.8 1 0 7000 700 1500  14
2 4 1 165 1 0.25 0.5 0.8 1 0 5000 500 1500  14
3 6 1 100 2 0.25 0.5 0.8 1 0 3500 350 1500  14
4 3 3 25 6 0.25 0.5 0.8 1 0 3000 300 1500  14
5 5 3 30 2 0.25 0.5 0.8 1 0 2500 250 1500  14
Node nums: [0 1 2 3 4 5]
xx-Data uploaded-xx
	**** start init su array ...
0 [0 0 0 0 0 0 0 0 0 0]
1 [0 0 0 0 0 0 0 0 0 0]
2 [1 1 1 1 1 1 1 1 1 1]
3 [0 0 0 0 0 0 0 0 0 0]
4 [1 1 1 1 1 1 1 1 1 1]
5 [1 1 1 1 1 1 1 1 1 1]
	**** end init su array ...
1 2 1 100 80 0.85 0.92 0.8 (9)9
2 2 0.9 60 75 0.82 0.90 0.9 (9)9
3 1 1.1 80 90 0.88 0.95 0.5 (9)9
4 1 1 80 100 0.86 0.93 0.6 (9)9
5 5 0.6 50 40 0.72 0.78 1.5 (9)9
6 6 0.5 60 45 0.70 0.75 2.0 (9)9
7 7 0.5 80 40 0.68 0.72 2.5 (9)9
8 5 0.3 25 30 0.65 0.70 1.8 (9)9
9 9 0.2 250 15 0.60 0.65 3.5 (9)9
10 1 0.8 30 40 0.80 0.88 0.7 (9)9

<<< generate

Version identifier: 20.1.0.0 | 2020-11-10 | 9bedb6d68
CPXPARAM_TimeLimit                               1800
Tried aggregator 2 times.
MIP Presolve eliminated 233 rows and 63 columns.
MIP Presolve added 60 rows and 30 columns.
MIP Presolve modified 22 coefficients.
Aggregator did 2 substitutions.
Reduced MIP has 142 rows, 103 columns, and 340 nonzeros.
Reduced MIP has 34 binaries, 39 generals, 0 SOSs, and 0 indicators.
Presolve time = 0,00 sec. (0,40 ticks)
Found incumbent of value 3,0494060e+07 after 0,00 sec. (0,49 ticks)
Probing time = 0,00 sec. (0,03 ticks)
Cover probing fixed 0 vars, tightened 3 bounds.
Tried aggregator 1 time.
Detecting symmetries...
MIP Presolve eliminated 39 rows and 0 columns.
MIP Presolve modified 42 coefficients.
Reduced MIP has 103 rows, 103 columns, and 292 nonzeros.
Reduced MIP has 34 binaries, 39 generals, 0 SOSs, and 0 indicators.
Presolve time = 0,00 sec. (0,22 ticks)
Classifier predicts products in MIQP should be linearized.
Probing time = 0,00 sec. (0,02 ticks)
MIP emphasis: balance optimality and feasibility.
MIP search method: dynamic search.
Parallel mode: deterministic, using up to 20 threads.
Root relaxation solution time = 0,00 sec. (0,37 ticks)

        Nodes                                         Cuts/
   Node  Left     Objective  IInf  Best Integer    Best Bound    ItCnt     Gap

*     0+    0                       3,04941e+07 -7806193,0000           125,60%
*     0+    0                       3,03274e+07 -7806193,0000           125,74%
*     0+    0                       1,22673e+07 -7806193,0000           163,63%
*     0+    0                       270481,5000 -7806193,0000              --- 
*     0+    0                       270312,0000 -7806193,0000              --- 
*     0+    0                       270142,5000 -7806193,0000              --- 
      0     0   115933,7100    18   270142,5000   115933,7100       62   57,08%
*     0+    0                       141007,0000   115933,7100            17,78%
      0     0   120151,1792    30   141007,0000      Cuts: 25       79   14,79%
      0     0   126918,1875    36   141007,0000      Cuts: 14       87    9,99%
      0     0   128630,6134    22   141007,0000      Cuts: 21      102    8,78%
      0     0   132904,7554    16   141007,0000       Cuts: 7      105    5,75%
      0     0   133045,3960    14   141007,0000       Cuts: 3      107    5,65%
Detecting symmetries...
      0     0   133104,8053    12   141007,0000   Impl Bds: 2      108    5,60%
      0     0   133223,2308     8   141007,0000       Cuts: 4      111    5,52%
      0     0   133248,1843    18   141007,0000   ZeroHalf: 2      115    5,50%
      0     0   133413,9676    16   141007,0000       Cuts: 6      120    5,38%
      0     0   133481,4104    16   141007,0000       Cuts: 2      123    5,34%
      0     0   133525,1176     8   141007,0000       Cuts: 5      126    5,31%
*     0+    0                       135433,0000   133525,1176             1,41%
      0     0        cutoff         135433,0000                    126    0,00%
Elapsed time = 0,03 sec. (6,68 ticks, tree = 0,01 MB, solutions = 8)

Cover cuts applied:  2
Implied bound cuts applied:  23
Flow cuts applied:  2
Mixed integer rounding cuts applied:  2
Zero-half cuts applied:  11
Gomory fractional cuts applied:  6

Root node processing (before b&c):
  Real time             =    0,03 sec. (6,70 ticks)
Parallel b&c, 20 threads:
  Real time             =    0,00 sec. (0,00 ticks)
  Sync time (average)   =    0,00 sec.
  Wait time (average)   =    0,00 sec.
                          ------------
Total (root+branch&cut) =    0,03 sec. (6,70 ticks)

<<< solve


OBJECTIVE: 135433
xxxx
#Result <fct_obj, tot_cst, tot_ldt, Emiss>: <1.3543e+5 1.3541e+5 23 1.503e+6>#TS:135410#A:[0,2,5,6,4,6]#X:[0,1,1,1,1,1]#E: 1503000#DELIVER:
S10=>P2
S3=>P4
S4=>P4
S4=>P5
xxxx

<<< post process


<<< done


)
