Array
(
    [CplexRunTime] => Total (root+branch&cut) =    0,08 sec
    [Result] => Array
        (
            [Objective] => fct_obj.
            [ServiceCost] => tot_cst.
            [LateDeliveries] => tot_ldt.
            [Emissions] => Emiss
        )

    [TS] => 210560
    [A] => Array
        (
            [0] => 0
            [1] => 2
            [2] => 5
            [3] => 6
            [4] => 4
            [5] => 6
        )

    [X] => Array
        (
            [0] => 0
            [1] => 1
            [2] => 1
            [3] => 1
            [4] => 1
            [5] => 1
        )

    [E] => 1503000
    [DELIVER] => Array
        (
            [0] => S10=>P2
            [1] => S3=>P4
            [2] => S4=>P4
            [3] => S4=>P5
        )

    [_raw_output] => 
<<< setup

0 0 -1 0 0 0.25 0.5 0.8 1 0 0 0 0  14
1 2 0 700 1 0.25 0.5 0.8 1 0 7000 700 1500  14
2 4 1 165 1 0.25 0.5 0.8 1 0 5000 500 1500  14
3 6 1 100 2 0.25 0.5 0.8 1 0 3500 350 1500  14
4 3 3 25 6 0.25 0.5 0.8 1 0 3000 300 1500  14
5 5 3 30 2 0.25 0.5 0.8 1 0 2500 250 1500  14
Node nums: [0 1 2 3 4 5]
xx-Data uploaded-xx
	**** start init su array ...
0 [0 0 0 0 0 0 0 0 0 0]
1 [0 0 0 0 0 0 0 0 0 0]
2 [1 1 1 1 1 1 1 1 1 1]
3 [0 0 0 0 0 0 0 0 0 0]
4 [1 1 1 1 1 1 1 1 1 1]
5 [1 1 1 1 1 1 1 1 1 1]
	**** end init su array ...
1 2 1 100 80 0.85 0.92 0.8 (9)9
2 2 0.9 60 75 0.82 0.90 0.9 (9)9
3 1 1.1 80 90 0.88 0.95 0.5 (9)9
4 1 1 80 100 0.86 0.93 0.6 (9)9
5 5 0.6 50 40 0.72 0.78 1.5 (9)9
6 6 0.5 60 45 0.70 0.75 2.0 (9)9
7 7 0.5 80 40 0.68 0.72 2.5 (9)9
8 5 0.3 25 30 0.65 0.70 1.8 (9)9
9 9 0.2 250 15 0.60 0.65 3.5 (9)9
10 1 0.8 30 40 0.80 0.88 0.7 (9)9

<<< generate

Version identifier: 20.1.0.0 | 2020-11-10 | 9bedb6d68
CPXPARAM_TimeLimit                               1800
Tried aggregator 2 times.
MIP Presolve eliminated 233 rows and 63 columns.
MIP Presolve added 60 rows and 30 columns.
MIP Presolve modified 22 coefficients.
Aggregator did 2 substitutions.
Reduced MIP has 142 rows, 103 columns, and 340 nonzeros.
Reduced MIP has 34 binaries, 39 generals, 0 SOSs, and 0 indicators.
Presolve time = 0,00 sec. (0,40 ticks)
Found incumbent of value 4,6815770e+07 after 0,00 sec. (0,49 ticks)
Probing time = 0,00 sec. (0,03 ticks)
Cover probing fixed 0 vars, tightened 3 bounds.
Tried aggregator 1 time.
Detecting symmetries...
MIP Presolve eliminated 39 rows and 0 columns.
MIP Presolve modified 42 coefficients.
Reduced MIP has 103 rows, 103 columns, and 292 nonzeros.
Reduced MIP has 34 binaries, 39 generals, 0 SOSs, and 0 indicators.
Presolve time = 0,00 sec. (0,22 ticks)
Classifier predicts products in MIQP should be linearized.
Probing time = 0,00 sec. (0,02 ticks)
MIP emphasis: balance optimality and feasibility.
MIP search method: dynamic search.
Parallel mode: deterministic, using up to 20 threads.
Root relaxation solution time = 0,00 sec. (0,36 ticks)

        Nodes                                         Cuts/
   Node  Left     Objective  IInf  Best Integer    Best Bound    ItCnt     Gap

*     0+    0                       4,68158e+07  -1,91836e+07           140,98%
*     0+    0                       4,65809e+07  -1,91836e+07           141,18%
*     0+    0                       1,89918e+07  -1,91836e+07           201,01%
*     0+    0                       454537,0000  -1,91836e+07              --- 
*     0+    0                       454363,0000  -1,91836e+07              --- 
*     0+    0                       454189,0000  -1,91836e+07              --- 
      0     0   190223,3400    18   454189,0000   190223,3400       62   58,12%
*     0+    0                       215992,0000   190223,3400            11,93%
      0     0   197220,1700    16   215992,0000      Cuts: 21       82    8,69%
      0     0   203111,0705    31   215992,0000      Cuts: 15       95    5,96%
      0     0   205837,5548    26   215992,0000       Cuts: 7       99    4,70%
      0     0   210367,0000     1   215992,0000      Cuts: 29      107    2,60%
*     0+    0                       212527,0000   210367,0000             1,02%
*     0+    0                       210583,0000   210367,0000             0,10%
      0     0        cutoff         210583,0000   210583,0000      107    0,00%
Elapsed time = 0,05 sec. (3,63 ticks, tree = 0,01 MB, solutions = 9)

Implied bound cuts applied:  25
Flow cuts applied:  3
Mixed integer rounding cuts applied:  3
Zero-half cuts applied:  5
Gomory fractional cuts applied:  8

Root node processing (before b&c):
  Real time             =    0,05 sec. (3,64 ticks)
Parallel b&c, 20 threads:
  Real time             =    0,00 sec. (0,00 ticks)
  Sync time (average)   =    0,00 sec.
  Wait time (average)   =    0,00 sec.
                          ------------
Total (root+branch&cut) =    0,05 sec. (3,64 ticks)

<<< solve


OBJECTIVE: 210583
xxxx
#Result <fct_obj, tot_cst, tot_ldt, Emiss>: <2.1058e+5 2.1056e+5 23 1.503e+6>#TS:210560#A:[0,2,5,6,4,6]#X:[0,1,1,1,1,1]#E: 1503000#DELIVER:
S10=>P2
S3=>P4
S4=>P4
S4=>P5
xxxx

<<< post process


<<< done


)
