Array
(
    [CplexRunTime] => Total (root+branch&cut) =    1,03 sec
    [Result] => Array
        (
            [Objective] => fct_obj.
            [ServiceCost] => tot_cst.
            [LateDeliveries] => tot_ldt.
            [Emissions] => Emiss
        )

    [TS] => 639353.2
    [A] => Array
        (
            [0] => 0
            [1] => 2
            [2] => 21
            [3] => 19
            [4] => 17
            [5] => 17
            [6] => 16
            [7] => 14
            [8] => 12
            [9] => 11
            [10] => 11
            [11] => 8
            [12] => 12
            [13] => 11
            [14] => 11
            [15] => 8
            [16] => 6
            [17] => 7
            [18] => 5
            [19] => 4
            [20] => 6
            [21] => 7
            [22] => 5
            [23] => 4
            [24] => 6
            [25] => 7
            [26] => 5
            [27] => 4
            [28] => 6
            [29] => 7
            [30] => 5
        )

    [X] => Array
        (
            [0] => 0
            [1] => 1
            [2] => 1
            [3] => 1
            [4] => 0
            [5] => 0
            [6] => 0
            [7] => 0
            [8] => 0
            [9] => 0
            [10] => 0
            [11] => 0
            [12] => 0
            [13] => 0
            [14] => 0
            [15] => 0
            [16] => 0
            [17] => 0
            [18] => 0
            [19] => 0
            [20] => 0
            [21] => 0
            [22] => 0
            [23] => 0
            [24] => 0
            [25] => 0
            [26] => 0
            [27] => 0
            [28] => 0
            [29] => 0
            [30] => 0
        )

    [E] => 12835660
    [DELIVER] => Array
        (
            [0] => S10=>P16
            [1] => S10=>P17
            [2] => S4=>P18
            [3] => S10=>P18
            [4] => S3=>P19
            [5] => S4=>P19
            [6] => S10=>P19
            [7] => S10=>P20
            [8] => S10=>P21
            [9] => S3=>P22
            [10] => S4=>P22
            [11] => S10=>P22
            [12] => S3=>P23
            [13] => S4=>P23
            [14] => S10=>P23
            [15] => S10=>P24
            [16] => S4=>P25
            [17] => S10=>P25
            [18] => S10=>P26
            [19] => S10=>P27
            [20] => S10=>P28
            [21] => S10=>P29
            [22] => S10=>P30
        )

    [_raw_output] => 
<<< setup

0 0 -1 0 1 0,25 0,5 0,8 1 0 0 0 0 13
1 2 0 3000 1 0,25 0,5 0,8 1 0 8000 800 1500 13
2 4 1 850 1 0,25 0,5 0,8 1 0 7500 750 1500 13
3 3 1 820 1 0,25 0,5 0,8 1 0 7200 720 1500 13
4 5 2 680 1 0,25 0,5 0,8 1 0 6800 680 1500 13
5 6 2 650 1 0,25 0,5 0,8 1 0 6500 650 1500 13
6 4 3 720 1 0,25 0,5 0,8 1 0 7100 710 1500 13
7 3 3 700 1 0,25 0,5 0,8 1 0 7000 700 1500 13
8 5 4 580 1 0,25 0,5 0,8 1 0 5800 580 1500 13
9 6 4 560 1 0,25 0,5 0,8 1 0 5600 560 1500 13
10 4 5 540 1 0,25 0,5 0,8 1 0 5400 540 1500 13
11 3 5 520 1 0,25 0,5 0,8 1 0 5200 520 1500 13
12 5 6 500 1 0,25 0,5 0,8 1 0 5000 500 1500 13
13 6 6 480 1 0,25 0,5 0,8 1 0 4800 480 1500 13
14 4 7 460 1 0,25 0,5 0,8 1 0 4600 460 1500 13
15 3 7 440 1 0,25 0,5 0,8 1 0 4400 440 1500 13
16 5 8 420 1 0,25 0,5 0,8 1 0 4200 420 1500 13
17 6 8 400 1 0,25 0,5 0,8 1 0 4000 400 1500 13
18 4 9 380 1 0,25 0,5 0,8 1 0 3800 380 1500 13
19 3 9 360 1 0,25 0,5 0,8 1 0 3600 360 1500 13
20 5 10 340 1 0,25 0,5 0,8 1 0 3400 340 1500 13
21 6 10 320 1 0,25 0,5 0,8 1 0 3200 320 1500 13
22 4 11 300 1 0,25 0,5 0,8 1 0 3000 300 1500 13
23 3 11 280 1 0,25 0,5 0,8 1 0 2800 280 1500 13
24 5 12 260 1 0,25 0,5 0,8 1 0 2600 260 1500 13
25 6 12 240 1 0,25 0,5 0,8 1 0 2400 240 1500 13
26 4 13 220 1 0,25 0,5 0,8 1 0 2200 220 1500 13
27 3 13 200 1 0,25 0,5 0,8 1 0 2000 200 1500 13
28 5 14 180 1 0,25 0,5 0,8 1 0 1800 180 1500 13
29 6 14 160 1 0,25 0,5 0,8 1 0 1600 160 1500 13
30 4 15 140 1 0,25 0,5 0,8 1 0 1400 140 1500 13
Node nums: [0 1 2 3 4 5 6 7 8 9 10 11 12 13 14 15 16 17 18 19 20 21 22 23 24 25 26 27
     28 29 30]
xx-Data uploaded-xx
	**** start init su array ...
0 [0 0 0 0 0 0 0 0 0 0]
1 [0 0 0 0 0 0 0 0 0 0]
2 [0 0 0 0 0 0 0 0 0 0]
3 [0 0 0 0 0 0 0 0 0 0]
4 [0 0 0 0 0 0 0 0 0 0]
5 [0 0 0 0 0 0 0 0 0 0]
6 [0 0 0 0 0 0 0 0 0 0]
7 [0 0 0 0 0 0 0 0 0 0]
8 [0 0 0 0 0 0 0 0 0 0]
9 [0 0 0 0 0 0 0 0 0 0]
10 [0 0 0 0 0 0 0 0 0 0]
11 [0 0 0 0 0 0 0 0 0 0]
12 [0 0 0 0 0 0 0 0 0 0]
13 [0 0 0 0 0 0 0 0 0 0]
14 [0 0 0 0 0 0 0 0 0 0]
15 [0 0 0 0 0 0 0 0 0 0]
16 [1 1 1 1 1 1 1 1 1 1]
17 [1 1 1 1 1 1 1 1 1 1]
18 [1 1 1 1 1 1 1 1 1 1]
19 [1 1 1 1 1 1 1 1 1 1]
20 [1 1 1 1 1 1 1 1 1 1]
21 [1 1 1 1 1 1 1 1 1 1]
22 [1 1 1 1 1 1 1 1 1 1]
23 [1 1 1 1 1 1 1 1 1 1]
24 [1 1 1 1 1 1 1 1 1 1]
25 [1 1 1 1 1 1 1 1 1 1]
26 [1 1 1 1 1 1 1 1 1 1]
27 [1 1 1 1 1 1 1 1 1 1]
28 [1 1 1 1 1 1 1 1 1 1]
29 [1 1 1 1 1 1 1 1 1 1]
30 [1 1 1 1 1 1 1 1 1 1]
	**** end init su array ...
1 2 1 700 80 0.85 0.92 0.8 (9)9
2 2 0.9 800 75 0.82 0.90 0.9 (9)9
3 1 1.1 680 90 0.88 0.95 0.5 (9)9
4 1 1 480 100 0.86 0.93 0.6 (9)9
5 5 0.6 550 40 0.72 0.78 1.5 (9)9
6 6 0.5 650 45 0.70 0.75 2.0 (9)9
7 7 0.5 1100 40 0.68 0.72 2.5 (9)9
8 5 0.3 700 30 0.65 0.70 1.8 (9)9
9 9 0.2 1700 15 0.60 0.65 3.5 (9)9
10 1 0.8 5800 40 0.80 0.88 0.7 (9)9

<<< generate

Version identifier: 20.1.0.0 | 2020-11-10 | 9bedb6d68
CPXPARAM_TimeLimit                               1800
Tried aggregator 2 times.
MIP Presolve eliminated 5019 rows and 323 columns.
MIP Presolve added 300 rows and 150 columns.
MIP Presolve modified 153 coefficients.
Aggregator did 2 substitutions.
Reduced MIP has 746 rows, 538 columns, and 1790 nonzeros.
Reduced MIP has 179 binaries, 209 generals, 0 SOSs, and 0 indicators.
Presolve time = 0,00 sec. (4,09 ticks)
Found incumbent of value 1,7742274e+08 after 0,00 sec. (4,75 ticks)
Probing time = 0,00 sec. (0,14 ticks)
Cover probing fixed 0 vars, tightened 15 bounds.
Tried aggregator 1 time.
Detecting symmetries...
MIP Presolve eliminated 195 rows and 0 columns.
MIP Presolve modified 210 coefficients.
Reduced MIP has 551 rows, 538 columns, and 1550 nonzeros.
Reduced MIP has 179 binaries, 209 generals, 0 SOSs, and 0 indicators.
Presolve time = 0,02 sec. (1,19 ticks)
Classifier predicts products in MIQP should be linearized.
Probing time = 0,00 sec. (0,12 ticks)
MIP emphasis: balance optimality and feasibility.
MIP search method: dynamic search.
Parallel mode: deterministic, using up to 20 threads.
Root relaxation solution time = 0,00 sec. (1,88 ticks)

        Nodes                                         Cuts/
   Node  Left     Objective  IInf  Best Integer    Best Bound    ItCnt     Gap

*     0+    0                       1,77423e+08   189171,0000            99,89%
*     0+    0                       1,76642e+08   189171,0000            99,89%
*     0+    0                       1,75862e+08   189171,0000            99,89%
*     0+    0                       1,75082e+08   189171,0000            99,89%
      0     0   585843,2380   221   1,75082e+08   585843,2380      231   99,67%
      0     0   588308,7473   217   1,75082e+08      Cuts: 68      270   99,66%
      0     0   593345,9959   217   1,75082e+08      Cuts: 60      321   99,66%
      0     0   595950,3954   216   1,75082e+08      Cuts: 86      407   99,66%
      0     0   596952,5206   164   1,75082e+08      Cuts: 48      453   99,66%
      0     0   597964,7128   220   1,75082e+08      Cuts: 19      483   99,66%
Detecting symmetries...
      0     0   597984,6002   222   1,75082e+08       Cuts: 6      489   99,66%
      0     0   598078,8431   189   1,75082e+08       Cuts: 8      493   99,66%
      0     0   599548,9096   196   1,75082e+08       Cuts: 6      518   99,66%
      0     0   599875,4963   174   1,75082e+08      Cuts: 10      529   99,66%
      0     0   600776,5474   169   1,75082e+08       Cuts: 8      545   99,66%
      0     0   601087,7553   167   1,75082e+08      Cuts: 16      555   99,66%
      0     0   601288,6092   156   1,75082e+08       Cuts: 5      560   99,66%
      0     0   601437,2685   169   1,75082e+08      Cuts: 11      571   99,66%
      0     0   601546,6473   175   1,75082e+08       Cuts: 6      581   99,66%
      0     0   601667,2121   173   1,75082e+08      Cuts: 12      595   99,66%
      0     0   601737,2413   177   1,75082e+08      Cuts: 11      608   99,66%
*     0+    0                       759626,0000   601737,2413            20,79%
*     0+    0                       703258,8000   601737,2413            14,44%
      0     0  -1,00000e+75     0   703258,8000   601737,2413      608   14,44%
*     0+    0                       668447,2000   601737,2413             9,98%
Detecting symmetries...
      0     2   601737,2413   177   668447,2000   601737,2413      608    9,98%
Elapsed time = 0,19 sec. (73,38 ticks, tree = 0,02 MB, solutions = 7)
*    10+    3                       667463,2000   601738,1184             9,85%
*    22+   10                       667407,2000   601738,1184             9,84%
*    61+    5                       666423,2000   601879,7042             9,69%
*   188+   37                       654761,2000   601879,7042             8,08%
*   213+   30                       653777,2000   601879,7042             7,94%
*  4910  2653      integral     0   641599,2000   604129,6073    22568    5,84%
*  4924+ 2653                       641519,1000   604129,6073             5,83%

Performing restart 1

Repeating presolve.
Tried aggregator 2 times.
MIP Presolve eliminated 3 rows and 1 columns.
MIP Presolve modified 414 coefficients.
Aggregator did 1 substitutions.
Reduced MIP has 547 rows, 536 columns, and 1540 nonzeros.
Reduced MIP has 178 binaries, 208 generals, 0 SOSs, and 0 indicators.
Presolve time = 0,00 sec. (1,24 ticks)
Tried aggregator 1 time.
MIP Presolve eliminated 259 rows and 253 columns.
MIP Presolve modified 135 coefficients.
Reduced MIP has 288 rows, 283 columns, and 812 nonzeros.
Reduced MIP has 94 binaries, 109 generals, 0 SOSs, and 0 indicators.
Presolve time = 0,00 sec. (0,59 ticks)
Tried aggregator 1 time.
MIP Presolve modified 20 coefficients.
Reduced MIP has 288 rows, 283 columns, and 812 nonzeros.
Reduced MIP has 94 binaries, 109 generals, 0 SOSs, and 0 indicators.
Presolve time = 0,00 sec. (0,58 ticks)
Represolve time = 0,52 sec. (375,32 ticks)

Implied bound cuts applied:  63
Flow cuts applied:  1
Mixed integer rounding cuts applied:  35
Zero-half cuts applied:  16
Lift and project cuts applied:  7
Gomory fractional cuts applied:  11

Root node processing (before b&c):
  Real time             =    0,17 sec. (73,14 ticks)
Parallel b&c, 20 threads:
  Real time             =    0,73 sec. (503,26 ticks)
  Sync time (average)   =    0,06 sec.
  Wait time (average)   =    0,00 sec.
                          ------------
Total (root+branch&cut) =    0,91 sec. (576,40 ticks)

<<< solve


OBJECTIVE: 639627.2
xxxx
#Result <fct_obj, tot_cst, tot_ldt, Emiss>: <6.3963e+5 6.3935e+5 274 1.2836e+7>#TS:639353.2#A:[0,2,21,19,17,17,16,14,12,11,11,8,12,11,11,8,6,7,5,4,6,7,5,4,6,7,5,4,6,7,5]#X:[0,1,1,1,0,0,0,0,0,0,0,0,0,0,0,0,0,0,0,0,0,0,0,0,0,0,0,0,0,0,0]#E: 12835660#DELIVER:
S10=>P16
S10=>P17
S4=>P18
S10=>P18
S3=>P19
S4=>P19
S10=>P19
S10=>P20
S10=>P21
S3=>P22
S4=>P22
S10=>P22
S3=>P23
S4=>P23
S10=>P23
S10=>P24
S4=>P25
S10=>P25
S10=>P26
S10=>P27
S10=>P28
S10=>P29
S10=>P30
xxxx

<<< post process


<<< done


)
