Array
(
    [CplexRunTime] => Total (root+branch&cut) =    0,89 sec
    [Result] => Array
        (
            [Objective] => fct_obj.
            [ServiceCost] => tot_cst.
            [LateDeliveries] => tot_ldt.
            [Emissions] => Emiss
        )

    [TS] => 4988164.028
    [A] => Array
        (
            [0] => 0
            [1] => 2
            [2] => 22
            [3] => 22
            [4] => 16
            [5] => 16
            [6] => 17
            [7] => 8
            [8] => 17
            [9] => 15
            [10] => 9
            [11] => 7
            [12] => 10
            [13] => 10
            [14] => 12
            [15] => 7
            [16] => 13
            [17] => 11
            [18] => 11
            [19] => 8
            [20] => 14
            [21] => 12
            [22] => 11
            [23] => 12
            [24] => 5
            [25] => 4
            [26] => 4
            [27] => 5
            [28] => 5
            [29] => 8
            [30] => 8
            [31] => 6
            [32] => 9
            [33] => 8
            [34] => 4
            [35] => 9
            [36] => 5
            [37] => 9
            [38] => 5
            [39] => 6
            [40] => 5
            [41] => 5
            [42] => 5
            [43] => 4
            [44] => 4
            [45] => 2
            [46] => 6
            [47] => 3
            [48] => 3
            [49] => 4
            [50] => 6
        )

    [X] => Array
        (
            [0] => 0
            [1] => 1
            [2] => 1
            [3] => 1
            [4] => 1
            [5] => 1
            [6] => 0
            [7] => 0
            [8] => 0
            [9] => 0
            [10] => 0
            [11] => 0
            [12] => 0
            [13] => 0
            [14] => 0
            [15] => 0
            [16] => 0
            [17] => 0
            [18] => 0
            [19] => 0
            [20] => 0
            [21] => 0
            [22] => 0
            [23] => 0
            [24] => 0
            [25] => 0
            [26] => 0
            [27] => 0
            [28] => 0
            [29] => 0
            [30] => 0
            [31] => 0
            [32] => 0
            [33] => 0
            [34] => 0
            [35] => 0
            [36] => 0
            [37] => 0
            [38] => 1
            [39] => 0
            [40] => 0
            [41] => 0
            [42] => 0
            [43] => 0
            [44] => 0
            [45] => 0
            [46] => 0
            [47] => 1
            [48] => 1
            [49] => 1
            [50] => 1
        )

    [E] => 86357467.6
    [DELIVER] => Array
        (
            [0] => S8=>P7
            [1] => S10=>P7
            [2] => S8=>P15
            [3] => S10=>P15
            [4] => S8=>P17
            [5] => S8=>P19
            [6] => S10=>P19
            [7] => S8=>P21
            [8] => S8=>P22
            [9] => S10=>P24
            [10] => S10=>P25
            [11] => S10=>P26
            [12] => S10=>P28
            [13] => S8=>P29
            [14] => S10=>P31
            [15] => S10=>P34
            [16] => S10=>P36
            [17] => S10=>P38
            [18] => S10=>P40
            [19] => S4=>P41
            [20] => S10=>P41
            [21] => S10=>P42
            [22] => S10=>P43
            [23] => S4=>P44
            [24] => S10=>P44
            [25] => S10=>P46
            [26] => S10=>P48
            [27] => S10=>P49
            [28] => S10=>P50
        )

    [_raw_output] => 
<<< setup

0 0 -1 0 1 0,25 0,5 0,8 1 0 0 0 0 13
1 2 0 5000 1 0,25 0,5 0,8 1 0 10000 1000 1500 13
2 5 1 900 1 0,25 0,5 0,8 1 0 9486 948,6 1500 13
3 7 1 890 1 0,25 0,5 0,8 1 0 8704 870,4 1500 13
4 6 1 910 1 0,25 0,5 0,8 1 0 8059 805,9 1500 13
5 4 1 860 2 0,25 0,5 0,8 1 0 7962 796,2 1500 13
6 4 2 880 3 0,25 0,5 0,8 1 0 7861 786,1 1500 13
7 3 2 800 2 0,25 0,5 0,8 1 0 7628 762,8 1500 13
8 3 2 780 1 0,25 0,5 0,8 1 0 7050 705 1500 13
9 3 3 790 2 0,25 0,5 0,8 1 0 6976 697,6 1500 13
10 4 3 750 3 0,25 0,5 0,8 1 0 6291 629,1 1500 13
11 3 4 690 2 0,25 0,5 0,8 1 0 6234 623,4 1500 13
12 5 4 660 3 0,25 0,5 0,8 1 0 6199 619,9 1500 13
13 5 5 600 8 0,25 0,5 0,5 1 0 6088 608,8 1500 13
14 4 5 640 6 0,25 0,5 0,5 1 0 5680 568 1500 13
15 2 5 700 2 0,25 0,5 0,5 1 0 5673 567,3 1500 13
16 4 6 660 9 0,25 0,5 0,5 1 0 5507 550,7 1500 13
17 6 6 580 6 0,25 0,5 0,5 1 0 5360 536 1500 13
18 3 67 550 2 0,25 0,5 0,5 1 0 5290 529 1500 13
19 3 8 570 1 0,25 0,5 0,5 1 0 5168 516,8 1500 13
20 5 8 600 2 0,25 0,5 0,5 1 0 4944 494,4 1500 13
21 7 9 540 6 0,25 0,5 0,5 1 0 4747 474,7 1500 13
22 6 9 510 4 0,25 0,5 0,5 1 0 4417 441,7 1500 13
23 3 9 590 4 0,25 0,5 0,5 1 0 4033 403,3 1500 13
24 4 10 400 3 0,25 0,5 0,5 1 0 3891 389,1 1500 13
25 3 11 490 2 0,25 0,5 0,5 1 0 3601 360,1 1500 13
26 3 12 480 3 0,25 0,5 0,5 1 0 3279 327,9 1500 13
27 5 12 520 6 0,25 0,5 0,5 1 0 3175 317,5 1500 13
28 4 13 400 16 0,25 0,5 0,5 1 0 2984 298,4 1500 13
29 3 14 480 6 0,25 0,5 0,5 1 0 2866 286,6 1500 13
30 2 14 490 18 0,25 0,5 0,5 1 0 2606 260,6 1500 13
31 5 16 460 9 0,25 0,5 0,5 1 0 2427 242,7 1500 13
32 4 16 500 9 0,25 0,5 0,5 1 0 2231 223,1 1500 13
33 3 18 470 6 0,25 0,5 0,5 1 0 2091 209,1 1500 13
34 3 18 300 4 0,25 0,5 0,5 1 0 1993 199,3 1500 13
35 5 20 380 4 0,25 0,5 0,5 1 0 1837 183,7 1500 13
36 4 23 330 8 0,25 0,5 0,5 1 0 1683 168,3 1500 13
37 3 23 340 12 0,25 0,5 0,5 1 0 1682 168,2 1500 13
38 4 27 350 6 0,25 0,5 0,5 1 0 1589 158,9 1500 13
39 6 30 360 18 0,25 0,5 0,5 1 0 1439 143,9 1500 13
40 4 30 310 54 0,25 0,5 0,5 1 0 1404 140,4 1500 13
41 4 32 330 18 0,25 0,5 0,5 1 0 1265 126,5 1500 13
42 4 33 290 12 0,25 0,5 0,5 1 0 1153 115,3 1500 13
43 3 33 270 12 0,25 0,5 0,5 1 0 1138 113,8 1500 13
44 3 35 260 8 0,25 0,5 0,5 1 0 1094 109,4 1500 13
45 2 37 270 12 0,25 0,5 0,5 1 0 997 99,7 1500 13
46 5 37 270 12 0,25 0,5 0,5 1 0 964 96,4 1500 13
47 3 39 100 54 0,25 0,5 0,5 1 0 917 91,7 1500 13
48 2 39 110 36 0,25 0,5 0,5 1 0 833 83,3 1500 13
49 3 45 50 48 0,25 0,5 0,5 1 0 753 75,3 1500 13
50 5 47 30 108 0,25 0,5 0,5 1 0 723 72,3 1500 13
Node nums: [0 1 2 3 4 5 6 7 8 9 10 11 12 13 14 15 16 17 18 19 20 21 22 23 24 25 26 27
     28 29 30 31 32 33 34 35 36 37 38 39 40 41 42 43 44 45 46 47 48 49 50]
xx-Data uploaded-xx
	**** start init su array ...
0 [0 0 0 0 0 0 0 0 0 0]
1 [0 0 0 0 0 0 0 0 0 0]
2 [0 0 0 0 0 0 0 0 0 0]
3 [0 0 0 0 0 0 0 0 0 0]
4 [0 0 0 0 0 0 0 0 0 0]
5 [0 0 0 0 0 0 0 0 0 0]
6 [0 0 0 0 0 0 0 0 0 0]
7 [1 1 1 1 1 1 1 1 1 1]
8 [0 0 0 0 0 0 0 0 0 0]
9 [0 0 0 0 0 0 0 0 0 0]
10 [0 0 0 0 0 0 0 0 0 0]
11 [0 0 0 0 0 0 0 0 0 0]
12 [0 0 0 0 0 0 0 0 0 0]
13 [0 0 0 0 0 0 0 0 0 0]
14 [0 0 0 0 0 0 0 0 0 0]
15 [1 1 1 1 1 1 1 1 1 1]
16 [0 0 0 0 0 0 0 0 0 0]
17 [1 1 1 1 1 1 1 1 1 1]
18 [0 0 0 0 0 0 0 0 0 0]
19 [1 1 1 1 1 1 1 1 1 1]
20 [0 0 0 0 0 0 0 0 0 0]
21 [1 1 1 1 1 1 1 1 1 1]
22 [1 1 1 1 1 1 1 1 1 1]
23 [0 0 0 0 0 0 0 0 0 0]
24 [1 1 1 1 1 1 1 1 1 1]
25 [1 1 1 1 1 1 1 1 1 1]
26 [1 1 1 1 1 1 1 1 1 1]
27 [0 0 0 0 0 0 0 0 0 0]
28 [1 1 1 1 1 1 1 1 1 1]
29 [1 1 1 1 1 1 1 1 1 1]
30 [0 0 0 0 0 0 0 0 0 0]
31 [1 1 1 1 1 1 1 1 1 1]
32 [0 0 0 0 0 0 0 0 0 0]
33 [0 0 0 0 0 0 0 0 0 0]
34 [1 1 1 1 1 1 1 1 1 1]
35 [1 1 1 1 1 1 1 1 1 1]
36 [1 1 1 1 1 1 1 1 1 1]
37 [0 0 0 0 0 0 0 0 0 0]
38 [1 1 1 1 1 1 1 1 1 1]
39 [0 0 0 0 0 0 0 0 0 0]
40 [1 1 1 1 1 1 1 1 1 1]
41 [1 1 1 1 1 1 1 1 1 1]
42 [1 1 1 1 1 1 1 1 1 1]
43 [1 1 1 1 1 1 1 1 1 1]
44 [1 1 1 1 1 1 1 1 1 1]
45 [0 0 0 0 0 0 0 0 0 0]
46 [1 1 1 1 1 1 1 1 1 1]
47 [0 0 0 0 0 0 0 0 0 0]
48 [1 1 1 1 1 1 1 1 1 1]
49 [1 1 1 1 1 1 1 1 1 1]
50 [1 1 1 1 1 1 1 1 1 1]
	**** end init su array ...
1 2 1 700 80 0.85 0.92 0.8 (9)9
2 2 0.9 800 75 0.82 0.90 0.9 (9)9
3 1 1.1 680 90 0.88 0.95 0.5 (9)9
4 1 1 480 100 0.86 0.93 0.6 (9)9
5 5 0.6 550 40 0.72 0.78 1.5 (9)9
6 6 0.5 650 45 0.70 0.75 2.0 (9)9
7 7 0.5 1100 40 0.68 0.72 2.5 (9)9
8 5 0.3 700 30 0.65 0.70 1.8 (9)9
9 9 0.2 1700 15 0.60 0.65 3.5 (9)9
10 1 0.8 5800 40 0.80 0.88 0.7 (9)9

<<< generate

Version identifier: 20.1.0.0 | 2020-11-10 | 9bedb6d68
CPXPARAM_TimeLimit                               1800
Tried aggregator 2 times.
MIP Presolve eliminated 13362 rows and 543 columns.
MIP Presolve added 480 rows and 240 columns.
MIP Presolve modified 214 coefficients.
Aggregator did 2 substitutions.
Reduced MIP has 1203 rows, 868 columns, and 2887 nonzeros.
Reduced MIP has 289 binaries, 339 generals, 0 SOSs, and 0 indicators.
Presolve time = 0,00 sec. (10,42 ticks)
Found incumbent of value 1,6163242e+09 after 0,00 sec. (11,99 ticks)
Probing time = 0,00 sec. (0,23 ticks)
Cover probing fixed 0 vars, tightened 24 bounds.
Tried aggregator 1 time.
MIP Presolve eliminated 418 rows and 105 columns.
MIP Presolve modified 294 coefficients.
Reduced MIP has 785 rows, 763 columns, and 2204 nonzeros.
Reduced MIP has 254 binaries, 299 generals, 0 SOSs, and 0 indicators.
Presolve time = 0,00 sec. (1,28 ticks)
Probing time = 0,00 sec. (0,16 ticks)
Tried aggregator 1 time.
Detecting symmetries...
Reduced MIP has 785 rows, 763 columns, and 2204 nonzeros.
Reduced MIP has 254 binaries, 299 generals, 0 SOSs, and 0 indicators.
Presolve time = 0,02 sec. (1,52 ticks)
Classifier predicts products in MIQP should be linearized.
Probing time = 0,00 sec. (0,16 ticks)
MIP emphasis: balance optimality and feasibility.
MIP search method: dynamic search.
Parallel mode: deterministic, using up to 20 threads.
Root relaxation solution time = 0,00 sec. (2,49 ticks)

        Nodes                                         Cuts/
   Node  Left     Objective  IInf  Best Integer    Best Bound    ItCnt     Gap

*     0+    0                       1,49843e+09  -5,83245e+07           103,89%
      0     0  4543780,2534   226   1,49843e+09  4543780,2534      263   99,70%
      0     0  4670304,0730   215   1,49843e+09     Cuts: 163      418   99,69%
      0     0  4706240,7210   221   1,49843e+09      Cuts: 97      504   99,69%
      0     0  4724481,0781   224   1,49843e+09      Cuts: 45      544   99,68%
      0     0  4735534,7656   227   1,49843e+09      Cuts: 27      561   99,68%
      0     0  4742130,8929   218   1,49843e+09      Cuts: 18      578   99,68%
Detecting symmetries...
      0     0  4742772,8208   221   1,49843e+09       Cuts: 7      587   99,68%
      0     0  4743640,5148   218   1,49843e+09       Cuts: 6      593   99,68%
      0     0  4744256,2386   221   1,49843e+09       Cuts: 6      597   99,68%
      0     0  4744456,7106   207   1,49843e+09       Cuts: 2      599   99,68%
*     0+    0                      6597219,4120  4744456,7106            28,08%
*     0+    0                      6596955,6120  4744456,7106            28,08%
*     0+    0                      6271502,6719  4744456,7106            24,35%
      0     0  -1,00000e+75     0  6271502,6719  4744456,7106      599   24,35%
Detecting symmetries...
*     0+    0                      5245114,8480  4744456,7106             9,55%
*     0+    0                      5244942,4980  4744456,7106             9,54%
      0     2  4744456,7106   207  5244942,4980  4744456,7106      599    9,54%
Elapsed time = 0,20 sec. (84,37 ticks, tree = 0,02 MB, solutions = 8)
*    11+    3                      5111613,3400  4750226,8096             7,07%
*    33+    8                      5111555,8900  4750226,8096             7,07%
*    38+    7                      5085743,0840  4750226,8096             6,60%
*    44+    5                      5062266,5420  4750226,8096             6,16%
*   117+   15                      5059527,5940  4763305,5317             5,85%
*   140+   16                      5045899,7140  4763305,5317             5,60%
*  1478+  733                      5026524,7140  4778191,8336             4,94%
*  1773+  861                      5026524,7140  4778191,8336             4,94%

Performing restart 1

Repeating presolve.
Tried aggregator 1 time.
MIP Presolve eliminated 3 rows and 3 columns.
MIP Presolve modified 348 coefficients.
Reduced MIP has 782 rows, 760 columns, and 2195 nonzeros.
Reduced MIP has 253 binaries, 298 generals, 0 SOSs, and 0 indicators.
Presolve time = 0,00 sec. (1,18 ticks)
Tried aggregator 1 time.
MIP Presolve modified 247 coefficients.
Reduced MIP has 782 rows, 760 columns, and 2195 nonzeros.
Reduced MIP has 253 binaries, 298 generals, 0 SOSs, and 0 indicators.
Presolve time = 0,00 sec. (1,59 ticks)
Represolve time = 0,02 sec. (5,70 ticks)
*  5329+    0                      5000556,6840  4791579,9696             4,18%
   5329     0  4808788,6961   223  5000556,6840     Cuts: 153    21042    3,83%
   5329     0  4866804,7525   223  5000556,6840     Cuts: 132    21170    2,67%
   5329     0  4904891,2815   240  5000556,6840     Cuts: 183    21287    1,91%
   5329     0  4916986,3615   178  5000556,6840     Cuts: 161    21364    1,67%
*  5329+    0                      4988593,0280  4916986,3615             1,44%
   5329     0  4929430,6751   171  4988593,0280     Cuts: 116    21441    1,19%
   5329     0  4935926,7352   127  4988593,0280     Cuts: 137    21515    1,06%
   5329     0  4938431,6392   167  4988593,0280     Cuts: 101    21581    1,01%
   5329     0  4941435,0604   128  4988593,0280     Cuts: 106    21634    0,95%
   5329     0  4942732,3406   116  4988593,0280      Cuts: 81    21688    0,92%
   5329     0  4944167,4125   120  4988593,0280     Cuts: 106    21745    0,89%
   5329     0  4946315,1973    97  4988593,0280      Cuts: 81    21796    0,85%
   5329     0  4949873,3295   115  4988593,0280     Cuts: 109    21840    0,78%
   5329     0  4951929,2197   111  4988593,0280      Cuts: 73    21877    0,73%
   5329     0  4952819,0634   114  4988593,0280      Cuts: 62    21910    0,72%
   5329     0  4954255,9308    88  4988593,0280      Cuts: 65    21950    0,69%
   5329     0  4954569,1013   114  4988593,0280      Cuts: 44    21983    0,68%
   5329     0  4954947,2351   113  4988593,0280      Cuts: 60    22010    0,67%
   5329     0  4955674,9199   106  4988593,0280      Cuts: 33    22040    0,66%
   5329     0  4955810,2448    72  4988593,0280      Cuts: 21    22059    0,66%
   5329     0  4956015,1851   107  4988593,0280      Cuts: 26    22076    0,65%
   5329     0  4956843,2970   108  4988593,0280      Cuts: 23    22104    0,62%
   5329     0  4960982,9353   105  4988593,0280      Cuts: 55    22142    0,55%
   5329     0  4962066,3566   110  4988593,0280      Cuts: 56    22167    0,53%
   5329     0  4962743,8696   102  4988593,0280      Cuts: 69    22213    0,52%
   5329     0  4963975,7609    98  4988593,0280      Cuts: 61    22230    0,49%
   5329     0  4964750,9006   113  4988593,0280      Cuts: 36    22249    0,48%
   5329     0  4965786,6763   111  4988593,0280      Cuts: 58    22287    0,46%
   5329     0  4965875,5441   107  4988593,0280      Cuts: 60    22314    0,46%
   5329     1  4969838,4257    58  4988593,0280  4965875,5441    22335    0,46%

Cover cuts applied:  1
Implied bound cuts applied:  45
Flow cuts applied:  40
Mixed integer rounding cuts applied:  129
Zero-half cuts applied:  15
Lift and project cuts applied:  17
Gomory fractional cuts applied:  41

Root node processing (before b&c):
  Real time             =    0,19 sec. (84,20 ticks)
Parallel b&c, 20 threads:
  Real time             =    0,89 sec. (615,41 ticks)
  Sync time (average)   =    0,07 sec.
  Wait time (average)   =    0,00 sec.
                          ------------
Total (root+branch&cut) =    1,08 sec. (699,60 ticks)

<<< solve


OBJECTIVE: 4988593
xxxx
#Result <fct_obj, tot_cst, tot_ldt, Emiss>: <4.9886e+6 4.9882e+6 429 8.6357e+7>#TS:4988164.028#A:[0,2,22,22,16,16,17,8,17,15,9,7,10,10,12,7,13,11,11,8,14,12,11,12,5,4,4,5,5,8,8,6,9,8,4,9,5,9,5,6,5,5,5,4,4,2,6,3,3,4,6]#X:[0,1,1,1,1,1,0,0,0,0,0,0,0,0,0,0,0,0,0,0,0,0,0,0,0,0,0,0,0,0,0,0,0,0,0,0,0,0,1,0,0,0,0,0,0,0,0,1,1,1,1]#E: 86357467.599999994#DELIVER:
S8=>P7
S10=>P7
S8=>P15
S10=>P15
S8=>P17
S8=>P19
S10=>P19
S8=>P21
S8=>P22
S10=>P24
S10=>P25
S10=>P26
S10=>P28
S8=>P29
S10=>P31
S10=>P34
S10=>P36
S10=>P38
S10=>P40
S4=>P41
S10=>P41
S10=>P42
S10=>P43
S4=>P44
S10=>P44
S10=>P46
S10=>P48
S10=>P49
S10=>P50
xxxx

<<< post process


<<< done


)
