Array
(
    [CplexRunTime] => Total (root+branch&cut) =    0,13 sec
    [Result] => Array
        (
            [Objective] => fct_obj.
            [ServiceCost] => tot_cst.
            [LateDeliveries] => tot_ldt.
            [Emissions] => Emiss
        )

    [TS] => 220348.8
    [A] => Array
        (
            [0] => 0
            [1] => 3
            [2] => 3
            [3] => 3
            [4] => 2
            [5] => 10
            [6] => 3
            [7] => 6
            [8] => 7
            [9] => 5
            [10] => 6
        )

    [X] => Array
        (
            [0] => 0
            [1] => 1
            [2] => 1
            [3] => 1
            [4] => 1
            [5] => 1
            [6] => 1
            [7] => 0
            [8] => 1
            [9] => 0
            [10] => 1
        )

    [E] => 4502980
    [DELIVER] => Array
        (
            [0] => S10=>P1
            [1] => S10=>P2
            [2] => S10=>P3
            [3] => S3=>P7
            [4] => S4=>P7
            [5] => S10=>P7
            [6] => S4=>P8
            [7] => S4=>P9
            [8] => S10=>P9
            [9] => S4=>P10
        )

    [_raw_output] => 
<<< setup

0 0 -1 0 0 0.25 0.5 0.8 1 0 0 0 0  14
1 2 0 700 1 0.25 0.5 0.8 1 0 7000 700 1500  14
2 2 0 650 1 0.25 0.5 0.8 1 0 6500 650 1500  14
3 2 0 600 1 0.25 0.5 0.8 1 0 6000 600 1500  14
4 2 0 750 1 0.25 0.5 0.8 1 0 7500 750 1500  14
5 4 4 180 1 0.25 0.5 0.8 1 0 5600 560 1500  14
6 3 4 120 2 0.25 0.5 0.8 1 0 3900 390 1500  14
7 5 5 35 6 0.25 0.5 0.8 1 0 3600 360 1500  14
8 6 6 40 2 0.25 0.5 0.8 1 0 3200 320 1500  14
9 4 5 27 4 0.25 0.5 0.8 1 0 3100 310 1500  14
10 5 6 32 3 0.25 0.5 0.8 1 0 2900 290 1500  14
Node nums: [0 1 2 3 4 5 6 7 8 9 10]
xx-Data uploaded-xx
	**** start init su array ...
0 [0 0 0 0 0 0 0 0 0 0]
1 [1 1 1 1 1 1 1 1 1 1]
2 [1 1 1 1 1 1 1 1 1 1]
3 [1 1 1 1 1 1 1 1 1 1]
4 [0 0 0 0 0 0 0 0 0 0]
5 [0 0 0 0 0 0 0 0 0 0]
6 [0 0 0 0 0 0 0 0 0 0]
7 [1 1 1 1 1 1 1 1 1 1]
8 [1 1 1 1 1 1 1 1 1 1]
9 [1 1 1 1 1 1 1 1 1 1]
10 [1 1 1 1 1 1 1 1 1 1]
	**** end init su array ...
1 2 1 100 80 0.85 0.92 0.8 (9)9
2 2 0.9 60 75 0.82 0.90 0.9 (9)9
3 1 1.1 80 90 0.88 0.95 0.5 (9)9
4 1 1 80 100 0.86 0.93 0.6 (9)9
5 5 0.6 50 40 0.72 0.78 1.5 (9)9
6 6 0.5 60 45 0.70 0.75 2.0 (9)9
7 7 0.5 80 40 0.68 0.72 2.5 (9)9
8 5 0.3 25 30 0.65 0.70 1.8 (9)9
9 9 0.2 250 15 0.60 0.65 3.5 (9)9
10 1 0.8 30 40 0.80 0.88 0.7 (9)9

<<< generate

Version identifier: 20.1.0.0 | 2020-11-10 | 9bedb6d68
CPXPARAM_TimeLimit                               1800
Tried aggregator 2 times.
MIP Presolve eliminated 664 rows and 86 columns.
MIP Presolve added 140 rows and 70 columns.
MIP Presolve modified 49 coefficients.
Aggregator did 5 substitutions.
Reduced MIP has 318 rows, 232 columns, and 790 nonzeros.
Reduced MIP has 76 binaries, 86 generals, 0 SOSs, and 0 indicators.
Presolve time = 0,00 sec. (1,07 ticks)
Found incumbent of value 1,6600914e+08 after 0,00 sec. (1,87 ticks)
Probing time = 0,00 sec. (0,07 ticks)
Cover probing fixed 0 vars, tightened 7 bounds.
Tried aggregator 1 time.
MIP Presolve eliminated 178 rows and 93 columns.
MIP Presolve modified 56 coefficients.
Reduced MIP has 140 rows, 139 columns, and 396 nonzeros.
Reduced MIP has 46 binaries, 53 generals, 0 SOSs, and 0 indicators.
Presolve time = 0,00 sec. (0,28 ticks)
Probing time = 0,00 sec. (0,03 ticks)
Tried aggregator 1 time.
Detecting symmetries...
Reduced MIP has 140 rows, 139 columns, and 396 nonzeros.
Reduced MIP has 46 binaries, 53 generals, 0 SOSs, and 0 indicators.
Presolve time = 0,00 sec. (0,27 ticks)
Classifier predicts products in MIQP should be linearized.
Probing time = 0,00 sec. (0,03 ticks)
MIP emphasis: balance optimality and feasibility.
MIP search method: dynamic search.
Parallel mode: deterministic, using up to 20 threads.
Root relaxation solution time = 0,00 sec. (0,47 ticks)

        Nodes                                         Cuts/
   Node  Left     Objective  IInf  Best Integer    Best Bound    ItCnt     Gap

*     0+    0                       2,57923e+07   159728,0000            99,38%
      0     0   202623,4880    24   2,57923e+07   202623,4880       82   99,21%
*     0+    0                       256204,2000   202623,4880            20,91%
      0     0   204410,5638    59   256204,2000      Cuts: 35      102   20,22%
      0     0   206243,8113    68   256204,2000      Cuts: 20      120   19,50%
      0     0   206803,3710    65   256204,2000      Cuts: 10      128   19,28%
      0     0   206850,7328    65   256204,2000       Cuts: 5      132   19,26%
      0     0   207021,3535    70   256204,2000       Cuts: 2      136   19,20%
Detecting symmetries...
      0     0   207062,1210    70   256204,2000       Cuts: 3      138   19,18%
      0     0   207106,1670    71   256204,2000       Cuts: 4      139   19,16%
      0     0   207126,2399    61   256204,2000   ZeroHalf: 1      140   19,16%
*     0+    0                       220396,8000   207126,2399             6,02%
Detecting symmetries...
      0     2   207126,2399    61   220396,8000   207126,2399      140    6,02%
Elapsed time = 0,08 sec. (17,03 ticks, tree = 0,02 MB, solutions = 7)

Cover cuts applied:  1
Implied bound cuts applied:  46
Flow cuts applied:  3
Mixed integer rounding cuts applied:  10
Zero-half cuts applied:  2
Lift and project cuts applied:  3
Gomory fractional cuts applied:  8

Root node processing (before b&c):
  Real time             =    0,08 sec. (16,95 ticks)
Parallel b&c, 20 threads:
  Real time             =    0,03 sec. (12,52 ticks)
  Sync time (average)   =    0,01 sec.
  Wait time (average)   =    0,00 sec.
                          ------------
Total (root+branch&cut) =    0,11 sec. (29,47 ticks)

<<< solve


OBJECTIVE: 220396.8
xxxx
#Result <fct_obj, tot_cst, tot_ldt, Emiss>: <2.204e+5 2.2035e+5 48 4.503e+6>#TS:220348.8#A:[0,3,3,3,2,10,3,6,7,5,6]#X:[0,1,1,1,1,1,1,0,1,0,1]#E: 4502980#DELIVER:
S10=>P1
S10=>P2
S10=>P3
S3=>P7
S4=>P7
S10=>P7
S4=>P8
S4=>P9
S10=>P9
S4=>P10
xxxx

<<< post process


<<< done


)
