Array
(
    [CplexRunTime] => Total (root+branch&cut) =    0,19 sec
    [Result] => Array
        (
            [Objective] => fct_obj.
            [ServiceCost] => tot_cst.
            [LateDeliveries] => tot_ldt.
            [Emissions] => Emiss
        )

    [TS] => 74092
    [A] => Array
        (
            [0] => 0
            [1] => 2
            [2] => 5
            [3] => 10
            [4] => 4
            [5] => 6
        )

    [X] => Array
        (
            [0] => 0
            [1] => 1
            [2] => 1
            [3] => 1
            [4] => 0
            [5] => 1
        )

    [E] => 2253700
    [DELIVER] => Array
        (
            [0] => S10=>P2
            [1] => S3=>P4
            [2] => S4=>P4
            [3] => S10=>P4
            [4] => S4=>P5
        )

    [_raw_output] => 
<<< setup

0 0 -1 0 0 0.25 0.5 0.8 1 0 0 0 0  14
1 2 0 700 1 0.25 0.5 0.8 1 0 7000 700 1500  14
2 4 1 165 1 0.25 0.5 0.8 1 0 5000 500 1500  14
3 6 1 100 2 0.25 0.5 0.8 1 0 3500 350 1500  14
4 3 3 25 6 0.25 0.5 0.8 1 0 3000 300 1500  14
5 5 3 30 2 0.25 0.5 0.8 1 0 2500 250 1500  14
Node nums: [0 1 2 3 4 5]
xx-Data uploaded-xx
	**** start init su array ...
0 [0 0 0 0 0 0 0 0 0 0]
1 [0 0 0 0 0 0 0 0 0 0]
2 [1 1 1 1 1 1 1 1 1 1]
3 [0 0 0 0 0 0 0 0 0 0]
4 [1 1 1 1 1 1 1 1 1 1]
5 [1 1 1 1 1 1 1 1 1 1]
	**** end init su array ...
1 2 1 100 80 0.85 0.92 0.8 (9)9
2 2 0.9 60 75 0.82 0.90 0.9 (9)9
3 1 1.1 80 90 0.88 0.95 0.5 (9)9
4 1 1 80 100 0.86 0.93 0.6 (9)9
5 5 0.6 50 40 0.72 0.78 1.5 (9)9
6 6 0.5 60 45 0.70 0.75 2.0 (9)9
7 7 0.5 80 40 0.68 0.72 2.5 (9)9
8 5 0.3 25 30 0.65 0.70 1.8 (9)9
9 9 0.2 250 15 0.60 0.65 3.5 (9)9
10 1 0.8 30 40 0.80 0.88 0.7 (9)9

<<< generate

Version identifier: 20.1.0.0 | 2020-11-10 | 9bedb6d68
CPXPARAM_TimeLimit                               1800
Tried aggregator 2 times.
MIP Presolve eliminated 233 rows and 63 columns.
MIP Presolve added 60 rows and 30 columns.
MIP Presolve modified 22 coefficients.
Aggregator did 2 substitutions.
Reduced MIP has 142 rows, 103 columns, and 340 nonzeros.
Reduced MIP has 34 binaries, 39 generals, 0 SOSs, and 0 indicators.
Presolve time = 0,00 sec. (0,40 ticks)
Found incumbent of value 1,7436692e+07 after 0,00 sec. (0,49 ticks)
Probing time = 0,00 sec. (0,03 ticks)
Cover probing fixed 0 vars, tightened 3 bounds.
Tried aggregator 1 time.
Detecting symmetries...
MIP Presolve eliminated 39 rows and 0 columns.
MIP Presolve modified 42 coefficients.
Reduced MIP has 103 rows, 103 columns, and 292 nonzeros.
Reduced MIP has 34 binaries, 39 generals, 0 SOSs, and 0 indicators.
Presolve time = 0,00 sec. (0,22 ticks)
Classifier predicts products in MIQP should be linearized.
Probing time = 0,00 sec. (0,02 ticks)
MIP emphasis: balance optimality and feasibility.
MIP search method: dynamic search.
Parallel mode: deterministic, using up to 20 threads.
Root relaxation solution time = 0,00 sec. (0,35 ticks)

        Nodes                                         Cuts/
   Node  Left     Objective  IInf  Best Integer    Best Bound    ItCnt     Gap

*     0+    0                       1,74367e+07  -112265,0000           100,64%
*     0+    0                       1,73246e+07  -112265,0000           100,65%
*     0+    0                      6887680,1000  -112265,0000           101,63%
*     0+    0                       123237,1000  -112265,0000           191,10%
*     0+    0                       123071,2000  -112265,0000           191,22%
      0     0    56500,6281    30   123071,2000    56500,6281       59   54,09%
*     0+    0                        81019,0000    56500,6281            30,26%
      0     0    57931,6564    54    81019,0000      Cuts: 33       74   28,50%
      0     0    59690,9237    50    81019,0000      Cuts: 34      100   26,32%
      0     0    60153,9913    31    81019,0000      Cuts: 22      114   25,75%
      0     0    60211,3876    30    81019,0000      Cuts: 14      130   25,68%
      0     0    60345,2922    35    81019,0000       Cuts: 4      134   25,52%
Detecting symmetries...
      0     0    60392,6310    36    81019,0000       Cuts: 4      139   25,46%
      0     0    60407,3494    26    81019,0000   ZeroHalf: 2      141   25,44%
      0     0    60457,5744    23    81019,0000    MIRcuts: 1      142   25,38%
*     0+    0                        74119,0000    60457,5744            18,43%
Detecting symmetries...
      0     2    60457,5744    23    74119,0000    63475,3605      142   14,36%
Elapsed time = 0,22 sec. (7,72 ticks, tree = 0,02 MB, solutions = 7)

Cover cuts applied:  1
Implied bound cuts applied:  40
Flow cuts applied:  1
Mixed integer rounding cuts applied:  8
Zero-half cuts applied:  7
Lift and project cuts applied:  2
Gomory fractional cuts applied:  9

Root node processing (before b&c):
  Real time             =    0,19 sec. (7,64 ticks)
Parallel b&c, 20 threads:
  Real time             =    0,39 sec. (4,83 ticks)
  Sync time (average)   =    0,35 sec.
  Wait time (average)   =    0,00 sec.
                          ------------
Total (root+branch&cut) =    0,58 sec. (12,47 ticks)

<<< solve


OBJECTIVE: 74119
xxxx
#Result <fct_obj, tot_cst, tot_ldt, Emiss>: <74119 74092 27 2.2537e+6>#TS:74092#A:[0,2,5,10,4,6]#X:[0,1,1,1,0,1]#E: 2253700#DELIVER:
S10=>P2
S3=>P4
S4=>P4
S10=>P4
S4=>P5
xxxx

<<< post process


<<< done


)
