Array
(
    [CplexRunTime] => Total (root+branch&cut) =    0,19 sec
    [Result] => Array
        (
            [Objective] => fct_obj.
            [ServiceCost] => tot_cst.
            [LateDeliveries] => tot_ldt.
            [Emissions] => Emiss
        )

    [TS] => 363573
    [A] => Array
        (
            [0] => 0
            [1] => 3
            [2] => 3
            [3] => 3
            [4] => 2
            [5] => 4
            [6] => 3
            [7] => 6
            [8] => 7
            [9] => 5
            [10] => 6
        )

    [X] => Array
        (
            [0] => 0
            [1] => 1
            [2] => 1
            [3] => 1
            [4] => 1
            [5] => 1
            [6] => 1
            [7] => 1
            [8] => 1
            [9] => 1
            [10] => 1
        )

    [E] => 3130580
    [DELIVER] => Array
        (
            [0] => S10=>P1
            [1] => S10=>P2
            [2] => S10=>P3
            [3] => S3=>P7
            [4] => S4=>P7
            [5] => S4=>P8
            [6] => S4=>P9
            [7] => S4=>P10
        )

    [_raw_output] => 
<<< setup

0 0 -1 0 0 0.25 0.5 0.8 1 0 0 0 0  14
1 2 0 700 1 0.25 0.5 0.8 1 0 7000 700 1500  14
2 2 0 650 1 0.25 0.5 0.8 1 0 6500 650 1500  14
3 2 0 600 1 0.25 0.5 0.8 1 0 6000 600 1500  14
4 2 0 750 1 0.25 0.5 0.8 1 0 7500 750 1500  14
5 4 4 180 1 0.25 0.5 0.8 1 0 5600 560 1500  14
6 3 4 120 2 0.25 0.5 0.8 1 0 3900 390 1500  14
7 5 5 35 6 0.25 0.5 0.8 1 0 3600 360 1500  14
8 6 6 40 2 0.25 0.5 0.8 1 0 3200 320 1500  14
9 4 5 27 4 0.25 0.5 0.8 1 0 3100 310 1500  14
10 5 6 32 3 0.25 0.5 0.8 1 0 2900 290 1500  14
Node nums: [0 1 2 3 4 5 6 7 8 9 10]
xx-Data uploaded-xx
	**** start init su array ...
0 [0 0 0 0 0 0 0 0 0 0]
1 [1 1 1 1 1 1 1 1 1 1]
2 [1 1 1 1 1 1 1 1 1 1]
3 [1 1 1 1 1 1 1 1 1 1]
4 [0 0 0 0 0 0 0 0 0 0]
5 [0 0 0 0 0 0 0 0 0 0]
6 [0 0 0 0 0 0 0 0 0 0]
7 [1 1 1 1 1 1 1 1 1 1]
8 [1 1 1 1 1 1 1 1 1 1]
9 [1 1 1 1 1 1 1 1 1 1]
10 [1 1 1 1 1 1 1 1 1 1]
	**** end init su array ...
1 2 1 100 80 0.85 0.92 0.8 (9)9
2 2 0.9 60 75 0.82 0.90 0.9 (9)9
3 1 1.1 80 90 0.88 0.95 0.5 (9)9
4 1 1 80 100 0.86 0.93 0.6 (9)9
5 5 0.6 50 40 0.72 0.78 1.5 (9)9
6 6 0.5 60 45 0.70 0.75 2.0 (9)9
7 7 0.5 80 40 0.68 0.72 2.5 (9)9
8 5 0.3 25 30 0.65 0.70 1.8 (9)9
9 9 0.2 250 15 0.60 0.65 3.5 (9)9
10 1 0.8 30 40 0.80 0.88 0.7 (9)9

<<< generate

Version identifier: 20.1.0.0 | 2020-11-10 | 9bedb6d68
CPXPARAM_TimeLimit                               1800
Tried aggregator 2 times.
MIP Presolve eliminated 664 rows and 86 columns.
MIP Presolve added 140 rows and 70 columns.
MIP Presolve modified 49 coefficients.
Aggregator did 5 substitutions.
Reduced MIP has 318 rows, 232 columns, and 790 nonzeros.
Reduced MIP has 76 binaries, 86 generals, 0 SOSs, and 0 indicators.
Presolve time = 0,00 sec. (1,07 ticks)
Found incumbent of value 1,8792546e+08 after 0,00 sec. (1,87 ticks)
Probing time = 0,00 sec. (0,07 ticks)
Cover probing fixed 0 vars, tightened 7 bounds.
Tried aggregator 1 time.
MIP Presolve eliminated 178 rows and 93 columns.
MIP Presolve modified 56 coefficients.
Reduced MIP has 140 rows, 139 columns, and 396 nonzeros.
Reduced MIP has 46 binaries, 53 generals, 0 SOSs, and 0 indicators.
Presolve time = 0,00 sec. (0,28 ticks)
Probing time = 0,00 sec. (0,03 ticks)
Tried aggregator 1 time.
Detecting symmetries...
Reduced MIP has 140 rows, 139 columns, and 396 nonzeros.
Reduced MIP has 46 binaries, 53 generals, 0 SOSs, and 0 indicators.
Presolve time = 0,00 sec. (0,27 ticks)
Classifier predicts products in MIQP should be linearized.
Probing time = 0,00 sec. (0,03 ticks)
MIP emphasis: balance optimality and feasibility.
MIP search method: dynamic search.
Parallel mode: deterministic, using up to 20 threads.
Root relaxation solution time = 0,00 sec. (0,50 ticks)

        Nodes                                         Cuts/
   Node  Left     Objective  IInf  Best Integer    Best Bound    ItCnt     Gap

*     0+    0                       4,32373e+07  -1,18393e+07           127,38%
      0     0   326684,5920    24   4,32373e+07   326684,5920       82   99,24%
*     0+    0                       381151,4000   326684,5920            14,29%
      0     0   330876,3839    28   381151,4000      Cuts: 38      102   13,19%
      0     0   335611,5780    70   381151,4000      Cuts: 20      115   11,95%
      0     0   338264,3930    65   381151,4000      Cuts: 10      125   11,25%
      0     0   339419,1614    58   381151,4000      Cuts: 18      138   10,95%
      0     0   340242,4592    52   381151,4000      Cuts: 16      148   10,73%
Detecting symmetries...
      0     0   341268,3973    47   381151,4000       Cuts: 8      162   10,46%
      0     0   341545,2267    31   381151,4000      Cuts: 10      172   10,39%
      0     0   341705,3516    28   381151,4000       Cuts: 9      178   10,35%
*     0+    0                       364240,8000   341705,3516             6,19%
*     0+    0                       364237,8000   341705,3516             6,19%
Detecting symmetries...
      0     2   341705,3516    28   364237,8000   341705,3516      178    6,19%
Elapsed time = 0,08 sec. (16,97 ticks, tree = 0,02 MB, solutions = 8)
*   254    33      integral     0   364223,0000   356481,9923     1001    2,13%
*   257    33      integral     0   364203,0000   356481,9923      954    2,12%
*   276    10      integral     0   363615,0000   362227,7778     1163    0,38%

Cover cuts applied:  3
Implied bound cuts applied:  46
Flow cuts applied:  3
Mixed integer rounding cuts applied:  13
Zero-half cuts applied:  8
Lift and project cuts applied:  1
Gomory fractional cuts applied:  11

Root node processing (before b&c):
  Real time             =    0,08 sec. (16,89 ticks)
Parallel b&c, 20 threads:
  Real time             =    0,02 sec. (5,13 ticks)
  Sync time (average)   =    0,01 sec.
  Wait time (average)   =    0,00 sec.
                          ------------
Total (root+branch&cut) =    0,09 sec. (22,02 ticks)

<<< solve


OBJECTIVE: 363615
xxxx
#Result <fct_obj, tot_cst, tot_ldt, Emiss>: <3.6362e+5 3.6357e+5 42 3.1306e+6>#TS:363573#A:[0,3,3,3,2,4,3,6,7,5,6]#X:[0,1,1,1,1,1,1,1,1,1,1]#E: 3130580#DELIVER:
S10=>P1
S10=>P2
S10=>P3
S3=>P7
S4=>P7
S4=>P8
S4=>P9
S4=>P10
xxxx

<<< post process


<<< done


)
