Array
(
    [CplexRunTime] => Total (root+branch&cut) =    1,30 sec
    [Result] => Array
        (
            [Objective] => fct_obj.
            [ServiceCost] => tot_cst.
            [LateDeliveries] => tot_ldt.
            [Emissions] => Emiss
        )

    [TS] => 928943
    [A] => Array
        (
            [0] => 0
            [1] => 2
            [2] => 21
            [3] => 7
            [4] => 17
            [5] => 17
            [6] => 4
            [7] => 3
            [8] => 12
            [9] => 11
            [10] => 11
            [11] => 8
            [12] => 5
            [13] => 6
            [14] => 4
            [15] => 3
            [16] => 6
            [17] => 7
            [18] => 5
            [19] => 4
            [20] => 6
            [21] => 7
            [22] => 5
            [23] => 4
            [24] => 6
            [25] => 7
            [26] => 5
            [27] => 4
            [28] => 6
            [29] => 7
            [30] => 5
        )

    [X] => Array
        (
            [0] => 0
            [1] => 1
            [2] => 1
            [3] => 1
            [4] => 0
            [5] => 0
            [6] => 0
            [7] => 0
            [8] => 0
            [9] => 0
            [10] => 0
            [11] => 0
            [12] => 1
            [13] => 1
            [14] => 1
            [15] => 1
            [16] => 0
            [17] => 0
            [18] => 0
            [19] => 0
            [20] => 0
            [21] => 0
            [22] => 0
            [23] => 0
            [24] => 1
            [25] => 1
            [26] => 1
            [27] => 1
            [28] => 1
            [29] => 1
            [30] => 1
        )

    [E] => 8818540
    [DELIVER] => Array
        (
            [0] => S4=>P16
            [1] => S10=>P16
            [2] => S10=>P17
            [3] => S4=>P18
            [4] => S10=>P18
            [5] => S10=>P19
            [6] => S3=>P20
            [7] => S10=>P20
            [8] => S4=>P21
            [9] => S10=>P21
            [10] => S3=>P22
            [11] => S4=>P22
            [12] => S10=>P22
            [13] => S3=>P23
            [14] => S4=>P23
            [15] => S10=>P23
            [16] => S10=>P24
            [17] => S10=>P25
            [18] => S10=>P26
            [19] => S10=>P27
            [20] => S10=>P28
            [21] => S10=>P29
            [22] => S10=>P30
        )

    [_raw_output] => 
<<< setup

0 0 -1 0 1 0,25 0,5 0,8 1 0 0 0 0 13
1 2 0 3000 1 0,25 0,5 0,8 1 0 8000 800 1500 13
2 4 1 850 1 0,25 0,5 0,8 1 0 7500 750 1500 13
3 3 1 820 1 0,25 0,5 0,8 1 0 7200 720 1500 13
4 5 2 680 1 0,25 0,5 0,8 1 0 6800 680 1500 13
5 6 2 650 1 0,25 0,5 0,8 1 0 6500 650 1500 13
6 4 3 720 1 0,25 0,5 0,8 1 0 7100 710 1500 13
7 3 3 700 1 0,25 0,5 0,8 1 0 7000 700 1500 13
8 5 4 580 1 0,25 0,5 0,8 1 0 5800 580 1500 13
9 6 4 560 1 0,25 0,5 0,8 1 0 5600 560 1500 13
10 4 5 540 1 0,25 0,5 0,8 1 0 5400 540 1500 13
11 3 5 520 1 0,25 0,5 0,8 1 0 5200 520 1500 13
12 5 6 500 1 0,25 0,5 0,8 1 0 5000 500 1500 13
13 6 6 480 1 0,25 0,5 0,8 1 0 4800 480 1500 13
14 4 7 460 1 0,25 0,5 0,8 1 0 4600 460 1500 13
15 3 7 440 1 0,25 0,5 0,8 1 0 4400 440 1500 13
16 5 8 420 1 0,25 0,5 0,8 1 0 4200 420 1500 13
17 6 8 400 1 0,25 0,5 0,8 1 0 4000 400 1500 13
18 4 9 380 1 0,25 0,5 0,8 1 0 3800 380 1500 13
19 3 9 360 1 0,25 0,5 0,8 1 0 3600 360 1500 13
20 5 10 340 1 0,25 0,5 0,8 1 0 3400 340 1500 13
21 6 10 320 1 0,25 0,5 0,8 1 0 3200 320 1500 13
22 4 11 300 1 0,25 0,5 0,8 1 0 3000 300 1500 13
23 3 11 280 1 0,25 0,5 0,8 1 0 2800 280 1500 13
24 5 12 260 1 0,25 0,5 0,8 1 0 2600 260 1500 13
25 6 12 240 1 0,25 0,5 0,8 1 0 2400 240 1500 13
26 4 13 220 1 0,25 0,5 0,8 1 0 2200 220 1500 13
27 3 13 200 1 0,25 0,5 0,8 1 0 2000 200 1500 13
28 5 14 180 1 0,25 0,5 0,8 1 0 1800 180 1500 13
29 6 14 160 1 0,25 0,5 0,8 1 0 1600 160 1500 13
30 4 15 140 1 0,25 0,5 0,8 1 0 1400 140 1500 13
Node nums: [0 1 2 3 4 5 6 7 8 9 10 11 12 13 14 15 16 17 18 19 20 21 22 23 24 25 26 27
     28 29 30]
xx-Data uploaded-xx
	**** start init su array ...
0 [0 0 0 0 0 0 0 0 0 0]
1 [0 0 0 0 0 0 0 0 0 0]
2 [0 0 0 0 0 0 0 0 0 0]
3 [0 0 0 0 0 0 0 0 0 0]
4 [0 0 0 0 0 0 0 0 0 0]
5 [0 0 0 0 0 0 0 0 0 0]
6 [0 0 0 0 0 0 0 0 0 0]
7 [0 0 0 0 0 0 0 0 0 0]
8 [0 0 0 0 0 0 0 0 0 0]
9 [0 0 0 0 0 0 0 0 0 0]
10 [0 0 0 0 0 0 0 0 0 0]
11 [0 0 0 0 0 0 0 0 0 0]
12 [0 0 0 0 0 0 0 0 0 0]
13 [0 0 0 0 0 0 0 0 0 0]
14 [0 0 0 0 0 0 0 0 0 0]
15 [0 0 0 0 0 0 0 0 0 0]
16 [1 1 1 1 1 1 1 1 1 1]
17 [1 1 1 1 1 1 1 1 1 1]
18 [1 1 1 1 1 1 1 1 1 1]
19 [1 1 1 1 1 1 1 1 1 1]
20 [1 1 1 1 1 1 1 1 1 1]
21 [1 1 1 1 1 1 1 1 1 1]
22 [1 1 1 1 1 1 1 1 1 1]
23 [1 1 1 1 1 1 1 1 1 1]
24 [1 1 1 1 1 1 1 1 1 1]
25 [1 1 1 1 1 1 1 1 1 1]
26 [1 1 1 1 1 1 1 1 1 1]
27 [1 1 1 1 1 1 1 1 1 1]
28 [1 1 1 1 1 1 1 1 1 1]
29 [1 1 1 1 1 1 1 1 1 1]
30 [1 1 1 1 1 1 1 1 1 1]
	**** end init su array ...
1 2 1 700 80 0.85 0.92 0.8 (9)9
2 2 0.9 800 75 0.82 0.90 0.9 (9)9
3 1 1.1 680 90 0.88 0.95 0.5 (9)9
4 1 1 480 100 0.86 0.93 0.6 (9)9
5 5 0.6 550 40 0.72 0.78 1.5 (9)9
6 6 0.5 650 45 0.70 0.75 2.0 (9)9
7 7 0.5 1100 40 0.68 0.72 2.5 (9)9
8 5 0.3 700 30 0.65 0.70 1.8 (9)9
9 9 0.2 1700 15 0.60 0.65 3.5 (9)9
10 1 0.8 5800 40 0.80 0.88 0.7 (9)9

<<< generate

Version identifier: 20.1.0.0 | 2020-11-10 | 9bedb6d68
CPXPARAM_TimeLimit                               1800
Tried aggregator 2 times.
MIP Presolve eliminated 5019 rows and 323 columns.
MIP Presolve added 300 rows and 150 columns.
MIP Presolve modified 153 coefficients.
Aggregator did 2 substitutions.
Reduced MIP has 746 rows, 538 columns, and 1790 nonzeros.
Reduced MIP has 179 binaries, 209 generals, 0 SOSs, and 0 indicators.
Presolve time = 0,00 sec. (4,09 ticks)
Found incumbent of value 2,0458585e+08 after 0,00 sec. (4,75 ticks)
Probing time = 0,02 sec. (0,14 ticks)
Cover probing fixed 0 vars, tightened 15 bounds.
Tried aggregator 1 time.
Detecting symmetries...
MIP Presolve eliminated 195 rows and 0 columns.
MIP Presolve modified 210 coefficients.
Reduced MIP has 551 rows, 538 columns, and 1550 nonzeros.
Reduced MIP has 179 binaries, 209 generals, 0 SOSs, and 0 indicators.
Presolve time = 0,00 sec. (1,19 ticks)
Classifier predicts products in MIQP should be linearized.
Probing time = 0,00 sec. (0,12 ticks)
MIP emphasis: balance optimality and feasibility.
MIP search method: dynamic search.
Parallel mode: deterministic, using up to 20 threads.
Root relaxation solution time = 0,00 sec. (2,20 ticks)

        Nodes                                         Cuts/
   Node  Left     Objective  IInf  Best Integer    Best Bound    ItCnt     Gap

*     0+    0                       2,04586e+08    80707,0000            99,96%
*     0+    0                       2,03712e+08    80707,0000            99,96%
*     0+    0                       2,02837e+08    80707,0000            99,96%
*     0+    0                       2,01963e+08    80707,0000            99,96%
      0     0   799437,3263   231   2,01963e+08   799437,3263      270   99,60%
      0     0   806224,4370   277   2,01963e+08      Cuts: 96      352   99,60%
      0     0   820312,1919   285   2,01963e+08      Cuts: 37      398   99,59%
      0     0   824390,1525   180   2,01963e+08     Cuts: 114      482   99,59%
      0     0   828721,6896   237   2,01963e+08      Cuts: 57      547   99,59%
      0     0   830790,2876   241   2,01963e+08      Cuts: 22      580   99,59%
Detecting symmetries...
      0     0   831561,9376   262   2,01963e+08      Cuts: 37      616   99,59%
      0     0   832084,3318   251   2,01963e+08   ZeroHalf: 2      631   99,59%
      0     0   832191,7971   275   2,01963e+08       Cuts: 6      640   99,59%
      0     0   832431,1922   258   2,01963e+08      Cuts: 16      656   99,59%
      0     0   832441,8172   259   2,01963e+08    MIRcuts: 1      657   99,59%
      0     0   832460,9762   262   2,01963e+08    MIRcuts: 1      658   99,59%
*     0+    0                      1085851,0000   832460,9762            23,34%
*     0+    0                      1040577,0000   832460,9762            20,00%
*     0+    0                      1009083,0000   832460,9762            17,50%
      0     0  -1,00000e+75     0  1009083,0000   832460,9762      658   17,50%
*     0+    0                       994569,0000   832460,9762            16,30%
Detecting symmetries...
      0     2   832460,9762   262   994569,0000   832460,9762      658   16,30%
Elapsed time = 0,14 sec. (61,55 ticks, tree = 0,02 MB, solutions = 8)
*    10+    2                       954249,0000   832496,7022            12,76%
*    57+   11                       946669,0000   832958,7964            12,01%
*  5326  3738      integral     0   943774,7500   837363,5570    21386   11,28%

Performing restart 1

Repeating presolve.
Tried aggregator 1 time.
MIP Presolve modified 387 coefficients.
Reduced MIP has 551 rows, 538 columns, and 1550 nonzeros.
Reduced MIP has 179 binaries, 209 generals, 0 SOSs, and 0 indicators.
Presolve time = 0,00 sec. (0,84 ticks)
Tried aggregator 1 time.
MIP Presolve modified 371 coefficients.
Reduced MIP has 551 rows, 538 columns, and 1550 nonzeros.
Reduced MIP has 179 binaries, 209 generals, 0 SOSs, and 0 indicators.
Presolve time = 0,00 sec. (1,15 ticks)
Represolve time = 0,00 sec. (3,98 ticks)
*  5678+    0                       936652,0000   837717,0566            10,56%
   5678     0   843251,9310   218   936652,0000     Cuts: 178    29240    9,97%
   5678     0   853846,6848   273   936652,0000     Cuts: 194    29373    8,84%
   5678     0   861951,1963   304   936652,0000     Cuts: 230    29535    7,98%
   5678     0   867865,3419   299   936652,0000     Cuts: 181    29651    7,34%
   5678     0   871911,2712   282   936652,0000     Cuts: 160    29752    6,91%
   5678     0   878270,5675   265   936652,0000     Cuts: 167    29875    6,23%
   5678     0   881346,3959   232   936652,0000     Cuts: 179    29973    5,90%
   5678     0   883008,7628   215   936652,0000     Cuts: 137    30054    5,73%
   5678     0   884603,3025   262   936652,0000     Cuts: 111    30125    5,56%
   5678     0   885353,3377   277   936652,0000      Cuts: 65    30187    5,48%
   5678     0   886573,1498   264   936652,0000      Cuts: 81    30265    5,35%
   5678     0   887566,7975   240   936652,0000      Cuts: 76    30336    5,24%
   5678     0   887999,4815   259   936652,0000      Cuts: 63    30412    5,19%
   5678     0   888428,3520   302   936652,0000      Cuts: 64    30473    5,15%
   5678     0   888549,3821   315   936652,0000      Cuts: 49    30526    5,14%
   5678     0   888707,9437   286   936652,0000      Cuts: 53    30566    5,12%
   5678     0   889061,2059   323   936652,0000      Cuts: 59    30619    5,08%
   5678     0   889418,5206   312   936652,0000      Cuts: 52    30676    5,04%
   5678     0   889573,0565   316   936652,0000      Cuts: 61    30710    5,03%
   5678     0   889724,8460   315   936652,0000      Cuts: 33    30751    5,01%
   5678     0   889889,8830   313   936652,0000      Cuts: 29    30783    4,99%
   5678     0   890013,0318   316   936652,0000      Cuts: 50    30819    4,98%
   5678     0   890213,3138   315   936652,0000      Cuts: 30    30836    4,96%
   5678     0   890374,5097   311   936652,0000      Cuts: 17    30857    4,94%
   5678     0   890457,7358   285   936652,0000      Cuts: 11    30875    4,93%
   5678     0   890617,2055   309   936652,0000       Cuts: 8    30898    4,91%
   5678     0   890837,8071   294   936652,0000      Cuts: 22    30911    4,89%
   5678     0   890992,4353   304   936652,0000       Cuts: 9    30919    4,87%
   5678     0   891077,0298   291   936652,0000      Cuts: 13    30927    4,87%
   5678     0   891144,1947   309   936652,0000       Cuts: 9    30940    4,86%
   5678     0   891183,7114   317   936652,0000       Cuts: 5    30953    4,85%
   5678     2   891183,7114   317   936652,0000   891183,7114    30953    4,85%
*  5680+    1                       934512,0000   891361,2291             4,62%
*  6049    64      integral     0   931346,0000   912003,2530    36636    2,08%
*  6130    62      integral     0   929158,0000   912003,2530    38900    1,85%

Implied bound cuts applied:  3
Flow cuts applied:  130
Mixed integer rounding cuts applied:  199
Zero-half cuts applied:  9
Multi commodity flow cuts applied:  1
Lift and project cuts applied:  13
Gomory fractional cuts applied:  15

Root node processing (before b&c):
  Real time             =    0,14 sec. (61,38 ticks)
Parallel b&c, 20 threads:
  Real time             =    1,05 sec. (835,98 ticks)
  Sync time (average)   =    0,15 sec.
  Wait time (average)   =    0,01 sec.
                          ------------
Total (root+branch&cut) =    1,19 sec. (897,36 ticks)

<<< solve


OBJECTIVE: 929158
xxxx
#Result <fct_obj, tot_cst, tot_ldt, Emiss>: <9.2916e+5 9.2894e+5 215 8.8185e+6>#TS:928943#A:[0,2,21,7,17,17,4,3,12,11,11,8,5,6,4,3,6,7,5,4,6,7,5,4,6,7,5,4,6,7,5]#X:[0,1,1,1,0,0,0,0,0,0,0,0,1,1,1,1,0,0,0,0,0,0,0,0,1,1,1,1,1,1,1]#E: 8818540#DELIVER:
S4=>P16
S10=>P16
S10=>P17
S4=>P18
S10=>P18
S10=>P19
S3=>P20
S10=>P20
S4=>P21
S10=>P21
S3=>P22
S4=>P22
S10=>P22
S3=>P23
S4=>P23
S10=>P23
S10=>P24
S10=>P25
S10=>P26
S10=>P27
S10=>P28
S10=>P29
S10=>P30
xxxx

<<< post process


<<< done


)
