Array
(
    [CplexRunTime] => Total (root+branch&cut) =    1,78 sec
    [Result] => Array
        (
            [Objective] => fct_obj.
            [ServiceCost] => tot_cst.
            [LateDeliveries] => tot_ldt.
            [Emissions] => Emiss
        )

    [TS] => 9857433.36
    [A] => Array
        (
            [0] => 0
            [1] => 2
            [2] => 16
            [3] => 18
            [4] => 11
            [5] => 9
            [6] => 11
            [7] => 4
            [8] => 8
            [9] => 11
            [10] => 4
            [11] => 3
            [12] => 5
            [13] => 5
            [14] => 4
            [15] => 3
            [16] => 4
            [17] => 7
            [18] => 7
            [19] => 4
            [20] => 5
            [21] => 8
            [22] => 7
            [23] => 3
            [24] => 5
            [25] => 4
            [26] => 4
            [27] => 5
            [28] => 5
            [29] => 4
            [30] => 2
            [31] => 6
            [32] => 4
            [33] => 3
            [34] => 4
            [35] => 5
            [36] => 5
            [37] => 3
            [38] => 5
            [39] => 6
            [40] => 5
            [41] => 5
            [42] => 5
            [43] => 4
            [44] => 4
            [45] => 2
            [46] => 6
            [47] => 3
            [48] => 3
            [49] => 4
            [50] => 6
        )

    [X] => Array
        (
            [0] => 0
            [1] => 1
            [2] => 1
            [3] => 1
            [4] => 1
            [5] => 1
            [6] => 0
            [7] => 0
            [8] => 0
            [9] => 0
            [10] => 0
            [11] => 0
            [12] => 0
            [13] => 0
            [14] => 0
            [15] => 0
            [16] => 0
            [17] => 0
            [18] => 0
            [19] => 0
            [20] => 0
            [21] => 0
            [22] => 0
            [23] => 0
            [24] => 1
            [25] => 1
            [26] => 1
            [27] => 1
            [28] => 1
            [29] => 1
            [30] => 1
            [31] => 1
            [32] => 1
            [33] => 0
            [34] => 0
            [35] => 1
            [36] => 1
            [37] => 1
            [38] => 1
            [39] => 1
            [40] => 1
            [41] => 1
            [42] => 1
            [43] => 1
            [44] => 1
            [45] => 1
            [46] => 1
            [47] => 1
            [48] => 1
            [49] => 1
            [50] => 1
        )

    [E] => 45112533.6
    [DELIVER] => Array
        (
            [0] => S10=>P7
            [1] => S10=>P15
            [2] => S10=>P17
            [3] => S10=>P19
            [4] => S10=>P21
            [5] => S3=>P22
            [6] => S4=>P22
            [7] => S10=>P22
            [8] => S10=>P24
            [9] => S10=>P25
            [10] => S10=>P26
            [11] => S10=>P28
            [12] => S10=>P29
            [13] => S10=>P31
            [14] => S10=>P34
            [15] => S10=>P36
            [16] => S10=>P38
            [17] => S10=>P40
            [18] => S10=>P41
            [19] => S10=>P42
            [20] => S10=>P43
            [21] => S10=>P44
            [22] => S10=>P46
            [23] => S10=>P48
            [24] => S10=>P49
            [25] => S10=>P50
        )

    [_raw_output] => 
<<< setup

0 0 -1 0 1 0,25 0,5 0,8 1 0 0 0 0 13
1 2 0 5000 1 0,25 0,5 0,8 1 0 10000 1000 1500 13
2 5 1 900 1 0,25 0,5 0,8 1 0 9486 948,6 1500 13
3 7 1 890 1 0,25 0,5 0,8 1 0 8704 870,4 1500 13
4 6 1 910 1 0,25 0,5 0,8 1 0 8059 805,9 1500 13
5 4 1 860 2 0,25 0,5 0,8 1 0 7962 796,2 1500 13
6 4 2 880 3 0,25 0,5 0,8 1 0 7861 786,1 1500 13
7 3 2 800 2 0,25 0,5 0,8 1 0 7628 762,8 1500 13
8 3 2 780 1 0,25 0,5 0,8 1 0 7050 705 1500 13
9 3 3 790 2 0,25 0,5 0,8 1 0 6976 697,6 1500 13
10 4 3 750 3 0,25 0,5 0,8 1 0 6291 629,1 1500 13
11 3 4 690 2 0,25 0,5 0,8 1 0 6234 623,4 1500 13
12 5 4 660 3 0,25 0,5 0,8 1 0 6199 619,9 1500 13
13 5 5 600 8 0,25 0,5 0,5 1 0 6088 608,8 1500 13
14 4 5 640 6 0,25 0,5 0,5 1 0 5680 568 1500 13
15 2 5 700 2 0,25 0,5 0,5 1 0 5673 567,3 1500 13
16 4 6 660 9 0,25 0,5 0,5 1 0 5507 550,7 1500 13
17 6 6 580 6 0,25 0,5 0,5 1 0 5360 536 1500 13
18 3 67 550 2 0,25 0,5 0,5 1 0 5290 529 1500 13
19 3 8 570 1 0,25 0,5 0,5 1 0 5168 516,8 1500 13
20 5 8 600 2 0,25 0,5 0,5 1 0 4944 494,4 1500 13
21 7 9 540 6 0,25 0,5 0,5 1 0 4747 474,7 1500 13
22 6 9 510 4 0,25 0,5 0,5 1 0 4417 441,7 1500 13
23 3 9 590 4 0,25 0,5 0,5 1 0 4033 403,3 1500 13
24 4 10 400 3 0,25 0,5 0,5 1 0 3891 389,1 1500 13
25 3 11 490 2 0,25 0,5 0,5 1 0 3601 360,1 1500 13
26 3 12 480 3 0,25 0,5 0,5 1 0 3279 327,9 1500 13
27 5 12 520 6 0,25 0,5 0,5 1 0 3175 317,5 1500 13
28 4 13 400 16 0,25 0,5 0,5 1 0 2984 298,4 1500 13
29 3 14 480 6 0,25 0,5 0,5 1 0 2866 286,6 1500 13
30 2 14 490 18 0,25 0,5 0,5 1 0 2606 260,6 1500 13
31 5 16 460 9 0,25 0,5 0,5 1 0 2427 242,7 1500 13
32 4 16 500 9 0,25 0,5 0,5 1 0 2231 223,1 1500 13
33 3 18 470 6 0,25 0,5 0,5 1 0 2091 209,1 1500 13
34 3 18 300 4 0,25 0,5 0,5 1 0 1993 199,3 1500 13
35 5 20 380 4 0,25 0,5 0,5 1 0 1837 183,7 1500 13
36 4 23 330 8 0,25 0,5 0,5 1 0 1683 168,3 1500 13
37 3 23 340 12 0,25 0,5 0,5 1 0 1682 168,2 1500 13
38 4 27 350 6 0,25 0,5 0,5 1 0 1589 158,9 1500 13
39 6 30 360 18 0,25 0,5 0,5 1 0 1439 143,9 1500 13
40 4 30 310 54 0,25 0,5 0,5 1 0 1404 140,4 1500 13
41 4 32 330 18 0,25 0,5 0,5 1 0 1265 126,5 1500 13
42 4 33 290 12 0,25 0,5 0,5 1 0 1153 115,3 1500 13
43 3 33 270 12 0,25 0,5 0,5 1 0 1138 113,8 1500 13
44 3 35 260 8 0,25 0,5 0,5 1 0 1094 109,4 1500 13
45 2 37 270 12 0,25 0,5 0,5 1 0 997 99,7 1500 13
46 5 37 270 12 0,25 0,5 0,5 1 0 964 96,4 1500 13
47 3 39 100 54 0,25 0,5 0,5 1 0 917 91,7 1500 13
48 2 39 110 36 0,25 0,5 0,5 1 0 833 83,3 1500 13
49 3 45 50 48 0,25 0,5 0,5 1 0 753 75,3 1500 13
50 5 47 30 108 0,25 0,5 0,5 1 0 723 72,3 1500 13
Node nums: [0 1 2 3 4 5 6 7 8 9 10 11 12 13 14 15 16 17 18 19 20 21 22 23 24 25 26 27
     28 29 30 31 32 33 34 35 36 37 38 39 40 41 42 43 44 45 46 47 48 49 50]
xx-Data uploaded-xx
	**** start init su array ...
0 [0 0 0 0 0 0 0 0 0 0]
1 [0 0 0 0 0 0 0 0 0 0]
2 [0 0 0 0 0 0 0 0 0 0]
3 [0 0 0 0 0 0 0 0 0 0]
4 [0 0 0 0 0 0 0 0 0 0]
5 [0 0 0 0 0 0 0 0 0 0]
6 [0 0 0 0 0 0 0 0 0 0]
7 [1 1 1 1 1 1 1 1 1 1]
8 [0 0 0 0 0 0 0 0 0 0]
9 [0 0 0 0 0 0 0 0 0 0]
10 [0 0 0 0 0 0 0 0 0 0]
11 [0 0 0 0 0 0 0 0 0 0]
12 [0 0 0 0 0 0 0 0 0 0]
13 [0 0 0 0 0 0 0 0 0 0]
14 [0 0 0 0 0 0 0 0 0 0]
15 [1 1 1 1 1 1 1 1 1 1]
16 [0 0 0 0 0 0 0 0 0 0]
17 [1 1 1 1 1 1 1 1 1 1]
18 [0 0 0 0 0 0 0 0 0 0]
19 [1 1 1 1 1 1 1 1 1 1]
20 [0 0 0 0 0 0 0 0 0 0]
21 [1 1 1 1 1 1 1 1 1 1]
22 [1 1 1 1 1 1 1 1 1 1]
23 [0 0 0 0 0 0 0 0 0 0]
24 [1 1 1 1 1 1 1 1 1 1]
25 [1 1 1 1 1 1 1 1 1 1]
26 [1 1 1 1 1 1 1 1 1 1]
27 [0 0 0 0 0 0 0 0 0 0]
28 [1 1 1 1 1 1 1 1 1 1]
29 [1 1 1 1 1 1 1 1 1 1]
30 [0 0 0 0 0 0 0 0 0 0]
31 [1 1 1 1 1 1 1 1 1 1]
32 [0 0 0 0 0 0 0 0 0 0]
33 [0 0 0 0 0 0 0 0 0 0]
34 [1 1 1 1 1 1 1 1 1 1]
35 [1 1 1 1 1 1 1 1 1 1]
36 [1 1 1 1 1 1 1 1 1 1]
37 [0 0 0 0 0 0 0 0 0 0]
38 [1 1 1 1 1 1 1 1 1 1]
39 [0 0 0 0 0 0 0 0 0 0]
40 [1 1 1 1 1 1 1 1 1 1]
41 [1 1 1 1 1 1 1 1 1 1]
42 [1 1 1 1 1 1 1 1 1 1]
43 [1 1 1 1 1 1 1 1 1 1]
44 [1 1 1 1 1 1 1 1 1 1]
45 [0 0 0 0 0 0 0 0 0 0]
46 [1 1 1 1 1 1 1 1 1 1]
47 [0 0 0 0 0 0 0 0 0 0]
48 [1 1 1 1 1 1 1 1 1 1]
49 [1 1 1 1 1 1 1 1 1 1]
50 [1 1 1 1 1 1 1 1 1 1]
	**** end init su array ...
1 2 1 700 80 0.85 0.92 0.8 (9)9
2 2 0.9 800 75 0.82 0.90 0.9 (9)9
3 1 1.1 680 90 0.88 0.95 0.5 (9)9
4 1 1 480 100 0.86 0.93 0.6 (9)9
5 5 0.6 550 40 0.72 0.78 1.5 (9)9
6 6 0.5 650 45 0.70 0.75 2.0 (9)9
7 7 0.5 1100 40 0.68 0.72 2.5 (9)9
8 5 0.3 700 30 0.65 0.70 1.8 (9)9
9 9 0.2 1700 15 0.60 0.65 3.5 (9)9
10 1 0.8 5800 40 0.80 0.88 0.7 (9)9

<<< generate

Version identifier: 20.1.0.0 | 2020-11-10 | 9bedb6d68
CPXPARAM_TimeLimit                               1800
Tried aggregator 2 times.
MIP Presolve eliminated 13362 rows and 543 columns.
MIP Presolve added 480 rows and 240 columns.
MIP Presolve modified 214 coefficients.
Aggregator did 2 substitutions.
Reduced MIP has 1203 rows, 868 columns, and 2887 nonzeros.
Reduced MIP has 289 binaries, 339 generals, 0 SOSs, and 0 indicators.
Presolve time = 0,00 sec. (10,42 ticks)
Found incumbent of value 2,1930938e+09 after 0,00 sec. (11,99 ticks)
Probing time = 0,00 sec. (0,23 ticks)
Cover probing fixed 0 vars, tightened 24 bounds.
Tried aggregator 1 time.
MIP Presolve eliminated 418 rows and 105 columns.
MIP Presolve modified 294 coefficients.
Reduced MIP has 785 rows, 763 columns, and 2204 nonzeros.
Reduced MIP has 254 binaries, 299 generals, 0 SOSs, and 0 indicators.
Presolve time = 0,00 sec. (1,28 ticks)
Probing time = 0,00 sec. (0,16 ticks)
Tried aggregator 1 time.
Detecting symmetries...
Reduced MIP has 785 rows, 763 columns, and 2204 nonzeros.
Reduced MIP has 254 binaries, 299 generals, 0 SOSs, and 0 indicators.
Presolve time = 0,00 sec. (1,52 ticks)
Classifier predicts products in MIQP should be linearized.
Probing time = 0,00 sec. (0,16 ticks)
MIP emphasis: balance optimality and feasibility.
MIP search method: dynamic search.
Parallel mode: deterministic, using up to 20 threads.
Root relaxation solution time = 0,00 sec. (3,18 ticks)

        Nodes                                         Cuts/
   Node  Left     Objective  IInf  Best Integer    Best Bound    ItCnt     Gap

*     0+    0                       2,04050e+09  -3,95663e+08           119,39%
      0     0  8601098,5784   289   2,04050e+09  8601098,5784      334   99,58%
      0     0  8710898,8989   279   2,04050e+09     Cuts: 127      432   99,57%
      0     0  8835826,3404   311   2,04050e+09      Cuts: 66      515   99,57%
      0     0  8915530,2616   294   2,04050e+09     Cuts: 137      604   99,56%
      0     0  8965803,2466   276   2,04050e+09     Cuts: 119      702   99,56%
      0     0  8991942,1891   299   2,04050e+09      Cuts: 33      747   99,56%
Detecting symmetries...
      0     0  8995544,7484   308   2,04050e+09      Cuts: 13      765   99,56%
      0     0  9000834,1254   289   2,04050e+09      Cuts: 10      776   99,56%
      0     0  9001347,0444   293   2,04050e+09       Cuts: 9      784   99,56%
      0     0  9002027,1499   297   2,04050e+09       Cuts: 8      792   99,56%
*     0+    0                       1,07691e+07  9002027,1499            16,41%
*     0+    0                       1,02825e+07  9002027,1499            12,45%
*     0+    0                       1,01391e+07  9002027,1499            11,21%
      0     0  -1,00000e+75     0   1,01391e+07  9002027,1499      792   11,21%
Detecting symmetries...
      0     2  9002027,1499   294   1,01391e+07  9002027,1499      792   11,21%
Elapsed time = 0,41 sec. (88,90 ticks, tree = 0,02 MB, solutions = 6)
*    12+    2                      9918448,9199  9004200,6715             9,22%
*    16+    1                      9895614,0399  9004200,6715             9,01%
*    19+    8                      9895614,0399  9004200,6715             9,01%
*    20+    3                      9895614,0398  9004200,6715             9,01%
*    21+    7                      9857709,3599  9004200,6715             8,66%
*    53+   10                      9857709,3599  9010118,0288             8,60%

Performing restart 1

Repeating presolve.
Tried aggregator 1 time.
MIP Presolve modified 112 coefficients.
Reduced MIP has 785 rows, 763 columns, and 2204 nonzeros.
Reduced MIP has 254 binaries, 299 generals, 0 SOSs, and 0 indicators.
Presolve time = 0,00 sec. (1,14 ticks)
Tried aggregator 1 time.
MIP Presolve modified 272 coefficients.
Reduced MIP has 785 rows, 763 columns, and 2204 nonzeros.
Reduced MIP has 254 binaries, 299 generals, 0 SOSs, and 0 indicators.
Presolve time = 0,00 sec. (1,59 ticks)
Represolve time = 0,00 sec. (5,58 ticks)
   5341     0  9104217,7212   280  9857709,3599     Cuts: 249    24690    7,64%
   5341     0  9266085,4327   292  9857709,3599     Cuts: 190    24823    6,00%
   5341     0  9364520,5064   237  9857709,3599     Cuts: 205    24964    5,00%
   5341     0  9461525,7571   265  9857709,3599     Cuts: 174    25078    4,02%
   5341     0  9517115,1916   272  9857709,3599     Cuts: 170    25201    3,46%
   5341     0  9553886,2845   268  9857709,3599     Cuts: 146    25285    3,08%
   5341     0  9570674,4116   294  9857709,3599     Cuts: 128    25378    2,91%
   5341     0  9588001,1434   324  9857709,3599     Cuts: 109    25450    2,74%
   5341     0  9602949,5439   330  9857709,3599     Cuts: 109    25523    2,58%
   5341     0  9608982,1723   301  9857709,3599      Cuts: 87    25577    2,52%
   5341     0  9627347,2691   191  9857709,3599     Cuts: 109    25643    2,34%
   5341     0  9642233,6543   250  9857709,3599      Cuts: 74    25701    2,19%
   5341     0  9651322,8524   197  9857709,3599      Cuts: 76    25747    2,09%
   5341     0  9658165,3039   198  9857709,3599      Cuts: 72    25796    2,02%
   5341     0  9663713,6603   173  9857709,3599      Cuts: 46    25841    1,97%
   5341     0  9667253,4142   164  9857709,3599      Cuts: 34    25865    1,93%
   5341     0  9672051,1159   148  9857709,3599      Cuts: 40    25896    1,88%
   5341     0  9675103,6946   186  9857709,3599      Cuts: 21    25929    1,85%
   5341     0  9675852,9968   156  9857709,3599      Cuts: 37    25947    1,84%
   5341     0  9677304,9029   189  9857709,3599      Cuts: 28    25972    1,83%
   5341     0  9679597,4263   168  9857709,3599      Cuts: 31    25985    1,81%
   5341     0  9680213,8464   166  9857709,3599      Cuts: 16    26000    1,80%
   5341     0  9680323,9401   159  9857709,3599   MIRcuts: 10    26008    1,80%
   5341     0  9680815,6930   157  9857709,3599      Cuts: 13    26022    1,79%
   5341     0  9680977,7213   153  9857709,3599      Cuts: 16    26030    1,79%
   5341     2  9693853,4159   122  9857709,3599  9680977,7213    26030    1,79%

Cover cuts applied:  3
Implied bound cuts applied:  30
Flow cuts applied:  100
Mixed integer rounding cuts applied:  196
Zero-half cuts applied:  13
Lift and project cuts applied:  28
Gomory fractional cuts applied:  21

Root node processing (before b&c):
  Real time             =    0,39 sec. (88,60 ticks)
Parallel b&c, 20 threads:
  Real time             =    1,19 sec. (795,85 ticks)
  Sync time (average)   =    0,20 sec.
  Wait time (average)   =    0,01 sec.
                          ------------
Total (root+branch&cut) =    1,58 sec. (884,45 ticks)

<<< solve


OBJECTIVE: 9857709
xxxx
#Result <fct_obj, tot_cst, tot_ldt, Emiss>: <9.8577e+6 9.8574e+6 276 4.5113e+7>#TS:9857433.359999999#A:[0,2,16,18,11,9,11,4,8,11,4,3,5,5,4,3,4,7,7,4,5,8,7,3,5,4,4,5,5,4,2,6,4,3,4,5,5,3,5,6,5,5,5,4,4,2,6,3,3,4,6]#X:[0,1,1,1,1,1,0,0,0,0,0,0,0,0,0,0,0,0,0,0,0,0,0,0,1,1,1,1,1,1,1,1,1,0,0,1,1,1,1,1,1,1,1,1,1,1,1,1,1,1,1]#E: 45112533.599999994#DELIVER:
S10=>P7
S10=>P15
S10=>P17
S10=>P19
S10=>P21
S3=>P22
S4=>P22
S10=>P22
S10=>P24
S10=>P25
S10=>P26
S10=>P28
S10=>P29
S10=>P31
S10=>P34
S10=>P36
S10=>P38
S10=>P40
S10=>P41
S10=>P42
S10=>P43
S10=>P44
S10=>P46
S10=>P48
S10=>P49
S10=>P50
xxxx

<<< post process


<<< done


)
