Array
(
    [CplexRunTime] => Total (root+branch&cut) =    1,39 sec
    [Result] => Array
        (
            [Objective] => fct_obj.
            [ServiceCost] => tot_cst.
            [LateDeliveries] => tot_ldt.
            [Emissions] => Emiss
        )

    [TS] => 6619309.52
    [A] => Array
        (
            [0] => 0
            [1] => 2
            [2] => 22
            [3] => 18
            [4] => 16
            [5] => 16
            [6] => 17
            [7] => 4
            [8] => 8
            [9] => 11
            [10] => 9
            [11] => 7
            [12] => 10
            [13] => 10
            [14] => 12
            [15] => 7
            [16] => 13
            [17] => 7
            [18] => 11
            [19] => 4
            [20] => 5
            [21] => 8
            [22] => 7
            [23] => 8
            [24] => 5
            [25] => 4
            [26] => 4
            [27] => 5
            [28] => 5
            [29] => 4
            [30] => 8
            [31] => 6
            [32] => 9
            [33] => 8
            [34] => 4
            [35] => 9
            [36] => 5
            [37] => 3
            [38] => 5
            [39] => 6
            [40] => 5
            [41] => 5
            [42] => 5
            [43] => 4
            [44] => 4
            [45] => 2
            [46] => 6
            [47] => 3
            [48] => 3
            [49] => 4
            [50] => 6
        )

    [X] => Array
        (
            [0] => 0
            [1] => 1
            [2] => 1
            [3] => 1
            [4] => 1
            [5] => 1
            [6] => 0
            [7] => 0
            [8] => 0
            [9] => 0
            [10] => 0
            [11] => 0
            [12] => 0
            [13] => 0
            [14] => 0
            [15] => 0
            [16] => 0
            [17] => 0
            [18] => 0
            [19] => 0
            [20] => 0
            [21] => 0
            [22] => 0
            [23] => 0
            [24] => 0
            [25] => 0
            [26] => 0
            [27] => 0
            [28] => 0
            [29] => 0
            [30] => 0
            [31] => 0
            [32] => 0
            [33] => 0
            [34] => 0
            [35] => 1
            [36] => 0
            [37] => 0
            [38] => 1
            [39] => 0
            [40] => 0
            [41] => 0
            [42] => 0
            [43] => 0
            [44] => 0
            [45] => 1
            [46] => 1
            [47] => 1
            [48] => 1
            [49] => 1
            [50] => 1
        )

    [E] => 76729790.4
    [DELIVER] => Array
        (
            [0] => S3=>P7
            [1] => S4=>P7
            [2] => S10=>P7
            [3] => S8=>P15
            [4] => S10=>P15
            [5] => S3=>P17
            [6] => S4=>P17
            [7] => S10=>P17
            [8] => S10=>P19
            [9] => S10=>P21
            [10] => S10=>P22
            [11] => S10=>P24
            [12] => S10=>P25
            [13] => S10=>P26
            [14] => S10=>P28
            [15] => S3=>P29
            [16] => S4=>P29
            [17] => S10=>P29
            [18] => S10=>P31
            [19] => S10=>P34
            [20] => S10=>P36
            [21] => S10=>P38
            [22] => S10=>P40
            [23] => S3=>P41
            [24] => S10=>P41
            [25] => S10=>P42
            [26] => S10=>P43
            [27] => S3=>P44
            [28] => S4=>P44
            [29] => S10=>P44
            [30] => S10=>P46
            [31] => S10=>P48
            [32] => S10=>P49
            [33] => S10=>P50
        )

    [_raw_output] => 
<<< setup

0 0 -1 0 1 0,25 0,5 0,8 1 0 0 0 0 13
1 2 0 5000 1 0,25 0,5 0,8 1 0 10000 1000 1500 13
2 5 1 900 1 0,25 0,5 0,8 1 0 9486 948,6 1500 13
3 7 1 890 1 0,25 0,5 0,8 1 0 8704 870,4 1500 13
4 6 1 910 1 0,25 0,5 0,8 1 0 8059 805,9 1500 13
5 4 1 860 2 0,25 0,5 0,8 1 0 7962 796,2 1500 13
6 4 2 880 3 0,25 0,5 0,8 1 0 7861 786,1 1500 13
7 3 2 800 2 0,25 0,5 0,8 1 0 7628 762,8 1500 13
8 3 2 780 1 0,25 0,5 0,8 1 0 7050 705 1500 13
9 3 3 790 2 0,25 0,5 0,8 1 0 6976 697,6 1500 13
10 4 3 750 3 0,25 0,5 0,8 1 0 6291 629,1 1500 13
11 3 4 690 2 0,25 0,5 0,8 1 0 6234 623,4 1500 13
12 5 4 660 3 0,25 0,5 0,8 1 0 6199 619,9 1500 13
13 5 5 600 8 0,25 0,5 0,5 1 0 6088 608,8 1500 13
14 4 5 640 6 0,25 0,5 0,5 1 0 5680 568 1500 13
15 2 5 700 2 0,25 0,5 0,5 1 0 5673 567,3 1500 13
16 4 6 660 9 0,25 0,5 0,5 1 0 5507 550,7 1500 13
17 6 6 580 6 0,25 0,5 0,5 1 0 5360 536 1500 13
18 3 67 550 2 0,25 0,5 0,5 1 0 5290 529 1500 13
19 3 8 570 1 0,25 0,5 0,5 1 0 5168 516,8 1500 13
20 5 8 600 2 0,25 0,5 0,5 1 0 4944 494,4 1500 13
21 7 9 540 6 0,25 0,5 0,5 1 0 4747 474,7 1500 13
22 6 9 510 4 0,25 0,5 0,5 1 0 4417 441,7 1500 13
23 3 9 590 4 0,25 0,5 0,5 1 0 4033 403,3 1500 13
24 4 10 400 3 0,25 0,5 0,5 1 0 3891 389,1 1500 13
25 3 11 490 2 0,25 0,5 0,5 1 0 3601 360,1 1500 13
26 3 12 480 3 0,25 0,5 0,5 1 0 3279 327,9 1500 13
27 5 12 520 6 0,25 0,5 0,5 1 0 3175 317,5 1500 13
28 4 13 400 16 0,25 0,5 0,5 1 0 2984 298,4 1500 13
29 3 14 480 6 0,25 0,5 0,5 1 0 2866 286,6 1500 13
30 2 14 490 18 0,25 0,5 0,5 1 0 2606 260,6 1500 13
31 5 16 460 9 0,25 0,5 0,5 1 0 2427 242,7 1500 13
32 4 16 500 9 0,25 0,5 0,5 1 0 2231 223,1 1500 13
33 3 18 470 6 0,25 0,5 0,5 1 0 2091 209,1 1500 13
34 3 18 300 4 0,25 0,5 0,5 1 0 1993 199,3 1500 13
35 5 20 380 4 0,25 0,5 0,5 1 0 1837 183,7 1500 13
36 4 23 330 8 0,25 0,5 0,5 1 0 1683 168,3 1500 13
37 3 23 340 12 0,25 0,5 0,5 1 0 1682 168,2 1500 13
38 4 27 350 6 0,25 0,5 0,5 1 0 1589 158,9 1500 13
39 6 30 360 18 0,25 0,5 0,5 1 0 1439 143,9 1500 13
40 4 30 310 54 0,25 0,5 0,5 1 0 1404 140,4 1500 13
41 4 32 330 18 0,25 0,5 0,5 1 0 1265 126,5 1500 13
42 4 33 290 12 0,25 0,5 0,5 1 0 1153 115,3 1500 13
43 3 33 270 12 0,25 0,5 0,5 1 0 1138 113,8 1500 13
44 3 35 260 8 0,25 0,5 0,5 1 0 1094 109,4 1500 13
45 2 37 270 12 0,25 0,5 0,5 1 0 997 99,7 1500 13
46 5 37 270 12 0,25 0,5 0,5 1 0 964 96,4 1500 13
47 3 39 100 54 0,25 0,5 0,5 1 0 917 91,7 1500 13
48 2 39 110 36 0,25 0,5 0,5 1 0 833 83,3 1500 13
49 3 45 50 48 0,25 0,5 0,5 1 0 753 75,3 1500 13
50 5 47 30 108 0,25 0,5 0,5 1 0 723 72,3 1500 13
Node nums: [0 1 2 3 4 5 6 7 8 9 10 11 12 13 14 15 16 17 18 19 20 21 22 23 24 25 26 27
     28 29 30 31 32 33 34 35 36 37 38 39 40 41 42 43 44 45 46 47 48 49 50]
xx-Data uploaded-xx
	**** start init su array ...
0 [0 0 0 0 0 0 0 0 0 0]
1 [0 0 0 0 0 0 0 0 0 0]
2 [0 0 0 0 0 0 0 0 0 0]
3 [0 0 0 0 0 0 0 0 0 0]
4 [0 0 0 0 0 0 0 0 0 0]
5 [0 0 0 0 0 0 0 0 0 0]
6 [0 0 0 0 0 0 0 0 0 0]
7 [1 1 1 1 1 1 1 1 1 1]
8 [0 0 0 0 0 0 0 0 0 0]
9 [0 0 0 0 0 0 0 0 0 0]
10 [0 0 0 0 0 0 0 0 0 0]
11 [0 0 0 0 0 0 0 0 0 0]
12 [0 0 0 0 0 0 0 0 0 0]
13 [0 0 0 0 0 0 0 0 0 0]
14 [0 0 0 0 0 0 0 0 0 0]
15 [1 1 1 1 1 1 1 1 1 1]
16 [0 0 0 0 0 0 0 0 0 0]
17 [1 1 1 1 1 1 1 1 1 1]
18 [0 0 0 0 0 0 0 0 0 0]
19 [1 1 1 1 1 1 1 1 1 1]
20 [0 0 0 0 0 0 0 0 0 0]
21 [1 1 1 1 1 1 1 1 1 1]
22 [1 1 1 1 1 1 1 1 1 1]
23 [0 0 0 0 0 0 0 0 0 0]
24 [1 1 1 1 1 1 1 1 1 1]
25 [1 1 1 1 1 1 1 1 1 1]
26 [1 1 1 1 1 1 1 1 1 1]
27 [0 0 0 0 0 0 0 0 0 0]
28 [1 1 1 1 1 1 1 1 1 1]
29 [1 1 1 1 1 1 1 1 1 1]
30 [0 0 0 0 0 0 0 0 0 0]
31 [1 1 1 1 1 1 1 1 1 1]
32 [0 0 0 0 0 0 0 0 0 0]
33 [0 0 0 0 0 0 0 0 0 0]
34 [1 1 1 1 1 1 1 1 1 1]
35 [1 1 1 1 1 1 1 1 1 1]
36 [1 1 1 1 1 1 1 1 1 1]
37 [0 0 0 0 0 0 0 0 0 0]
38 [1 1 1 1 1 1 1 1 1 1]
39 [0 0 0 0 0 0 0 0 0 0]
40 [1 1 1 1 1 1 1 1 1 1]
41 [1 1 1 1 1 1 1 1 1 1]
42 [1 1 1 1 1 1 1 1 1 1]
43 [1 1 1 1 1 1 1 1 1 1]
44 [1 1 1 1 1 1 1 1 1 1]
45 [0 0 0 0 0 0 0 0 0 0]
46 [1 1 1 1 1 1 1 1 1 1]
47 [0 0 0 0 0 0 0 0 0 0]
48 [1 1 1 1 1 1 1 1 1 1]
49 [1 1 1 1 1 1 1 1 1 1]
50 [1 1 1 1 1 1 1 1 1 1]
	**** end init su array ...
1 2 1 700 80 0.85 0.92 0.8 (9)9
2 2 0.9 800 75 0.82 0.90 0.9 (9)9
3 1 1.1 680 90 0.88 0.95 0.5 (9)9
4 1 1 480 100 0.86 0.93 0.6 (9)9
5 5 0.6 550 40 0.72 0.78 1.5 (9)9
6 6 0.5 650 45 0.70 0.75 2.0 (9)9
7 7 0.5 1100 40 0.68 0.72 2.5 (9)9
8 5 0.3 700 30 0.65 0.70 1.8 (9)9
9 9 0.2 1700 15 0.60 0.65 3.5 (9)9
10 1 0.8 5800 40 0.80 0.88 0.7 (9)9

<<< generate

Version identifier: 20.1.0.0 | 2020-11-10 | 9bedb6d68
CPXPARAM_TimeLimit                               1800
Tried aggregator 2 times.
MIP Presolve eliminated 13362 rows and 543 columns.
MIP Presolve added 480 rows and 240 columns.
MIP Presolve modified 214 coefficients.
Aggregator did 2 substitutions.
Reduced MIP has 1203 rows, 868 columns, and 2887 nonzeros.
Reduced MIP has 289 binaries, 339 generals, 0 SOSs, and 0 indicators.
Presolve time = 0,00 sec. (10,42 ticks)
Found incumbent of value 1,7811155e+09 after 0,00 sec. (11,99 ticks)
Probing time = 0,00 sec. (0,23 ticks)
Cover probing fixed 0 vars, tightened 24 bounds.
Tried aggregator 1 time.
MIP Presolve eliminated 418 rows and 105 columns.
MIP Presolve modified 294 coefficients.
Reduced MIP has 785 rows, 763 columns, and 2204 nonzeros.
Reduced MIP has 254 binaries, 299 generals, 0 SOSs, and 0 indicators.
Presolve time = 0,00 sec. (1,28 ticks)
Probing time = 0,00 sec. (0,16 ticks)
Tried aggregator 1 time.
Detecting symmetries...
Reduced MIP has 785 rows, 763 columns, and 2204 nonzeros.
Reduced MIP has 254 binaries, 299 generals, 0 SOSs, and 0 indicators.
Presolve time = 0,00 sec. (1,52 ticks)
Classifier predicts products in MIQP should be linearized.
Probing time = 0,00 sec. (0,16 ticks)
MIP emphasis: balance optimality and feasibility.
MIP search method: dynamic search.
Parallel mode: deterministic, using up to 20 threads.
Root relaxation solution time = 0,00 sec. (2,60 ticks)

        Nodes                                         Cuts/
   Node  Left     Objective  IInf  Best Integer    Best Bound    ItCnt     Gap

*     0+    0                       1,65331e+09  -1,47346e+08           108,91%
      0     0  6052842,1811   246   1,65331e+09  6052842,1811      291   99,63%
      0     0  6149610,1742   208   1,65331e+09     Cuts: 176      448   99,63%
      0     0  6213086,6054   248   1,65331e+09      Cuts: 71      520   99,62%
      0     0  6257604,5088   246   1,65331e+09      Cuts: 78      586   99,62%
      0     0  6284261,1763   214   1,65331e+09      Cuts: 62      637   99,62%
      0     0  6292251,6709   224   1,65331e+09      Cuts: 24      658   99,62%
Detecting symmetries...
      0     0  6293022,8173   198   1,65331e+09      Cuts: 15      670   99,62%
      0     0  6294229,4695   205   1,65331e+09      Cuts: 13      677   99,62%
      0     0  6294275,2894   204   1,65331e+09       Cuts: 4      681   99,62%
      0     0  6294306,1536   202   1,65331e+09       Cuts: 2      684   99,62%
*     0+    0                      9072458,0600  6294306,1536            30,62%
*     0+    0                      9072445,0600  6294306,1536            30,62%
*     0+    0                      7158122,6699  6294306,1536            12,07%
*     0+    0                      7056179,6299  6294306,1536            10,80%
*     0+    0                      6990439,4999  6294306,1536             9,96%
      0     0  -1,00000e+75     0  6990439,4999  6294306,1536      684    9,96%
Detecting symmetries...
      0     2  6294306,1536   202  6990439,4999  6294306,1536      684    9,96%
Elapsed time = 0,16 sec. (94,66 ticks, tree = 0,02 MB, solutions = 8)
*    20+    7                      6738476,3400  6308711,2547             6,38%
*    33+   10                      6737332,3400  6308711,2547             6,36%
*  1051   754      integral     0  6731318,3500  6312572,0437     4980    6,22%
*  1111   848      integral     0  6729571,8300  6312572,0437     5474    6,20%
*  1130   795      integral     0  6697188,3300  6312572,0437     5190    5,74%
*  2944+ 1938                      6667780,8300  6338762,5770             4,93%

Performing restart 1

Repeating presolve.
Tried aggregator 1 time.
MIP Presolve modified 221 coefficients.
Reduced MIP has 785 rows, 763 columns, and 2204 nonzeros.
Reduced MIP has 254 binaries, 299 generals, 0 SOSs, and 0 indicators.
Presolve time = 0,00 sec. (1,17 ticks)
Tried aggregator 1 time.
MIP Presolve modified 300 coefficients.
Reduced MIP has 785 rows, 763 columns, and 2204 nonzeros.
Reduced MIP has 254 binaries, 299 generals, 0 SOSs, and 0 indicators.
Presolve time = 0,00 sec. (1,60 ticks)
Represolve time = 0,02 sec. (5,46 ticks)
*  5311+    0                      6619678,5200  6345680,6731             4,14%
   5311     0  6340132,0926   270  6619678,5200     Cuts: 256    28415    4,14%
   5311     0  6369517,2671   213  6619678,5200     Cuts: 197    28520    3,78%
   5311     0  6404422,3430   187  6619678,5200     Cuts: 181    28651    3,25%
   5311     0  6436310,3523   194  6619678,5200     Cuts: 158    28742    2,77%
   5311     0  6456481,8375   178  6619678,5200     Cuts: 144    28836    2,47%
   5311     0  6476381,6940   245  6619678,5200     Cuts: 141    28927    2,16%
   5311     0  6489196,2627   243  6619678,5200     Cuts: 176    29025    1,97%
   5311     0  6494909,3339   186  6619678,5200     Cuts: 141    29105    1,88%
   5311     0  6500488,4659   193  6619678,5200      Cuts: 90    29165    1,80%
   5311     0  6502316,7563   219  6619678,5200      Cuts: 98    29226    1,77%
   5311     0  6505859,3682   225  6619678,5200     Cuts: 122    29316    1,72%
   5311     0  6509567,4530   220  6619678,5200     Cuts: 105    29389    1,66%
   5311     0  6512177,8773   189  6619678,5200      Cuts: 84    29460    1,62%
   5311     0  6513357,4197   234  6619678,5200      Cuts: 66    29517    1,61%
   5311     0  6514581,9911   216  6619678,5200      Cuts: 67    29567    1,59%
   5311     0  6515647,3738   228  6619678,5200      Cuts: 75    29627    1,57%
   5311     0  6516525,7248   233  6619678,5200      Cuts: 61    29670    1,56%
   5311     0  6517224,1614   202  6619678,5200      Cuts: 46    29712    1,55%
   5311     0  6517656,8211   236  6619678,5200      Cuts: 47    29749    1,54%
   5311     0  6518334,4988   233  6619678,5200      Cuts: 62    29796    1,53%
   5311     0  6518878,6864   186  6619678,5200      Cuts: 48    29825    1,52%
   5311     0  6519276,7235   230  6619678,5200      Cuts: 16    29845    1,52%
   5311     0  6519485,8322   217  6619678,5200      Cuts: 19    29856    1,51%
   5311     0  6519876,8303   216  6619678,5200      Cuts: 31    29876    1,51%
   5311     2  6520173,5473   157  6619678,5200  6519876,8303    29876    1,51%

Cover cuts applied:  1
Implied bound cuts applied:  40
Flow cuts applied:  71
Mixed integer rounding cuts applied:  185
Zero-half cuts applied:  17
Lift and project cuts applied:  25
Gomory fractional cuts applied:  20

Root node processing (before b&c):
  Real time             =    0,14 sec. (94,48 ticks)
Parallel b&c, 20 threads:
  Real time             =    1,42 sec. (714,55 ticks)
  Sync time (average)   =    0,13 sec.
  Wait time (average)   =    0,01 sec.
                          ------------
Total (root+branch&cut) =    1,56 sec. (809,03 ticks)

<<< solve


OBJECTIVE: 6619679
xxxx
#Result <fct_obj, tot_cst, tot_ldt, Emiss>: <6.6197e+6 6.6193e+6 369 7.673e+7>#TS:6619309.52#A:[0,2,22,18,16,16,17,4,8,11,9,7,10,10,12,7,13,7,11,4,5,8,7,8,5,4,4,5,5,4,8,6,9,8,4,9,5,3,5,6,5,5,5,4,4,2,6,3,3,4,6]#X:[0,1,1,1,1,1,0,0,0,0,0,0,0,0,0,0,0,0,0,0,0,0,0,0,0,0,0,0,0,0,0,0,0,0,0,1,0,0,1,0,0,0,0,0,0,1,1,1,1,1,1]#E: 76729790.399999991#DELIVER:
S3=>P7
S4=>P7
S10=>P7
S8=>P15
S10=>P15
S3=>P17
S4=>P17
S10=>P17
S10=>P19
S10=>P21
S10=>P22
S10=>P24
S10=>P25
S10=>P26
S10=>P28
S3=>P29
S4=>P29
S10=>P29
S10=>P31
S10=>P34
S10=>P36
S10=>P38
S10=>P40
S3=>P41
S10=>P41
S10=>P42
S10=>P43
S3=>P44
S4=>P44
S10=>P44
S10=>P46
S10=>P48
S10=>P49
S10=>P50
xxxx

<<< post process


<<< done


)
