Array
(
    [CplexRunTime] => Total (root+branch&cut) =    0,08 sec
    [Result] => Array
        (
            [Objective] => fct_obj.
            [ServiceCost] => tot_cst.
            [LateDeliveries] => tot_ldt.
            [Emissions] => Emiss
        )

    [TS] => 520102
    [A] => Array
        (
            [0] => 0
            [1] => 3
            [2] => 3
            [3] => 3
            [4] => 2
            [5] => 4
            [6] => 3
            [7] => 6
            [8] => 7
            [9] => 5
            [10] => 6
        )

    [X] => Array
        (
            [0] => 0
            [1] => 1
            [2] => 1
            [3] => 1
            [4] => 1
            [5] => 1
            [6] => 1
            [7] => 1
            [8] => 1
            [9] => 1
            [10] => 1
        )

    [E] => 3130580
    [DELIVER] => Array
        (
            [0] => S10=>P1
            [1] => S10=>P2
            [2] => S10=>P3
            [3] => S3=>P7
            [4] => S4=>P7
            [5] => S4=>P8
            [6] => S4=>P9
            [7] => S4=>P10
        )

    [_raw_output] => 
<<< setup

0 0 -1 0 0 0.25 0.5 0.8 1 0 0 0 0  14
1 2 0 700 1 0.25 0.5 0.8 1 0 7000 700 1500  14
2 2 0 650 1 0.25 0.5 0.8 1 0 6500 650 1500  14
3 2 0 600 1 0.25 0.5 0.8 1 0 6000 600 1500  14
4 2 0 750 1 0.25 0.5 0.8 1 0 7500 750 1500  14
5 4 4 180 1 0.25 0.5 0.8 1 0 5600 560 1500  14
6 3 4 120 2 0.25 0.5 0.8 1 0 3900 390 1500  14
7 5 5 35 6 0.25 0.5 0.8 1 0 3600 360 1500  14
8 6 6 40 2 0.25 0.5 0.8 1 0 3200 320 1500  14
9 4 5 27 4 0.25 0.5 0.8 1 0 3100 310 1500  14
10 5 6 32 3 0.25 0.5 0.8 1 0 2900 290 1500  14
Node nums: [0 1 2 3 4 5 6 7 8 9 10]
xx-Data uploaded-xx
	**** start init su array ...
0 [0 0 0 0 0 0 0 0 0 0]
1 [1 1 1 1 1 1 1 1 1 1]
2 [1 1 1 1 1 1 1 1 1 1]
3 [1 1 1 1 1 1 1 1 1 1]
4 [0 0 0 0 0 0 0 0 0 0]
5 [0 0 0 0 0 0 0 0 0 0]
6 [0 0 0 0 0 0 0 0 0 0]
7 [1 1 1 1 1 1 1 1 1 1]
8 [1 1 1 1 1 1 1 1 1 1]
9 [1 1 1 1 1 1 1 1 1 1]
10 [1 1 1 1 1 1 1 1 1 1]
	**** end init su array ...
1 2 1 100 80 0.85 0.92 0.8 (9)9
2 2 0.9 60 75 0.82 0.90 0.9 (9)9
3 1 1.1 80 90 0.88 0.95 0.5 (9)9
4 1 1 80 100 0.86 0.93 0.6 (9)9
5 5 0.6 50 40 0.72 0.78 1.5 (9)9
6 6 0.5 60 45 0.70 0.75 2.0 (9)9
7 7 0.5 80 40 0.68 0.72 2.5 (9)9
8 5 0.3 25 30 0.65 0.70 1.8 (9)9
9 9 0.2 250 15 0.60 0.65 3.5 (9)9
10 1 0.8 30 40 0.80 0.88 0.7 (9)9

<<< generate

Version identifier: 20.1.0.0 | 2020-11-10 | 9bedb6d68
CPXPARAM_TimeLimit                               1800
Tried aggregator 2 times.
MIP Presolve eliminated 664 rows and 86 columns.
MIP Presolve added 140 rows and 70 columns.
MIP Presolve modified 49 coefficients.
Aggregator did 5 substitutions.
Reduced MIP has 318 rows, 232 columns, and 790 nonzeros.
Reduced MIP has 76 binaries, 86 generals, 0 SOSs, and 0 indicators.
Presolve time = 0,00 sec. (1,07 ticks)
Found incumbent of value 2,1532086e+08 after 0,00 sec. (1,87 ticks)
Probing time = 0,00 sec. (0,07 ticks)
Cover probing fixed 0 vars, tightened 7 bounds.
Tried aggregator 1 time.
MIP Presolve eliminated 178 rows and 93 columns.
MIP Presolve modified 56 coefficients.
Reduced MIP has 140 rows, 139 columns, and 396 nonzeros.
Reduced MIP has 46 binaries, 53 generals, 0 SOSs, and 0 indicators.
Presolve time = 0,00 sec. (0,28 ticks)
Probing time = 0,00 sec. (0,03 ticks)
Tried aggregator 1 time.
Detecting symmetries...
Reduced MIP has 140 rows, 139 columns, and 396 nonzeros.
Reduced MIP has 46 binaries, 53 generals, 0 SOSs, and 0 indicators.
Presolve time = 0,00 sec. (0,27 ticks)
Classifier predicts products in MIQP should be linearized.
Probing time = 0,00 sec. (0,03 ticks)
MIP emphasis: balance optimality and feasibility.
MIP search method: dynamic search.
Parallel mode: deterministic, using up to 20 threads.
Root relaxation solution time = 0,00 sec. (0,50 ticks)

        Nodes                                         Cuts/
   Node  Left     Objective  IInf  Best Integer    Best Bound    ItCnt     Gap

*     0+    0                       6,50436e+07  -2,96781e+07           145,63%
      0     0   481760,9720    24   6,50436e+07   481760,9720       82   99,26%
*     0+    0                       537335,4000   481760,9720            10,34%
      0     0   490132,4421    20   537335,4000      Cuts: 38      106    8,78%
      0     0   504379,0595    40   537335,4000      Cuts: 17      122    6,13%
*     0+    0                       529479,3000   504379,0595             4,74%
      0     0   513203,1638    32   529479,3000      Cuts: 13      133    3,07%
      0     0   519948,0000     1   529479,3000      Cuts: 27      142    1,80%
*     0+    0                       523308,0000   519948,0000             0,64%
*     0+    0                       520144,0000   519948,0000             0,04%
      0     0        cutoff         520144,0000                    142    0,00%
Elapsed time = 0,06 sec. (13,64 ticks, tree = 0,01 MB, solutions = 9)

Cover cuts applied:  3
Implied bound cuts applied:  37
Flow cuts applied:  4
Mixed integer rounding cuts applied:  9
Zero-half cuts applied:  1
Lift and project cuts applied:  1
Gomory fractional cuts applied:  9

Root node processing (before b&c):
  Real time             =    0,06 sec. (13,67 ticks)
Parallel b&c, 20 threads:
  Real time             =    0,00 sec. (0,00 ticks)
  Sync time (average)   =    0,00 sec.
  Wait time (average)   =    0,00 sec.
                          ------------
Total (root+branch&cut) =    0,06 sec. (13,67 ticks)

<<< solve


OBJECTIVE: 520144
xxxx
#Result <fct_obj, tot_cst, tot_ldt, Emiss>: <5.2014e+5 5.201e+5 42 3.1306e+6>#TS:520102#A:[0,3,3,3,2,4,3,6,7,5,6]#X:[0,1,1,1,1,1,1,1,1,1,1]#E: 3130580#DELIVER:
S10=>P1
S10=>P2
S10=>P3
S3=>P7
S4=>P7
S4=>P8
S4=>P9
S4=>P10
xxxx

<<< post process


<<< done


)
