Array
(
    [CplexRunTime] => Total (root+branch&cut) =    0,84 sec
    [Result] => Array
        (
            [Objective] => fct_obj.
            [ServiceCost] => tot_cst.
            [LateDeliveries] => tot_ldt.
            [Emissions] => Emiss
        )

    [TS] => 749855.8
    [A] => Array
        (
            [0] => 0
            [1] => 2
            [2] => 21
            [3] => 7
            [4] => 17
            [5] => 17
            [6] => 4
            [7] => 3
            [8] => 12
            [9] => 11
            [10] => 11
            [11] => 8
            [12] => 12
            [13] => 6
            [14] => 4
            [15] => 3
            [16] => 6
            [17] => 7
            [18] => 5
            [19] => 4
            [20] => 6
            [21] => 7
            [22] => 5
            [23] => 4
            [24] => 6
            [25] => 7
            [26] => 5
            [27] => 4
            [28] => 6
            [29] => 7
            [30] => 5
        )

    [X] => Array
        (
            [0] => 0
            [1] => 1
            [2] => 1
            [3] => 1
            [4] => 0
            [5] => 0
            [6] => 0
            [7] => 0
            [8] => 0
            [9] => 0
            [10] => 0
            [11] => 0
            [12] => 1
            [13] => 1
            [14] => 1
            [15] => 1
            [16] => 0
            [17] => 0
            [18] => 0
            [19] => 0
            [20] => 0
            [21] => 0
            [22] => 0
            [23] => 0
            [24] => 0
            [25] => 0
            [26] => 1
            [27] => 1
            [28] => 1
            [29] => 1
            [30] => 1
        )

    [E] => 9349860
    [DELIVER] => Array
        (
            [0] => S10=>P16
            [1] => S10=>P17
            [2] => S10=>P18
            [3] => S10=>P19
            [4] => S10=>P20
            [5] => S3=>P21
            [6] => S10=>P21
            [7] => S10=>P22
            [8] => S10=>P23
            [9] => S10=>P24
            [10] => S10=>P25
            [11] => S10=>P26
            [12] => S10=>P27
            [13] => S10=>P28
            [14] => S10=>P29
            [15] => S10=>P30
        )

    [_raw_output] => 
<<< setup

0 0 -1 0 1 0,25 0,5 0,8 1 0 0 0 0 13
1 2 0 3000 1 0,25 0,5 0,8 1 0 8000 800 1500 13
2 4 1 850 1 0,25 0,5 0,8 1 0 7500 750 1500 13
3 3 1 820 1 0,25 0,5 0,8 1 0 7200 720 1500 13
4 5 2 680 1 0,25 0,5 0,8 1 0 6800 680 1500 13
5 6 2 650 1 0,25 0,5 0,8 1 0 6500 650 1500 13
6 4 3 720 1 0,25 0,5 0,8 1 0 7100 710 1500 13
7 3 3 700 1 0,25 0,5 0,8 1 0 7000 700 1500 13
8 5 4 580 1 0,25 0,5 0,8 1 0 5800 580 1500 13
9 6 4 560 1 0,25 0,5 0,8 1 0 5600 560 1500 13
10 4 5 540 1 0,25 0,5 0,8 1 0 5400 540 1500 13
11 3 5 520 1 0,25 0,5 0,8 1 0 5200 520 1500 13
12 5 6 500 1 0,25 0,5 0,8 1 0 5000 500 1500 13
13 6 6 480 1 0,25 0,5 0,8 1 0 4800 480 1500 13
14 4 7 460 1 0,25 0,5 0,8 1 0 4600 460 1500 13
15 3 7 440 1 0,25 0,5 0,8 1 0 4400 440 1500 13
16 5 8 420 1 0,25 0,5 0,8 1 0 4200 420 1500 13
17 6 8 400 1 0,25 0,5 0,8 1 0 4000 400 1500 13
18 4 9 380 1 0,25 0,5 0,8 1 0 3800 380 1500 13
19 3 9 360 1 0,25 0,5 0,8 1 0 3600 360 1500 13
20 5 10 340 1 0,25 0,5 0,8 1 0 3400 340 1500 13
21 6 10 320 1 0,25 0,5 0,8 1 0 3200 320 1500 13
22 4 11 300 1 0,25 0,5 0,8 1 0 3000 300 1500 13
23 3 11 280 1 0,25 0,5 0,8 1 0 2800 280 1500 13
24 5 12 260 1 0,25 0,5 0,8 1 0 2600 260 1500 13
25 6 12 240 1 0,25 0,5 0,8 1 0 2400 240 1500 13
26 4 13 220 1 0,25 0,5 0,8 1 0 2200 220 1500 13
27 3 13 200 1 0,25 0,5 0,8 1 0 2000 200 1500 13
28 5 14 180 1 0,25 0,5 0,8 1 0 1800 180 1500 13
29 6 14 160 1 0,25 0,5 0,8 1 0 1600 160 1500 13
30 4 15 140 1 0,25 0,5 0,8 1 0 1400 140 1500 13
Node nums: [0 1 2 3 4 5 6 7 8 9 10 11 12 13 14 15 16 17 18 19 20 21 22 23 24 25 26 27
     28 29 30]
xx-Data uploaded-xx
	**** start init su array ...
0 [0 0 0 0 0 0 0 0 0 0]
1 [0 0 0 0 0 0 0 0 0 0]
2 [0 0 0 0 0 0 0 0 0 0]
3 [0 0 0 0 0 0 0 0 0 0]
4 [0 0 0 0 0 0 0 0 0 0]
5 [0 0 0 0 0 0 0 0 0 0]
6 [0 0 0 0 0 0 0 0 0 0]
7 [0 0 0 0 0 0 0 0 0 0]
8 [0 0 0 0 0 0 0 0 0 0]
9 [0 0 0 0 0 0 0 0 0 0]
10 [0 0 0 0 0 0 0 0 0 0]
11 [0 0 0 0 0 0 0 0 0 0]
12 [0 0 0 0 0 0 0 0 0 0]
13 [0 0 0 0 0 0 0 0 0 0]
14 [0 0 0 0 0 0 0 0 0 0]
15 [0 0 0 0 0 0 0 0 0 0]
16 [1 1 1 1 1 1 1 1 1 1]
17 [1 1 1 1 1 1 1 1 1 1]
18 [1 1 1 1 1 1 1 1 1 1]
19 [1 1 1 1 1 1 1 1 1 1]
20 [1 1 1 1 1 1 1 1 1 1]
21 [1 1 1 1 1 1 1 1 1 1]
22 [1 1 1 1 1 1 1 1 1 1]
23 [1 1 1 1 1 1 1 1 1 1]
24 [1 1 1 1 1 1 1 1 1 1]
25 [1 1 1 1 1 1 1 1 1 1]
26 [1 1 1 1 1 1 1 1 1 1]
27 [1 1 1 1 1 1 1 1 1 1]
28 [1 1 1 1 1 1 1 1 1 1]
29 [1 1 1 1 1 1 1 1 1 1]
30 [1 1 1 1 1 1 1 1 1 1]
	**** end init su array ...
1 2 1 700 80 0.85 0.92 0.8 (9)9
2 2 0.9 800 75 0.82 0.90 0.9 (9)9
3 1 1.1 680 90 0.88 0.95 0.5 (9)9
4 1 1 480 100 0.86 0.93 0.6 (9)9
5 5 0.6 550 40 0.72 0.78 1.5 (9)9
6 6 0.5 650 45 0.70 0.75 2.0 (9)9
7 7 0.5 1100 40 0.68 0.72 2.5 (9)9
8 5 0.3 700 30 0.65 0.70 1.8 (9)9
9 9 0.2 1700 15 0.60 0.65 3.5 (9)9
10 1 0.8 5800 40 0.80 0.88 0.7 (9)9

<<< generate

Version identifier: 20.1.0.0 | 2020-11-10 | 9bedb6d68
CPXPARAM_TimeLimit                               1800
Tried aggregator 2 times.
MIP Presolve eliminated 5019 rows and 323 columns.
MIP Presolve added 300 rows and 150 columns.
MIP Presolve modified 153 coefficients.
Aggregator did 2 substitutions.
Reduced MIP has 746 rows, 538 columns, and 1790 nonzeros.
Reduced MIP has 179 binaries, 209 generals, 0 SOSs, and 0 indicators.
Presolve time = 0,02 sec. (4,09 ticks)
Found incumbent of value 1,8647711e+08 after 0,02 sec. (4,75 ticks)
Probing time = 0,00 sec. (0,14 ticks)
Cover probing fixed 0 vars, tightened 15 bounds.
Tried aggregator 1 time.
Detecting symmetries...
MIP Presolve eliminated 195 rows and 0 columns.
MIP Presolve modified 210 coefficients.
Reduced MIP has 551 rows, 538 columns, and 1550 nonzeros.
Reduced MIP has 179 binaries, 209 generals, 0 SOSs, and 0 indicators.
Presolve time = 0,00 sec. (1,19 ticks)
Classifier predicts products in MIQP should be linearized.
Probing time = 0,00 sec. (0,12 ticks)
MIP emphasis: balance optimality and feasibility.
MIP search method: dynamic search.
Parallel mode: deterministic, using up to 20 threads.
Root relaxation solution time = 0,00 sec. (2,02 ticks)

        Nodes                                         Cuts/
   Node  Left     Objective  IInf  Best Integer    Best Bound    ItCnt     Gap

*     0+    0                       1,86477e+08   259683,0000            99,86%
*     0+    0                       1,85665e+08   259683,0000            99,86%
*     0+    0                       1,84854e+08   259683,0000            99,86%
*     0+    0                       1,84042e+08   259683,0000            99,86%
      0     0   674668,7746   227   1,84042e+08   674668,7746      248   99,63%
      0     0   676525,7469   259   1,84042e+08      Cuts: 84      321   99,63%
      0     0   684297,7008   279   1,84042e+08      Cuts: 59      374   99,63%
      0     0   687951,4543   201   1,84042e+08     Cuts: 123      461   99,63%
      0     0   689296,7515   268   1,84042e+08      Cuts: 83      546   99,63%
      0     0   690223,9990   209   1,84042e+08      Cuts: 50      591   99,62%
Detecting symmetries...
      0     0   690465,6372   234   1,84042e+08      Cuts: 28      619   99,62%
      0     0   690660,0435   232   1,84042e+08       Cuts: 9      636   99,62%
      0     0   690685,4920   240   1,84042e+08       Cuts: 7      646   99,62%
      0     0   690692,4616   236   1,84042e+08       Cuts: 3      649   99,62%
*     0+    0                       773609,4000   690692,4616            10,72%
*     0+    0                       765545,4000   693411,4828             9,42%
      0     0  -1,00000e+75     0   765545,4000   693411,4828      649    9,42%
Detecting symmetries...
      0     2   690692,4616   236   765545,4000   693411,4828      649    9,42%
Elapsed time = 0,14 sec. (63,38 ticks, tree = 0,02 MB, solutions = 6)
*    11+    2                       759145,4000   693411,4828             8,66%
*    12+    2                       757829,4000   693411,4828             8,50%
*    16+    1                       757829,4000   693411,4828             8,50%
*    27+    4                       756833,4000   693411,4828             8,38%
*    63+   10                       754157,4000   693411,4828             8,05%

Performing restart 1

Repeating presolve.
Tried aggregator 1 time.
MIP Presolve modified 387 coefficients.
Reduced MIP has 551 rows, 538 columns, and 1550 nonzeros.
Reduced MIP has 179 binaries, 209 generals, 0 SOSs, and 0 indicators.
Presolve time = 0,00 sec. (0,83 ticks)
Tried aggregator 1 time.
MIP Presolve modified 349 coefficients.
Reduced MIP has 551 rows, 538 columns, and 1550 nonzeros.
Reduced MIP has 179 binaries, 209 generals, 0 SOSs, and 0 indicators.
Presolve time = 0,00 sec. (1,13 ticks)
Represolve time = 0,00 sec. (4,05 ticks)
   5387     0   702414,2001   286   754157,4000     Cuts: 224    34773    6,86%
   5387     0   708151,3636   272   754157,4000     Cuts: 211    34932    6,10%
   5387     0   712658,8499   290   754157,4000     Cuts: 180    35075    5,50%
   5387     0   715544,2025   257   754157,4000     Cuts: 180    35172    5,12%
   5387     0   716794,3080   156   754157,4000     Cuts: 133    35237    4,95%
   5387     0   718253,3168   146   754157,4000      Cuts: 84    35290    4,76%
   5387     0   718938,8719   116   754157,4000      Cuts: 65    35327    4,67%
   5387     0   719465,2068   126   754157,4000      Cuts: 32    35352    4,60%
   5387     0   720058,7754   132   754157,4000      Cuts: 23    35366    4,52%
   5387     0   720142,0450   132   754157,4000      Cuts: 21    35377    4,51%
   5387     0   720535,2759   149   754157,4000      Cuts: 26    35404    4,46%
   5387     0   720993,2766   129   754157,4000      Cuts: 65    35437    4,40%
   5387     0   721181,7599   120   754157,4000      Cuts: 23    35457    4,37%
   5387     0   721292,2843   126   754157,4000      Cuts: 23    35472    4,36%
   5387     0   721362,4217   133   754157,4000      Cuts: 18    35485    4,35%
   5387     0   721364,7878   135   754157,4000       Cuts: 8    35490    4,35%
   5387     0   721391,2875   135   754157,4000       Cuts: 6    35495    4,34%
   5387     0   721402,8655   138   754157,4000       Cuts: 4    35502    4,34%
   5387     0   721421,8992   139   754157,4000      Cuts: 10    35506    4,34%
   5387     2   721421,8992   139   754157,4000   722496,2743    35506    4,20%
*  5390+    1                       750077,8000   722691,7102             3,65%
*  5390+    2                       750077,8000   722691,7102             3,65%
*  5397+    3                       750077,8000   722796,0374             3,64%

Implied bound cuts applied:  8
Flow cuts applied:  97
Mixed integer rounding cuts applied:  171
Zero-half cuts applied:  23
Lift and project cuts applied:  36
Gomory fractional cuts applied:  7

Root node processing (before b&c):
  Real time             =    0,13 sec. (63,11 ticks)
Parallel b&c, 20 threads:
  Real time             =    0,95 sec. (592,14 ticks)
  Sync time (average)   =    0,20 sec.
  Wait time (average)   =    0,00 sec.
                          ------------
Total (root+branch&cut) =    1,08 sec. (655,25 ticks)

<<< solve


OBJECTIVE: 750077.8
xxxx
#Result <fct_obj, tot_cst, tot_ldt, Emiss>: <7.5008e+5 7.4986e+5 222 9.3499e+6>#TS:749855.8#A:[0,2,21,7,17,17,4,3,12,11,11,8,12,6,4,3,6,7,5,4,6,7,5,4,6,7,5,4,6,7,5]#X:[0,1,1,1,0,0,0,0,0,0,0,0,1,1,1,1,0,0,0,0,0,0,0,0,0,0,1,1,1,1,1]#E: 9349860#DELIVER:
S10=>P16
S10=>P17
S10=>P18
S10=>P19
S10=>P20
S3=>P21
S10=>P21
S10=>P22
S10=>P23
S10=>P24
S10=>P25
S10=>P26
S10=>P27
S10=>P28
S10=>P29
S10=>P30
xxxx

<<< post process


<<< done


)
