Array
(
    [CplexRunTime] => Total (root+branch&cut) =    1,08 sec
    [Result] => Array
        (
            [Objective] => fct_obj.
            [ServiceCost] => tot_cst.
            [LateDeliveries] => tot_ldt.
            [Emissions] => Emiss
        )

    [TS] => 2362255
    [A] => Array
        (
            [0] => 0
            [1] => 9
            [2] => 22
            [3] => 20
            [4] => 7
            [5] => 12
            [6] => 18
            [7] => 11
            [8] => 16
            [9] => 12
            [10] => 9
            [11] => 2
            [12] => 1
            [13] => 8
            [14] => 6
            [15] => 10
            [16] => 10
            [17] => 4
            [18] => 8
            [19] => 3
            [20] => 10
            [21] => 3
            [22] => 7
            [23] => 4
            [24] => 7
            [25] => 8
            [26] => 4
        )

    [X] => Array
        (
            [0] => 0
            [1] => 1
            [2] => 1
            [3] => 1
            [4] => 1
            [5] => 1
            [6] => 0
            [7] => 0
            [8] => 0
            [9] => 0
            [10] => 0
            [11] => 0
            [12] => 0
            [13] => 0
            [14] => 0
            [15] => 0
            [16] => 0
            [17] => 0
            [18] => 0
            [19] => 0
            [20] => 0
            [21] => 0
            [22] => 0
            [23] => 0
            [24] => 1
            [25] => 1
            [26] => 1
        )

    [E] => 20326700
    [DELIVER] => Array
        (
            [0] => S5=>P13
            [1] => S8=>P13
            [2] => S10=>P13
            [3] => S1=>P14
            [4] => S3=>P14
            [5] => S4=>P14
            [6] => S5=>P14
            [7] => S8=>P14
            [8] => S10=>P14
            [9] => S4=>P15
            [10] => S10=>P15
            [11] => S3=>P16
            [12] => S4=>P16
            [13] => S10=>P16
            [14] => S3=>P17
            [15] => S4=>P17
            [16] => S10=>P17
            [17] => S4=>P18
            [18] => S10=>P18
            [19] => S3=>P19
            [20] => S4=>P19
            [21] => S10=>P19
            [22] => S3=>P20
            [23] => S4=>P20
            [24] => S10=>P20
            [25] => S10=>P21
            [26] => S10=>P22
            [27] => S10=>P23
            [28] => S10=>P24
            [29] => S10=>P25
            [30] => S10=>P26
        )

    [_raw_output] => 
<<< setup

0 0 -1 0 1 0,25 0,5 0,8 1 0 0 0 0 13
1 9 0 2500 1 0,25 0,5 0,8 1 0 7000 700 1500 13
2 4 1 900 1 0,25 0,5 0,8 1 0 3500 450 1500 13
3 8 1 890 1 0,25 0,5 0,8 1 0 5500 550 1500 13
4 5 1 910 1 0,25 0,5 0,8 1 0 2800 280 1500 13
5 2 1 860 2 0,25 0,5 0,8 1 0 2350 235 1500 13
6 8 2 880 3 0,25 0,5 0,8 1 0 2600 260 1500 13
7 3 2 800 2 0,25 0,5 0,8 1 0 2900 290 1500 13
8 6 2 780 1 0,25 0,5 0,8 1 0 1600 160 1500 13
9 5 3 790 2 0,25 0,5 0,8 1 0 1250 125 1500 13
10 9 3 750 3 0,25 0,5 0,8 1 0 1120 112 1500 13
11 2 4 690 2 0,25 0,5 0,8 1 0 1200 120 1500 13
12 1 4 660 3 0,25 0,5 0,8 1 0 1000 100 1500 13
13 3 5 600 8 0,25 0,5 0,5 1 0 1100 110 1500 13
14 1 5 640 6 0,25 0,5 0,5 1 0 1100 110 1500 13
15 9 5 700 2 0,25 0,5 0,5 1 0 1100 110 1500 13
16 9 6 660 9 0,25 0,5 0,5 1 0 2100 210 1500 13
17 3 6 580 6 0,25 0,5 0,5 1 0 2000 200 1500 13
18 7 7 550 2 0,25 0,5 0,5 1 0 2300 230 1500 13
19 2 8 570 1 0,25 0,5 0,5 1 0 1200 120 1500 13
20 9 8 600 2 0,25 0,5 0,5 1 0 1400 140 1500 13
21 2 9 540 6 0,25 0,5 0,5 1 0 1150 115 1500 13
22 6 9 510 4 0,25 0,5 0,5 1 0 1100 110 1500 13
23 3 9 590 4 0,25 0,5 0,5 1 0 1050 105 1500 13
24 6 10 400 3 0,25 0,5 0,5 1 0 950 95 1500 13
25 7 11 490 2 0,25 0,5 0,5 1 0 1000 100 1500 13
26 3 12 480 3 0,25 0,5 0,5 1 0 900 90 1500 13
Node nums: [0 1 2 3 4 5 6 7 8 9 10 11 12 13 14 15 16 17 18 19 20 21 22 23 24 25 26]
xx-Data uploaded-xx
	**** start init su array ...
0 [0 0 0 0 0 0 0 0 0 0]
1 [0 0 0 0 0 0 0 0 0 0]
2 [0 0 0 0 0 0 0 0 0 0]
3 [0 0 0 0 0 0 0 0 0 0]
4 [0 0 0 0 0 0 0 0 0 0]
5 [0 0 0 0 0 0 0 0 0 0]
6 [0 0 0 0 0 0 0 0 0 0]
7 [0 0 0 0 0 0 0 0 0 0]
8 [0 0 0 0 0 0 0 0 0 0]
9 [0 0 0 0 0 0 0 0 0 0]
10 [0 0 0 0 0 0 0 0 0 0]
11 [0 0 0 0 0 0 0 0 0 0]
12 [0 0 0 0 0 0 0 0 0 0]
13 [1 1 1 1 1 1 1 1 1 1]
14 [1 1 1 1 1 1 1 1 1 1]
15 [1 1 1 1 1 1 1 1 1 1]
16 [1 1 1 1 1 1 1 1 1 1]
17 [1 1 1 1 1 1 1 1 1 1]
18 [1 1 1 1 1 1 1 1 1 1]
19 [1 1 1 1 1 1 1 1 1 1]
20 [1 1 1 1 1 1 1 1 1 1]
21 [1 1 1 1 1 1 1 1 1 1]
22 [1 1 1 1 1 1 1 1 1 1]
23 [1 1 1 1 1 1 1 1 1 1]
24 [1 1 1 1 1 1 1 1 1 1]
25 [1 1 1 1 1 1 1 1 1 1]
26 [1 1 1 1 1 1 1 1 1 1]
	**** end init su array ...
1 2 1 700 80 0.85 0.92 0.8 (9)9
2 2 0.9 800 75 0.82 0.90 0.9 (9)9
3 1 1.1 680 90 0.88 0.95 0.5 (9)9
4 1 1 480 100 0.86 0.93 0.6 (9)9
5 5 0.6 550 40 0.72 0.78 1.5 (9)9
6 6 0.5 650 45 0.70 0.75 2.0 (9)9
7 7 0.5 1100 40 0.68 0.72 2.5 (9)9
8 5 0.3 700 30 0.65 0.70 1.8 (9)9
9 9 0.2 1700 15 0.60 0.65 3.5 (9)9
10 1 0.8 5800 40 0.80 0.88 0.7 (9)9

<<< generate

Version identifier: 20.1.0.0 | 2020-11-10 | 9bedb6d68
CPXPARAM_TimeLimit                               1800
Tried aggregator 2 times.
MIP Presolve eliminated 3813 rows and 263 columns.
MIP Presolve added 280 rows and 140 columns.
MIP Presolve modified 143 coefficients.
Aggregator did 2 substitutions.
Reduced MIP has 688 rows, 496 columns, and 1650 nonzeros.
Reduced MIP has 165 binaries, 191 generals, 0 SOSs, and 0 indicators.
Presolve time = 0,00 sec. (3,36 ticks)
Found incumbent of value 5,5241360e+08 after 0,00 sec. (3,93 ticks)
Probing time = 0,00 sec. (0,13 ticks)
Cover probing fixed 0 vars, tightened 14 bounds.
Tried aggregator 1 time.
Detecting symmetries...
MIP Presolve eliminated 182 rows and 0 columns.
MIP Presolve modified 196 coefficients.
Reduced MIP has 506 rows, 496 columns, and 1426 nonzeros.
Reduced MIP has 165 binaries, 191 generals, 0 SOSs, and 0 indicators.
Presolve time = 0,00 sec. (1,08 ticks)
Classifier predicts products in MIQP should be linearized.
Probing time = 0,00 sec. (0,11 ticks)
MIP emphasis: balance optimality and feasibility.
MIP search method: dynamic search.
Parallel mode: deterministic, using up to 20 threads.
Root relaxation solution time = 0,02 sec. (1,39 ticks)

        Nodes                                         Cuts/
   Node  Left     Objective  IInf  Best Integer    Best Bound    ItCnt     Gap

*     0+    0                       5,52414e+08   932176,0000            99,83%
*     0+    0                       5,50539e+08   932176,0000            99,83%
*     0+    0                       7,99313e+07   932176,0000            98,83%
*     0+    0                       3,54632e+07   932176,0000            97,37%
      0     0  2029915,7933   165   3,54632e+07  2029915,7933      167   94,28%
      0     0  2073000,1235   161   3,54632e+07     Cuts: 128      282   94,15%
      0     0  2080800,5777   191   3,54632e+07      Cuts: 68      343   94,13%
      0     0  2090758,7767   187   3,54632e+07      Cuts: 19      375   94,10%
      0     0  2092793,0362   196   3,54632e+07      Cuts: 23      406   94,10%
      0     0  2092793,0362   199   3,54632e+07       Cuts: 4      410   94,10%
Detecting symmetries...
      0     0  2093526,7729   184   3,54632e+07       Cuts: 5      415   94,10%
      0     0  2093526,7729   188   3,54632e+07       Cuts: 9      421   94,10%
*     0+    0                      2452965,0000  2093526,7729            14,65%
*     0+    0                      2452450,5000  2093526,7729            14,64%
*     0+    0                      2451764,5000  2101948,1984            14,27%
      0     0  -1,00000e+75     0  2451764,5000  2101948,1984      421   14,27%
Detecting symmetries...
      0     2  2093526,7729   184  2451764,5000  2111270,9423      421   13,89%
Elapsed time = 0,13 sec. (43,92 ticks, tree = 0,02 MB, solutions = 7)
*    24+    2                      2446630,5000  2111270,9423            13,71%
*    28+    8                      2425986,5000  2111270,9423            12,97%
*   137+   10                      2424842,5000  2133345,6938            12,02%
*  5031  3648      integral     0  2419674,0000  2189786,2839    19808    9,50%

Performing restart 1

Repeating presolve.
Tried aggregator 1 time.
MIP Presolve modified 355 coefficients.
Reduced MIP has 506 rows, 496 columns, and 1426 nonzeros.
Reduced MIP has 165 binaries, 191 generals, 0 SOSs, and 0 indicators.
Presolve time = 0,00 sec. (0,77 ticks)
Tried aggregator 1 time.
MIP Presolve modified 220 coefficients.
Reduced MIP has 506 rows, 496 columns, and 1426 nonzeros.
Reduced MIP has 165 binaries, 191 generals, 0 SOSs, and 0 indicators.
Presolve time = 0,00 sec. (1,03 ticks)
Represolve time = 0,00 sec. (3,90 ticks)
*  5366+    0                      2398458,0000  2195009,4256             8,48%
   5366     0  2154792,6581   200  2398458,0000     Cuts: 226    24984    8,48%
   5366     0  2182191,8835   168  2398458,0000     Cuts: 171    25089    8,48%
   5366     0  2190823,0908   172  2398458,0000     Cuts: 121    25161    8,48%
   5366     0  2198684,6017   197  2398458,0000     Cuts: 125    25236    8,33%
   5366     0  2203532,5201   195  2398458,0000     Cuts: 123    25310    8,13%
   5366     0  2207179,8890   208  2398458,0000     Cuts: 104    25383    7,98%
   5366     0  2215603,5143   193  2398458,0000     Cuts: 116    25453    7,62%
   5366     0  2220027,7198   200  2398458,0000      Cuts: 86    25520    7,44%
   5366     0  2223253,9426   205  2398458,0000      Cuts: 85    25573    6,20%
   5366     0  2250188,4679   195  2398458,0000     Cuts: 106    25702    6,18%
   5366     0  2257948,2707   176  2398458,0000     Cuts: 138    25811    5,86%
   5366     0  2260274,9291   191  2398458,0000     Cuts: 116    25894    5,76%
   5366     0  2263064,3128   188  2398458,0000      Cuts: 80    25956    5,65%
   5366     0  2264002,1489   192  2398458,0000      Cuts: 80    26010    5,61%
   5366     0  2264723,2107   183  2398458,0000      Cuts: 66    26056    5,58%
   5366     0  2265092,0172   189  2398458,0000      Cuts: 65    26099    5,56%
   5366     0  2265418,0907   187  2398458,0000      Cuts: 50    26140    5,55%
   5366     0  2265452,0099   195  2398458,0000      Cuts: 43    26163    5,55%
   5366     0  2265490,1510   192  2398458,0000      Cuts: 30    26174    5,54%
   5366     0  2265660,2126   197  2398458,0000      Cuts: 40    26193    5,54%
   5366     0  2265734,7616   202  2398458,0000      Cuts: 33    26219    5,53%
*  5366+    0                      2398164,0000  2265734,7616             5,52%
   5366     0  -1,00000e+75     0  2398164,0000  2265734,7616    26219    5,52%
   5366     2  2265734,7616   200  2398164,0000  2265734,7616    26219    5,52%
*  5379+    3                      2397020,0000  2279182,2991             4,92%
*  5388+    5                      2382567,0000  2283539,1143             4,16%
*  5396+    5                      2381423,0000  2283539,1143             4,11%
*  5409+   11                      2381423,0000  2283539,1143             4,11%
*  5918    91      integral     0  2380559,0000  2321433,9104    31395    2,48%
*  5950    85      integral     0  2379500,0000  2321433,9104    31107    2,44%
*  5960   165      integral     0  2374173,0000  2321433,9104    32998    2,22%
*  6044+  158                      2370695,0000  2324869,7789             1,93%
*  6093   166      integral     0  2370030,0000  2327885,8580    34468    1,78%
*  6119   147      integral     0  2369723,0000  2327885,8580    34841    1,77%
*  6182   141      integral     0  2368859,0000  2327885,8580    35086    1,73%
*  6183   127      integral     0  2362486,0000  2327885,8580    35260    1,46%

Clique cuts applied:  1
Implied bound cuts applied:  13
Flow cuts applied:  57
Mixed integer rounding cuts applied:  138
Zero-half cuts applied:  9
Lift and project cuts applied:  7
Gomory fractional cuts applied:  41

Root node processing (before b&c):
  Real time             =    0,11 sec. (43,77 ticks)
Parallel b&c, 20 threads:
  Real time             =    1,02 sec. (474,70 ticks)
  Sync time (average)   =    0,35 sec.
  Wait time (average)   =    0,00 sec.
                          ------------
Total (root+branch&cut) =    1,13 sec. (518,48 ticks)

<<< solve


OBJECTIVE: 2362486
xxxx
#Result <fct_obj, tot_cst, tot_ldt, Emiss>: <2.3625e+6 2.3623e+6 231 2.0327e+7>#TS:2362255#A:[0,9,22,20,7,12,18,11,16,12,9,2,1,8,6,10,10,4,8,3,10,3,7,4,7,8,4]#X:[0,1,1,1,1,1,0,0,0,0,0,0,0,0,0,0,0,0,0,0,0,0,0,0,1,1,1]#E: 20326700#DELIVER:
S5=>P13
S8=>P13
S10=>P13
S1=>P14
S3=>P14
S4=>P14
S5=>P14
S8=>P14
S10=>P14
S4=>P15
S10=>P15
S3=>P16
S4=>P16
S10=>P16
S3=>P17
S4=>P17
S10=>P17
S4=>P18
S10=>P18
S3=>P19
S4=>P19
S10=>P19
S3=>P20
S4=>P20
S10=>P20
S10=>P21
S10=>P22
S10=>P23
S10=>P24
S10=>P25
S10=>P26
xxxx

<<< post process


<<< done


)
