Array
(
    [CplexRunTime] => Total (root+branch&cut) =    0,14 sec
    [Result] => Array
        (
            [Objective] => fct_obj.
            [ServiceCost] => tot_cst.
            [LateDeliveries] => tot_ldt.
            [Emissions] => Emiss
        )

    [TS] => 1469851.7
    [A] => Array
        (
            [0] => 0
            [1] => 2
            [2] => 5
            [3] => 7
            [4] => 6
            [5] => 4
            [6] => 4
            [7] => 4
            [8] => 4
            [9] => 4
            [10] => 4
            [11] => 5
            [12] => 16
            [13] => 13
        )

    [X] => Array
        (
            [0] => 0
            [1] => 1
            [2] => 1
            [3] => 1
            [4] => 1
            [5] => 1
            [6] => 1
            [7] => 1
            [8] => 1
            [9] => 1
            [10] => 1
            [11] => 1
            [12] => 1
            [13] => 1
        )

    [E] => 11389417
    [DELIVER] => Array
        (
            [0] => S10=>P7
            [1] => S4=>P8
            [2] => S4=>P9
            [3] => S1=>P11
            [4] => S4=>P11
            [5] => S10=>P11
            [6] => S6=>P12
            [7] => S7=>P12
            [8] => S8=>P12
            [9] => S9=>P12
            [10] => S1=>P13
            [11] => S2=>P13
            [12] => S4=>P13
        )

    [_raw_output] => 
<<< setup

0 0 -1 0 1 0,25 0,5 0,8 1 0 0 0 0  14
1 2 0 1000 1 0,25 0,5 0,8 1 0 7000 700 1500  14
2 5 1 120 1 0,25 0,5 0,8 1 0 3500 450 1500  14
3 7 1 250 1 0,25 0,5 0,8 1 0 5500 550 1500  14
4 6 1 100 3 0,25 0,5 0,8 1 0 2800 280 1500  14
5 4 2 65 2 0,25 0,5 0,8 1 0 2350 235 1500  14
6 4 3 80 5 0,25 0,5 0,8 1 0 2600 260 1500  14
7 3 3 110 1 0,25 0,5 0,8 1 0 2900 290 1500  14
8 3 4 40 3 0,25 0,5 0,8 1 0 1600 160 1500  14
9 3 5 24 2 0,25 0,5 0,8 1 0 1250 125 1500  14
10 4 5 16 2 0,25 0,5 0,8 1 0 1120 112 1500  14
11 3 6 21 10 0,25 0,5 0,8 1 0 1200 120 1500  14
12 7 6 27 20 0,25 0,5 0,8 1 0 1000 100 1500  14
13 11 10 9 12 0,25 0,5 0,5 1 0 1100 110 1500  14
Node nums: [0 1 2 3 4 5 6 7 8 9 10 11 12 13]
xx-Data uploaded-xx
	**** start init su array ...
0 [0 0 0 0 0 0 0 0 0 0]
1 [0 0 0 0 0 0 0 0 0 0]
2 [0 0 0 0 0 0 0 0 0 0]
3 [0 0 0 0 0 0 0 0 0 0]
4 [0 0 0 0 0 0 0 0 0 0]
5 [0 0 0 0 0 0 0 0 0 0]
6 [0 0 0 0 0 0 0 0 0 0]
7 [1 1 1 1 1 1 1 1 1 1]
8 [1 1 1 1 1 1 1 1 1 1]
9 [1 1 1 1 1 1 1 1 1 1]
10 [0 0 0 0 0 0 0 0 0 0]
11 [1 1 1 1 1 1 1 1 1 1]
12 [1 1 1 1 1 1 1 1 1 1]
13 [1 1 1 1 1 1 1 1 1 1]
	**** end init su array ...
1 2 1 100 80 0.85 0.92 0.8 (9)9
2 2 0.9 60 75 0.82 0.90 0.9 (9)9
3 1 1.1 80 90 0.88 0.95 0.5 (9)9
4 1 1 80 100 0.86 0.93 0.6 (9)9
5 5 0.6 50 40 0.72 0.78 1.5 (9)9
6 6 0.5 60 45 0.70 0.75 2.0 (9)9
7 7 0.5 80 40 0.68 0.72 2.5 (9)9
8 5 0.3 25 30 0.65 0.70 1.8 (9)9
9 9 0.2 250 15 0.60 0.65 3.5 (9)9
10 1 0.8 30 40 0.80 0.88 0.7 (9)9

<<< generate

Version identifier: 20.1.0.0 | 2020-11-10 | 9bedb6d68
CPXPARAM_TimeLimit                               1800
Tried aggregator 2 times.
MIP Presolve eliminated 1103 rows and 163 columns.
MIP Presolve added 120 rows and 60 columns.
MIP Presolve modified 28 coefficients.
Aggregator did 2 substitutions.
Reduced MIP has 300 rows, 217 columns, and 720 nonzeros.
Reduced MIP has 72 binaries, 85 generals, 0 SOSs, and 0 indicators.
Presolve time = 0,00 sec. (1,19 ticks)
Found incumbent of value 1,6572774e+08 after 0,00 sec. (1,43 ticks)
Probing time = 0,00 sec. (0,06 ticks)
Cover probing fixed 0 vars, tightened 20 bounds.
Tried aggregator 1 time.
Detecting symmetries...
MIP Presolve eliminated 86 rows and 0 columns.
MIP Presolve modified 68 coefficients.
Reduced MIP has 214 rows, 217 columns, and 608 nonzeros.
Reduced MIP has 72 binaries, 85 generals, 0 SOSs, and 0 indicators.
Presolve time = 0,00 sec. (0,46 ticks)
Classifier predicts products in MIQP should be linearized.
Probing time = 0,00 sec. (0,04 ticks)
MIP emphasis: balance optimality and feasibility.
MIP search method: dynamic search.
Parallel mode: deterministic, using up to 20 threads.
Root relaxation solution time = 0,00 sec. (0,80 ticks)

        Nodes                                         Cuts/
   Node  Left     Objective  IInf  Best Integer    Best Bound    ItCnt     Gap

*     0+    0                       1,65728e+08  -1,35211e+08           181,59%
*     0+    0                       1,62899e+08  -1,35211e+08           183,00%
*     0+    0                       1,62290e+08  -1,35211e+08           183,31%
*     0+    0                       1,61681e+08  -1,35211e+08           183,63%
      0     0  1147751,7470    54   1,61681e+08  1147751,7470      123   99,29%
      0     0  1275141,8573    37   1,61681e+08      Cuts: 61      173   99,21%
      0     0  1418020,2408    68   1,61681e+08      Cuts: 27      200   99,12%
      0     0  1420475,3801    72   1,61681e+08       Cuts: 3      205   99,12%
      0     0  1423779,5616    72   1,61681e+08       Cuts: 2      208   99,12%
      0     0  1424392,8438    74   1,61681e+08       Cuts: 3      210   99,12%
*     0+    0                      1792953,5000  1424392,8438            20,56%
Detecting symmetries...
      0     0  1425001,5722    72  1792953,5000       Cuts: 5      214   20,52%
      0     0  1425520,4936    72  1792953,5000    MIRcuts: 1      215   20,49%
*     0+    0                      1771434,1000  1425520,4936            19,53%
      0     0  1425549,1249    74  1771434,1000       Cuts: 2      217   19,53%
      0     0  1426199,0788    74  1771434,1000   ZeroHalf: 1      220   19,49%
      0     0  1426203,7053    74  1771434,1000       Cuts: 6      224   19,49%
*     0+    0                      1544141,3000  1426203,7053             7,64%
*     0+    0                      1481896,5000  1426203,7053             3,76%
Detecting symmetries...
      0     2  1426203,7053    74  1481896,5000  1436039,4480      224    3,09%
Elapsed time = 0,05 sec. (18,34 ticks, tree = 0,02 MB, solutions = 8)
*    28+    4                      1480991,7000  1436039,4480             3,04%
*    43+    1                      1480791,8000  1436039,4480             3,02%
*    44+    1                      1479244,5000  1436039,4480             2,92%
*    80+   13                      1472519,3000  1457629,8673             1,01%
*   126+   17                      1470703,3000  1457682,4462             0,89%
*   222+   28                      1470493,7000  1457682,6729             0,87%
*   307    28      integral     0  1469930,2000  1462758,6070      761    0,49%
*   426    68      integral     0  1469929,7000  1462799,8353      977    0,49%

Cover cuts applied:  8
Implied bound cuts applied:  23
Flow cuts applied:  4
Mixed integer rounding cuts applied:  13
Zero-half cuts applied:  4
Gomory fractional cuts applied:  26

Root node processing (before b&c):
  Real time             =    0,05 sec. (18,25 ticks)
Parallel b&c, 20 threads:
  Real time             =    0,03 sec. (7,40 ticks)
  Sync time (average)   =    0,02 sec.
  Wait time (average)   =    0,00 sec.
                          ------------
Total (root+branch&cut) =    0,08 sec. (25,65 ticks)

<<< solve


OBJECTIVE: 1469930
xxxx
#Result <fct_obj, tot_cst, tot_ldt, Emiss>: <1.4699e+6 1.4699e+6 78 1.1389e+7>#TS:1469851.7#A:[0,2,5,7,6,4,4,4,4,4,4,5,16,13]#X:[0,1,1,1,1,1,1,1,1,1,1,1,1,1]#E: 11389417#DELIVER:
S10=>P7
S4=>P8
S4=>P9
S1=>P11
S4=>P11
S10=>P11
S6=>P12
S7=>P12
S8=>P12
S9=>P12
S1=>P13
S2=>P13
S4=>P13
xxxx

<<< post process


<<< done


)
