Array
(
    [CplexRunTime] => Total (root+branch&cut) =    0,50 sec
    [Result] => Array
        (
            [Objective] => fct_obj.
            [ServiceCost] => tot_cst.
            [LateDeliveries] => tot_ldt.
            [Emissions] => Emiss
        )

    [TS] => 510996.6
    [A] => Array
        (
            [0] => 0
            [1] => 2
            [2] => 21
            [3] => 19
            [4] => 17
            [5] => 17
            [6] => 16
            [7] => 14
            [8] => 12
            [9] => 11
            [10] => 11
            [11] => 8
            [12] => 12
            [13] => 11
            [14] => 11
            [15] => 8
            [16] => 6
            [17] => 7
            [18] => 5
            [19] => 4
            [20] => 6
            [21] => 7
            [22] => 5
            [23] => 4
            [24] => 6
            [25] => 7
            [26] => 5
            [27] => 4
            [28] => 6
            [29] => 7
            [30] => 5
        )

    [X] => Array
        (
            [0] => 0
            [1] => 1
            [2] => 1
            [3] => 1
            [4] => 0
            [5] => 0
            [6] => 0
            [7] => 0
            [8] => 0
            [9] => 0
            [10] => 0
            [11] => 0
            [12] => 0
            [13] => 0
            [14] => 0
            [15] => 0
            [16] => 0
            [17] => 0
            [18] => 0
            [19] => 0
            [20] => 0
            [21] => 0
            [22] => 0
            [23] => 0
            [24] => 0
            [25] => 0
            [26] => 0
            [27] => 0
            [28] => 0
            [29] => 0
            [30] => 0
        )

    [E] => 12835660
    [DELIVER] => Array
        (
            [0] => S3=>P16
            [1] => S4=>P16
            [2] => S10=>P16
            [3] => S10=>P17
            [4] => S3=>P18
            [5] => S4=>P18
            [6] => S10=>P18
            [7] => S3=>P19
            [8] => S4=>P19
            [9] => S10=>P19
            [10] => S10=>P20
            [11] => S10=>P21
            [12] => S3=>P22
            [13] => S4=>P22
            [14] => S10=>P22
            [15] => S3=>P23
            [16] => S4=>P23
            [17] => S10=>P23
            [18] => S10=>P24
            [19] => S10=>P25
            [20] => S10=>P26
            [21] => S10=>P27
            [22] => S3=>P28
            [23] => S10=>P28
            [24] => S10=>P29
            [25] => S10=>P30
        )

    [_raw_output] => 
<<< setup

0 0 -1 0 1 0,25 0,5 0,8 1 0 0 0 0 13
1 2 0 3000 1 0,25 0,5 0,8 1 0 8000 800 1500 13
2 4 1 850 1 0,25 0,5 0,8 1 0 7500 750 1500 13
3 3 1 820 1 0,25 0,5 0,8 1 0 7200 720 1500 13
4 5 2 680 1 0,25 0,5 0,8 1 0 6800 680 1500 13
5 6 2 650 1 0,25 0,5 0,8 1 0 6500 650 1500 13
6 4 3 720 1 0,25 0,5 0,8 1 0 7100 710 1500 13
7 3 3 700 1 0,25 0,5 0,8 1 0 7000 700 1500 13
8 5 4 580 1 0,25 0,5 0,8 1 0 5800 580 1500 13
9 6 4 560 1 0,25 0,5 0,8 1 0 5600 560 1500 13
10 4 5 540 1 0,25 0,5 0,8 1 0 5400 540 1500 13
11 3 5 520 1 0,25 0,5 0,8 1 0 5200 520 1500 13
12 5 6 500 1 0,25 0,5 0,8 1 0 5000 500 1500 13
13 6 6 480 1 0,25 0,5 0,8 1 0 4800 480 1500 13
14 4 7 460 1 0,25 0,5 0,8 1 0 4600 460 1500 13
15 3 7 440 1 0,25 0,5 0,8 1 0 4400 440 1500 13
16 5 8 420 1 0,25 0,5 0,8 1 0 4200 420 1500 13
17 6 8 400 1 0,25 0,5 0,8 1 0 4000 400 1500 13
18 4 9 380 1 0,25 0,5 0,8 1 0 3800 380 1500 13
19 3 9 360 1 0,25 0,5 0,8 1 0 3600 360 1500 13
20 5 10 340 1 0,25 0,5 0,8 1 0 3400 340 1500 13
21 6 10 320 1 0,25 0,5 0,8 1 0 3200 320 1500 13
22 4 11 300 1 0,25 0,5 0,8 1 0 3000 300 1500 13
23 3 11 280 1 0,25 0,5 0,8 1 0 2800 280 1500 13
24 5 12 260 1 0,25 0,5 0,8 1 0 2600 260 1500 13
25 6 12 240 1 0,25 0,5 0,8 1 0 2400 240 1500 13
26 4 13 220 1 0,25 0,5 0,8 1 0 2200 220 1500 13
27 3 13 200 1 0,25 0,5 0,8 1 0 2000 200 1500 13
28 5 14 180 1 0,25 0,5 0,8 1 0 1800 180 1500 13
29 6 14 160 1 0,25 0,5 0,8 1 0 1600 160 1500 13
30 4 15 140 1 0,25 0,5 0,8 1 0 1400 140 1500 13
Node nums: [0 1 2 3 4 5 6 7 8 9 10 11 12 13 14 15 16 17 18 19 20 21 22 23 24 25 26 27
     28 29 30]
xx-Data uploaded-xx
	**** start init su array ...
0 [0 0 0 0 0 0 0 0 0 0]
1 [0 0 0 0 0 0 0 0 0 0]
2 [0 0 0 0 0 0 0 0 0 0]
3 [0 0 0 0 0 0 0 0 0 0]
4 [0 0 0 0 0 0 0 0 0 0]
5 [0 0 0 0 0 0 0 0 0 0]
6 [0 0 0 0 0 0 0 0 0 0]
7 [0 0 0 0 0 0 0 0 0 0]
8 [0 0 0 0 0 0 0 0 0 0]
9 [0 0 0 0 0 0 0 0 0 0]
10 [0 0 0 0 0 0 0 0 0 0]
11 [0 0 0 0 0 0 0 0 0 0]
12 [0 0 0 0 0 0 0 0 0 0]
13 [0 0 0 0 0 0 0 0 0 0]
14 [0 0 0 0 0 0 0 0 0 0]
15 [0 0 0 0 0 0 0 0 0 0]
16 [1 1 1 1 1 1 1 1 1 1]
17 [1 1 1 1 1 1 1 1 1 1]
18 [1 1 1 1 1 1 1 1 1 1]
19 [1 1 1 1 1 1 1 1 1 1]
20 [1 1 1 1 1 1 1 1 1 1]
21 [1 1 1 1 1 1 1 1 1 1]
22 [1 1 1 1 1 1 1 1 1 1]
23 [1 1 1 1 1 1 1 1 1 1]
24 [1 1 1 1 1 1 1 1 1 1]
25 [1 1 1 1 1 1 1 1 1 1]
26 [1 1 1 1 1 1 1 1 1 1]
27 [1 1 1 1 1 1 1 1 1 1]
28 [1 1 1 1 1 1 1 1 1 1]
29 [1 1 1 1 1 1 1 1 1 1]
30 [1 1 1 1 1 1 1 1 1 1]
	**** end init su array ...
1 2 1 700 80 0.85 0.92 0.8 (9)9
2 2 0.9 800 75 0.82 0.90 0.9 (9)9
3 1 1.1 680 90 0.88 0.95 0.5 (9)9
4 1 1 480 100 0.86 0.93 0.6 (9)9
5 5 0.6 550 40 0.72 0.78 1.5 (9)9
6 6 0.5 650 45 0.70 0.75 2.0 (9)9
7 7 0.5 1100 40 0.68 0.72 2.5 (9)9
8 5 0.3 700 30 0.65 0.70 1.8 (9)9
9 9 0.2 1700 15 0.60 0.65 3.5 (9)9
10 1 0.8 5800 40 0.80 0.88 0.7 (9)9

<<< generate

Version identifier: 20.1.0.0 | 2020-11-10 | 9bedb6d68
CPXPARAM_TimeLimit                               1800
Tried aggregator 2 times.
MIP Presolve eliminated 5019 rows and 323 columns.
MIP Presolve added 300 rows and 150 columns.
MIP Presolve modified 153 coefficients.
Aggregator did 2 substitutions.
Reduced MIP has 746 rows, 538 columns, and 1790 nonzeros.
Reduced MIP has 179 binaries, 209 generals, 0 SOSs, and 0 indicators.
Presolve time = 0,02 sec. (4,09 ticks)
Found incumbent of value 1,6836837e+08 after 0,02 sec. (4,75 ticks)
Probing time = 0,00 sec. (0,14 ticks)
Cover probing fixed 0 vars, tightened 15 bounds.
Tried aggregator 1 time.
Detecting symmetries...
MIP Presolve eliminated 195 rows and 0 columns.
MIP Presolve modified 210 coefficients.
Reduced MIP has 551 rows, 538 columns, and 1550 nonzeros.
Reduced MIP has 179 binaries, 209 generals, 0 SOSs, and 0 indicators.
Presolve time = 0,00 sec. (1,19 ticks)
Classifier predicts products in MIQP should be linearized.
Probing time = 0,00 sec. (0,12 ticks)
MIP emphasis: balance optimality and feasibility.
MIP search method: dynamic search.
Parallel mode: deterministic, using up to 20 threads.
Root relaxation solution time = 0,00 sec. (1,76 ticks)

        Nodes                                         Cuts/
   Node  Left     Objective  IInf  Best Integer    Best Bound    ItCnt     Gap

*     0+    0                       1,68368e+08   118659,0000            99,93%
*     0+    0                       1,67619e+08   118659,0000            99,93%
*     0+    0                       1,66870e+08   118659,0000            99,93%
*     0+    0                       1,66121e+08   118659,0000            99,93%
      0     0   485874,9822   201   1,66121e+08   485874,9822      204   99,71%
      0     0   489328,7706   210   1,66121e+08      Cuts: 62      265   99,71%
      0     0   491545,3988   205   1,66121e+08      Cuts: 72      339   99,70%
      0     0   492399,5260   198   1,66121e+08      Cuts: 68      393   99,70%
      0     0   492621,7477   197   1,66121e+08      Cuts: 28      412   99,70%
      0     0   492793,9989   228   1,66121e+08      Cuts: 17      438   99,70%
Detecting symmetries...
      0     0   493481,7876   159   1,66121e+08      Cuts: 20      465   99,70%
      0     0   493903,5020   167   1,66121e+08      Cuts: 25      490   99,70%
      0     0   494217,7800   203   1,66121e+08      Cuts: 23      519   99,70%
      0     0   494427,8114   203   1,66121e+08      Cuts: 11      541   99,70%
      0     0   494487,0023   199   1,66121e+08      Cuts: 17      562   99,70%
      0     0   494544,6262   203   1,66121e+08      Cuts: 12      576   99,70%
      0     0   494699,2911   199   1,66121e+08      Cuts: 12      589   99,70%
      0     0   494749,1718   223   1,66121e+08       Cuts: 7      601   99,70%
      0     0   494913,2393   222   1,66121e+08      Cuts: 13      615   99,70%
      0     0   495104,4287   227   1,66121e+08       Cuts: 6      626   99,70%
      0     0   495151,3943   229   1,66121e+08      Cuts: 12      640   99,70%
*     0+    0                       575947,9000   495151,3943            14,03%
*     0+    0                       573913,0000   495151,3943            13,72%
Detecting symmetries...
      0     2   495151,3943   229   573913,0000   495151,3943      640   13,72%
Elapsed time = 0,16 sec. (83,60 ticks, tree = 0,02 MB, solutions = 6)
*    19+    5                       550507,0000   495173,4598            10,05%
*    20+    6                       548343,0000   495173,4598             9,70%
*  4281  2770      integral     0   512232,6000   497967,7876    33089    2,78%
*  4744   597      integral     0   511751,6000   500653,5523    35279    2,17%
*  4765+  405                       511270,6000   500653,5523             2,08%

Performing restart 1

Repeating presolve.
Tried aggregator 2 times.
MIP Presolve eliminated 6 rows and 3 columns.
MIP Presolve modified 439 coefficients.
Aggregator did 2 substitutions.
Reduced MIP has 543 rows, 533 columns, and 1530 nonzeros.
Reduced MIP has 177 binaries, 206 generals, 0 SOSs, and 0 indicators.
Presolve time = 0,02 sec. (1,26 ticks)
Tried aggregator 1 time.
MIP Presolve eliminated 255 rows and 250 columns.
MIP Presolve modified 73 coefficients.
Reduced MIP has 288 rows, 283 columns, and 812 nonzeros.
Reduced MIP has 94 binaries, 109 generals, 0 SOSs, and 0 indicators.
Presolve time = 0,00 sec. (0,58 ticks)
Tried aggregator 1 time.
MIP Presolve modified 16 coefficients.
Reduced MIP has 288 rows, 283 columns, and 812 nonzeros.
Reduced MIP has 94 binaries, 109 generals, 0 SOSs, and 0 indicators.
Presolve time = 0,00 sec. (0,58 ticks)
Represolve time = 0,13 sec. (42,36 ticks)

Implied bound cuts applied:  81
Flow cuts applied:  4
Mixed integer rounding cuts applied:  39
Zero-half cuts applied:  14
Lift and project cuts applied:  6
Gomory fractional cuts applied:  21

Root node processing (before b&c):
  Real time             =    0,14 sec. (83,34 ticks)
Parallel b&c, 20 threads:
  Real time             =    0,39 sec. (185,93 ticks)
  Sync time (average)   =    0,06 sec.
  Wait time (average)   =    0,00 sec.
                          ------------
Total (root+branch&cut) =    0,53 sec. (269,28 ticks)

<<< solve


OBJECTIVE: 511270.6
xxxx
#Result <fct_obj, tot_cst, tot_ldt, Emiss>: <5.1127e+5 5.11e+5 274 1.2836e+7>#TS:510996.6#A:[0,2,21,19,17,17,16,14,12,11,11,8,12,11,11,8,6,7,5,4,6,7,5,4,6,7,5,4,6,7,5]#X:[0,1,1,1,0,0,0,0,0,0,0,0,0,0,0,0,0,0,0,0,0,0,0,0,0,0,0,0,0,0,0]#E: 12835660#DELIVER:
S3=>P16
S4=>P16
S10=>P16
S10=>P17
S3=>P18
S4=>P18
S10=>P18
S3=>P19
S4=>P19
S10=>P19
S10=>P20
S10=>P21
S3=>P22
S4=>P22
S10=>P22
S3=>P23
S4=>P23
S10=>P23
S10=>P24
S10=>P25
S10=>P26
S10=>P27
S3=>P28
S10=>P28
S10=>P29
S10=>P30
xxxx

<<< post process


<<< done


)
