Array
(
    [CplexRunTime] => Total (root+branch&cut) =    1,05 sec
    [Result] => Array
        (
            [Objective] => fct_obj.
            [ServiceCost] => tot_cst.
            [LateDeliveries] => tot_ldt.
            [Emissions] => Emiss
        )

    [TS] => 3250790
    [A] => Array
        (
            [0] => 0
            [1] => 9
            [2] => 22
            [3] => 20
            [4] => 5
            [5] => 6
            [6] => 18
            [7] => 3
            [8] => 16
            [9] => 12
            [10] => 9
            [11] => 2
            [12] => 1
            [13] => 4
            [14] => 2
            [15] => 14
            [16] => 10
            [17] => 4
            [18] => 8
            [19] => 3
            [20] => 10
            [21] => 3
            [22] => 7
            [23] => 4
            [24] => 7
            [25] => 8
            [26] => 4
        )

    [X] => Array
        (
            [0] => 0
            [1] => 1
            [2] => 1
            [3] => 1
            [4] => 1
            [5] => 1
            [6] => 0
            [7] => 0
            [8] => 0
            [9] => 0
            [10] => 0
            [11] => 1
            [12] => 1
            [13] => 0
            [14] => 0
            [15] => 1
            [16] => 0
            [17] => 0
            [18] => 1
            [19] => 0
            [20] => 0
            [21] => 0
            [22] => 0
            [23] => 0
            [24] => 1
            [25] => 1
            [26] => 1
        )

    [E] => 16850700
    [DELIVER] => Array
        (
            [0] => S10=>P13
            [1] => S3=>P14
            [2] => S10=>P14
            [3] => S8=>P15
            [4] => S10=>P16
            [5] => S4=>P17
            [6] => S10=>P17
            [7] => S10=>P18
            [8] => S4=>P19
            [9] => S10=>P19
            [10] => S3=>P20
            [11] => S4=>P20
            [12] => S10=>P20
            [13] => S10=>P21
            [14] => S10=>P22
            [15] => S10=>P23
            [16] => S10=>P24
            [17] => S10=>P25
            [18] => S10=>P26
        )

    [_raw_output] => 
<<< setup

0 0 -1 0 1 0,25 0,5 0,8 1 0 0 0 0 13
1 9 0 2500 1 0,25 0,5 0,8 1 0 7000 700 1500 13
2 4 1 900 1 0,25 0,5 0,8 1 0 3500 450 1500 13
3 8 1 890 1 0,25 0,5 0,8 1 0 5500 550 1500 13
4 5 1 910 1 0,25 0,5 0,8 1 0 2800 280 1500 13
5 2 1 860 2 0,25 0,5 0,8 1 0 2350 235 1500 13
6 8 2 880 3 0,25 0,5 0,8 1 0 2600 260 1500 13
7 3 2 800 2 0,25 0,5 0,8 1 0 2900 290 1500 13
8 6 2 780 1 0,25 0,5 0,8 1 0 1600 160 1500 13
9 5 3 790 2 0,25 0,5 0,8 1 0 1250 125 1500 13
10 9 3 750 3 0,25 0,5 0,8 1 0 1120 112 1500 13
11 2 4 690 2 0,25 0,5 0,8 1 0 1200 120 1500 13
12 1 4 660 3 0,25 0,5 0,8 1 0 1000 100 1500 13
13 3 5 600 8 0,25 0,5 0,5 1 0 1100 110 1500 13
14 1 5 640 6 0,25 0,5 0,5 1 0 1100 110 1500 13
15 9 5 700 2 0,25 0,5 0,5 1 0 1100 110 1500 13
16 9 6 660 9 0,25 0,5 0,5 1 0 2100 210 1500 13
17 3 6 580 6 0,25 0,5 0,5 1 0 2000 200 1500 13
18 7 7 550 2 0,25 0,5 0,5 1 0 2300 230 1500 13
19 2 8 570 1 0,25 0,5 0,5 1 0 1200 120 1500 13
20 9 8 600 2 0,25 0,5 0,5 1 0 1400 140 1500 13
21 2 9 540 6 0,25 0,5 0,5 1 0 1150 115 1500 13
22 6 9 510 4 0,25 0,5 0,5 1 0 1100 110 1500 13
23 3 9 590 4 0,25 0,5 0,5 1 0 1050 105 1500 13
24 6 10 400 3 0,25 0,5 0,5 1 0 950 95 1500 13
25 7 11 490 2 0,25 0,5 0,5 1 0 1000 100 1500 13
26 3 12 480 3 0,25 0,5 0,5 1 0 900 90 1500 13
Node nums: [0 1 2 3 4 5 6 7 8 9 10 11 12 13 14 15 16 17 18 19 20 21 22 23 24 25 26]
xx-Data uploaded-xx
	**** start init su array ...
0 [0 0 0 0 0 0 0 0 0 0]
1 [0 0 0 0 0 0 0 0 0 0]
2 [0 0 0 0 0 0 0 0 0 0]
3 [0 0 0 0 0 0 0 0 0 0]
4 [0 0 0 0 0 0 0 0 0 0]
5 [0 0 0 0 0 0 0 0 0 0]
6 [0 0 0 0 0 0 0 0 0 0]
7 [0 0 0 0 0 0 0 0 0 0]
8 [0 0 0 0 0 0 0 0 0 0]
9 [0 0 0 0 0 0 0 0 0 0]
10 [0 0 0 0 0 0 0 0 0 0]
11 [0 0 0 0 0 0 0 0 0 0]
12 [0 0 0 0 0 0 0 0 0 0]
13 [1 1 1 1 1 1 1 1 1 1]
14 [1 1 1 1 1 1 1 1 1 1]
15 [1 1 1 1 1 1 1 1 1 1]
16 [1 1 1 1 1 1 1 1 1 1]
17 [1 1 1 1 1 1 1 1 1 1]
18 [1 1 1 1 1 1 1 1 1 1]
19 [1 1 1 1 1 1 1 1 1 1]
20 [1 1 1 1 1 1 1 1 1 1]
21 [1 1 1 1 1 1 1 1 1 1]
22 [1 1 1 1 1 1 1 1 1 1]
23 [1 1 1 1 1 1 1 1 1 1]
24 [1 1 1 1 1 1 1 1 1 1]
25 [1 1 1 1 1 1 1 1 1 1]
26 [1 1 1 1 1 1 1 1 1 1]
	**** end init su array ...
1 2 1 700 80 0.85 0.92 0.8 (9)9
2 2 0.9 800 75 0.82 0.90 0.9 (9)9
3 1 1.1 680 90 0.88 0.95 0.5 (9)9
4 1 1 480 100 0.86 0.93 0.6 (9)9
5 5 0.6 550 40 0.72 0.78 1.5 (9)9
6 6 0.5 650 45 0.70 0.75 2.0 (9)9
7 7 0.5 1100 40 0.68 0.72 2.5 (9)9
8 5 0.3 700 30 0.65 0.70 1.8 (9)9
9 9 0.2 1700 15 0.60 0.65 3.5 (9)9
10 1 0.8 5800 40 0.80 0.88 0.7 (9)9

<<< generate

Version identifier: 20.1.0.0 | 2020-11-10 | 9bedb6d68
CPXPARAM_TimeLimit                               1800
Tried aggregator 2 times.
MIP Presolve eliminated 3813 rows and 263 columns.
MIP Presolve added 280 rows and 140 columns.
MIP Presolve modified 143 coefficients.
Aggregator did 2 substitutions.
Reduced MIP has 688 rows, 496 columns, and 1650 nonzeros.
Reduced MIP has 165 binaries, 191 generals, 0 SOSs, and 0 indicators.
Presolve time = 0,00 sec. (3,36 ticks)
Found incumbent of value 6,1518941e+08 after 0,00 sec. (3,93 ticks)
Probing time = 0,00 sec. (0,13 ticks)
Cover probing fixed 0 vars, tightened 14 bounds.
Tried aggregator 1 time.
Detecting symmetries...
MIP Presolve eliminated 182 rows and 0 columns.
MIP Presolve modified 196 coefficients.
Reduced MIP has 506 rows, 496 columns, and 1426 nonzeros.
Reduced MIP has 165 binaries, 191 generals, 0 SOSs, and 0 indicators.
Presolve time = 0,00 sec. (1,08 ticks)
Classifier predicts products in MIQP should be linearized.
Probing time = 0,00 sec. (0,11 ticks)
MIP emphasis: balance optimality and feasibility.
MIP search method: dynamic search.
Parallel mode: deterministic, using up to 20 threads.
Root relaxation solution time = 0,00 sec. (1,74 ticks)

        Nodes                                         Cuts/
   Node  Left     Objective  IInf  Best Integer    Best Bound    ItCnt     Gap

*     0+    0                       6,15189e+08  1684206,0000            99,73%
*     0+    0                       6,13107e+08  1684206,0000            99,73%
*     0+    0                       1,39321e+08  1684206,0000            98,79%
*     0+    0                       5,04140e+07  1684206,0000            96,66%
*     0+    0                       4,97801e+07  1684206,0000            96,62%
      0     0  2896876,7108   191   4,97801e+07  2896876,7108      191   94,18%
      0     0  2909747,9624   178   4,97801e+07     Cuts: 119      301   94,15%
      0     0  2916402,8047   219   4,97801e+07      Cuts: 47      354   94,14%
      0     0  2934898,8456   207   4,97801e+07      Cuts: 77      434   94,10%
      0     0  2940507,9049   206   4,97801e+07      Cuts: 41      470   94,09%
      0     0  2943420,3262   214   4,97801e+07      Cuts: 27      487   94,09%
Detecting symmetries...
      0     0  2943546,3944   216   4,97801e+07       Cuts: 4      492   94,09%
      0     0  2943836,9830   217   4,97801e+07       Cuts: 6      499   94,09%
      0     0  2943836,9830   217   4,97801e+07   ZeroHalf: 1      500   94,09%
*     0+    0                      4317154,0000  2943836,9830            31,81%
*     0+    0                      4313008,0000  2943836,9830            31,75%
*     0+    0                      4208299,0000  2943836,9830            30,05%
      0     0  -1,00000e+75     0  4208299,0000  2943836,9830      500   30,05%
*     0+    0                      3560938,0000  2943836,9830            17,33%
*     0+    0                      3560669,0000  2943836,9830            17,32%
Detecting symmetries...
      0     2  2943836,9830   217  3560669,0000  2943836,9830      500   17,32%
Elapsed time = 0,16 sec. (48,18 ticks, tree = 0,02 MB, solutions = 10)
*    10+    3                      3523949,0000  2947246,5597            16,37%
*    28+    6                      3515766,0000  2947696,1249            16,16%
*    31+    7                      3515766,0000  2947696,1249            16,16%
*    58+    2                      3515766,0000  2947696,1249            16,16%
*   161+   11                      3484625,0000  2948000,5585            15,40%
*  1017   591      integral     0  3412609,0000  2950646,2517     4478   13,54%
*  1028+  591                      3412245,0000  2950646,2517            13,53%
*  1258   791      integral     0  3406220,0000  2950646,2517     5432   13,37%
*  1315   816      integral     0  3353369,0000  2950646,2517     5737   12,01%
*  2441  1352      integral     0  3346646,0000  2959961,2866     9973   11,55%
*  2969  1780      integral     0  3345937,0000  2959961,2866    12350   11,54%
*  4798+ 2811                      3272065,0000  2964900,4941             9,39%
*  4857+ 3230                      3272065,0000  2964900,4941             9,39%

Performing restart 1

Repeating presolve.
Tried aggregator 1 time.
MIP Presolve modified 355 coefficients.
Reduced MIP has 506 rows, 496 columns, and 1426 nonzeros.
Reduced MIP has 165 binaries, 191 generals, 0 SOSs, and 0 indicators.
Presolve time = 0,00 sec. (0,77 ticks)
Tried aggregator 1 time.
MIP Presolve modified 10 coefficients.
Reduced MIP has 506 rows, 496 columns, and 1426 nonzeros.
Reduced MIP has 165 binaries, 191 generals, 0 SOSs, and 0 indicators.
Presolve time = 0,00 sec. (1,01 ticks)
Represolve time = 0,02 sec. (3,56 ticks)
*  5268+    0                      3263425,0000  2965339,9001             9,13%
   5268     0  2987713,6644   220  3263425,0000     Cuts: 191    25938    8,45%
   5268     0  3009190,2041   212  3263425,0000     Cuts: 197    26069    7,79%
   5268     0  3049322,1938   268  3263425,0000     Cuts: 156    26182    6,56%
   5268     0  3068159,9105   260  3263425,0000     Cuts: 180    26283    5,98%
   5268     0  3092283,4815   284  3263425,0000     Cuts: 143    26387    5,24%
   5268     0  3115234,0810   268  3263425,0000     Cuts: 158    26501    4,54%
   5268     0  3126284,6750   283  3263425,0000     Cuts: 164    26615    4,20%
   5268     0  3131943,1833   257  3263425,0000     Cuts: 106    26694    4,03%
   5268     0  3136691,8137   243  3263425,0000      Cuts: 91    26756    3,88%
   5268     0  3141783,2133   232  3263425,0000     Cuts: 127    26834    3,73%
   5268     0  3146363,9572   218  3263425,0000     Cuts: 122    26909    3,59%
   5268     0  3152712,1267   255  3263425,0000     Cuts: 121    26987    3,39%
   5268     0  3155791,6180   212  3263425,0000      Cuts: 88    27056    3,30%
   5268     0  3161856,5534   222  3263425,0000      Cuts: 84    27119    3,11%
   5268     0  3164154,0460   189  3263425,0000      Cuts: 70    27169    3,04%
   5268     0  3165433,4117   144  3263425,0000      Cuts: 39    27198    3,00%
   5268     0  3166617,5214   128  3263425,0000      Cuts: 38    27228    2,97%
   5268     0  3167013,4232   178  3263425,0000      Cuts: 21    27274    2,95%
   5268     0  3167488,8468   152  3263425,0000      Cuts: 54    27302    2,94%
   5268     0  3168438,3816   225  3263425,0000      Cuts: 33    27333    2,91%
   5268     0  3168934,1807   210  3263425,0000      Cuts: 41    27355    2,90%
   5268     0  3169193,9870   223  3263425,0000      Cuts: 17    27373    2,89%
   5268     0  3169726,8790   173  3263425,0000      Cuts: 24    27399    2,87%
   5268     0  3170624,0700   187  3263425,0000      Cuts: 12    27417    2,84%
   5268     0  3170846,2053   218  3263425,0000      Cuts: 21    27438    2,84%
   5268     0  3170911,7638   171  3263425,0000      Cuts: 17    27446    2,83%
   5268     0  3170923,0095   172  3263425,0000       Cuts: 7    27448    2,83%
   5268     0  3171041,0690   167  3263425,0000    MIRcuts: 2    27452    2,77%
   5268     2  3172965,0928   124  3263425,0000  3173957,3037    27454    2,74%
*  5272+    1                      3251001,0000  3189549,7640             1,89%

Implied bound cuts applied:  2
Flow cuts applied:  88
Mixed integer rounding cuts applied:  120
Zero-half cuts applied:  5
Lift and project cuts applied:  22
Gomory fractional cuts applied:  10

Root node processing (before b&c):
  Real time             =    0,14 sec. (48,01 ticks)
Parallel b&c, 20 threads:
  Real time             =    0,98 sec. (669,77 ticks)
  Sync time (average)   =    0,14 sec.
  Wait time (average)   =    0,00 sec.
                          ------------
Total (root+branch&cut) =    1,13 sec. (717,77 ticks)

<<< solve


OBJECTIVE: 3251001
xxxx
#Result <fct_obj, tot_cst, tot_ldt, Emiss>: <3.251e+6 3.2508e+6 211 1.6851e+7>#TS:3250790#A:[0,9,22,20,5,6,18,3,16,12,9,2,1,4,2,14,10,4,8,3,10,3,7,4,7,8,4]#X:[0,1,1,1,1,1,0,0,0,0,0,1,1,0,0,1,0,0,1,0,0,0,0,0,1,1,1]#E: 16850700#DELIVER:
S10=>P13
S3=>P14
S10=>P14
S8=>P15
S10=>P16
S4=>P17
S10=>P17
S10=>P18
S4=>P19
S10=>P19
S3=>P20
S4=>P20
S10=>P20
S10=>P21
S10=>P22
S10=>P23
S10=>P24
S10=>P25
S10=>P26
xxxx

<<< post process


<<< done


)
