Array
(
    [CplexRunTime] => Total (root+branch&cut) =   44,70 sec
    [Result] => Array
        (
            [Objective] => fct_obj.
            [ServiceCost] => tot_cst.
            [LateDeliveries] => tot_ldt.
            [Emissions] => Emiss
        )

    [TS] => 625892
    [A] => Array
        (
            [0] => 0
            [1] => 2
            [2] => 19
            [3] => 14
            [4] => 12
            [5] => 13
            [6] => 15
            [7] => 15
            [8] => 15
            [9] => 15
            [10] => 11
            [11] => 11
            [12] => 11
            [13] => 11
            [14] => 4
            [15] => 4
            [16] => 6
            [17] => 7
            [18] => 5
            [19] => 4
            [20] => 6
            [21] => 7
            [22] => 9
            [23] => 8
            [24] => 10
            [25] => 11
            [26] => 9
            [27] => 12
            [28] => 10
            [29] => 11
            [30] => 9
            [31] => 8
            [32] => 10
            [33] => 7
            [34] => 9
            [35] => 8
            [36] => 6
            [37] => 7
            [38] => 5
            [39] => 4
            [40] => 6
            [41] => 7
            [42] => 5
            [43] => 8
            [44] => 6
            [45] => 7
            [46] => 5
            [47] => 4
            [48] => 6
            [49] => 7
            [50] => 5
            [51] => 4
            [52] => 6
            [53] => 7
            [54] => 5
            [55] => 4
        )

    [X] => Array
        (
            [0] => 0
            [1] => 1
            [2] => 1
            [3] => 1
            [4] => 1
            [5] => 1
            [6] => 0
            [7] => 0
            [8] => 0
            [9] => 0
            [10] => 0
            [11] => 0
            [12] => 0
            [13] => 0
            [14] => 0
            [15] => 0
            [16] => 0
            [17] => 0
            [18] => 0
            [19] => 0
            [20] => 0
            [21] => 0
            [22] => 0
            [23] => 0
            [24] => 0
            [25] => 0
            [26] => 0
            [27] => 0
            [28] => 0
            [29] => 0
            [30] => 0
            [31] => 0
            [32] => 0
            [33] => 0
            [34] => 0
            [35] => 0
            [36] => 0
            [37] => 0
            [38] => 0
            [39] => 0
            [40] => 0
            [41] => 0
            [42] => 0
            [43] => 0
            [44] => 0
            [45] => 0
            [46] => 0
            [47] => 0
            [48] => 0
            [49] => 1
            [50] => 0
            [51] => 0
            [52] => 1
            [53] => 1
            [54] => 1
            [55] => 1
        )

    [E] => 20449523.6
    [DELIVER] => Array
        (
            [0] => S10=>P15
            [1] => S10=>P16
            [2] => S10=>P17
            [3] => S10=>P18
            [4] => S10=>P19
            [5] => S10=>P20
            [6] => S10=>P21
            [7] => S8=>P22
            [8] => S8=>P23
            [9] => S8=>P24
            [10] => S8=>P25
            [11] => S8=>P26
            [12] => S9=>P27
            [13] => S8=>P28
            [14] => S8=>P29
            [15] => S8=>P30
            [16] => S8=>P31
            [17] => S8=>P32
            [18] => S10=>P33
            [19] => S8=>P34
            [20] => S10=>P34
            [21] => S8=>P35
            [22] => S10=>P36
            [23] => S10=>P37
            [24] => S10=>P38
            [25] => S10=>P39
            [26] => S10=>P40
            [27] => S10=>P41
            [28] => S10=>P42
            [29] => S8=>P43
            [30] => S10=>P44
            [31] => S10=>P45
            [32] => S10=>P46
            [33] => S10=>P47
            [34] => S10=>P48
            [35] => S10=>P49
            [36] => S10=>P50
            [37] => S10=>P51
            [38] => S10=>P52
            [39] => S10=>P53
            [40] => S10=>P54
            [41] => S10=>P55
        )

    [_raw_output] => 
<<< setup

0 0 -1 0 1 0,25 0,5 0,8 1 0 0 0 0 13
1 2 0 4000 1 0,25 0,5 0,8 1 0 9000 900 1500 13
2 4 1 950 1 0,25 0,5 0,8 1 0 8200 820 1500 13
3 3 1 930 1 0,25 0,5 0,8 1 0 8000 800 1500 13
4 5 1 910 1 0,25 0,5 0,8 1 0 7800 780 1500 13
5 6 1 890 1 0,25 0,5 0,8 1 0 7600 760 1500 13
6 4 2 850 1 0,25 0,5 0,8 1 0 7400 740 1500 13
7 3 2 830 1 0,25 0,5 0,8 1 0 7200 720 1500 13
8 5 2 810 1 0,25 0,5 0,8 1 0 7000 700 1500 13
9 6 2 790 1 0,25 0,5 0,8 1 0 6800 680 1500 13
10 4 3 770 1 0,25 0,5 0,8 1 0 6600 660 1500 13
11 3 3 750 1 0,25 0,5 0,8 1 0 6400 640 1500 13
12 5 3 730 1 0,25 0,5 0,8 1 0 6200 620 1500 13
13 6 3 710 1 0,25 0,5 0,8 1 0 6000 600 1500 13
14 4 4 690 1 0,25 0,5 0,8 1 0 5800 580 1500 13
15 3 4 670 1 0,25 0,5 0,8 1 0 5600 560 1500 13
16 5 4 650 1 0,25 0,5 0,8 1 0 5400 540 1500 13
17 6 4 630 1 0,25 0,5 0,8 1 0 5200 520 1500 13
18 4 5 610 1 0,25 0,5 0,8 1 0 5000 500 1500 13
19 3 5 590 1 0,25 0,5 0,8 1 0 4800 480 1500 13
20 5 5 570 1 0,25 0,5 0,8 1 0 4600 460 1500 13
21 6 5 550 1 0,25 0,5 0,8 1 0 4400 440 1500 13
22 4 6 530 1 0,25 0,5 0,8 1 0 4200 420 1500 13
23 3 6 510 1 0,25 0,5 0,8 1 0 4000 400 1500 13
24 5 6 490 1 0,25 0,5 0,8 1 0 3800 380 1500 13
25 6 6 470 1 0,25 0,5 0,8 1 0 3600 360 1500 13
26 4 7 450 1 0,25 0,5 0,8 1 0 3400 340 1500 13
27 3 7 430 1 0,25 0,5 0,8 1 0 3200 320 1500 13
28 5 7 410 1 0,25 0,5 0,8 1 0 3000 300 1500 13
29 6 7 390 1 0,25 0,5 0,8 1 0 2800 280 1500 13
30 4 8 370 1 0,25 0,5 0,8 1 0 2600 260 1500 13
31 3 8 350 1 0,25 0,5 0,8 1 0 2400 240 1500 13
32 5 8 330 1 0,25 0,5 0,8 1 0 2200 220 1500 13
33 6 8 310 1 0,25 0,5 0,8 1 0 2000 200 1500 13
34 4 9 290 1 0,25 0,5 0,8 1 0 1800 180 1500 13
35 3 9 270 1 0,25 0,5 0,8 1 0 1600 160 1500 13
36 5 9 250 1 0,25 0,5 0,8 1 0 1400 140 1500 13
37 6 9 230 1 0,25 0,5 0,8 1 0 1200 120 1500 13
38 4 10 210 1 0,25 0,5 0,8 1 0 1000 100 1500 13
39 3 10 190 1 0,25 0,5 0,8 1 0 800 80 1500 13
40 5 10 170 1 0,25 0,5 0,8 1 0 600 60 1500 13
41 6 10 150 1 0,25 0,5 0,8 1 0 400 40 1500 13
42 4 11 130 1 0,25 0,5 0,8 1 0 300 30 1500 13
43 3 11 110 1 0,25 0,5 0,8 1 0 200 20 1500 13
44 5 11 90 1 0,25 0,5 0,8 1 0 150 15 1500 13
45 6 11 70 1 0,25 0,5 0,8 1 0 100 10 1500 13
46 4 12 50 1 0,25 0,5 0,8 1 0 80 8 1500 13
47 3 12 30 1 0,25 0,5 0,8 1 0 50 5 1500 13
48 5 12 20 1 0,25 0,5 0,8 1 0 30 3 1500 13
49 6 12 15 1 0,25 0,5 0,8 1 0 20 2 1500 13
50 4 13 10 1 0,25 0,5 0,8 1 0 15 1,5 1500 13
51 3 13 8 1 0,25 0,5 0,8 1 0 12 1,2 1500 13
52 5 13 5 1 0,25 0,5 0,8 1 0 10 1 1500 13
53 6 13 3 1 0,25 0,5 0,8 1 0 8 0,8 1500 13
54 4 14 2 1 0,25 0,5 0,8 1 0 5 0,5 1500 13
55 3 14 1 1 0,25 0,5 0,8 1 0 3 0,3 1500 13
Node nums: [0 1 2 3 4 5 6 7 8 9 10 11 12 13 14 15 16 17 18 19 20 21 22 23 24 25 26 27
     28 29 30 31 32 33 34 35 36 37 38 39 40 41 42 43 44 45 46 47 48 49 50 51
     52 53 54 55]
xx-Data uploaded-xx
	**** start init su array ...
0 [0 0 0 0 0 0 0 0 0 0]
1 [0 0 0 0 0 0 0 0 0 0]
2 [0 0 0 0 0 0 0 0 0 0]
3 [0 0 0 0 0 0 0 0 0 0]
4 [0 0 0 0 0 0 0 0 0 0]
5 [0 0 0 0 0 0 0 0 0 0]
6 [0 0 0 0 0 0 0 0 0 0]
7 [0 0 0 0 0 0 0 0 0 0]
8 [0 0 0 0 0 0 0 0 0 0]
9 [0 0 0 0 0 0 0 0 0 0]
10 [0 0 0 0 0 0 0 0 0 0]
11 [0 0 0 0 0 0 0 0 0 0]
12 [0 0 0 0 0 0 0 0 0 0]
13 [0 0 0 0 0 0 0 0 0 0]
14 [0 0 0 0 0 0 0 0 0 0]
15 [1 1 1 1 1 1 1 1 1 1]
16 [1 1 1 1 1 1 1 1 1 1]
17 [1 1 1 1 1 1 1 1 1 1]
18 [1 1 1 1 1 1 1 1 1 1]
19 [1 1 1 1 1 1 1 1 1 1]
20 [1 1 1 1 1 1 1 1 1 1]
21 [1 1 1 1 1 1 1 1 1 1]
22 [1 1 1 1 1 1 1 1 1 1]
23 [1 1 1 1 1 1 1 1 1 1]
24 [1 1 1 1 1 1 1 1 1 1]
25 [1 1 1 1 1 1 1 1 1 1]
26 [1 1 1 1 1 1 1 1 1 1]
27 [1 1 1 1 1 1 1 1 1 1]
28 [1 1 1 1 1 1 1 1 1 1]
29 [1 1 1 1 1 1 1 1 1 1]
30 [1 1 1 1 1 1 1 1 1 1]
31 [1 1 1 1 1 1 1 1 1 1]
32 [1 1 1 1 1 1 1 1 1 1]
33 [1 1 1 1 1 1 1 1 1 1]
34 [1 1 1 1 1 1 1 1 1 1]
35 [1 1 1 1 1 1 1 1 1 1]
36 [1 1 1 1 1 1 1 1 1 1]
37 [1 1 1 1 1 1 1 1 1 1]
38 [1 1 1 1 1 1 1 1 1 1]
39 [1 1 1 1 1 1 1 1 1 1]
40 [1 1 1 1 1 1 1 1 1 1]
41 [1 1 1 1 1 1 1 1 1 1]
42 [1 1 1 1 1 1 1 1 1 1]
43 [1 1 1 1 1 1 1 1 1 1]
44 [1 1 1 1 1 1 1 1 1 1]
45 [1 1 1 1 1 1 1 1 1 1]
46 [1 1 1 1 1 1 1 1 1 1]
47 [1 1 1 1 1 1 1 1 1 1]
48 [1 1 1 1 1 1 1 1 1 1]
49 [1 1 1 1 1 1 1 1 1 1]
50 [1 1 1 1 1 1 1 1 1 1]
51 [1 1 1 1 1 1 1 1 1 1]
52 [1 1 1 1 1 1 1 1 1 1]
53 [1 1 1 1 1 1 1 1 1 1]
54 [1 1 1 1 1 1 1 1 1 1]
55 [1 1 1 1 1 1 1 1 1 1]
	**** end init su array ...
1 2 1 700 80 0.85 0.92 0.8 (9)9
2 2 0.9 800 75 0.82 0.90 0.9 (9)9
3 1 1.1 680 90 0.88 0.95 0.5 (9)9
4 1 1 480 100 0.86 0.93 0.6 (9)9
5 5 0.6 550 40 0.72 0.78 1.5 (9)9
6 6 0.5 650 45 0.70 0.75 2.0 (9)9
7 7 0.5 1100 40 0.68 0.72 2.5 (9)9
8 5 0.3 700 30 0.65 0.70 1.8 (9)9
9 9 0.2 1700 15 0.60 0.65 3.5 (9)9
10 1 0.8 5800 40 0.80 0.88 0.7 (9)9

<<< generate

Version identifier: 20.1.0.0 | 2020-11-10 | 9bedb6d68
CPXPARAM_TimeLimit                               1800
Tried aggregator 2 times.
MIP Presolve eliminated 15747 rows and 303 columns.
MIP Presolve added 820 rows and 410 columns.
MIP Presolve modified 413 coefficients.
Aggregator did 2 substitutions.
Reduced MIP has 1938 rows, 1393 columns, and 4640 nonzeros.
Reduced MIP has 464 binaries, 519 generals, 0 SOSs, and 0 indicators.
Presolve time = 0,00 sec. (13,99 ticks)
Found incumbent of value 8,5109689e+08 after 0,02 sec. (20,68 ticks)
Probing time = 0,00 sec. (0,37 ticks)
Cover probing fixed 0 vars, tightened 41 bounds.
Tried aggregator 1 time.
Detecting symmetries...
MIP Presolve eliminated 533 rows and 0 columns.
MIP Presolve modified 574 coefficients.
Reduced MIP has 1405 rows, 1393 columns, and 3984 nonzeros.
Reduced MIP has 464 binaries, 519 generals, 0 SOSs, and 0 indicators.
Presolve time = 0,00 sec. (3,12 ticks)
Classifier predicts products in MIQP should be linearized.
Probing time = 0,00 sec. (0,30 ticks)
MIP emphasis: balance optimality and feasibility.
MIP search method: dynamic search.
Parallel mode: deterministic, using up to 20 threads.
Root relaxation solution time = 0,02 sec. (6,27 ticks)

        Nodes                                         Cuts/
   Node  Left     Objective  IInf  Best Integer    Best Bound    ItCnt     Gap

*     0+    0                       8,51097e+08    64284,0000            99,99%
*     0+    0                       2,71703e+08    64284,0000            99,98%
*     0+    0                       2,51669e+08    64284,0000            99,97%
*     0+    0                       2,50912e+08    64284,0000            99,97%
*     0+    0                       2,50156e+08    64284,0000            99,97%
      0     0   562295,4710   425   2,50156e+08   562295,4710      428   99,78%
      0     0   569857,0161   423   2,50156e+08      Cuts: 89      518   99,77%
      0     0   574537,8878   398   2,50156e+08      Cuts: 91      602   99,77%
      0     0   574832,3163   395   2,50156e+08      Cuts: 23      624   99,77%
      0     0   575032,1863   400   2,50156e+08      Cuts: 17      641   99,77%
*     0+    0                       1,51516e+08   575032,1863            99,62%
*     0+    0                       1,50924e+08   575032,1863            99,62%
      0     0   575245,2830   395   1,50924e+08      Cuts: 18      657   99,62%
Detecting symmetries...
      0     0   575553,1208   381   1,50924e+08      Cuts: 45      688   99,62%
      0     0   575677,0009   389   1,50924e+08      Cuts: 38      726   99,62%
      0     0   575724,0168   386   1,50924e+08      Cuts: 20      747   99,62%
      0     0   575744,7491   386   1,50924e+08      Cuts: 17      770   99,62%
      0     0   575757,1164   382   1,50924e+08      Cuts: 20      787   99,62%
*     0+    0                      1744625,5000   575757,1164            67,00%
*     0+    0                      1744448,2000   575757,1164            66,99%
*     0+    0                      1522847,5000   579206,5994            61,97%
      0     0  -1,00000e+75     0  1522847,5000   579206,5994      787   61,97%
Detecting symmetries...
      0     2   575757,1164   383  1522847,5000   579206,5994      787   61,97%
Elapsed time = 0,20 sec. (151,63 ticks, tree = 0,02 MB, solutions = 10)
*    10+    2                      1444069,3999   579206,5994            59,89%
*    21+    4                      1329028,6000   579206,5994            56,42%
*    54+   11                      1263859,6000   579206,5994            54,17%
*    82+   19                      1211460,2000   579206,5994            52,19%
*    96+   12                      1035986,4000   579206,5994            44,09%
*   111+   13                       805628,8000   579206,5994            28,11%
*   129+   13                       761952,6000   579206,5994            23,98%
*  1580+ 1099                       740622,9000   579206,5994            21,79%
*  2115+ 1396                       722379,4000   579206,5994            19,82%
*  3741  2886      integral     0   692701,1000   579206,5994    20782   16,38%
*  3980  2967      integral     0   640510,6000   579206,5994    21102    9,57%

Performing restart 1

Repeating presolve.
Tried aggregator 1 time.
MIP Presolve modified 604 coefficients.
Reduced MIP has 1405 rows, 1393 columns, and 3984 nonzeros.
Reduced MIP has 464 binaries, 519 generals, 0 SOSs, and 0 indicators.
Presolve time = 0,00 sec. (2,12 ticks)
Tried aggregator 1 time.
MIP Presolve modified 76 coefficients.
Reduced MIP has 1405 rows, 1393 columns, and 3984 nonzeros.
Reduced MIP has 464 binaries, 519 generals, 0 SOSs, and 0 indicators.
Presolve time = 0,00 sec. (2,89 ticks)
Represolve time = 0,00 sec. (8,92 ticks)
*  5021+    0                       639267,0000   581986,7365             8,96%
   5021     0   583589,7028   457   639267,0000     Cuts: 270    32437    8,53%
   5021     0   589418,9388   408   639267,0000     Cuts: 292    32646    7,80%
   5021     0   591821,2214   433   639267,0000     Cuts: 292    32883    7,42%
   5021     0   594300,6903   439   639267,0000     Cuts: 268    33088    7,03%
   5021     0   596354,8411   463   639267,0000     Cuts: 254    33277    6,71%
   5021     0   598337,6234   444   639267,0000     Cuts: 239    33497    6,40%
*  5021+    0                       637920,3000   598337,6234             6,20%
*  5021+    0                       637892,8000   598337,6234             6,20%
   5021     0   599429,5063   452   637892,8000     Cuts: 279    33701    6,03%
   5021     0   600072,0820   454   637892,8000     Cuts: 259    33909    5,93%
*  5021+    0                       637549,4000   600072,0820             5,88%
   5021     0   600488,4417   460   637549,4000     Cuts: 211    34081    5,81%
*  5021+    0                       636228,4000   600488,4417             5,62%
*  5021+    0                       636226,4000   600488,4417             5,62%
*  5021+    0                       634745,4000   600488,4417             5,40%
   5021     0  -1,00000e+75     0   634745,4000   600488,4417    34081    5,40%
   5021     0   601005,5152   474   634745,4000     Cuts: 252    34230    5,32%
*  5021+    0                       633665,4000   601005,5152             5,15%
   5021     0   601274,7363   469   633665,4000     Cuts: 246    34397    4,93%
   5021     0   602370,0594   455   633665,4000     Cuts: 247    34676    4,93%
   5021     0   603289,8418   460   633665,4000     Cuts: 314    34873    4,79%
   5021     0   603744,5879   470   633665,4000     Cuts: 229    35076    4,72%
   5021     0   604043,4487   476   633665,4000     Cuts: 228    35265    4,66%
   5021     0   604325,5110   479   633665,4000     Cuts: 230    35459    4,63%
   5021     0   604708,4185   465   633665,4000     Cuts: 259    35647    4,57%
*  5021+    0                       633664,4000   604708,4185             4,57%
*  5021+    0                       632609,4000   604708,4185             4,41%
   5021     0  -1,00000e+75     0   632609,4000   604708,4185    35647    4,41%
   5021     0   605018,8528   486   632609,4000     Cuts: 185    35794    4,36%
*  5021+    0                       631384,4000   605018,8528             4,18%
   5021     0   605302,9437   479   631384,4000     Cuts: 183    35932    4,12%
   5021     0   605603,3811   503   631384,4000     Cuts: 241    36113    4,08%
   5021     0   605717,4617   492   631384,4000     Cuts: 162    36251    4,07%
   5021     0   605858,8755   497   631384,4000     Cuts: 134    36360    4,04%
*  5021+    0                       629423,4000   605858,8755             3,74%
   5021     0   606008,4689   496   629423,4000     Cuts: 193    36510    3,72%
   5021     0   606149,6517   486   629423,4000     Cuts: 184    36662    3,70%
   5021     0   606175,3880   494   629423,4000     Cuts: 148    36763    3,69%
   5021     0   606291,1941   487   629423,4000     Cuts: 145    36882    3,68%
   5021     0   606570,3971   508   629423,4000     Cuts: 194    37017    3,63%
   5021     0   606657,0900   513   629423,4000     Cuts: 159    37128    3,62%
*  5021+    0                       629354,4000   606657,0900             3,61%
*  5021+    0                       626440,6000   606657,0900             3,16%
   5021     0   606771,1366   502   626440,6000     Cuts: 137    37227    3,14%
   5021     0   606825,6019   504   626440,6000     Cuts: 156    37347    3,13%
*  5021+    0                       626413,4000   606825,6019             3,13%
   5021     2   606825,6019   496   626413,4000   606825,6019    37347    3,13%
   5109    21   620680,9852   430   626413,4000   609844,8765    40006    2,64%
   7125   769   621718,8508   261   626413,4000   611851,9448    83396    2,32%
   8815  1796   623917,8957   299   626413,4000   618058,0062   139199    1,33%
  10097  2422        cutoff         626413,4000   620687,6080   199769    0,91%
  11184  2622        cutoff         626413,4000   622054,3161   264252    0,70%
  12503  2979   626108,8702   157   626413,4000   622859,1012   318408    0,57%
  17169  2825   625355,9176   137   626413,4000   624657,0686   593329    0,28%
Elapsed time = 26,13 sec. (4279,73 ticks, tree = 5,08 MB, solutions = 60)
* 18336  2397      integral     0   626402,0000   625173,7516   640507    0,20%
* 18445+ 2125                       626344,0000   625268,3453             0,17%

Implied bound cuts applied:  23
Flow cuts applied:  171
Mixed integer rounding cuts applied:  379
Zero-half cuts applied:  94
Lift and project cuts applied:  85
Gomory fractional cuts applied:  6

Root node processing (before b&c):
  Real time             =    0,19 sec. (151,44 ticks)
Parallel b&c, 20 threads:
  Real time             =   36,95 sec. (4571,19 ticks)
  Sync time (average)   =   13,77 sec.
  Wait time (average)   =    0,03 sec.
                          ------------
Total (root+branch&cut) =   37,14 sec. (4722,63 ticks)

<<< solve


OBJECTIVE: 626344
xxxx
#Result <fct_obj, tot_cst, tot_ldt, Emiss>: <6.2634e+5 6.2589e+5 452 2.045e+7>#TS:625892#A:[0,2,19,14,12,13,15,15,15,15,11,11,11,11,4,4,6,7,5,4,6,7,9,8,10,11,9,12,10,11,9,8,10,7,9,8,6,7,5,4,6,7,5,8,6,7,5,4,6,7,5,4,6,7,5,4]#X:[0,1,1,1,1,1,0,0,0,0,0,0,0,0,0,0,0,0,0,0,0,0,0,0,0,0,0,0,0,0,0,0,0,0,0,0,0,0,0,0,0,0,0,0,0,0,0,0,0,1,0,0,1,1,1,1]#E: 20449523.599999998#DELIVER:
S10=>P15
S10=>P16
S10=>P17
S10=>P18
S10=>P19
S10=>P20
S10=>P21
S8=>P22
S8=>P23
S8=>P24
S8=>P25
S8=>P26
S9=>P27
S8=>P28
S8=>P29
S8=>P30
S8=>P31
S8=>P32
S10=>P33
S8=>P34
S10=>P34
S8=>P35
S10=>P36
S10=>P37
S10=>P38
S10=>P39
S10=>P40
S10=>P41
S10=>P42
S8=>P43
S10=>P44
S10=>P45
S10=>P46
S10=>P47
S10=>P48
S10=>P49
S10=>P50
S10=>P51
S10=>P52
S10=>P53
S10=>P54
S10=>P55
xxxx

<<< post process


<<< done


)
