Array
(
    [CplexRunTime] => Total (root+branch&cut) =    0,22 sec
    [Result] => Array
        (
            [Objective] => fct_obj.
            [ServiceCost] => tot_cst.
            [LateDeliveries] => tot_ldt.
            [Emissions] => Emiss
        )

    [TS] => 98537
    [A] => Array
        (
            [0] => 0
            [1] => 2
            [2] => 16
            [3] => 10
            [4] => 12
            [5] => 7
            [6] => 10
            [7] => 7
            [8] => 7
            [9] => 3
        )

    [X] => Array
        (
            [0] => 0
            [1] => 1
            [2] => 1
            [3] => 1
            [4] => 0
            [5] => 0
            [6] => 0
            [7] => 0
            [8] => 0
            [9] => 1
        )

    [E] => 10080095
    [DELIVER] => Array
        (
            [0] => S4=>P5
            [1] => S10=>P5
            [2] => S2=>P6
            [3] => S5=>P6
            [4] => S6=>P6
            [5] => S8=>P6
            [6] => S10=>P6
            [7] => S2=>P7
            [8] => S10=>P7
            [9] => S4=>P8
            [10] => S10=>P8
            [11] => S10=>P9
        )

    [_raw_output] => 
<<< setup

0 0 -1 0 0 0.25 0.5 0.8 1 0 0 0 0  14
1 2 0 750 1 0.25 0.5 0.8 1 0 7500 750 1500  14
2 4 1 180 1 0.25 0.5 0.8 1 0 5600 560 1500  14
3 3 1 120 2 0.25 0.5 0.8 1 0 3900 390 1500  14
4 5 2 35 6 0.25 0.5 0.8 1 0 3600 360 1500  14
5 6 3 40 2 0.25 0.5 0.8 1 0 3200 320 1500  14
6 4 2 27 4 0.25 0.5 0.8 1 0 3100 310 1500  14
7 5 3 32 3 0.25 0.5 0.8 1 0 2900 290 1500  14
8 6 4 20 5 0.25 0.5 0.8 1 0 2600 260 1500  14
9 2 0 650 1 0.25 0.5 0.8 1 0 6500 650 1500  14
Node nums: [0 1 2 3 4 5 6 7 8 9]
xx-Data uploaded-xx
	**** start init su array ...
0 [0 0 0 0 0 0 0 0 0 0]
1 [0 0 0 0 0 0 0 0 0 0]
2 [0 0 0 0 0 0 0 0 0 0]
3 [0 0 0 0 0 0 0 0 0 0]
4 [1 1 1 1 1 1 1 1 1 1]
5 [1 1 1 1 1 1 1 1 1 1]
6 [1 1 1 1 1 1 1 1 1 1]
7 [1 1 1 1 1 1 1 1 1 1]
8 [1 1 1 1 1 1 1 1 1 1]
9 [1 1 1 1 1 1 1 1 1 1]
	**** end init su array ...
1 2 1 100 80 0.85 0.92 0.8 (9)9
2 2 0.9 60 75 0.82 0.90 0.9 (9)9
3 1 1.1 80 90 0.88 0.95 0.5 (9)9
4 1 1 80 100 0.86 0.93 0.6 (9)9
5 5 0.6 50 40 0.72 0.78 1.5 (9)9
6 6 0.5 60 45 0.70 0.75 2.0 (9)9
7 7 0.5 80 40 0.68 0.72 2.5 (9)9
8 5 0.3 25 30 0.65 0.70 1.8 (9)9
9 9 0.2 250 15 0.60 0.65 3.5 (9)9
10 1 0.8 30 40 0.80 0.88 0.7 (9)9

<<< generate

Version identifier: 20.1.0.0 | 2020-11-10 | 9bedb6d68
CPXPARAM_TimeLimit                               1800
Tried aggregator 2 times.
MIP Presolve eliminated 580 rows and 104 columns.
MIP Presolve added 100 rows and 50 columns.
MIP Presolve modified 29 coefficients.
Aggregator did 3 substitutions.
Reduced MIP has 238 rows, 173 columns, and 580 nonzeros.
Reduced MIP has 57 binaries, 66 generals, 0 SOSs, and 0 indicators.
Presolve time = 0,00 sec. (0,80 ticks)
Found incumbent of value 4,5217180e+07 after 0,00 sec. (1,42 ticks)
Probing time = 0,00 sec. (0,05 ticks)
Cover probing fixed 0 vars, tightened 5 bounds.
Tried aggregator 1 time.
MIP Presolve eliminated 94 rows and 31 columns.
MIP Presolve modified 56 coefficients.
Reduced MIP has 144 rows, 142 columns, and 406 nonzeros.
Reduced MIP has 47 binaries, 55 generals, 0 SOSs, and 0 indicators.
Presolve time = 0,00 sec. (0,25 ticks)
Probing time = 0,00 sec. (0,03 ticks)
Tried aggregator 1 time.
Detecting symmetries...
Reduced MIP has 144 rows, 142 columns, and 406 nonzeros.
Reduced MIP has 47 binaries, 55 generals, 0 SOSs, and 0 indicators.
Presolve time = 0,00 sec. (0,28 ticks)
Classifier predicts products in MIQP should be linearized.
Probing time = 0,00 sec. (0,03 ticks)
MIP emphasis: balance optimality and feasibility.
MIP search method: dynamic search.
Parallel mode: deterministic, using up to 20 threads.
Root relaxation solution time = 0,00 sec. (0,54 ticks)

        Nodes                                         Cuts/
   Node  Left     Objective  IInf  Best Integer    Best Bound    ItCnt     Gap

*     0+    0                       3,51967e+07    50522,0000            99,86%
      0     0    90632,8741    50   3,51967e+07    90632,8741       68   99,74%
      0     0    91108,1667    60   3,51967e+07      Cuts: 36      110   99,74%
      0     0    91445,6874    57   3,51967e+07      Cuts: 27      133   99,74%
      0     0    91464,1964    56   3,51967e+07       Cuts: 4      137   99,74%
      0     0    91479,4585    59   3,51967e+07       Cuts: 4      141   99,74%
*     0+    0                       116775,0000    91479,4585            21,66%
*     0+    0                       112341,0000    91479,4585            18,57%
*     0+    0                        98618,2000    91479,4585             7,24%
*     0+    0                        98611,0000    91479,4585             7,23%
Detecting symmetries...
      0     2    91479,4585    59    98611,0000    91479,4585      141    7,23%
Elapsed time = 0,06 sec. (12,17 ticks, tree = 0,02 MB, solutions = 7)

Cover cuts applied:  3
Implied bound cuts applied:  51
Flow cuts applied:  3
Mixed integer rounding cuts applied:  5
Zero-half cuts applied:  1
Lift and project cuts applied:  2
Gomory fractional cuts applied:  3

Root node processing (before b&c):
  Real time             =    0,06 sec. (12,07 ticks)
Parallel b&c, 20 threads:
  Real time             =    0,11 sec. (9,13 ticks)
  Sync time (average)   =    0,10 sec.
  Wait time (average)   =    0,00 sec.
                          ------------
Total (root+branch&cut) =    0,17 sec. (21,20 ticks)

<<< solve


OBJECTIVE: 98611
xxxx
#Result <fct_obj, tot_cst, tot_ldt, Emiss>: <98611 98537 74 1.008e+7>#TS:98537#A:[0,2,16,10,12,7,10,7,7,3]#X:[0,1,1,1,0,0,0,0,0,1]#E: 10080095#DELIVER:
S4=>P5
S10=>P5
S2=>P6
S5=>P6
S6=>P6
S8=>P6
S10=>P6
S2=>P7
S10=>P7
S4=>P8
S10=>P8
S10=>P9
xxxx

<<< post process


<<< done


)
