Array
(
    [CplexRunTime] => Total (root+branch&cut) =    0,00 sec
    [_raw_output] => 
<<< setup

0 0 -1 0 1 0,25 0,5 0,8 1 0 0 0 0  14
1 9 0 1200 1 0,25 0,5 0,8 1 0 8000 800 1500  14
2 4 1 140 1 0,25 0,5 0,8 1 0 4000 500 1500  14
3 8 1 290 1 0,25 0,5 0,8 1 0 6000 600 1500  14
4 5 1 120 3 0,25 0,5 0,8 1 0 3200 320 1500  14
5 2 1 95 2 0,25 0,5 0,8 1 0 2600 260 1500  14
6 8 2 90 3 0,25 0,5 0,8 1 0 2800 280 1500  14
7 3 2 85 2 0,25 0,5 0,8 1 0 3100 310 1500  14
8 6 2 80 1 0,25 0,5 0,8 1 0 1800 180 1500  14
9 5 3 82 2 0,25 0,5 0,8 1 0 1450 145 1500  14
10 9 3 78 3 0,25 0,5 0,8 1 0 1300 130 1500  14
11 2 4 72 2 0,25 0,5 0,8 1 0 1350 135 1500  14
12 1 4 68 3 0,25 0,5 0,8 1 0 1150 115 1500  14
13 3 5 62 8 0,25 0,5 0,5 1 0 1200 120 1500  14
14 1 5 66 6 0,25 0,5 0,5 1 0 1200 120 1500  14
15 9 5 70 2 0,25 0,5 0,5 1 0 1200 120 1500  14
16 9 6 64 9 0,25 0,5 0,5 1 0 2200 220 1500  14
17 3 7 58 6 0,25 0,5 0,5 1 0 2100 210 1500  14
18 7 8 55 2 0,25 0,5 0,5 1 0 2400 240 1500  14
19 2 9 56 1 0,25 0,5 0,5 1 0 1300 130 1500  14
20 6 10 52 4 0,25 0,5 0,5 1 0 1250 125 1500  14
Node nums: [0 1 2 3 4 5 6 7 8 9 10 11 12 13 14 15 16 17 18 19 20]
xx-Data uploaded-xx
	**** start init su array ...
0 [0 0 0 0 0 0 0 0 0 0]
1 [0 0 0 0 0 0 0 0 0 0]
2 [0 0 0 0 0 0 0 0 0 0]
3 [0 0 0 0 0 0 0 0 0 0]
4 [0 0 0 0 0 0 0 0 0 0]
5 [0 0 0 0 0 0 0 0 0 0]
6 [0 0 0 0 0 0 0 0 0 0]
7 [0 0 0 0 0 0 0 0 0 0]
8 [0 0 0 0 0 0 0 0 0 0]
9 [0 0 0 0 0 0 0 0 0 0]
10 [0 0 0 0 0 0 0 0 0 0]
11 [0 0 0 0 0 0 0 0 0 0]
12 [0 0 0 0 0 0 0 0 0 0]
13 [1 1 1 1 1 1 1 1 1 1]
14 [1 1 1 1 1 1 1 1 1 1]
15 [1 1 1 1 1 1 1 1 1 1]
16 [1 1 1 1 1 1 1 1 1 1]
17 [1 1 1 1 1 1 1 1 1 1]
18 [1 1 1 1 1 1 1 1 1 1]
19 [1 1 1 1 1 1 1 1 1 1]
20 [1 1 1 1 1 1 1 1 1 1]
	**** end init su array ...
1 2 1 100 80 0.85 0.92 0.8 (9)9
2 2 0.9 60 75 0.82 0.90 0.9 (9)9
3 1 1.1 80 90 0.88 0.95 0.5 (9)9
4 1 1 80 100 0.86 0.93 0.6 (9)9
5 5 0.6 50 40 0.72 0.78 1.5 (9)9
6 6 0.5 60 45 0.70 0.75 2.0 (9)9
7 7 0.5 80 40 0.68 0.72 2.5 (9)9
8 5 0.3 25 30 0.65 0.70 1.8 (9)9
9 9 0.2 250 15 0.60 0.65 3.5 (9)9
10 1 0.8 30 40 0.80 0.88 0.7 (9)9

<<< generate

Version identifier: 20.1.0.0 | 2020-11-10 | 9bedb6d68
CPXPARAM_TimeLimit                               1800
Infeasibility row 'ct8(11)':  0 >= 1.
Presolve time = 0,00 sec. (0,17 ticks)

Root node processing (before b&c):
  Real time             =    0,00 sec. (0,35 ticks)
Parallel b&c, 20 threads:
  Real time             =    0,00 sec. (0,00 ticks)
  Sync time (average)   =    0,00 sec.
  Wait time (average)   =    0,00 sec.
                          ------------
Total (root+branch&cut) =    0,00 sec. (0,35 ticks)

<<< solve


<<< no solution


)
