Array
(
    [CplexRunTime] => Total (root+branch&cut) =    0,05 sec
    [Result] => Array
        (
            [Objective] => fct_obj.
            [ServiceCost] => tot_cst.
            [LateDeliveries] => tot_ldt.
            [Emissions] => Emiss
        )

    [TS] => 35520
    [A] => Array
        (
            [0] => 0
            [1] => 3
        )

    [X] => Array
        (
            [0] => 0
            [1] => 1
        )

    [E] => 112400
    [DELIVER] => Array
        (
            [0] => S10=>P1
        )

    [_raw_output] => 
<<< setup

0 0 -1 0 0 0.25 0.5 0.8 1 0 0 0 0  14
1 2 0 600 1 0.25 0.5 0.8 1 0 6000 600 1500  14
Node nums: [0 1]
xx-Data uploaded-xx
	**** start init su array ...
0 [0 0 0 0 0 0 0 0 0 0]
1 [1 1 1 1 1 1 1 1 1 1]
	**** end init su array ...
1 2 1 100 80 0.85 0.92 0.8 (9)9
2 2 0.9 60 75 0.82 0.90 0.9 (9)9
3 1 1.1 80 90 0.88 0.95 0.5 (9)9
4 1 1 80 100 0.86 0.93 0.6 (9)9
5 5 0.6 50 40 0.72 0.78 1.5 (9)9
6 6 0.5 60 45 0.70 0.75 2.0 (9)9
7 7 0.5 80 40 0.68 0.72 2.5 (9)9
8 5 0.3 25 30 0.65 0.70 1.8 (9)9
9 9 0.2 250 15 0.60 0.65 3.5 (9)9
10 1 0.8 30 40 0.80 0.88 0.7 (9)9

<<< generate

Version identifier: 20.1.0.0 | 2020-11-10 | 9bedb6d68
CPXPARAM_TimeLimit                               1800
Found incumbent of value 9613000,000000 after 0,00 sec. (0,01 ticks)
Tried aggregator 2 times.
MIP Presolve eliminated 49 rows and 23 columns.
MIP Presolve added 20 rows and 10 columns.
MIP Presolve modified 13 coefficients.
Aggregator did 2 substitutions.
Reduced MIP has 42 rows, 31 columns, and 110 nonzeros.
Reduced MIP has 10 binaries, 11 generals, 0 SOSs, and 0 indicators.
Presolve time = 0,00 sec. (0,11 ticks)
Probing time = 0,00 sec. (0,01 ticks)
Cover probing fixed 0 vars, tightened 1 bounds.
Tried aggregator 1 time.
Detecting symmetries...
MIP Presolve eliminated 3 rows and 0 columns.
MIP Presolve modified 24 coefficients.
Reduced MIP has 39 rows, 31 columns, and 104 nonzeros.
Reduced MIP has 10 binaries, 11 generals, 0 SOSs, and 0 indicators.
Presolve time = 0,00 sec. (0,10 ticks)
Classifier predicts products in MIQP should be linearized.
Probing time = 0,00 sec. (0,01 ticks)
MIP emphasis: balance optimality and feasibility.
MIP search method: dynamic search.
Parallel mode: deterministic, using up to 20 threads.
Root relaxation solution time = 0,00 sec. (0,08 ticks)

        Nodes                                         Cuts/
   Node  Left     Objective  IInf  Best Integer    Best Bound    ItCnt     Gap

*     0+    0                      9613000,0000    14403,0000            99,85%
*     0+    0                        43443,0000    14403,0000            66,85%
      0     0    30780,4790    11    43443,0000    30780,4790       22   29,15%
*     0     0      integral     0    35523,0000      Cuts: 17       28    0,00%
      0     0        cutoff          35523,0000    35523,0000       28    0,00%
Elapsed time = 0,03 sec. (0,61 ticks, tree = 0,01 MB, solutions = 2)

Implied bound cuts applied:  9
Zero-half cuts applied:  2
Gomory fractional cuts applied:  5

Root node processing (before b&c):
  Real time             =    0,03 sec. (0,61 ticks)
Parallel b&c, 20 threads:
  Real time             =    0,00 sec. (0,00 ticks)
  Sync time (average)   =    0,00 sec.
  Wait time (average)   =    0,00 sec.
                          ------------
Total (root+branch&cut) =    0,03 sec. (0,61 ticks)

<<< solve


OBJECTIVE: 35523
xxxx
#Result <fct_obj, tot_cst, tot_ldt, Emiss>: <35523 35520 3 1.124e+5>#TS:35520#A:[0,3]#X:[0,1]#E: 112400#DELIVER:
S10=>P1
xxxx

<<< post process


<<< done


)
