Array
(
    [CplexRunTime] => Total (root+branch&cut) =    3,19 sec
    [status] => INFEASIBLE
    [termination_reason] => INFEASIBLE
    [mip_gap] => 
    [Result] => Array
        (
            [Objective] => 21315000
            [TotalCost] => 240200
            [DIO] => 216
            [WIP] => 537640
            [Emissions] => 0
        )

    [CS] => 240200.3
    [DIO] => 216
    [WIP] => 537640
    [E] => 21315255
    [A] => Array
        (
            [0] => 1
            [1] => 9
            [2] => 22
            [3] => 17
            [4] => 8
            [5] => 12
            [6] => 18
            [7] => 15
            [8] => 18
            [9] => 8
            [10] => 9
            [11] => 3
            [12] => 2
            [13] => 10
            [14] => 10
            [15] => 10
            [16] => 10
            [17] => 12
            [18] => 12
            [19] => 3
            [20] => 7
        )

    [X] => Array
        (
            [0] => 0
            [1] => 1
            [2] => 1
            [3] => 1
            [4] => 1
            [5] => 1
            [6] => 0
            [7] => 0
            [8] => 0
            [9] => 0
            [10] => 0
            [11] => 0
            [12] => 0
            [13] => 0
            [14] => 0
            [15] => 0
            [16] => 0
            [17] => 0
            [18] => 0
            [19] => 0
            [20] => 1
        )

    [DELIVER] => Array
        (
            [0] => S4=>P11
            [1] => S10=>P11
            [2] => S3=>P12
            [3] => S4=>P12
            [4] => S10=>P12
            [5] => S6=>P13
            [6] => S7=>P13
            [7] => S8=>P13
            [8] => S9=>P14
            [9] => S4=>P15
            [10] => S10=>P15
            [11] => S3=>P16
            [12] => S4=>P16
            [13] => S10=>P16
            [14] => S9=>P17
            [15] => S5=>P18
            [16] => S8=>P18
            [17] => S10=>P19
            [18] => S4=>P20
        )

    [_raw_output] => 
<<< setup

0 0 -1 0 1 0,25 0,5 0,8 1 0 0 0 0  14
1 9 0 1200 1 0,25 0,5 0,8 1 0 8000 800 1500  14
2 4 1 140 1 0,25 0,5 0,8 1 0 4000 500 1500  14
3 8 1 290 1 0,25 0,5 0,8 1 0 6000 600 1500  14
4 5 1 120 3 0,25 0,5 0,8 1 0 3200 320 1500  14
5 2 1 95 2 0,25 0,5 0,8 1 0 2600 260 1500  14
6 8 2 90 3 0,25 0,5 0,8 1 0 2800 280 1500  14
7 3 2 85 2 0,25 0,5 0,8 1 0 3100 310 1500  14
8 6 2 80 1 0,25 0,5 0,8 1 0 1800 180 1500  14
9 5 3 82 2 0,25 0,5 0,8 1 0 1450 145 1500  14
10 9 3 78 3 0,25 0,5 0,8 1 0 1300 130 1500  14
11 2 4 72 2 0,25 0,5 0,8 1 0 1350 135 1500  14
12 1 4 68 3 0,25 0,5 0,8 1 0 1150 115 1500  14
13 3 5 62 8 0,25 0,5 0,5 1 0 1200 120 1500  14
14 1 5 66 6 0,25 0,5 0,5 1 0 1200 120 1500  14
15 9 5 70 2 0,25 0,5 0,5 1 0 1200 120 1500  14
16 9 6 64 9 0,25 0,5 0,5 1 0 2200 220 1500  14
17 3 7 58 6 0,25 0,5 0,5 1 0 2100 210 1500  14
18 7 8 55 2 0,25 0,5 0,5 1 0 2400 240 1500  14
19 2 9 56 1 0,25 0,5 0,5 1 0 1300 130 1500  14
20 6 10 52 4 0,25 0,5 0,5 1 0 1250 125 1500  14
Node nums: [0 1 2 3 4 5 6 7 8 9 10 11 12 13 14 15 16 17 18 19 20]
xx-Data uploaded-xx
	**** start init su array ...
0 [0 0 0 0 0 0 0 0 0 0]
1 [0 0 0 0 0 0 0 0 0 0]
2 [0 0 0 0 0 0 0 0 0 0]
3 [0 0 0 0 0 0 0 0 0 0]
4 [0 0 0 0 0 0 0 0 0 0]
5 [0 0 0 0 0 0 0 0 0 0]
6 [0 0 0 0 0 0 0 0 0 0]
7 [0 0 0 0 0 0 0 0 0 0]
8 [0 0 0 0 0 0 0 0 0 0]
9 [0 0 0 0 0 0 0 0 0 0]
10 [0 0 0 0 0 0 0 0 0 0]
11 [1 1 1 1 1 1 1 1 1 1]
12 [1 1 1 1 1 1 1 1 1 1]
13 [1 1 1 1 1 1 1 1 1 1]
14 [1 1 1 1 1 1 1 1 1 1]
15 [1 1 1 1 1 1 1 1 1 1]
16 [1 1 1 1 1 1 1 1 1 1]
17 [1 1 1 1 1 1 1 1 1 1]
18 [1 1 1 1 1 1 1 1 1 1]
19 [1 1 1 1 1 1 1 1 1 1]
20 [1 1 1 1 1 1 1 1 1 1]
	**** end init su array ...
1 2 1 100 80 0.85 0.92 0.8 (9)9
2 2 0.9 60 75 0.82 0.90 0.9 (9)9
3 1 1.1 80 90 0.88 0.95 0.5 (9)9
4 1 1 80 100 0.86 0.93 0.6 (9)9
5 5 0.6 50 40 0.72 0.78 1.5 (9)9
6 6 0.5 60 45 0.70 0.75 2.0 (9)9
7 7 0.5 80 40 0.68 0.72 2.5 (9)9
8 5 0.3 25 30 0.65 0.70 1.8 (9)9
9 9 0.2 250 15 0.60 0.65 3.5 (9)9
10 1 0.8 30 40 0.80 0.88 0.7 (9)9

<<< generate

Version identifier: 20.1.0.0 | 2020-11-10 | 9bedb6d68
CPXPARAM_Preprocessing_Presolve                  0
CPXPARAM_TimeLimit                               300
CPXPARAM_MIP_Tolerances_MIPGap                   0
Clique table members: 100.
MIP emphasis: balance optimality and feasibility.
MIP search method: dynamic search.
Parallel mode: deterministic, using up to 20 threads.
Root relaxation solution time = 0,02 sec. (16,32 ticks)

        Nodes                                         Cuts/
   Node  Left     Objective  IInf  Best Integer    Best Bound    ItCnt     Gap

      0     0   1,01119e+07   152                 1,01119e+07      393         
      0     0   1,19836e+07   183                   Cuts: 226      592         
      0     0   1,29015e+07   176                   Cuts: 169      722         
      0     0   1,32344e+07   193                   Cuts: 110      793         
      0     0   1,34233e+07   189                    Cuts: 79      846         
      0     0   1,35153e+07   178                    Cuts: 66      898         
      0     0   1,35411e+07   171                    Cuts: 48      932         
      0     0   1,35637e+07   203                    Cuts: 45      960         
      0     0   1,35875e+07   174                    Cuts: 40     1000         
      0     0   1,35995e+07   195                    Cuts: 33     1026         
      0     0   1,36014e+07   193                    Cuts: 23     1039         
      0     0   1,36120e+07   197                    Cuts: 24     1057         
      0     0   1,36207e+07   201                    Cuts: 18     1066         
      0     0   1,36289e+07   203                    Cuts: 19     1076         
      0     0   1,36454e+07   183                    Cuts: 16     1088         
      0     0   1,36486e+07   195                    Cuts: 27     1106         
      0     0   1,36581e+07   188                    Cuts: 14     1112         
      0     0   1,36655e+07   199                    Cuts: 10     1119         
      0     0   1,36775e+07   173                    Cuts: 17     1130         
      0     0   1,36827e+07   169                    Cuts: 13     1140         
      0     0   1,36893e+07   171                    Cuts: 10     1150         
      0     0   1,36918e+07   175                    Cuts: 10     1159         
      0     0   1,36991e+07   177                    Cuts: 14     1164         
      0     0   1,37008e+07   175                     Cuts: 9     1169         
*     0+    0                       2,88868e+07   1,37008e+07            52,57%
*     0+    0                       2,88268e+07   1,37008e+07            52,47%
*     0+    0                       2,88267e+07   1,38054e+07            52,11%
Detecting symmetries...
      0     2   1,37011e+07   175   2,88267e+07   1,38054e+07     1169   52,11%
Elapsed time = 0,73 sec. (652,04 ticks, tree = 0,02 MB, solutions = 3)
*     4+    1                       2,83235e+07   1,40518e+07            50,39%
*     4+    1                       2,83233e+07   1,40518e+07            50,39%
*    86+   16                       2,82636e+07   1,42853e+07            49,46%
   1568  1008   1,71446e+07   123   2,82636e+07   1,55556e+07    16397   44,96%
   4314  2203   1,87675e+07    82   2,82636e+07   1,64959e+07    66922   41,64%
*  5217  2439      integral     0   2,81947e+07   1,67677e+07    92892   40,53%
*  6452+ 2715                       2,76898e+07   1,69850e+07            38,66%
   6655  2720        cutoff         2,76898e+07   1,70461e+07   130279   38,44%
   8780  2825   2,33282e+07    51   2,76898e+07   1,76382e+07   197929   36,30%
  10980  3177        cutoff         2,76898e+07   1,84993e+07   257309   33,19%
  13276  3525    infeasible         2,76898e+07   1,92093e+07   308048   30,63%
* 14016+ 3527                       2,57556e+07   1,93472e+07            24,88%
* 14896+ 3491                       2,50139e+07   1,95079e+07            22,01%
* 15572+ 3537                       2,14598e+07   1,96721e+07             8,33%
  15897  1783        cutoff         2,14598e+07   1,97906e+07   386968    7,78%
* 15949  1837      integral     0   2,14596e+07   1,98307e+07   382818    7,59%
* 16612+ 1407                       2,14584e+07   2,01621e+07             6,04%
* 17132+ 1317                       2,13156e+07   2,03826e+07             4,38%
* 17222+ 1203                       2,13154e+07   2,04894e+07             3,88%
* 17643+  859                       2,13153e+07   2,07426e+07             2,69%
* 18085+  229                       2,13153e+07   2,09740e+07             1,60%

Cover cuts applied:  21
Implied bound cuts applied:  230
Flow cuts applied:  7
Mixed integer rounding cuts applied:  58
Zero-half cuts applied:  46
Lift and project cuts applied:  21
Gomory fractional cuts applied:  25

Root node processing (before b&c):
  Real time             =    0,70 sec. (650,69 ticks)
Parallel b&c, 20 threads:
  Real time             =    2,48 sec. (1898,97 ticks)
  Sync time (average)   =    1,00 sec.
  Wait time (average)   =    0,00 sec.
                          ------------
Total (root+branch&cut) =    3,19 sec. (2549,66 ticks)

<<< solve


OBJECTIVE: 2.131526e+7
xxxx
#Result <fct_obj, tot_cost, DIO, WIP, Emiss>: <2.1315e+7 2.402e+5 216 5.3764e+5 2.1315e+7 33880 2.0632e+5 0>#CS:240200.3#DIO:216#WIP:537640#E: 21315255#A:[1,9,22,17,8,12,18,15,18,8,9,3,2,10,10,10,10,12,12,3,7]#X:[0,1,1,1,1,1,0,0,0,0,0,0,0,0,0,0,0,0,0,0,1]#DELIVER:
S4=>P11
S10=>P11
S3=>P12
S4=>P12
S10=>P12
S6=>P13
S7=>P13
S8=>P13
S9=>P14
S4=>P15
S10=>P15
S3=>P16
S4=>P16
S10=>P16
S9=>P17
S5=>P18
S8=>P18
S10=>P19
S4=>P20
xxxx

<<< post process


<<< done


)
