Array
(
    [CplexRunTime] => Total (root+branch&cut) =    1,34 sec
    [status] => OPTIMAL
    [termination_reason] => OPTIMAL
    [mip_gap] => 0
    [Result] => Array
        (
            [Objective] => 25302000
            [TotalCost] => 239240
            [DIO] => 248
            [WIP] => 560040
            [Emissions] => 0
        )

    [CS] => 239240
    [DIO] => 248
    [WIP] => 560040
    [E] => 25301965
    [A] => Array
        (
            [0] => 1
            [1] => 9
            [2] => 30
            [3] => 17
            [4] => 8
            [5] => 12
            [6] => 26
            [7] => 15
            [8] => 22
            [9] => 8
            [10] => 9
            [11] => 3
            [12] => 2
            [13] => 10
            [14] => 10
            [15] => 10
            [16] => 18
            [17] => 12
            [18] => 16
            [19] => 3
            [20] => 7
        )

    [X] => Array
        (
            [0] => 0
            [1] => 1
            [2] => 1
            [3] => 1
            [4] => 1
            [5] => 1
            [6] => 0
            [7] => 0
            [8] => 0
            [9] => 0
            [10] => 0
            [11] => 0
            [12] => 0
            [13] => 0
            [14] => 0
            [15] => 0
            [16] => 0
            [17] => 0
            [18] => 0
            [19] => 0
            [20] => 1
        )

    [DELIVER] => Array
        (
            [0] => S4=>P11
            [1] => S10=>P11
            [2] => S3=>P12
            [3] => S4=>P12
            [4] => S10=>P12
            [5] => S6=>P13
            [6] => S7=>P13
            [7] => S8=>P13
            [8] => S9=>P14
            [9] => S4=>P15
            [10] => S10=>P15
            [11] => S9=>P16
            [12] => S9=>P17
            [13] => S9=>P18
            [14] => S10=>P19
            [15] => S4=>P20
        )

    [_raw_output] => 
<<< setup

0 0 -1 0 1 0,25 0,5 0,8 1 0 0 0 0  14
1 9 0 1200 1 0,25 0,5 0,8 1 0 8000 800 1500  14
2 4 1 140 1 0,25 0,5 0,8 1 0 4000 500 1500  14
3 8 1 290 1 0,25 0,5 0,8 1 0 6000 600 1500  14
4 5 1 120 3 0,25 0,5 0,8 1 0 3200 320 1500  14
5 2 1 95 2 0,25 0,5 0,8 1 0 2600 260 1500  14
6 8 2 90 3 0,25 0,5 0,8 1 0 2800 280 1500  14
7 3 2 85 2 0,25 0,5 0,8 1 0 3100 310 1500  14
8 6 2 80 1 0,25 0,5 0,8 1 0 1800 180 1500  14
9 5 3 82 2 0,25 0,5 0,8 1 0 1450 145 1500  14
10 9 3 78 3 0,25 0,5 0,8 1 0 1300 130 1500  14
11 2 4 72 2 0,25 0,5 0,8 1 0 1350 135 1500  14
12 1 4 68 3 0,25 0,5 0,8 1 0 1150 115 1500  14
13 3 5 62 8 0,25 0,5 0,5 1 0 1200 120 1500  14
14 1 5 66 6 0,25 0,5 0,5 1 0 1200 120 1500  14
15 9 5 70 2 0,25 0,5 0,5 1 0 1200 120 1500  14
16 9 6 64 9 0,25 0,5 0,5 1 0 2200 220 1500  14
17 3 7 58 6 0,25 0,5 0,5 1 0 2100 210 1500  14
18 7 8 55 2 0,25 0,5 0,5 1 0 2400 240 1500  14
19 2 9 56 1 0,25 0,5 0,5 1 0 1300 130 1500  14
20 6 10 52 4 0,25 0,5 0,5 1 0 1250 125 1500  14
Node nums: [0 1 2 3 4 5 6 7 8 9 10 11 12 13 14 15 16 17 18 19 20]
xx-Data uploaded-xx
	**** start init su array ...
0 [0 0 0 0 0 0 0 0 0 0]
1 [0 0 0 0 0 0 0 0 0 0]
2 [0 0 0 0 0 0 0 0 0 0]
3 [0 0 0 0 0 0 0 0 0 0]
4 [0 0 0 0 0 0 0 0 0 0]
5 [0 0 0 0 0 0 0 0 0 0]
6 [0 0 0 0 0 0 0 0 0 0]
7 [0 0 0 0 0 0 0 0 0 0]
8 [0 0 0 0 0 0 0 0 0 0]
9 [0 0 0 0 0 0 0 0 0 0]
10 [0 0 0 0 0 0 0 0 0 0]
11 [1 1 1 1 1 1 1 1 1 1]
12 [1 1 1 1 1 1 1 1 1 1]
13 [1 1 1 1 1 1 1 1 1 1]
14 [1 1 1 1 1 1 1 1 1 1]
15 [1 1 1 1 1 1 1 1 1 1]
16 [1 1 1 1 1 1 1 1 1 1]
17 [1 1 1 1 1 1 1 1 1 1]
18 [1 1 1 1 1 1 1 1 1 1]
19 [1 1 1 1 1 1 1 1 1 1]
20 [1 1 1 1 1 1 1 1 1 1]
	**** end init su array ...
1 2 1 100 80 0.85 0.92 0.8 (9)9
2 2 0.9 60 75 0.82 0.90 0.9 (9)9
3 1 1.1 80 90 0.88 0.95 0.5 (9)9
4 1 1 80 100 0.86 0.93 0.6 (9)9
5 5 0.6 50 40 0.72 0.78 1.5 (9)9
6 6 0.5 60 45 0.70 0.75 2.0 (9)9
7 7 0.5 80 40 0.68 0.72 2.5 (9)9
8 5 0.3 25 30 0.65 0.70 1.8 (9)9
9 9 0.2 250 15 0.60 0.65 3.5 (9)9
10 1 0.8 30 40 0.80 0.88 0.7 (9)9

<<< generate

Version identifier: 20.1.0.0 | 2020-11-10 | 9bedb6d68
CPXPARAM_Preprocessing_Reduce                    0
CPXPARAM_TimeLimit                               300
Tried aggregator 0 times.
Reduced MIP has 3733 rows, 693 columns, and 6991 nonzeros.
Reduced MIP has 231 binaries, 462 generals, 0 SOSs, and 0 indicators.
Presolve time = 0,00 sec. (0,41 ticks)
Probing fixed 0 vars, tightened 242 bounds.
Probing time = 0,00 sec. (7,32 ticks)
Cover probing fixed 1 vars, tightened 97 bounds.
Clique table members: 101.
MIP emphasis: balance optimality and feasibility.
MIP search method: dynamic search.
Parallel mode: deterministic, using up to 20 threads.
Root relaxation solution time = 0,00 sec. (10,24 ticks)

        Nodes                                         Cuts/
   Node  Left     Objective  IInf  Best Integer    Best Bound    ItCnt     Gap

      0     0   1,03949e+07   132                 1,03949e+07      317         
      0     0   1,32773e+07   154                   Cuts: 216      496         
      0     0   1,40650e+07   151                   Cuts: 111      583         
      0     0   1,42719e+07   153                    Cuts: 74      646         
      0     0   1,43984e+07   170                    Cuts: 56      693         
      0     0   1,44662e+07   176                    Cuts: 48      726         
      0     0   1,44864e+07   168                    Cuts: 42      747         
      0     0   1,44958e+07   190                    Cuts: 52      775         
      0     0   1,45014e+07   192                    Cuts: 34      791         
      0     0   1,45107e+07   166                    Cuts: 35      819         
      0     0   1,45201e+07   166                    Cuts: 38      832         
      0     0   1,45302e+07   150                    Cuts: 19      848         
      0     0   1,45478e+07   167                    Cuts: 20      862         
      0     0   1,45668e+07   169                    Cuts: 34      876         
      0     0   1,45743e+07   151                    Cuts: 31      894         
      0     0   1,45795e+07   136                    Cuts: 20      903         
      0     0   1,45854e+07   144                     Cuts: 8      912         
      0     0   1,45898e+07   136                     Cuts: 9      920         
      0     0   1,45953e+07   138                     Cuts: 9      925         
      0     0   1,46145e+07   136                     Cuts: 9      931         
      0     0   1,46390e+07   136                     Cuts: 6      938         
      0     0   1,46472e+07   136                     Cuts: 5      942         
      0     0   1,47153e+07   134                     Cuts: 6      949         
      0     0   1,47186e+07   129                     Cuts: 7      953         
      0     0   1,47292e+07   131                     Cuts: 7      957         
      0     0   1,47315e+07   133                    Cuts: 11      960         
      0     2   1,47315e+07   133                 1,48050e+07      960         
Elapsed time = 0,47 sec. (468,55 ticks, tree = 0,02 MB, solutions = 0)
   1855   636   2,02714e+07    83                 1,82230e+07    26448         
*  4302+  508                       2,53020e+07   2,07318e+07            18,06%
*  4374+  508                       2,53020e+07   2,07318e+07            18,06%
   5007   183   2,42901e+07    65   2,53020e+07   2,15205e+07    82252   14,95%
*  5070+  215                       2,53020e+07   2,15205e+07            14,95%

Cover cuts applied:  16
Implied bound cuts applied:  99
Flow cuts applied:  26
Mixed integer rounding cuts applied:  63
Zero-half cuts applied:  51
Multi commodity flow cuts applied:  4
Lift and project cuts applied:  10
Gomory fractional cuts applied:  30

Root node processing (before b&c):
  Real time             =    0,45 sec. (467,35 ticks)
Parallel b&c, 20 threads:
  Real time             =    0,89 sec. (497,86 ticks)
  Sync time (average)   =    0,49 sec.
  Wait time (average)   =    0,00 sec.
                          ------------
Total (root+branch&cut) =    1,34 sec. (965,21 ticks)

<<< solve


OBJECTIVE: 2.530197e+7
xxxx
#Result <fct_obj, tot_cost, DIO, WIP, Emiss>: <2.5302e+7 2.3924e+5 248 5.6004e+5 2.5302e+7 23960 2.1528e+5 0>#CS:239240#DIO:248#WIP:560040#E: 25301965#A:[1,9,30,17,8,12,26,15,22,8,9,3,2,10,10,10,18,12,16,3,7]#X:[0,1,1,1,1,1,0,0,0,0,0,0,0,0,0,0,0,0,0,0,1]#DELIVER:
S4=>P11
S10=>P11
S3=>P12
S4=>P12
S10=>P12
S6=>P13
S7=>P13
S8=>P13
S9=>P14
S4=>P15
S10=>P15
S9=>P16
S9=>P17
S9=>P18
S10=>P19
S4=>P20
xxxx

<<< post process


<<< done


)
