Array
(
    [CplexRunTime] => Total (root+branch&cut) =    3,72 sec
    [status] => INFEASIBLE
    [termination_reason] => INFEASIBLE
    [mip_gap] => 
    [Result] => Array
        (
            [Objective] => 25302000
            [TotalCost] => 239240
            [DIO] => 248
            [WIP] => 560040
            [Emissions] => 0
        )

    [CS] => 239240.4
    [DIO] => 248
    [WIP] => 560040
    [E] => 25301965
    [A] => Array
        (
            [0] => 1
            [1] => 9
            [2] => 30
            [3] => 17
            [4] => 8
            [5] => 12
            [6] => 26
            [7] => 15
            [8] => 22
            [9] => 8
            [10] => 9
            [11] => 3
            [12] => 2
            [13] => 10
            [14] => 10
            [15] => 10
            [16] => 18
            [17] => 12
            [18] => 16
            [19] => 3
            [20] => 7
        )

    [X] => Array
        (
            [0] => 0
            [1] => 1
            [2] => 1
            [3] => 1
            [4] => 1
            [5] => 1
            [6] => 0
            [7] => 0
            [8] => 0
            [9] => 0
            [10] => 0
            [11] => 0
            [12] => 0
            [13] => 0
            [14] => 0
            [15] => 0
            [16] => 0
            [17] => 0
            [18] => 0
            [19] => 0
            [20] => 1
        )

    [DELIVER] => Array
        (
            [0] => S3=>P11
            [1] => S4=>P11
            [2] => S10=>P11
            [3] => S3=>P12
            [4] => S4=>P12
            [5] => S10=>P12
            [6] => S6=>P13
            [7] => S7=>P13
            [8] => S8=>P13
            [9] => S9=>P14
            [10] => S4=>P15
            [11] => S10=>P15
            [12] => S9=>P16
            [13] => S9=>P17
            [14] => S9=>P18
            [15] => S10=>P19
            [16] => S4=>P20
        )

    [_raw_output] => 
<<< setup

0 0 -1 0 1 0,25 0,5 0,8 1 0 0 0 0  14
1 9 0 1200 1 0,25 0,5 0,8 1 0 8000 800 1500  14
2 4 1 140 1 0,25 0,5 0,8 1 0 4000 500 1500  14
3 8 1 290 1 0,25 0,5 0,8 1 0 6000 600 1500  14
4 5 1 120 3 0,25 0,5 0,8 1 0 3200 320 1500  14
5 2 1 95 2 0,25 0,5 0,8 1 0 2600 260 1500  14
6 8 2 90 3 0,25 0,5 0,8 1 0 2800 280 1500  14
7 3 2 85 2 0,25 0,5 0,8 1 0 3100 310 1500  14
8 6 2 80 1 0,25 0,5 0,8 1 0 1800 180 1500  14
9 5 3 82 2 0,25 0,5 0,8 1 0 1450 145 1500  14
10 9 3 78 3 0,25 0,5 0,8 1 0 1300 130 1500  14
11 2 4 72 2 0,25 0,5 0,8 1 0 1350 135 1500  14
12 1 4 68 3 0,25 0,5 0,8 1 0 1150 115 1500  14
13 3 5 62 8 0,25 0,5 0,5 1 0 1200 120 1500  14
14 1 5 66 6 0,25 0,5 0,5 1 0 1200 120 1500  14
15 9 5 70 2 0,25 0,5 0,5 1 0 1200 120 1500  14
16 9 6 64 9 0,25 0,5 0,5 1 0 2200 220 1500  14
17 3 7 58 6 0,25 0,5 0,5 1 0 2100 210 1500  14
18 7 8 55 2 0,25 0,5 0,5 1 0 2400 240 1500  14
19 2 9 56 1 0,25 0,5 0,5 1 0 1300 130 1500  14
20 6 10 52 4 0,25 0,5 0,5 1 0 1250 125 1500  14
Node nums: [0 1 2 3 4 5 6 7 8 9 10 11 12 13 14 15 16 17 18 19 20]
xx-Data uploaded-xx
	**** start init su array ...
0 [0 0 0 0 0 0 0 0 0 0]
1 [0 0 0 0 0 0 0 0 0 0]
2 [0 0 0 0 0 0 0 0 0 0]
3 [0 0 0 0 0 0 0 0 0 0]
4 [0 0 0 0 0 0 0 0 0 0]
5 [0 0 0 0 0 0 0 0 0 0]
6 [0 0 0 0 0 0 0 0 0 0]
7 [0 0 0 0 0 0 0 0 0 0]
8 [0 0 0 0 0 0 0 0 0 0]
9 [0 0 0 0 0 0 0 0 0 0]
10 [0 0 0 0 0 0 0 0 0 0]
11 [1 1 1 1 1 1 1 1 1 1]
12 [1 1 1 1 1 1 1 1 1 1]
13 [1 1 1 1 1 1 1 1 1 1]
14 [1 1 1 1 1 1 1 1 1 1]
15 [1 1 1 1 1 1 1 1 1 1]
16 [1 1 1 1 1 1 1 1 1 1]
17 [1 1 1 1 1 1 1 1 1 1]
18 [1 1 1 1 1 1 1 1 1 1]
19 [1 1 1 1 1 1 1 1 1 1]
20 [1 1 1 1 1 1 1 1 1 1]
	**** end init su array ...
1 2 1 100 80 0.85 0.92 0.8 (9)9
2 2 0.9 60 75 0.82 0.90 0.9 (9)9
3 1 1.1 80 90 0.88 0.95 0.5 (9)9
4 1 1 80 100 0.86 0.93 0.6 (9)9
5 5 0.6 50 40 0.72 0.78 1.5 (9)9
6 6 0.5 60 45 0.70 0.75 2.0 (9)9
7 7 0.5 80 40 0.68 0.72 2.5 (9)9
8 5 0.3 25 30 0.65 0.70 1.8 (9)9
9 9 0.2 250 15 0.60 0.65 3.5 (9)9
10 1 0.8 30 40 0.80 0.88 0.7 (9)9

<<< generate

Version identifier: 20.1.0.0 | 2020-11-10 | 9bedb6d68
CPXPARAM_Preprocessing_Presolve                  0
CPXPARAM_TimeLimit                               300
CPXPARAM_MIP_Tolerances_MIPGap                   0
Clique table members: 100.
MIP emphasis: balance optimality and feasibility.
MIP search method: dynamic search.
Parallel mode: deterministic, using up to 20 threads.
Root relaxation solution time = 0,00 sec. (15,46 ticks)

        Nodes                                         Cuts/
   Node  Left     Objective  IInf  Best Integer    Best Bound    ItCnt     Gap

      0     0   1,02760e+07   152                 1,02760e+07      393         
      0     0   1,21531e+07   178                   Cuts: 226      587         
      0     0   1,30497e+07   176                   Cuts: 161      716         
      0     0   1,33269e+07   198                   Cuts: 109      790         
      0     0   1,36386e+07   179                    Cuts: 89      854         
      0     0   1,36946e+07   178                    Cuts: 69      908         
      0     0   1,37076e+07   178                    Cuts: 59      941         
      0     0   1,37265e+07   184                    Cuts: 45      972         
      0     0   1,37314e+07   188                    Cuts: 45     1004         
      0     0   1,37377e+07   191                    Cuts: 33     1028         
      0     0   1,37472e+07   185                    Cuts: 20     1048         
      0     0   1,37528e+07   185                    Cuts: 29     1065         
      0     0   1,37596e+07   186                    Cuts: 35     1080         
      0     0   1,37637e+07   193                    Cuts: 23     1092         
      0     0   1,37645e+07   186                    Cuts: 18     1101         
      0     0   1,37691e+07   183                    Cuts: 13     1116         
      0     0   1,37692e+07   183                    Cuts: 11     1120         
Detecting symmetries...
      0     2   1,37743e+07   173                 1,42131e+07     1120         
Elapsed time = 0,98 sec. (696,12 ticks, tree = 0,02 MB, solutions = 0)
   1400   907   1,71503e+07    96                 1,48166e+07    20559         
   3717  1965    infeasible                       1,66626e+07    68448         
   5737  2276   2,08315e+07    81                 1,75530e+07   124962         
*  7000+ 2428                       2,54453e+07   1,82521e+07            28,27%
   7858  2445   2,09561e+07    33   2,54453e+07   1,85427e+07   189036   27,13%
   9729  2411   2,53128e+07     5   2,54453e+07   1,92015e+07   251022   24,54%
  11734  2263    infeasible         2,54453e+07   1,99309e+07   305941   21,67%
  14059  1776    infeasible         2,54453e+07   2,09578e+07   365675   17,64%
* 16051+ 1047                       2,54453e+07   2,23340e+07            12,23%
  16442   969   2,42978e+07    67   2,54453e+07   2,27333e+07   411518   10,66%
* 16714   967      integral     0   2,53020e+07   2,27627e+07   411915   10,04%
* 17072+  931                       2,53020e+07   2,30165e+07             9,03%
  19953   500   2,51119e+07    22   2,53020e+07   2,48764e+07   447585    1,68%

Cover cuts applied:  29
Implied bound cuts applied:  210
Flow cuts applied:  10
Mixed integer rounding cuts applied:  55
Zero-half cuts applied:  53
Lift and project cuts applied:  29
Gomory fractional cuts applied:  34

Root node processing (before b&c):
  Real time             =    0,94 sec. (694,79 ticks)
Parallel b&c, 20 threads:
  Real time             =    2,78 sec. (2213,64 ticks)
  Sync time (average)   =    0,98 sec.
  Wait time (average)   =    0,00 sec.
                          ------------
Total (root+branch&cut) =    3,72 sec. (2908,44 ticks)

<<< solve


OBJECTIVE: 2.530197e+7
xxxx
#Result <fct_obj, tot_cost, DIO, WIP, Emiss>: <2.5302e+7 2.3924e+5 248 5.6004e+5 2.5302e+7 23960 2.1528e+5 0>#CS:239240.4#DIO:248#WIP:560040#E: 25301965#A:[1,9,30,17,8,12,26,15,22,8,9,3,2,10,10,10,18,12,16,3,7]#X:[0,1,1,1,1,1,0,0,0,0,0,0,0,0,0,0,0,0,0,0,1]#DELIVER:
S3=>P11
S4=>P11
S10=>P11
S3=>P12
S4=>P12
S10=>P12
S6=>P13
S7=>P13
S8=>P13
S9=>P14
S4=>P15
S10=>P15
S9=>P16
S9=>P17
S9=>P18
S10=>P19
S4=>P20
xxxx

<<< post process


<<< done


)
