Array
(
    [CplexRunTime] => Total (root+branch&cut) =    2,30 sec
    [status] => INFEASIBLE
    [termination_reason] => INFEASIBLE
    [mip_gap] => 
    [Result] => Array
        (
            [Objective] => 21315000
            [TotalCost] => 240190
            [DIO] => 216
            [WIP] => 537640
            [Emissions] => 0
        )

    [CS] => 240192.3
    [DIO] => 216
    [WIP] => 537640
    [E] => 21315275
    [A] => Array
        (
            [0] => 1
            [1] => 9
            [2] => 22
            [3] => 17
            [4] => 8
            [5] => 12
            [6] => 18
            [7] => 15
            [8] => 18
            [9] => 8
            [10] => 9
            [11] => 3
            [12] => 2
            [13] => 10
            [14] => 10
            [15] => 10
            [16] => 10
            [17] => 12
            [18] => 12
            [19] => 3
            [20] => 7
        )

    [X] => Array
        (
            [0] => 0
            [1] => 1
            [2] => 1
            [3] => 1
            [4] => 1
            [5] => 1
            [6] => 0
            [7] => 0
            [8] => 0
            [9] => 0
            [10] => 0
            [11] => 0
            [12] => 0
            [13] => 0
            [14] => 0
            [15] => 0
            [16] => 0
            [17] => 0
            [18] => 0
            [19] => 0
            [20] => 1
        )

    [DELIVER] => Array
        (
            [0] => S3=>P11
            [1] => S4=>P11
            [2] => S10=>P11
            [3] => S4=>P12
            [4] => S10=>P12
            [5] => S6=>P13
            [6] => S7=>P13
            [7] => S8=>P13
            [8] => S9=>P14
            [9] => S3=>P15
            [10] => S10=>P15
            [11] => S3=>P16
            [12] => S4=>P16
            [13] => S10=>P16
            [14] => S9=>P17
            [15] => S5=>P18
            [16] => S8=>P18
            [17] => S10=>P19
            [18] => S4=>P20
        )

    [_raw_output] => 
<<< setup

0 0 -1 0 1 0,25 0,5 0,8 1 0 0 0 0  14
1 9 0 1200 1 0,25 0,5 0,8 1 0 8000 800 1500  14
2 4 1 140 1 0,25 0,5 0,8 1 0 4000 500 1500  14
3 8 1 290 1 0,25 0,5 0,8 1 0 6000 600 1500  14
4 5 1 120 3 0,25 0,5 0,8 1 0 3200 320 1500  14
5 2 1 95 2 0,25 0,5 0,8 1 0 2600 260 1500  14
6 8 2 90 3 0,25 0,5 0,8 1 0 2800 280 1500  14
7 3 2 85 2 0,25 0,5 0,8 1 0 3100 310 1500  14
8 6 2 80 1 0,25 0,5 0,8 1 0 1800 180 1500  14
9 5 3 82 2 0,25 0,5 0,8 1 0 1450 145 1500  14
10 9 3 78 3 0,25 0,5 0,8 1 0 1300 130 1500  14
11 2 4 72 2 0,25 0,5 0,8 1 0 1350 135 1500  14
12 1 4 68 3 0,25 0,5 0,8 1 0 1150 115 1500  14
13 3 5 62 8 0,25 0,5 0,5 1 0 1200 120 1500  14
14 1 5 66 6 0,25 0,5 0,5 1 0 1200 120 1500  14
15 9 5 70 2 0,25 0,5 0,5 1 0 1200 120 1500  14
16 9 6 64 9 0,25 0,5 0,5 1 0 2200 220 1500  14
17 3 7 58 6 0,25 0,5 0,5 1 0 2100 210 1500  14
18 7 8 55 2 0,25 0,5 0,5 1 0 2400 240 1500  14
19 2 9 56 1 0,25 0,5 0,5 1 0 1300 130 1500  14
20 6 10 52 4 0,25 0,5 0,5 1 0 1250 125 1500  14
Node nums: [0 1 2 3 4 5 6 7 8 9 10 11 12 13 14 15 16 17 18 19 20]
xx-Data uploaded-xx
	**** start init su array ...
0 [0 0 0 0 0 0 0 0 0 0]
1 [0 0 0 0 0 0 0 0 0 0]
2 [0 0 0 0 0 0 0 0 0 0]
3 [0 0 0 0 0 0 0 0 0 0]
4 [0 0 0 0 0 0 0 0 0 0]
5 [0 0 0 0 0 0 0 0 0 0]
6 [0 0 0 0 0 0 0 0 0 0]
7 [0 0 0 0 0 0 0 0 0 0]
8 [0 0 0 0 0 0 0 0 0 0]
9 [0 0 0 0 0 0 0 0 0 0]
10 [0 0 0 0 0 0 0 0 0 0]
11 [1 1 1 1 1 1 1 1 1 1]
12 [1 1 1 1 1 1 1 1 1 1]
13 [1 1 1 1 1 1 1 1 1 1]
14 [1 1 1 1 1 1 1 1 1 1]
15 [1 1 1 1 1 1 1 1 1 1]
16 [1 1 1 1 1 1 1 1 1 1]
17 [1 1 1 1 1 1 1 1 1 1]
18 [1 1 1 1 1 1 1 1 1 1]
19 [1 1 1 1 1 1 1 1 1 1]
20 [1 1 1 1 1 1 1 1 1 1]
	**** end init su array ...
1 2 1 100 80 0.85 0.92 0.8 (9)9
2 2 0.9 60 75 0.82 0.90 0.9 (9)9
3 1 1.1 80 90 0.88 0.95 0.5 (9)9
4 1 1 80 100 0.86 0.93 0.6 (9)9
5 5 0.6 50 40 0.72 0.78 1.5 (9)9
6 6 0.5 60 45 0.70 0.75 2.0 (9)9
7 7 0.5 80 40 0.68 0.72 2.5 (9)9
8 5 0.3 25 30 0.65 0.70 1.8 (9)9
9 9 0.2 250 15 0.60 0.65 3.5 (9)9
10 1 0.8 30 40 0.80 0.88 0.7 (9)9

<<< generate

Version identifier: 20.1.0.0 | 2020-11-10 | 9bedb6d68
CPXPARAM_Preprocessing_Presolve                  0
CPXPARAM_TimeLimit                               300
Clique table members: 100.
MIP emphasis: balance optimality and feasibility.
MIP search method: dynamic search.
Parallel mode: deterministic, using up to 20 threads.
Root relaxation solution time = 0,01 sec. (16,32 ticks)

        Nodes                                         Cuts/
   Node  Left     Objective  IInf  Best Integer    Best Bound    ItCnt     Gap

      0     0   1,01119e+07   152                 1,01119e+07      393         
      0     0   1,19836e+07   183                   Cuts: 226      592         
      0     0   1,29015e+07   176                   Cuts: 169      722         
      0     0   1,32344e+07   193                   Cuts: 110      793         
      0     0   1,34233e+07   189                    Cuts: 79      846         
      0     0   1,35153e+07   178                    Cuts: 66      898         
      0     0   1,35411e+07   171                    Cuts: 48      932         
      0     0   1,35637e+07   203                    Cuts: 45      960         
      0     0   1,35875e+07   174                    Cuts: 40     1000         
      0     0   1,35995e+07   195                    Cuts: 33     1026         
      0     0   1,36014e+07   193                    Cuts: 23     1039         
      0     0   1,36120e+07   197                    Cuts: 24     1057         
      0     0   1,36207e+07   201                    Cuts: 18     1066         
      0     0   1,36289e+07   203                    Cuts: 19     1076         
      0     0   1,36454e+07   183                    Cuts: 16     1088         
      0     0   1,36486e+07   195                    Cuts: 27     1106         
      0     0   1,36581e+07   188                    Cuts: 14     1112         
      0     0   1,36655e+07   199                    Cuts: 10     1119         
      0     0   1,36775e+07   173                    Cuts: 17     1130         
      0     0   1,36827e+07   169                    Cuts: 13     1140         
      0     0   1,36893e+07   171                    Cuts: 10     1150         
      0     0   1,36918e+07   175                    Cuts: 10     1159         
      0     0   1,36991e+07   177                    Cuts: 14     1164         
      0     0   1,37008e+07   175                     Cuts: 9     1169         
*     0+    0                       2,88868e+07   1,37008e+07            52,57%
*     0+    0                       2,88268e+07   1,37008e+07            52,47%
*     0+    0                       2,88267e+07   1,38054e+07            52,11%
Detecting symmetries...
      0     2   1,37011e+07   175   2,88267e+07   1,38054e+07     1169   52,11%
Elapsed time = 0,63 sec. (652,04 ticks, tree = 0,02 MB, solutions = 3)
*     4+    1                       2,83235e+07   1,40518e+07            50,39%
*    13+    3                       2,83233e+07   1,40518e+07            50,39%
   1602  1051   1,77476e+07   103   2,83233e+07   1,58458e+07    20010   44,05%
*  3475  1829      integral     0   2,81947e+07   1,64708e+07    49661   41,58%
   4237  1985   2,18422e+07    54   2,81947e+07   1,66792e+07    65270   40,84%
*  4905+ 2232                       2,76898e+07   1,68417e+07            39,18%
   6504  2488    infeasible         2,76898e+07   1,72825e+07   126185   37,59%
*  6825  2527      integral     0   2,58394e+07   1,73841e+07   136385   32,72%
*  8020+ 2525                       2,58383e+07   1,80136e+07            30,28%
   8655  2545   2,03196e+07    91   2,58383e+07   1,83047e+07   192815   29,16%
* 10129+ 2707                       2,13154e+07   1,88986e+07            11,34%
  10838  1669        cutoff         2,13154e+07   1,93752e+07   266879    9,10%
* 11298+ 1568                       2,13153e+07   1,96136e+07             7,98%
  13570   310   2,10957e+07    28   2,13153e+07   2,09256e+07   311758    1,83%

Cover cuts applied:  23
Implied bound cuts applied:  231
Flow cuts applied:  8
Mixed integer rounding cuts applied:  65
Zero-half cuts applied:  49
Lift and project cuts applied:  22
Gomory fractional cuts applied:  29

Root node processing (before b&c):
  Real time             =    0,61 sec. (650,67 ticks)
Parallel b&c, 20 threads:
  Real time             =    1,69 sec. (1466,49 ticks)
  Sync time (average)   =    0,69 sec.
  Wait time (average)   =    0,00 sec.
                          ------------
Total (root+branch&cut) =    2,30 sec. (2117,16 ticks)

<<< solve


OBJECTIVE: 2.131528e+7
xxxx
#Result <fct_obj, tot_cost, DIO, WIP, Emiss>: <2.1315e+7 2.4019e+5 216 5.3764e+5 2.1315e+7 33872 2.0632e+5 0>#CS:240192.3#DIO:216#WIP:537640#E: 21315275#A:[1,9,22,17,8,12,18,15,18,8,9,3,2,10,10,10,10,12,12,3,7]#X:[0,1,1,1,1,1,0,0,0,0,0,0,0,0,0,0,0,0,0,0,1]#DELIVER:
S3=>P11
S4=>P11
S10=>P11
S4=>P12
S10=>P12
S6=>P13
S7=>P13
S8=>P13
S9=>P14
S3=>P15
S10=>P15
S3=>P16
S4=>P16
S10=>P16
S9=>P17
S5=>P18
S8=>P18
S10=>P19
S4=>P20
xxxx

<<< post process


<<< done


)
