Array
(
    [CplexRunTime] => Total (root+branch&cut) =    0,83 sec
    [status] => INFEASIBLE
    [termination_reason] => INFEASIBLE
    [mip_gap] => 
    [Result] => Array
        (
            [Objective] => 21315000
            [TotalCost] => 240200
            [DIO] => 216
            [WIP] => 537640
            [Emissions] => 0
        )

    [CS] => 240200.5
    [DIO] => 216
    [WIP] => 537640
    [E] => 21315255
    [A] => Array
        (
            [0] => 1
            [1] => 9
            [2] => 22
            [3] => 17
            [4] => 8
            [5] => 12
            [6] => 18
            [7] => 15
            [8] => 18
            [9] => 8
            [10] => 9
            [11] => 3
            [12] => 2
            [13] => 10
            [14] => 10
            [15] => 10
            [16] => 10
            [17] => 12
            [18] => 12
            [19] => 3
            [20] => 7
        )

    [X] => Array
        (
            [0] => 0
            [1] => 1
            [2] => 1
            [3] => 1
            [4] => 1
            [5] => 1
            [6] => 0
            [7] => 0
            [8] => 0
            [9] => 0
            [10] => 0
            [11] => 0
            [12] => 0
            [13] => 0
            [14] => 0
            [15] => 0
            [16] => 0
            [17] => 0
            [18] => 0
            [19] => 0
            [20] => 1
        )

    [DELIVER] => Array
        (
            [0] => S4=>P11
            [1] => S10=>P11
            [2] => S3=>P12
            [3] => S4=>P12
            [4] => S10=>P12
            [5] => S6=>P13
            [6] => S7=>P13
            [7] => S8=>P13
            [8] => S9=>P14
            [9] => S3=>P15
            [10] => S4=>P15
            [11] => S10=>P15
            [12] => S3=>P16
            [13] => S4=>P16
            [14] => S10=>P16
            [15] => S9=>P17
            [16] => S5=>P18
            [17] => S8=>P18
            [18] => S10=>P19
            [19] => S4=>P20
        )

    [_raw_output] => 
<<< setup

0 0 -1 0 1 0,25 0,5 0,8 1 0 0 0 0  14
1 9 0 1200 1 0,25 0,5 0,8 1 0 8000 800 1500  14
2 4 1 140 1 0,25 0,5 0,8 1 0 4000 500 1500  14
3 8 1 290 1 0,25 0,5 0,8 1 0 6000 600 1500  14
4 5 1 120 3 0,25 0,5 0,8 1 0 3200 320 1500  14
5 2 1 95 2 0,25 0,5 0,8 1 0 2600 260 1500  14
6 8 2 90 3 0,25 0,5 0,8 1 0 2800 280 1500  14
7 3 2 85 2 0,25 0,5 0,8 1 0 3100 310 1500  14
8 6 2 80 1 0,25 0,5 0,8 1 0 1800 180 1500  14
9 5 3 82 2 0,25 0,5 0,8 1 0 1450 145 1500  14
10 9 3 78 3 0,25 0,5 0,8 1 0 1300 130 1500  14
11 2 4 72 2 0,25 0,5 0,8 1 0 1350 135 1500  14
12 1 4 68 3 0,25 0,5 0,8 1 0 1150 115 1500  14
13 3 5 62 8 0,25 0,5 0,5 1 0 1200 120 1500  14
14 1 5 66 6 0,25 0,5 0,5 1 0 1200 120 1500  14
15 9 5 70 2 0,25 0,5 0,5 1 0 1200 120 1500  14
16 9 6 64 9 0,25 0,5 0,5 1 0 2200 220 1500  14
17 3 7 58 6 0,25 0,5 0,5 1 0 2100 210 1500  14
18 7 8 55 2 0,25 0,5 0,5 1 0 2400 240 1500  14
19 2 9 56 1 0,25 0,5 0,5 1 0 1300 130 1500  14
20 6 10 52 4 0,25 0,5 0,5 1 0 1250 125 1500  14
Node nums: [0 1 2 3 4 5 6 7 8 9 10 11 12 13 14 15 16 17 18 19 20]
xx-Data uploaded-xx
	**** start init su array ...
0 [0 0 0 0 0 0 0 0 0 0]
1 [0 0 0 0 0 0 0 0 0 0]
2 [0 0 0 0 0 0 0 0 0 0]
3 [0 0 0 0 0 0 0 0 0 0]
4 [0 0 0 0 0 0 0 0 0 0]
5 [0 0 0 0 0 0 0 0 0 0]
6 [0 0 0 0 0 0 0 0 0 0]
7 [0 0 0 0 0 0 0 0 0 0]
8 [0 0 0 0 0 0 0 0 0 0]
9 [0 0 0 0 0 0 0 0 0 0]
10 [0 0 0 0 0 0 0 0 0 0]
11 [1 1 1 1 1 1 1 1 1 1]
12 [1 1 1 1 1 1 1 1 1 1]
13 [1 1 1 1 1 1 1 1 1 1]
14 [1 1 1 1 1 1 1 1 1 1]
15 [1 1 1 1 1 1 1 1 1 1]
16 [1 1 1 1 1 1 1 1 1 1]
17 [1 1 1 1 1 1 1 1 1 1]
18 [1 1 1 1 1 1 1 1 1 1]
19 [1 1 1 1 1 1 1 1 1 1]
20 [1 1 1 1 1 1 1 1 1 1]
	**** end init su array ...
1 2 1 100 80 0.85 0.92 0.8 (9)9
2 2 0.9 60 75 0.82 0.90 0.9 (9)9
3 1 1.1 80 90 0.88 0.95 0.5 (9)9
4 1 1 80 100 0.86 0.93 0.6 (9)9
5 5 0.6 50 40 0.72 0.78 1.5 (9)9
6 6 0.5 60 45 0.70 0.75 2.0 (9)9
7 7 0.5 80 40 0.68 0.72 2.5 (9)9
8 5 0.3 25 30 0.65 0.70 1.8 (9)9
9 9 0.2 250 15 0.60 0.65 3.5 (9)9
10 1 0.8 30 40 0.80 0.88 0.7 (9)9

<<< generate

Version identifier: 20.1.0.0 | 2020-11-10 | 9bedb6d68
CPXPARAM_TimeLimit                               300
Tried aggregator 2 times.
MIP Presolve eliminated 3038 rows and 333 columns.
MIP Presolve modified 373 coefficients.
Aggregator did 2 substitutions.
Reduced MIP has 697 rows, 358 columns, and 1910 nonzeros.
Reduced MIP has 119 binaries, 239 generals, 0 SOSs, and 0 indicators.
Presolve time = 0,02 sec. (3,53 ticks)
Probing fixed 0 vars, tightened 203 bounds.
Probing time = 0,00 sec. (0,61 ticks)
Cover probing fixed 0 vars, tightened 10 bounds.
Tried aggregator 1 time.
Detecting symmetries...
MIP Presolve eliminated 30 rows and 0 columns.
MIP Presolve modified 325 coefficients.
Reduced MIP has 667 rows, 358 columns, and 1850 nonzeros.
Reduced MIP has 119 binaries, 239 generals, 0 SOSs, and 0 indicators.
Presolve time = 0,00 sec. (1,27 ticks)
Probing fixed 0 vars, tightened 7 bounds.
Probing time = 0,00 sec. (0,29 ticks)
Clique table members: 1.
MIP emphasis: balance optimality and feasibility.
MIP search method: dynamic search.
Parallel mode: deterministic, using up to 20 threads.
Root relaxation solution time = 0,00 sec. (3,14 ticks)

        Nodes                                         Cuts/
   Node  Left     Objective  IInf  Best Integer    Best Bound    ItCnt     Gap

      0     0   1,33627e+07   152                 1,33627e+07      180         
      0     0   1,38786e+07   119                   Cuts: 136      318         
      0     0   1,42747e+07   165                    Cuts: 80      403         
      0     0   1,43652e+07   159                    Cuts: 54      451         
      0     0   1,44125e+07   159                    Cuts: 33      479         
      0     0   1,44199e+07   162                    Cuts: 34      498         
Detecting symmetries...
      0     0   1,44432e+07   167                 MIRcuts: 11      533         
      0     0   1,44517e+07   177                    Cuts: 19      550         
      0     0   1,44523e+07   177                     Cuts: 8      556         
      0     0   1,44602e+07   175                     Cuts: 7      563         
      0     0   1,44883e+07   176                    Cuts: 13      571         
      0     0   1,45078e+07   156                    Cuts: 11      582         
      0     0   1,45239e+07   158                    Cuts: 13      594         
      0     0   1,45361e+07   175                     Cuts: 9      600         
      0     0   1,45527e+07   163                    Cuts: 13      615         
      0     0   1,45632e+07   169                    Cuts: 13      627         
      0     0   1,45651e+07   173                     Cuts: 7      639         
Detecting symmetries...
      0     2   1,45651e+07   173                 1,48920e+07      639         
Elapsed time = 0,25 sec. (169,10 ticks, tree = 0,02 MB, solutions = 0)
   4496  1300    infeasible                       1,78052e+07   123608         
*  5801+ 1307                       2,48821e+07   1,84392e+07            25,89%
*  7150+ 1188                       2,14598e+07   1,90759e+07            11,11%
*  8314+   87                       2,14596e+07   2,08495e+07             2,84%
*  8347+  315                       2,14588e+07   2,08495e+07             2,84%
*  8426+   41                       2,13156e+07   2,08495e+07             2,19%
*  8570+   30                       2,13153e+07   2,10507e+07             1,24%

Cover cuts applied:  25
Implied bound cuts applied:  159
Flow cuts applied:  9
Mixed integer rounding cuts applied:  47
Zero-half cuts applied:  22
Lift and project cuts applied:  44
Gomory fractional cuts applied:  24

Root node processing (before b&c):
  Real time             =    0,22 sec. (168,74 ticks)
Parallel b&c, 20 threads:
  Real time             =    0,61 sec. (447,78 ticks)
  Sync time (average)   =    0,21 sec.
  Wait time (average)   =    0,00 sec.
                          ------------
Total (root+branch&cut) =    0,83 sec. (616,51 ticks)

<<< solve


OBJECTIVE: 2.131526e+7
xxxx
#Result <fct_obj, tot_cost, DIO, WIP, Emiss>: <2.1315e+7 2.402e+5 216 5.3764e+5 2.1315e+7 33881 2.0632e+5 0>#CS:240200.5#DIO:216#WIP:537640#E: 21315255#A:[1,9,22,17,8,12,18,15,18,8,9,3,2,10,10,10,10,12,12,3,7]#X:[0,1,1,1,1,1,0,0,0,0,0,0,0,0,0,0,0,0,0,0,1]#DELIVER:
S4=>P11
S10=>P11
S3=>P12
S4=>P12
S10=>P12
S6=>P13
S7=>P13
S8=>P13
S9=>P14
S3=>P15
S4=>P15
S10=>P15
S3=>P16
S4=>P16
S10=>P16
S9=>P17
S5=>P18
S8=>P18
S10=>P19
S4=>P20
xxxx

<<< post process


<<< done


)
